
> xpower@6.0.0 test-gas
> REPORT_GAS=true npm test ./test/contracts/XPower.fees.1-thor.test.js


> xpower@6.0.0 test
> hardhat test ./test/contracts/XPower.fees.1-thor.test.js


  XPowerThor
    mint
[FEE] 348773550898120 162282 1658186771
      ✓ should mint for amount=1
[FEE] 338595301405824 158008 1653339744
      ✓ should mint for amount=1
[FEE] 328225082638925 154001 1644403831
      ✓ should mint for amount=1
[FEE] 317836759125668 150245 1632166088
      ✓ should mint for amount=1
[FEE] 307559076438677 146723 1617300066
      ✓ should mint for amount=1
[FEE] 297490266583574 143420 1600380670
      ✓ should mint for amount=1
[FEE] 287706684285808 140324 1581897175
      ✓ should mint for amount=1
[FEE] 278259886407879 137422 1562264604
      ✓ should mint for amount=1
[FEE] 269183282942902 134701 1541833651
      ✓ should mint for amount=1
[FEE] 260499793107514 132150 1520899334
      ✓ should mint for amount=1

·----------------------------------------|---------------------------|-------------|----------------------------·
|          [90mSolc version: 0.8.17[39m          ·  [90mOptimizer enabled: true[39m  ·  [90mRuns: 200[39m  ·  [90mBlock limit: 8000000 gas[39m  │
·········································|···························|·············|·····························
|  [32m[1mMethods[22m[39m                                                                                                      │
···················|·····················|·············|·············|·············|··············|··············
|  [1mContract[22m        ·  [1mMethod[22m             ·  [32mMin[39m        ·  [32mMax[39m        ·  [32mAvg[39m        ·  [1m# calls[22m     ·  [1musd (avg)[22m  │
···················|·····················|·············|·············|·············|··············|··············
|  [90mXPowerThorTest[39m  ·  init               ·          -  ·          -  ·      67353  ·           [90m1[39m  ·          [32m[90m-[32m[39m  │
···················|·····················|·············|·············|·············|··············|··············
|  [90mXPowerThorTest[39m  ·  mint               ·     [36m127296[39m  ·     [31m229524[39m  ·     137529  ·          [90m10[39m  ·          [32m[90m-[32m[39m  │
···················|·····················|·············|·············|·············|··············|··············
|  [90mXPowerThorTest[39m  ·  transferOwnership  ·          -  ·          -  ·      28656  ·           [90m1[39m  ·          [32m[90m-[32m[39m  │
···················|·····················|·············|·············|·············|··············|··············
|  [32m[1mDeployments[22m[39m                           ·                                         ·  [1m% of limit[22m  ·             │
·········································|·············|·············|·············|··············|··············
|  XPowerThorTest                        ·          -  ·          -  ·    3331941  ·      [90m41.6 %[39m  ·          [32m[90m-[32m[39m  │
·----------------------------------------|-------------|-------------|-------------|--------------|-------------·

  10 passing (16s)

