
> xpower@6.0.0 test-gas
> REPORT_GAS=true npm test ./test/contracts/XPower.fees.1-thor.test.js


> xpower@6.0.0 test
> hardhat test ./test/contracts/XPower.fees.1-thor.test.js


  XPowerThor
    mint
[FEE] 348822982083776 162305 1658186771
      ✓ should mint for amount=1
[FEE] 338638165545155 158028 1653339774
      ✓ should mint for amount=1
[FEE] 328265583267899 154020 1644403859
      ✓ should mint for amount=1
[FEE] 317872727923270 150262 1632166119
      ✓ should mint for amount=1
[FEE] 307590524782760 146738 1617300095
      ✓ should mint for amount=1
[FEE] 297521383075534 143435 1600380684
      ✓ should mint for amount=1
[FEE] 287737441191807 140339 1581897188
      ✓ should mint for amount=1
[FEE] 278286213110321 137435 1562264624
      ✓ should mint for amount=1
[FEE] 269209264977368 134714 1541833669
      ✓ should mint for amount=1
[FEE] 260525422524172 132163 1520899353
      ✓ should mint for amount=1
[FEE] 252245992854082 129771 1499708590
      ✓ should mint for amount=1
[FEE] 244376968199980 127529 1478466787
      ✓ should mint for amount=1
[FEE] 236915097038702 125427 1457343593
      ✓ should mint for amount=1
[FEE] 229853382412054 123456 1436477910
      ✓ should mint for amount=1
[FEE] 223184111041761 121609 1415982253
      ✓ should mint for amount=1

·----------------------------------------|---------------------------|-------------|----------------------------·
|          [90mSolc version: 0.8.17[39m          ·  [90mOptimizer enabled: true[39m  ·  [90mRuns: 200[39m  ·  [90mBlock limit: 8000000 gas[39m  │
·········································|···························|·············|·····························
|  [32m[1mMethods[22m[39m                                                                                                      │
···················|·····················|·············|·············|·············|··············|··············
|  [1mContract[22m        ·  [1mMethod[22m             ·  [32mMin[39m        ·  [32mMax[39m        ·  [32mAvg[39m        ·  [1m# calls[22m     ·  [1musd (avg)[22m  │
···················|·····················|·············|·············|·············|··············|··············
|  [90mXPowerThorTest[39m  ·  init               ·          -  ·          -  ·      67353  ·           [90m1[39m  ·          [32m[90m-[32m[39m  │
···················|·····················|·············|·············|·············|··············|··············
|  [90mXPowerThorTest[39m  ·  mint               ·     [36m127291[39m  ·     [31m229547[39m  ·     134124  ·          [90m15[39m  ·          [32m[90m-[32m[39m  │
···················|·····················|·············|·············|·············|··············|··············
|  [90mXPowerThorTest[39m  ·  transferOwnership  ·          -  ·          -  ·      28656  ·           [90m1[39m  ·          [32m[90m-[32m[39m  │
···················|·····················|·············|·············|·············|··············|··············
|  [32m[1mDeployments[22m[39m                           ·                                         ·  [1m% of limit[22m  ·             │
·········································|·············|·············|·············|··············|··············
|  XPowerThorTest                        ·          -  ·          -  ·    3331941  ·      [90m41.6 %[39m  ·          [32m[90m-[32m[39m  │
·----------------------------------------|-------------|-------------|-------------|--------------|-------------·

  15 passing (11s)

