
> xpower@6.0.0 test-gas
> REPORT_GAS=true npm test ./test/contracts/XPower.fees.1-thor.test.js


> xpower@6.0.0 test
> hardhat test ./test/contracts/XPower.fees.1-thor.test.js


  XPowerThor
    mint
[FEE] 348784296808045 162287 1658186771
      ✓ should mint for amount=1
[FEE] 338606014061291 158013 1653339735
      ✓ should mint for amount=1
[FEE] 328233601922195 154005 1644403801
      ✓ should mint for amount=1
[FEE] 317843094005631 150248 1632166029
      ✓ should mint for amount=1
[FEE] 307565347318399 146726 1617299973
      ✓ should mint for amount=1
[FEE] 297498539640595 143424 1600380541
      ✓ should mint for amount=1
[FEE] 287716907244294 140329 1581897018
      ✓ should mint for amount=1
[FEE] 278267954486694 137426 1562264428
      ✓ should mint for amount=1
[FEE] 269189242629893 134704 1541833448
      ✓ should mint for amount=1
[FEE] 260503695342545 132152 1520899099
      ✓ should mint for amount=1
[FEE] 252226505966132 129761 1499708298
      ✓ should mint for amount=1
[FEE] 244357751856888 127519 1478466461
      ✓ should mint for amount=1
[FEE] 236898039516155 125418 1457343238
      ✓ should mint for amount=1
[FEE] 229838427337016 123448 1436477532
      ✓ should mint for amount=1
[FEE] 223169366550657 121601 1415981857
      ✓ should mint for amount=1
[FEE] 216877893586928 119869 1395946129
      ✓ should mint for amount=1
[FEE] 210952070693760 118246 1376440963
      ✓ should mint for amount=1
[FEE] 205374404052619 116724 1357520538
      ✓ should mint for amount=1
[FEE] 200127863283027 115296 1339225076
      ✓ should mint for amount=1

·----------------------------------------|---------------------------|-------------|----------------------------·
|          [90mSolc version: 0.8.17[39m          ·  [90mOptimizer enabled: true[39m  ·  [90mRuns: 200[39m  ·  [90mBlock limit: 8000000 gas[39m  │
·········································|···························|·············|·····························
|  [32m[1mMethods[22m[39m                                                                                                      │
···················|·····················|·············|·············|·············|··············|··············
|  [1mContract[22m        ·  [1mMethod[22m             ·  [32mMin[39m        ·  [32mMax[39m        ·  [32mAvg[39m        ·  [1m# calls[22m     ·  [1musd (avg)[22m  │
···················|·····················|·············|·············|·············|··············|··············
|  [90mXPowerThorTest[39m  ·  init               ·          -  ·          -  ·      67353  ·           [90m1[39m  ·          [32m[90m-[32m[39m  │
···················|·····················|·············|·············|·············|··············|··············
|  [90mXPowerThorTest[39m  ·  mint               ·     [36m127279[39m  ·     [31m229517[39m  ·     132676  ·          [90m19[39m  ·          [32m[90m-[32m[39m  │
···················|·····················|·············|·············|·············|··············|··············
|  [90mXPowerThorTest[39m  ·  transferOwnership  ·          -  ·          -  ·      28656  ·           [90m1[39m  ·          [32m[90m-[32m[39m  │
···················|·····················|·············|·············|·············|··············|··············
|  [32m[1mDeployments[22m[39m                           ·                                         ·  [1m% of limit[22m  ·             │
·········································|·············|·············|·············|··············|··············
|  XPowerThorTest                        ·          -  ·          -  ·    3331941  ·      [90m41.6 %[39m  ·          [32m[90m-[32m[39m  │
·----------------------------------------|-------------|-------------|-------------|--------------|-------------·

  19 passing (13s)

