
> xpower@6.0.0 test-gas
> REPORT_GAS=true npm test ./test/contracts/XPower.fees.1-thor.test.js


> xpower@6.0.0 test
> hardhat test ./test/contracts/XPower.fees.1-thor.test.js


  XPowerThor
    mint
[FEE] 348812236173851 162300 1658186771
      ✓ should mint for amount=1
[FEE] 338631732339862 158025 1653339752
      ✓ should mint for amount=1
[FEE] 328259183924399 154017 1644403832
      ✓ should mint for amount=1
[FEE] 317868487662104 150260 1632166071
      ✓ should mint for amount=1
[FEE] 307588414900728 146737 1617300023
      ✓ should mint for amount=1
[FEE] 297521367087564 143435 1600380598
      ✓ should mint for amount=1
[FEE] 287737422092948 140339 1581897083
      ✓ should mint for amount=1
[FEE] 278288215878976 137436 1562264500
      ✓ should mint for amount=1
[FEE] 269211239782047 134715 1541833534
      ✓ should mint for amount=1
[FEE] 260527367901393 132164 1520899202
      ✓ should mint for amount=1
[FEE] 252247908374654 129772 1499708422
      ✓ should mint for amount=1
[FEE] 244378853867193 127530 1478466602
      ✓ should mint for amount=1
[FEE] 236916953068430 125428 1457343391
      ✓ should mint for amount=1
[FEE] 229855209673544 123457 1436477694
      ✓ should mint for amount=1
[FEE] 223182239687749 121608 1415982024
      ✓ should mint for amount=1
[FEE] 216890584415091 119876 1395946295
      ✓ should mint for amount=1
[FEE] 210961015880337 118251 1376441127
      ✓ should mint for amount=1
[FEE] 205383225242464 116729 1357520695
      ✓ should mint for amount=1
[FEE] 200138300197426 115302 1339225225
      ✓ should mint for amount=1
[FEE] 195209935280494 113964 1321583135
      ✓ should mint for amount=1
[FEE] 190582870477650 112710 1304612900
      ✓ should mint for amount=1
[FEE] 186239734465004 111534 1288324662
      ✓ should mint for amount=1
[FEE] 182166328395069 110432 1272721621
      ✓ should mint for amount=1
[FEE] 178346714347145 109399 1257801230
      ✓ should mint for amount=1
[FEE] 174765067816255 108430 1243556227
      ✓ should mint for amount=1
[FEE] 171408970849381 107522 1229975520
      ✓ should mint for amount=1
[FEE] 168263011225573 106670 1217044943
      ✓ should mint for amount=1
[FEE] 165316819959088 105872 1204747905
      ✓ should mint for amount=1
[FEE] 162557148207341 105124 1193065943
      ✓ should mint for amount=1
[FEE] 159971119221014 104422 1181979191
      ✓ should mint for amount=1
[FEE] 157549281255913 103764 1171466775
      ✓ should mint for amount=1

·----------------------------------------|---------------------------|-------------|----------------------------·
|          [90mSolc version: 0.8.17[39m          ·  [90mOptimizer enabled: true[39m  ·  [90mRuns: 200[39m  ·  [90mBlock limit: 8000000 gas[39m  │
·········································|···························|·············|·····························
|  [32m[1mMethods[22m[39m                                                                                                      │
···················|·····················|·············|·············|·············|··············|··············
|  [1mContract[22m        ·  [1mMethod[22m             ·  [32mMin[39m        ·  [32mMax[39m        ·  [32mAvg[39m        ·  [1m# calls[22m     ·  [1musd (avg)[22m  │
···················|·····················|·············|·············|·············|··············|··············
|  [90mXPowerThorTest[39m  ·  init               ·          -  ·          -  ·      67353  ·           [90m1[39m  ·          [32m[90m-[32m[39m  │
···················|·····················|·············|·············|·············|··············|··············
|  [90mXPowerThorTest[39m  ·  mint               ·     [36m127279[39m  ·     [31m229530[39m  ·     130597  ·          [90m31[39m  ·          [32m[90m-[32m[39m  │
···················|·····················|·············|·············|·············|··············|··············
|  [90mXPowerThorTest[39m  ·  transferOwnership  ·          -  ·          -  ·      28656  ·           [90m1[39m  ·          [32m[90m-[32m[39m  │
···················|·····················|·············|·············|·············|··············|··············
|  [32m[1mDeployments[22m[39m                           ·                                         ·  [1m% of limit[22m  ·             │
·········································|·············|·············|·············|··············|··············
|  XPowerThorTest                        ·          -  ·          -  ·    3331941  ·      [90m41.6 %[39m  ·          [32m[90m-[32m[39m  │
·----------------------------------------|-------------|-------------|-------------|--------------|-------------·

  31 passing (12s)

