
> xpower@6.0.0 test-gas
> REPORT_GAS=true npm test ./test/contracts/XPower.fees.1-thor.test.js


> xpower@6.0.0 test
> hardhat test ./test/contracts/XPower.fees.1-thor.test.js


  XPowerThor
    mint
[FEE] 348784296808045 162287 1658186771
      ✓ should mint for amount=1
[FEE] 338606017338111 158013 1653339751
      ✓ should mint for amount=1
[FEE] 328235741823155 154006 1644403844
      ✓ should mint for amount=1
[FEE] 317845225235838 150249 1632166110
      ✓ should mint for amount=1
[FEE] 307567465947317 146727 1617300091
      ✓ should mint for amount=1
[FEE] 297500643828594 143425 1600380702
      ✓ should mint for amount=1
[FEE] 287718995014589 140330 1581897224
      ✓ should mint for amount=1
[FEE] 278272048552173 137428 1562264677
      ✓ should mint for amount=1
[FEE] 269195289787019 134707 1541833746
      ✓ should mint for amount=1
[FEE] 260511640265012 132156 1520899449
      ✓ should mint for amount=1
[FEE] 252234348687876 129765 1499708700
      ✓ should mint for amount=1
[FEE] 244365490391152 127523 1478466906
      ✓ should mint for amount=1
[FEE] 236903784473235 125421 1457343720
      ✓ should mint for amount=1
[FEE] 229842232746707 123450 1436478043
      ✓ should mint for amount=1
[FEE] 223171285657842 121602 1415982389
      ✓ should mint for amount=1
[FEE] 216879787395838 119870 1395946673
      ✓ should mint for amount=1
[FEE] 210953939610212 118247 1376441517
      ✓ should mint for amount=1
[FEE] 205376248261105 116725 1357521098
      ✓ should mint for amount=1
[FEE] 200129683041103 115297 1339225638
      ✓ should mint for amount=1
[FEE] 195203145237965 113960 1321583552
      ✓ should mint for amount=1
[FEE] 190576167884179 112706 1304613318
      ✓ should mint for amount=1
[FEE] 186233115534837 111530 1288325079
      ✓ should mint for amount=1
[FEE] 182159789332556 110428 1272722035
      ✓ should mint for amount=1
[FEE] 178338621133557 109394 1257801639
      ✓ should mint for amount=1
[FEE] 174757065420287 108425 1243556629
      ✓ should mint for amount=1
[FEE] 171401054736158 107517 1229975913
      ✓ should mint for amount=1
[FEE] 168255177092721 106665 1217045326
      ✓ should mint for amount=1
[FEE] 165309063749138 105867 1204748278
      ✓ should mint for amount=1
[FEE] 162549465842247 105119 1193066305
      ✓ should mint for amount=1
[FEE] 159965038853802 104418 1181979542
      ✓ should mint for amount=1
[FEE] 157543253610759 103760 1171467115
      ✓ should mint for amount=1
[FEE] 155276497307039 103144 1161507479
      ✓ should mint for amount=1
[FEE] 153152930609541 102566 1152078700
      ✓ should mint for amount=1
[FEE] 151164082886338 102024 1143158688
      ✓ should mint for amount=1
[FEE] 149300319461174 101515 1134725390
      ✓ should mint for amount=1
[FEE] 147556733137679 101039 1126756953
      ✓ should mint for amount=1

·----------------------------------------|---------------------------|-------------|----------------------------·
|          [90mSolc version: 0.8.17[39m          ·  [90mOptimizer enabled: true[39m  ·  [90mRuns: 200[39m  ·  [90mBlock limit: 8000000 gas[39m  │
·········································|···························|·············|·····························
|  [32m[1mMethods[22m[39m                                                                                                      │
···················|·····················|·············|·············|·············|··············|··············
|  [1mContract[22m        ·  [1mMethod[22m             ·  [32mMin[39m        ·  [32mMax[39m        ·  [32mAvg[39m        ·  [1m# calls[22m     ·  [1musd (avg)[22m  │
···················|·····················|·············|·············|·············|··············|··············
|  [90mXPowerThorTest[39m  ·  init               ·          -  ·          -  ·      67353  ·           [90m1[39m  ·          [32m[90m-[32m[39m  │
···················|·····················|·············|·············|·············|··············|··············
|  [90mXPowerThorTest[39m  ·  mint               ·     [36m127291[39m  ·     [31m229529[39m  ·     130150  ·          [90m36[39m  ·          [32m[90m-[32m[39m  │
···················|·····················|·············|·············|·············|··············|··············
|  [90mXPowerThorTest[39m  ·  transferOwnership  ·          -  ·          -  ·      28656  ·           [90m1[39m  ·          [32m[90m-[32m[39m  │
···················|·····················|·············|·············|·············|··············|··············
|  [32m[1mDeployments[22m[39m                           ·                                         ·  [1m% of limit[22m  ·             │
·········································|·············|·············|·············|··············|··············
|  XPowerThorTest                        ·          -  ·          -  ·    3331941  ·      [90m41.6 %[39m  ·          [32m[90m-[32m[39m  │
·----------------------------------------|-------------|-------------|-------------|--------------|-------------·

  36 passing (14s)

