
> xpower@6.0.0 test-gas
> REPORT_GAS=true npm test ./test/contracts/XPower.fees.1-thor.test.js


> xpower@6.0.0 test
> hardhat test ./test/contracts/XPower.fees.1-thor.test.js


  XPowerThor
    mint
[FEE] 348784296808045 162287 1658186771
      ✓ should mint for amount=1
[FEE] 338606017338111 158013 1653339751
      ✓ should mint for amount=1
[FEE] 328235741823155 154006 1644403844
      ✓ should mint for amount=1
[FEE] 317843109779327 150248 1632166110
      ✓ should mint for amount=1
[FEE] 307563271288050 146725 1617300079
      ✓ should mint for amount=1
[FEE] 297494414358583 143422 1600380666
      ✓ should mint for amount=1
[FEE] 287710781071907 140326 1581897154
      ✓ should mint for amount=1
[FEE] 278263929887650 137424 1562264569
      ✓ should mint for amount=1
[FEE] 269189269865988 134704 1541833604
      ✓ should mint for amount=1
[FEE] 260507668831037 132154 1520899280
      ✓ should mint for amount=1
[FEE] 252230429344719 129763 1499708511
      ✓ should mint for amount=1
[FEE] 244361624181132 127521 1478466702
      ✓ should mint for amount=1
[FEE] 236901860329730 125420 1457343503
      ✓ should mint for amount=1
[FEE] 229842196905811 123450 1436477819
      ✓ should mint for amount=1
[FEE] 223173085140343 121603 1415982162
      ✓ should mint for amount=1
[FEE] 216881561885651 119871 1395946449
      ✓ should mint for amount=1
[FEE] 210955689750306 118248 1376441296
      ✓ should mint for amount=1
[FEE] 205377974919491 116726 1357520881
      ✓ should mint for amount=1
[FEE] 200133122910508 115299 1339225426
      ✓ should mint for amount=1
[FEE] 195204828015401 113961 1321583348
      ✓ should mint for amount=1
[FEE] 190576139398840 112706 1304613123
      ✓ should mint for amount=1
[FEE] 186233088358602 111530 1288324891
      ✓ should mint for amount=1
[FEE] 182159763426725 110428 1272721854
      ✓ should mint for amount=1
[FEE] 178340226703913 109395 1257801465
      ✓ should mint for amount=1
[FEE] 174757042092300 108425 1243556463
      ✓ should mint for amount=1
[FEE] 171401032579003 107517 1229975754
      ✓ should mint for amount=1
[FEE] 168253578662153 106664 1217045174
      ✓ should mint for amount=1
[FEE] 165307482237312 105866 1204748132
      ✓ should mint for amount=1
[FEE] 162547900566720 105118 1193066166
      ✓ should mint for amount=1
[FEE] 159961956918304 104416 1181979409
      ✓ should mint for amount=1
[FEE] 157538681368806 103757 1171466987
      ✓ should mint for amount=1
[FEE] 155271964695532 103141 1161507357
      ✓ should mint for amount=1
[FEE] 153148435416117 102563 1152078583
      ✓ should mint for amount=1
[FEE] 151159623120036 102021 1143158576
      ✓ should mint for amount=1
[FEE] 149297363939517 101513 1134725283
      ✓ should mint for amount=1
[FEE] 147553799123603 101037 1126756852
      ✓ should mint for amount=1
[FEE] 145919918481021 100590 1119231758
      ✓ should mint for amount=1

·----------------------------------------|---------------------------|-------------|----------------------------·
|          [90mSolc version: 0.8.17[39m          ·  [90mOptimizer enabled: true[39m  ·  [90mRuns: 200[39m  ·  [90mBlock limit: 8000000 gas[39m  │
·········································|···························|·············|·····························
|  [32m[1mMethods[22m[39m                                                                                                      │
···················|·····················|·············|·············|·············|··············|··············
|  [1mContract[22m        ·  [1mMethod[22m             ·  [32mMin[39m        ·  [32mMax[39m        ·  [32mAvg[39m        ·  [1m# calls[22m     ·  [1musd (avg)[22m  │
···················|·····················|·············|·············|·············|··············|··············
|  [90mXPowerThorTest[39m  ·  init               ·          -  ·          -  ·      67353  ·           [90m1[39m  ·          [32m[90m-[32m[39m  │
···················|·····················|·············|·············|·············|··············|··············
|  [90mXPowerThorTest[39m  ·  mint               ·     [36m127291[39m  ·     [31m229529[39m  ·     130071  ·          [90m37[39m  ·          [32m[90m-[32m[39m  │
···················|·····················|·············|·············|·············|··············|··············
|  [90mXPowerThorTest[39m  ·  transferOwnership  ·          -  ·          -  ·      28656  ·           [90m1[39m  ·          [32m[90m-[32m[39m  │
···················|·····················|·············|·············|·············|··············|··············
|  [32m[1mDeployments[22m[39m                           ·                                         ·  [1m% of limit[22m  ·             │
·········································|·············|·············|·············|··············|··············
|  XPowerThorTest                        ·          -  ·          -  ·    3331941  ·      [90m41.6 %[39m  ·          [32m[90m-[32m[39m  │
·----------------------------------------|-------------|-------------|-------------|--------------|-------------·

  37 passing (14s)

