
> xpower@6.0.0 test-gas
> REPORT_GAS=true npm test ./test/contracts/XPower.fees.1-thor.test.js


> xpower@6.0.0 test
> hardhat test ./test/contracts/XPower.fees.1-thor.test.js


  XPowerThor
    mint
[FEE] 348812236173851 162300 1658186771
      ✓ should mint for amount=1
[FEE] 338631735412114 158025 1653339767
      ✓ should mint for amount=1
[FEE] 328259192108901 154017 1644403873
      ✓ should mint for amount=1
[FEE] 317868502073791 150260 1632166145
      ✓ should mint for amount=1
[FEE] 307588436201601 146737 1617300135
      ✓ should mint for amount=1
[FEE] 297517246640691 143433 1600380749
      ✓ should mint for amount=1
[FEE] 287733353864321 140337 1581897261
      ✓ should mint for amount=1
[FEE] 278284202859939 137434 1562264706
      ✓ should mint for amount=1
[FEE] 269207283362861 134713 1541833765
      ✓ should mint for amount=1
[FEE] 260523469095664 132162 1520899457
      ✓ should mint for amount=1
[FEE] 252244067577742 129770 1499708700
      ✓ should mint for amount=1
[FEE] 244373154219758 127527 1478466899
      ✓ should mint for amount=1
[FEE] 236911337021353 125425 1457343702
      ✓ should mint for amount=1
[FEE] 229851537708862 123455 1436478017
      ✓ should mint for amount=1
[FEE] 223182292331685 121608 1415982358
      ✓ should mint for amount=1
[FEE] 216890638329080 119876 1395946642
      ✓ should mint for amount=1
[FEE] 210962854913554 118252 1376441486
      ✓ should mint for amount=1
[FEE] 205385040860182 116730 1357521066
      ✓ should mint for amount=1
[FEE] 200138356985898 115302 1339225605
      ✓ should mint for amount=1
[FEE] 195208279091542 113963 1321583519
      ✓ should mint for amount=1
[FEE] 190581235659761 112709 1304613284
      ✓ should mint for amount=1
[FEE] 186238119883945 111533 1288325044
      ✓ should mint for amount=1
[FEE] 182163083339362 110430 1272721999
      ✓ should mint for amount=1
[FEE] 178341876511848 109396 1257801603
      ✓ should mint for amount=1
[FEE] 174760283917772 108427 1243556593
      ✓ should mint for amount=1
[FEE] 171404238211334 107519 1229975878
      ✓ should mint for amount=1
[FEE] 168259904642924 106668 1217045292
      ✓ should mint for amount=1
[FEE] 165313743656977 105870 1204748245
      ✓ should mint for amount=1
[FEE] 162552554293838 105121 1193066274
      ✓ should mint for amount=1
[FEE] 159968098729709 104420 1181979512
      ✓ should mint for amount=1
[FEE] 157546286396347 103762 1171467086
      ✓ should mint for amount=1
[FEE] 155277999131625 103145 1161507452
      ✓ should mint for amount=1
[FEE] 153154420366616 102567 1152078674
      ✓ should mint for amount=1
[FEE] 151164079580496 102024 1143158663
      ✓ should mint for amount=1
[FEE] 149301787025128 101516 1134725366
      ✓ should mint for amount=1
[FEE] 147558190519477 101040 1126756930
      ✓ should mint for amount=1
[FEE] 145925730690785 100594 1119231832
      ✓ should mint for amount=1
[FEE] 144395698258833 100175 1112128982
      ✓ should mint for amount=1

·----------------------------------------|---------------------------|-------------|----------------------------·
|          [90mSolc version: 0.8.17[39m          ·  [90mOptimizer enabled: true[39m  ·  [90mRuns: 200[39m  ·  [90mBlock limit: 8000000 gas[39m  │
·········································|···························|·············|·····························
|  [32m[1mMethods[22m[39m                                                                                                      │
···················|·····················|·············|·············|·············|··············|··············
|  [1mContract[22m        ·  [1mMethod[22m             ·  [32mMin[39m        ·  [32mMax[39m        ·  [32mAvg[39m        ·  [1m# calls[22m     ·  [1musd (avg)[22m  │
···················|·····················|·············|·············|·············|··············|··············
|  [90mXPowerThorTest[39m  ·  init               ·          -  ·          -  ·      67353  ·           [90m1[39m  ·          [32m[90m-[32m[39m  │
···················|·····················|·············|·············|·············|··············|··············
|  [90mXPowerThorTest[39m  ·  mint               ·     [36m127296[39m  ·     [31m229542[39m  ·     130000  ·          [90m38[39m  ·          [32m[90m-[32m[39m  │
···················|·····················|·············|·············|·············|··············|··············
|  [90mXPowerThorTest[39m  ·  transferOwnership  ·          -  ·          -  ·      28656  ·           [90m1[39m  ·          [32m[90m-[32m[39m  │
···················|·····················|·············|·············|·············|··············|··············
|  [32m[1mDeployments[22m[39m                           ·                                         ·  [1m% of limit[22m  ·             │
·········································|·············|·············|·············|··············|··············
|  XPowerThorTest                        ·          -  ·          -  ·    3331941  ·      [90m41.6 %[39m  ·          [32m[90m-[32m[39m  │
·----------------------------------------|-------------|-------------|-------------|--------------|-------------·

  38 passing (13s)

