
> xpower@6.0.0 test-gas
> REPORT_GAS=true npm test ./test/contracts/XPower.fees.1-thor.test.js


> xpower@6.0.0 test
> hardhat test ./test/contracts/XPower.fees.1-thor.test.js


  XPowerThor
    mint
[FEE] 348812236173851 162300 1658186771
      ✓ should mint for amount=1
[FEE] 338631735412114 158025 1653339767
      ✓ should mint for amount=1
[FEE] 328259192108901 154017 1644403873
      ✓ should mint for amount=1
[FEE] 317868502073791 150260 1632166145
      ✓ should mint for amount=1
[FEE] 307586340012936 146736 1617300135
      ✓ should mint for amount=1
[FEE] 297519319041025 143434 1600380739
      ✓ should mint for amount=1
[FEE] 287733352772973 140337 1581897255
      ✓ should mint for amount=1
[FEE] 278282174974730 137433 1562264689
      ✓ should mint for amount=1
[FEE] 269205279399213 134712 1541833733
      ✓ should mint for amount=1
[FEE] 260521490657909 132161 1520899415
      ✓ should mint for amount=1
[FEE] 252244059167973 129770 1499708650
      ✓ should mint for amount=1
[FEE] 244375061540521 127528 1478466845
      ✓ should mint for amount=1
[FEE] 236913217436511 125426 1457343650
      ✓ should mint for amount=1
[FEE] 229849667723942 123454 1436477966
      ✓ should mint for amount=1
[FEE] 223178613143011 121606 1415982303
      ✓ should mint for amount=1
[FEE] 216885201287616 119873 1395946583
      ✓ should mint for amount=1
[FEE] 210959276776347 118250 1376441420
      ✓ should mint for amount=1
[FEE] 205381511293657 116728 1357520996
      ✓ should mint for amount=1
[FEE] 200136610301386 115301 1339225532
      ✓ should mint for amount=1
[FEE] 195208268308868 113963 1321583446
      ✓ should mint for amount=1
[FEE] 190579534519988 112708 1304613214
      ✓ should mint for amount=1
[FEE] 186236440251229 111532 1288324976
      ✓ should mint for amount=1
[FEE] 182163073892866 110430 1272721933
      ✓ should mint for amount=1
[FEE] 178341867437380 109396 1257801539
      ✓ should mint for amount=1
[FEE] 174760275345282 108427 1243556532
      ✓ should mint for amount=1
[FEE] 171404229989343 107519 1229975819
      ✓ should mint for amount=1
[FEE] 168259896762515 106668 1217045235
      ✓ should mint for amount=1
[FEE] 165313736109960 105870 1204748190
      ✓ should mint for amount=1
[FEE] 162552547072709 105121 1193066221
      ✓ should mint for amount=1
[FEE] 159968091827413 104420 1181979461
      ✓ should mint for amount=1
[FEE] 157546279806517 103762 1171467037
      ✓ should mint for amount=1
[FEE] 155277992848354 103145 1161507405
      ✓ should mint for amount=1
[FEE] 153154414517367 102567 1152078630
      ✓ should mint for amount=1
[FEE] 151165555678783 102025 1143158621
      ✓ should mint for amount=1
[FEE] 149303252483795 101517 1134725326
      ✓ should mint for amount=1
[FEE] 147558185543061 101040 1126756892
      ✓ should mint for amount=1
[FEE] 145924275356640 100593 1119231796
      ✓ should mint for amount=1
[FEE] 144395693714532 100175 1112128947
      ✓ should mint for amount=1
[FEE] 142963994522707 99783 1105427773
      ✓ should mint for amount=1
[FEE] 141621038468456 99414 1099108283
      ✓ should mint for amount=1

·----------------------------------------|---------------------------|-------------|----------------------------·
|          [90mSolc version: 0.8.17[39m          ·  [90mOptimizer enabled: true[39m  ·  [90mRuns: 200[39m  ·  [90mBlock limit: 8000000 gas[39m  │
·········································|···························|·············|·····························
|  [32m[1mMethods[22m[39m                                                                                                      │
···················|·····················|·············|·············|·············|··············|··············
|  [1mContract[22m        ·  [1mMethod[22m             ·  [32mMin[39m        ·  [32mMax[39m        ·  [32mAvg[39m        ·  [1m# calls[22m     ·  [1musd (avg)[22m  │
···················|·····················|·············|·············|·············|··············|··············
|  [90mXPowerThorTest[39m  ·  init               ·          -  ·          -  ·      67353  ·           [90m1[39m  ·          [32m[90m-[32m[39m  │
···················|·····················|·············|·············|·············|··············|··············
|  [90mXPowerThorTest[39m  ·  mint               ·     [36m127291[39m  ·     [31m229542[39m  ·     129864  ·          [90m40[39m  ·          [32m[90m-[32m[39m  │
···················|·····················|·············|·············|·············|··············|··············
|  [90mXPowerThorTest[39m  ·  transferOwnership  ·          -  ·          -  ·      28656  ·           [90m1[39m  ·          [32m[90m-[32m[39m  │
···················|·····················|·············|·············|·············|··············|··············
|  [32m[1mDeployments[22m[39m                           ·                                         ·  [1m% of limit[22m  ·             │
·········································|·············|·············|·············|··············|··············
|  XPowerThorTest                        ·          -  ·          -  ·    3331941  ·      [90m41.6 %[39m  ·          [32m[90m-[32m[39m  │
·----------------------------------------|-------------|-------------|-------------|--------------|-------------·

  40 passing (13s)

