
> xpower@6.0.0 test-gas
> REPORT_GAS=true npm test ./test/contracts/XPower.fees.1-thor.test.js


> xpower@6.0.0 test
> hardhat test ./test/contracts/XPower.fees.1-thor.test.js


  XPowerThor
    mint
[FEE] 348784296808045 162287 1658186771
      ✓ should mint for amount=1
[FEE] 338606017338111 158013 1653339751
      ✓ should mint for amount=1
[FEE] 328235741823155 154006 1644403844
      ✓ should mint for amount=1
[FEE] 317845225235838 150249 1632166110
      ✓ should mint for amount=1
[FEE] 307565370519397 146726 1617300095
      ✓ should mint for amount=1
[FEE] 297496493265140 143423 1600380691
      ✓ should mint for amount=1
[FEE] 287712837740381 140327 1581897189
      ✓ should mint for amount=1
[FEE] 278265963828485 137425 1562264620
      ✓ should mint for amount=1
[FEE] 269189281563542 134704 1541833671
      ✓ should mint for amount=1
[FEE] 260507682020004 132154 1520899357
      ✓ should mint for amount=1
[FEE] 252230443472368 129763 1499708595
      ✓ should mint for amount=1
[FEE] 244361639221652 127521 1478466793
      ✓ should mint for amount=1
[FEE] 236899987229379 125419 1457343600
      ✓ should mint for amount=1
[FEE] 229840350921883 123449 1436477918
      ✓ should mint for amount=1
[FEE] 223171265641524 121602 1415982262
      ✓ should mint for amount=1
[FEE] 216877958839242 119869 1395946549
      ✓ should mint for amount=1
[FEE] 210952136595163 118246 1376441393
      ✓ should mint for amount=1
[FEE] 205372710676840 116723 1357520975
      ✓ should mint for amount=1
[FEE] 200127928586372 115296 1339225513
      ✓ should mint for amount=1
[FEE] 195201414161223 113959 1321583429
      ✓ should mint for amount=1
[FEE] 190574459440766 112705 1304613198
      ✓ should mint for amount=1
[FEE] 186231428963789 111529 1288324963
      ✓ should mint for amount=1
[FEE] 182158123579729 110427 1272721922
      ✓ should mint for amount=1
[FEE] 178338605678886 109394 1257801530
      ✓ should mint for amount=1
[FEE] 174757050664633 108425 1243556524
      ✓ should mint for amount=1
[FEE] 171399446624656 107516 1229975813
      ✓ should mint for amount=1
[FEE] 168255163820827 106665 1217045230
      ✓ should mint for amount=1
[FEE] 165309051125394 105867 1204748186
      ✓ should mint for amount=1
[FEE] 162549453852676 105119 1193066217
      ✓ should mint for amount=1
[FEE] 159963495382265 104417 1181979457
      ✓ should mint for amount=1
[FEE] 157543242583094 103760 1171467033
      ✓ should mint for amount=1
[FEE] 155276486879584 103144 1161507401
      ✓ should mint for amount=1
[FEE] 153152920639328 102566 1152078625
      ✓ should mint for amount=1
[FEE] 151164073365513 102024 1143158616
      ✓ should mint for amount=1
[FEE] 149301781104241 101516 1134725321
      ✓ should mint for amount=1
[FEE] 147558185019228 101040 1126756888
      ✓ should mint for amount=1
[FEE] 145925725475575 100594 1119231792
      ✓ should mint for amount=1
[FEE] 144395693325020 100175 1112128944
      ✓ should mint for amount=1
[FEE] 142963994134720 99783 1105427770
      ✓ should mint for amount=1
[FEE] 141622462640196 99415 1099108280
      ✓ should mint for amount=1
[FEE] 140366060047638 99070 1093151113
      ✓ should mint for amount=1
[FEE] 139187146270818 98745 1087537575
      ✓ should mint for amount=1
[FEE] 138085358707318 98442 1082249661
      ✓ should mint for amount=1
[FEE] 137053471719208 98158 1077270072
      ✓ should mint for amount=1
[FEE] 136087282219951 97892 1072582221
      ✓ should mint for amount=1

·----------------------------------------|---------------------------|-------------|----------------------------·
|          [90mSolc version: 0.8.17[39m          ·  [90mOptimizer enabled: true[39m  ·  [90mRuns: 200[39m  ·  [90mBlock limit: 8000000 gas[39m  │
·········································|···························|·············|·····························
|  [32m[1mMethods[22m[39m                                                                                                      │
···················|·····················|·············|·············|·············|··············|··············
|  [1mContract[22m        ·  [1mMethod[22m             ·  [32mMin[39m        ·  [32mMax[39m        ·  [32mAvg[39m        ·  [1m# calls[22m     ·  [1musd (avg)[22m  │
···················|·····················|·············|·············|·············|··············|··············
|  [90mXPowerThorTest[39m  ·  init               ·          -  ·          -  ·      67353  ·           [90m1[39m  ·          [32m[90m-[32m[39m  │
···················|·····················|·············|·············|·············|··············|··············
|  [90mXPowerThorTest[39m  ·  mint               ·     [36m127291[39m  ·     [31m229529[39m  ·     129581  ·          [90m45[39m  ·          [32m[90m-[32m[39m  │
···················|·····················|·············|·············|·············|··············|··············
|  [90mXPowerThorTest[39m  ·  transferOwnership  ·          -  ·          -  ·      28656  ·           [90m1[39m  ·          [32m[90m-[32m[39m  │
···················|·····················|·············|·············|·············|··············|··············
|  [32m[1mDeployments[22m[39m                           ·                                         ·  [1m% of limit[22m  ·             │
·········································|·············|·············|·············|··············|··············
|  XPowerThorTest                        ·          -  ·          -  ·    3331941  ·      [90m41.6 %[39m  ·          [32m[90m-[32m[39m  │
·----------------------------------------|-------------|-------------|-------------|--------------|-------------·

  45 passing (13s)

