
> xpower@6.0.0 test-gas
> REPORT_GAS=true npm test ./test/contracts/XPower.fees.1-thor.test.js


> xpower@6.0.0 test
> hardhat test ./test/contracts/XPower.fees.1-thor.test.js


  XPowerThor
    mint
[FEE] 348784296808045 162287 1658186771
      ✓ should mint for amount=1
[FEE] 338603874438366 158012 1653339751
      ✓ should mint for amount=1
[FEE] 328233606313537 154005 1644403823
      ✓ should mint for amount=1
[FEE] 317843102379322 150248 1632166072
      ✓ should mint for amount=1
[FEE] 307565359869759 146726 1617300039
      ✓ should mint for amount=1
[FEE] 297498557858048 143424 1600380639
      ✓ should mint for amount=1
[FEE] 287712830465247 140327 1581897149
      ✓ should mint for amount=1
[FEE] 278263932203155 137424 1562264582
      ✓ should mint for amount=1
[FEE] 269189273183205 134704 1541833623
      ✓ should mint for amount=1
[FEE] 260507672941884 132154 1520899304
      ✓ should mint for amount=1
[FEE] 252230434053935 129763 1499708539
      ✓ should mint for amount=1
[FEE] 244361628478423 127521 1478466728
      ✓ should mint for amount=1
[FEE] 236898086982137 125418 1457343530
      ✓ should mint for amount=1
[FEE] 229838476777451 123448 1436477841
      ✓ should mint for amount=1
[FEE] 223167582198158 121600 1415982180
      ✓ should mint for amount=1
[FEE] 216877944701240 119869 1395946458
      ✓ should mint for amount=1
[FEE] 210952122035551 118246 1376441298
      ✓ should mint for amount=1
[FEE] 205372696002184 116723 1357520878
      ✓ should mint for amount=1
[FEE] 200127913941686 115296 1339225415
      ✓ should mint for amount=1
[FEE] 195201399686360 113959 1321583331
      ✓ should mint for amount=1
[FEE] 190572754357413 112704 1304613101
      ✓ should mint for amount=1
[FEE] 186231414797581 111529 1288324865
      ✓ should mint for amount=1
[FEE] 182158109696619 110427 1272721825
      ✓ should mint for amount=1
[FEE] 178338592067433 109394 1257801434
      ✓ should mint for amount=1
[FEE] 174757037454809 108425 1243556430
      ✓ should mint for amount=1
[FEE] 171401027980348 107517 1229975721
      ✓ should mint for amount=1
[FEE] 168255151516675 106665 1217045141
      ✓ should mint for amount=1
[FEE] 165309039324938 105867 1204748100
      ✓ should mint for amount=1
[FEE] 162549442680576 105119 1193066135
      ✓ should mint for amount=1
[FEE] 159965016793944 104418 1181979379
      ✓ should mint for amount=1
[FEE] 157543232631299 103760 1171466959
      ✓ should mint for amount=1
[FEE] 155274971953996 103143 1161507330
      ✓ should mint for amount=1
[FEE] 153151418519340 102565 1152078558
      ✓ should mint for amount=1
[FEE] 151162583250545 102023 1143158552
      ✓ should mint for amount=1
[FEE] 149300302488133 101515 1134725261
      ✓ should mint for amount=1
[FEE] 147556717160923 101039 1126756831
      ✓ should mint for amount=1
[FEE] 145921366513900 100591 1119231738
      ✓ should mint for amount=1
[FEE] 144391362400253 100172 1112128893
      ✓ should mint for amount=1
[FEE] 142959689680089 99780 1105427722
      ✓ should mint for amount=1
[FEE] 141618183167147 99412 1099108235
      ✓ should mint for amount=1
[FEE] 140361804014832 99067 1093151070
      ✓ should mint for amount=1
[FEE] 139185731462078 98744 1087537534
      ✓ should mint for amount=1
[FEE] 138082548315820 98440 1082249622
      ✓ should mint for amount=1
[FEE] 137050674631854 98156 1077270036
      ✓ should mint for amount=1
[FEE] 136084497550642 97890 1072582187
      ✓ should mint for amount=1
[FEE] 135178609391292 97640 1068170201
      ✓ should mint for amount=1
[FEE] 134330552450642 97406 1064018909
      ✓ should mint for amount=1
[FEE] 133535260257286 97186 1060113839
      ✓ should mint for amount=1

·----------------------------------------|---------------------------|-------------|----------------------------·
|          [90mSolc version: 0.8.17[39m          ·  [90mOptimizer enabled: true[39m  ·  [90mRuns: 200[39m  ·  [90mBlock limit: 8000000 gas[39m  │
·········································|···························|·············|·····························
|  [32m[1mMethods[22m[39m                                                                                                      │
···················|·····················|·············|·············|·············|··············|··············
|  [1mContract[22m        ·  [1mMethod[22m             ·  [32mMin[39m        ·  [32mMax[39m        ·  [32mAvg[39m        ·  [1m# calls[22m     ·  [1musd (avg)[22m  │
···················|·····················|·············|·············|·············|··············|··············
|  [90mXPowerThorTest[39m  ·  init               ·          -  ·          -  ·      67353  ·           [90m1[39m  ·          [32m[90m-[32m[39m  │
···················|·····················|·············|·············|·············|··············|··············
|  [90mXPowerThorTest[39m  ·  mint               ·     [36m127291[39m  ·     [31m229529[39m  ·     129437  ·          [90m48[39m  ·          [32m[90m-[32m[39m  │
···················|·····················|·············|·············|·············|··············|··············
|  [90mXPowerThorTest[39m  ·  transferOwnership  ·          -  ·          -  ·      28656  ·           [90m1[39m  ·          [32m[90m-[32m[39m  │
···················|·····················|·············|·············|·············|··············|··············
|  [32m[1mDeployments[22m[39m                           ·                                         ·  [1m% of limit[22m  ·             │
·········································|·············|·············|·············|··············|··············
|  XPowerThorTest                        ·          -  ·          -  ·    3331941  ·      [90m41.6 %[39m  ·          [32m[90m-[32m[39m  │
·----------------------------------------|-------------|-------------|-------------|--------------|-------------·

  48 passing (14s)

