
> xpower@6.0.0 test-gas
> REPORT_GAS=true npm test ./test/contracts/XPower.fees.1-thor.test.js


> xpower@6.0.0 test
> hardhat test ./test/contracts/XPower.fees.1-thor.test.js


  XPowerThor
    mint
[FEE] 348812236173851 162300 1658186771
      ✓ should mint for amount=1
[FEE] 338631735412114 158025 1653339767
      ✓ should mint for amount=1
[FEE] 328257059792877 154016 1644403868
      ✓ should mint for amount=1
[FEE] 317864265707681 150258 1632166117
      ✓ should mint for amount=1
[FEE] 307584234124898 146735 1617300084
      ✓ should mint for amount=1
[FEE] 297517233627408 143433 1600380679
      ✓ should mint for amount=1
[FEE] 287733340768147 140337 1581897189
      ✓ should mint for amount=1
[FEE] 278282164287085 137433 1562264629
      ✓ should mint for amount=1
[FEE] 269205269796173 134712 1541833678
      ✓ should mint for amount=1
[FEE] 260521481750603 132161 1520899363
      ✓ should mint for amount=1
[FEE] 252242106980361 129769 1499708600
      ✓ should mint for amount=1
[FEE] 244373137029783 127527 1478466795
      ✓ should mint for amount=1
[FEE] 236911320602408 125425 1457343601
      ✓ should mint for amount=1
[FEE] 229851522187846 123455 1436477920
      ✓ should mint for amount=1
[FEE] 223182277673344 121608 1415982265
      ✓ should mint for amount=1
[FEE] 216888815209524 119875 1395946553
      ✓ should mint for amount=1
[FEE] 210961057262037 118251 1376441397
      ✓ should mint for amount=1
[FEE] 205383268209644 116729 1357520979
      ✓ should mint for amount=1
[FEE] 200138344432657 115302 1339225521
      ✓ should mint for amount=1
[FEE] 195209980184079 113964 1321583439
      ✓ should mint for amount=1
[FEE] 190581224849652 112709 1304613210
      ✓ should mint for amount=1
[FEE] 186238109764861 111533 1288324974
      ✓ should mint for amount=1
[FEE] 182163073892866 110430 1272721933
      ✓ should mint for amount=1
[FEE] 178343497678591 109397 1257801539
      ✓ should mint for amount=1
[FEE] 174761887264020 108428 1243556533
      ✓ should mint for amount=1
[FEE] 171405824444249 107520 1229975821
      ✓ should mint for amount=1
[FEE] 168258319760455 106667 1217045238
      ✓ should mint for amount=1
[FEE] 165312175043043 105869 1204748193
      ✓ should mint for amount=1
[FEE] 162552547481452 105121 1193066224
      ✓ should mint for amount=1
[FEE] 159968092233430 104420 1181979464
      ✓ should mint for amount=1
[FEE] 157546280209976 103762 1171467040
      ✓ should mint for amount=1
[FEE] 155277993249414 103145 1161507408
      ✓ should mint for amount=1
[FEE] 153152921569881 102566 1152078632
      ✓ should mint for amount=1
[FEE] 151164074158915 102024 1143158622
      ✓ should mint for amount=1
[FEE] 149301781893693 101516 1134725327
      ✓ should mint for amount=1
[FEE] 147558185674020 101040 1126756893
      ✓ should mint for amount=1
[FEE] 145925726127476 100594 1119231797
      ✓ should mint for amount=1
[FEE] 144394252409941 100174 1112128948
      ✓ should mint for amount=1
[FEE] 142961129154012 99781 1105427774
      ✓ should mint for amount=1
[FEE] 141619614039010 99413 1099108284
      ✓ should mint for amount=1
[FEE] 140363226886875 99068 1093151117
      ✓ should mint for amount=1
[FEE] 139187146654769 98745 1087537578
      ✓ should mint for amount=1
[FEE] 138085359090091 98442 1082249664
      ✓ should mint for amount=1
[FEE] 137053472100877 98158 1077270075
      ✓ should mint for amount=1
[FEE] 136084502245039 97890 1072582224
      ✓ should mint for amount=1
[FEE] 135178613820597 97640 1068170236
      ✓ should mint for amount=1
[FEE] 134330556616835 97406 1064018942
      ✓ should mint for amount=1
[FEE] 133536638179637 97187 1060113870
      ✓ should mint for amount=1
[FEE] 132791949663792 96981 1056441234
      ✓ should mint for amount=1
[FEE] 132093108595465 96787 1052987914
      ✓ should mint for amount=1

·----------------------------------------|---------------------------|-------------|----------------------------·
|          [90mSolc version: 0.8.17[39m          ·  [90mOptimizer enabled: true[39m  ·  [90mRuns: 200[39m  ·  [90mBlock limit: 8000000 gas[39m  │
·········································|···························|·············|·····························
|  [32m[1mMethods[22m[39m                                                                                                      │
···················|·····················|·············|·············|·············|··············|··············
|  [1mContract[22m        ·  [1mMethod[22m             ·  [32mMin[39m        ·  [32mMax[39m        ·  [32mAvg[39m        ·  [1m# calls[22m     ·  [1musd (avg)[22m  │
···················|·····················|·············|·············|·············|··············|··············
|  [90mXPowerThorTest[39m  ·  init               ·          -  ·          -  ·      67353  ·           [90m1[39m  ·          [32m[90m-[32m[39m  │
···················|·····················|·············|·············|·············|··············|··············
|  [90mXPowerThorTest[39m  ·  mint               ·     [36m127279[39m  ·     [31m229542[39m  ·     129353  ·          [90m50[39m  ·          [32m[90m-[32m[39m  │
···················|·····················|·············|·············|·············|··············|··············
|  [90mXPowerThorTest[39m  ·  transferOwnership  ·          -  ·          -  ·      28656  ·           [90m1[39m  ·          [32m[90m-[32m[39m  │
···················|·····················|·············|·············|·············|··············|··············
|  [32m[1mDeployments[22m[39m                           ·                                         ·  [1m% of limit[22m  ·             │
·········································|·············|·············|·············|··············|··············
|  XPowerThorTest                        ·          -  ·          -  ·    3331941  ·      [90m41.6 %[39m  ·          [32m[90m-[32m[39m  │
·----------------------------------------|-------------|-------------|-------------|--------------|-------------·

  50 passing (13s)

