
> xpower@6.0.0 test-gas
> REPORT_GAS=true npm test ./test/contracts/XPower.fees.1-thor.test.js


> xpower@6.0.0 test
> hardhat test ./test/contracts/XPower.fees.1-thor.test.js


  XPowerThor
    mint
[FEE] 348822982083776 162305 1658186771
      ✓ should mint for amount=1
[FEE] 338638165545155 158028 1653339774
      ✓ should mint for amount=1
[FEE] 328263453147745 154019 1644403865
      ✓ should mint for amount=1
[FEE] 317868495646958 150260 1632166112
      ✓ should mint for amount=1
[FEE] 307588422127810 146737 1617300061
      ✓ should mint for amount=1
[FEE] 297517227492575 143433 1600380646
      ✓ should mint for amount=1
[FEE] 287733330400343 140337 1581897132
      ✓ should mint for amount=1
[FEE] 278284176140632 137434 1562264556
      ✓ should mint for amount=1
[FEE] 269207254378926 134713 1541833599
      ✓ should mint for amount=1
[FEE] 260523438947628 132162 1520899281
      ✓ should mint for amount=1
[FEE] 252242093020253 129769 1499708517
      ✓ should mint for amount=1
[FEE] 244373122484420 127527 1478466707
      ✓ should mint for amount=1
[FEE] 236911305483975 125425 1457343508
      ✓ should mint for amount=1
[FEE] 229847782858420 123453 1436477822
      ✓ should mint for amount=1
[FEE] 223174919769596 121604 1415982158
      ✓ should mint for amount=1
[FEE] 216883368846490 119872 1395946434
      ✓ should mint for amount=1
[FEE] 210955686225288 118248 1376441273
      ✓ should mint for amount=1
[FEE] 205376210893043 116725 1357520851
      ✓ should mint for amount=1
[FEE] 200129645681886 115297 1339225388
      ✓ should mint for amount=1
[FEE] 195201395402982 113959 1321583302
      ✓ should mint for amount=1
[FEE] 190574440742863 112705 1304613070
      ✓ should mint for amount=1
[FEE] 186233080118999 111530 1288324834
      ✓ should mint for amount=1
[FEE] 182158105259749 110427 1272721794
      ✓ should mint for amount=1
[FEE] 178338587530282 109394 1257801402
      ✓ should mint for amount=1
[FEE] 174757032957848 108425 1243556398
      ✓ should mint for amount=1
[FEE] 171401023521046 107517 1229975689
      ✓ should mint for amount=1
[FEE] 168256724647611 106666 1217045110
      ✓ should mint for amount=1
[FEE] 165310596686913 105868 1204748070
      ✓ should mint for amount=1
[FEE] 162550985066845 105120 1193066106
      ✓ should mint for amount=1
[FEE] 159965013004520 104418 1181979351
      ✓ should mint for amount=1
[FEE] 157543229000239 103760 1171466932
      ✓ should mint for amount=1
[FEE] 155276473912108 103144 1161507304
      ✓ should mint for amount=1
[FEE] 153152908409200 102566 1152078533
      ✓ should mint for amount=1
[FEE] 151164061728949 102024 1143158528
      ✓ should mint for amount=1
[FEE] 149301770183494 101516 1134725238
      ✓ should mint for amount=1
[FEE] 147558174673521 101040 1126756809
      ✓ should mint for amount=1
[FEE] 145925715697056 100594 1119231717
      ✓ should mint for amount=1
[FEE] 144395684106580 100175 1112128873
      ✓ should mint for amount=1
[FEE] 142962552720749 99782 1105427703
      ✓ should mint for amount=1
[FEE] 141621029964300 99414 1099108217
      ✓ should mint for amount=1
[FEE] 140364635634634 99069 1093151054
      ✓ should mint for amount=1
[FEE] 139188548665114 98746 1087537519
      ✓ should mint for amount=1
[FEE] 138086754652698 98443 1082249608
      ✓ should mint for amount=1
[FEE] 137053465485284 98158 1077270023
      ✓ should mint for amount=1
[FEE] 136087276383555 97892 1072582175
      ✓ should mint for amount=1
[FEE] 135181376917865 97642 1068170190
      ✓ should mint for amount=1
[FEE] 134333309345792 97408 1064018899
      ✓ should mint for amount=1
[FEE] 133539381175944 97189 1060113830
      ✓ should mint for amount=1
[FEE] 132793314144617 96982 1056441196
      ✓ should mint for amount=1
[FEE] 132095833642348 96789 1052987878
      ✓ should mint for amount=1
[FEE] 131440943801664 96607 1049741405
      ✓ should mint for amount=1
[FEE] 130829592856032 96438 1046689938
      ✓ should mint for amount=1

·----------------------------------------|---------------------------|-------------|----------------------------·
|          [90mSolc version: 0.8.17[39m          ·  [90mOptimizer enabled: true[39m  ·  [90mRuns: 200[39m  ·  [90mBlock limit: 8000000 gas[39m  │
·········································|···························|·············|·····························
|  [32m[1mMethods[22m[39m                                                                                                      │
···················|·····················|·············|·············|·············|··············|··············
|  [1mContract[22m        ·  [1mMethod[22m             ·  [32mMin[39m        ·  [32mMax[39m        ·  [32mAvg[39m        ·  [1m# calls[22m     ·  [1musd (avg)[22m  │
···················|·····················|·············|·············|·············|··············|··············
|  [90mXPowerThorTest[39m  ·  init               ·          -  ·          -  ·      67353  ·           [90m1[39m  ·          [32m[90m-[32m[39m  │
···················|·····················|·············|·············|·············|··············|··············
|  [90mXPowerThorTest[39m  ·  mint               ·     [36m127291[39m  ·     [31m229547[39m  ·     129274  ·          [90m52[39m  ·          [32m[90m-[32m[39m  │
···················|·····················|·············|·············|·············|··············|··············
|  [90mXPowerThorTest[39m  ·  transferOwnership  ·          -  ·          -  ·      28656  ·           [90m1[39m  ·          [32m[90m-[32m[39m  │
···················|·····················|·············|·············|·············|··············|··············
|  [32m[1mDeployments[22m[39m                           ·                                         ·  [1m% of limit[22m  ·             │
·········································|·············|·············|·············|··············|··············
|  XPowerThorTest                        ·          -  ·          -  ·    3331941  ·      [90m41.6 %[39m  ·          [32m[90m-[32m[39m  │
·----------------------------------------|-------------|-------------|-------------|--------------|-------------·

  52 passing (14s)

