
> xpower@6.0.0 test-gas
> REPORT_GAS=true npm test ./test/contracts/XPower.fees.1-thor.test.js


> xpower@6.0.0 test
> hardhat test ./test/contracts/XPower.fees.1-thor.test.js


  XPowerThor
    mint
[FEE] 348812236173851 162300 1658186771
      ✓ should mint for amount=1
[FEE] 338631735412114 158025 1653339767
      ✓ should mint for amount=1
[FEE] 328259192108901 154017 1644403873
      ✓ should mint for amount=1
[FEE] 317866387590992 150259 1632166150
      ✓ should mint for amount=1
[FEE] 307586340773676 146736 1617300139
      ✓ should mint for amount=1
[FEE] 297515173682624 143432 1600380756
      ✓ should mint for amount=1
[FEE] 287731304834681 140336 1581897268
      ✓ should mint for amount=1
[FEE] 278280154214609 137432 1562264712
      ✓ should mint for amount=1
[FEE] 269203285911613 134711 1541833761
      ✓ should mint for amount=1
[FEE] 260519524553364 132160 1520899445
      ✓ should mint for amount=1
[FEE] 252240176489747 129768 1499708679
      ✓ should mint for amount=1
[FEE] 244371233345327 127526 1478466871
      ✓ should mint for amount=1
[FEE] 236909443275934 125424 1457343672
      ✓ should mint for amount=1
[FEE] 229849670924126 123454 1436477986
      ✓ should mint for amount=1
[FEE] 223180452185659 121607 1415982327
      ✓ should mint for amount=1
[FEE] 216888824221009 119875 1395946611
      ✓ should mint for amount=1
[FEE] 210961066151439 118251 1376441455
      ✓ should mint for amount=1
[FEE] 205383276833339 116729 1357521036
      ✓ should mint for amount=1
[FEE] 200138352652041 115302 1339225576
      ✓ should mint for amount=1
[FEE] 195209988160374 113964 1321583493
      ✓ should mint for amount=1
[FEE] 190579541531888 112708 1304613262
      ✓ should mint for amount=1
[FEE] 186236447189966 111532 1288325024
      ✓ should mint for amount=1
[FEE] 182163080763045 110430 1272721981
      ✓ should mint for amount=1
[FEE] 178343504342714 109397 1257801586
      ✓ should mint for amount=1
[FEE] 174761893588047 108428 1243556578
      ✓ should mint for amount=1
[FEE] 171405830436603 107520 1229975864
      ✓ should mint for amount=1
[FEE] 168261480400763 106669 1217045280
      ✓ should mint for amount=1
[FEE] 165315303626200 105871 1204748234
      ✓ should mint for amount=1
[FEE] 162555645606524 105123 1193066264
      ✓ should mint for amount=1
[FEE] 159968097511657 104420 1181979503
      ✓ should mint for amount=1
[FEE] 157546285320456 103762 1171467078
      ✓ should mint for amount=1
[FEE] 155277998062132 103145 1161507444
      ✓ should mint for amount=1
[FEE] 153154419436053 102567 1152078667
      ✓ should mint for amount=1
[FEE] 151165560307007 102025 1143158656
      ✓ should mint for amount=1
[FEE] 149303256957397 101517 1134725360
      ✓ should mint for amount=1
[FEE] 147558189864686 101040 1126756925
      ✓ should mint for amount=1
[FEE] 145922828757892 100592 1119231827
      ✓ should mint for amount=1
[FEE] 144392814740716 100173 1112128977
      ✓ should mint for amount=1
[FEE] 142959700026107 99780 1105427802
      ✓ should mint for amount=1
[FEE] 141618192830767 99412 1099108310
      ✓ should mint for amount=1
[FEE] 140361813131310 99067 1093151141
      ✓ should mint for amount=1
[FEE] 139184330475410 98743 1087537601
      ✓ should mint for amount=1
[FEE] 138081153773674 98439 1082249686
      ✓ should mint for amount=1
[FEE] 137049286011334 98155 1077270096
      ✓ should mint for amount=1
[FEE] 136083114604751 97889 1072582244
      ✓ should mint for amount=1
[FEE] 135178616225077 97640 1068170255
      ✓ should mint for amount=1
[FEE] 134329179810408 97405 1064018960
      ✓ should mint for amount=1
[FEE] 133533892286000 97185 1060113887
      ✓ should mint for amount=1
[FEE] 132790582417553 96980 1056441250
      ✓ should mint for amount=1
[FEE] 132091745570174 96786 1052987928
      ✓ should mint for amount=1
[FEE] 131436867965367 96604 1049741452
      ✓ should mint for amount=1
[FEE] 130825528499523 96435 1046689982
      ✓ should mint for amount=1
[FEE] 130251984463885 96276 1043822286
      ✓ should mint for amount=1

·----------------------------------------|---------------------------|-------------|----------------------------·
|          [90mSolc version: 0.8.17[39m          ·  [90mOptimizer enabled: true[39m  ·  [90mRuns: 200[39m  ·  [90mBlock limit: 8000000 gas[39m  │
·········································|···························|·············|·····························
|  [32m[1mMethods[22m[39m                                                                                                      │
···················|·····················|·············|·············|·············|··············|··············
|  [1mContract[22m        ·  [1mMethod[22m             ·  [32mMin[39m        ·  [32mMax[39m        ·  [32mAvg[39m        ·  [1m# calls[22m     ·  [1musd (avg)[22m  │
···················|·····················|·············|·············|·············|··············|··············
|  [90mXPowerThorTest[39m  ·  init               ·          -  ·          -  ·      67353  ·           [90m1[39m  ·          [32m[90m-[32m[39m  │
···················|·····················|·············|·············|·············|··············|··············
|  [90mXPowerThorTest[39m  ·  mint               ·     [36m127291[39m  ·     [31m229542[39m  ·     129237  ·          [90m53[39m  ·          [32m[90m-[32m[39m  │
···················|·····················|·············|·············|·············|··············|··············
|  [90mXPowerThorTest[39m  ·  transferOwnership  ·          -  ·          -  ·      28656  ·           [90m1[39m  ·          [32m[90m-[32m[39m  │
···················|·····················|·············|·············|·············|··············|··············
|  [32m[1mDeployments[22m[39m                           ·                                         ·  [1m% of limit[22m  ·             │
·········································|·············|·············|·············|··············|··············
|  XPowerThorTest                        ·          -  ·          -  ·    3331941  ·      [90m41.6 %[39m  ·          [32m[90m-[32m[39m  │
·----------------------------------------|-------------|-------------|-------------|--------------|-------------·

  53 passing (15s)

