
> xpower@6.0.0 test-gas
> REPORT_GAS=true npm test ./test/contracts/XPower.fees.1-thor.test.js


> xpower@6.0.0 test
> hardhat test ./test/contracts/XPower.fees.1-thor.test.js


  XPowerThor
    mint
[FEE] 348822982083776 162305 1658186771
      ✓ should mint for amount=1
[FEE] 338642451344703 158030 1653339774
      ✓ should mint for amount=1
[FEE] 328267719776108 154021 1644403885
      ✓ should mint for amount=1
[FEE] 317874851559562 150263 1632166161
      ✓ should mint for amount=1
[FEE] 307594727620451 146740 1617300150
      ✓ should mint for amount=1
[FEE] 297525546280968 143437 1600380763
      ✓ should mint for amount=1
[FEE] 287739509502206 140340 1581897287
      ✓ should mint for amount=1
[FEE] 278288256849176 137436 1562264730
      ✓ should mint for amount=1
[FEE] 269211282909385 134715 1541833781
      ✓ should mint for amount=1
[FEE] 260527413638025 132164 1520899469
      ✓ should mint for amount=1
[FEE] 252246012701289 129771 1499708708
      ✓ should mint for amount=1
[FEE] 244376986712551 127529 1478466899
      ✓ should mint for amount=1
[FEE] 236915114595873 125427 1457343701
      ✓ should mint for amount=1
[FEE] 229853399053279 123456 1436478014
      ✓ should mint for amount=1
[FEE] 223180456283656 121607 1415982353
      ✓ should mint for amount=1
[FEE] 216888827328418 119875 1395946631
      ✓ should mint for amount=1
[FEE] 210961068297157 118251 1376441469
      ✓ should mint for amount=1
[FEE] 205383278346268 116729 1357521046
      ✓ should mint for amount=1
[FEE] 200138353698144 115302 1339225583
      ✓ should mint for amount=1
[FEE] 195209988751210 113964 1321583497
      ✓ should mint for amount=1
[FEE] 190579541824051 112708 1304613264
      ✓ should mint for amount=1
[FEE] 186236447189966 111532 1288325024
      ✓ should mint for amount=1
[FEE] 182163080476787 110430 1272721979
      ✓ should mint for amount=1
[FEE] 178341873676077 109396 1257801583
      ✓ should mint for amount=1
[FEE] 174760281107120 108427 1243556573
      ✓ should mint for amount=1
[FEE] 171404235424218 107519 1229975858
      ✓ should mint for amount=1
[FEE] 168258324461005 106667 1217045272
      ✓ should mint for amount=1
[FEE] 165312179433993 105869 1204748225
      ✓ should mint for amount=1
[FEE] 162552551568884 105121 1193066254
      ✓ should mint for amount=1
[FEE] 159968096022926 104420 1181979492
      ✓ should mint for amount=1
[FEE] 157544765363839 103761 1171467066
      ✓ should mint for amount=1
[FEE] 155277996457893 103145 1161507432
      ✓ should mint for amount=1
[FEE] 153152924494477 102566 1152078654
      ✓ should mint for amount=1
[FEE] 151164076803589 102024 1143158642
      ✓ should mint for amount=1
[FEE] 149301784262048 101516 1134725345
      ✓ should mint for amount=1
[FEE] 147558187900311 101040 1126756910
      ✓ should mint for amount=1
[FEE] 145925728083180 100594 1119231812
      ✓ should mint for amount=1
[FEE] 144395695662090 100175 1112128962
      ✓ should mint for amount=1
[FEE] 142963996333315 99783 1105427787
      ✓ should mint for amount=1
[FEE] 141622464701831 99415 1099108296
      ✓ should mint for amount=1
[FEE] 140366061973713 99070 1093151128
      ✓ should mint for amount=1
[FEE] 139188557624067 98746 1087537589
      ✓ should mint for amount=1
[FEE] 138086763073793 98443 1082249674
      ✓ should mint for amount=1
[FEE] 137053473373106 98158 1077270085
      ✓ should mint for amount=1
[FEE] 136085893691581 97891 1072582234
      ✓ should mint for amount=1
[FEE] 135179999418953 97641 1068170245
      ✓ should mint for amount=1
[FEE] 134331936705703 97407 1064018950
      ✓ should mint for amount=1
[FEE] 133536639187352 97187 1060113878
      ✓ should mint for amount=1
[FEE] 132791950543674 96981 1056441241
      ✓ should mint for amount=1
[FEE] 132094474129664 96788 1052987920
      ✓ should mint for amount=1
[FEE] 131440948810172 96607 1049741445
      ✓ should mint for amount=1
[FEE] 130829597605791 96438 1046689976
      ✓ should mint for amount=1
[FEE] 130256042420895 96279 1043822280
      ✓ should mint for amount=1
[FEE] 129718731826567 96130 1041127712
      ✓ should mint for amount=1
[FEE] 129214860397671 95990 1038596191
      ✓ should mint for amount=1

·----------------------------------------|---------------------------|-------------|----------------------------·
|          [90mSolc version: 0.8.17[39m          ·  [90mOptimizer enabled: true[39m  ·  [90mRuns: 200[39m  ·  [90mBlock limit: 8000000 gas[39m  │
·········································|···························|·············|·····························
|  [32m[1mMethods[22m[39m                                                                                                      │
···················|·····················|·············|·············|·············|··············|··············
|  [1mContract[22m        ·  [1mMethod[22m             ·  [32mMin[39m        ·  [32mMax[39m        ·  [32mAvg[39m        ·  [1m# calls[22m     ·  [1musd (avg)[22m  │
···················|·····················|·············|·············|·············|··············|··············
|  [90mXPowerThorTest[39m  ·  init               ·          -  ·          -  ·      67353  ·           [90m1[39m  ·          [32m[90m-[32m[39m  │
···················|·····················|·············|·············|·············|··············|··············
|  [90mXPowerThorTest[39m  ·  mint               ·     [36m127291[39m  ·     [31m229547[39m  ·     129168  ·          [90m55[39m  ·          [32m[90m-[32m[39m  │
···················|·····················|·············|·············|·············|··············|··············
|  [90mXPowerThorTest[39m  ·  transferOwnership  ·          -  ·          -  ·      28656  ·           [90m1[39m  ·          [32m[90m-[32m[39m  │
···················|·····················|·············|·············|·············|··············|··············
|  [32m[1mDeployments[22m[39m                           ·                                         ·  [1m% of limit[22m  ·             │
·········································|·············|·············|·············|··············|··············
|  XPowerThorTest                        ·          -  ·          -  ·    3331941  ·      [90m41.6 %[39m  ·          [32m[90m-[32m[39m  │
·----------------------------------------|-------------|-------------|-------------|--------------|-------------·

  55 passing (14s)

