
> xpower@6.0.0 test-gas
> REPORT_GAS=true npm test ./test/contracts/XPower.fees.1-thor.test.js


> xpower@6.0.0 test
> hardhat test ./test/contracts/XPower.fees.1-thor.test.js


  XPowerThor
    mint
[FEE] 348773550898120 162282 1658186771
      ✓ should mint for amount=1
[FEE] 338595301405824 158008 1653339744
      ✓ should mint for amount=1
[FEE] 328225081640919 154001 1644403826
      ✓ should mint for amount=1
[FEE] 317836757178337 150245 1632166078
      ✓ should mint for amount=1
[FEE] 307559073776322 146723 1617300052
      ✓ should mint for amount=1
[FEE] 297492338426308 143421 1600380657
      ✓ should mint for amount=1
[FEE] 287708734042940 140325 1581897172
      ✓ should mint for amount=1
[FEE] 278259888545237 137422 1562264616
      ✓ should mint for amount=1
[FEE] 269183286085459 134701 1541833669
      ✓ should mint for amount=1
[FEE] 260501767262530 132151 1520899351
      ✓ should mint for amount=1
[FEE] 252222666847390 129759 1499708586
      ✓ should mint for amount=1
[FEE] 244355887507896 127518 1478466775
      ✓ should mint for amount=1
[FEE] 236896205591275 125417 1457343576
      ✓ should mint for amount=1
[FEE] 229836622953233 123447 1436477891
      ✓ should mint for amount=1
[FEE] 223165755291497 121599 1415982233
      ✓ should mint for amount=1
[FEE] 216874334974066 119867 1395946515
      ✓ should mint for amount=1
[FEE] 210946778892435 118243 1376441356
      ✓ should mint for amount=1
[FEE] 205369185347097 116721 1357520933
      ✓ should mint for amount=1
[FEE] 200124450759941 115294 1339225471
      ✓ should mint for amount=1
[FEE] 195197982139513 113957 1321583387
      ✓ should mint for amount=1
[FEE] 190571071477677 112703 1304613156
      ✓ should mint for amount=1
[FEE] 186228083287201 111527 1288324921
      ✓ should mint for amount=1
[FEE] 182153168973049 110424 1272721881
      ✓ should mint for amount=1
[FEE] 178333709000443 109391 1257801488
      ✓ should mint for amount=1
[FEE] 174752209427953 108422 1243556482
      ✓ should mint for amount=1
[FEE] 171396252280268 107514 1229975770
      ✓ should mint for amount=1
[FEE] 168250425764112 106662 1217045188
      ✓ should mint for amount=1
[FEE] 165304360926852 105864 1204748144
      ✓ should mint for amount=1
[FEE] 162544809254223 105116 1193066176
      ✓ should mint for amount=1
[FEE] 159960426033098 104415 1181979417
      ✓ should mint for amount=1
[FEE] 157538682310164 103757 1171466994
      ✓ should mint for amount=1
[FEE] 155270460063647 103140 1161507363
      ✓ should mint for amount=1
[FEE] 153146943000405 102562 1152078589
      ✓ should mint for amount=1
[FEE] 151158142129135 102020 1143158581
      ✓ should mint for amount=1
[FEE] 149294423154119 101511 1134725288
      ✓ should mint for amount=1
[FEE] 147550878859994 101035 1126756856
      ✓ should mint for amount=1
[FEE] 145918468231736 100589 1119231761
      ✓ should mint for amount=1
[FEE] 144389923692368 100171 1112128914
      ✓ should mint for amount=1
[FEE] 142956826768652 99778 1105427742
      ✓ should mint for amount=1
[FEE] 141615336369901 99410 1099108253
      ✓ should mint for amount=1
[FEE] 140358972523345 99065 1093151087
      ✓ should mint for amount=1
[FEE] 139182914386944 98742 1087537550
      ✓ should mint for amount=1
[FEE] 138081147521904 98439 1082249637
      ✓ should mint for amount=1
[FEE] 137049280159257 98155 1077270050
      ✓ should mint for amount=1
[FEE] 136083109149157 97889 1072582201
      ✓ should mint for amount=1
[FEE] 135177226577112 97639 1068170214
      ✓ should mint for amount=1
[FEE] 134329174886776 97405 1064018921
      ✓ should mint for amount=1
[FEE] 133532513733905 97184 1060113851
      ✓ should mint for amount=1
[FEE] 132789208886531 96979 1056441216
      ✓ should mint for amount=1
[FEE] 132091741681389 96786 1052987897
      ✓ should mint for amount=1
[FEE] 131438224908039 96605 1049741423
      ✓ should mint for amount=1
[FEE] 130826881743508 96436 1046689955
      ✓ should mint for amount=1
[FEE] 130253334121388 96277 1043822260
      ✓ should mint for amount=1
[FEE] 129716030764985 96128 1041127694
      ✓ should mint for amount=1
[FEE] 129213512154321 95989 1038596174
      ✓ should mint for amount=1
[FEE] 128741720224583 95858 1036218159
      ✓ should mint for amount=1
[FEE] 128299383093068 95735 1033984625
      ✓ should mint for amount=1

·----------------------------------------|---------------------------|-------------|----------------------------·
|          [90mSolc version: 0.8.17[39m          ·  [90mOptimizer enabled: true[39m  ·  [90mRuns: 200[39m  ·  [90mBlock limit: 8000000 gas[39m  │
·········································|···························|·············|·····························
|  [32m[1mMethods[22m[39m                                                                                                      │
···················|·····················|·············|·············|·············|··············|··············
|  [1mContract[22m        ·  [1mMethod[22m             ·  [32mMin[39m        ·  [32mMax[39m        ·  [32mAvg[39m        ·  [1m# calls[22m     ·  [1musd (avg)[22m  │
···················|·····················|·············|·············|·············|··············|··············
|  [90mXPowerThorTest[39m  ·  init               ·          -  ·          -  ·      67353  ·           [90m1[39m  ·          [32m[90m-[32m[39m  │
···················|·····················|·············|·············|·············|··············|··············
|  [90mXPowerThorTest[39m  ·  mint               ·     [36m127291[39m  ·     [31m229524[39m  ·     129102  ·          [90m57[39m  ·          [32m[90m-[32m[39m  │
···················|·····················|·············|·············|·············|··············|··············
|  [90mXPowerThorTest[39m  ·  transferOwnership  ·          -  ·          -  ·      28656  ·           [90m1[39m  ·          [32m[90m-[32m[39m  │
···················|·····················|·············|·············|·············|··············|··············
|  [32m[1mDeployments[22m[39m                           ·                                         ·  [1m% of limit[22m  ·             │
·········································|·············|·············|·············|··············|··············
|  XPowerThorTest                        ·          -  ·          -  ·    3331941  ·      [90m41.6 %[39m  ·          [32m[90m-[32m[39m  │
·----------------------------------------|-------------|-------------|-------------|--------------|-------------·

  57 passing (14s)

