
> xpower@6.0.0 test-gas
> REPORT_GAS=true npm test ./test/contracts/XPower.fees.1-thor.test.js


> xpower@6.0.0 test
> hardhat test ./test/contracts/XPower.fees.1-thor.test.js


  XPowerThor
    mint
[FEE] 348812236173851 162300 1658186771
      ✓ should mint for amount=1
[FEE] 338631735412114 158025 1653339767
      ✓ should mint for amount=1
[FEE] 328259191110791 154017 1644403868
      ✓ should mint for amount=1
[FEE] 317868500126266 150260 1632166135
      ✓ should mint for amount=1
[FEE] 307588433538992 146737 1617300121
      ✓ should mint for amount=1
[FEE] 297517244223939 143433 1600380736
      ✓ should mint for amount=1
[FEE] 287733351681625 140337 1581897249
      ✓ should mint for amount=1
[FEE] 278282175865367 137433 1562264694
      ✓ should mint for amount=1
[FEE] 269203283467221 134711 1541833747
      ✓ should mint for amount=1
[FEE] 260517550398028 132159 1520899428
      ✓ should mint for amount=1
[FEE] 252240172453121 129768 1499708655
      ✓ should mint for amount=1
[FEE] 244371228717294 127526 1478466843
      ✓ should mint for amount=1
[FEE] 236909438561622 125424 1457343643
      ✓ should mint for amount=1
[FEE] 229849665963841 123454 1436477955
      ✓ should mint for amount=1
[FEE] 223180446984355 121607 1415982294
      ✓ should mint for amount=1
[FEE] 216888818938415 119875 1395946577
      ✓ should mint for amount=1
[FEE] 210959276776347 118250 1376441420
      ✓ should mint for amount=1
[FEE] 205381511444949 116728 1357520997
      ✓ should mint for amount=1
[FEE] 200136610600270 115301 1339225534
      ✓ should mint for amount=1
[FEE] 195208268751992 113963 1321583449
      ✓ should mint for amount=1
[FEE] 190579534958232 112708 1304613217
      ✓ should mint for amount=1
[FEE] 186234770882146 111531 1288324979
      ✓ should mint for amount=1
[FEE] 182161424599533 110429 1272721935
      ✓ should mint for amount=1
[FEE] 178341867579169 109396 1257801540
      ✓ should mint for amount=1
[FEE] 174760275345282 108427 1243556532
      ✓ should mint for amount=1
[FEE] 171402635813151 107518 1229975819
      ✓ should mint for amount=1
[FEE] 168258319207449 106667 1217045234
      ✓ should mint for amount=1
[FEE] 165312174356957 105869 1204748188
      ✓ should mint for amount=1
[FEE] 162552546663966 105121 1193066218
      ✓ should mint for amount=1
[FEE] 159966559453463 104419 1181979458
      ✓ should mint for amount=1
[FEE] 157544761060318 103761 1171467034
      ✓ should mint for amount=1
[FEE] 155276486879584 103144 1161507401
      ✓ should mint for amount=1
[FEE] 153152920639328 102566 1152078625
      ✓ should mint for amount=1
[FEE] 151164073233279 102024 1143158615
      ✓ should mint for amount=1
[FEE] 149301780972666 101516 1134725320
      ✓ should mint for amount=1
[FEE] 147558184757311 101040 1126756886
      ✓ should mint for amount=1
[FEE] 145924274574367 100593 1119231790
      ✓ should mint for amount=1
[FEE] 144392810196505 100173 1112128942
      ✓ should mint for amount=1
[FEE] 142961128378053 99781 1105427768
      ✓ should mint for amount=1
[FEE] 141619613265912 99413 1099108278
      ✓ should mint for amount=1
[FEE] 140363226116461 99068 1093151111
      ✓ should mint for amount=1
[FEE] 139187146014850 98745 1087537573
      ✓ should mint for amount=1
[FEE] 138085358452136 98442 1082249659
      ✓ should mint for amount=1
[FEE] 137053471464762 98158 1077270070
      ✓ should mint for amount=1
[FEE] 136087281966195 97892 1072582219
      ✓ should mint for amount=1
[FEE] 135181382106586 97642 1068170231
      ✓ should mint for amount=1
[FEE] 134333314143325 97408 1064018937
      ✓ should mint for amount=1
[FEE] 133539385710757 97189 1060113866
      ✓ should mint for amount=1
[FEE] 132794687675746 96983 1056441230
      ✓ should mint for amount=1
[FEE] 132097202438213 96790 1052987910
      ✓ should mint for amount=1
[FEE] 131443668830746 96609 1049741436
      ✓ should mint for amount=1
[FEE] 130830953099572 96439 1046689967
      ✓ should mint for amount=1
[FEE] 130256041422595 96279 1043822272
      ✓ should mint for amount=1
[FEE] 129718730954406 96130 1041127705
      ✓ should mint for amount=1
[FEE] 129214859526780 95990 1038596184
      ✓ should mint for amount=1
[FEE] 128743064388947 95859 1036218168
      ✓ should mint for amount=1
[FEE] 128300724361105 95736 1033984634
      ✓ should mint for amount=1
[FEE] 127886643826251 95621 1031887053
      ✓ should mint for amount=1
[FEE] 127497029559690 95512 1029917368
      ✓ should mint for amount=1
[FEE] 127132173452017 95410 1028067974
      ✓ should mint for amount=1
[FEE] 126791090701112 95315 1026331693
      ✓ should mint for amount=1

·----------------------------------------|---------------------------|-------------|----------------------------·
|          [90mSolc version: 0.8.17[39m          ·  [90mOptimizer enabled: true[39m  ·  [90mRuns: 200[39m  ·  [90mBlock limit: 8000000 gas[39m  │
·········································|···························|·············|·····························
|  [32m[1mMethods[22m[39m                                                                                                      │
···················|·····················|·············|·············|·············|··············|··············
|  [1mContract[22m        ·  [1mMethod[22m             ·  [32mMin[39m        ·  [32mMax[39m        ·  [32mAvg[39m        ·  [1m# calls[22m     ·  [1musd (avg)[22m  │
···················|·····················|·············|·············|·············|··············|··············
|  [90mXPowerThorTest[39m  ·  init               ·          -  ·          -  ·      67353  ·           [90m1[39m  ·          [32m[90m-[32m[39m  │
···················|·····················|·············|·············|·············|··············|··············
|  [90mXPowerThorTest[39m  ·  mint               ·     [36m127291[39m  ·     [31m229542[39m  ·     128985  ·          [90m61[39m  ·          [32m[90m-[32m[39m  │
···················|·····················|·············|·············|·············|··············|··············
|  [90mXPowerThorTest[39m  ·  transferOwnership  ·          -  ·          -  ·      28656  ·           [90m1[39m  ·          [32m[90m-[32m[39m  │
···················|·····················|·············|·············|·············|··············|··············
|  [32m[1mDeployments[22m[39m                           ·                                         ·  [1m% of limit[22m  ·             │
·········································|·············|·············|·············|··············|··············
|  XPowerThorTest                        ·          -  ·          -  ·    3331941  ·      [90m41.6 %[39m  ·          [32m[90m-[32m[39m  │
·----------------------------------------|-------------|-------------|-------------|--------------|-------------·

  61 passing (15s)

