
> xpower@6.0.0 test-gas
> REPORT_GAS=true npm test ./test/contracts/XPower.fees.1-thor.test.js


> xpower@6.0.0 test
> hardhat test ./test/contracts/XPower.fees.1-thor.test.js


  XPowerThor
    mint
[FEE] 348822982083776 162305 1658186771
      ✓ should mint for amount=1
[FEE] 338640308444929 158029 1653339774
      ✓ should mint for amount=1
[FEE] 328267718777972 154021 1644403880
      ✓ should mint for amount=1
[FEE] 317872735129210 150262 1632166156
      ✓ should mint for amount=1
[FEE] 307592627437798 146739 1617300129
      ✓ should mint for amount=1
[FEE] 297523465700693 143436 1600380729
      ✓ should mint for amount=1
[FEE] 287739501498818 140340 1581897243
      ✓ should mint for amount=1
[FEE] 278290274402814 137437 1562264689
      ✓ should mint for amount=1
[FEE] 269211277845851 134715 1541833752
      ✓ should mint for amount=1
[FEE] 260527409869464 132164 1520899447
      ✓ should mint for amount=1
[FEE] 252247953451709 129772 1499708690
      ✓ should mint for amount=1
[FEE] 244378901636611 127530 1478466891
      ✓ should mint for amount=1
[FEE] 236915114595873 125427 1457343701
      ✓ should mint for amount=1
[FEE] 229851537868873 123455 1436478018
      ✓ should mint for amount=1
[FEE] 223182292016452 121608 1415982356
      ✓ should mint for amount=1
[FEE] 216888828260641 119875 1395946637
      ✓ should mint for amount=1
[FEE] 210961069216750 118251 1376441475
      ✓ should mint for amount=1
[FEE] 205383279102732 116729 1357521051
      ✓ should mint for amount=1
[FEE] 200136618670141 115301 1339225588
      ✓ should mint for amount=1
[FEE] 195208276285093 113963 1321583500
      ✓ should mint for amount=1
[FEE] 190579541970132 112708 1304613265
      ✓ should mint for amount=1
[FEE] 186236447189966 111532 1288325024
      ✓ should mint for amount=1
[FEE] 182159781317492 110428 1272721979
      ✓ should mint for amount=1
[FEE] 178340243151235 109395 1257801581
      ✓ should mint for amount=1
[FEE] 174758668907268 108426 1243556570
      ✓ should mint for amount=1
[FEE] 171402640690558 107518 1229975854
      ✓ should mint for amount=1
[FEE] 168256746491142 106666 1217045268
      ✓ should mint for amount=1
[FEE] 165310617406515 105868 1204748221
      ✓ should mint for amount=1
[FEE] 162551004686329 105120 1193066250
      ✓ should mint for amount=1
[FEE] 159965031545628 104418 1181979488
      ✓ should mint for amount=1
[FEE] 157541728140346 103759 1171467062
      ✓ should mint for amount=1
[FEE] 155273479487289 103142 1161507427
      ✓ should mint for amount=1
[FEE] 153149937403030 102564 1152078649
      ✓ should mint for amount=1
[FEE] 151161112970407 102022 1143158638
      ✓ should mint for amount=1
[FEE] 149298842292354 101514 1134725341
      ✓ should mint for amount=1
[FEE] 147553806195142 101037 1126756906
      ✓ should mint for amount=1
[FEE] 145921375640245 100591 1119231808
      ✓ should mint for amount=1
[FEE] 144391370839417 100172 1112128958
      ✓ should mint for amount=1
[FEE] 142959697568927 99780 1105427783
      ✓ should mint for amount=1
[FEE] 141618190511498 99412 1099108292
      ✓ should mint for amount=1
[FEE] 140361810948491 99067 1093151124
      ✓ should mint for amount=1
[FEE] 139185737989183 98744 1087537585
      ✓ should mint for amount=1
[FEE] 138083957147851 98441 1082249670
      ✓ should mint for amount=1
[FEE] 137050680356770 98156 1077270081
      ✓ should mint for amount=1
[FEE] 136084503006293 97890 1072582230
      ✓ should mint for amount=1
[FEE] 135178614453355 97640 1068170241
      ✓ should mint for amount=1
[FEE] 134330557121828 97406 1064018946
      ✓ should mint for amount=1
[FEE] 133535264665996 97186 1060113874
      ✓ should mint for amount=1
[FEE] 132790580783504 96980 1056441237
      ✓ should mint for amount=1
[FEE] 132093108846357 96787 1052987916
      ✓ should mint for amount=1
[FEE] 131438227161820 96605 1049741441
      ✓ should mint for amount=1
[FEE] 130826883868356 96436 1046689972
      ✓ should mint for amount=1
[FEE] 130253336117947 96277 1043822276
      ✓ should mint for amount=1
[FEE] 129716032509271 96128 1041127708
      ✓ should mint for amount=1
[FEE] 129210821514982 95987 1038596187
      ✓ should mint for amount=1
[FEE] 128739035623105 95856 1036218171
      ✓ should mint for amount=1
[FEE] 128298044306678 95734 1033984636
      ✓ should mint for amount=1
[FEE] 127883969084958 95619 1031887054
      ✓ should mint for amount=1
[FEE] 127495694803786 95511 1029917369
      ✓ should mint for amount=1
[FEE] 127132173575678 95410 1028067975
      ✓ should mint for amount=1
[FEE] 126789760592359 95314 1026331694
      ✓ should mint for amount=1
[FEE] 126470200568866 95225 1024701756
      ✓ should mint for amount=1
[FEE] 126171299082643 95142 1023171778
      ✓ should mint for amount=1
[FEE] 125890922647966 95064 1021735744
      ✓ should mint for amount=1
[FEE] 125628316896996 94991 1020387985
      ✓ should mint for amount=1
[FEE] 125381452946938 94922 1019123163
      ✓ should mint for amount=1
[FEE] 125150990306086 94858 1017936252
      ✓ should mint for amount=1
[FEE] 124934987185644 94798 1016822520
      ✓ should mint for amount=1
[FEE] 124732862382738 94742 1015777514
      ✓ should mint for amount=1

·----------------------------------------|---------------------------|-------------|----------------------------·
|          [90mSolc version: 0.8.17[39m          ·  [90mOptimizer enabled: true[39m  ·  [90mRuns: 200[39m  ·  [90mBlock limit: 8000000 gas[39m  │
·········································|···························|·············|·····························
|  [32m[1mMethods[22m[39m                                                                                                      │
···················|·····················|·············|·············|·············|··············|··············
|  [1mContract[22m        ·  [1mMethod[22m             ·  [32mMin[39m        ·  [32mMax[39m        ·  [32mAvg[39m        ·  [1m# calls[22m     ·  [1musd (avg)[22m  │
···················|·····················|·············|·············|·············|··············|··············
|  [90mXPowerThorTest[39m  ·  init               ·          -  ·          -  ·      67353  ·           [90m1[39m  ·          [32m[90m-[32m[39m  │
···················|·····················|·············|·············|·············|··············|··············
|  [90mXPowerThorTest[39m  ·  mint               ·     [36m127291[39m  ·     [31m229547[39m  ·     128790  ·          [90m69[39m  ·          [32m[90m-[32m[39m  │
···················|·····················|·············|·············|·············|··············|··············
|  [90mXPowerThorTest[39m  ·  transferOwnership  ·          -  ·          -  ·      28656  ·           [90m1[39m  ·          [32m[90m-[32m[39m  │
···················|·····················|·············|·············|·············|··············|··············
|  [32m[1mDeployments[22m[39m                           ·                                         ·  [1m% of limit[22m  ·             │
·········································|·············|·············|·············|··············|··············
|  XPowerThorTest                        ·          -  ·          -  ·    3331941  ·      [90m41.6 %[39m  ·          [32m[90m-[32m[39m  │
·----------------------------------------|-------------|-------------|-------------|--------------|-------------·

  69 passing (15s)

