
> xpower@6.0.0 test-gas
> REPORT_GAS=true npm test ./test/contracts/XPower.fees.1-thor.test.js


> xpower@6.0.0 test
> hardhat test ./test/contracts/XPower.fees.1-thor.test.js


  XPowerThor
    mint
[FEE] 348822982083776 162305 1658186771
      ✓ should mint for amount=1
[FEE] 338640308444929 158029 1653339774
      ✓ should mint for amount=1
[FEE] 328265587460043 154020 1644403880
      ✓ should mint for amount=1
[FEE] 317872734155434 150262 1632166151
      ✓ should mint for amount=1
[FEE] 307592628769121 146739 1617300136
      ✓ should mint for amount=1
[FEE] 297523469604760 143436 1600380750
      ✓ should mint for amount=1
[FEE] 287737457016576 140339 1581897275
      ✓ should mint for amount=1
[FEE] 278288254889732 137436 1562264719
      ✓ should mint for amount=1
[FEE] 269211282210967 134715 1541833777
      ✓ should mint for amount=1
[FEE] 260527413980622 132164 1520899471
      ✓ should mint for amount=1
[FEE] 252247957320262 129772 1499708713
      ✓ should mint for amount=1
[FEE] 244378904942453 127530 1478466911
      ✓ should mint for amount=1
[FEE] 236917006390633 125428 1457343719
      ✓ should mint for amount=1
[FEE] 229855264718041 123457 1436478038
      ✓ should mint for amount=1
[FEE] 223182296114483 121608 1415982382
      ✓ should mint for amount=1
[FEE] 216890641902630 119876 1395946665
      ✓ should mint for amount=1
[FEE] 210962858132158 118252 1376441507
      ✓ should mint for amount=1
[FEE] 205383284549276 116729 1357521087
      ✓ should mint for amount=1
[FEE] 200138359675878 115302 1339225623
      ✓ should mint for amount=1
[FEE] 195208281750284 113963 1321583537
      ✓ should mint for amount=1
[FEE] 190581238289247 112709 1304613302
      ✓ should mint for amount=1
[FEE] 186238122485995 111533 1288325062
      ✓ should mint for amount=1
[FEE] 182164735495376 110431 1272722017
      ✓ should mint for amount=1
[FEE] 178345139404884 109398 1257801620
      ✓ should mint for amount=1
[FEE] 174763509863438 108429 1243556610
      ✓ should mint for amount=1
[FEE] 171407428932963 107521 1229975895
      ✓ should mint for amount=1
[FEE] 168263061827042 106670 1217045309
      ✓ should mint for amount=1
[FEE] 165316868947017 105872 1204748262
      ✓ should mint for amount=1
[FEE] 162557195622899 105124 1193066291
      ✓ should mint for amount=1
[FEE] 159971164966522 104422 1181979529
      ✓ should mint for amount=1
[FEE] 157549325368273 103764 1171467103
      ✓ should mint for amount=1
[FEE] 155281012138831 103147 1161507468
      ✓ should mint for amount=1
[FEE] 153157408920487 102569 1152078690
      ✓ should mint for amount=1
[FEE] 151168526520528 102027 1143158678
      ✓ should mint for amount=1
[FEE] 149304730442253 101518 1134725381
      ✓ should mint for amount=1
[FEE] 147561113271510 101042 1126756945
      ✓ should mint for amount=1
[FEE] 145927183156629 100595 1119231846
      ✓ should mint for amount=1
[FEE] 144395699946717 100175 1112128995
      ✓ should mint for amount=1
[FEE] 142964000471846 99783 1105427819
      ✓ should mint for amount=1
[FEE] 141622468567395 99415 1099108326
      ✓ should mint for amount=1
[FEE] 140366065697458 99070 1093151157
      ✓ should mint for amount=1
[FEE] 139188561079664 98746 1087537616
      ✓ should mint for amount=1
[FEE] 138086766391193 98443 1082249700
      ✓ should mint for amount=1
[FEE] 137054872680216 98159 1077270109
      ✓ should mint for amount=1
[FEE] 136088676838503 97893 1072582256
      ✓ should mint for amount=1
[FEE] 135182770995399 97643 1068170266
      ✓ should mint for amount=1
[FEE] 134334697388512 97409 1064018970
      ✓ should mint for amount=1
[FEE] 133538015598205 97188 1060113897
      ✓ should mint for amount=1
[FEE] 132793322063637 96982 1056441259
      ✓ should mint for amount=1
[FEE] 132095841043814 96789 1052987937
      ✓ should mint for amount=1
[FEE] 131442311387351 96608 1049741461
      ✓ should mint for amount=1
[FEE] 130828242861940 96437 1046689991
      ✓ should mint for amount=1
[FEE] 130254691265999 96278 1043822294
      ✓ should mint for amount=1
[FEE] 129717384161407 96129 1041127726
      ✓ should mint for amount=1
[FEE] 129212169758304 95988 1038596204
      ✓ should mint for amount=1
[FEE] 128740380657146 95857 1036218187
      ✓ should mint for amount=1
[FEE] 128296706016579 95733 1033984651
      ✓ should mint for amount=1
[FEE] 127882633387376 95618 1031887068
      ✓ should mint for amount=1
[FEE] 127493026653655 95509 1029917382
      ✓ should mint for amount=1
[FEE] 127129510094199 95408 1028067987
      ✓ should mint for amount=1
[FEE] 126788431842494 95313 1026331706
      ✓ should mint for amount=1
[FEE] 126468873930185 95224 1024701768
      ✓ should mint for amount=1
[FEE] 126168648165643 95140 1023171789
      ✓ should mint for amount=1
[FEE] 125888275329141 95062 1021735754
      ✓ should mint for amount=1
[FEE] 125625672947780 94989 1020387994
      ✓ should mint for amount=1
[FEE] 125380133041870 94921 1019123171
      ✓ should mint for amount=1
[FEE] 125149671815770 94857 1017936259
      ✓ should mint for amount=1
[FEE] 124932352108005 94796 1016822526
      ✓ should mint for amount=1
[FEE] 124730230013536 94740 1015777520
      ✓ should mint for amount=1
[FEE] 124540125584029 94687 1014797052
      ✓ should mint for amount=1

·----------------------------------------|---------------------------|-------------|----------------------------·
|          [90mSolc version: 0.8.17[39m          ·  [90mOptimizer enabled: true[39m  ·  [90mRuns: 200[39m  ·  [90mBlock limit: 8000000 gas[39m  │
·········································|···························|·············|·····························
|  [32m[1mMethods[22m[39m                                                                                                      │
···················|·····················|·············|·············|·············|··············|··············
|  [1mContract[22m        ·  [1mMethod[22m             ·  [32mMin[39m        ·  [32mMax[39m        ·  [32mAvg[39m        ·  [1m# calls[22m     ·  [1musd (avg)[22m  │
···················|·····················|·············|·············|·············|··············|··············
|  [90mXPowerThorTest[39m  ·  init               ·          -  ·          -  ·      67353  ·           [90m1[39m  ·          [32m[90m-[32m[39m  │
···················|·····················|·············|·············|·············|··············|··············
|  [90mXPowerThorTest[39m  ·  mint               ·     [36m127291[39m  ·     [31m229547[39m  ·     128770  ·          [90m70[39m  ·          [32m[90m-[32m[39m  │
···················|·····················|·············|·············|·············|··············|··············
|  [90mXPowerThorTest[39m  ·  transferOwnership  ·          -  ·          -  ·      28656  ·           [90m1[39m  ·          [32m[90m-[32m[39m  │
···················|·····················|·············|·············|·············|··············|··············
|  [32m[1mDeployments[22m[39m                           ·                                         ·  [1m% of limit[22m  ·             │
·········································|·············|·············|·············|··············|··············
|  XPowerThorTest                        ·          -  ·          -  ·    3331941  ·      [90m41.6 %[39m  ·          [32m[90m-[32m[39m  │
·----------------------------------------|-------------|-------------|-------------|--------------|-------------·

  70 passing (14s)

