
> xpower@6.0.0 test-gas
> REPORT_GAS=true npm test ./test/contracts/XPower.fees.1-thor.test.js


> xpower@6.0.0 test
> hardhat test ./test/contracts/XPower.fees.1-thor.test.js


  XPowerThor
    mint
[FEE] 348812236173851 162300 1658186771
      ✓ should mint for amount=1
[FEE] 338631735412114 158025 1653339767
      ✓ should mint for amount=1
[FEE] 328259191110791 154017 1644403868
      ✓ should mint for amount=1
[FEE] 317864270186930 150258 1632166140
      ✓ should mint for amount=1
[FEE] 307584239069676 146735 1617300110
      ✓ should mint for amount=1
[FEE] 297517239762242 143433 1600380712
      ✓ should mint for amount=1
[FEE] 287733347680017 140337 1581897227
      ✓ should mint for amount=1
[FEE] 278284197159820 137434 1562264674
      ✓ should mint for amount=1
[FEE] 269207278124800 134713 1541833735
      ✓ should mint for amount=1
[FEE] 260521493398619 132161 1520899431
      ✓ should mint for amount=1
[FEE] 252240174976012 129768 1499708670
      ✓ should mint for amount=1
[FEE] 244371231857745 127526 1478466862
      ✓ should mint for amount=1
[FEE] 236909442137997 125424 1457343665
      ✓ should mint for amount=1
[FEE] 229849669804061 123454 1436477979
      ✓ should mint for amount=1
[FEE] 223178615664834 121606 1415982319
      ✓ should mint for amount=1
[FEE] 216887013065033 119874 1395946599
      ✓ should mint for amount=1
[FEE] 210959279688368 118250 1376441439
      ✓ should mint for amount=1
[FEE] 205381514622072 116728 1357521018
      ✓ should mint for amount=1
[FEE] 200136614037437 115301 1339225557
      ✓ should mint for amount=1
[FEE] 195208272296980 113963 1321583473
      ✓ should mint for amount=1
[FEE] 190581229524294 112709 1304613242
      ✓ should mint for amount=1
[FEE] 186238114390728 111533 1288325006
      ✓ should mint for amount=1
[FEE] 182163078472985 110430 1272721965
      ✓ should mint for amount=1
[FEE] 178343502215866 109397 1257801571
      ✓ should mint for amount=1
[FEE] 174761891620572 108428 1243556564
      ✓ should mint for amount=1
[FEE] 171405828624962 107520 1229975851
      ✓ should mint for amount=1
[FEE] 168261478603460 106669 1217045267
      ✓ should mint for amount=1
[FEE] 165315301979563 105871 1204748222
      ✓ should mint for amount=1
[FEE] 162552551432636 105121 1193066253
      ✓ should mint for amount=1
[FEE] 159965032086975 104418 1181979492
      ✓ should mint for amount=1
[FEE] 157543247021057 103760 1171467066
      ✓ should mint for amount=1
[FEE] 155274985589766 103143 1161507432
      ✓ should mint for amount=1
[FEE] 153151431414022 102565 1152078655
      ✓ should mint for amount=1
[FEE] 151162595415925 102023 1143158644
      ✓ should mint for amount=1
[FEE] 149300313935068 101515 1134725348
      ✓ should mint for amount=1
[FEE] 147556727899398 101039 1126756913
      ✓ should mint for amount=1
[FEE] 145924277964219 100593 1119231816
      ✓ should mint for amount=1
[FEE] 144395696181438 100175 1112128966
      ✓ should mint for amount=1
[FEE] 142963996850631 99783 1105427791
      ✓ should mint for amount=1
[FEE] 141622465217239 99415 1099108300
      ✓ should mint for amount=1
[FEE] 140366062487333 99070 1093151132
      ✓ should mint for amount=1
[FEE] 139189967697490 98747 1087537593
      ✓ should mint for amount=1
[FEE] 138088166291958 98444 1082249678
      ✓ should mint for amount=1
[FEE] 137056266389463 98160 1077270089
      ✓ should mint for amount=1
[FEE] 136090064732464 97894 1072582238
      ✓ should mint for amount=1
[FEE] 135184153303353 97644 1068170249
      ✓ should mint for amount=1
[FEE] 134336074447365 97410 1064018954
      ✓ should mint for amount=1
[FEE] 133540761743738 97190 1060113882
      ✓ should mint for amount=1
[FEE] 132796058818637 96984 1056441245
      ✓ should mint for amount=1
[FEE] 132098568976041 96791 1052987924
      ✓ should mint for amount=1
[FEE] 131445031032305 96610 1049741449
      ✓ should mint for amount=1
[FEE] 130832311343246 96440 1046689980
      ✓ should mint for amount=1
[FEE] 130258748723864 96281 1043822284
      ✓ should mint for amount=1
[FEE] 129721431143884 96132 1041127716
      ✓ should mint for amount=1
[FEE] 129217553027619 95992 1038596194
      ✓ should mint for amount=1
[FEE] 128745751599532 95861 1036218177
      ✓ should mint for amount=1
[FEE] 128303405656386 95738 1033984642
      ✓ should mint for amount=1
[FEE] 127889319559037 95623 1031887060
      ✓ should mint for amount=1
[FEE] 127501035065360 95515 1029917375
      ✓ should mint for amount=1
[FEE] 127137504248442 95414 1028067981
      ✓ should mint for amount=1
[FEE] 126795082262775 95318 1026331700
      ✓ should mint for amount=1
[FEE] 126475513788315 95229 1024701762
      ✓ should mint for amount=1
[FEE] 126175278232687 95145 1023171784
      ✓ should mint for amount=1
[FEE] 125894896090439 95067 1021735749
      ✓ should mint for amount=1
[FEE] 125632285098490 94994 1020387990
      ✓ should mint for amount=1
[FEE] 125385416229963 94925 1019123168
      ✓ should mint for amount=1
[FEE] 125153629499735 94860 1017936256
      ✓ should mint for amount=1
[FEE] 124937623369087 94800 1016822523
      ✓ should mint for amount=1
[FEE] 124734179304108 94743 1015777517
      ✓ should mint for amount=1
[FEE] 124544071062442 94690 1014797049
      ✓ should mint for amount=1
[FEE] 124365472829002 94640 1013877180
      ✓ should mint for amount=1
[FEE] 124199220699374 94594 1013014204
      ✓ should mint for amount=1

·----------------------------------------|---------------------------|-------------|----------------------------·
|          [90mSolc version: 0.8.17[39m          ·  [90mOptimizer enabled: true[39m  ·  [90mRuns: 200[39m  ·  [90mBlock limit: 8000000 gas[39m  │
·········································|···························|·············|·····························
|  [32m[1mMethods[22m[39m                                                                                                      │
···················|·····················|·············|·············|·············|··············|··············
|  [1mContract[22m        ·  [1mMethod[22m             ·  [32mMin[39m        ·  [32mMax[39m        ·  [32mAvg[39m        ·  [1m# calls[22m     ·  [1musd (avg)[22m  │
···················|·····················|·············|·············|·············|··············|··············
|  [90mXPowerThorTest[39m  ·  init               ·          -  ·          -  ·      67353  ·           [90m1[39m  ·          [32m[90m-[32m[39m  │
···················|·····················|·············|·············|·············|··············|··············
|  [90mXPowerThorTest[39m  ·  mint               ·     [36m127291[39m  ·     [31m229542[39m  ·     128730  ·          [90m72[39m  ·          [32m[90m-[32m[39m  │
···················|·····················|·············|·············|·············|··············|··············
|  [90mXPowerThorTest[39m  ·  transferOwnership  ·          -  ·          -  ·      28656  ·           [90m1[39m  ·          [32m[90m-[32m[39m  │
···················|·····················|·············|·············|·············|··············|··············
|  [32m[1mDeployments[22m[39m                           ·                                         ·  [1m% of limit[22m  ·             │
·········································|·············|·············|·············|··············|··············
|  XPowerThorTest                        ·          -  ·          -  ·    3331941  ·      [90m41.6 %[39m  ·          [32m[90m-[32m[39m  │
·----------------------------------------|-------------|-------------|-------------|--------------|-------------·

  72 passing (15s)

