
> xpower@6.0.0 test-gas
> REPORT_GAS=true npm test ./test/contracts/XPower.fees.1-thor.test.js


> xpower@6.0.0 test
> hardhat test ./test/contracts/XPower.fees.1-thor.test.js


  XPowerThor
    mint
[FEE] 348822982083776 162305 1658186771
      ✓ should mint for amount=1
[FEE] 338638165545155 158028 1653339774
      ✓ should mint for amount=1
[FEE] 328265584465654 154020 1644403865
      ✓ should mint for amount=1
[FEE] 317872729870821 150262 1632166129
      ✓ should mint for amount=1
[FEE] 307590528206138 146738 1617300113
      ✓ should mint for amount=1
[FEE] 297519314021581 143434 1600380712
      ✓ should mint for amount=1
[FEE] 287735395254454 140338 1581897212
      ✓ should mint for amount=1
[FEE] 278286216672921 137435 1562264644
      ✓ should mint for amount=1
[FEE] 269207270791516 134713 1541833693
      ✓ should mint for amount=1
[FEE] 260523454535533 132162 1520899372
      ✓ should mint for amount=1
[FEE] 252244051430986 129770 1499708604
      ✓ should mint for amount=1
[FEE] 244373137360360 127527 1478466797
      ✓ should mint for amount=1
[FEE] 236911319627026 125425 1457343595
      ✓ should mint for amount=1
[FEE] 229849658443409 123454 1436477908
      ✓ should mint for amount=1
[FEE] 223180439576436 121607 1415982247
      ✓ should mint for amount=1
[FEE] 216888811636005 119875 1395946530
      ✓ should mint for amount=1
[FEE] 210961053583664 118251 1376441373
      ✓ should mint for amount=1
[FEE] 205381504939411 116728 1357520954
      ✓ should mint for amount=1
[FEE] 200134868698049 115300 1339225493
      ✓ should mint for amount=1
[FEE] 195206549639137 113962 1321583407
      ✓ should mint for amount=1
[FEE] 190577837908875 112707 1304613175
      ✓ should mint for amount=1
[FEE] 186234764810805 111531 1288324937
      ✓ should mint for amount=1
[FEE] 182159769294897 110428 1272721895
      ✓ should mint for amount=1
[FEE] 178340231666467 109395 1257801500
      ✓ should mint for amount=1
[FEE] 174757046308202 108425 1243556493
      ✓ should mint for amount=1
[FEE] 171401036202185 107517 1229975780
      ✓ should mint for amount=1
[FEE] 168256736537128 106666 1217045196
      ✓ should mint for amount=1
[FEE] 165310607938617 105868 1204748152
      ✓ should mint for amount=1
[FEE] 162550995694065 105120 1193066184
      ✓ should mint for amount=1
[FEE] 159966554987314 104419 1181979425
      ✓ should mint for amount=1
[FEE] 157544756756798 103761 1171467002
      ✓ should mint for amount=1
[FEE] 155277988303009 103145 1161507371
      ✓ should mint for amount=1
[FEE] 153154410130431 102567 1152078597
      ✓ should mint for amount=1
[FEE] 151165551447264 102025 1143158589
      ✓ should mint for amount=1
[FEE] 149301777683284 101516 1134725295
      ✓ should mint for amount=1
[FEE] 147558181745270 101040 1126756863
      ✓ should mint for amount=1
[FEE] 145924271706030 100593 1119231768
      ✓ should mint for amount=1
[FEE] 144395690338765 100175 1112128921
      ✓ should mint for amount=1
[FEE] 142962558540501 99782 1105427748
      ✓ should mint for amount=1
[FEE] 141621035376036 99414 1099108259
      ✓ should mint for amount=1
[FEE] 140364640642378 99069 1093151093
      ✓ should mint for amount=1
[FEE] 139188553400561 98746 1087537556
      ✓ should mint for amount=1
[FEE] 138086759118430 98443 1082249643
      ✓ should mint for amount=1
[FEE] 137054865810107 98159 1077270055
      ✓ should mint for amount=1
[FEE] 136088670367649 97893 1072582205
      ✓ should mint for amount=1
[FEE] 135182764920738 97643 1068170218
      ✓ should mint for amount=1
[FEE] 134334691707164 97409 1064018925
      ✓ should mint for amount=1
[FEE] 133540758216626 97190 1060113854
      ✓ should mint for amount=1
[FEE] 132796055550403 96984 1056441219
      ✓ should mint for amount=1
[FEE] 132098565839761 96791 1052987899
      ✓ should mint for amount=1
[FEE] 131445028027107 96610 1049741425
      ✓ should mint for amount=1
[FEE] 130832308468333 96440 1046689957
      ✓ should mint for amount=1
[FEE] 130258745978481 96281 1043822262
      ✓ should mint for amount=1
[FEE] 129721428527346 96132 1041127695
      ✓ should mint for amount=1
[FEE] 129217550663723 95992 1038596175
      ✓ should mint for amount=1
[FEE] 128744406441177 95860 1036218160
      ✓ should mint for amount=1
[FEE] 128302063519719 95737 1033984626
      ✓ should mint for amount=1
[FEE] 127887980267375 95622 1031887045
      ✓ should mint for amount=1
[FEE] 127499698452510 95514 1029917361
      ✓ should mint for amount=1
[FEE] 127136170158096 95413 1028067968
      ✓ should mint for amount=1
[FEE] 126795080780271 95318 1026331688
      ✓ should mint for amount=1
[FEE] 126475512430622 95229 1024701751
      ✓ should mint for amount=1
[FEE] 126176603012897 95146 1023171773
      ✓ should mint for amount=1
[FEE] 125894894858272 95067 1021735739
      ✓ should mint for amount=1
[FEE] 125632283867269 94994 1020387980
      ✓ should mint for amount=1
[FEE] 125385414999637 94925 1019123158
      ✓ should mint for amount=1
[FEE] 125154947744121 94861 1017936247
      ✓ should mint for amount=1
[FEE] 124938940293531 94801 1016822515
      ✓ should mint for amount=1
[FEE] 124734178444531 94743 1015777510
      ✓ should mint for amount=1
[FEE] 124542755043887 94689 1014797043
      ✓ should mint for amount=1
[FEE] 124365472093022 94640 1013877174
      ✓ should mint for amount=1
[FEE] 124199219963752 94594 1013014198
      ✓ should mint for amount=1
[FEE] 124042239657017 94550 1012204632
      ✓ should mint for amount=1
[FEE] 123894114577594 94508 1011445201
      ✓ should mint for amount=1
[FEE] 123757073912390 94470 1010732828
      ✓ should mint for amount=1

·----------------------------------------|---------------------------|-------------|----------------------------·
|          [90mSolc version: 0.8.17[39m          ·  [90mOptimizer enabled: true[39m  ·  [90mRuns: 200[39m  ·  [90mBlock limit: 8000000 gas[39m  │
·········································|···························|·············|·····························
|  [32m[1mMethods[22m[39m                                                                                                      │
···················|·····················|·············|·············|·············|··············|··············
|  [1mContract[22m        ·  [1mMethod[22m             ·  [32mMin[39m        ·  [32mMax[39m        ·  [32mAvg[39m        ·  [1m# calls[22m     ·  [1musd (avg)[22m  │
···················|·····················|·············|·············|·············|··············|··············
|  [90mXPowerThorTest[39m  ·  init               ·          -  ·          -  ·      67353  ·           [90m1[39m  ·          [32m[90m-[32m[39m  │
···················|·····················|·············|·············|·············|··············|··············
|  [90mXPowerThorTest[39m  ·  mint               ·     [36m127291[39m  ·     [31m229547[39m  ·     128672  ·          [90m75[39m  ·          [32m[90m-[32m[39m  │
···················|·····················|·············|·············|·············|··············|··············
|  [90mXPowerThorTest[39m  ·  transferOwnership  ·          -  ·          -  ·      28656  ·           [90m1[39m  ·          [32m[90m-[32m[39m  │
···················|·····················|·············|·············|·············|··············|··············
|  [32m[1mDeployments[22m[39m                           ·                                         ·  [1m% of limit[22m  ·             │
·········································|·············|·············|·············|··············|··············
|  XPowerThorTest                        ·          -  ·          -  ·    3331941  ·      [90m41.6 %[39m  ·          [32m[90m-[32m[39m  │
·----------------------------------------|-------------|-------------|-------------|--------------|-------------·

  75 passing (15s)

