
> xpower@6.0.0 test-gas
> REPORT_GAS=true npm test ./test/contracts/XPower.fees.1-thor.test.js


> xpower@6.0.0 test
> hardhat test ./test/contracts/XPower.fees.1-thor.test.js


  XPowerThor
    mint
[FEE] 348822982083776 162305 1658186771
      ✓ should mint for amount=1
[FEE] 338638165545155 158028 1653339774
      ✓ should mint for amount=1
[FEE] 328265584465654 154020 1644403865
      ✓ should mint for amount=1
[FEE] 317872729870821 150262 1632166129
      ✓ should mint for amount=1
[FEE] 307592624394775 146739 1617300113
      ✓ should mint for amount=1
[FEE] 297523464399338 143436 1600380722
      ✓ should mint for amount=1
[FEE] 287739501498818 140340 1581897243
      ✓ should mint for amount=1
[FEE] 278290275471609 137437 1562264695
      ✓ should mint for amount=1
[FEE] 269211279766502 134715 1541833763
      ✓ should mint for amount=1
[FEE] 260525441195540 132163 1520899462
      ✓ should mint for amount=1
[FEE] 252246011860305 129771 1499708703
      ✓ should mint for amount=1
[FEE] 244376987043132 127529 1478466901
      ✓ should mint for amount=1
[FEE] 236915115733837 125427 1457343708
      ✓ should mint for amount=1
[FEE] 229851539148957 123455 1436478026
      ✓ should mint for amount=1
[FEE] 223180458175040 121607 1415982365
      ✓ should mint for amount=1
[FEE] 216888828882122 119875 1395946641
      ✓ should mint for amount=1
[FEE] 210961069523281 118251 1376441477
      ✓ should mint for amount=1
[FEE] 205383279102732 116729 1357521051
      ✓ should mint for amount=1
[FEE] 200138353997031 115302 1339225585
      ✓ should mint for amount=1
[FEE] 195208275841969 113963 1321583497
      ✓ should mint for amount=1
[FEE] 190581232153780 112709 1304613260
      ✓ should mint for amount=1
[FEE] 186238116269986 111533 1288325019
      ✓ should mint for amount=1
[FEE] 182163079618015 110430 1272721973
      ✓ should mint for amount=1
[FEE] 178343502924815 109397 1257801576
      ✓ should mint for amount=1
[FEE] 174761891901639 108428 1243556566
      ✓ should mint for amount=1
[FEE] 171402640272495 107518 1229975851
      ✓ should mint for amount=1
[FEE] 168256745938141 106666 1217045264
      ✓ should mint for amount=1
[FEE] 165310616583220 105868 1204748215
      ✓ should mint for amount=1
[FEE] 162551003732604 105120 1193066243
      ✓ should mint for amount=1
[FEE] 159966562430896 104419 1181979480
      ✓ should mint for amount=1
[FEE] 157544763750018 103761 1171467054
      ✓ should mint for amount=1
[FEE] 155276489419605 103144 1161507420
      ✓ should mint for amount=1
[FEE] 153152922899243 102566 1152078642
      ✓ should mint for amount=1
[FEE] 151162593696904 102023 1143158631
      ✓ should mint for amount=1
[FEE] 149300312093032 101515 1134725334
      ✓ should mint for amount=1
[FEE] 147553805278461 101037 1126756899
      ✓ should mint for amount=1
[FEE] 145919924087149 100590 1119231801
      ✓ should mint for amount=1
[FEE] 144389928496152 100171 1112128951
      ✓ should mint for amount=1
[FEE] 142958263914636 99779 1105427776
      ✓ should mint for amount=1
[FEE] 141616765051261 99411 1099108285
      ✓ should mint for amount=1
[FEE] 140360393212492 99066 1093151117
      ✓ should mint for amount=1
[FEE] 139184327531843 98743 1087537578
      ✓ should mint for amount=1
[FEE] 138082553674535 98440 1082249664
      ✓ should mint for amount=1
[FEE] 137050679593448 98156 1077270075
      ✓ should mint for amount=1
[FEE] 136084502245039 97890 1072582224
      ✓ should mint for amount=1
[FEE] 135178613820597 97640 1068170236
      ✓ should mint for amount=1
[FEE] 134330556616835 97406 1064018942
      ✓ should mint for amount=1
[FEE] 133536638179637 97187 1060113870
      ✓ should mint for amount=1
[FEE] 132791949663792 96981 1056441234
      ✓ should mint for amount=1
[FEE] 132094473251533 96788 1052987913
      ✓ should mint for amount=1
[FEE] 131439587359937 96606 1049741438
      ✓ should mint for amount=1
[FEE] 130828240112109 96437 1046689969
      ✓ should mint for amount=1
[FEE] 130254688770274 96278 1043822274
      ✓ should mint for amount=1
[FEE] 129716032384679 96128 1041127707
      ✓ should mint for amount=1
[FEE] 129213513647262 95989 1038596186
      ✓ should mint for amount=1
[FEE] 128741721591244 95858 1036218170
      ✓ should mint for amount=1
[FEE] 128299384333893 95735 1033984635
      ✓ should mint for amount=1
[FEE] 127885306393639 95620 1031887053
      ✓ should mint for amount=1
[FEE] 127497029559690 95512 1029917368
      ✓ should mint for amount=1
[FEE] 127133505934707 95411 1028067974
      ✓ should mint for amount=1
[FEE] 126792420933402 95316 1026331693
      ✓ should mint for amount=1
[FEE] 126472856684886 95227 1024701755
      ✓ should mint for amount=1
[FEE] 126172625096040 95143 1023171777
      ✓ should mint for amount=1
[FEE] 125890922524753 95064 1021735743
      ✓ should mint for amount=1
[FEE] 125628316773877 94991 1020387984
      ✓ should mint for amount=1
[FEE] 125382773713195 94923 1019123162
      ✓ should mint for amount=1
[FEE] 125152309534067 94859 1017936251
      ✓ should mint for amount=1
[FEE] 124934987062776 94798 1016822519
      ✓ should mint for amount=1
[FEE] 124732862259943 94742 1015777513
      ✓ should mint for amount=1
[FEE] 124542755412067 94689 1014797046
      ✓ should mint for amount=1
[FEE] 124364158371066 94639 1013877177
      ✓ should mint for amount=1
[FEE] 124197907360123 94593 1013014201
      ✓ should mint for amount=1
[FEE] 124042240024657 94550 1012204635
      ✓ should mint for amount=1
[FEE] 123895425882927 94509 1011445204
      ✓ should mint for amount=1
[FEE] 123755764265171 94469 1010732831
      ✓ should mint for amount=1
[FEE] 123626818572882 94433 1010064624
      ✓ should mint for amount=1

·----------------------------------------|---------------------------|-------------|----------------------------·
|          [90mSolc version: 0.8.17[39m          ·  [90mOptimizer enabled: true[39m  ·  [90mRuns: 200[39m  ·  [90mBlock limit: 8000000 gas[39m  │
·········································|···························|·············|·····························
|  [32m[1mMethods[22m[39m                                                                                                      │
···················|·····················|·············|·············|·············|··············|··············
|  [1mContract[22m        ·  [1mMethod[22m             ·  [32mMin[39m        ·  [32mMax[39m        ·  [32mAvg[39m        ·  [1m# calls[22m     ·  [1musd (avg)[22m  │
···················|·····················|·············|·············|·············|··············|··············
|  [90mXPowerThorTest[39m  ·  init               ·          -  ·          -  ·      67353  ·           [90m1[39m  ·          [32m[90m-[32m[39m  │
···················|·····················|·············|·············|·············|··············|··············
|  [90mXPowerThorTest[39m  ·  mint               ·     [36m127279[39m  ·     [31m229547[39m  ·     128654  ·          [90m76[39m  ·          [32m[90m-[32m[39m  │
···················|·····················|·············|·············|·············|··············|··············
|  [90mXPowerThorTest[39m  ·  transferOwnership  ·          -  ·          -  ·      28656  ·           [90m1[39m  ·          [32m[90m-[32m[39m  │
···················|·····················|·············|·············|·············|··············|··············
|  [32m[1mDeployments[22m[39m                           ·                                         ·  [1m% of limit[22m  ·             │
·········································|·············|·············|·············|··············|··············
|  XPowerThorTest                        ·          -  ·          -  ·    3331941  ·      [90m41.6 %[39m  ·          [32m[90m-[32m[39m  │
·----------------------------------------|-------------|-------------|-------------|--------------|-------------·

  76 passing (16s)

