
> xpower@6.0.0 test-gas
> REPORT_GAS=true npm test ./test/contracts/XPower.fees.1-thor.test.js


> xpower@6.0.0 test
> hardhat test ./test/contracts/XPower.fees.1-thor.test.js


  XPowerThor
    mint
[FEE] 348773550898120 162282 1658186771
      ✓ should mint for amount=1
[FEE] 338595301405824 158008 1653339744
      ✓ should mint for amount=1
[FEE] 328225081640919 154001 1644403826
      ✓ should mint for amount=1
[FEE] 317832526265399 150243 1632166078
      ✓ should mint for amount=1
[FEE] 307554877595894 146721 1617300032
      ✓ should mint for amount=1
[FEE] 297488183215880 143419 1600380621
      ✓ should mint for amount=1
[FEE] 287706674646462 140324 1581897122
      ✓ should mint for amount=1
[FEE] 278259877858448 137422 1562264556
      ✓ should mint for amount=1
[FEE] 269183275261098 134701 1541833607
      ✓ should mint for amount=1
[FEE] 260499786256310 132150 1520899294
      ✓ should mint for amount=1
[FEE] 252220713987854 129758 1499708532
      ✓ should mint for amount=1
[FEE] 244352046421178 127516 1478466723
      ✓ should mint for amount=1
[FEE] 236890530045910 125414 1457343521
      ✓ should mint for amount=1
[FEE] 229831027560601 123444 1436477829
      ✓ should mint for amount=1
[FEE] 223162073897355 121597 1415982164
      ✓ should mint for amount=1
[FEE] 216870705516198 119865 1395946445
      ✓ should mint for amount=1
[FEE] 210944984153948 118242 1376441286
      ✓ should mint for amount=1
[FEE] 205367415723371 116720 1357520866
      ✓ should mint for amount=1
[FEE] 200120969646259 115292 1339225407
      ✓ should mint for amount=1
[FEE] 195194547016374 113955 1321583324
      ✓ should mint for amount=1
[FEE] 190565989679524 112700 1304613094
      ✓ should mint for amount=1
[FEE] 186221394970130 111523 1288324858
      ✓ should mint for amount=1
[FEE] 182146561352442 110420 1272721816
      ✓ should mint for amount=1
[FEE] 178327178678592 109387 1257801422
      ✓ should mint for amount=1
[FEE] 174747364678543 108419 1243556415
      ✓ should mint for amount=1
[FEE] 171391460555086 107511 1229975704
      ✓ should mint for amount=1
[FEE] 168247261806606 106660 1217045122
      ✓ should mint for amount=1
[FEE] 165301229188513 105862 1204748080
      ✓ should mint for amount=1
[FEE] 162541708132492 105114 1193066114
      ✓ should mint for amount=1
[FEE] 159957354112866 104413 1181979358
      ✓ should mint for amount=1
[FEE] 157537156436678 103756 1171466938
      ✓ should mint for amount=1
[FEE] 155270452844920 103140 1161507309
      ✓ should mint for amount=1
[FEE] 153146936087994 102562 1152078537
      ✓ should mint for amount=1
[FEE] 151156653997952 102019 1143158532
      ✓ should mint for amount=1
[FEE] 149294416970386 101511 1134725241
      ✓ should mint for amount=1
[FEE] 147550872967161 101035 1126756811
      ✓ should mint for amount=1
[FEE] 145915561475325 100587 1119231719
      ✓ should mint for amount=1
[FEE] 144385594196091 100168 1112128874
      ✓ should mint for amount=1
[FEE] 142953956227230 99776 1105427703
      ✓ should mint for amount=1
[FEE] 141612482486193 99408 1099108216
      ✓ should mint for amount=1
[FEE] 140354717518076 99062 1093151052
      ✓ should mint for amount=1
[FEE] 139178681351481 98739 1087537516
      ✓ should mint for amount=1
[FEE] 138075532608308 98435 1082249605
      ✓ should mint for amount=1
[FEE] 137043691200899 98151 1077270019
      ✓ should mint for amount=1
[FEE] 136077544632109 97885 1072582171
      ✓ should mint for amount=1
[FEE] 135173069529214 97636 1068170185
      ✓ should mint for amount=1
[FEE] 134323655036626 97401 1064018893
      ✓ should mint for amount=1
[FEE] 133529762298102 97182 1060113824
      ✓ should mint for amount=1
[FEE] 132785097846506 96976 1056441190
      ✓ should mint for amount=1
[FEE] 132089008982348 96784 1052987872
      ✓ should mint for amount=1
[FEE] 131436861454509 96604 1049741400
      ✓ should mint for amount=1
[FEE] 130825522375025 96435 1046689933
      ✓ should mint for amount=1
[FEE] 130250625821984 96275 1043822240
      ✓ should mint for amount=1
[FEE] 129713329578906 96126 1041127675
      ✓ should mint for amount=1
[FEE] 129210817658300 95987 1038596156
      ✓ should mint for amount=1
[FEE] 128739031895926 95856 1036218141
      ✓ should mint for amount=1
[FEE] 128296700681143 95733 1033984608
      ✓ should mint for amount=1
[FEE] 127882628430143 95618 1031887028
      ✓ should mint for amount=1
[FEE] 127494356953107 95510 1029917345
      ✓ should mint for amount=1
[FEE] 127130838248807 95409 1028067952
      ✓ should mint for amount=1
[FEE] 126789757998085 95314 1026331673
      ✓ should mint for amount=1
[FEE] 126470198100436 95225 1024701736
      ✓ should mint for amount=1
[FEE] 126171296739679 95142 1023171759
      ✓ should mint for amount=1
[FEE] 125890920430135 95064 1021735726
      ✓ should mint for amount=1
[FEE] 125628314803986 94991 1020387968
      ✓ should mint for amount=1
[FEE] 125381450978478 94922 1019123147
      ✓ should mint for amount=1
[FEE] 125150988338953 94858 1017936236
      ✓ should mint for amount=1
[FEE] 124934985342623 94798 1016822505
      ✓ should mint for amount=1
[FEE] 124731544110641 94741 1015777500
      ✓ should mint for amount=1
[FEE] 124541438534445 94688 1014797033
      ✓ should mint for amount=1
[FEE] 124362842809193 94638 1013877165
      ✓ should mint for amount=1
[FEE] 124195280068648 94591 1013014190
      ✓ should mint for amount=1
[FEE] 124038302910213 94547 1012204624
      ✓ should mint for amount=1
[FEE] 123891491844462 94506 1011445194
      ✓ should mint for amount=1
[FEE] 123754453148661 94468 1010732822
      ✓ should mint for amount=1
[FEE] 123625508445251 94432 1010064616
      ✓ should mint for amount=1
[FEE] 123503005473197 94397 1009437858
      ✓ should mint for amount=1
[FEE] 123389239305075 94365 1008849997
      ✓ should mint for amount=1
[FEE] 123283904919830 94336 1008298634
      ✓ should mint for amount=1

·----------------------------------------|---------------------------|-------------|----------------------------·
|          [90mSolc version: 0.8.17[39m          ·  [90mOptimizer enabled: true[39m  ·  [90mRuns: 200[39m  ·  [90mBlock limit: 8000000 gas[39m  │
·········································|···························|·············|·····························
|  [32m[1mMethods[22m[39m                                                                                                      │
···················|·····················|·············|·············|·············|··············|··············
|  [1mContract[22m        ·  [1mMethod[22m             ·  [32mMin[39m        ·  [32mMax[39m        ·  [32mAvg[39m        ·  [1m# calls[22m     ·  [1musd (avg)[22m  │
···················|·····················|·············|·············|·············|··············|··············
|  [90mXPowerThorTest[39m  ·  init               ·          -  ·          -  ·      67353  ·           [90m1[39m  ·          [32m[90m-[32m[39m  │
···················|·····················|·············|·············|·············|··············|··············
|  [90mXPowerThorTest[39m  ·  mint               ·     [36m127291[39m  ·     [31m229524[39m  ·     128601  ·          [90m79[39m  ·          [32m[90m-[32m[39m  │
···················|·····················|·············|·············|·············|··············|··············
|  [90mXPowerThorTest[39m  ·  transferOwnership  ·          -  ·          -  ·      28656  ·           [90m1[39m  ·          [32m[90m-[32m[39m  │
···················|·····················|·············|·············|·············|··············|··············
|  [32m[1mDeployments[22m[39m                           ·                                         ·  [1m% of limit[22m  ·             │
·········································|·············|·············|·············|··············|··············
|  XPowerThorTest                        ·          -  ·          -  ·    3331941  ·      [90m41.6 %[39m  ·          [32m[90m-[32m[39m  │
·----------------------------------------|-------------|-------------|-------------|--------------|-------------·

  79 passing (15s)

