
> xpower@6.0.0 test-gas
> REPORT_GAS=true npm test ./test/contracts/XPower.fees.1-thor.test.js


> xpower@6.0.0 test
> hardhat test ./test/contracts/XPower.fees.1-thor.test.js


  XPowerThor
    mint
[FEE] 348822982083776 162305 1658186771
      ✓ should mint for amount=1
[FEE] 338638162268024 158028 1653339758
      ✓ should mint for amount=1
[FEE] 328265576081367 154020 1644403823
      ✓ should mint for amount=1
[FEE] 317872715264186 150262 1632166054
      ✓ should mint for amount=1
[FEE] 307592602142667 146739 1617299996
      ✓ should mint for amount=1
[FEE] 297523435397701 143436 1600380566
      ✓ should mint for amount=1
[FEE] 287739466029255 140340 1581897048
      ✓ should mint for amount=1
[FEE] 278290233966713 137437 1562264462
      ✓ should mint for amount=1
[FEE] 269211232797863 134715 1541833494
      ✓ should mint for amount=1
[FEE] 260525389463861 132163 1520899160
      ✓ should mint for amount=1
[FEE] 252245956187207 129771 1499708372
      ✓ should mint for amount=1
[FEE] 244373095707730 127527 1478466545
      ✓ should mint for amount=1
[FEE] 236911275572234 125425 1457343324
      ✓ should mint for amount=1
[FEE] 229851473864681 123455 1436477618
      ✓ should mint for amount=1
[FEE] 223182226763189 121608 1415981942
      ✓ should mint for amount=1
[FEE] 216890571519238 119876 1395946212
      ✓ should mint for amount=1
[FEE] 210961003312561 118251 1376441045
      ✓ should mint for amount=1
[FEE] 205383213290326 116729 1357520616
      ✓ should mint for amount=1
[FEE] 200138288989175 115302 1339225150
      ✓ should mint for amount=1
[FEE] 195209924793144 113964 1321583064
      ✓ should mint for amount=1
[FEE] 190582860690032 112710 1304612833
      ✓ should mint for amount=1
[FEE] 186239725213188 111534 1288324598
      ✓ should mint for amount=1
[FEE] 182166319520927 110432 1272721559
      ✓ should mint for amount=1
[FEE] 178345075598866 109398 1257801170
      ✓ should mint for amount=1
[FEE] 174763447887403 108429 1243556169
      ✓ should mint for amount=1
[FEE] 171407368869508 107521 1229975464
      ✓ should mint for amount=1
[FEE] 168261426343416 106669 1217044889
      ✓ should mint for amount=1
[FEE] 165315251345459 105871 1204747853
      ✓ should mint for amount=1
[FEE] 162555595193910 105123 1193065894
      ✓ should mint for amount=1
[FEE] 159969580892428 104421 1181979144
      ✓ should mint for amount=1
[FEE] 157547756861566 103763 1171466730
      ✓ should mint for amount=1
[FEE] 155279458577073 103146 1161507108
      ✓ should mint for amount=1
[FEE] 153155869577300 102568 1152078343
      ✓ should mint for amount=1
[FEE] 151167000701437 102026 1143158344
      ✓ should mint for amount=1
[FEE] 149303217484430 101517 1134725060
      ✓ should mint for amount=1
[FEE] 147559612542120 101041 1126756637
      ✓ should mint for amount=1
[FEE] 145924243413796 100593 1119231551
      ✓ should mint for amount=1
[FEE] 144392780464383 100173 1112128713
      ✓ should mint for amount=1
[FEE] 142961100055545 99781 1105427549
      ✓ should mint for amount=1
[FEE] 141619586207506 99413 1099108068
      ✓ should mint for amount=1
[FEE] 140363200307578 99068 1093150910
      ✓ should mint for amount=1
[FEE] 139187121441969 98745 1087537381
      ✓ should mint for amount=1
[FEE] 138085335102976 98442 1082249476
      ✓ should mint for amount=1
[FEE] 137053449327970 98158 1077269896
      ✓ should mint for amount=1
[FEE] 136087261031295 97892 1072582054
      ✓ should mint for amount=1
[FEE] 135179977778413 97641 1068170074
      ✓ should mint for amount=1
[FEE] 134331916253273 97407 1064018788
      ✓ should mint for amount=1
[FEE] 133537993806135 97188 1060113724
      ✓ should mint for amount=1
[FEE] 132793301449046 96982 1056441095
      ✓ should mint for amount=1
[FEE] 132095821599284 96789 1052987782
      ✓ should mint for amount=1
[FEE] 131442292980896 96608 1049741314
      ✓ should mint for amount=1
[FEE] 130830938725153 96439 1046689852
      ✓ should mint for amount=1
[FEE] 130256027820750 96279 1043822163
      ✓ should mint for amount=1
[FEE] 129718718121178 96130 1041127602
      ✓ should mint for amount=1
[FEE] 129214847458720 95990 1038596087
      ✓ should mint for amount=1
[FEE] 128743052958572 95859 1036218076
      ✓ should mint for amount=1
[FEE] 128300713565816 95736 1033984547
      ✓ should mint for amount=1
[FEE] 127886633539668 95621 1031886970
      ✓ should mint for amount=1
[FEE] 127497019903800 95512 1029917290
      ✓ should mint for amount=1
[FEE] 127133496783678 95411 1028067900
      ✓ should mint for amount=1
[FEE] 126791082053443 95315 1026331623
      ✓ should mint for amount=1
[FEE] 126471520419263 95226 1024701689
      ✓ should mint for amount=1
[FEE] 126171291313867 95142 1023171715
      ✓ should mint for amount=1
[FEE] 125889590979812 95063 1021735684
      ✓ should mint for amount=1
[FEE] 125626987473822 94990 1020387929
      ✓ should mint for amount=1
[FEE] 125381446426414 94922 1019123110
      ✓ should mint for amount=1
[FEE] 125150984158796 94858 1017936202
      ✓ should mint for amount=1
[FEE] 124934981410846 94798 1016822473
      ✓ should mint for amount=1
[FEE] 124731540426816 94741 1015777470
      ✓ should mint for amount=1
[FEE] 124541435098132 94688 1014797005
      ✓ should mint for amount=1
[FEE] 124364153587250 94639 1013877138
      ✓ should mint for amount=1
[FEE] 124197902823837 94593 1013014164
      ✓ should mint for amount=1
[FEE] 124039611891300 94548 1012204600
      ✓ should mint for amount=1
[FEE] 123892799965016 94507 1011445171
      ✓ should mint for amount=1
[FEE] 123755760469481 94469 1010732800
      ✓ should mint for amount=1
[FEE] 123626815023428 94433 1010064595
      ✓ should mint for amount=1
[FEE] 123505619820786 94399 1009437839
      ✓ should mint for amount=1
[FEE] 123391852251904 94367 1008849979
      ✓ should mint for amount=1
[FEE] 123286516560360 94338 1008298617
      ✓ should mint for amount=1
[FEE] 123186714662331 94310 1007781502
      ✓ should mint for amount=1
[FEE] 123093487925131 94284 1007296519
      ✓ should mint for amount=1
[FEE] 123006586819904 94260 1006841683
      ✓ should mint for amount=1
[FEE] 122924472904805 94237 1006415130
      ✓ should mint for amount=1

·----------------------------------------|---------------------------|-------------|----------------------------·
|          [90mSolc version: 0.8.17[39m          ·  [90mOptimizer enabled: true[39m  ·  [90mRuns: 200[39m  ·  [90mBlock limit: 8000000 gas[39m  │
·········································|···························|·············|·····························
|  [32m[1mMethods[22m[39m                                                                                                      │
···················|·····················|·············|·············|·············|··············|··············
|  [1mContract[22m        ·  [1mMethod[22m             ·  [32mMin[39m        ·  [32mMax[39m        ·  [32mAvg[39m        ·  [1m# calls[22m     ·  [1musd (avg)[22m  │
···················|·····················|·············|·············|·············|··············|··············
|  [90mXPowerThorTest[39m  ·  init               ·          -  ·          -  ·      67353  ·           [90m1[39m  ·          [32m[90m-[32m[39m  │
···················|·····················|·············|·············|·············|··············|··············
|  [90mXPowerThorTest[39m  ·  mint               ·     [36m127279[39m  ·     [31m229535[39m  ·     128529  ·          [90m83[39m  ·          [32m[90m-[32m[39m  │
···················|·····················|·············|·············|·············|··············|··············
|  [90mXPowerThorTest[39m  ·  transferOwnership  ·          -  ·          -  ·      28656  ·           [90m1[39m  ·          [32m[90m-[32m[39m  │
···················|·····················|·············|·············|·············|··············|··············
|  [32m[1mDeployments[22m[39m                           ·                                         ·  [1m% of limit[22m  ·             │
·········································|·············|·············|·············|··············|··············
|  XPowerThorTest                        ·          -  ·          -  ·    3331941  ·      [90m41.6 %[39m  ·          [32m[90m-[32m[39m  │
·----------------------------------------|-------------|-------------|-------------|--------------|-------------·

  83 passing (15s)

