
> xpower@6.0.0 test-gas
> REPORT_GAS=true npm test ./test/contracts/XPower.fees.1-thor.test.js


> xpower@6.0.0 test
> hardhat test ./test/contracts/XPower.fees.1-thor.test.js


  XPowerThor
    mint
[FEE] 348784296808045 162287 1658186771
      ✓ should mint for amount=1
[FEE] 338606014061291 158013 1653339735
      ✓ should mint for amount=1
[FEE] 328235733240022 154006 1644403801
      ✓ should mint for amount=1
[FEE] 317845210435728 150249 1632166034
      ✓ should mint for amount=1
[FEE] 307567444267548 146727 1617299977
      ✓ should mint for amount=1
[FEE] 297500615200968 143425 1600380548
      ✓ should mint for amount=1
[FEE] 287718959911318 140330 1581897031
      ✓ should mint for amount=1
[FEE] 278272007406237 137428 1562264446
      ✓ should mint for amount=1
[FEE] 269195243170358 134707 1541833479
      ✓ should mint for amount=1
[FEE] 260511588364785 132156 1520899146
      ✓ should mint for amount=1
[FEE] 252234292176408 129765 1499708364
      ✓ should mint for amount=1
[FEE] 244365430062846 127523 1478466541
      ✓ should mint for amount=1
[FEE] 236903721075373 125421 1457343330
      ✓ should mint for amount=1
[FEE] 229842166985063 123450 1436477632
      ✓ should mint for amount=1
[FEE] 223173053460713 121603 1415981961
      ✓ should mint for amount=1
[FEE] 216881528792854 119871 1395946236
      ✓ should mint for amount=1
[FEE] 210955655419692 118248 1376441072
      ✓ should mint for amount=1
[FEE] 205376180030351 116725 1357520647
      ✓ should mint for amount=1
[FEE] 200131350672586 115298 1339225182
      ✓ should mint for amount=1
[FEE] 195201364976230 113959 1321583096
      ✓ should mint for amount=1
[FEE] 190572719445232 112704 1304612862
      ✓ should mint for amount=1
[FEE] 186231379960272 111529 1288324624
      ✓ should mint for amount=1
[FEE] 182156425338149 110426 1272721582
      ✓ should mint for amount=1
[FEE] 178336927230900 109393 1257801190
      ✓ should mint for amount=1
[FEE] 174757003165479 108425 1243556186
      ✓ should mint for amount=1
[FEE] 171399399941775 107516 1229975478
      ✓ should mint for amount=1
[FEE] 168255118060441 106665 1217044899
      ✓ should mint for amount=1
[FEE] 165309006393432 105867 1204747860
      ✓ should mint for amount=1
[FEE] 162546317716267 105117 1193065898
      ✓ should mint for amount=1
[FEE] 159961921190138 104416 1181979145
      ✓ should mint for amount=1
[FEE] 157541683357699 103759 1171466729
      ✓ should mint for amount=1
[FEE] 155274942008775 103143 1161507106
      ✓ should mint for amount=1
[FEE] 153151389539537 102565 1152078340
      ✓ should mint for amount=1
[FEE] 151161073565542 102022 1143158340
      ✓ should mint for amount=1
[FEE] 149297333941244 101513 1134725055
      ✓ should mint for amount=1
[FEE] 147553770182675 101037 1126756631
      ✓ should mint for amount=1
[FEE] 145921341351261 100591 1119231545
      ✓ should mint for amount=1
[FEE] 144392779555541 100173 1112128706
      ✓ should mint for amount=1
[FEE] 142961099150259 99781 1105427542
      ✓ should mint for amount=1
[FEE] 141619585305559 99413 1099108061
      ✓ should mint for amount=1
[FEE] 140363199408762 99068 1093150903
      ✓ should mint for amount=1
[FEE] 139187120546082 98745 1087537374
      ✓ should mint for amount=1
[FEE] 138085334209838 98442 1082249469
      ✓ should mint for amount=1
[FEE] 137053448437409 98158 1077269889
      ✓ should mint for amount=1
[FEE] 136085869965604 97891 1072582047
      ✓ should mint for amount=1
[FEE] 135179976892543 97641 1068170067
      ✓ should mint for amount=1
[FEE] 134331915369526 97407 1064018781
      ✓ should mint for amount=1
[FEE] 133537993050341 97188 1060113718
      ✓ should mint for amount=1
[FEE] 132793300820552 96982 1056441090
      ✓ should mint for amount=1
[FEE] 132095820972041 96789 1052987777
      ✓ should mint for amount=1
[FEE] 131442292480040 96608 1049741310
      ✓ should mint for amount=1
[FEE] 130829581606604 96438 1046689848
      ✓ should mint for amount=1
[FEE] 130256027321600 96279 1043822159
      ✓ should mint for amount=1
[FEE] 129718717622800 96130 1041127598
      ✓ should mint for amount=1
[FEE] 129214846961068 95990 1038596083
      ✓ should mint for amount=1
[FEE] 128743052585843 95859 1036218073
      ✓ should mint for amount=1
[FEE] 128299373042387 95735 1033984544
      ✓ should mint for amount=1
[FEE] 127885295859297 95620 1031886968
      ✓ should mint for amount=1
[FEE] 127497019656213 95512 1029917288
      ✓ should mint for amount=1
[FEE] 127133496660015 95411 1028067899
      ✓ should mint for amount=1
[FEE] 126792412285642 95316 1026331623
      ✓ should mint for amount=1
[FEE] 126472848538898 95227 1024701689
      ✓ should mint for amount=1
[FEE] 126173943587129 95144 1023171715
      ✓ should mint for amount=1
[FEE] 125892239530583 95065 1021735684
      ✓ should mint for amount=1
[FEE] 125629632530933 94992 1020387929
      ✓ should mint for amount=1
[FEE] 125384088204851 94924 1019123110
      ✓ should mint for amount=1
[FEE] 125150984158796 94858 1017936202
      ✓ should mint for amount=1
[FEE] 124934981410846 94798 1016822473
      ✓ should mint for amount=1
[FEE] 124731540426816 94741 1015777470
      ✓ should mint for amount=1
[FEE] 124541435098132 94688 1014797005
      ✓ should mint for amount=1
[FEE] 124364153587250 94639 1013877138
      ✓ should mint for amount=1
[FEE] 124196589852446 94592 1013014164
      ✓ should mint for amount=1
[FEE] 124039611891300 94548 1012204600
      ✓ should mint for amount=1
[FEE] 123892799965016 94507 1011445171
      ✓ should mint for amount=1
[FEE] 123755760469481 94469 1010732800
      ✓ should mint for amount=1
[FEE] 123626815023428 94433 1010064595
      ✓ should mint for amount=1
[FEE] 123506928156889 94400 1009437839
      ✓ should mint for amount=1
[FEE] 123393159826080 94368 1008849979
      ✓ should mint for amount=1
[FEE] 123285209700806 94337 1008298617
      ✓ should mint for amount=1
[FEE] 123185408473012 94309 1007781502
      ✓ should mint for amount=1
[FEE] 123092182364400 94283 1007296519
      ✓ should mint for amount=1
[FEE] 123005281848688 94259 1006841683
      ✓ should mint for amount=1
[FEE] 122921864068087 94235 1006415130
      ✓ should mint for amount=1
[FEE] 122845624273165 94214 1006015109
      ✓ should mint for amount=1

·----------------------------------------|---------------------------|-------------|----------------------------·
|          [90mSolc version: 0.8.17[39m          ·  [90mOptimizer enabled: true[39m  ·  [90mRuns: 200[39m  ·  [90mBlock limit: 8000000 gas[39m  │
·········································|···························|·············|·····························
|  [32m[1mMethods[22m[39m                                                                                                      │
···················|·····················|·············|·············|·············|··············|··············
|  [1mContract[22m        ·  [1mMethod[22m             ·  [32mMin[39m        ·  [32mMax[39m        ·  [32mAvg[39m        ·  [1m# calls[22m     ·  [1musd (avg)[22m  │
···················|·····················|·············|·············|·············|··············|··············
|  [90mXPowerThorTest[39m  ·  init               ·          -  ·          -  ·      67353  ·           [90m1[39m  ·          [32m[90m-[32m[39m  │
···················|·····················|·············|·············|·············|··············|··············
|  [90mXPowerThorTest[39m  ·  mint               ·     [36m127279[39m  ·     [31m229517[39m  ·     128514  ·          [90m84[39m  ·          [32m[90m-[32m[39m  │
···················|·····················|·············|·············|·············|··············|··············
|  [90mXPowerThorTest[39m  ·  transferOwnership  ·          -  ·          -  ·      28656  ·           [90m1[39m  ·          [32m[90m-[32m[39m  │
···················|·····················|·············|·············|·············|··············|··············
|  [32m[1mDeployments[22m[39m                           ·                                         ·  [1m% of limit[22m  ·             │
·········································|·············|·············|·············|··············|··············
|  XPowerThorTest                        ·          -  ·          -  ·    3331941  ·      [90m41.6 %[39m  ·          [32m[90m-[32m[39m  │
·----------------------------------------|-------------|-------------|-------------|--------------|-------------·

  84 passing (15s)

