
> xpower@6.0.0 test-gas
> REPORT_GAS=true npm test ./test/contracts/XPower.fees.1-thor.test.js


> xpower@6.0.0 test
> hardhat test ./test/contracts/XPower.fees.1-thor.test.js


  XPowerThor
    mint
[FEE] 348822982083776 162305 1658186771
      ✓ should mint for amount=1
[FEE] 338640308444929 158029 1653339774
      ✓ should mint for amount=1
[FEE] 328265587460043 154020 1644403880
      ✓ should mint for amount=1
[FEE] 317870618698870 150261 1632166151
      ✓ should mint for amount=1
[FEE] 307590530298202 146738 1617300124
      ✓ should mint for amount=1
[FEE] 297521391441332 143435 1600380729
      ✓ should mint for amount=1
[FEE] 287737451741653 140339 1581897246
      ✓ should mint for amount=1
[FEE] 278286225757552 137435 1562264695
      ✓ should mint for amount=1
[FEE] 269209278771030 134714 1541833748
      ✓ should mint for amount=1
[FEE] 260525437084413 132163 1520899438
      ✓ should mint for amount=1
[FEE] 252246007823585 129771 1499708679
      ✓ should mint for amount=1
[FEE] 244376983241444 127529 1478466878
      ✓ should mint for amount=1
[FEE] 236915112319943 125427 1457343687
      ✓ should mint for amount=1
[FEE] 229851536108757 123455 1436478007
      ✓ should mint for amount=1
[FEE] 223182290755520 121608 1415982348
      ✓ should mint for amount=1
[FEE] 216890636775363 119876 1395946632
      ✓ should mint for amount=1
[FEE] 210961069216750 118251 1376441475
      ✓ should mint for amount=1
[FEE] 205383279102732 116729 1357521051
      ✓ should mint for amount=1
[FEE] 200138354295918 115302 1339225587
      ✓ should mint for amount=1
[FEE] 195208276285093 113963 1321583500
      ✓ should mint for amount=1
[FEE] 190581232738110 112709 1304613264
      ✓ should mint for amount=1
[FEE] 186238116992778 111533 1288325024
      ✓ should mint for amount=1
[FEE] 182163080476787 110430 1272721979
      ✓ should mint for amount=1
[FEE] 178343503775554 109397 1257801582
      ✓ should mint for amount=1
[FEE] 174761892744843 108428 1243556572
      ✓ should mint for amount=1
[FEE] 171405829461104 107520 1229975857
      ✓ should mint for amount=1
[FEE] 168259901739615 106668 1217045271
      ✓ should mint for amount=1
[FEE] 165313740775389 105870 1204748224
      ✓ should mint for amount=1
[FEE] 162551005095068 105120 1193066253
      ✓ should mint for amount=1
[FEE] 159966563784275 104419 1181979490
      ✓ should mint for amount=1
[FEE] 157544765094869 103761 1171467064
      ✓ should mint for amount=1
[FEE] 155277996190519 103145 1161507430
      ✓ should mint for amount=1
[FEE] 153154417574929 102567 1152078653
      ✓ should mint for amount=1
[FEE] 151165558455718 102025 1143158642
      ✓ should mint for amount=1
[FEE] 149301784393623 101516 1134725346
      ✓ should mint for amount=1
[FEE] 147556727637484 101039 1126756911
      ✓ should mint for amount=1
[FEE] 145924277573083 100593 1119231813
      ✓ should mint for amount=1
[FEE] 144395695791927 100175 1112128963
      ✓ should mint for amount=1
[FEE] 142962563713614 99782 1105427788
      ✓ should mint for amount=1
[FEE] 141621040143517 99414 1099108296
      ✓ should mint for amount=1
[FEE] 140364645136507 99069 1093151128
      ✓ should mint for amount=1
[FEE] 139188557496082 98746 1087537588
      ✓ should mint for amount=1
[FEE] 138086762946200 98443 1082249673
      ✓ should mint for amount=1
[FEE] 137054869372385 98159 1077270083
      ✓ should mint for amount=1
[FEE] 136087283615611 97892 1072582232
      ✓ should mint for amount=1
[FEE] 135179999165847 97641 1068170243
      ✓ should mint for amount=1
[FEE] 134331936453204 97407 1064018948
      ✓ should mint for amount=1
[FEE] 133535264917922 97186 1060113876
      ✓ should mint for amount=1
[FEE] 132789211777513 96979 1056441239
      ✓ should mint for amount=1
[FEE] 132091744315727 96786 1052987918
      ✓ should mint for amount=1
[FEE] 131436866838487 96604 1049741443
      ✓ should mint for amount=1
[FEE] 130825527374615 96435 1046689973
      ✓ should mint for amount=1
[FEE] 130251983340832 96276 1043822277
      ✓ should mint for amount=1
[FEE] 129713333814941 96126 1041127709
      ✓ should mint for amount=1
[FEE] 129210821639391 95987 1038596188
      ✓ should mint for amount=1
[FEE] 128739035747345 95856 1036218172
      ✓ should mint for amount=1
[FEE] 128298044430759 95734 1033984637
      ✓ should mint for amount=1
[FEE] 127883969208890 95619 1031887055
      ✓ should mint for amount=1
[FEE] 127495694927578 95511 1029917370
      ✓ should mint for amount=1
[FEE] 127132173699339 95410 1028067976
      ✓ should mint for amount=1
[FEE] 126791090948188 95315 1026331695
      ✓ should mint for amount=1
[FEE] 126471528812011 95226 1024701757
      ✓ should mint for amount=1
[FEE] 126172625342670 95143 1023171779
      ✓ should mint for amount=1
[FEE] 125892247046643 95065 1021735745
      ✓ should mint for amount=1
[FEE] 125628317020114 94991 1020387986
      ✓ should mint for amount=1
[FEE] 125382773959255 94923 1019123164
      ✓ should mint for amount=1
[FEE] 125152309657014 94859 1017936252
      ✓ should mint for amount=1
[FEE] 124936305093059 94799 1016822520
      ✓ should mint for amount=1
[FEE] 124734178935718 94743 1015777514
      ✓ should mint for amount=1
[FEE] 124542755412067 94689 1014797046
      ✓ should mint for amount=1
[FEE] 124365472461012 94640 1013877177
      ✓ should mint for amount=1
[FEE] 124199220331563 94594 1013014201
      ✓ should mint for amount=1
[FEE] 124042240024657 94550 1012204635
      ✓ should mint for amount=1
[FEE] 123895425882927 94509 1011445204
      ✓ should mint for amount=1
[FEE] 123758384294266 94471 1010732831
      ✓ should mint for amount=1
[FEE] 123629436869846 94435 1010064624
      ✓ should mint for amount=1
[FEE] 123508239796537 94401 1009437866
      ✓ should mint for amount=1
[FEE] 123395778032264 94370 1008850004
      ✓ should mint for amount=1
[FEE] 123289133214053 94340 1008298641
      ✓ should mint for amount=1
[FEE] 123189329852446 94312 1007781525
      ✓ should mint for amount=1
[FEE] 123096101735090 94286 1007296541
      ✓ should mint for amount=1
[FEE] 123007894356733 94261 1006841704
      ✓ should mint for amount=1
[FEE] 122925779643867 94238 1006415149
      ✓ should mint for amount=1
[FEE] 122846930371079 94215 1006015127
      ✓ should mint for amount=1
[FEE] 122775053702807 94195 1005639994
      ✓ should mint for amount=1

·----------------------------------------|---------------------------|-------------|----------------------------·
|          [90mSolc version: 0.8.17[39m          ·  [90mOptimizer enabled: true[39m  ·  [90mRuns: 200[39m  ·  [90mBlock limit: 8000000 gas[39m  │
·········································|···························|·············|·····························
|  [32m[1mMethods[22m[39m                                                                                                      │
···················|·····················|·············|·············|·············|··············|··············
|  [1mContract[22m        ·  [1mMethod[22m             ·  [32mMin[39m        ·  [32mMax[39m        ·  [32mAvg[39m        ·  [1m# calls[22m     ·  [1musd (avg)[22m  │
···················|·····················|·············|·············|·············|··············|··············
|  [90mXPowerThorTest[39m  ·  init               ·          -  ·          -  ·      67353  ·           [90m1[39m  ·          [32m[90m-[32m[39m  │
···················|·····················|·············|·············|·············|··············|··············
|  [90mXPowerThorTest[39m  ·  mint               ·     [36m127291[39m  ·     [31m229547[39m  ·     128511  ·          [90m85[39m  ·          [32m[90m-[32m[39m  │
···················|·····················|·············|·············|·············|··············|··············
|  [90mXPowerThorTest[39m  ·  transferOwnership  ·          -  ·          -  ·      28656  ·           [90m1[39m  ·          [32m[90m-[32m[39m  │
···················|·····················|·············|·············|·············|··············|··············
|  [32m[1mDeployments[22m[39m                           ·                                         ·  [1m% of limit[22m  ·             │
·········································|·············|·············|·············|··············|··············
|  XPowerThorTest                        ·          -  ·          -  ·    3331941  ·      [90m41.6 %[39m  ·          [32m[90m-[32m[39m  │
·----------------------------------------|-------------|-------------|-------------|--------------|-------------·

  85 passing (13s)

