
> xpower@6.0.0 test-gas
> REPORT_GAS=true npm test ./test/contracts/XPower.fees.1-thor.test.js


> xpower@6.0.0 test
> hardhat test ./test/contracts/XPower.fees.1-thor.test.js


  XPowerThor
    mint
[FEE] 348812236173851 162300 1658186771
      ✓ should mint for amount=1
[FEE] 338631735412114 158025 1653339767
      ✓ should mint for amount=1
[FEE] 328259192108901 154017 1644403873
      ✓ should mint for amount=1
[FEE] 317868502073791 150260 1632166145
      ✓ should mint for amount=1
[FEE] 307588436201601 146737 1617300135
      ✓ should mint for amount=1
[FEE] 297517246640691 143433 1600380749
      ✓ should mint for amount=1
[FEE] 287731303561451 140336 1581897261
      ✓ should mint for amount=1
[FEE] 278282175509112 137433 1562264692
      ✓ should mint for amount=1
[FEE] 269203282245025 134711 1541833740
      ✓ should mint for amount=1
[FEE] 260519519757158 132160 1520899417
      ✓ should mint for amount=1
[FEE] 252242115053677 129769 1499708648
      ✓ should mint for amount=1
[FEE] 244373144302465 127527 1478466839
      ✓ should mint for amount=1
[FEE] 236911326942397 125425 1457343640
      ✓ should mint for amount=1
[FEE] 229851527468192 123455 1436477953
      ✓ should mint for amount=1
[FEE] 223182282086608 121608 1415982293
      ✓ should mint for amount=1
[FEE] 216890628074546 119876 1395946576
      ✓ should mint for amount=1
[FEE] 210962844644675 118252 1376441419
      ✓ should mint for amount=1
[FEE] 205385030723472 116730 1357520999
      ✓ should mint for amount=1
[FEE] 200140082897794 115303 1339225539
      ✓ should mint for amount=1
[FEE] 195211695604323 113965 1321583456
      ✓ should mint for amount=1
[FEE] 190582918100984 112710 1304613226
      ✓ should mint for amount=1
[FEE] 186239782025122 111534 1288324991
      ✓ should mint for amount=1
[FEE] 182166375485274 110432 1272721950
      ✓ should mint for amount=1
[FEE] 178345130472042 109398 1257801557
      ✓ should mint for amount=1
[FEE] 174763501571859 108429 1243556551
      ✓ should mint for amount=1
[FEE] 171407421128895 107521 1229975839
      ✓ should mint for amount=1
[FEE] 168263054499507 106670 1217045256
      ✓ should mint for amount=1
[FEE] 165315300607365 105871 1204748212
      ✓ should mint for amount=1
[FEE] 162555642745268 105123 1193066243
      ✓ should mint for amount=1
[FEE] 159969626772838 104421 1181979483
      ✓ should mint for amount=1
[FEE] 157547801107989 103763 1171467059
      ✓ should mint for amount=1
[FEE] 155279501223516 103146 1161507427
      ✓ should mint for amount=1
[FEE] 153155910522439 102568 1152078651
      ✓ should mint for amount=1
[FEE] 151165558323483 102025 1143158641
      ✓ should mint for amount=1
[FEE] 149303254983749 101517 1134725345
      ✓ should mint for amount=1
[FEE] 147559648425054 101041 1126756911
      ✓ should mint for amount=1
[FEE] 145927178984420 100595 1119231814
      ✓ should mint for amount=1
[FEE] 144397137486051 100176 1112128965
      ✓ should mint for amount=1
[FEE] 142965429599665 99784 1105427791
      ✓ should mint for amount=1
[FEE] 141623889775557 99416 1099108300
      ✓ should mint for amount=1
[FEE] 140367479324544 99071 1093151132
      ✓ should mint for amount=1
[FEE] 139189967697490 98747 1087537593
      ✓ should mint for amount=1
[FEE] 138088166291958 98444 1082249678
      ✓ should mint for amount=1
[FEE] 137056266389463 98160 1077270089
      ✓ should mint for amount=1
[FEE] 136090064732464 97894 1072582238
      ✓ should mint for amount=1
[FEE] 135184153303353 97644 1068170249
      ✓ should mint for amount=1
[FEE] 134336074447365 97410 1064018954
      ✓ should mint for amount=1
[FEE] 133540761743738 97190 1060113882
      ✓ should mint for amount=1
[FEE] 132794689561246 96983 1056441245
      ✓ should mint for amount=1
[FEE] 132097204194512 96790 1052987924
      ✓ should mint for amount=1
[FEE] 131443670458544 96609 1049741449
      ✓ should mint for amount=1
[FEE] 130830954724506 96439 1046689980
      ✓ should mint for amount=1
[FEE] 130257395821955 96280 1043822284
      ✓ should mint for amount=1
[FEE] 129720081734415 96131 1041127716
      ✓ should mint for amount=1
[FEE] 129216206899265 95991 1038596194
      ✓ should mint for amount=1
[FEE] 128744408553334 95860 1036218177
      ✓ should mint for amount=1
[FEE] 128302065505081 95737 1033984642
      ✓ should mint for amount=1
[FEE] 127887982126415 95622 1031887060
      ✓ should mint for amount=1
[FEE] 127499700185655 95514 1029917375
      ✓ should mint for amount=1
[FEE] 127136171765742 95413 1028067981
      ✓ should mint for amount=1
[FEE] 126795082262775 95318 1026331700
      ✓ should mint for amount=1
[FEE] 126475513788315 95229 1024701762
      ✓ should mint for amount=1
[FEE] 126176604369407 95146 1023171784
      ✓ should mint for amount=1
[FEE] 125896220365909 95068 1021735749
      ✓ should mint for amount=1
[FEE] 125633607627124 94995 1020387990
      ✓ should mint for amount=1
[FEE] 125386737119257 94926 1019123168
      ✓ should mint for amount=1
[FEE] 125154948850668 94861 1017936256
      ✓ should mint for amount=1
[FEE] 124937623369087 94800 1016822523
      ✓ should mint for amount=1
[FEE] 124735495857091 94744 1015777517
      ✓ should mint for amount=1
[FEE] 124545386344638 94691 1014797049
      ✓ should mint for amount=1
[FEE] 124366786918951 94641 1013877180
      ✓ should mint for amount=1
[FEE] 124200533670817 94595 1013014204
      ✓ should mint for amount=1
[FEE] 124043552314458 94551 1012204638
      ✓ should mint for amount=1
[FEE] 123896737188268 94510 1011445207
      ✓ should mint for amount=1
[FEE] 123758384661598 94471 1010732834
      ✓ should mint for amount=1
[FEE] 123629437237038 94435 1010064627
      ✓ should mint for amount=1
[FEE] 123508240163597 94401 1009437869
      ✓ should mint for amount=1
[FEE] 123393163250780 94368 1008850007
      ✓ should mint for amount=1
[FEE] 123285213002111 94337 1008298644
      ✓ should mint for amount=1
[FEE] 123186717840455 94310 1007781528
      ✓ should mint for amount=1
[FEE] 123093490980177 94284 1007296544
      ✓ should mint for amount=1
[FEE] 123006589752002 94260 1006841707
      ✓ should mint for amount=1
[FEE] 122924475591906 94237 1006415152
      ✓ should mint for amount=1
[FEE] 122846930615303 94215 1006015129
      ✓ should mint for amount=1
[FEE] 122775053946980 94195 1005639996
      ✓ should mint for amount=1
[FEE] 122707349432863 94176 1005288210
      ✓ should mint for amount=1
[FEE] 122643637512555 94158 1004958325
      ✓ should mint for amount=1
[FEE] 122585051557329 94142 1004648981
      ✓ should mint for amount=1
[FEE] 122527527318231 94125 1004358905
      ✓ should mint for amount=1

·----------------------------------------|---------------------------|-------------|----------------------------·
|          [90mSolc version: 0.8.17[39m          ·  [90mOptimizer enabled: true[39m  ·  [90mRuns: 200[39m  ·  [90mBlock limit: 8000000 gas[39m  │
·········································|···························|·············|·····························
|  [32m[1mMethods[22m[39m                                                                                                      │
···················|·····················|·············|·············|·············|··············|··············
|  [1mContract[22m        ·  [1mMethod[22m             ·  [32mMin[39m        ·  [32mMax[39m        ·  [32mAvg[39m        ·  [1m# calls[22m     ·  [1musd (avg)[22m  │
···················|·····················|·············|·············|·············|··············|··············
|  [90mXPowerThorTest[39m  ·  init               ·          -  ·          -  ·      67353  ·           [90m1[39m  ·          [32m[90m-[32m[39m  │
···················|·····················|·············|·············|·············|··············|··············
|  [90mXPowerThorTest[39m  ·  mint               ·     [36m127291[39m  ·     [31m229542[39m  ·     128459  ·          [90m89[39m  ·          [32m[90m-[32m[39m  │
···················|·····················|·············|·············|·············|··············|··············
|  [90mXPowerThorTest[39m  ·  transferOwnership  ·          -  ·          -  ·      28656  ·           [90m1[39m  ·          [32m[90m-[32m[39m  │
···················|·····················|·············|·············|·············|··············|··············
|  [32m[1mDeployments[22m[39m                           ·                                         ·  [1m% of limit[22m  ·             │
·········································|·············|·············|·············|··············|··············
|  XPowerThorTest                        ·          -  ·          -  ·    3331941  ·      [90m41.6 %[39m  ·          [32m[90m-[32m[39m  │
·----------------------------------------|-------------|-------------|-------------|--------------|-------------·

  89 passing (15s)

