
> xpower@6.0.0 test-gas
> REPORT_GAS=true npm test ./test/contracts/XPower.fees.1-thor.test.js


> xpower@6.0.0 test
> hardhat test ./test/contracts/XPower.fees.1-thor.test.js


  XPowerThor
    mint
[FEE] 348822982083776 162305 1658186771
      ✓ should mint for amount=1
[FEE] 338642451344703 158030 1653339774
      ✓ should mint for amount=1
[FEE] 328267719776108 154021 1644403885
      ✓ should mint for amount=1
[FEE] 317874851559562 150263 1632166161
      ✓ should mint for amount=1
[FEE] 307594728381212 146740 1617300154
      ✓ should mint for amount=1
[FEE] 297523473508826 143436 1600380771
      ✓ should mint for amount=1
[FEE] 287739509138416 140340 1581897285
      ✓ should mint for amount=1
[FEE] 278290281349985 137437 1562264728
      ✓ should mint for amount=1
[FEE] 269213282508072 134716 1541833788
      ✓ should mint for amount=1
[FEE] 260529387279626 132165 1520899483
      ✓ should mint for amount=1
[FEE] 252249903621241 129773 1499708728
      ✓ should mint for amount=1
[FEE] 244378907917711 127530 1478466929
      ✓ should mint for amount=1
[FEE] 236917009316851 125428 1457343737
      ✓ should mint for amount=1
[FEE] 229855267598276 123457 1436478056
      ✓ should mint for amount=1
[FEE] 223185969471596 121610 1415982400
      ✓ should mint for amount=1
[FEE] 216894263748725 119878 1395946686
      ✓ should mint for amount=1
[FEE] 210966429832445 118254 1376441531
      ✓ should mint for amount=1
[FEE] 205386807307831 116731 1357521112
      ✓ should mint for amount=1
[FEE] 200138363561405 115302 1339225649
      ✓ should mint for amount=1
[FEE] 195209998204597 113964 1321583561
      ✓ should mint for amount=1
[FEE] 190579550881088 112708 1304613326
      ✓ should mint for amount=1
[FEE] 186234786060499 111531 1288325084
      ✓ should mint for amount=1
[FEE] 182161438912276 110429 1272722035
      ✓ should mint for amount=1
[FEE] 178341881049082 109396 1257801635
      ✓ should mint for amount=1
[FEE] 174760287993219 108427 1243556622
      ✓ should mint for amount=1
[FEE] 171401053481980 107517 1229975904
      ✓ should mint for amount=1
[FEE] 168253598016818 106664 1217045314
      ✓ should mint for amount=1
[FEE] 165307500212256 105866 1204748263
      ✓ should mint for amount=1
[FEE] 162547917188467 105118 1193066288
      ✓ should mint for amount=1
[FEE] 159963504314392 104417 1181979523
      ✓ should mint for amount=1
[FEE] 157540214235446 103758 1171467095
      ✓ should mint for amount=1
[FEE] 155271978197357 103141 1161507458
      ✓ should mint for amount=1
[FEE] 153148448044684 102563 1152078678
      ✓ should mint for amount=1
[FEE] 151159634888487 102021 1143158665
      ✓ should mint for amount=1
[FEE] 149297374859941 101513 1134725366
      ✓ should mint for amount=1
[FEE] 147553809207094 101037 1126756929
      ✓ should mint for amount=1
[FEE] 145921378508525 100591 1119231830
      ✓ should mint for amount=1
[FEE] 144392815000385 100173 1112128979
      ✓ should mint for amount=1
[FEE] 142961132904481 99781 1105427803
      ✓ should mint for amount=1
[FEE] 141619617517948 99413 1099108311
      ✓ should mint for amount=1
[FEE] 140361813259711 99067 1093151142
      ✓ should mint for amount=1
[FEE] 139185740164885 98744 1087537602
      ✓ should mint for amount=1
[FEE] 138082556481481 98440 1082249686
      ✓ should mint for amount=1
[FEE] 137050682265075 98156 1077270096
      ✓ should mint for amount=1
[FEE] 136084504782551 97890 1072582244
      ✓ should mint for amount=1
[FEE] 135178616098525 97640 1068170254
      ✓ should mint for amount=1
[FEE] 134329179684161 97405 1064018959
      ✓ should mint for amount=1
[FEE] 133535266177553 97186 1060113886
      ✓ should mint for amount=1
[FEE] 132790582291857 96980 1056441249
      ✓ should mint for amount=1
[FEE] 132093110226262 96787 1052987927
      ✓ should mint for amount=1
[FEE] 131439588987685 96606 1049741451
      ✓ should mint for amount=1
[FEE] 130828241612017 96437 1046689981
      ✓ should mint for amount=1
[FEE] 130254690142923 96278 1043822285
      ✓ should mint for amount=1
[FEE] 129717383040068 96129 1041127717
      ✓ should mint for amount=1
[FEE] 129214860895323 95990 1038596195
      ✓ should mint for amount=1
[FEE] 128743065631379 95859 1036218178
      ✓ should mint for amount=1
[FEE] 128300725477859 95736 1033984643
      ✓ should mint for amount=1
[FEE] 127886644817729 95621 1031887061
      ✓ should mint for amount=1
[FEE] 127498365429744 95513 1029917376
      ✓ should mint for amount=1
[FEE] 127134839406707 95412 1028067982
      ✓ should mint for amount=1
[FEE] 126792421921717 95316 1026331701
      ✓ should mint for amount=1
[FEE] 126471529552547 95226 1024701763
      ✓ should mint for amount=1
[FEE] 126172626082562 95143 1023171785
      ✓ should mint for amount=1
[FEE] 125892247662714 95065 1021735750
      ✓ should mint for amount=1
[FEE] 125629640164340 94992 1020387991
      ✓ should mint for amount=1
[FEE] 125382774574406 94923 1019123169
      ✓ should mint for amount=1
[FEE] 125152310271750 94859 1017936257
      ✓ should mint for amount=1
[FEE] 124936305584537 94799 1016822524
      ✓ should mint for amount=1
[FEE] 124734179426905 94743 1015777518
      ✓ should mint for amount=1
[FEE] 124544071185171 94690 1014797050
      ✓ should mint for amount=1
[FEE] 124365472829002 94640 1013877180
      ✓ should mint for amount=1
[FEE] 124199220699374 94594 1013014204
      ✓ should mint for amount=1
[FEE] 124042240392296 94550 1012204638
      ✓ should mint for amount=1
[FEE] 123894115312547 94508 1011445207
      ✓ should mint for amount=1
[FEE] 123755764632496 94469 1010732834
      ✓ should mint for amount=1
[FEE] 123626818940067 94433 1010064627
      ✓ should mint for amount=1
[FEE] 123505623491313 94399 1009437869
      ✓ should mint for amount=1
[FEE] 123393163250780 94368 1008850007
      ✓ should mint for amount=1
[FEE] 123286519861699 94338 1008298644
      ✓ should mint for amount=1
[FEE] 123185411651103 94309 1007781528
      ✓ should mint for amount=1
[FEE] 123092185419414 94283 1007296544
      ✓ should mint for amount=1
[FEE] 123005284780754 94259 1006841707
      ✓ should mint for amount=1
[FEE] 122923171173518 94236 1006415152
      ✓ should mint for amount=1
[FEE] 122846930615303 94215 1006015129
      ✓ should mint for amount=1
[FEE] 122773750533275 94194 1005639996
      ✓ should mint for amount=1
[FEE] 122704743517355 94174 1005288210
      ✓ should mint for amount=1
[FEE] 122642334982366 94157 1004958325
      ✓ should mint for amount=1
[FEE] 122583749428082 94141 1004648981
      ✓ should mint for amount=1
[FEE] 122528829071509 94126 1004358905
      ✓ should mint for amount=1
[FEE] 122476124251455 94111 1004086900
      ✓ should mint for amount=1
[FEE] 122428099095209 94098 1003831843
      ✓ should mint for amount=1
[FEE] 122382020954529 94085 1003592682
      ✓ should mint for amount=1
[FEE] 122339069031479 94073 1003368429
      ✓ should mint for amount=1
[FEE] 122299128744116 94062 1003158157
      ✓ should mint for amount=1

·----------------------------------------|---------------------------|-------------|----------------------------·
|          [90mSolc version: 0.8.17[39m          ·  [90mOptimizer enabled: true[39m  ·  [90mRuns: 200[39m  ·  [90mBlock limit: 8000000 gas[39m  │
·········································|···························|·············|·····························
|  [32m[1mMethods[22m[39m                                                                                                      │
···················|·····················|·············|·············|·············|··············|··············
|  [1mContract[22m        ·  [1mMethod[22m             ·  [32mMin[39m        ·  [32mMax[39m        ·  [32mAvg[39m        ·  [1m# calls[22m     ·  [1musd (avg)[22m  │
···················|·····················|·············|·············|·············|··············|··············
|  [90mXPowerThorTest[39m  ·  init               ·          -  ·          -  ·      67353  ·           [90m1[39m  ·          [32m[90m-[32m[39m  │
···················|·····················|·············|·············|·············|··············|··············
|  [90mXPowerThorTest[39m  ·  mint               ·     [36m127291[39m  ·     [31m229547[39m  ·     128396  ·          [90m94[39m  ·          [32m[90m-[32m[39m  │
···················|·····················|·············|·············|·············|··············|··············
|  [90mXPowerThorTest[39m  ·  transferOwnership  ·          -  ·          -  ·      28656  ·           [90m1[39m  ·          [32m[90m-[32m[39m  │
···················|·····················|·············|·············|·············|··············|··············
|  [32m[1mDeployments[22m[39m                           ·                                         ·  [1m% of limit[22m  ·             │
·········································|·············|·············|·············|··············|··············
|  XPowerThorTest                        ·          -  ·          -  ·    3331941  ·      [90m41.6 %[39m  ·          [32m[90m-[32m[39m  │
·----------------------------------------|-------------|-------------|-------------|--------------|-------------·

  94 passing (17s)

