
> xpower@6.0.0 test-gas
> REPORT_GAS=true npm test ./test/contracts/XPower.fees.1-thor.test.js


> xpower@6.0.0 test
> hardhat test ./test/contracts/XPower.fees.1-thor.test.js


  XPowerThor
    mint
[FEE] 348822982083776 162305 1658186771
      ✓ should mint for amount=1
[FEE] 338638165545155 158028 1653339774
      ✓ should mint for amount=1
[FEE] 328265583267899 154020 1644403859
      ✓ should mint for amount=1
[FEE] 317870612466748 150261 1632166119
      ✓ should mint for amount=1
[FEE] 307590521739757 146738 1617300079
      ✓ should mint for amount=1
[FEE] 297519306027651 143434 1600380669
      ✓ should mint for amount=1
[FEE] 287733335311408 140337 1581897159
      ✓ should mint for amount=1
[FEE] 278286204381951 137435 1562264575
      ✓ should mint for amount=1
[FEE] 269209255374186 134714 1541833614
      ✓ should mint for amount=1
[FEE] 260525411903761 132163 1520899291
      ✓ should mint for amount=1
[FEE] 252245981416708 129771 1499708522
      ✓ should mint for amount=1
[FEE] 244376955968461 127529 1478466713
      ✓ should mint for amount=1
[FEE] 236915084358523 125427 1457343515
      ✓ should mint for amount=1
[FEE] 229853369451100 123456 1436477829
      ✓ should mint for amount=1
[FEE] 223180427597675 121607 1415982171
      ✓ should mint for amount=1
[FEE] 216888799517111 119875 1395946452
      ✓ should mint for amount=1
[FEE] 210961041475685 118251 1376441294
      ✓ should mint for amount=1
[FEE] 205383252475184 116729 1357520875
      ✓ should mint for amount=1
[FEE] 200138328890549 115302 1339225417
      ✓ should mint for amount=1
[FEE] 195209964970035 113964 1321583336
      ✓ should mint for amount=1
[FEE] 190582900863090 112710 1304613108
      ✓ should mint for amount=1
[FEE] 186239765400765 111534 1288324876
      ✓ should mint for amount=1
[FEE] 182164710018231 110431 1272721839
      ✓ should mint for amount=1
[FEE] 178343485059294 109397 1257801450
      ✓ should mint for amount=1
[FEE] 174761875178102 108428 1243556447
      ✓ should mint for amount=1
[FEE] 171405813016970 107520 1229975739
      ✓ should mint for amount=1
[FEE] 168261463672019 106669 1217045159
      ✓ should mint for amount=1
[FEE] 165315287708704 105871 1204748118
      ✓ should mint for amount=1
[FEE] 162555630482740 105123 1193066153
      ✓ should mint for amount=1
[FEE] 159969615133560 104421 1181979397
      ✓ should mint for amount=1
[FEE] 157547790080005 103763 1171466977
      ✓ should mint for amount=1
[FEE] 155279490662171 103146 1161507348
      ✓ should mint for amount=1
[FEE] 153155900552032 102568 1152078576
      ✓ should mint for amount=1
[FEE] 151167030586835 102026 1143158570
      ✓ should mint for amount=1
[FEE] 149304716889735 101518 1134725278
      ✓ should mint for amount=1
[FEE] 147561100568302 101042 1126756848
      ✓ should mint for amount=1
[FEE] 145927171291908 100595 1119231755
      ✓ should mint for amount=1
[FEE] 144397130215096 100176 1112128909
      ✓ should mint for amount=1
[FEE] 142965422745153 99784 1105427738
      ✓ should mint for amount=1
[FEE] 141623883332885 99416 1099108250
      ✓ should mint for amount=1
[FEE] 140367473289448 99071 1093151085
      ✓ should mint for amount=1
[FEE] 139189962066091 98747 1087537549
      ✓ should mint for amount=1
[FEE] 138088161060619 98444 1082249637
      ✓ should mint for amount=1
[FEE] 137056261427667 98160 1077270050
      ✓ should mint for amount=1
[FEE] 136087279682388 97892 1072582201
      ✓ should mint for amount=1
[FEE] 135181379955165 97642 1068170214
      ✓ should mint for amount=1
[FEE] 134333312123311 97408 1064018921
      ✓ should mint for amount=1
[FEE] 133539383821251 97189 1060113851
      ✓ should mint for amount=1
[FEE] 132793316658592 96982 1056441216
      ✓ should mint for amount=1
[FEE] 132094471244377 96788 1052987897
      ✓ should mint for amount=1
[FEE] 131440946055493 96607 1049741423
      ✓ should mint for amount=1
[FEE] 130828238362216 96437 1046689955
      ✓ should mint for amount=1
[FEE] 130253334246173 96277 1043822261
      ✓ should mint for amount=1
[FEE] 129716030889576 96128 1041127695
      ✓ should mint for amount=1
[FEE] 129213512278733 95989 1038596175
      ✓ should mint for amount=1
[FEE] 128741720348825 95858 1036218160
      ✓ should mint for amount=1
[FEE] 128299383217150 95735 1033984626
      ✓ should mint for amount=1
[FEE] 127885305402171 95620 1031887045
      ✓ should mint for amount=1
[FEE] 127497028693136 95512 1029917361
      ✓ should mint for amount=1
[FEE] 127132172710049 95410 1028067968
      ✓ should mint for amount=1
[FEE] 126791090083421 95315 1026331688
      ✓ should mint for amount=1
[FEE] 126471528071474 95226 1024701751
      ✓ should mint for amount=1
[FEE] 126172624602779 95143 1023171773
      ✓ should mint for amount=1
[FEE] 125892246307359 95065 1021735739
      ✓ should mint for amount=1
[FEE] 125629638810026 94992 1020387980
      ✓ should mint for amount=1
[FEE] 125382773221075 94923 1019123158
      ✓ should mint for amount=1
[FEE] 125152309042279 94859 1017936247
      ✓ should mint for amount=1
[FEE] 124936304478713 94799 1016822515
      ✓ should mint for amount=1
[FEE] 124734178444531 94743 1015777510
      ✓ should mint for amount=1
[FEE] 124542755043887 94689 1014797043
      ✓ should mint for amount=1
[FEE] 124364158003080 94639 1013877174
      ✓ should mint for amount=1
[FEE] 124196594020881 94592 1013014198
      ✓ should mint for amount=1
[FEE] 124040927734863 94549 1012204632
      ✓ should mint for amount=1
[FEE] 123894114577594 94508 1011445201
      ✓ should mint for amount=1
[FEE] 123757073912390 94470 1010732828
      ✓ should mint for amount=1
[FEE] 123628127354175 94434 1010064621
      ✓ should mint for amount=1
[FEE] 123506931093342 94400 1009437863
      ✓ should mint for amount=1
[FEE] 123393162516915 94368 1008850001
      ✓ should mint for amount=1
[FEE] 123285212268488 94337 1008298638
      ✓ should mint for amount=1
[FEE] 123185410917697 94309 1007781522
      ✓ should mint for amount=1
[FEE] 123092184686211 94283 1007296538
      ✓ should mint for amount=1
[FEE] 123005284047738 94259 1006841701
      ✓ should mint for amount=1
[FEE] 122923170440680 94236 1006415146
      ✓ should mint for amount=1
[FEE] 122846930004741 94215 1006015124
      ✓ should mint for amount=1
[FEE] 122773749922849 94194 1005639991
      ✓ should mint for amount=1
[FEE] 122706045986867 94175 1005288206
      ✓ should mint for amount=1
[FEE] 122642334494217 94157 1004958321
      ✓ should mint for amount=1
[FEE] 122582446932790 94140 1004648978
      ✓ should mint for amount=1
[FEE] 122527526952244 94125 1004358902
      ✓ should mint for amount=1
[FEE] 122474822484794 94110 1004086897
      ✓ should mint for amount=1
[FEE] 122425496710991 94096 1003831841
      ✓ should mint for amount=1
[FEE] 122380719950470 94084 1003592680
      ✓ should mint for amount=1
[FEE] 122337768318106 94072 1003368427
      ✓ should mint for amount=1
[FEE] 122297828303306 94061 1003158155
      ✓ should mint for amount=1
[FEE] 122260792437612 94051 1002960994
      ✓ should mint for amount=1
[FEE] 122225260282012 94041 1002776128
      ✓ should mint for amount=1

·----------------------------------------|---------------------------|-------------|----------------------------·
|          [90mSolc version: 0.8.17[39m          ·  [90mOptimizer enabled: true[39m  ·  [90mRuns: 200[39m  ·  [90mBlock limit: 8000000 gas[39m  │
·········································|···························|·············|·····························
|  [32m[1mMethods[22m[39m                                                                                                      │
···················|·····················|·············|·············|·············|··············|··············
|  [1mContract[22m        ·  [1mMethod[22m             ·  [32mMin[39m        ·  [32mMax[39m        ·  [32mAvg[39m        ·  [1m# calls[22m     ·  [1musd (avg)[22m  │
···················|·····················|·············|·············|·············|··············|··············
|  [90mXPowerThorTest[39m  ·  init               ·          -  ·          -  ·      67353  ·           [90m1[39m  ·          [32m[90m-[32m[39m  │
···················|·····················|·············|·············|·············|··············|··············
|  [90mXPowerThorTest[39m  ·  mint               ·     [36m127291[39m  ·     [31m229547[39m  ·     128374  ·          [90m96[39m  ·          [32m[90m-[32m[39m  │
···················|·····················|·············|·············|·············|··············|··············
|  [90mXPowerThorTest[39m  ·  transferOwnership  ·          -  ·          -  ·      28656  ·           [90m1[39m  ·          [32m[90m-[32m[39m  │
···················|·····················|·············|·············|·············|··············|··············
|  [32m[1mDeployments[22m[39m                           ·                                         ·  [1m% of limit[22m  ·             │
·········································|·············|·············|·············|··············|··············
|  XPowerThorTest                        ·          -  ·          -  ·    3331941  ·      [90m41.6 %[39m  ·          [32m[90m-[32m[39m  │
·----------------------------------------|-------------|-------------|-------------|--------------|-------------·

  96 passing (16s)

