
> xpower@6.0.0 test-gas
> REPORT_GAS=true npm test ./test/contracts/XPower.fees.1-thor.test.js


> xpower@6.0.0 test
> hardhat test ./test/contracts/XPower.fees.1-thor.test.js


  XPowerThor
    mint
[FEE] 348784296808045 162287 1658186771
      ✓ should mint for amount=1
[FEE] 338603874438366 158012 1653339751
      ✓ should mint for amount=1
[FEE] 328233609307633 154005 1644403838
      ✓ should mint for amount=1
[FEE] 317843107637221 150248 1632166099
      ✓ should mint for amount=1
[FEE] 307565366906127 146726 1617300076
      ✓ should mint for amount=1
[FEE] 297498565479635 143424 1600380680
      ✓ should mint for amount=1
[FEE] 287716939800981 140329 1581897197
      ✓ should mint for amount=1
[FEE] 278270018173459 137427 1562264646
      ✓ should mint for amount=1
[FEE] 269191286574327 134705 1541833709
      ✓ should mint for amount=1
[FEE] 260507689213986 132154 1520899399
      ✓ should mint for amount=1
[FEE] 252230450704379 129763 1499708638
      ✓ should mint for amount=1
[FEE] 244361646328710 127521 1478466836
      ✓ should mint for amount=1
[FEE] 236901883250312 125420 1457343644
      ✓ should mint for amount=1
[FEE] 229838496457624 123448 1436477964
      ✓ should mint for amount=1
[FEE] 223169437001211 121601 1415982304
      ✓ should mint for amount=1
[FEE] 216876155451506 119868 1395946587
      ✓ should mint for amount=1
[FEE] 210950357488650 118245 1376441425
      ✓ should mint for amount=1
[FEE] 205370955122281 116722 1357521001
      ✓ should mint for amount=1
[FEE] 200126196098803 115295 1339225535
      ✓ should mint for amount=1
[FEE] 195199703910695 113958 1321583447
      ✓ should mint for amount=1
[FEE] 190572770717933 112704 1304613213
      ✓ should mint for amount=1
[FEE] 186228091092931 111527 1288324975
      ✓ should mint for amount=1
[FEE] 182154825565559 110425 1272721930
      ✓ should mint for amount=1
[FEE] 178333715522419 109391 1257801534
      ✓ should mint for amount=1
[FEE] 174753827108245 108423 1243556524
      ✓ should mint for amount=1
[FEE] 171396257854240 107514 1229975810
      ✓ should mint for amount=1
[FEE] 168252008157733 106663 1217045224
      ✓ should mint for amount=1
[FEE] 165305926933358 105865 1204748177
      ✓ should mint for amount=1
[FEE] 162546359815209 105117 1193066207
      ✓ should mint for amount=1
[FEE] 159961961925661 104416 1181979446
      ✓ should mint for amount=1
[FEE] 157538686075600 103757 1171467022
      ✓ should mint for amount=1
[FEE] 155271968973338 103141 1161507389
      ✓ should mint for amount=1
[FEE] 153148439404085 102563 1152078613
      ✓ should mint for amount=1
[FEE] 151159626690240 102021 1143158603
      ✓ should mint for amount=1
[FEE] 149297367228802 101513 1134725308
      ✓ should mint for amount=1
[FEE] 147553802135555 101037 1126756875
      ✓ should mint for amount=1
[FEE] 145921371859331 100591 1119231779
      ✓ should mint for amount=1
[FEE] 144392808768324 100173 1112128931
      ✓ should mint for amount=1
[FEE] 142961127084788 99781 1105427758
      ✓ should mint for amount=1
[FEE] 141619611977417 99413 1099108268
      ✓ should mint for amount=1
[FEE] 140363224832437 99068 1093151101
      ✓ should mint for amount=1
[FEE] 139187144735013 98745 1087537563
      ✓ should mint for amount=1
[FEE] 138085357303817 98442 1082249650
      ✓ should mint for amount=1
[FEE] 137053470446979 98158 1077270062
      ✓ should mint for amount=1
[FEE] 136085890900290 97891 1072582212
      ✓ should mint for amount=1
[FEE] 135179996761342 97641 1068170224
      ✓ should mint for amount=1
[FEE] 134330555101855 97406 1064018930
      ✓ should mint for amount=1
[FEE] 133536636794028 97187 1060113859
      ✓ should mint for amount=1
[FEE] 132791948281120 96981 1056441223
      ✓ should mint for amount=1
[FEE] 132093107215559 96787 1052987903
      ✓ should mint for amount=1
[FEE] 131439586233034 96606 1049741429
      ✓ should mint for amount=1
[FEE] 130828238987178 96437 1046689960
      ✓ should mint for amount=1
[FEE] 130253334745313 96277 1043822265
      ✓ should mint for amount=1
[FEE] 129716031263352 96128 1041127698
      ✓ should mint for amount=1
[FEE] 129210820270891 95987 1038596177
      ✓ should mint for amount=1
[FEE] 128737691334535 95855 1036218161
      ✓ should mint for amount=1
[FEE] 128295362887376 95732 1033984627
      ✓ should mint for amount=1
[FEE] 127881293228295 95617 1031887046
      ✓ should mint for amount=1
[FEE] 127494359057552 95510 1029917362
      ✓ should mint for amount=1
[FEE] 127130840227367 95409 1028067968
      ✓ should mint for amount=1
[FEE] 126789759851138 95314 1026331688
      ✓ should mint for amount=1
[FEE] 126470199951758 95225 1024701751
      ✓ should mint for amount=1
[FEE] 126171298466073 95142 1023171773
      ✓ should mint for amount=1
[FEE] 125890922031902 95064 1021735739
      ✓ should mint for amount=1
[FEE] 125628316281405 94991 1020387980
      ✓ should mint for amount=1
[FEE] 125382773221075 94923 1019123158
      ✓ should mint for amount=1
[FEE] 125152309042279 94859 1017936247
      ✓ should mint for amount=1
[FEE] 124936304478713 94799 1016822515
      ✓ should mint for amount=1
[FEE] 124734178444531 94743 1015777510
      ✓ should mint for amount=1
[FEE] 124544070326074 94690 1014797043
      ✓ should mint for amount=1
[FEE] 124365472093022 94640 1013877174
      ✓ should mint for amount=1
[FEE] 124196594020881 94592 1013014198
      ✓ should mint for amount=1
[FEE] 124038303890555 94547 1012204632
      ✓ should mint for amount=1
[FEE] 123891492701889 94506 1011445201
      ✓ should mint for amount=1
[FEE] 123754453883303 94468 1010732828
      ✓ should mint for amount=1
[FEE] 123625509057220 94432 1010064621
      ✓ should mint for amount=1
[FEE] 123504314421073 94398 1009437863
      ✓ should mint for amount=1
[FEE] 123391854942711 94367 1008850001
      ✓ should mint for amount=1
[FEE] 123285212268488 94337 1008298638
      ✓ should mint for amount=1
[FEE] 123185410917697 94309 1007781522
      ✓ should mint for amount=1
[FEE] 123092184686211 94283 1007296538
      ✓ should mint for amount=1
[FEE] 123002674105259 94257 1006841701
      ✓ should mint for amount=1
[FEE] 122920561603921 94234 1006415146
      ✓ should mint for amount=1
[FEE] 122844322204922 94213 1006015124
      ✓ should mint for amount=1
[FEE] 122772446509151 94193 1005639991
      ✓ should mint for amount=1
[FEE] 122703440071369 94173 1005288206
      ✓ should mint for amount=1
[FEE] 122641031964034 94156 1004958321
      ✓ should mint for amount=1
[FEE] 122582446932790 94140 1004648978
      ✓ should mint for amount=1
[FEE] 122526225198969 94124 1004358902
      ✓ should mint for amount=1
[FEE] 122474822484794 94110 1004086897
      ✓ should mint for amount=1
[FEE] 122425496710991 94096 1003831841
      ✓ should mint for amount=1
[FEE] 122380719950470 94084 1003592680
      ✓ should mint for amount=1
[FEE] 122337768318106 94072 1003368427
      ✓ should mint for amount=1
[FEE] 122297828303306 94061 1003158155
      ✓ should mint for amount=1
[FEE] 122259492496172 94050 1002960994
      ✓ should mint for amount=1
[FEE] 122223960580177 94040 1002776128
      ✓ should mint for amount=1
[FEE] 122191138246758 94031 1002602793
      ✓ should mint for amount=1
[FEE] 122160936798513 94023 1002440270
      ✓ should mint for amount=1
[FEE] 122130675121065 94014 1002287886
      ✓ should mint for amount=1
[FEE] 122102874339434 94006 1002145010
      ✓ should mint for amount=1

·----------------------------------------|---------------------------|-------------|----------------------------·
|          [90mSolc version: 0.8.17[39m          ·  [90mOptimizer enabled: true[39m  ·  [90mRuns: 200[39m  ·  [90mBlock limit: 8000000 gas[39m  │
·········································|···························|·············|·····························
|  [32m[1mMethods[22m[39m                                                                                                      │
···················|·····················|·············|·············|·············|··············|··············
|  [1mContract[22m        ·  [1mMethod[22m             ·  [32mMin[39m        ·  [32mMax[39m        ·  [32mAvg[39m        ·  [1m# calls[22m     ·  [1musd (avg)[22m  │
···················|·····················|·············|·············|·············|··············|··············
|  [90mXPowerThorTest[39m  ·  init               ·          -  ·          -  ·      67353  ·           [90m1[39m  ·          [32m[90m-[32m[39m  │
···················|·····················|·············|·············|·············|··············|··············
|  [90mXPowerThorTest[39m  ·  mint               ·     [36m127291[39m  ·     [31m229529[39m  ·     128330  ·         [90m100[39m  ·          [32m[90m-[32m[39m  │
···················|·····················|·············|·············|·············|··············|··············
|  [90mXPowerThorTest[39m  ·  transferOwnership  ·          -  ·          -  ·      28656  ·           [90m1[39m  ·          [32m[90m-[32m[39m  │
···················|·····················|·············|·············|·············|··············|··············
|  [32m[1mDeployments[22m[39m                           ·                                         ·  [1m% of limit[22m  ·             │
·········································|·············|·············|·············|··············|··············
|  XPowerThorTest                        ·          -  ·          -  ·    3331941  ·      [90m41.6 %[39m  ·          [32m[90m-[32m[39m  │
·----------------------------------------|-------------|-------------|-------------|--------------|-------------·

  100 passing (15s)

