
> xpower@6.0.0 test-gas
> REPORT_GAS=true npm test ./test/contracts/XPower.fees.1-thor.test.js


> xpower@6.0.0 test
> hardhat test ./test/contracts/XPower.fees.1-thor.test.js


  XPowerThor
    mint
[FEE] 348822982083776 162305 1658186771
      ✓ should mint for amount=1
[FEE] 338642451344703 158030 1653339774
      ✓ should mint for amount=1
[FEE] 328265588458172 154020 1644403885
      ✓ should mint for amount=1
[FEE] 317872732597393 150262 1632166143
      ✓ should mint for amount=1
[FEE] 307592625916286 146739 1617300121
      ✓ should mint for amount=1
[FEE] 297523465142970 143436 1600380726
      ✓ should mint for amount=1
[FEE] 287739501498818 140340 1581897243
      ✓ should mint for amount=1
[FEE] 278290274402814 137437 1562264689
      ✓ should mint for amount=1
[FEE] 269213276222260 134716 1541833752
      ✓ should mint for amount=1
[FEE] 260529381626741 132165 1520899450
      ✓ should mint for amount=1
[FEE] 252249898407064 129773 1499708697
      ✓ should mint for amount=1
[FEE] 244380819701224 127531 1478466902
      ✓ should mint for amount=1
[FEE] 236918894608922 125429 1457343715
      ✓ should mint for amount=1
[FEE] 229857126382505 123458 1436478037
      ✓ should mint for amount=1
[FEE] 223184131374467 121609 1415982382
      ✓ should mint for amount=1
[FEE] 216892451194247 119877 1395946665
      ✓ should mint for amount=1
[FEE] 210964642143068 118253 1376441507
      ✓ should mint for amount=1
[FEE] 205385043886066 116730 1357521086
      ✓ should mint for amount=1
[FEE] 200140095301699 115303 1339225622
      ✓ should mint for amount=1
[FEE] 195211707273449 113965 1321583535
      ✓ should mint for amount=1
[FEE] 190582929057272 112710 1304613301
      ✓ should mint for amount=1
[FEE] 186238122485995 111533 1288325062
      ✓ should mint for amount=1
[FEE] 182161436192855 110429 1272722016
      ✓ should mint for amount=1
[FEE] 178340248255577 109395 1257801617
      ✓ should mint for amount=1
[FEE] 174758673825865 108426 1243556605
      ✓ should mint for amount=1
[FEE] 171401051252329 107517 1229975888
      ✓ should mint for amount=1
[FEE] 168255173360001 106665 1217045299
      ✓ should mint for amount=1
[FEE] 165309059769915 105867 1204748249
      ✓ should mint for amount=1
[FEE] 162549461754894 105119 1193066275
      ✓ should mint for amount=1
[FEE] 159965034658369 104418 1181979511
      ✓ should mint for amount=1
[FEE] 157541730964477 103759 1171467083
      ✓ should mint for amount=1
[FEE] 155273482160944 103142 1161507447
      ✓ should mint for amount=1
[FEE] 153149939928768 102564 1152078668
      ✓ should mint for amount=1
[FEE] 151161115218335 102022 1143158655
      ✓ should mint for amount=1
[FEE] 149298844397516 101514 1134725357
      ✓ should mint for amount=1
[FEE] 147555268553257 101038 1126756921
      ✓ should mint for amount=1
[FEE] 145921377465515 100591 1119231822
      ✓ should mint for amount=1
[FEE] 144391372527250 100172 1112128971
      ✓ should mint for amount=1
[FEE] 142959699120830 99780 1105427795
      ✓ should mint for amount=1
[FEE] 141616767370507 99411 1099108303
      ✓ should mint for amount=1
[FEE] 140358978558075 99065 1093151134
      ✓ should mint for amount=1
[FEE] 139182920018058 98742 1087537594
      ✓ should mint for amount=1
[FEE] 138079750045181 98438 1082249678
      ✓ should mint for amount=1
[FEE] 137047888739850 98154 1077270088
      ✓ should mint for amount=1
[FEE] 136081723411968 97888 1072582236
      ✓ should mint for amount=1
[FEE] 135177230753271 97639 1068170247
      ✓ should mint for amount=1
[FEE] 134329178800432 97405 1064018952
      ✓ should mint for amount=1
[FEE] 133535265421774 97186 1060113880
      ✓ should mint for amount=1
[FEE] 132790581537680 96980 1056441243
      ✓ should mint for amount=1
[FEE] 132093109599033 96787 1052987922
      ✓ should mint for amount=1
[FEE] 131439588486839 96606 1049741447
      ✓ should mint for amount=1
[FEE] 130826884493311 96436 1046689977
      ✓ should mint for amount=1
[FEE] 130253336741872 96277 1043822281
      ✓ should mint for amount=1
[FEE] 129716033132230 96128 1041127713
      ✓ should mint for amount=1
[FEE] 129210822012618 95987 1038596191
      ✓ should mint for amount=1
[FEE] 128739035995823 95856 1036218174
      ✓ should mint for amount=1
[FEE] 128298044678921 95734 1033984639
      ✓ should mint for amount=1
[FEE] 127883969456755 95619 1031887057
      ✓ should mint for amount=1
[FEE] 127495695175162 95511 1029917372
      ✓ should mint for amount=1
[FEE] 127130841463966 95409 1028067978
      ✓ should mint for amount=1
[FEE] 126791091195264 95315 1026331697
      ✓ should mint for amount=1
[FEE] 126471529058856 95226 1024701759
      ✓ should mint for amount=1
[FEE] 126172625589301 95143 1023171781
      ✓ should mint for amount=1
[FEE] 125892247293071 95065 1021735747
      ✓ should mint for amount=1
[FEE] 125629639794982 94992 1020387988
      ✓ should mint for amount=1
[FEE] 125381453316024 94922 1019123166
      ✓ should mint for amount=1
[FEE] 125150990551978 94858 1017936254
      ✓ should mint for amount=1
[FEE] 124934987431380 94798 1016822522
      ✓ should mint for amount=1
[FEE] 124732862628329 94742 1015777516
      ✓ should mint for amount=1
[FEE] 124542755657521 94689 1014797048
      ✓ should mint for amount=1
[FEE] 124365472706338 94640 1013877179
      ✓ should mint for amount=1
[FEE] 124196594633886 94592 1013014203
      ✓ should mint for amount=1
[FEE] 124040928347589 94549 1012204637
      ✓ should mint for amount=1
[FEE] 123892804252196 94507 1011445206
      ✓ should mint for amount=1
[FEE] 123754454495505 94468 1010732833
      ✓ should mint for amount=1
[FEE] 123625509669188 94432 1010064626
      ✓ should mint for amount=1
[FEE] 123503006696680 94397 1009437868
      ✓ should mint for amount=1
[FEE] 123389240405836 94365 1008850006
      ✓ should mint for amount=1
[FEE] 123283906020253 94336 1008298643
      ✓ should mint for amount=1
[FEE] 123182799150166 94307 1007781527
      ✓ should mint for amount=1
[FEE] 123089574175690 94281 1007296543
      ✓ should mint for amount=1
[FEE] 123002674716093 94257 1006841706
      ✓ should mint for amount=1
[FEE] 122920562214606 94234 1006415151
      ✓ should mint for amount=1
[FEE] 122844322815471 94213 1006015129
      ✓ should mint for amount=1
[FEE] 122772447119570 94193 1005639996
      ✓ should mint for amount=1
[FEE] 122703440559601 94173 1005288210
      ✓ should mint for amount=1
[FEE] 122639729921989 94155 1004958325
      ✓ should mint for amount=1
[FEE] 122581145169589 94139 1004648981
      ✓ should mint for amount=1
[FEE] 122526225564953 94124 1004358905
      ✓ should mint for amount=1
[FEE] 122474822850723 94110 1004086900
      ✓ should mint for amount=1
[FEE] 122426798025058 94097 1003831843
      ✓ should mint for amount=1
[FEE] 122380720194355 94084 1003592682
      ✓ should mint for amount=1
[FEE] 122337768561960 94072 1003368429
      ✓ should mint for amount=1
[FEE] 122297828547132 94061 1003158157
      ✓ should mint for amount=1
[FEE] 122259492739969 94050 1002960996
      ✓ should mint for amount=1
[FEE] 122223960823948 94040 1002776130
      ✓ should mint for amount=1
[FEE] 122191138490506 94031 1002602795
      ✓ should mint for amount=1
[FEE] 122160937042240 94023 1002440272
      ✓ should mint for amount=1
[FEE] 122131974433794 94015 1002287888
      ✓ should mint for amount=1
[FEE] 122104173466960 94007 1002145012
      ✓ should mint for amount=1
[FEE] 122078760431384 94000 1002011052
      ✓ should mint for amount=1

·----------------------------------------|---------------------------|-------------|----------------------------·
|          [90mSolc version: 0.8.17[39m          ·  [90mOptimizer enabled: true[39m  ·  [90mRuns: 200[39m  ·  [90mBlock limit: 8000000 gas[39m  │
·········································|···························|·············|·····························
|  [32m[1mMethods[22m[39m                                                                                                      │
···················|·····················|·············|·············|·············|··············|··············
|  [1mContract[22m        ·  [1mMethod[22m             ·  [32mMin[39m        ·  [32mMax[39m        ·  [32mAvg[39m        ·  [1m# calls[22m     ·  [1musd (avg)[22m  │
···················|·····················|·············|·············|·············|··············|··············
|  [90mXPowerThorTest[39m  ·  init               ·          -  ·          -  ·      67353  ·           [90m1[39m  ·          [32m[90m-[32m[39m  │
···················|·····················|·············|·············|·············|··············|··············
|  [90mXPowerThorTest[39m  ·  mint               ·     [36m127291[39m  ·     [31m229547[39m  ·     128320  ·         [90m101[39m  ·          [32m[90m-[32m[39m  │
···················|·····················|·············|·············|·············|··············|··············
|  [90mXPowerThorTest[39m  ·  transferOwnership  ·          -  ·          -  ·      28656  ·           [90m1[39m  ·          [32m[90m-[32m[39m  │
···················|·····················|·············|·············|·············|··············|··············
|  [32m[1mDeployments[22m[39m                           ·                                         ·  [1m% of limit[22m  ·             │
·········································|·············|·············|·············|··············|··············
|  XPowerThorTest                        ·          -  ·          -  ·    3331941  ·      [90m41.6 %[39m  ·          [32m[90m-[32m[39m  │
·----------------------------------------|-------------|-------------|-------------|--------------|-------------·

  101 passing (17s)

