
> xpower@6.0.0 test-gas
> REPORT_GAS=true npm test ./test/contracts/XPower.fees.1-thor.test.js


> xpower@6.0.0 test
> hardhat test ./test/contracts/XPower.fees.1-thor.test.js


  XPowerThor
    mint
[FEE] 348812236173851 162300 1658186771
      ✓ should mint for amount=1
[FEE] 338631735412114 158025 1653339767
      ✓ should mint for amount=1
[FEE] 328259191110791 154017 1644403868
      ✓ should mint for amount=1
[FEE] 317868500126266 150260 1632166135
      ✓ should mint for amount=1
[FEE] 307588433538992 146737 1617300121
      ✓ should mint for amount=1
[FEE] 297521392742679 143435 1600380736
      ✓ should mint for amount=1
[FEE] 287737454470061 140339 1581897261
      ✓ should mint for amount=1
[FEE] 278288254355338 137436 1562264716
      ✓ should mint for amount=1
[FEE] 269211283433199 134715 1541833784
      ✓ should mint for amount=1
[FEE] 260527416550096 132164 1520899486
      ✓ should mint for amount=1
[FEE] 252246017074402 129771 1499708734
      ✓ should mint for amount=1
[FEE] 244376992001857 127529 1478466931
      ✓ should mint for amount=1
[FEE] 236913231579674 125426 1457343737
      ✓ should mint for amount=1
[FEE] 229851542989208 123455 1436478050
      ✓ should mint for amount=1
[FEE] 223182297217799 121608 1415982389
      ✓ should mint for amount=1
[FEE] 216888833543235 119875 1395946671
      ✓ should mint for amount=1
[FEE] 210961074427779 118251 1376441509
      ✓ should mint for amount=1
[FEE] 205383284246690 116729 1357521085
      ✓ should mint for amount=1
[FEE] 200138359227548 115302 1339225620
      ✓ should mint for amount=1
[FEE] 195209994068740 113964 1321583533
      ✓ should mint for amount=1
[FEE] 190582928765104 112710 1304613299
      ✓ should mint for amount=1
[FEE] 186238122196878 111533 1288325060
      ✓ should mint for amount=1
[FEE] 182163085486293 110430 1272722014
      ✓ should mint for amount=1
[FEE] 178343508454620 109397 1257801615
      ✓ should mint for amount=1
[FEE] 174761897241929 108428 1243556604
      ✓ should mint for amount=1
[FEE] 171405833781173 107520 1229975888
      ✓ should mint for amount=1
[FEE] 168261483304099 106669 1217045301
      ✓ should mint for amount=1
[FEE] 165315306233376 105871 1204748253
      ✓ should mint for amount=1
[FEE] 162555647922780 105123 1193066281
      ✓ should mint for amount=1
[FEE] 159968099541744 104420 1181979518
      ✓ should mint for amount=1
[FEE] 157546287068778 103762 1171467091
      ✓ should mint for amount=1
[FEE] 155277999666371 103145 1161507456
      ✓ should mint for amount=1
[FEE] 153154420898365 102567 1152078678
      ✓ should mint for amount=1
[FEE] 151165561629357 102025 1143158666
      ✓ should mint for amount=1
[FEE] 149301787419854 101516 1134725369
      ✓ should mint for amount=1
[FEE] 147558190912352 101040 1126756933
      ✓ should mint for amount=1
[FEE] 145922829800913 100592 1119231835
      ✓ should mint for amount=1
[FEE] 144394257084033 100174 1112128984
      ✓ should mint for amount=1
[FEE] 142962566300170 99782 1105427808
      ✓ should mint for amount=1
[FEE] 141621042720534 99414 1099108316
      ✓ should mint for amount=1
[FEE] 140364647576178 99069 1093151147
      ✓ should mint for amount=1
[FEE] 139188559927798 98746 1087537607
      ✓ should mint for amount=1
[FEE] 138086765242862 98443 1082249691
      ✓ should mint for amount=1
[FEE] 137053475408674 98158 1077270101
      ✓ should mint for amount=1
[FEE] 136087285772540 97892 1072582249
      ✓ should mint for amount=1
[FEE] 135181385650102 97642 1068170259
      ✓ should mint for amount=1
[FEE] 134333317425847 97408 1064018963
      ✓ should mint for amount=1
[FEE] 133539388733965 97189 1060113890
      ✓ should mint for amount=1
[FEE] 132794690566846 96983 1056441253
      ✓ should mint for amount=1
[FEE] 132097205072661 96790 1052987931
      ✓ should mint for amount=1
[FEE] 131443671209836 96609 1049741455
      ✓ should mint for amount=1
[FEE] 130832311968228 96440 1046689985
      ✓ should mint for amount=1
[FEE] 130258749347815 96281 1043822289
      ✓ should mint for amount=1
[FEE] 129721431766869 96132 1041127721
      ✓ should mint for amount=1
[FEE] 129217553649697 95992 1038596199
      ✓ should mint for amount=1
[FEE] 128745752220761 95861 1036218182
      ✓ should mint for amount=1
[FEE] 128303406276818 95738 1033984647
      ✓ should mint for amount=1
[FEE] 127889320178724 95623 1031887065
      ✓ should mint for amount=1
[FEE] 127499700804635 95514 1029917380
      ✓ should mint for amount=1
[FEE] 127136172260403 95413 1028067985
      ✓ should mint for amount=1
[FEE] 126795082756943 95318 1026331704
      ✓ should mint for amount=1
[FEE] 126475514282022 95229 1024701766
      ✓ should mint for amount=1
[FEE] 126176604862683 95146 1023171788
      ✓ should mint for amount=1
[FEE] 125894896583306 95067 1021735753
      ✓ should mint for amount=1
[FEE] 125632285590978 94994 1020387994
      ✓ should mint for amount=1
[FEE] 125385416599061 94925 1019123171
      ✓ should mint for amount=1
[FEE] 125153629868581 94860 1017936259
      ✓ should mint for amount=1
[FEE] 124936305830275 94799 1016822526
      ✓ should mint for amount=1
[FEE] 124734179672498 94743 1015777520
      ✓ should mint for amount=1
[FEE] 124544071430627 94690 1014797052
      ✓ should mint for amount=1
[FEE] 124364158984376 94639 1013877182
      ✓ should mint for amount=1
[FEE] 124196595001689 94592 1013014206
      ✓ should mint for amount=1
[FEE] 124040928592680 94549 1012204639
      ✓ should mint for amount=1
[FEE] 123894115435039 94508 1011445208
      ✓ should mint for amount=1
[FEE] 123757074769490 94470 1010732835
      ✓ should mint for amount=1
[FEE] 123628128210949 94434 1010064628
      ✓ should mint for amount=1
[FEE] 123506931949807 94400 1009437870
      ✓ should mint for amount=1
[FEE] 123391855798877 94367 1008850008
      ✓ should mint for amount=1
[FEE] 123285213124381 94337 1008298645
      ✓ should mint for amount=1
[FEE] 123186717962691 94310 1007781529
      ✓ should mint for amount=1
[FEE] 123092185541614 94283 1007296545
      ✓ should mint for amount=1
[FEE] 123005284902924 94259 1006841708
      ✓ should mint for amount=1
[FEE] 122923171295658 94236 1006415153
      ✓ should mint for amount=1
[FEE] 122846930737416 94215 1006015130
      ✓ should mint for amount=1
[FEE] 122775054069067 94195 1005639997
      ✓ should mint for amount=1
[FEE] 122706046597170 94175 1005288211
      ✓ should mint for amount=1
[FEE] 122643637634593 94158 1004958326
      ✓ should mint for amount=1
[FEE] 122583749550099 94141 1004648982
      ✓ should mint for amount=1
[FEE] 122527527440227 94125 1004358906
      ✓ should mint for amount=1
[FEE] 122476124373433 94111 1004086901
      ✓ should mint for amount=1
[FEE] 122428099217170 94098 1003831844
      ✓ should mint for amount=1
[FEE] 122382021076473 94085 1003592683
      ✓ should mint for amount=1
[FEE] 122339069153407 94073 1003368430
      ✓ should mint for amount=1
[FEE] 122299128744116 94062 1003158157
      ✓ should mint for amount=1
[FEE] 122262092622855 94052 1002960996
      ✓ should mint for amount=1
[FEE] 122226560227623 94042 1002776130
      ✓ should mint for amount=1
[FEE] 122193737444861 94033 1002602795
      ✓ should mint for amount=1
[FEE] 122162236308771 94024 1002440272
      ✓ should mint for amount=1
[FEE] 122131974433794 94015 1002287888
      ✓ should mint for amount=1
[FEE] 122104173466960 94007 1002145012
      ✓ should mint for amount=1
[FEE] 122078760431384 94000 1002011052
      ✓ should mint for amount=1
[FEE] 122054368280845 93993 1001885452
      ✓ should mint for amount=1
[FEE] 122032231716667 93987 1001767691
      ✓ should mint for amount=1
[FEE] 122009694029398 93980 1001657280
      ✓ should mint for amount=1

·----------------------------------------|---------------------------|-------------|----------------------------·
|          [90mSolc version: 0.8.17[39m          ·  [90mOptimizer enabled: true[39m  ·  [90mRuns: 200[39m  ·  [90mBlock limit: 8000000 gas[39m  │
·········································|···························|·············|·····························
|  [32m[1mMethods[22m[39m                                                                                                      │
···················|·····················|·············|·············|·············|··············|··············
|  [1mContract[22m        ·  [1mMethod[22m             ·  [32mMin[39m        ·  [32mMax[39m        ·  [32mAvg[39m        ·  [1m# calls[22m     ·  [1musd (avg)[22m  │
···················|·····················|·············|·············|·············|··············|··············
|  [90mXPowerThorTest[39m  ·  init               ·          -  ·          -  ·      67353  ·           [90m1[39m  ·          [32m[90m-[32m[39m  │
···················|·····················|·············|·············|·············|··············|··············
|  [90mXPowerThorTest[39m  ·  mint               ·     [36m127291[39m  ·     [31m229542[39m  ·     128292  ·         [90m104[39m  ·          [32m[90m-[32m[39m  │
···················|·····················|·············|·············|·············|··············|··············
|  [90mXPowerThorTest[39m  ·  transferOwnership  ·          -  ·          -  ·      28656  ·           [90m1[39m  ·          [32m[90m-[32m[39m  │
···················|·····················|·············|·············|·············|··············|··············
|  [32m[1mDeployments[22m[39m                           ·                                         ·  [1m% of limit[22m  ·             │
·········································|·············|·············|·············|··············|··············
|  XPowerThorTest                        ·          -  ·          -  ·    3331941  ·      [90m41.6 %[39m  ·          [32m[90m-[32m[39m  │
·----------------------------------------|-------------|-------------|-------------|--------------|-------------·

  104 passing (16s)

