
> xpower@6.0.0 test-gas
> REPORT_GAS=true npm test ./test/contracts/XPower.fees.1-thor.test.js


> xpower@6.0.0 test
> hardhat test ./test/contracts/XPower.fees.1-thor.test.js


  XPowerThor
    mint
[FEE] 348812236173851 162300 1658186771
      ✓ should mint for amount=1
[FEE] 338631735412114 158025 1653339767
      ✓ should mint for amount=1
[FEE] 328259192108901 154017 1644403873
      ✓ should mint for amount=1
[FEE] 317864272134430 150258 1632166150
      ✓ should mint for amount=1
[FEE] 307584241732249 146735 1617300124
      ✓ should mint for amount=1
[FEE] 297515168663250 143432 1600380729
      ✓ should mint for amount=1
[FEE] 287731300287431 140336 1581897243
      ✓ should mint for amount=1
[FEE] 278282174974730 137433 1562264689
      ✓ should mint for amount=1
[FEE] 269205282192824 134712 1541833749
      ✓ should mint for amount=1
[FEE] 260521495796740 132161 1520899445
      ✓ should mint for amount=1
[FEE] 252244066063984 129770 1499708691
      ✓ should mint for amount=1
[FEE] 244373153393317 127527 1478466894
      ✓ should mint for amount=1
[FEE] 236911335883406 125425 1457343695
      ✓ should mint for amount=1
[FEE] 229849673964300 123454 1436478005
      ✓ should mint for amount=1
[FEE] 223180453919427 121607 1415982338
      ✓ should mint for amount=1
[FEE] 216888824531750 119875 1395946613
      ✓ should mint for amount=1
[FEE] 210961064925315 118251 1376441447
      ✓ should mint for amount=1
[FEE] 205383274110067 116729 1357521018
      ✓ should mint for amount=1
[FEE] 200138348617071 115302 1339225549
      ✓ should mint for amount=1
[FEE] 195209982990553 113964 1321583458
      ✓ should mint for amount=1
[FEE] 190582917078397 112710 1304613219
      ✓ should mint for amount=1
[FEE] 186239779856727 111534 1288324976
      ✓ should mint for amount=1
[FEE] 182166372336385 110432 1272721928
      ✓ should mint for amount=1
[FEE] 178346756743087 109399 1257801529
      ✓ should mint for amount=1
[FEE] 174765108712383 108430 1243556518
      ✓ should mint for amount=1
[FEE] 171407415972635 107521 1229975802
      ✓ should mint for amount=1
[FEE] 168259893997459 106668 1217045215
      ✓ should mint for amount=1
[FEE] 165313732953935 105870 1204748167
      ✓ should mint for amount=1
[FEE] 162554089867761 105122 1193066195
      ✓ should mint for amount=1
[FEE] 159966556070017 104419 1181979433
      ✓ should mint for amount=1
[FEE] 157544757429223 103761 1171467007
      ✓ should mint for amount=1
[FEE] 155277988570382 103145 1161507373
      ✓ should mint for amount=1
[FEE] 153154410130431 102567 1152078597
      ✓ should mint for amount=1
[FEE] 151165551182794 102025 1143158587
      ✓ should mint for amount=1
[FEE] 149303248010192 101517 1134725292
      ✓ should mint for amount=1
[FEE] 147559641615154 101041 1126756859
      ✓ should mint for amount=1
[FEE] 145924271184514 100593 1119231764
      ✓ should mint for amount=1
[FEE] 144392806820805 100173 1112128916
      ✓ should mint for amount=1
[FEE] 142961125144890 99781 1105427743
      ✓ should mint for amount=1
[FEE] 141619610044673 99413 1099108253
      ✓ should mint for amount=1
[FEE] 140361806197651 99067 1093151087
      ✓ should mint for amount=1
[FEE] 139185733381815 98744 1087537549
      ✓ should mint for amount=1
[FEE] 138083952809800 98441 1082249636
      ✓ should mint for amount=1
[FEE] 137050676158499 98156 1077270048
      ✓ should mint for amount=1
[FEE] 136084498946274 97890 1072582198
      ✓ should mint for amount=1
[FEE] 135178610656808 97640 1068170211
      ✓ should mint for amount=1
[FEE] 134330553586876 97406 1064018918
      ✓ should mint for amount=1
[FEE] 133536635408420 97187 1060113848
      ✓ should mint for amount=1
[FEE] 132791947024146 96981 1056441213
      ✓ should mint for amount=1
[FEE] 132093106086545 96787 1052987894
      ✓ should mint for amount=1
[FEE] 131439585106132 96606 1049741420
      ✓ should mint for amount=1
[FEE] 130826881368534 96436 1046689952
      ✓ should mint for amount=1
[FEE] 130253333871818 96277 1043822258
      ✓ should mint for amount=1
[FEE] 129716030515801 96128 1041127692
      ✓ should mint for amount=1
[FEE] 129213511905498 95989 1038596172
      ✓ should mint for amount=1
[FEE] 128741719976099 95858 1036218157
      ✓ should mint for amount=1
[FEE] 128299382844903 95735 1033984623
      ✓ should mint for amount=1
[FEE] 127883967597773 95619 1031887042
      ✓ should mint for amount=1
[FEE] 127495693442072 95511 1029917358
      ✓ should mint for amount=1
[FEE] 127132172339065 95410 1028067965
      ✓ should mint for amount=1
[FEE] 126791089712807 95315 1026331685
      ✓ should mint for amount=1
[FEE] 126471527701206 95226 1024701748
      ✓ should mint for amount=1
[FEE] 126172624356149 95143 1023171771
      ✓ should mint for amount=1
[FEE] 125890921785476 95064 1021735737
      ✓ should mint for amount=1
[FEE] 125628316158286 94991 1020387979
      ✓ should mint for amount=1
[FEE] 125382773098045 94923 1019123157
      ✓ should mint for amount=1
[FEE] 125152308919331 94859 1017936246
      ✓ should mint for amount=1
[FEE] 124936304355843 94799 1016822514
      ✓ should mint for amount=1
[FEE] 124731545215788 94741 1015777509
      ✓ should mint for amount=1
[FEE] 124541439638974 94688 1014797042
      ✓ should mint for amount=1
[FEE] 124364157880418 94639 1013877173
      ✓ should mint for amount=1
[FEE] 124197906869714 94593 1013014197
      ✓ should mint for amount=1
[FEE] 124040927612317 94549 1012204631
      ✓ should mint for amount=1
[FEE] 123894114455102 94508 1011445200
      ✓ should mint for amount=1
[FEE] 123754453760863 94468 1010732827
      ✓ should mint for amount=1
[FEE] 123624199786349 94431 1010064620
      ✓ should mint for amount=1
[FEE] 123504314298723 94398 1009437862
      ✓ should mint for amount=1
[FEE] 123391854820402 94367 1008850000
      ✓ should mint for amount=1
[FEE] 123286519005797 94338 1008298637
      ✓ should mint for amount=1
[FEE] 123185410795463 94309 1007781521
      ✓ should mint for amount=1
[FEE] 123092184564010 94283 1007296537
      ✓ should mint for amount=1
[FEE] 123003978954330 94258 1006841700
      ✓ should mint for amount=1
[FEE] 122921866022300 94235 1006415146
      ✓ should mint for amount=1
[FEE] 122845626104831 94214 1006015124
      ✓ should mint for amount=1
[FEE] 122773749922849 94194 1005639991
      ✓ should mint for amount=1
[FEE] 122706045986867 94175 1005288206
      ✓ should mint for amount=1
[FEE] 122642334494217 94157 1004958321
      ✓ should mint for amount=1
[FEE] 122583749062033 94141 1004648978
      ✓ should mint for amount=1
[FEE] 122527526952244 94125 1004358902
      ✓ should mint for amount=1
[FEE] 122476123885522 94111 1004086897
      ✓ should mint for amount=1
[FEE] 122428098851288 94098 1003831841
      ✓ should mint for amount=1
[FEE] 122382020710641 94085 1003592680
      ✓ should mint for amount=1
[FEE] 122339068787622 94073 1003368427
      ✓ should mint for amount=1
[FEE] 122297828303306 94061 1003158155
      ✓ should mint for amount=1
[FEE] 122259492496172 94050 1002960994
      ✓ should mint for amount=1
[FEE] 122222660878341 94039 1002776128
      ✓ should mint for amount=1
[FEE] 122189838769583 94030 1002602793
      ✓ should mint for amount=1
[FEE] 122158338265456 94021 1002440270
      ✓ should mint for amount=1
[FEE] 122129376052042 94013 1002287886
      ✓ should mint for amount=1
[FEE] 122102874339434 94006 1002145010
      ✓ should mint for amount=1
[FEE] 122077461477502 93999 1002011050
      ✓ should mint for amount=1
[FEE] 122053069489772 93992 1001885450
      ✓ should mint for amount=1
[FEE] 122030933078240 93986 1001767689
      ✓ should mint for amount=1
[FEE] 122009693785783 93980 1001657278
      ✓ should mint for amount=1
[FEE] 121990593774022 93975 1001553759
      ✓ should mint for amount=1

·----------------------------------------|---------------------------|-------------|----------------------------·
|          [90mSolc version: 0.8.17[39m          ·  [90mOptimizer enabled: true[39m  ·  [90mRuns: 200[39m  ·  [90mBlock limit: 8000000 gas[39m  │
·········································|···························|·············|·····························
|  [32m[1mMethods[22m[39m                                                                                                      │
···················|·····················|·············|·············|·············|··············|··············
|  [1mContract[22m        ·  [1mMethod[22m             ·  [32mMin[39m        ·  [32mMax[39m        ·  [32mAvg[39m        ·  [1m# calls[22m     ·  [1musd (avg)[22m  │
···················|·····················|·············|·············|·············|··············|··············
|  [90mXPowerThorTest[39m  ·  init               ·          -  ·          -  ·      67353  ·           [90m1[39m  ·          [32m[90m-[32m[39m  │
···················|·····················|·············|·············|·············|··············|··············
|  [90mXPowerThorTest[39m  ·  mint               ·     [36m127279[39m  ·     [31m229542[39m  ·     128281  ·         [90m105[39m  ·          [32m[90m-[32m[39m  │
···················|·····················|·············|·············|·············|··············|··············
|  [90mXPowerThorTest[39m  ·  transferOwnership  ·          -  ·          -  ·      28656  ·           [90m1[39m  ·          [32m[90m-[32m[39m  │
···················|·····················|·············|·············|·············|··············|··············
|  [32m[1mDeployments[22m[39m                           ·                                         ·  [1m% of limit[22m  ·             │
·········································|·············|·············|·············|··············|··············
|  XPowerThorTest                        ·          -  ·          -  ·    3331941  ·      [90m41.6 %[39m  ·          [32m[90m-[32m[39m  │
·----------------------------------------|-------------|-------------|-------------|--------------|-------------·

  105 passing (19s)

