
> xpower@6.0.0 test-gas
> REPORT_GAS=true npm test ./test/contracts/XPower.fees.1-thor.test.js


> xpower@6.0.0 test
> hardhat test ./test/contracts/XPower.fees.1-thor.test.js


  XPowerThor
    mint
[FEE] 348822982083776 162305 1658186771
      ✓ should mint for amount=1
[FEE] 338642451344703 158030 1653339774
      ✓ should mint for amount=1
[FEE] 328269851094044 154022 1644403885
      ✓ should mint for amount=1
[FEE] 317876967989927 150264 1632166166
      ✓ should mint for amount=1
[FEE] 307596825520860 146741 1617300159
      ✓ should mint for amount=1
[FEE] 297527623514941 143438 1600380779
      ✓ should mint for amount=1
[FEE] 287739513322005 140340 1581897308
      ✓ should mint for amount=1
[FEE] 278288260946196 137436 1562264753
      ✓ should mint for amount=1
[FEE] 269211287099896 134715 1541833805
      ✓ should mint for amount=1
[FEE] 260527417749183 132164 1520899493
      ✓ should mint for amount=1
[FEE] 252246016738009 129771 1499708732
      ✓ should mint for amount=1
[FEE] 244375074267813 127528 1478466922
      ✓ should mint for amount=1
[FEE] 236913228328372 125426 1457343717
      ✓ should mint for amount=1
[FEE] 229849677164484 123454 1436478025
      ✓ should mint for amount=1
[FEE] 223178621496552 121606 1415982356
      ✓ should mint for amount=1
[FEE] 216887017570737 119874 1395946628
      ✓ should mint for amount=1
[FEE] 210957499202595 118249 1376441462
      ✓ should mint for amount=1
[FEE] 205379757252142 116727 1357521032
      ✓ should mint for amount=1
[FEE] 200133143383714 115299 1339225563
      ✓ should mint for amount=1
[FEE] 195204846183150 113961 1321583471
      ✓ should mint for amount=1
[FEE] 190577846381512 112707 1304613233
      ✓ should mint for amount=1
[FEE] 186234772616815 111531 1288324991
      ✓ should mint for amount=1
[FEE] 182161426030807 110429 1272721945
      ✓ should mint for amount=1
[FEE] 178341868855266 109396 1257801549
      ✓ should mint for amount=1
[FEE] 174760276469543 108427 1243556540
      ✓ should mint for amount=1
[FEE] 171401042612432 107517 1229975826
      ✓ should mint for amount=1
[FEE] 168255165203316 106665 1217045240
      ✓ should mint for amount=1
[FEE] 165309052085897 105867 1204748193
      ✓ should mint for amount=1
[FEE] 162549454533902 105119 1193066222
      ✓ should mint for amount=1
[FEE] 159963495923606 104417 1181979461
      ✓ should mint for amount=1
[FEE] 157543242986545 103760 1171467036
      ✓ should mint for amount=1
[FEE] 155274981579245 103143 1161507402
      ✓ should mint for amount=1
[FEE] 153149934212624 102564 1152078625
      ✓ should mint for amount=1
[FEE] 151161109929092 102022 1143158615
      ✓ should mint for amount=1
[FEE] 149298839397755 101514 1134725319
      ✓ should mint for amount=1
[FEE] 147555263838851 101038 1126756885
      ✓ should mint for amount=1
[FEE] 145921373163094 100591 1119231789
      ✓ should mint for amount=1
[FEE] 144391368502418 100172 1112128940
      ✓ should mint for amount=1
[FEE] 142959695370399 99780 1105427766
      ✓ should mint for amount=1
[FEE] 141618188449926 99412 1099108276
      ✓ should mint for amount=1
[FEE] 140361809022475 99067 1093151109
      ✓ should mint for amount=1
[FEE] 139185736197429 98744 1087537571
      ✓ should mint for amount=1
[FEE] 138083955489185 98441 1082249657
      ✓ should mint for amount=1
[FEE] 137052074956611 98157 1077270068
      ✓ should mint for amount=1
[FEE] 136085891534674 97891 1072582217
      ✓ should mint for amount=1
[FEE] 135179997394107 97641 1068170229
      ✓ should mint for amount=1
[FEE] 134331934811960 97407 1064018935
      ✓ should mint for amount=1
[FEE] 133536637423850 97187 1060113864
      ✓ should mint for amount=1
[FEE] 132791948909607 96981 1056441228
      ✓ should mint for amount=1
[FEE] 132094472624297 96788 1052987908
      ✓ should mint for amount=1
[FEE] 131440947432832 96607 1049741434
      ✓ should mint for amount=1
[FEE] 130829596230861 96438 1046689965
      ✓ should mint for amount=1
[FEE] 130256041173020 96279 1043822270
      ✓ should mint for amount=1
[FEE] 129718730705217 96130 1041127703
      ✓ should mint for amount=1
[FEE] 129214859277954 95990 1038596182
      ✓ should mint for amount=1
[FEE] 128743064140460 95859 1036218166
      ✓ should mint for amount=1
[FEE] 128300724112938 95736 1033984632
      ✓ should mint for amount=1
[FEE] 127886643578381 95621 1031887051
      ✓ should mint for amount=1
[FEE] 127498364191797 95513 1029917366
      ✓ should mint for amount=1
[FEE] 127134838170069 95412 1028067972
      ✓ should mint for amount=1
[FEE] 126792420809862 95316 1026331692
      ✓ should mint for amount=1
[FEE] 126472856684886 95227 1024701755
      ✓ should mint for amount=1
[FEE] 126173951232751 95144 1023171777
      ✓ should mint for amount=1
[FEE] 125893571075677 95066 1021735743
      ✓ should mint for amount=1
[FEE] 125630961831131 94993 1020387984
      ✓ should mint for amount=1
[FEE] 125385415491768 94925 1019123162
      ✓ should mint for amount=1
[FEE] 125153628884993 94860 1017936251
      ✓ should mint for amount=1
[FEE] 124937622877604 94800 1016822519
      ✓ should mint for amount=1
[FEE] 124735495365899 94744 1015777513
      ✓ should mint for amount=1
[FEE] 124545385976450 94691 1014797046
      ✓ should mint for amount=1
[FEE] 124366786550958 94641 1013877177
      ✓ should mint for amount=1
[FEE] 124200533303002 94595 1013014201
      ✓ should mint for amount=1
[FEE] 124042240024657 94550 1012204635
      ✓ should mint for amount=1
[FEE] 123895425882927 94509 1011445204
      ✓ should mint for amount=1
[FEE] 123758384294266 94471 1010732831
      ✓ should mint for amount=1
[FEE] 123629436869846 94435 1010064624
      ✓ should mint for amount=1
[FEE] 123508239796537 94401 1009437866
      ✓ should mint for amount=1
[FEE] 123395778032264 94370 1008850004
      ✓ should mint for amount=1
[FEE] 123289133214053 94340 1008298641
      ✓ should mint for amount=1
[FEE] 123189329852446 94312 1007781525
      ✓ should mint for amount=1
[FEE] 123096101735090 94286 1007296541
      ✓ should mint for amount=1
[FEE] 123007894356733 94261 1006841704
      ✓ should mint for amount=1
[FEE] 122925779643867 94238 1006415149
      ✓ should mint for amount=1
[FEE] 122846930371079 94215 1006015127
      ✓ should mint for amount=1
[FEE] 122775053702807 94195 1005639994
      ✓ should mint for amount=1
[FEE] 122707349310801 94176 1005288209
      ✓ should mint for amount=1
[FEE] 122644939920704 94159 1004958324
      ✓ should mint for amount=1
[FEE] 122585051435311 94142 1004648980
      ✓ should mint for amount=1
[FEE] 122530130702789 94127 1004358904
      ✓ should mint for amount=1
[FEE] 122477425530208 94112 1004086899
      ✓ should mint for amount=1
[FEE] 122429400043399 94099 1003831842
      ✓ should mint for amount=1
[FEE] 122383321592757 94086 1003592681
      ✓ should mint for amount=1
[FEE] 122340369379068 94074 1003368428
      ✓ should mint for amount=1
[FEE] 122300428819185 94063 1003158156
      ✓ should mint for amount=1
[FEE] 122263392442396 94053 1002960995
      ✓ should mint for amount=1
[FEE] 122226560105735 94042 1002776129
      ✓ should mint for amount=1
[FEE] 122192437845808 94032 1002602794
      ✓ should mint for amount=1
[FEE] 122162236186906 94024 1002440271
      ✓ should mint for amount=1
[FEE] 122133273380965 94016 1002287887
      ✓ should mint for amount=1
[FEE] 122104173345117 94007 1002145011
      ✓ should mint for amount=1
[FEE] 122078760309551 94000 1002011051
      ✓ should mint for amount=1
[FEE] 122055666706446 93994 1001885451
      ✓ should mint for amount=1
[FEE] 122033529989646 93988 1001767690
      ✓ should mint for amount=1
[FEE] 122012290410972 93982 1001657279
      ✓ should mint for amount=1
[FEE] 121993190130862 93977 1001553760
      ✓ should mint for amount=1
[FEE] 121973580377696 93971 1001456704
      ✓ should mint for amount=1
[FEE] 121954710049877 93965 1001365707
      ✓ should mint for amount=1

·----------------------------------------|---------------------------|-------------|----------------------------·
|          [90mSolc version: 0.8.17[39m          ·  [90mOptimizer enabled: true[39m  ·  [90mRuns: 200[39m  ·  [90mBlock limit: 8000000 gas[39m  │
·········································|···························|·············|·····························
|  [32m[1mMethods[22m[39m                                                                                                      │
···················|·····················|·············|·············|·············|··············|··············
|  [1mContract[22m        ·  [1mMethod[22m             ·  [32mMin[39m        ·  [32mMax[39m        ·  [32mAvg[39m        ·  [1m# calls[22m     ·  [1musd (avg)[22m  │
···················|·····················|·············|·············|·············|··············|··············
|  [90mXPowerThorTest[39m  ·  init               ·          -  ·          -  ·      67353  ·           [90m1[39m  ·          [32m[90m-[32m[39m  │
···················|·····················|·············|·············|·············|··············|··············
|  [90mXPowerThorTest[39m  ·  mint               ·     [36m127291[39m  ·     [31m229547[39m  ·     128265  ·         [90m107[39m  ·          [32m[90m-[32m[39m  │
···················|·····················|·············|·············|·············|··············|··············
|  [90mXPowerThorTest[39m  ·  transferOwnership  ·          -  ·          -  ·      28656  ·           [90m1[39m  ·          [32m[90m-[32m[39m  │
···················|·····················|·············|·············|·············|··············|··············
|  [32m[1mDeployments[22m[39m                           ·                                         ·  [1m% of limit[22m  ·             │
·········································|·············|·············|·············|··············|··············
|  XPowerThorTest                        ·          -  ·          -  ·    3331941  ·      [90m41.6 %[39m  ·          [32m[90m-[32m[39m  │
·----------------------------------------|-------------|-------------|-------------|--------------|-------------·

  107 passing (15s)

