
> xpower@6.0.0 test-gas
> REPORT_GAS=true npm test ./test/contracts/XPower.fees.1-thor.test.js


> xpower@6.0.0 test
> hardhat test ./test/contracts/XPower.fees.1-thor.test.js


  XPowerThor
    mint
[FEE] 348822982083776 162305 1658186771
      ✓ should mint for amount=1
[FEE] 338638165545155 158028 1653339774
      ✓ should mint for amount=1
[FEE] 328261321829835 154018 1644403865
      ✓ should mint for amount=1
[FEE] 317868494673195 150260 1632166107
      ✓ should mint for amount=1
[FEE] 307588424219860 146737 1617300072
      ✓ should mint for amount=1
[FEE] 297517231954272 143433 1600380670
      ✓ should mint for amount=1
[FEE] 287733337312213 140337 1581897170
      ✓ should mint for amount=1
[FEE] 278286209191461 137435 1562264602
      ✓ should mint for amount=1
[FEE] 269207263982037 134713 1541833654
      ✓ should mint for amount=1
[FEE] 260523448197594 132162 1520899335
      ✓ should mint for amount=1
[FEE] 252244045712343 129770 1499708570
      ✓ should mint for amount=1
[FEE] 244375048317360 127528 1478466765
      ✓ should mint for amount=1
[FEE] 236911315725494 125425 1457343571
      ✓ should mint for amount=1
[FEE] 229851516427468 123455 1436477884
      ✓ should mint for amount=1
[FEE] 223182271211064 121608 1415982224
      ✓ should mint for amount=1
[FEE] 216890617509269 119876 1395946508
      ✓ should mint for amount=1
[FEE] 210962834375796 118252 1376441352
      ✓ should mint for amount=1
[FEE] 205385020889350 116730 1357520934
      ✓ should mint for amount=1
[FEE] 200140073333337 115303 1339225475
      ✓ should mint for amount=1
[FEE] 195211686446274 113965 1321583394
      ✓ should mint for amount=1
[FEE] 190584600249885 112711 1304613166
      ✓ should mint for amount=1
[FEE] 186241443443357 111535 1288324933
      ✓ should mint for amount=1
[FEE] 182166367613051 110432 1272721895
      ✓ should mint for amount=1
[FEE] 178345123098902 109398 1257801505
      ✓ should mint for amount=1
[FEE] 174763494545098 108429 1243556501
      ✓ should mint for amount=1
[FEE] 171407414439693 107521 1229975791
      ✓ should mint for amount=1
[FEE] 168263048139759 106670 1217045210
      ✓ should mint for amount=1
[FEE] 165316856048234 105872 1204748168
      ✓ should mint for amount=1
[FEE] 162557183496507 105124 1193066202
      ✓ should mint for amount=1
[FEE] 159971153462474 104422 1181979444
      ✓ should mint for amount=1
[FEE] 157549314474672 103764 1171467022
      ✓ should mint for amount=1
[FEE] 155281001978451 103147 1161507392
      ✓ should mint for amount=1
[FEE] 153154412922117 102567 1152078618
      ✓ should mint for amount=1
[FEE] 151164072572111 102024 1143158610
      ✓ should mint for amount=1
[FEE] 149301780446365 101516 1134725316
      ✓ should mint for amount=1
[FEE] 147558184364436 101040 1126756883
      ✓ should mint for amount=1
[FEE] 145925724954054 100594 1119231788
      ✓ should mint for amount=1
[FEE] 144395692805671 100175 1112128940
      ✓ should mint for amount=1
[FEE] 142963993746732 99783 1105427767
      ✓ should mint for amount=1
[FEE] 141622462253640 99415 1099108277
      ✓ should mint for amount=1
[FEE] 140364642825241 99069 1093151110
      ✓ should mint for amount=1
[FEE] 139187145886866 98745 1087537572
      ✓ should mint for amount=1
[FEE] 138085358324545 98442 1082249658
      ✓ should mint for amount=1
[FEE] 137053471464762 98158 1077270070
      ✓ should mint for amount=1
[FEE] 136087282093073 97892 1072582220
      ✓ should mint for amount=1
[FEE] 135181382233140 97642 1068170232
      ✓ should mint for amount=1
[FEE] 134333314269575 97408 1064018938
      ✓ should mint for amount=1
[FEE] 133536637801744 97187 1060113867
      ✓ should mint for amount=1
[FEE] 132791949286700 96981 1056441231
      ✓ should mint for amount=1
[FEE] 132094473000639 96788 1052987911
      ✓ should mint for amount=1
[FEE] 131440947808470 96607 1049741437
      ✓ should mint for amount=1
[FEE] 130828239987116 96437 1046689968
      ✓ should mint for amount=1
[FEE] 130254688645487 96278 1043822273
      ✓ should mint for amount=1
[FEE] 129717381669544 96129 1041127706
      ✓ should mint for amount=1
[FEE] 129214859651193 95990 1038596185
      ✓ should mint for amount=1
[FEE] 128741721467002 95858 1036218169
      ✓ should mint for amount=1
[FEE] 128298044058515 95734 1033984634
      ✓ should mint for amount=1
[FEE] 127883968837094 95619 1031887052
      ✓ should mint for amount=1
[FEE] 127495694556201 95511 1029917367
      ✓ should mint for amount=1
[FEE] 127132173328355 95410 1028067973
      ✓ should mint for amount=1
[FEE] 126791090577574 95315 1026331692
      ✓ should mint for amount=1
[FEE] 126471528441743 95226 1024701754
      ✓ should mint for amount=1
[FEE] 126171298836015 95142 1023171776
      ✓ should mint for amount=1
[FEE] 125890922401540 95064 1021735742
      ✓ should mint for amount=1
[FEE] 125628316650759 94991 1020387983
      ✓ should mint for amount=1
[FEE] 125382773590165 94923 1019123161
      ✓ should mint for amount=1
[FEE] 125152309411120 94859 1017936250
      ✓ should mint for amount=1
[FEE] 124934986939908 94798 1016822518
      ✓ should mint for amount=1
[FEE] 124731545706965 94741 1015777513
      ✓ should mint for amount=1
[FEE] 124541440129876 94688 1014797046
      ✓ should mint for amount=1
[FEE] 124364158371066 94639 1013877177
      ✓ should mint for amount=1
[FEE] 124197907360123 94593 1013014201
      ✓ should mint for amount=1
[FEE] 124039616180341 94548 1012204635
      ✓ should mint for amount=1
[FEE] 123892804007214 94507 1011445204
      ✓ should mint for amount=1
[FEE] 123755764265171 94469 1010732831
      ✓ should mint for amount=1
[FEE] 123626818572882 94433 1010064624
      ✓ should mint for amount=1
[FEE] 123506931460398 94400 1009437866
      ✓ should mint for amount=1
[FEE] 123391855309639 94367 1008850004
      ✓ should mint for amount=1
[FEE] 123286519494884 94338 1008298641
      ✓ should mint for amount=1
[FEE] 123186717473749 94310 1007781525
      ✓ should mint for amount=1
[FEE] 123093490613571 94284 1007296541
      ✓ should mint for amount=1
[FEE] 123005284414246 94259 1006841704
      ✓ should mint for amount=1
[FEE] 122923170807099 94236 1006415149
      ✓ should mint for amount=1
[FEE] 122846930371079 94215 1006015127
      ✓ should mint for amount=1
[FEE] 122775053702807 94195 1005639994
      ✓ should mint for amount=1
[FEE] 122707349310801 94176 1005288209
      ✓ should mint for amount=1
[FEE] 122644939920704 94159 1004958324
      ✓ should mint for amount=1
[FEE] 122586353686576 94143 1004648981
      ✓ should mint for amount=1
[FEE] 122530130824788 94127 1004358905
      ✓ should mint for amount=1
[FEE] 122478727052918 94113 1004086900
      ✓ should mint for amount=1
[FEE] 122428099095209 94098 1003831843
      ✓ should mint for amount=1
[FEE] 122382020954529 94085 1003592682
      ✓ should mint for amount=1
[FEE] 122339069031479 94073 1003368429
      ✓ should mint for amount=1
[FEE] 122299128744116 94062 1003158157
      ✓ should mint for amount=1
[FEE] 122260792681412 94051 1002960996
      ✓ should mint for amount=1
[FEE] 122225260525786 94041 1002776130
      ✓ should mint for amount=1
[FEE] 122192437967684 94032 1002602795
      ✓ should mint for amount=1
[FEE] 122160937042240 94023 1002440272
      ✓ should mint for amount=1
[FEE] 122131974433794 94015 1002287888
      ✓ should mint for amount=1
[FEE] 122104173466960 94007 1002145012
      ✓ should mint for amount=1
[FEE] 122077461721167 93999 1002011052
      ✓ should mint for amount=1
[FEE] 122054368280845 93993 1001885452
      ✓ should mint for amount=1
[FEE] 122032231716667 93987 1001767691
      ✓ should mint for amount=1
[FEE] 122009694029398 93980 1001657280
      ✓ should mint for amount=1
[FEE] 121990594017625 93975 1001553761
      ✓ should mint for amount=1
[FEE] 121970984516040 93969 1001456705
      ✓ should mint for amount=1
[FEE] 121953412297881 93964 1001365708
      ✓ should mint for amount=1
[FEE] 121937830979749 93960 1001280393
      ✓ should mint for amount=1
[FEE] 121922899250810 93956 1001200405
      ✓ should mint for amount=1
[FEE] 121907279037726 93951 1001125412
      ✓ should mint for amount=1
[FEE] 121893527487510 93947 1001055102
      ✓ should mint for amount=1

·----------------------------------------|---------------------------|-------------|----------------------------·
|          [90mSolc version: 0.8.17[39m          ·  [90mOptimizer enabled: true[39m  ·  [90mRuns: 200[39m  ·  [90mBlock limit: 8000000 gas[39m  │
·········································|···························|·············|·····························
|  [32m[1mMethods[22m[39m                                                                                                      │
···················|·····················|·············|·············|·············|··············|··············
|  [1mContract[22m        ·  [1mMethod[22m             ·  [32mMin[39m        ·  [32mMax[39m        ·  [32mAvg[39m        ·  [1m# calls[22m     ·  [1musd (avg)[22m  │
···················|·····················|·············|·············|·············|··············|··············
|  [90mXPowerThorTest[39m  ·  init               ·          -  ·          -  ·      67353  ·           [90m1[39m  ·          [32m[90m-[32m[39m  │
···················|·····················|·············|·············|·············|··············|··············
|  [90mXPowerThorTest[39m  ·  mint               ·     [36m127291[39m  ·     [31m229547[39m  ·     128230  ·         [90m111[39m  ·          [32m[90m-[32m[39m  │
···················|·····················|·············|·············|·············|··············|··············
|  [90mXPowerThorTest[39m  ·  transferOwnership  ·          -  ·          -  ·      28656  ·           [90m1[39m  ·          [32m[90m-[32m[39m  │
···················|·····················|·············|·············|·············|··············|··············
|  [32m[1mDeployments[22m[39m                           ·                                         ·  [1m% of limit[22m  ·             │
·········································|·············|·············|·············|··············|··············
|  XPowerThorTest                        ·          -  ·          -  ·    3331941  ·      [90m41.6 %[39m  ·          [32m[90m-[32m[39m  │
·----------------------------------------|-------------|-------------|-------------|--------------|-------------·

  111 passing (16s)

