
> xpower@6.0.0 test-gas
> REPORT_GAS=true npm test ./test/contracts/XPower.fees.1-thor.test.js


> xpower@6.0.0 test
> hardhat test ./test/contracts/XPower.fees.1-thor.test.js


  XPowerThor
    mint
[FEE] 348822982083776 162305 1658186771
      ✓ should mint for amount=1
[FEE] 338642448067531 158030 1653339758
      ✓ should mint for amount=1
[FEE] 328267711391766 154021 1644403843
      ✓ should mint for amount=1
[FEE] 317874836952830 150263 1632166086
      ✓ should mint for amount=1
[FEE] 307594706128952 146740 1617300037
      ✓ should mint for amount=1
[FEE] 297525518766403 143437 1600380615
      ✓ should mint for amount=1
[FEE] 287739476033491 140340 1581897103
      ✓ should mint for amount=1
[FEE] 278290242695211 137437 1562264511
      ✓ should mint for amount=1
[FEE] 269213238681990 134716 1541833537
      ✓ should mint for amount=1
[FEE] 260529338973155 132165 1520899201
      ✓ should mint for amount=1
[FEE] 252249851311270 129773 1499708417
      ✓ should mint for amount=1
[FEE] 244376935968273 127529 1478466592
      ✓ should mint for amount=1
[FEE] 236915061111528 125427 1457343372
      ✓ should mint for amount=1
[FEE] 229853343689204 123456 1436477668
      ✓ should mint for amount=1
[FEE] 223182234644018 121608 1415981992
      ✓ should mint for amount=1
[FEE] 216890579132453 119876 1395946261
      ✓ should mint for amount=1
[FEE] 210962794679681 118252 1376441093
      ✓ should mint for amount=1
[FEE] 205384980191215 116730 1357520665
      ✓ should mint for amount=1
[FEE] 200140032086615 115303 1339225199
      ✓ should mint for amount=1
[FEE] 195211644791926 113965 1321583112
      ✓ should mint for amount=1
[FEE] 190582867555973 112710 1304612880
      ✓ should mint for amount=1
[FEE] 186239731718371 111534 1288324643
      ✓ should mint for amount=1
[FEE] 182166325818705 110432 1272721603
      ✓ should mint for amount=1
[FEE] 178346711936673 109399 1257801213
      ✓ should mint for amount=1
[FEE] 174763453789882 108429 1243556211
      ✓ should mint for amount=1
[FEE] 171407374304484 107521 1229975503
      ✓ should mint for amount=1
[FEE] 168263008736976 106670 1217044925
      ✓ should mint for amount=1
[FEE] 165316817489108 105872 1204747887
      ✓ should mint for amount=1
[FEE] 162557145891064 105124 1193065926
      ✓ should mint for amount=1
[FEE] 159971116920204 104422 1181979174
      ✓ should mint for amount=1
[FEE] 157549279104090 103764 1171466759
      ✓ should mint for amount=1
[FEE] 155280967754014 103147 1161507136
      ✓ should mint for amount=1
[FEE] 153157366246728 102569 1152078369
      ✓ should mint for amount=1
[FEE] 151168485659119 102027 1143158369
      ✓ should mint for amount=1
[FEE] 149304691232053 101518 1134725083
      ✓ should mint for amount=1
[FEE] 147561075816690 101042 1126756659
      ✓ should mint for amount=1
[FEE] 145925696791919 100594 1119231572
      ✓ should mint for amount=1
[FEE] 144395665929374 100175 1112128733
      ✓ should mint for amount=1
[FEE] 142963968010239 99783 1105427568
      ✓ should mint for amount=1
[FEE] 141622437771732 99415 1099108087
      ✓ should mint for amount=1
[FEE] 140366036421120 99070 1093150929
      ✓ should mint for amount=1
[FEE] 139189942868138 98747 1087537399
      ✓ should mint for amount=1
[FEE] 138088142687136 98444 1082249493
      ✓ should mint for amount=1
[FEE] 137054847617040 98159 1077269912
      ✓ should mint for amount=1
[FEE] 136087262934468 97892 1072582069
      ✓ should mint for amount=1
[FEE] 135181364009341 97642 1068170088
      ✓ should mint for amount=1
[FEE] 134333296973207 97408 1064018801
      ✓ should mint for amount=1
[FEE] 133539369461011 97189 1060113737
      ✓ should mint for amount=1
[FEE] 132793303083129 96982 1056441108
      ✓ should mint for amount=1
[FEE] 132095823104667 96789 1052987794
      ✓ should mint for amount=1
[FEE] 131442294483463 96608 1049741326
      ✓ should mint for amount=1
[FEE] 130830940100097 96439 1046689863
      ✓ should mint for amount=1
[FEE] 130256029068626 96279 1043822173
      ✓ should mint for amount=1
[FEE] 129718719242528 96130 1041127611
      ✓ should mint for amount=1
[FEE] 129214848454024 95990 1038596095
      ✓ should mint for amount=1
[FEE] 128741710906440 95858 1036218084
      ✓ should mint for amount=1
[FEE] 128299374283211 95735 1033984554
      ✓ should mint for amount=1
[FEE] 127885296974698 95620 1031886977
      ✓ should mint for amount=1
[FEE] 127497020770354 95512 1029917297
      ✓ should mint for amount=1
[FEE] 127133497649316 95411 1028067907
      ✓ should mint for amount=1
[FEE] 126792413150418 95316 1026331630
      ✓ should mint for amount=1
[FEE] 126472849402867 95227 1024701696
      ✓ should mint for amount=1
[FEE] 126173944450344 95144 1023171722
      ✓ should mint for amount=1
[FEE] 125893564668477 95066 1021735691
      ✓ should mint for amount=1
[FEE] 125629633269649 94992 1020387935
      ✓ should mint for amount=1
[FEE] 125381447164586 94922 1019123116
      ✓ should mint for amount=1
[FEE] 125149665422656 94857 1017936207
      ✓ should mint for amount=1
[FEE] 124932346087598 94796 1016822477
      ✓ should mint for amount=1
[FEE] 124730224365065 94740 1015777474
      ✓ should mint for amount=1
[FEE] 124540120306890 94687 1014797009
      ✓ should mint for amount=1
[FEE] 124361525898097 94637 1013877142
      ✓ should mint for amount=1
[FEE] 124192651428660 94589 1013014168
      ✓ should mint for amount=1
[FEE] 124036988537241 94546 1012204604
      ✓ should mint for amount=1
[FEE] 123888867641522 94504 1011445175
      ✓ should mint for amount=1
[FEE] 123751830915711 94466 1010732804
      ✓ should mint for amount=1
[FEE] 123621578919211 94429 1010064599
      ✓ should mint for amount=1
[FEE] 123501695179517 94396 1009437842
      ✓ should mint for amount=1
[FEE] 123389237470473 94365 1008849982
      ✓ should mint for amount=1
[FEE] 123282596348503 94335 1008298620
      ✓ should mint for amount=1
[FEE] 123184102650392 94308 1007781505
      ✓ should mint for amount=1
[FEE] 123090877170267 94282 1007296522
      ✓ should mint for amount=1
[FEE] 123003977243976 94258 1006841686
      ✓ should mint for amount=1
[FEE] 122920559894002 94234 1006415132
      ✓ should mint for amount=1
[FEE] 122844320617494 94213 1006015111
      ✓ should mint for amount=1
[FEE] 122772445044144 94193 1005639979
      ✓ should mint for amount=1
[FEE] 122704741564407 94174 1005288194
      ✓ should mint for amount=1
[FEE] 122642333151808 94157 1004958310
      ✓ should mint for amount=1
[FEE] 122583747719851 94141 1004648967
      ✓ should mint for amount=1
[FEE] 122527525610290 94125 1004358891
      ✓ should mint for amount=1
[FEE] 122476122665746 94111 1004086887
      ✓ should mint for amount=1
[FEE] 122428097631680 94098 1003831831
      ✓ should mint for amount=1
[FEE] 122382019613146 94085 1003592671
      ✓ should mint for amount=1
[FEE] 122339067690267 94073 1003368418
      ✓ should mint for amount=1
[FEE] 122299127403061 94062 1003158146
      ✓ should mint for amount=1
[FEE] 122262091281943 94052 1002960985
      ✓ should mint for amount=1
[FEE] 122226559008742 94042 1002776120
      ✓ should mint for amount=1
[FEE] 122192436748931 94032 1002602785
      ✓ should mint for amount=1
[FEE] 122162235211988 94024 1002440263
      ✓ should mint for amount=1
[FEE] 122131973458969 94015 1002287880
      ✓ should mint for amount=1
[FEE] 122104172614060 94007 1002145005
      ✓ should mint for amount=1
[FEE] 122078759578548 94000 1002011045
      ✓ should mint for amount=1
[FEE] 122054367428073 93993 1001885445
      ✓ should mint for amount=1
[FEE] 122032230863949 93987 1001767684
      ✓ should mint for amount=1
[FEE] 122010991550236 93981 1001657274
      ✓ should mint for amount=1
[FEE] 121991891526132 93976 1001553756
      ✓ should mint for amount=1
[FEE] 121973579890511 93971 1001456700
      ✓ should mint for amount=1
[FEE] 121956007558291 93966 1001365704
      ✓ should mint for amount=1
[FEE] 121940426019026 93962 1001280389
      ✓ should mint for amount=1
[FEE] 121925494082762 93958 1001200401
      ✓ should mint for amount=1
[FEE] 121909873675307 93953 1001125408
      ✓ should mint for amount=1
[FEE] 121897419414055 93950 1001055098
      ✓ should mint for amount=1
[FEE] 121885500369925 93947 1000989179
      ✓ should mint for amount=1
[FEE] 121874083129137 93944 1000927377
      ✓ should mint for amount=1
[FEE] 121861839121483 93940 1000869435
      ✓ should mint for amount=1
[FEE] 121851333490904 93937 1000815112
      ✓ should mint for amount=1

·----------------------------------------|---------------------------|-------------|----------------------------·
|          [90mSolc version: 0.8.17[39m          ·  [90mOptimizer enabled: true[39m  ·  [90mRuns: 200[39m  ·  [90mBlock limit: 8000000 gas[39m  │
·········································|···························|·············|·····························
|  [32m[1mMethods[22m[39m                                                                                                      │
···················|·····················|·············|·············|·············|··············|··············
|  [1mContract[22m        ·  [1mMethod[22m             ·  [32mMin[39m        ·  [32mMax[39m        ·  [32mAvg[39m        ·  [1m# calls[22m     ·  [1musd (avg)[22m  │
···················|·····················|·············|·············|·············|··············|··············
|  [90mXPowerThorTest[39m  ·  init               ·          -  ·          -  ·      67353  ·           [90m1[39m  ·          [32m[90m-[32m[39m  │
···················|·····················|·············|·············|·············|··············|··············
|  [90mXPowerThorTest[39m  ·  mint               ·     [36m127279[39m  ·     [31m229535[39m  ·     128186  ·         [90m115[39m  ·          [32m[90m-[32m[39m  │
···················|·····················|·············|·············|·············|··············|··············
|  [90mXPowerThorTest[39m  ·  transferOwnership  ·          -  ·          -  ·      28656  ·           [90m1[39m  ·          [32m[90m-[32m[39m  │
···················|·····················|·············|·············|·············|··············|··············
|  [32m[1mDeployments[22m[39m                           ·                                         ·  [1m% of limit[22m  ·             │
·········································|·············|·············|·············|··············|··············
|  XPowerThorTest                        ·          -  ·          -  ·    3331941  ·      [90m41.6 %[39m  ·          [32m[90m-[32m[39m  │
·----------------------------------------|-------------|-------------|-------------|--------------|-------------·

  115 passing (15s)

