
> xpower@6.0.0 test-gas
> REPORT_GAS=true npm test ./test/contracts/XPower.fees.1-thor.test.js


> xpower@6.0.0 test
> hardhat test ./test/contracts/XPower.fees.1-thor.test.js


  XPowerThor
    mint
[FEE] 348784296808045 162287 1658186771
      ✓ should mint for amount=1
[FEE] 338601731538621 158011 1653339751
      ✓ should mint for amount=1
[FEE] 328231473798050 154004 1644403817
      ✓ should mint for amount=1
[FEE] 317840984975504 150247 1632166062
      ✓ should mint for amount=1
[FEE] 307563261969680 146725 1617300030
      ✓ should mint for amount=1
[FEE] 297496481925784 143423 1600380630
      ✓ should mint for amount=1
[FEE] 287712829555855 140327 1581897144
      ✓ should mint for amount=1
[FEE] 278265958128739 137425 1562264588
      ✓ should mint for amount=1
[FEE] 269189277547963 134704 1541833648
      ✓ should mint for amount=1
[FEE] 260505708207482 132153 1520899342
      ✓ should mint for amount=1
[FEE] 252226554234857 129761 1499708585
      ✓ should mint for amount=1
[FEE] 244357804249965 127519 1478466778
      ✓ should mint for amount=1
[FEE] 236894317535656 125416 1457343581
      ✓ should mint for amount=1
[FEE] 229832899304656 123445 1436477891
      ✓ should mint for amount=1
[FEE] 223163918455670 121598 1415982223
      ✓ should mint for amount=1
[FEE] 216874332643665 119867 1395946500
      ✓ should mint for amount=1
[FEE] 210948560297789 118244 1376441339
      ✓ should mint for amount=1
[FEE] 205370942414440 116722 1357520917
      ✓ should mint for amount=1
[FEE] 200126184144061 115295 1339225455
      ✓ should mint for amount=1
[FEE] 195199692833091 113958 1321583372
      ✓ should mint for amount=1
[FEE] 190572760346532 112704 1304613142
      ✓ should mint for amount=1
[FEE] 186228081263493 111527 1288324907
      ✓ should mint for amount=1
[FEE] 182154816262613 110425 1272721865
      ✓ should mint for amount=1
[FEE] 178335336973053 109392 1257801472
      ✓ should mint for amount=1
[FEE] 174755430876301 108424 1243556467
      ✓ should mint for amount=1
[FEE] 171399438820950 107516 1229975757
      ✓ should mint for amount=1
[FEE] 168255156355386 106665 1217045176
      ✓ should mint for amount=1
[FEE] 165309043853020 105867 1204748133
      ✓ should mint for amount=1
[FEE] 162549446904175 105119 1193066166
      ✓ should mint for amount=1
[FEE] 159961956782970 104416 1181979408
      ✓ should mint for amount=1
[FEE] 157540199577004 103758 1171466986
      ✓ should mint for amount=1
[FEE] 155273469862133 103142 1161507355
      ✓ should mint for amount=1
[FEE] 153149928363547 102564 1152078581
      ✓ should mint for amount=1
[FEE] 151161104507617 102022 1143158574
      ✓ should mint for amount=1
[FEE] 149298834397993 101514 1134725281
      ✓ should mint for amount=1
[FEE] 147555259255400 101038 1126756850
      ✓ should mint for amount=1
[FEE] 145922819501078 100592 1119231756
      ✓ should mint for amount=1
[FEE] 144394247476177 100174 1112128910
      ✓ should mint for amount=1
[FEE] 142961124498258 99781 1105427738
      ✓ should mint for amount=1
[FEE] 141619609658125 99413 1099108250
      ✓ should mint for amount=1
[FEE] 140363222777998 99068 1093151085
      ✓ should mint for amount=1
[FEE] 139187142815256 98745 1087537548
      ✓ should mint for amount=1
[FEE] 138085355517542 98442 1082249636
      ✓ should mint for amount=1
[FEE] 137053468793080 98158 1077270049
      ✓ should mint for amount=1
[FEE] 136085889377767 97891 1072582200
      ✓ should mint for amount=1
[FEE] 135179995369261 97641 1068170213
      ✓ should mint for amount=1
[FEE] 134331932918216 97407 1064018920
      ✓ should mint for amount=1
[FEE] 133538009677816 97188 1060113850
      ✓ should mint for amount=1
[FEE] 132793316532893 96982 1056441215
      ✓ should mint for amount=1
[FEE] 132095835900422 96789 1052987896
      ✓ should mint for amount=1
[FEE] 131442306629220 96608 1049741423
      ✓ should mint for amount=1
[FEE] 130829594980924 96438 1046689955
      ✓ should mint for amount=1
[FEE] 130254687148052 96278 1043822261
      ✓ should mint for amount=1
[FEE] 129717380299019 96129 1041127695
      ✓ should mint for amount=1
[FEE] 129212166150403 95988 1038596175
      ✓ should mint for amount=1
[FEE] 128740377302649 95857 1036218160
      ✓ should mint for amount=1
[FEE] 128299383217150 95735 1033984626
      ✓ should mint for amount=1
[FEE] 127885305402171 95620 1031887045
      ✓ should mint for amount=1
[FEE] 127497028693136 95512 1029917361
      ✓ should mint for amount=1
[FEE] 127133505192731 95411 1028067968
      ✓ should mint for amount=1
[FEE] 126792420315704 95316 1026331688
      ✓ should mint for amount=1
[FEE] 126472856191190 95227 1024701751
      ✓ should mint for amount=1
[FEE] 126172624602779 95143 1023171773
      ✓ should mint for amount=1
[FEE] 125892246307359 95065 1021735739
      ✓ should mint for amount=1
[FEE] 125629638810026 94992 1020387980
      ✓ should mint for amount=1
[FEE] 125382773221075 94923 1019123158
      ✓ should mint for amount=1
[FEE] 125152309042279 94859 1017936247
      ✓ should mint for amount=1
[FEE] 124933668663894 94797 1016822515
      ✓ should mint for amount=1
[FEE] 124730228785608 94740 1015777510
      ✓ should mint for amount=1
[FEE] 124540124479512 94687 1014797043
      ✓ should mint for amount=1
[FEE] 124362843913139 94638 1013877174
      ✓ should mint for amount=1
[FEE] 124195281049446 94591 1013014198
      ✓ should mint for amount=1
[FEE] 124038303890555 94547 1012204632
      ✓ should mint for amount=1
[FEE] 123891492701889 94506 1011445201
      ✓ should mint for amount=1
[FEE] 123754453883303 94468 1010732828
      ✓ should mint for amount=1
[FEE] 123625509057220 94432 1010064621
      ✓ should mint for amount=1
[FEE] 123504314421073 94398 1009437863
      ✓ should mint for amount=1
[FEE] 123390547368507 94366 1008850001
      ✓ should mint for amount=1
[FEE] 123285212268488 94337 1008298638
      ✓ should mint for amount=1
[FEE] 123186717107042 94310 1007781522
      ✓ should mint for amount=1
[FEE] 123093490246966 94284 1007296538
      ✓ should mint for amount=1
[FEE] 123006589018977 94260 1006841701
      ✓ should mint for amount=1
[FEE] 122924474859060 94237 1006415146
      ✓ should mint for amount=1
[FEE] 122848233904651 94216 1006015124
      ✓ should mint for amount=1
[FEE] 122775053336548 94195 1005639991
      ✓ should mint for amount=1
[FEE] 122706045986867 94175 1005288206
      ✓ should mint for amount=1
[FEE] 122642334494217 94157 1004958321
      ✓ should mint for amount=1
[FEE] 122582446932790 94140 1004648978
      ✓ should mint for amount=1
[FEE] 122527526952244 94125 1004358902
      ✓ should mint for amount=1
[FEE] 122474822484794 94110 1004086897
      ✓ should mint for amount=1
[FEE] 122426797781139 94097 1003831841
      ✓ should mint for amount=1
[FEE] 122380719950470 94084 1003592680
      ✓ should mint for amount=1
[FEE] 122337768318106 94072 1003368427
      ✓ should mint for amount=1
[FEE] 122297828303306 94061 1003158155
      ✓ should mint for amount=1
[FEE] 122260792437612 94051 1002960994
      ✓ should mint for amount=1
[FEE] 122225260282012 94041 1002776128
      ✓ should mint for amount=1
[FEE] 122192437723933 94032 1002602793
      ✓ should mint for amount=1
[FEE] 122160936798513 94023 1002440270
      ✓ should mint for amount=1
[FEE] 122131974190088 94015 1002287886
      ✓ should mint for amount=1
[FEE] 122105472107115 94008 1002145010
      ✓ should mint for amount=1
[FEE] 122080058897932 94001 1002011050
      ✓ should mint for amount=1
[FEE] 122056965132044 93995 1001885450
      ✓ should mint for amount=1
[FEE] 122034828262621 93989 1001767689
      ✓ should mint for amount=1
[FEE] 122013588540851 93983 1001657278
      ✓ should mint for amount=1
[FEE] 121993190009058 93977 1001553759
      ✓ should mint for amount=1
[FEE] 121973580255900 93971 1001456703
      ✓ should mint for amount=1
[FEE] 121956007801871 93966 1001365706
      ✓ should mint for amount=1
[FEE] 121940426262595 93962 1001280391
      ✓ should mint for amount=1
[FEE] 121924196666788 93957 1001200403
      ✓ should mint for amount=1
[FEE] 121909873918853 93953 1001125410
      ✓ should mint for amount=1
[FEE] 121894824715184 93948 1001055100
      ✓ should mint for amount=1
[FEE] 121881608456155 93944 1000989181
      ✓ should mint for amount=1
[FEE] 121870191455665 93941 1000927379
      ✓ should mint for amount=1
[FEE] 121859244903863 93938 1000869437
      ✓ should mint for amount=1
[FEE] 121848739414093 93935 1000815114
      ✓ should mint for amount=1
[FEE] 121839944523779 93933 1000764184
      ✓ should mint for amount=1
[FEE] 121830240133916 93930 1000716435
      ✓ should mint for amount=1
[FEE] 121820899263205 93927 1000671669
      ✓ should mint for amount=1

·----------------------------------------|---------------------------|-------------|----------------------------·
|          [90mSolc version: 0.8.17[39m          ·  [90mOptimizer enabled: true[39m  ·  [90mRuns: 200[39m  ·  [90mBlock limit: 8000000 gas[39m  │
·········································|···························|·············|·····························
|  [32m[1mMethods[22m[39m                                                                                                      │
···················|·····················|·············|·············|·············|··············|··············
|  [1mContract[22m        ·  [1mMethod[22m             ·  [32mMin[39m        ·  [32mMax[39m        ·  [32mAvg[39m        ·  [1m# calls[22m     ·  [1musd (avg)[22m  │
···················|·····················|·············|·············|·············|··············|··············
|  [90mXPowerThorTest[39m  ·  init               ·          -  ·          -  ·      67353  ·           [90m1[39m  ·          [32m[90m-[32m[39m  │
···················|·····················|·············|·············|·············|··············|··············
|  [90mXPowerThorTest[39m  ·  mint               ·     [36m127291[39m  ·     [31m229529[39m  ·     128175  ·         [90m118[39m  ·          [32m[90m-[32m[39m  │
···················|·····················|·············|·············|·············|··············|··············
|  [90mXPowerThorTest[39m  ·  transferOwnership  ·          -  ·          -  ·      28656  ·           [90m1[39m  ·          [32m[90m-[32m[39m  │
···················|·····················|·············|·············|·············|··············|··············
|  [32m[1mDeployments[22m[39m                           ·                                         ·  [1m% of limit[22m  ·             │
·········································|·············|·············|·············|··············|··············
|  XPowerThorTest                        ·          -  ·          -  ·    3331941  ·      [90m41.6 %[39m  ·          [32m[90m-[32m[39m  │
·----------------------------------------|-------------|-------------|-------------|--------------|-------------·

  118 passing (18s)

