
> xpower@6.0.0 test-gas
> REPORT_GAS=true npm test ./test/contracts/XPower.fees.1-thor.test.js


> xpower@6.0.0 test
> hardhat test ./test/contracts/XPower.fees.1-thor.test.js


  XPowerThor
    mint
[FEE] 348822982083776 162305 1658186771
      ✓ should mint for amount=1
[FEE] 338642451344703 158030 1653339774
      ✓ should mint for amount=1
[FEE] 328269851094044 154022 1644403885
      ✓ should mint for amount=1
[FEE] 317876967989927 150264 1632166166
      ✓ should mint for amount=1
[FEE] 307596825520860 146741 1617300159
      ✓ should mint for amount=1
[FEE] 297527623514941 143438 1600380779
      ✓ should mint for amount=1
[FEE] 287743613927867 140342 1581897308
      ✓ should mint for amount=1
[FEE] 278294337833266 137439 1562264766
      ✓ should mint for amount=1
[FEE] 269215289789494 134717 1541833839
      ✓ should mint for amount=1
[FEE] 260529397386299 132165 1520899542
      ✓ should mint for amount=1
[FEE] 252249914217795 129773 1499708791
      ✓ should mint for amount=1
[FEE] 244378918661697 127530 1478466994
      ✓ should mint for amount=1
[FEE] 236917019558616 125428 1457343800
      ✓ should mint for amount=1
[FEE] 229855277359073 123457 1436478117
      ✓ should mint for amount=1
[FEE] 223185978771127 121610 1415982459
      ✓ should mint for amount=1
[FEE] 216894272605061 119878 1395946743
      ✓ should mint for amount=1
[FEE] 210964654097984 118253 1376441585
      ✓ should mint for amount=1
[FEE] 205386814721309 116731 1357521161
      ✓ should mint for amount=1
[FEE] 200141842285409 115304 1339225697
      ✓ should mint for amount=1
[FEE] 195211718351733 113965 1321583610
      ✓ should mint for amount=1
[FEE] 190584630489510 112711 1304613373
      ✓ should mint for amount=1
[FEE] 186241471921859 111535 1288325130
      ✓ should mint for amount=1
[FEE] 182166394378608 110432 1272722082
      ✓ should mint for amount=1
[FEE] 178346778295539 109399 1257801681
      ✓ should mint for amount=1
[FEE] 174765129652325 108430 1243556667
      ✓ should mint for amount=1
[FEE] 171407436318956 107521 1229975948
      ✓ should mint for amount=1
[FEE] 168263068601555 106670 1217045358
      ✓ should mint for amount=1
[FEE] 165315313643245 105871 1204748307
      ✓ should mint for amount=1
[FEE] 162555654871545 105123 1193066332
      ✓ should mint for amount=1
[FEE] 159969638006095 104421 1181979566
      ✓ should mint for amount=1
[FEE] 157547811598022 103763 1171467137
      ✓ should mint for amount=1
[FEE] 155279510849046 103146 1161507499
      ✓ should mint for amount=1
[FEE] 153155919429336 102568 1152078718
      ✓ should mint for amount=1
[FEE] 151165566654286 102025 1143158704
      ✓ should mint for amount=1
[FEE] 149303262746766 101517 1134725404
      ✓ should mint for amount=1
[FEE] 147559655627833 101041 1126756966
      ✓ should mint for amount=1
[FEE] 145927185764260 100595 1119231866
      ✓ should mint for amount=1
[FEE] 144397143848137 100176 1112129014
      ✓ should mint for amount=1
[FEE] 142965435419533 99784 1105427836
      ✓ should mint for amount=1
[FEE] 141623895187402 99416 1099108342
      ✓ should mint for amount=1
[FEE] 140367484460796 99071 1093151172
      ✓ should mint for amount=1
[FEE] 139189972432985 98747 1087537630
      ✓ should mint for amount=1
[FEE] 138086768049894 98443 1082249713
      ✓ should mint for amount=1
[FEE] 137054874206906 98159 1077270121
      ✓ should mint for amount=1
[FEE] 136088678361056 97893 1072582268
      ✓ should mint for amount=1
[FEE] 135182772387509 97643 1068170277
      ✓ should mint for amount=1
[FEE] 134334698777285 97409 1064018981
      ✓ should mint for amount=1
[FEE] 133540764892946 97190 1060113907
      ✓ should mint for amount=1
[FEE] 132794692578047 96983 1056441269
      ✓ should mint for amount=1
[FEE] 132097207079859 96790 1052987947
      ✓ should mint for amount=1
[FEE] 131443673213281 96609 1049741471
      ✓ should mint for amount=1
[FEE] 130830957224405 96439 1046690000
      ✓ should mint for amount=1
[FEE] 130257398192943 96280 1043822303
      ✓ should mint for amount=1
[FEE] 129720083977138 96131 1041127734
      ✓ should mint for amount=1
[FEE] 129216209014308 95991 1038596211
      ✓ should mint for amount=1
[FEE] 128744410541246 95860 1036218193
      ✓ should mint for amount=1
[FEE] 128302067366357 95737 1033984657
      ✓ should mint for amount=1
[FEE] 127887983861520 95622 1031887074
      ✓ should mint for amount=1
[FEE] 127499701795003 95514 1029917388
      ✓ should mint for amount=1
[FEE] 127136173249724 95413 1028067993
      ✓ should mint for amount=1
[FEE] 126795083621737 95318 1026331711
      ✓ should mint for amount=1
[FEE] 126475515022582 95229 1024701772
      ✓ should mint for amount=1
[FEE] 126175279342547 95145 1023171793
      ✓ should mint for amount=1
[FEE] 125894897199390 95067 1021735758
      ✓ should mint for amount=1
[FEE] 125632286083466 94994 1020387998
      ✓ should mint for amount=1
[FEE] 125385417091192 94925 1019123175
      ✓ should mint for amount=1
[FEE] 125154949711316 94861 1017936263
      ✓ should mint for amount=1
[FEE] 124937624229181 94800 1016822530
      ✓ should mint for amount=1
[FEE] 124732863610693 94742 1015777524
      ✓ should mint for amount=1
[FEE] 124542756639335 94689 1014797056
      ✓ should mint for amount=1
[FEE] 124365473564981 94640 1013877186
      ✓ should mint for amount=1
[FEE] 124199221312392 94594 1013014209
      ✓ should mint for amount=1
[FEE] 124042240882483 94550 1012204642
      ✓ should mint for amount=1
[FEE] 123895426740382 94509 1011445211
      ✓ should mint for amount=1
[FEE] 123758385151375 94471 1010732838
      ✓ should mint for amount=1
[FEE] 123628128578138 94434 1010064631
      ✓ should mint for amount=1
[FEE] 123506932194511 94400 1009437872
      ✓ should mint for amount=1
[FEE] 123393163617712 94368 1008850010
      ✓ should mint for amount=1
[FEE] 123287827088107 94339 1008298647
      ✓ should mint for amount=1
[FEE] 123188024274282 94311 1007781530
      ✓ should mint for amount=1
[FEE] 123094796785346 94285 1007296546
      ✓ should mint for amount=1
[FEE] 123007894845421 94261 1006841708
      ✓ should mint for amount=1
[FEE] 122925780132435 94238 1006415153
      ✓ should mint for amount=1
[FEE] 122848234637333 94216 1006015130
      ✓ should mint for amount=1
[FEE] 122776357482773 94196 1005639997
      ✓ should mint for amount=1
[FEE] 122707349554925 94176 1005288211
      ✓ should mint for amount=1
[FEE] 122644940164784 94159 1004958326
      ✓ should mint for amount=1
[FEE] 122586353808595 94143 1004648982
      ✓ should mint for amount=1
[FEE] 122531432700065 94128 1004358906
      ✓ should mint for amount=1
[FEE] 122477425774166 94112 1004086901
      ✓ should mint for amount=1
[FEE] 122429400287323 94099 1003831844
      ✓ should mint for amount=1
[FEE] 122383321836648 94086 1003592683
      ✓ should mint for amount=1
[FEE] 122340369622927 94074 1003368430
      ✓ should mint for amount=1
[FEE] 122300428941101 94063 1003158157
      ✓ should mint for amount=1
[FEE] 122263392564298 94053 1002960996
      ✓ should mint for amount=1
[FEE] 122227859929461 94043 1002776130
      ✓ should mint for amount=1
[FEE] 122195036800161 94034 1002602794
      ✓ should mint for amount=1
[FEE] 122163535453436 94025 1002440271
      ✓ should mint for amount=1
[FEE] 122133273380965 94016 1002287887
      ✓ should mint for amount=1
[FEE] 122104173345117 94007 1002145011
      ✓ should mint for amount=1
[FEE] 122078760309551 94000 1002011051
      ✓ should mint for amount=1
[FEE] 122055666706446 93994 1001885451
      ✓ should mint for amount=1
[FEE] 122033529989646 93988 1001767690
      ✓ should mint for amount=1
[FEE] 122010992159281 93981 1001657279
      ✓ should mint for amount=1
[FEE] 121990593895823 93975 1001553760
      ✓ should mint for amount=1
[FEE] 121972282385971 93970 1001456704
      ✓ should mint for amount=1
[FEE] 121954710049877 93965 1001365707
      ✓ should mint for amount=1
[FEE] 121936533094761 93959 1001280392
      ✓ should mint for amount=1
[FEE] 121920303809966 93954 1001200404
      ✓ should mint for amount=1
[FEE] 121905981353621 93950 1001125411
      ✓ should mint for amount=1
[FEE] 121893527365745 93947 1001055101
      ✓ should mint for amount=1
[FEE] 121881608577917 93944 1000989182
      ✓ should mint for amount=1
[FEE] 121868894271756 93940 1000927380
      ✓ should mint for amount=1
[FEE] 121856650564482 93936 1000869438
      ✓ should mint for amount=1
[FEE] 121847442375684 93934 1000815115
      ✓ should mint for amount=1
[FEE] 121837350457230 93931 1000764185
      ✓ should mint for amount=1
[FEE] 121828943223398 93929 1000716436
      ✓ should mint for amount=1
[FEE] 121820899384944 93927 1000671670
      ✓ should mint for amount=1
[FEE] 121813196275674 93925 1000629701
      ✓ should mint for amount=1
[FEE] 121805812448663 93923 1000590353
      ✓ should mint for amount=1
[FEE] 121798728163048 93921 1000553464
      ✓ should mint for amount=1

·----------------------------------------|---------------------------|-------------|----------------------------·
|          [90mSolc version: 0.8.17[39m          ·  [90mOptimizer enabled: true[39m  ·  [90mRuns: 200[39m  ·  [90mBlock limit: 8000000 gas[39m  │
·········································|···························|·············|·····························
|  [32m[1mMethods[22m[39m                                                                                                      │
···················|·····················|·············|·············|·············|··············|··············
|  [1mContract[22m        ·  [1mMethod[22m             ·  [32mMin[39m        ·  [32mMax[39m        ·  [32mAvg[39m        ·  [1m# calls[22m     ·  [1musd (avg)[22m  │
···················|·····················|·············|·············|·············|··············|··············
|  [90mXPowerThorTest[39m  ·  init               ·          -  ·          -  ·      67353  ·           [90m1[39m  ·          [32m[90m-[32m[39m  │
···················|·····················|·············|·············|·············|··············|··············
|  [90mXPowerThorTest[39m  ·  mint               ·     [36m127291[39m  ·     [31m229547[39m  ·     128154  ·         [90m121[39m  ·          [32m[90m-[32m[39m  │
···················|·····················|·············|·············|·············|··············|··············
|  [90mXPowerThorTest[39m  ·  transferOwnership  ·          -  ·          -  ·      28656  ·           [90m1[39m  ·          [32m[90m-[32m[39m  │
···················|·····················|·············|·············|·············|··············|··············
|  [32m[1mDeployments[22m[39m                           ·                                         ·  [1m% of limit[22m  ·             │
·········································|·············|·············|·············|··············|··············
|  XPowerThorTest                        ·          -  ·          -  ·    3331941  ·      [90m41.6 %[39m  ·          [32m[90m-[32m[39m  │
·----------------------------------------|-------------|-------------|-------------|--------------|-------------·

  121 passing (15s)

