
> xpower@6.0.0 test-gas
> REPORT_GAS=true npm test ./test/contracts/XPower.fees.1-thor.test.js


> xpower@6.0.0 test
> hardhat test ./test/contracts/XPower.fees.1-thor.test.js


  XPowerThor
    mint
[FEE] 348822982083776 162305 1658186771
      ✓ should mint for amount=1
[FEE] 338642451344703 158030 1653339774
      ✓ should mint for amount=1
[FEE] 328269851094044 154022 1644403885
      ✓ should mint for amount=1
[FEE] 317876967989927 150264 1632166166
      ✓ should mint for amount=1
[FEE] 307594730092924 146740 1617300163
      ✓ should mint for amount=1
[FEE] 297525547396423 143437 1600380769
      ✓ should mint for amount=1
[FEE] 287741559077524 140341 1581897283
      ✓ should mint for amount=1
[FEE] 278292306385191 137438 1562264729
      ✓ should mint for amount=1
[FEE] 269215281582956 134717 1541833792
      ✓ should mint for amount=1
[FEE] 260529388478723 132165 1520899490
      ✓ should mint for amount=1
[FEE] 252249904798636 129773 1499708735
      ✓ should mint for amount=1
[FEE] 244378909240047 127530 1478466937
      ✓ should mint for amount=1
[FEE] 236917010779961 125428 1457343746
      ✓ should mint for amount=1
[FEE] 229853407373891 123456 1436478066
      ✓ should mint for amount=1
[FEE] 223184135314914 121609 1415982407
      ✓ should mint for amount=1
[FEE] 216890645786923 119876 1395946690
      ✓ should mint for amount=1
[FEE] 210961077339825 118251 1376441528
      ✓ should mint for amount=1
[FEE] 205383286516084 116729 1357521100
      ✓ should mint for amount=1
[FEE] 200136625395033 115301 1339225633
      ✓ should mint for amount=1
[FEE] 195208282488823 113963 1321583542
      ✓ should mint for amount=1
[FEE] 190581238581412 112709 1304613304
      ✓ should mint for amount=1
[FEE] 186238122485995 111533 1288325062
      ✓ should mint for amount=1
[FEE] 182161436049727 110429 1272722015
      ✓ should mint for amount=1
[FEE] 178341878213311 109396 1257801615
      ✓ should mint for amount=1
[FEE] 174760285323099 108427 1243556603
      ✓ should mint for amount=1
[FEE] 171404239326180 107519 1229975886
      ✓ should mint for amount=1
[FEE] 168258328055544 106667 1217045298
      ✓ should mint for amount=1
[FEE] 165312182727206 105869 1204748249
      ✓ should mint for amount=1
[FEE] 162551008364982 105120 1193066277
      ✓ should mint for amount=1
[FEE] 159966566897045 104419 1181979513
      ✓ should mint for amount=1
[FEE] 157543249710731 103760 1171467086
      ✓ should mint for amount=1
[FEE] 155276493430165 103144 1161507450
      ✓ should mint for amount=1
[FEE] 153152926754392 102566 1152078671
      ✓ should mint for amount=1
[FEE] 151162597399410 102023 1143158659
      ✓ should mint for amount=1
[FEE] 149300315645529 101515 1134725361
      ✓ should mint for amount=1
[FEE] 147556729470883 101039 1126756925
      ✓ should mint for amount=1
[FEE] 145922828757892 100592 1119231827
      ✓ should mint for amount=1
[FEE] 144394256045346 100174 1112128976
      ✓ should mint for amount=1
[FEE] 142961132516502 99781 1105427800
      ✓ should mint for amount=1
[FEE] 141618192573070 99412 1099108308
      ✓ should mint for amount=1
[FEE] 140361812874508 99067 1093151139
      ✓ should mint for amount=1
[FEE] 139185739780938 98744 1087537599
      ✓ should mint for amount=1
[FEE] 138082556098715 98440 1082249683
      ✓ should mint for amount=1
[FEE] 137050681883414 98156 1077270093
      ✓ should mint for amount=1
[FEE] 136083114224128 97889 1072582241
      ✓ should mint for amount=1
[FEE] 135175846926622 97638 1068170252
      ✓ should mint for amount=1
[FEE] 134327800352776 97404 1064018957
      ✓ should mint for amount=1
[FEE] 133533891908115 97185 1060113884
      ✓ should mint for amount=1
[FEE] 132790582040465 96980 1056441247
      ✓ should mint for amount=1
[FEE] 132091745319285 96786 1052987926
      ✓ should mint for amount=1
[FEE] 131436867714949 96604 1049741450
      ✓ should mint for amount=1
[FEE] 130825528249543 96435 1046689980
      ✓ should mint for amount=1
[FEE] 130251984214318 96276 1043822284
      ✓ should mint for amount=1
[FEE] 129714684096536 96127 1041127716
      ✓ should mint for amount=1
[FEE] 129210822385846 95987 1038596194
      ✓ should mint for amount=1
[FEE] 128739036368541 95856 1036218177
      ✓ should mint for amount=1
[FEE] 128298045051165 95734 1033984642
      ✓ should mint for amount=1
[FEE] 127882632395930 95618 1031887060
      ✓ should mint for amount=1
[FEE] 127494360666833 95510 1029917375
      ✓ should mint for amount=1
[FEE] 127130841834946 95409 1028067981
      ✓ should mint for amount=1
[FEE] 126789761333580 95314 1026331700
      ✓ should mint for amount=1
[FEE] 126470201309395 95225 1024701762
      ✓ should mint for amount=1
[FEE] 126171299822526 95142 1023171784
      ✓ should mint for amount=1
[FEE] 125890923264030 95064 1021735749
      ✓ should mint for amount=1
[FEE] 125628317512586 94991 1020387990
      ✓ should mint for amount=1
[FEE] 125382774451375 94923 1019123168
      ✓ should mint for amount=1
[FEE] 125152310148802 94859 1017936256
      ✓ should mint for amount=1
[FEE] 124936305461667 94799 1016822523
      ✓ should mint for amount=1
[FEE] 124734179304108 94743 1015777517
      ✓ should mint for amount=1
[FEE] 124544071062442 94690 1014797049
      ✓ should mint for amount=1
[FEE] 124364158739052 94639 1013877180
      ✓ should mint for amount=1
[FEE] 124197907727930 94593 1013014204
      ✓ should mint for amount=1
[FEE] 124042240392296 94550 1012204638
      ✓ should mint for amount=1
[FEE] 123895426250408 94509 1011445207
      ✓ should mint for amount=1
[FEE] 123758384661598 94471 1010732834
      ✓ should mint for amount=1
[FEE] 123629437237038 94435 1010064627
      ✓ should mint for amount=1
[FEE] 123506931827455 94400 1009437869
      ✓ should mint for amount=1
[FEE] 123393163250780 94368 1008850007
      ✓ should mint for amount=1
[FEE] 123285213002111 94337 1008298644
      ✓ should mint for amount=1
[FEE] 123185411651103 94309 1007781528
      ✓ should mint for amount=1
[FEE] 123092185419414 94283 1007296544
      ✓ should mint for amount=1
[FEE] 123005284780754 94259 1006841707
      ✓ should mint for amount=1
[FEE] 122923171173518 94236 1006415152
      ✓ should mint for amount=1
[FEE] 122846930615303 94215 1006015129
      ✓ should mint for amount=1
[FEE] 122775053946980 94195 1005639996
      ✓ should mint for amount=1
[FEE] 122707349432863 94176 1005288210
      ✓ should mint for amount=1
[FEE] 122643637512555 94158 1004958325
      ✓ should mint for amount=1
[FEE] 122585051557329 94142 1004648981
      ✓ should mint for amount=1
[FEE] 122530130824788 94127 1004358905
      ✓ should mint for amount=1
[FEE] 122478727052918 94113 1004086900
      ✓ should mint for amount=1
[FEE] 122429400165361 94099 1003831843
      ✓ should mint for amount=1
[FEE] 122383321714703 94086 1003592682
      ✓ should mint for amount=1
[FEE] 122340369500998 94074 1003368429
      ✓ should mint for amount=1
[FEE] 122300428941101 94063 1003158157
      ✓ should mint for amount=1
[FEE] 122262092622855 94052 1002960996
      ✓ should mint for amount=1
[FEE] 122226560227623 94042 1002776130
      ✓ should mint for amount=1
[FEE] 122193737444861 94033 1002602795
      ✓ should mint for amount=1
[FEE] 122160937042240 94023 1002440272
      ✓ should mint for amount=1
[FEE] 122131974433794 94015 1002287888
      ✓ should mint for amount=1
[FEE] 122105472350804 94008 1002145012
      ✓ should mint for amount=1
[FEE] 122078760431384 94000 1002011052
      ✓ should mint for amount=1
[FEE] 122055666828272 93994 1001885452
      ✓ should mint for amount=1
[FEE] 122033530111464 93988 1001767691
      ✓ should mint for amount=1
[FEE] 122012290532783 93982 1001657280
      ✓ should mint for amount=1
[FEE] 121993190252666 93977 1001553761
      ✓ should mint for amount=1
[FEE] 121974878491218 93972 1001456705
      ✓ should mint for amount=1
[FEE] 121957305919235 93967 1001365708
      ✓ should mint for amount=1
[FEE] 121940426506164 93962 1001280393
      ✓ should mint for amount=1
[FEE] 121924196910344 93957 1001200405
      ✓ should mint for amount=1
[FEE] 121909874162398 93953 1001125412
      ✓ should mint for amount=1
[FEE] 121894824958717 93948 1001055102
      ✓ should mint for amount=1
[FEE] 121882906085447 93945 1000989183
      ✓ should mint for amount=1
[FEE] 121871489004847 93942 1000927381
      ✓ should mint for amount=1
[FEE] 121860542377938 93939 1000869439
      ✓ should mint for amount=1
[FEE] 121850036817752 93936 1000815116
      ✓ should mint for amount=1
[FEE] 121839944767273 93933 1000764186
      ✓ should mint for amount=1
[FEE] 121830240377402 93930 1000716437
      ✓ should mint for amount=1
[FEE] 121822196480924 93928 1000671671
      ✓ should mint for amount=1
[FEE] 121814493317255 93926 1000629702
      ✓ should mint for amount=1
[FEE] 121807109439242 93924 1000590354
      ✓ should mint for amount=1
[FEE] 121800025105813 93922 1000553465
      ✓ should mint for amount=1
[FEE] 121791924653478 93919 1000518880
      ✓ should mint for amount=1
[FEE] 121785384251732 93917 1000486456
      ✓ should mint for amount=1
[FEE] 121777793935270 93914 1000456058
      ✓ should mint for amount=1
[FEE] 121773028314122 93913 1000427559
      ✓ should mint for amount=1
[FEE] 121768479549617 93912 1000400841
      ✓ should mint for amount=1
[FEE] 121764134002369 93911 1000375792
      ✓ should mint for amount=1

·----------------------------------------|---------------------------|-------------|----------------------------·
|          [90mSolc version: 0.8.17[39m          ·  [90mOptimizer enabled: true[39m  ·  [90mRuns: 200[39m  ·  [90mBlock limit: 8000000 gas[39m  │
·········································|···························|·············|·····························
|  [32m[1mMethods[22m[39m                                                                                                      │
···················|·····················|·············|·············|·············|··············|··············
|  [1mContract[22m        ·  [1mMethod[22m             ·  [32mMin[39m        ·  [32mMax[39m        ·  [32mAvg[39m        ·  [1m# calls[22m     ·  [1musd (avg)[22m  │
···················|·····················|·············|·············|·············|··············|··············
|  [90mXPowerThorTest[39m  ·  init               ·          -  ·          -  ·      67353  ·           [90m1[39m  ·          [32m[90m-[32m[39m  │
···················|·····················|·············|·············|·············|··············|··············
|  [90mXPowerThorTest[39m  ·  mint               ·     [36m127291[39m  ·     [31m229547[39m  ·     128114  ·         [90m127[39m  ·          [32m[90m-[32m[39m  │
···················|·····················|·············|·············|·············|··············|··············
|  [90mXPowerThorTest[39m  ·  transferOwnership  ·          -  ·          -  ·      28656  ·           [90m1[39m  ·          [32m[90m-[32m[39m  │
···················|·····················|·············|·············|·············|··············|··············
|  [32m[1mDeployments[22m[39m                           ·                                         ·  [1m% of limit[22m  ·             │
·········································|·············|·············|·············|··············|··············
|  XPowerThorTest                        ·          -  ·          -  ·    3331941  ·      [90m41.6 %[39m  ·          [32m[90m-[32m[39m  │
·----------------------------------------|-------------|-------------|-------------|--------------|-------------·

  127 passing (16s)

