
> xpower@6.0.0 test-gas
> REPORT_GAS=true npm test ./test/contracts/XPower.fees.1-thor.test.js


> xpower@6.0.0 test
> hardhat test ./test/contracts/XPower.fees.1-thor.test.js


  XPowerThor
    mint
[FEE] 348812236173851 162300 1658186771
      ✓ should mint for amount=1
[FEE] 338629592512349 158024 1653339767
      ✓ should mint for amount=1
[FEE] 328254925480672 154015 1644403853
      ✓ should mint for amount=1
[FEE] 317860030510201 150256 1632166095
      ✓ should mint for amount=1
[FEE] 307582129568269 146734 1617300040
      ✓ should mint for amount=1
[FEE] 297513074512434 143431 1600380622
      ✓ should mint for amount=1
[FEE] 287729227248495 140335 1581897118
      ✓ should mint for amount=1
[FEE] 278282150215019 137433 1562264550
      ✓ should mint for amount=1
[FEE] 269205256701119 134712 1541833603
      ✓ should mint for amount=1
[FEE] 260521469417409 132161 1520899291
      ✓ should mint for amount=1
[FEE] 252244038984528 129770 1499708530
      ✓ should mint for amount=1
[FEE] 244375042366937 127528 1478466729
      ✓ should mint for amount=1
[FEE] 236913199229219 125426 1457343538
      ✓ should mint for amount=1
[FEE] 229849650442950 123454 1436477858
      ✓ should mint for amount=1
[FEE] 223178596908770 121606 1415982200
      ✓ should mint for amount=1
[FEE] 216885186061568 119873 1395946485
      ✓ should mint for amount=1
[FEE] 210955694348156 118248 1376441326
      ✓ should mint for amount=1
[FEE] 205376218760003 116725 1357520903
      ✓ should mint for amount=1
[FEE] 200131388928756 115298 1339225438
      ✓ should mint for amount=1
[FEE] 195203115697169 113960 1321583352
      ✓ should mint for amount=1
[FEE] 190576138960604 112706 1304613120
      ✓ should mint for amount=1
[FEE] 186233087346721 111530 1288324884
      ✓ should mint for amount=1
[FEE] 182159761995464 110428 1272721844
      ✓ should mint for amount=1
[FEE] 178340225002466 109395 1257801453
      ✓ should mint for amount=1
[FEE] 174757040124880 108425 1243556449
      ✓ should mint for amount=1
[FEE] 171401030488705 107517 1229975739
      ✓ should mint for amount=1
[FEE] 168255153866906 106665 1217045158
      ✓ should mint for amount=1
[FEE] 165309041520372 105867 1204748116
      ✓ should mint for amount=1
[FEE] 162549444724253 105119 1193066150
      ✓ should mint for amount=1
[FEE] 159963486720808 104417 1181979393
      ✓ should mint for amount=1
[FEE] 157541716036928 103759 1171466972
      ✓ should mint for amount=1
[FEE] 155274973691888 103143 1161507343
      ✓ should mint for amount=1
[FEE] 153151420114558 102565 1152078570
      ✓ should mint for amount=1
[FEE] 151162584705101 102023 1143158563
      ✓ should mint for amount=1
[FEE] 149300303803872 101515 1134725271
      ✓ should mint for amount=1
[FEE] 147556718339536 101039 1126756840
      ✓ should mint for amount=1
[FEE] 145924268968071 100593 1119231747
      ✓ should mint for amount=1
[FEE] 144392804873287 100173 1112128901
      ✓ should mint for amount=1
[FEE] 142958257965736 99779 1105427730
      ✓ should mint for amount=1
[FEE] 141616759510842 99411 1099108242
      ✓ should mint for amount=1
[FEE] 140358971239360 99065 1093151077
      ✓ should mint for amount=1
[FEE] 139182913107145 98742 1087537540
      ✓ should mint for amount=1
[FEE] 138079743665888 98438 1082249628
      ✓ should mint for amount=1
[FEE] 137047882760615 98154 1077270041
      ✓ should mint for amount=1
[FEE] 136080327651824 97887 1072582192
      ✓ should mint for amount=1
[FEE] 135175840978820 97638 1068170205
      ✓ should mint for amount=1
[FEE] 134327794671720 97404 1064018912
      ✓ should mint for amount=1
[FEE] 133533886617718 97185 1060113842
      ✓ should mint for amount=1
[FEE] 132789207755278 96979 1056441207
      ✓ should mint for amount=1
[FEE] 132091740552387 96786 1052987888
      ✓ should mint for amount=1
[FEE] 131438223906358 96605 1049741415
      ✓ should mint for amount=1
[FEE] 130826880743579 96436 1046689947
      ✓ should mint for amount=1
[FEE] 130253333247893 96277 1043822253
      ✓ should mint for amount=1
[FEE] 129716029892842 96128 1041127687
      ✓ should mint for amount=1
[FEE] 129210819026800 95987 1038596167
      ✓ should mint for amount=1
[FEE] 128737690216393 95855 1036218152
      ✓ should mint for amount=1
[FEE] 128295361770668 95732 1033984618
      ✓ should mint for amount=1
[FEE] 127881292112929 95617 1031887037
      ✓ should mint for amount=1
[FEE] 127494357943434 95510 1029917353
      ✓ should mint for amount=1
[FEE] 127130839238087 95409 1028067960
      ✓ should mint for amount=1
[FEE] 126791089095116 95315 1026331680
      ✓ should mint for amount=1
[FEE] 126470198964387 95225 1024701743
      ✓ should mint for amount=1
[FEE] 126171297602876 95142 1023171766
      ✓ should mint for amount=1
[FEE] 125890921169412 95064 1021735732
      ✓ should mint for amount=1
[FEE] 125626993014082 94990 1020387974
      ✓ should mint for amount=1
[FEE] 125381451716650 94922 1019123153
      ✓ should mint for amount=1
[FEE] 125150989076628 94858 1017936242
      ✓ should mint for amount=1
[FEE] 124934985956963 94798 1016822510
      ✓ should mint for amount=1
[FEE] 124731544724611 94741 1015777505
      ✓ should mint for amount=1
[FEE] 124541439148072 94688 1014797038
      ✓ should mint for amount=1
[FEE] 124361529209900 94637 1013877169
      ✓ should mint for amount=1
[FEE] 124193967465018 94590 1013014193
      ✓ should mint for amount=1
[FEE] 124036991355694 94546 1012204627
      ✓ should mint for amount=1
[FEE] 123888870336236 94504 1011445197
      ✓ should mint for amount=1
[FEE] 123751833364465 94466 1010732824
      ✓ should mint for amount=1
[FEE] 123622890270700 94430 1010064617
      ✓ should mint for amount=1
[FEE] 123500388923287 94395 1009437859
      ✓ should mint for amount=1
[FEE] 123386624278981 94363 1008849998
      ✓ should mint for amount=1
[FEE] 123281291322945 94334 1008298635
      ✓ should mint for amount=1
[FEE] 123181491982972 94306 1007781519
      ✓ should mint for amount=1
[FEE] 123088267637355 94280 1007296535
      ✓ should mint for amount=1
[FEE] 123001368767523 94256 1006841698
      ✓ should mint for amount=1
[FEE] 122917952522892 94232 1006415144
      ✓ should mint for amount=1
[FEE] 122840410260980 94210 1006015122
      ✓ should mint for amount=1
[FEE] 122768536023895 94190 1005639989
      ✓ should mint for amount=1
[FEE] 122700833911761 94171 1005288204
      ✓ should mint for amount=1
[FEE] 122638426659600 94154 1004958319
      ✓ should mint for amount=1
[FEE] 122579842430279 94138 1004648976
      ✓ should mint for amount=1
[FEE] 122524923201709 94123 1004358900
      ✓ should mint for amount=1
[FEE] 122473520840117 94109 1004086895
      ✓ should mint for amount=1
[FEE] 122425496467074 94096 1003831839
      ✓ should mint for amount=1
[FEE] 122379418946416 94083 1003592678
      ✓ should mint for amount=1
[FEE] 122336467604739 94071 1003368425
      ✓ should mint for amount=1
[FEE] 122296527862501 94060 1003158153
      ✓ should mint for amount=1
[FEE] 122259492252374 94050 1002960992
      ✓ should mint for amount=1
[FEE] 122223960336405 94040 1002776126
      ✓ should mint for amount=1
[FEE] 122189838525838 94030 1002602791
      ✓ should mint for amount=1
[FEE] 122158338021735 94021 1002440268
      ✓ should mint for amount=1
[FEE] 122128076861170 94012 1002287885
      ✓ should mint for amount=1
[FEE] 122101575333753 94005 1002145009
      ✓ should mint for amount=1
[FEE] 122074863935243 93997 1002011049
      ✓ should mint for amount=1
[FEE] 122051770820526 93991 1001885449
      ✓ should mint for amount=1
[FEE] 122029634561632 93985 1001767688
      ✓ should mint for amount=1
[FEE] 122008395412287 93979 1001657277
      ✓ should mint for amount=1
[FEE] 121989295656504 93974 1001553759
      ✓ should mint for amount=1
[FEE] 121970984272453 93969 1001456703
      ✓ should mint for amount=1
[FEE] 121953412054307 93964 1001365706
      ✓ should mint for amount=1
[FEE] 121937830736185 93960 1001280391
      ✓ should mint for amount=1
[FEE] 121922899007256 93956 1001200403
      ✓ should mint for amount=1
[FEE] 121908576356519 93952 1001125410
      ✓ should mint for amount=1
[FEE] 121894824715184 93948 1001055100
      ✓ should mint for amount=1
[FEE] 121880311070389 93943 1000989181
      ✓ should mint for amount=1
[FEE] 121868894150000 93940 1000927379
      ✓ should mint for amount=1
[FEE] 121857947673297 93937 1000869437
      ✓ should mint for amount=1
[FEE] 121848739414093 93935 1000815114
      ✓ should mint for amount=1
[FEE] 121839944523779 93933 1000764184
      ✓ should mint for amount=1
[FEE] 121830240133916 93930 1000716435
      ✓ should mint for amount=1
[FEE] 121822196237443 93928 1000671669
      ✓ should mint for amount=1
[FEE] 121814493073780 93926 1000629700
      ✓ should mint for amount=1
[FEE] 121807109195772 93924 1000590352
      ✓ should mint for amount=1
[FEE] 121800024862348 93922 1000553463
      ✓ should mint for amount=1
[FEE] 121791924410020 93919 1000518878
      ✓ should mint for amount=1
[FEE] 121785384008279 93917 1000486454
      ✓ should mint for amount=1
[FEE] 121780387081388 93916 1000456056
      ✓ should mint for amount=1
[FEE] 121775621386368 93915 1000427557
      ✓ should mint for amount=1
[FEE] 121771072552607 93914 1000400839
      ✓ should mint for amount=1
[FEE] 121766726940429 93913 1000375790
      ✓ should mint for amount=1
[FEE] 121762571884497 93912 1000352306
      ✓ should mint for amount=1
[FEE] 121758595572041 93911 1000330290
      ✓ should mint for amount=1
[FEE] 121754786677665 93910 1000309649
      ✓ should mint for amount=1

·----------------------------------------|---------------------------|-------------|----------------------------·
|          [90mSolc version: 0.8.17[39m          ·  [90mOptimizer enabled: true[39m  ·  [90mRuns: 200[39m  ·  [90mBlock limit: 8000000 gas[39m  │
·········································|···························|·············|·····························
|  [32m[1mMethods[22m[39m                                                                                                      │
···················|·····················|·············|·············|·············|··············|··············
|  [1mContract[22m        ·  [1mMethod[22m             ·  [32mMin[39m        ·  [32mMax[39m        ·  [32mAvg[39m        ·  [1m# calls[22m     ·  [1musd (avg)[22m  │
···················|·····················|·············|·············|·············|··············|··············
|  [90mXPowerThorTest[39m  ·  init               ·          -  ·          -  ·      67353  ·           [90m1[39m  ·          [32m[90m-[32m[39m  │
···················|·····················|·············|·············|·············|··············|··············
|  [90mXPowerThorTest[39m  ·  mint               ·     [36m127291[39m  ·     [31m229542[39m  ·     128094  ·         [90m130[39m  ·          [32m[90m-[32m[39m  │
···················|·····················|·············|·············|·············|··············|··············
|  [90mXPowerThorTest[39m  ·  transferOwnership  ·          -  ·          -  ·      28656  ·           [90m1[39m  ·          [32m[90m-[32m[39m  │
···················|·····················|·············|·············|·············|··············|··············
|  [32m[1mDeployments[22m[39m                           ·                                         ·  [1m% of limit[22m  ·             │
·········································|·············|·············|·············|··············|··············
|  XPowerThorTest                        ·          -  ·          -  ·    3331941  ·      [90m41.6 %[39m  ·          [32m[90m-[32m[39m  │
·----------------------------------------|-------------|-------------|-------------|--------------|-------------·

  130 passing (12s)

