
> xpower@6.0.0 test-gas
> REPORT_GAS=true npm test ./test/contracts/XPower.fees.1-thor.test.js


> xpower@6.0.0 test
> hardhat test ./test/contracts/XPower.fees.1-thor.test.js


  XPowerThor
    mint
[FEE] 348784296808045 162287 1658186771
      ✓ should mint for amount=1
[FEE] 338606014061291 158013 1653339735
      ✓ should mint for amount=1
[FEE] 328233601922195 154005 1644403801
      ✓ should mint for amount=1
[FEE] 317840978549226 150247 1632166029
      ✓ should mint for amount=1
[FEE] 307563247136357 146725 1617299952
      ✓ should mint for amount=1
[FEE] 297496459061181 143423 1600380507
      ✓ should mint for amount=1
[FEE] 287712799182172 140327 1581896977
      ✓ should mint for amount=1
[FEE] 278265919477340 137425 1562264371
      ✓ should mint for amount=1
[FEE] 269187233254769 134703 1541833385
      ✓ should mint for amount=1
[FEE] 260503683695322 132152 1520899031
      ✓ should mint for amount=1
[FEE] 252226494025089 129761 1499708227
      ✓ should mint for amount=1
[FEE] 244355823711148 127518 1478466389
      ✓ should mint for amount=1
[FEE] 236894248938653 125416 1457343159
      ✓ should mint for amount=1
[FEE] 229834690089470 123446 1436477447
      ✓ should mint for amount=1
[FEE] 223163846430817 121598 1415981766
      ✓ should mint for amount=1
[FEE] 216872450178284 119866 1395946029
      ✓ should mint for amount=1
[FEE] 210946702264841 118243 1376440856
      ✓ should mint for amount=1
[FEE] 205369108646860 116721 1357520426
      ✓ should mint for amount=1
[FEE] 200126110174095 115295 1339224960
      ✓ should mint for amount=1
[FEE] 195197906517068 113957 1321582875
      ✓ should mint for amount=1
[FEE] 190570996979543 112703 1304612646
      ✓ should mint for amount=1
[FEE] 186228010144620 111527 1288324415
      ✓ should mint for amount=1
[FEE] 182154746848322 110425 1272721380
      ✓ should mint for amount=1
[FEE] 178335269484167 109392 1257800996
      ✓ should mint for amount=1
[FEE] 174752141694347 108422 1243556000
      ✓ should mint for amount=1
[FEE] 171394592471234 107513 1229975299
      ✓ should mint for amount=1
[FEE] 168250362171407 106662 1217044728
      ✓ should mint for amount=1
[FEE] 165304299593660 105864 1204747697
      ✓ should mint for amount=1
[FEE] 162544750261769 105116 1193065743
      ✓ should mint for amount=1
[FEE] 159960369464043 104415 1181978999
      ✓ should mint for amount=1
[FEE] 157540146456959 103758 1171466591
      ✓ should mint for amount=1
[FEE] 155273419062697 103142 1161506975
      ✓ should mint for amount=1
[FEE] 153149879842791 102564 1152078216
      ✓ should mint for amount=1
[FEE] 151159576442918 102021 1143158223
      ✓ should mint for amount=1
[FEE] 149297319336822 101513 1134724944
      ✓ should mint for amount=1
[FEE] 147553756432460 101037 1126756526
      ✓ should mint for amount=1
[FEE] 145919877803999 100590 1119231446
      ✓ should mint for amount=1
[FEE] 144391326046929 100172 1112128613
      ✓ should mint for amount=1
[FEE] 142959655020928 99780 1105427454
      ✓ should mint for amount=1
[FEE] 141618150181993 99412 1099107979
      ✓ should mint for amount=1
[FEE] 140361772684962 99067 1093150826
      ✓ should mint for amount=1
[FEE] 139185701642164 98744 1087537301
      ✓ should mint for amount=1
[FEE] 138082520118773 98440 1082249401
      ✓ should mint for amount=1
[FEE] 137050647788360 98156 1077269825
      ✓ should mint for amount=1
[FEE] 136084472175524 97890 1072581987
      ✓ should mint for amount=1
[FEE] 135178585346495 97640 1068170011
      ✓ should mint for amount=1
[FEE] 134330529599704 97406 1064018728
      ✓ should mint for amount=1
[FEE] 133536612734822 97187 1060113668
      ✓ should mint for amount=1
[FEE] 132791925655583 96981 1056441043
      ✓ should mint for amount=1
[FEE] 132094450671022 96788 1052987733
      ✓ should mint for amount=1
[FEE] 131440926647526 96607 1049741268
      ✓ should mint for amount=1
[FEE] 130829576606858 96438 1046689808
      ✓ should mint for amount=1
[FEE] 130254669802761 96278 1043822122
      ✓ should mint for amount=1
[FEE] 129717363852723 96129 1041127563
      ✓ should mint for amount=1
[FEE] 129213496727271 95989 1038596050
      ✓ should mint for amount=1
[FEE] 128741705564038 95858 1036218041
      ✓ should mint for amount=1
[FEE] 128299369319912 95735 1033984514
      ✓ should mint for amount=1
[FEE] 127885292265227 95620 1031886939
      ✓ should mint for amount=1
[FEE] 127495681434232 95511 1029917261
      ✓ should mint for amount=1
[FEE] 127132160962230 95410 1028067873
      ✓ should mint for amount=1
[FEE] 126791078964990 95315 1026331598
      ✓ should mint for amount=1
[FEE] 126471517580539 95226 1024701666
      ✓ should mint for amount=1
[FEE] 126172614737564 95143 1023171693
      ✓ should mint for amount=1
[FEE] 125890912790942 95064 1021735664
      ✓ should mint for amount=1
[FEE] 125628307663132 94991 1020387910
      ✓ should mint for amount=1
[FEE] 125382765101092 94923 1019123092
      ✓ should mint for amount=1
[FEE] 125150982068717 94858 1017936185
      ✓ should mint for amount=1
[FEE] 124934979444957 94798 1016822457
      ✓ should mint for amount=1
[FEE] 124732855137806 94742 1015777455
      ✓ should mint for amount=1
[FEE] 124541433379975 94688 1014796991
      ✓ should mint for amount=1
[FEE] 124364151992645 94639 1013877125
      ✓ should mint for amount=1
[FEE] 124195275409857 94591 1013014152
      ✓ should mint for amount=1
[FEE] 124039610543316 94548 1012204589
      ✓ should mint for amount=1
[FEE] 123892798740107 94507 1011445161
      ✓ should mint for amount=1
[FEE] 123755759367506 94469 1010732791
      ✓ should mint for amount=1
[FEE] 123626813921874 94433 1010064586
      ✓ should mint for amount=1
[FEE] 123506927055720 94400 1009437830
      ✓ should mint for amount=1
[FEE] 123394466299447 94369 1008849970
      ✓ should mint for amount=1
[FEE] 123289129301272 94340 1008298609
      ✓ should mint for amount=1
[FEE] 123188019995992 94311 1007781495
      ✓ should mint for amount=1
[FEE] 123093487191920 94284 1007296513
      ✓ should mint for amount=1
[FEE] 123006586209050 94260 1006841678
      ✓ should mint for amount=1
[FEE] 122924472294101 94237 1006415125
      ✓ should mint for amount=1
[FEE] 122846927562493 94215 1006015104
      ✓ should mint for amount=1
[FEE] 122773747725316 94194 1005639973
      ✓ should mint for amount=1
[FEE] 122704740954111 94174 1005288189
      ✓ should mint for amount=1
[FEE] 122639727481296 94155 1004958305
      ✓ should mint for amount=1
[FEE] 122581142973338 94139 1004648963
      ✓ should mint for amount=1
[FEE] 122526223491047 94124 1004358888
      ✓ should mint for amount=1
[FEE] 122474820899102 94110 1004086884
      ✓ should mint for amount=1
[FEE] 122425495125534 94096 1003831828
      ✓ should mint for amount=1
[FEE] 122380718487158 94084 1003592668
      ✓ should mint for amount=1
[FEE] 122336466507407 94071 1003368416
      ✓ should mint for amount=1
[FEE] 122296526765298 94060 1003158144
      ✓ should mint for amount=1
[FEE] 122259491155287 94050 1002960983
      ✓ should mint for amount=1
[FEE] 122223959361321 94040 1002776118
      ✓ should mint for amount=1
[FEE] 122191137028019 94031 1002602783
      ✓ should mint for amount=1
[FEE] 122159636435225 94022 1002440261
      ✓ should mint for amount=1
[FEE] 122129375077237 94013 1002287878
      ✓ should mint for amount=1
[FEE] 122101574602711 94005 1002145003
      ✓ should mint for amount=1
[FEE] 122076161914469 93998 1002011043
      ✓ should mint for amount=1
[FEE] 122051770089593 93991 1001885443
      ✓ should mint for amount=1
[FEE] 122029633830746 93985 1001767682
      ✓ should mint for amount=1
[FEE] 122009693054936 93980 1001657272
      ✓ should mint for amount=1
[FEE] 121990593165015 93975 1001553754
      ✓ should mint for amount=1
[FEE] 121972281655202 93970 1001456698
      ✓ should mint for amount=1
[FEE] 121954709440935 93965 1001365702
      ✓ should mint for amount=1
[FEE] 121937830249057 93960 1001280387
      ✓ should mint for amount=1
[FEE] 121922898520149 93956 1001200399
      ✓ should mint for amount=1
[FEE] 121907278307105 93951 1001125406
      ✓ should mint for amount=1
[FEE] 121893526756919 93947 1001055096
      ✓ should mint for amount=1
[FEE] 121881607969111 93944 1000989177
      ✓ should mint for amount=1
[FEE] 121868893662976 93940 1000927375
      ✓ should mint for amount=1
[FEE] 121857947186288 93937 1000869433
      ✓ should mint for amount=1
[FEE] 121846144606790 93933 1000815110
      ✓ should mint for amount=1
[FEE] 121836052754366 93930 1000764180
      ✓ should mint for amount=1
[FEE] 121827645704175 93928 1000716432
      ✓ should mint for amount=1
[FEE] 121818304949519 93925 1000671666
      ✓ should mint for amount=1
[FEE] 121810601949052 93923 1000629697
      ✓ should mint for amount=1
[FEE] 121801921476940 93920 1000590350
      ✓ should mint for amount=1
[FEE] 121794837334769 93918 1000553461
      ✓ should mint for amount=1
[FEE] 121788033837955 93916 1000518876
      ✓ should mint for amount=1
[FEE] 121781493562294 93914 1000486452
      ✓ should mint for amount=1
[FEE] 121775200058823 93912 1000456054
      ✓ should mint for amount=1
[FEE] 121769137853715 93910 1000427555
      ✓ should mint for amount=1
[FEE] 121764589193103 93909 1000400837
      ✓ should mint for amount=1
[FEE] 121760243743258 93908 1000375788
      ✓ should mint for amount=1
[FEE] 121756088839518 93907 1000352304
      ✓ should mint for amount=1
[FEE] 121752112669740 93906 1000330288
      ✓ should mint for amount=1
[FEE] 121747007404110 93904 1000309647
      ✓ should mint for amount=1
[FEE] 121744652207050 93904 1000290296
      ✓ should mint for amount=1
[FEE] 121742444156557 93904 1000272154
      ✓ should mint for amount=1
[FEE] 121739077690054 93903 1000255146
      ✓ should mint for amount=1
[FEE] 121737137055605 93903 1000239201
      ✓ should mint for amount=1
[FEE] 121735317642349 93903 1000224252
      ✓ should mint for amount=1

·----------------------------------------|---------------------------|-------------|----------------------------·
|          [90mSolc version: 0.8.17[39m          ·  [90mOptimizer enabled: true[39m  ·  [90mRuns: 200[39m  ·  [90mBlock limit: 8000000 gas[39m  │
·········································|···························|·············|·····························
|  [32m[1mMethods[22m[39m                                                                                                      │
···················|·····················|·············|·············|·············|··············|··············
|  [1mContract[22m        ·  [1mMethod[22m             ·  [32mMin[39m        ·  [32mMax[39m        ·  [32mAvg[39m        ·  [1m# calls[22m     ·  [1musd (avg)[22m  │
···················|·····················|·············|·············|·············|··············|··············
|  [90mXPowerThorTest[39m  ·  init               ·          -  ·          -  ·      67353  ·           [90m1[39m  ·          [32m[90m-[32m[39m  │
···················|·····················|·············|·············|·············|··············|··············
|  [90mXPowerThorTest[39m  ·  mint               ·     [36m124502[39m  ·     [31m229517[39m  ·     127970  ·         [90m135[39m  ·          [32m[90m-[32m[39m  │
···················|·····················|·············|·············|·············|··············|··············
|  [90mXPowerThorTest[39m  ·  transferOwnership  ·          -  ·          -  ·      28656  ·           [90m1[39m  ·          [32m[90m-[32m[39m  │
···················|·····················|·············|·············|·············|··············|··············
|  [32m[1mDeployments[22m[39m                           ·                                         ·  [1m% of limit[22m  ·             │
·········································|·············|·············|·············|··············|··············
|  XPowerThorTest                        ·          -  ·          -  ·    3331941  ·      [90m41.6 %[39m  ·          [32m[90m-[32m[39m  │
·----------------------------------------|-------------|-------------|-------------|--------------|-------------·

  135 passing (12s)

