
> xpower@6.0.0 test-gas
> REPORT_GAS=true npm test ./test/contracts/XPower.fees.1-thor.test.js


> xpower@6.0.0 test
> hardhat test ./test/contracts/XPower.fees.1-thor.test.js


  XPowerThor
    mint
[FEE] 348822982083776 162305 1658186771
      ✓ should mint for amount=1
[FEE] 338642448067531 158030 1653339758
      ✓ should mint for amount=1
[FEE] 328267711391766 154021 1644403843
      ✓ should mint for amount=1
[FEE] 317874836952830 150263 1632166086
      ✓ should mint for amount=1
[FEE] 307594707079904 146740 1617300042
      ✓ should mint for amount=1
[FEE] 297525520253677 143437 1600380623
      ✓ should mint for amount=1
[FEE] 287739477852443 140340 1581897113
      ✓ should mint for amount=1
[FEE] 278290246257863 137437 1562264531
      ✓ should mint for amount=1
[FEE] 269211244845580 134715 1541833563
      ✓ should mint for amount=1
[FEE] 260523430040254 132162 1520899229
      ✓ should mint for amount=1
[FEE] 252242079564726 129769 1499708437
      ✓ should mint for amount=1
[FEE] 244373104633293 127527 1478466599
      ✓ should mint for amount=1
[FEE] 236911283862989 125425 1457343375
      ✓ should mint for amount=1
[FEE] 229851481865205 123455 1436477668
      ✓ should mint for amount=1
[FEE] 223182234328785 121608 1415981990
      ✓ should mint for amount=1
[FEE] 216890578821709 119876 1395946259
      ✓ should mint for amount=1
[FEE] 210962794373147 118252 1376441091
      ✓ should mint for amount=1
[FEE] 205384979888626 116730 1357520663
      ✓ should mint for amount=1
[FEE] 200140031787726 115303 1339225197
      ✓ should mint for amount=1
[FEE] 195211644496505 113965 1321583110
      ✓ should mint for amount=1
[FEE] 190584558031279 112711 1304612877
      ✓ should mint for amount=1
[FEE] 186239731573812 111534 1288324642
      ✓ should mint for amount=1
[FEE] 182164675953285 110431 1272721601
      ✓ should mint for amount=1
[FEE] 178345081270512 109398 1257801210
      ✓ should mint for amount=1
[FEE] 174761841449958 108428 1243556207
      ✓ should mint for amount=1
[FEE] 171405779431916 107520 1229975498
      ✓ should mint for amount=1
[FEE] 168258275796480 106667 1217044920
      ✓ should mint for amount=1
[FEE] 165312132231276 105869 1204747881
      ✓ should mint for amount=1
[FEE] 162552505789651 105121 1193065918
      ✓ should mint for amount=1
[FEE] 159968051767025 104420 1181979165
      ✓ should mint for amount=1
[FEE] 157546241074460 103762 1171466749
      ✓ should mint for amount=1
[FEE] 155277955416102 103145 1161507125
      ✓ should mint for amount=1
[FEE] 153152885145370 102566 1152078358
      ✓ should mint for amount=1
[FEE] 151162557465230 102023 1143158357
      ✓ should mint for amount=1
[FEE] 149300277489079 101515 1134725071
      ✓ should mint for amount=1
[FEE] 147556692933874 101039 1126756646
      ✓ should mint for amount=1
[FEE] 145924244456827 100593 1119231559
      ✓ should mint for amount=1
[FEE] 144395664241490 100175 1112128720
      ✓ should mint for amount=1
[FEE] 142962533580232 99782 1105427555
      ✓ should mint for amount=1
[FEE] 141621011538628 99414 1099108074
      ✓ should mint for amount=1
[FEE] 140364617914924 99069 1093150916
      ✓ should mint for amount=1
[FEE] 139187122081887 98745 1087537386
      ✓ should mint for amount=1
[FEE] 138085335740931 98442 1082249481
      ✓ should mint for amount=1
[FEE] 137053449964084 98158 1077269901
      ✓ should mint for amount=1
[FEE] 136087261538808 97892 1072582058
      ✓ should mint for amount=1
[FEE] 135179978284625 97641 1068170078
      ✓ should mint for amount=1
[FEE] 134330537553345 97406 1064018791
      ✓ should mint for amount=1
[FEE] 133536620166724 97187 1060113727
      ✓ should mint for amount=1
[FEE] 132791932568941 96981 1056441098
      ✓ should mint for amount=1
[FEE] 132094457068834 96788 1052987784
      ✓ should mint for amount=1
[FEE] 131440932657735 96607 1049741316
      ✓ should mint for amount=1
[FEE] 130829582231572 96438 1046689853
      ✓ should mint for amount=1
[FEE] 130256027945538 96279 1043822164
      ✓ should mint for amount=1
[FEE] 129718718245772 96130 1041127603
      ✓ should mint for amount=1
[FEE] 129214847458720 95990 1038596087
      ✓ should mint for amount=1
[FEE] 128743052958572 95859 1036218076
      ✓ should mint for amount=1
[FEE] 128300713565816 95736 1033984547
      ✓ should mint for amount=1
[FEE] 127886633539668 95621 1031886970
      ✓ should mint for amount=1
[FEE] 127498354783396 95513 1029917290
      ✓ should mint for amount=1
[FEE] 127134829266272 95412 1028067900
      ✓ should mint for amount=1
[FEE] 126793742517841 95317 1026331623
      ✓ should mint for amount=1
[FEE] 126474176658534 95228 1024701689
      ✓ should mint for amount=1
[FEE] 126173943587129 95144 1023171715
      ✓ should mint for amount=1
[FEE] 125893563805969 95066 1021735684
      ✓ should mint for amount=1
[FEE] 125630955059488 94993 1020387929
      ✓ should mint for amount=1
[FEE] 125384088204851 94924 1019123110
      ✓ should mint for amount=1
[FEE] 125153622860522 94860 1017936202
      ✓ should mint for amount=1
[FEE] 124937617225555 94800 1016822473
      ✓ should mint for amount=1
[FEE] 124735490085583 94744 1015777470
      ✓ should mint for amount=1
[FEE] 124545380944546 94691 1014797005
      ✓ should mint for amount=1
[FEE] 124366781767040 94641 1013877138
      ✓ should mint for amount=1
[FEE] 124197902823837 94593 1013014164
      ✓ should mint for amount=1
[FEE] 124042235735525 94550 1012204600
      ✓ should mint for amount=1
[FEE] 123895421840643 94509 1011445171
      ✓ should mint for amount=1
[FEE] 123758380498495 94471 1010732800
      ✓ should mint for amount=1
[FEE] 123629433320317 94435 1010064595
      ✓ should mint for amount=1
[FEE] 123506928156889 94400 1009437839
      ✓ should mint for amount=1
[FEE] 123393159826080 94368 1008849979
      ✓ should mint for amount=1
[FEE] 123287823419913 94339 1008298617
      ✓ should mint for amount=1
[FEE] 123188020851650 94311 1007781502
      ✓ should mint for amount=1
[FEE] 123093487925131 94284 1007296519
      ✓ should mint for amount=1
[FEE] 123006586819904 94260 1006841683
      ✓ should mint for amount=1
[FEE] 122924472904805 94237 1006415130
      ✓ should mint for amount=1
[FEE] 122848232072946 94216 1006015109
      ✓ should mint for amount=1
[FEE] 122776355041018 94196 1005639977
      ✓ should mint for amount=1
[FEE] 122708650315543 94177 1005288193
      ✓ should mint for amount=1
[FEE] 122644938090106 94159 1004958309
      ✓ should mint for amount=1
[FEE] 122585049727062 94142 1004648966
      ✓ should mint for amount=1
[FEE] 122528827363551 94126 1004358891
      ✓ should mint for amount=1
[FEE] 122477424066461 94112 1004086887
      ✓ should mint for amount=1
[FEE] 122428097631680 94098 1003831831
      ✓ should mint for amount=1
[FEE] 122382019613146 94085 1003592671
      ✓ should mint for amount=1
[FEE] 122339067690267 94073 1003368418
      ✓ should mint for amount=1
[FEE] 122299127403061 94062 1003158146
      ✓ should mint for amount=1
[FEE] 122262091281943 94052 1002960985
      ✓ should mint for amount=1
[FEE] 122226559008742 94042 1002776120
      ✓ should mint for amount=1
[FEE] 122192436748931 94032 1002602785
      ✓ should mint for amount=1
[FEE] 122160935945468 94023 1002440263
      ✓ should mint for amount=1
[FEE] 122131973458969 94015 1002287880
      ✓ should mint for amount=1
[FEE] 122104172614060 94007 1002145005
      ✓ should mint for amount=1
[FEE] 122077460868340 93999 1002011045
      ✓ should mint for amount=1
[FEE] 122054367428073 93993 1001885445
      ✓ should mint for amount=1
[FEE] 122032230863949 93987 1001767684
      ✓ should mint for amount=1
[FEE] 122010991550236 93981 1001657274
      ✓ should mint for amount=1
[FEE] 121990593408618 93975 1001553756
      ✓ should mint for amount=1
[FEE] 121972281898792 93970 1001456700
      ✓ should mint for amount=1
[FEE] 121954709684512 93965 1001365704
      ✓ should mint for amount=1
[FEE] 121939128255824 93961 1001280389
      ✓ should mint for amount=1
[FEE] 121924196423232 93957 1001200401
      ✓ should mint for amount=1
[FEE] 121909873675307 93953 1001125408
      ✓ should mint for amount=1
[FEE] 121896121942853 93949 1001055098
      ✓ should mint for amount=1
[FEE] 121882905598397 93945 1000989179
      ✓ should mint for amount=1
[FEE] 121871488517812 93942 1000927377
      ✓ should mint for amount=1
[FEE] 121860541890919 93939 1000869435
      ✓ should mint for amount=1
[FEE] 121850036330749 93936 1000815112
      ✓ should mint for amount=1
[FEE] 121839944280286 93933 1000764182
      ✓ should mint for amount=1
[FEE] 121830240012172 93930 1000716434
      ✓ should mint for amount=1
[FEE] 121820899141466 93927 1000671668
      ✓ should mint for amount=1
[FEE] 121813196032201 93925 1000629699
      ✓ should mint for amount=1
[FEE] 121805812326929 93923 1000590352
      ✓ should mint for amount=1
[FEE] 121798728041317 93921 1000553463
      ✓ should mint for amount=1
[FEE] 121793221186225 93920 1000518878
      ✓ should mint for amount=1
[FEE] 121786680742460 93918 1000486454
      ✓ should mint for amount=1
[FEE] 121781683776169 93917 1000456056
      ✓ should mint for amount=1
[FEE] 121775621386368 93915 1000427557
      ✓ should mint for amount=1
[FEE] 121771072552607 93914 1000400839
      ✓ should mint for amount=1
[FEE] 121765430349680 93912 1000375790
      ✓ should mint for amount=1
[FEE] 121759978763876 93910 1000352306
      ✓ should mint for amount=1
[FEE] 121756002508490 93909 1000330290
      ✓ should mint for amount=1
[FEE] 121750897162597 93907 1000309649
      ✓ should mint for amount=1
[FEE] 121747245410352 93906 1000290298
      ✓ should mint for amount=1
[FEE] 121743740856404 93905 1000272156
      ✓ should mint for amount=1
[FEE] 121741670802237 93905 1000255148
      ✓ should mint for amount=1
[FEE] 121737137299021 93903 1000239203
      ✓ should mint for amount=1
[FEE] 121735317885765 93903 1000224254
      ✓ should mint for amount=1
[FEE] 121733612147803 93903 1000210239
      ✓ should mint for amount=1
[FEE] 121730716666923 93902 1000197100
      ✓ should mint for amount=1
[FEE] 121729217483444 93902 1000184782
      ✓ should mint for amount=1
[FEE] 121726515685932 93901 1000173234
      ✓ should mint for amount=1
[FEE] 121725197981218 93901 1000162407
      ✓ should mint for amount=1
[FEE] 121723962671081 93901 1000152257
      ✓ should mint for amount=1
[FEE] 121722804522189 93901 1000142741
      ✓ should mint for amount=1
[FEE] 121721718788028 93901 1000133820
      ✓ should mint for amount=1
[FEE] 121719404577504 93900 1000125456
      ✓ should mint for amount=1

·----------------------------------------|---------------------------|-------------|----------------------------·
|          [90mSolc version: 0.8.17[39m          ·  [90mOptimizer enabled: true[39m  ·  [90mRuns: 200[39m  ·  [90mBlock limit: 8000000 gas[39m  │
·········································|···························|·············|·····························
|  [32m[1mMethods[22m[39m                                                                                                      │
···················|·····················|·············|·············|·············|··············|··············
|  [1mContract[22m        ·  [1mMethod[22m             ·  [32mMin[39m        ·  [32mMax[39m        ·  [32mAvg[39m        ·  [1m# calls[22m     ·  [1musd (avg)[22m  │
···················|·····················|·············|·············|·············|··············|··············
|  [90mXPowerThorTest[39m  ·  init               ·          -  ·          -  ·      67353  ·           [90m1[39m  ·          [32m[90m-[32m[39m  │
···················|·····················|·············|·············|·············|··············|··············
|  [90mXPowerThorTest[39m  ·  mint               ·     [36m124502[39m  ·     [31m229535[39m  ·     127851  ·         [90m144[39m  ·          [32m[90m-[32m[39m  │
···················|·····················|·············|·············|·············|··············|··············
|  [90mXPowerThorTest[39m  ·  transferOwnership  ·          -  ·          -  ·      28656  ·           [90m1[39m  ·          [32m[90m-[32m[39m  │
···················|·····················|·············|·············|·············|··············|··············
|  [32m[1mDeployments[22m[39m                           ·                                         ·  [1m% of limit[22m  ·             │
·········································|·············|·············|·············|··············|··············
|  XPowerThorTest                        ·          -  ·          -  ·    3331941  ·      [90m41.6 %[39m  ·          [32m[90m-[32m[39m  │
·----------------------------------------|-------------|-------------|-------------|--------------|-------------·

  144 passing (13s)

