
> xpower@6.0.0 test-gas
> REPORT_GAS=true npm test ./test/contracts/XPower.fees.1-thor.test.js


> xpower@6.0.0 test
> hardhat test ./test/contracts/XPower.fees.1-thor.test.js


  XPowerThor
    mint
[FEE] 348773550898120 162282 1658186771
      ✓ should mint for amount=1
[FEE] 338595301405824 158008 1653339744
      ✓ should mint for amount=1
[FEE] 328225081640919 154001 1644403826
      ✓ should mint for amount=1
[FEE] 317836758152002 150245 1632166083
      ✓ should mint for amount=1
[FEE] 307559075487836 146723 1617300061
      ✓ should mint for amount=1
[FEE] 297492340842858 143421 1600380670
      ✓ should mint for amount=1
[FEE] 287710787801358 140326 1581897191
      ✓ should mint for amount=1
[FEE] 278263943068216 137424 1562264643
      ✓ should mint for amount=1
[FEE] 269185291794445 134702 1541833711
      ✓ should mint for amount=1
[FEE] 260501776511725 132151 1520899405
      ✓ should mint for amount=1
[FEE] 252224620211613 129760 1499708643
      ✓ should mint for amount=1
[FEE] 244357814497192 127519 1478466840
      ✓ should mint for amount=1
[FEE] 236898106001041 125418 1457343647
      ✓ should mint for amount=1
[FEE] 229836634953241 123447 1436477966
      ✓ should mint for amount=1
[FEE] 223167602056541 121600 1415982306
      ✓ should mint for amount=1
[FEE] 216877965053748 119869 1395946589
      ✓ should mint for amount=1
[FEE] 210948574550642 118244 1376441432
      ✓ should mint for amount=1
[FEE] 205370956332551 116722 1357521009
      ✓ should mint for amount=1
[FEE] 200124461967414 115294 1339225546
      ✓ should mint for amount=1
[FEE] 195197992773919 113957 1321583459
      ✓ should mint for amount=1
[FEE] 190571081702911 112703 1304613226
      ✓ should mint for amount=1
[FEE] 186229762774853 111528 1288324988
      ✓ should mint for amount=1
[FEE] 182156477435120 110426 1272721946
      ✓ should mint for amount=1
[FEE] 178336978556950 109393 1257801552
      ✓ should mint for amount=1
[FEE] 174753830059322 108423 1243556545
      ✓ should mint for amount=1
[FEE] 171397855096133 107515 1229975832
      ✓ should mint for amount=1
[FEE] 168253588892476 106664 1217045248
      ✓ should mint for amount=1
[FEE] 165305930500871 105865 1204748203
      ✓ should mint for amount=1
[FEE] 162546363357515 105117 1193066233
      ✓ should mint for amount=1
[FEE] 159960433476394 104415 1181979472
      ✓ should mint for amount=1
[FEE] 157538689437595 103757 1171467047
      ✓ should mint for amount=1
[FEE] 155271972315374 103141 1161507414
      ✓ should mint for amount=1
[FEE] 153148442727392 102563 1152078638
      ✓ should mint for amount=1
[FEE] 151158148343874 102020 1143158628
      ✓ should mint for amount=1
[FEE] 149294428943145 101511 1134725332
      ✓ should mint for amount=1
[FEE] 147550884229019 101035 1126756897
      ✓ should mint for amount=1
[FEE] 145918473316313 100589 1119231800
      ✓ should mint for amount=1
[FEE] 144389928496152 100171 1112128951
      ✓ should mint for amount=1
[FEE] 142958263914636 99779 1105427776
      ✓ should mint for amount=1
[FEE] 141616765051261 99411 1099108285
      ✓ should mint for amount=1
[FEE] 140360393212492 99066 1093151117
      ✓ should mint for amount=1
[FEE] 139182917970380 98742 1087537578
      ✓ should mint for amount=1
[FEE] 138079748258979 98438 1082249664
      ✓ should mint for amount=1
[FEE] 137046490832305 98153 1077270075
      ✓ should mint for amount=1
[FEE] 136080331711719 97887 1072582224
      ✓ should mint for amount=1
[FEE] 135174460315911 97637 1068170235
      ✓ should mint for amount=1
[FEE] 134325040175103 97402 1064018941
      ✓ should mint for amount=1
[FEE] 133531141983702 97183 1060113869
      ✓ should mint for amount=1
[FEE] 132786472508592 96977 1056441233
      ✓ should mint for amount=1
[FEE] 132090378781546 96785 1052987912
      ✓ should mint for amount=1
[FEE] 131435505513489 96603 1049741437
      ✓ should mint for amount=1
[FEE] 130824170130941 96434 1046689968
      ✓ should mint for amount=1
[FEE] 130250629815020 96275 1043822272
      ✓ should mint for amount=1
[FEE] 129713333316584 96126 1041127705
      ✓ should mint for amount=1
[FEE] 129210821141755 95987 1038596184
      ✓ should mint for amount=1
[FEE] 128739035250387 95856 1036218168
      ✓ should mint for amount=1
[FEE] 128295363631847 95732 1033984633
      ✓ should mint for amount=1
[FEE] 127881293847942 95617 1031887051
      ✓ should mint for amount=1
[FEE] 127493024673022 95509 1029917366
      ✓ should mint for amount=1
[FEE] 127129508239319 95408 1028067972
      ✓ should mint for amount=1
[FEE] 126787099757174 95312 1026331691
      ✓ should mint for amount=1
[FEE] 126468872078883 95224 1024701753
      ✓ should mint for amount=1
[FEE] 126169972575993 95141 1023171775
      ✓ should mint for amount=1
[FEE] 125889598002868 95063 1021735741
      ✓ should mint for amount=1
[FEE] 125626993999017 94990 1020387982
      ✓ should mint for amount=1
[FEE] 125381452577851 94922 1019123160
      ✓ should mint for amount=1
[FEE] 125149670586325 94857 1017936249
      ✓ should mint for amount=1
[FEE] 124933668909628 94797 1016822517
      ✓ should mint for amount=1
[FEE] 124730229031194 94740 1015777512
      ✓ should mint for amount=1
[FEE] 124538809442770 94686 1014797045
      ✓ should mint for amount=1
[FEE] 124361530068516 94637 1013877176
      ✓ should mint for amount=1
[FEE] 124195281294645 94591 1013014200
      ✓ should mint for amount=1
[FEE] 124039616057797 94548 1012204634
      ✓ should mint for amount=1
[FEE] 123892803884723 94507 1011445203
      ✓ should mint for amount=1
[FEE] 123755764142730 94469 1010732830
      ✓ should mint for amount=1
[FEE] 123626818450487 94433 1010064623
      ✓ should mint for amount=1
[FEE] 123506931338046 94400 1009437865
      ✓ should mint for amount=1
[FEE] 123394470335744 94369 1008850003
      ✓ should mint for amount=1
[FEE] 123286519372612 94338 1008298640
      ✓ should mint for amount=1
[FEE] 123186717351513 94310 1007781524
      ✓ should mint for amount=1
[FEE] 123092184930612 94283 1007296540
      ✓ should mint for amount=1
[FEE] 123003979320835 94258 1006841703
      ✓ should mint for amount=1
[FEE] 122921866266577 94235 1006415148
      ✓ should mint for amount=1
[FEE] 122843018549229 94212 1006015126
      ✓ should mint for amount=1
[FEE] 122771143339617 94192 1005639993
      ✓ should mint for amount=1
[FEE] 122704743273237 94174 1005288208
      ✓ should mint for amount=1
[FEE] 122642334738292 94157 1004958323
      ✓ should mint for amount=1
[FEE] 122583749306066 94141 1004648980
      ✓ should mint for amount=1
[FEE] 122527527196235 94125 1004358904
      ✓ should mint for amount=1
[FEE] 122476124129477 94111 1004086899
      ✓ should mint for amount=1
[FEE] 122426797903099 94097 1003831842
      ✓ should mint for amount=1
[FEE] 122382020832585 94085 1003592681
      ✓ should mint for amount=1
[FEE] 122339068909551 94073 1003368428
      ✓ should mint for amount=1
[FEE] 122299128622202 94062 1003158156
      ✓ should mint for amount=1
[FEE] 122260792559512 94051 1002960995
      ✓ should mint for amount=1
[FEE] 122225260403899 94041 1002776129
      ✓ should mint for amount=1
[FEE] 122192437845808 94032 1002602794
      ✓ should mint for amount=1
[FEE] 122160936920377 94023 1002440271
      ✓ should mint for amount=1
[FEE] 122130675242917 94014 1002287887
      ✓ should mint for amount=1
[FEE] 122102874461275 94006 1002145011
      ✓ should mint for amount=1
[FEE] 122077461599335 93999 1002011051
      ✓ should mint for amount=1
[FEE] 122054368159021 93993 1001885451
      ✓ should mint for amount=1
[FEE] 122032231594851 93987 1001767690
      ✓ should mint for amount=1
[FEE] 122009693907591 93980 1001657279
      ✓ should mint for amount=1
[FEE] 121990593895823 93975 1001553760
      ✓ should mint for amount=1
[FEE] 121972282385971 93970 1001456704
      ✓ should mint for amount=1
[FEE] 121954710049877 93965 1001365707
      ✓ should mint for amount=1
[FEE] 121936533094761 93959 1001280392
      ✓ should mint for amount=1
[FEE] 121920303809966 93954 1001200404
      ✓ should mint for amount=1
[FEE] 121905981353621 93950 1001125411
      ✓ should mint for amount=1
[FEE] 121893527365745 93947 1001055101
      ✓ should mint for amount=1
[FEE] 121881608577917 93944 1000989182
      ✓ should mint for amount=1
[FEE] 121870191577422 93941 1000927380
      ✓ should mint for amount=1
[FEE] 121859245025616 93938 1000869438
      ✓ should mint for amount=1
[FEE] 121848739535843 93935 1000815115
      ✓ should mint for amount=1
[FEE] 121839944645526 93933 1000764185
      ✓ should mint for amount=1
[FEE] 121831537287919 93931 1000716436
      ✓ should mint for amount=1
[FEE] 121823493333423 93929 1000671670
      ✓ should mint for amount=1
[FEE] 121815790115361 93927 1000629701
      ✓ should mint for amount=1
[FEE] 121808406186351 93925 1000590353
      ✓ should mint for amount=1
[FEE] 121801321805112 93923 1000553464
      ✓ should mint for amount=1
[FEE] 121794518084162 93921 1000518879
      ✓ should mint for amount=1
[FEE] 121787977598369 93919 1000486455
      ✓ should mint for amount=1
[FEE] 121781683897895 93917 1000456057
      ✓ should mint for amount=1
[FEE] 121775621508091 93915 1000427558
      ✓ should mint for amount=1
[FEE] 121771072674329 93914 1000400840
      ✓ should mint for amount=1
[FEE] 121766727062150 93913 1000375791
      ✓ should mint for amount=1
[FEE] 121762572006216 93912 1000352307
      ✓ should mint for amount=1
[FEE] 121758595572041 93911 1000330290
      ✓ should mint for amount=1
[FEE] 121754786677665 93910 1000309649
      ✓ should mint for amount=1
[FEE] 121751134850177 93909 1000290298
      ✓ should mint for amount=1
[FEE] 121746333769260 93907 1000272156
      ✓ should mint for amount=1
[FEE] 121742967236621 93906 1000255148
      ✓ should mint for amount=1
[FEE] 121738433712738 93904 1000239203
      ✓ should mint for amount=1
[FEE] 121736614280107 93904 1000224254
      ✓ should mint for amount=1
[FEE] 121734908523980 93904 1000210239
      ✓ should mint for amount=1
[FEE] 121733309385218 93904 1000197100
      ✓ should mint for amount=1
[FEE] 121730513826627 93903 1000184782
      ✓ should mint for amount=1
[FEE] 121729108342361 93903 1000173234
      ✓ should mint for amount=1
[FEE] 121727790609581 93903 1000162407
      ✓ should mint for amount=1
[FEE] 121723962671081 93901 1000152257
      ✓ should mint for amount=1
[FEE] 121721508233496 93900 1000142741
      ✓ should mint for amount=1
[FEE] 121720422510898 93900 1000133820
      ✓ should mint for amount=1
[FEE] 121719404577504 93900 1000125456
      ✓ should mint for amount=1
[FEE] 121718450295373 93900 1000117615
      ✓ should mint for amount=1
[FEE] 121717555648269 93900 1000110264
      ✓ should mint for amount=1

·----------------------------------------|---------------------------|-------------|----------------------------·
|          [90mSolc version: 0.8.17[39m          ·  [90mOptimizer enabled: true[39m  ·  [90mRuns: 200[39m  ·  [90mBlock limit: 8000000 gas[39m  │
·········································|···························|·············|·····························
|  [32m[1mMethods[22m[39m                                                                                                      │
···················|·····················|·············|·············|·············|··············|··············
|  [1mContract[22m        ·  [1mMethod[22m             ·  [32mMin[39m        ·  [32mMax[39m        ·  [32mAvg[39m        ·  [1m# calls[22m     ·  [1musd (avg)[22m  │
···················|·····················|·············|·············|·············|··············|··············
|  [90mXPowerThorTest[39m  ·  init               ·          -  ·          -  ·      67353  ·           [90m1[39m  ·          [32m[90m-[32m[39m  │
···················|·····················|·············|·············|·············|··············|··············
|  [90mXPowerThorTest[39m  ·  mint               ·     [36m124509[39m  ·     [31m229524[39m  ·     127836  ·         [90m146[39m  ·          [32m[90m-[32m[39m  │
···················|·····················|·············|·············|·············|··············|··············
|  [90mXPowerThorTest[39m  ·  transferOwnership  ·          -  ·          -  ·      28656  ·           [90m1[39m  ·          [32m[90m-[32m[39m  │
···················|·····················|·············|·············|·············|··············|··············
|  [32m[1mDeployments[22m[39m                           ·                                         ·  [1m% of limit[22m  ·             │
·········································|·············|·············|·············|··············|··············
|  XPowerThorTest                        ·          -  ·          -  ·    3331941  ·      [90m41.6 %[39m  ·          [32m[90m-[32m[39m  │
·----------------------------------------|-------------|-------------|-------------|--------------|-------------·

  146 passing (17s)

