
> xpower@6.0.0 test-gas
> REPORT_GAS=true npm test ./test/contracts/XPower.fees.1-thor.test.js


> xpower@6.0.0 test
> hardhat test ./test/contracts/XPower.fees.1-thor.test.js


  XPowerThor
    mint
[FEE] 348822982083776 162305 1658186771
      ✓ should mint for amount=1
[FEE] 338640308444929 158029 1653339774
      ✓ should mint for amount=1
[FEE] 328265587460043 154020 1644403880
      ✓ should mint for amount=1
[FEE] 317872734155434 150262 1632166151
      ✓ should mint for amount=1
[FEE] 307592628769121 146739 1617300136
      ✓ should mint for amount=1
[FEE] 297523469604760 143436 1600380750
      ✓ should mint for amount=1
[FEE] 287739506591883 140340 1581897271
      ✓ should mint for amount=1
[FEE] 278290280459322 137437 1562264723
      ✓ should mint for amount=1
[FEE] 269211284131617 134715 1541833788
      ✓ should mint for amount=1
[FEE] 260527416378797 132164 1520899485
      ✓ should mint for amount=1
[FEE] 252247960347826 129772 1499708731
      ✓ should mint for amount=1
[FEE] 244378908909463 127530 1478466935
      ✓ should mint for amount=1
[FEE] 236917010942528 125428 1457343747
      ✓ should mint for amount=1
[FEE] 229855269678446 123457 1436478069
      ✓ should mint for amount=1
[FEE] 223184136733475 121609 1415982416
      ✓ should mint for amount=1
[FEE] 216892457098422 119877 1395946703
      ✓ should mint for amount=1
[FEE] 210962864416099 118252 1376441548
      ✓ should mint for amount=1
[FEE] 205385050089127 116730 1357521127
      ✓ should mint for amount=1
[FEE] 200140101727819 115303 1339225665
      ✓ should mint for amount=1
[FEE] 195211713920419 113965 1321583580
      ✓ should mint for amount=1
[FEE] 190584626691296 112711 1304613347
      ✓ should mint for amount=1
[FEE] 186241468886080 111535 1288325109
      ✓ should mint for amount=1
[FEE] 182168041525135 110433 1272722065
      ✓ should mint for amount=1
[FEE] 178348406835408 109400 1257801669
      ✓ should mint for amount=1
[FEE] 174766740446939 108431 1243556660
      ✓ should mint for amount=1
[FEE] 171409030077237 107522 1229975945
      ✓ should mint for amount=1
[FEE] 168263068601555 106670 1217045358
      ✓ should mint for amount=1
[FEE] 165313752576180 105870 1204748310
      ✓ should mint for amount=1
[FEE] 162552562741196 105121 1193066336
      ✓ should mint for amount=1
[FEE] 159968106714719 104420 1181979571
      ✓ should mint for amount=1
[FEE] 157546294062066 103762 1171467143
      ✓ should mint for amount=1
[FEE] 155278006350702 103145 1161507506
      ✓ should mint for amount=1
[FEE] 153154427279364 102567 1152078726
      ✓ should mint for amount=1
[FEE] 151165567712166 102025 1143158712
      ✓ should mint for amount=1
[FEE] 149301793209165 101516 1134725413
      ✓ should mint for amount=1
[FEE] 147558196412602 101040 1126756975
      ✓ should mint for amount=1
[FEE] 145922835016020 100592 1119231875
      ✓ should mint for amount=1
[FEE] 144394262017797 100174 1112129022
      ✓ should mint for amount=1
[FEE] 142961138206869 99781 1105427844
      ✓ should mint for amount=1
[FEE] 141619622543080 99413 1099108350
      ✓ should mint for amount=1
[FEE] 140363234847824 99068 1093151179
      ✓ should mint for amount=1
[FEE] 139185744644271 98744 1087537637
      ✓ should mint for amount=1
[FEE] 138083963527339 98441 1082249720
      ✓ should mint for amount=1
[FEE] 137052082589910 98157 1077270128
      ✓ should mint for amount=1
[FEE] 136084508588818 97890 1072582274
      ✓ should mint for amount=1
[FEE] 135178619768521 97640 1068170283
      ✓ should mint for amount=1
[FEE] 134330562171759 97406 1064018986
      ✓ should mint for amount=1
[FEE] 133536643470143 97187 1060113912
      ✓ should mint for amount=1
[FEE] 132791954565992 96981 1056441273
      ✓ should mint for amount=1
[FEE] 132094477893083 96788 1052987950
      ✓ should mint for amount=1
[FEE] 131440952316127 96607 1049741473
      ✓ should mint for amount=1
[FEE] 130829600855625 96438 1046690002
      ✓ should mint for amount=1
[FEE] 130254692638648 96278 1043822305
      ✓ should mint for amount=1
[FEE] 129716035997842 96128 1041127736
      ✓ should mint for amount=1
[FEE] 129213517006377 95989 1038596213
      ✓ should mint for amount=1
[FEE] 128741724697292 95858 1036218195
      ✓ should mint for amount=1
[FEE] 128299387311872 95735 1033984659
      ✓ should mint for amount=1
[FEE] 127883971811465 95619 1031887076
      ✓ should mint for amount=1
[FEE] 127495697403421 95511 1029917390
      ✓ should mint for amount=1
[FEE] 127132176048903 95410 1028067995
      ✓ should mint for amount=1
[FEE] 126791093171874 95315 1026331713
      ✓ should mint for amount=1
[FEE] 126471530910198 95226 1024701774
      ✓ should mint for amount=1
[FEE] 126172627315714 95143 1023171795
      ✓ should mint for amount=1
[FEE] 125892248894855 95065 1021735760
      ✓ should mint for amount=1
[FEE] 125629641272416 94992 1020388000
      ✓ should mint for amount=1
[FEE] 125384096447952 94924 1019123177
      ✓ should mint for amount=1
[FEE] 125153630606271 94860 1017936265
      ✓ should mint for amount=1
[FEE] 124934988660060 94798 1016822532
      ✓ should mint for amount=1
[FEE] 124732863856284 94742 1015777526
      ✓ should mint for amount=1
[FEE] 124542756884788 94689 1014797058
      ✓ should mint for amount=1
[FEE] 124365473810308 94640 1013877188
      ✓ should mint for amount=1
[FEE] 124196595614694 94592 1013014211
      ✓ should mint for amount=1
[FEE] 124040929205406 94549 1012204644
      ✓ should mint for amount=1
[FEE] 123892805109632 94507 1011445213
      ✓ should mint for amount=1
[FEE] 123755765244704 94469 1010732839
      ✓ should mint for amount=1
[FEE] 123626819552042 94433 1010064632
      ✓ should mint for amount=1
[FEE] 123505623980716 94399 1009437873
      ✓ should mint for amount=1
[FEE] 123393163740023 94368 1008850011
      ✓ should mint for amount=1
[FEE] 123287827210380 94339 1008298648
      ✓ should mint for amount=1
[FEE] 123188024396518 94311 1007781531
      ✓ should mint for amount=1
[FEE] 123094796907549 94285 1007296547
      ✓ should mint for amount=1
[FEE] 123007894967593 94261 1006841709
      ✓ should mint for amount=1
[FEE] 122925780254578 94238 1006415154
      ✓ should mint for amount=1
[FEE] 122849538659366 94217 1006015131
      ✓ should mint for amount=1
[FEE] 122777661018569 94197 1005639998
      ✓ should mint for amount=1
[FEE] 122709955592500 94178 1005288212
      ✓ should mint for amount=1
[FEE] 122646242817015 94160 1004958327
      ✓ should mint for amount=1
[FEE] 122587656059864 94144 1004648983
      ✓ should mint for amount=1
[FEE] 122532734575346 94129 1004358907
      ✓ should mint for amount=1
[FEE] 122480028697613 94114 1004086902
      ✓ should mint for amount=1
[FEE] 122430701479439 94100 1003831845
      ✓ should mint for amount=1
[FEE] 122383321958593 94086 1003592684
      ✓ should mint for amount=1
[FEE] 122340369744857 94074 1003368431
      ✓ should mint for amount=1
[FEE] 122300429063016 94063 1003158158
      ✓ should mint for amount=1
[FEE] 122262092744756 94052 1002960997
      ✓ should mint for amount=1
[FEE] 122225260647672 94041 1002776131
      ✓ should mint for amount=1
[FEE] 122192437967684 94032 1002602795
      ✓ should mint for amount=1
[FEE] 122160937042240 94023 1002440272
      ✓ should mint for amount=1
[FEE] 122131974433794 94015 1002287888
      ✓ should mint for amount=1
[FEE] 122104173466960 94007 1002145012
      ✓ should mint for amount=1
[FEE] 122078760431384 94000 1002011052
      ✓ should mint for amount=1
[FEE] 122055666828272 93994 1001885452
      ✓ should mint for amount=1
[FEE] 122032231716667 93987 1001767691
      ✓ should mint for amount=1
[FEE] 122010992281091 93981 1001657280
      ✓ should mint for amount=1
[FEE] 121989295900104 93974 1001553761
      ✓ should mint for amount=1
[FEE] 121969686524314 93968 1001456705
      ✓ should mint for amount=1
[FEE] 121953412297881 93964 1001365708
      ✓ should mint for amount=1
[FEE] 121937830979749 93960 1001280393
      ✓ should mint for amount=1
[FEE] 121921601591275 93955 1001200405
      ✓ should mint for amount=1
[FEE] 121907279037726 93951 1001125412
      ✓ should mint for amount=1
[FEE] 121893527487510 93947 1001055102
      ✓ should mint for amount=1
[FEE] 121881608699678 93944 1000989183
      ✓ should mint for amount=1
[FEE] 121870191699179 93941 1000927381
      ✓ should mint for amount=1
[FEE] 121859245147370 93938 1000869439
      ✓ should mint for amount=1
[FEE] 121848739657592 93935 1000815116
      ✓ should mint for amount=1
[FEE] 121838647673124 93932 1000764186
      ✓ should mint for amount=1
[FEE] 121828943345139 93929 1000716437
      ✓ should mint for amount=1
[FEE] 121820899506683 93927 1000671671
      ✓ should mint for amount=1
[FEE] 121813196397411 93925 1000629702
      ✓ should mint for amount=1
[FEE] 121805812570397 93923 1000590354
      ✓ should mint for amount=1
[FEE] 121798728284779 93921 1000553465
      ✓ should mint for amount=1
[FEE] 121791924653478 93919 1000518880
      ✓ should mint for amount=1
[FEE] 121786680985915 93918 1000486456
      ✓ should mint for amount=1
[FEE] 121780387324837 93916 1000456058
      ✓ should mint for amount=1
[FEE] 121775621629815 93915 1000427559
      ✓ should mint for amount=1
[FEE] 121771072796051 93914 1000400841
      ✓ should mint for amount=1
[FEE] 121766727183871 93913 1000375792
      ✓ should mint for amount=1
[FEE] 121762572127936 93912 1000352308
      ✓ should mint for amount=1
[FEE] 121758595693760 93911 1000330291
      ✓ should mint for amount=1
[FEE] 121753490294358 93909 1000309650
      ✓ should mint for amount=1
[FEE] 121749838491950 93908 1000290299
      ✓ should mint for amount=1
[FEE] 121746333890973 93907 1000272157
      ✓ should mint for amount=1
[FEE] 121741670923948 93905 1000255149
      ✓ should mint for amount=1
[FEE] 121739730126456 93905 1000239203
      ✓ should mint for amount=1
[FEE] 121737910674448 93905 1000224254
      ✓ should mint for amount=1
[FEE] 121736204900157 93905 1000210239
      ✓ should mint for amount=1
[FEE] 121734605744366 93905 1000197100
      ✓ should mint for amount=1
[FEE] 121733106512991 93905 1000184782
      ✓ should mint for amount=1
[FEE] 121731700998790 93905 1000173234
      ✓ should mint for amount=1
[FEE] 121730383237945 93905 1000162407
      ✓ should mint for amount=1
[FEE] 121727851574160 93904 1000152257
      ✓ should mint for amount=1
[FEE] 121725397099574 93903 1000142741
      ✓ should mint for amount=1
[FEE] 121723015065158 93902 1000133820
      ✓ should mint for amount=1
[FEE] 121721997110083 93902 1000125456
      ✓ should mint for amount=1
[FEE] 121721042807627 93902 1000117615
      ✓ should mint for amount=1
[FEE] 121718851894868 93901 1000110264
      ✓ should mint for amount=1
[FEE] 121718013222735 93901 1000103373
      ✓ should mint for amount=1

·----------------------------------------|---------------------------|-------------|----------------------------·
|          [90mSolc version: 0.8.17[39m          ·  [90mOptimizer enabled: true[39m  ·  [90mRuns: 200[39m  ·  [90mBlock limit: 8000000 gas[39m  │
·········································|···························|·············|·····························
|  [32m[1mMethods[22m[39m                                                                                                      │
···················|·····················|·············|·············|·············|··············|··············
|  [1mContract[22m        ·  [1mMethod[22m             ·  [32mMin[39m        ·  [32mMax[39m        ·  [32mAvg[39m        ·  [1m# calls[22m     ·  [1musd (avg)[22m  │
···················|·····················|·············|·············|·············|··············|··············
|  [90mXPowerThorTest[39m  ·  init               ·          -  ·          -  ·      67353  ·           [90m1[39m  ·          [32m[90m-[32m[39m  │
···················|·····················|·············|·············|·············|··············|··············
|  [90mXPowerThorTest[39m  ·  mint               ·     [36m124514[39m  ·     [31m229547[39m  ·     127814  ·         [90m147[39m  ·          [32m[90m-[32m[39m  │
···················|·····················|·············|·············|·············|··············|··············
|  [90mXPowerThorTest[39m  ·  transferOwnership  ·          -  ·          -  ·      28656  ·           [90m1[39m  ·          [32m[90m-[32m[39m  │
···················|·····················|·············|·············|·············|··············|··············
|  [32m[1mDeployments[22m[39m                           ·                                         ·  [1m% of limit[22m  ·             │
·········································|·············|·············|·············|··············|··············
|  XPowerThorTest                        ·          -  ·          -  ·    3331941  ·      [90m41.6 %[39m  ·          [32m[90m-[32m[39m  │
·----------------------------------------|-------------|-------------|-------------|--------------|-------------·

  147 passing (16s)

