
> xpower@6.0.0 test-gas
> REPORT_GAS=true npm test ./test/contracts/XPower.fees.1-thor.test.js


> xpower@6.0.0 test
> hardhat test ./test/contracts/XPower.fees.1-thor.test.js


  XPowerThor
    mint
[FEE] 348812236173851 162300 1658186771
      ✓ should mint for amount=1
[FEE] 338631735412114 158025 1653339767
      ✓ should mint for amount=1
[FEE] 328259192108901 154017 1644403873
      ✓ should mint for amount=1
[FEE] 317868503047554 150260 1632166150
      ✓ should mint for amount=1
[FEE] 307588437913278 146737 1617300144
      ✓ should mint for amount=1
[FEE] 297521397390345 143435 1600380761
      ✓ should mint for amount=1
[FEE] 287737459381196 140339 1581897288
      ✓ should mint for amount=1
[FEE] 278288259521146 137436 1562264745
      ✓ should mint for amount=1
[FEE] 269211289020546 134715 1541833816
      ✓ should mint for amount=1
[FEE] 260527422374236 132164 1520899520
      ✓ should mint for amount=1
[FEE] 252246023465876 129771 1499708772
      ✓ should mint for amount=1
[FEE] 244376998778780 127529 1478466972
      ✓ should mint for amount=1
[FEE] 236915127438618 125427 1457343780
      ✓ should mint for amount=1
[FEE] 229853412494268 123456 1436478098
      ✓ should mint for amount=1
[FEE] 223184140516304 121609 1415982440
      ✓ should mint for amount=1
[FEE] 216892460361255 119877 1395946724
      ✓ should mint for amount=1
[FEE] 210964651339157 118253 1376441567
      ✓ should mint for amount=1
[FEE] 205385052963717 116730 1357521146
      ✓ should mint for amount=1
[FEE] 200140104118933 115303 1339225681
      ✓ should mint for amount=1
[FEE] 195210003078999 113964 1321583594
      ✓ should mint for amount=1
[FEE] 190582937237967 112710 1304613357
      ✓ should mint for amount=1
[FEE] 186239799950516 111534 1288325115
      ✓ should mint for amount=1
[FEE] 182166392374770 110432 1272722068
      ✓ should mint for amount=1
[FEE] 178346776735822 109399 1257801670
      ✓ should mint for amount=1
[FEE] 174765128387496 108430 1243556658
      ✓ should mint for amount=1
[FEE] 171407435343448 107521 1229975941
      ✓ should mint for amount=1
[FEE] 168261490493311 106669 1217045353
      ✓ should mint for amount=1
[FEE] 165313751615650 105870 1204748303
      ✓ should mint for amount=1
[FEE] 162554108125128 105122 1193066329
      ✓ should mint for amount=1
[FEE] 159968105767345 104420 1181979564
      ✓ should mint for amount=1
[FEE] 157546292986176 103762 1171467135
      ✓ should mint for amount=1
[FEE] 155278005281209 103145 1161507498
      ✓ should mint for amount=1
[FEE] 153154426215864 102567 1152078718
      ✓ should mint for amount=1
[FEE] 151165566654286 102025 1143158704
      ✓ should mint for amount=1
[FEE] 149303262878343 101517 1134725405
      ✓ should mint for amount=1
[FEE] 147559655758793 101041 1126756967
      ✓ should mint for amount=1
[FEE] 145925735254094 100594 1119231867
      ✓ should mint for amount=1
[FEE] 144395702543460 100175 1112129015
      ✓ should mint for amount=1
[FEE] 142962570180005 99782 1105427838
      ✓ should mint for amount=1
[FEE] 141621046328358 99414 1099108344
      ✓ should mint for amount=1
[FEE] 140364651043077 99069 1093151174
      ✓ should mint for amount=1
[FEE] 139188563127425 98746 1087537632
      ✓ should mint for amount=1
[FEE] 138085365597234 98442 1082249715
      ✓ should mint for amount=1
[FEE] 137053478207578 98158 1077270123
      ✓ should mint for amount=1
[FEE] 136087288436982 97892 1072582270
      ✓ should mint for amount=1
[FEE] 135180003721750 97641 1068170279
      ✓ should mint for amount=1
[FEE] 134331940745690 97407 1064018982
      ✓ should mint for amount=1
[FEE] 133538016983828 97188 1060113908
      ✓ should mint for amount=1
[FEE] 132793323446323 96982 1056441270
      ✓ should mint for amount=1
[FEE] 132094477516741 96788 1052987947
      ✓ should mint for amount=1
[FEE] 131440951940489 96607 1049741470
      ✓ should mint for amount=1
[FEE] 130829600480645 96438 1046689999
      ✓ should mint for amount=1
[FEE] 130256045166222 96279 1043822302
      ✓ should mint for amount=1
[FEE] 129718734443050 96130 1041127733
      ✓ should mint for amount=1
[FEE] 129214862761518 95990 1038596210
      ✓ should mint for amount=1
[FEE] 128743067370784 95859 1036218192
      ✓ should mint for amount=1
[FEE] 128300727090948 95736 1033984656
      ✓ should mint for amount=1
[FEE] 127886646304946 95621 1031887073
      ✓ should mint for amount=1
[FEE] 127498366791486 95513 1029917387
      ✓ should mint for amount=1
[FEE] 127133508160632 95411 1028067992
      ✓ should mint for amount=1
[FEE] 126792423033572 95316 1026331710
      ✓ should mint for amount=1
[FEE] 126472858659672 95227 1024701771
      ✓ should mint for amount=1
[FEE] 126173953082498 95144 1023171792
      ✓ should mint for amount=1
[FEE] 125892248525212 95065 1021735757
      ✓ should mint for amount=1
[FEE] 125629640903057 94992 1020387997
      ✓ should mint for amount=1
[FEE] 125381454300254 94922 1019123174
      ✓ should mint for amount=1
[FEE] 125149672184604 94857 1017936262
      ✓ should mint for amount=1
[FEE] 124933670384029 94797 1016822529
      ✓ should mint for amount=1
[FEE] 124731546934906 94741 1015777523
      ✓ should mint for amount=1
[FEE] 124541441234405 94688 1014797055
      ✓ should mint for amount=1
[FEE] 124361531172450 94637 1013877185
      ✓ should mint for amount=1
[FEE] 124193969303995 94590 1013014208
      ✓ should mint for amount=1
[FEE] 124036993071274 94546 1012204641
      ✓ should mint for amount=1
[FEE] 123888871928567 94504 1011445210
      ✓ should mint for amount=1
[FEE] 123750524941601 94465 1010732837
      ✓ should mint for amount=1
[FEE] 123620273564805 94428 1010064630
      ✓ should mint for amount=1
[FEE] 123500390513781 94395 1009437872
      ✓ should mint for amount=1
[FEE] 123387933320848 94364 1008850010
      ✓ should mint for amount=1
[FEE] 123282599649738 94335 1008298647
      ✓ should mint for amount=1
[FEE] 123184105706216 94308 1007781530
      ✓ should mint for amount=1
[FEE] 123090880103049 94282 1007296546
      ✓ should mint for amount=1
[FEE] 123002674960427 94257 1006841708
      ✓ should mint for amount=1
[FEE] 122921866877269 94235 1006415153
      ✓ should mint for amount=1
[FEE] 122845626837498 94214 1006015130
      ✓ should mint for amount=1
[FEE] 122773750655361 94194 1005639997
      ✓ should mint for amount=1
[FEE] 122706046597170 94175 1005288211
      ✓ should mint for amount=1
[FEE] 122643637634593 94158 1004958326
      ✓ should mint for amount=1
[FEE] 122582447420851 94140 1004648982
      ✓ should mint for amount=1
[FEE] 122526225686947 94124 1004358906
      ✓ should mint for amount=1
[FEE] 122474822972700 94110 1004086901
      ✓ should mint for amount=1
[FEE] 122426798147018 94097 1003831844
      ✓ should mint for amount=1
[FEE] 122382021076473 94085 1003592683
      ✓ should mint for amount=1
[FEE] 122337768683887 94072 1003368430
      ✓ should mint for amount=1
[FEE] 122297828547132 94061 1003158157
      ✓ should mint for amount=1
[FEE] 122260792681412 94051 1002960996
      ✓ should mint for amount=1
[FEE] 122225260525786 94041 1002776130
      ✓ should mint for amount=1
[FEE] 122192437967684 94032 1002602795
      ✓ should mint for amount=1
[FEE] 122160937042240 94023 1002440272
      ✓ should mint for amount=1
[FEE] 122131974433794 94015 1002287888
      ✓ should mint for amount=1
[FEE] 122104173466960 94007 1002145012
      ✓ should mint for amount=1
[FEE] 122078760431384 94000 1002011052
      ✓ should mint for amount=1
[FEE] 122055666828272 93994 1001885452
      ✓ should mint for amount=1
[FEE] 122033530111464 93988 1001767691
      ✓ should mint for amount=1
[FEE] 122012290532783 93982 1001657280
      ✓ should mint for amount=1
[FEE] 121991892135145 93976 1001553761
      ✓ should mint for amount=1
[FEE] 121973580499492 93971 1001456705
      ✓ should mint for amount=1
[FEE] 121956008045450 93966 1001365708
      ✓ should mint for amount=1
[FEE] 121940426506164 93962 1001280393
      ✓ should mint for amount=1
[FEE] 121924196910344 93957 1001200405
      ✓ should mint for amount=1
[FEE] 121909874162398 93953 1001125412
      ✓ should mint for amount=1
[FEE] 121897419901131 93950 1001055102
      ✓ should mint for amount=1
[FEE] 121885500856985 93947 1000989183
      ✓ should mint for amount=1
[FEE] 121874083616181 93944 1000927381
      ✓ should mint for amount=1
[FEE] 121863136839075 93941 1000869439
      ✓ should mint for amount=1
[FEE] 121852631138073 93938 1000815116
      ✓ should mint for amount=1
[FEE] 121841241861423 93934 1000764186
      ✓ should mint for amount=1
[FEE] 121832834441926 93932 1000716437
      ✓ should mint for amount=1
[FEE] 121824790429405 93930 1000671671
      ✓ should mint for amount=1
[FEE] 121817087156944 93928 1000629702
      ✓ should mint for amount=1
[FEE] 121809703176933 93926 1000590354
      ✓ should mint for amount=1
[FEE] 121802618747880 93924 1000553465
      ✓ should mint for amount=1
[FEE] 121795814982101 93922 1000518880
      ✓ should mint for amount=1
[FEE] 121787977720097 93919 1000486456
      ✓ should mint for amount=1
[FEE] 121782980714405 93918 1000456058
      ✓ should mint for amount=1
[FEE] 121776918287661 93916 1000427559
      ✓ should mint for amount=1
[FEE] 121772369419268 93915 1000400841
      ✓ should mint for amount=1
[FEE] 121768023774622 93914 1000375792
      ✓ should mint for amount=1
[FEE] 121763868688249 93913 1000352308
      ✓ should mint for amount=1
[FEE] 121758595693760 93911 1000330291
      ✓ should mint for amount=1
[FEE] 121754786799382 93910 1000309650
      ✓ should mint for amount=1
[FEE] 121751134971893 93909 1000290299
      ✓ should mint for amount=1
[FEE] 121747630347402 93908 1000272157
      ✓ should mint for amount=1
[FEE] 121742967358333 93906 1000255149
      ✓ should mint for amount=1
[FEE] 121739730126456 93905 1000239203
      ✓ should mint for amount=1
[FEE] 121735317885765 93903 1000224254
      ✓ should mint for amount=1
[FEE] 121733612147803 93903 1000210239
      ✓ should mint for amount=1
[FEE] 121732013026071 93903 1000197100
      ✓ should mint for amount=1
[FEE] 121730513826627 93903 1000184782
      ✓ should mint for amount=1
[FEE] 121727812014146 93902 1000173234
      ✓ should mint for amount=1
[FEE] 121726494295399 93902 1000162407
      ✓ should mint for amount=1
[FEE] 121725258972107 93902 1000152257
      ✓ should mint for amount=1
[FEE] 121722804522189 93901 1000142741
      ✓ should mint for amount=1
[FEE] 121721718788028 93901 1000133820
      ✓ should mint for amount=1
[FEE] 121720700843794 93901 1000125456
      ✓ should mint for amount=1
[FEE] 121719746551500 93901 1000117615
      ✓ should mint for amount=1
[FEE] 121716259401670 93899 1000110264
      ✓ should mint for amount=1
[FEE] 121715420747400 93899 1000103373
      ✓ should mint for amount=1
[FEE] 121714634425351 93899 1000096912
      ✓ should mint for amount=1
[FEE] 121713897271249 93899 1000090855
      ✓ should mint for amount=1
[FEE] 121713206242524 93899 1000085177
      ✓ should mint for amount=1
[FEE] 121712558296604 93899 1000079853
      ✓ should mint for amount=1
[FEE] 121711950877730 93899 1000074862
      ✓ should mint for amount=1
[FEE] 121711381430142 93899 1000070183
      ✓ should mint for amount=1
[FEE] 121710847641486 93899 1000065797
      ✓ should mint for amount=1
[FEE] 121710347199408 93899 1000061685
      ✓ should mint for amount=1

·----------------------------------------|---------------------------|-------------|----------------------------·
|          [90mSolc version: 0.8.17[39m          ·  [90mOptimizer enabled: true[39m  ·  [90mRuns: 200[39m  ·  [90mBlock limit: 8000000 gas[39m  │
·········································|···························|·············|·····························
|  [32m[1mMethods[22m[39m                                                                                                      │
···················|·····················|·············|·············|·············|··············|··············
|  [1mContract[22m        ·  [1mMethod[22m             ·  [32mMin[39m        ·  [32mMax[39m        ·  [32mAvg[39m        ·  [1m# calls[22m     ·  [1musd (avg)[22m  │
···················|·····················|·············|·············|·············|··············|··············
|  [90mXPowerThorTest[39m  ·  init               ·          -  ·          -  ·      67353  ·           [90m1[39m  ·          [32m[90m-[32m[39m  │
···················|·····················|·············|·············|·············|··············|··············
|  [90mXPowerThorTest[39m  ·  mint               ·     [36m124509[39m  ·     [31m229542[39m  ·     127662  ·         [90m155[39m  ·          [32m[90m-[32m[39m  │
···················|·····················|·············|·············|·············|··············|··············
|  [90mXPowerThorTest[39m  ·  transferOwnership  ·          -  ·          -  ·      28656  ·           [90m1[39m  ·          [32m[90m-[32m[39m  │
···················|·····················|·············|·············|·············|··············|··············
|  [32m[1mDeployments[22m[39m                           ·                                         ·  [1m% of limit[22m  ·             │
·········································|·············|·············|·············|··············|··············
|  XPowerThorTest                        ·          -  ·          -  ·    3331941  ·      [90m41.6 %[39m  ·          [32m[90m-[32m[39m  │
·----------------------------------------|-------------|-------------|-------------|--------------|-------------·

  155 passing (17s)

