
> xpower@6.0.0 test-gas
> REPORT_GAS=true npm test ./test/contracts/XPower.fees.1-thor.test.js


> xpower@6.0.0 test
> hardhat test ./test/contracts/XPower.fees.1-thor.test.js


  XPowerThor
    mint
[FEE] 348822982083776 162305 1658186771
      ✓ should mint for amount=1
[FEE] 338642448067531 158030 1653339758
      ✓ should mint for amount=1
[FEE] 328267711391766 154021 1644403843
      ✓ should mint for amount=1
[FEE] 317874834420996 150263 1632166073
      ✓ should mint for amount=1
[FEE] 307594699662484 146740 1617300003
      ✓ should mint for amount=1
[FEE] 297523434839977 143436 1600380563
      ✓ should mint for amount=1
[FEE] 287739461845666 140340 1581897025
      ✓ should mint for amount=1
[FEE] 278290226485144 137437 1562264420
      ✓ should mint for amount=1
[FEE] 269211222321586 134715 1541833434
      ✓ should mint for amount=1
[FEE] 260525375760104 132163 1520899080
      ✓ should mint for amount=1
[FEE] 252245939872130 129771 1499708275
      ✓ should mint for amount=1
[FEE] 244373077691314 127527 1478466436
      ✓ should mint for amount=1
[FEE] 236911256227142 125425 1457343205
      ✓ should mint for amount=1
[FEE] 229851453703360 123455 1436477492
      ✓ should mint for amount=1
[FEE] 223182206115418 121608 1415981811
      ✓ should mint for amount=1
[FEE] 216890550699427 119876 1395946078
      ✓ should mint for amount=1
[FEE] 210962766631847 118252 1376440910
      ✓ should mint for amount=1
[FEE] 205384952655673 116730 1357520483
      ✓ should mint for amount=1
[FEE] 200140005186579 115303 1339225019
      ✓ should mint for amount=1
[FEE] 195209905738662 113964 1321582935
      ✓ should mint for amount=1
[FEE] 190582841699132 112710 1304612703
      ✓ should mint for amount=1
[FEE] 186239706564996 111534 1288324469
      ✓ should mint for amount=1
[FEE] 182164651764310 110431 1272721432
      ✓ should mint for amount=1
[FEE] 178345057733181 109398 1257801044
      ✓ should mint for amount=1
[FEE] 174763430461035 108429 1243556045
      ✓ should mint for amount=1
[FEE] 171405757692214 107520 1229975342
      ✓ should mint for amount=1
[FEE] 168261409752926 106669 1217044769
      ✓ should mint for amount=1
[FEE] 165315235427963 105871 1204747737
      ✓ should mint for amount=1
[FEE] 162555579797626 105123 1193065781
      ✓ should mint for amount=1
[FEE] 159968034172936 104420 1181979035
      ✓ should mint for amount=1
[FEE] 157546224398157 103762 1171466625
      ✓ should mint for amount=1
[FEE] 155277939641081 103145 1161507007
      ✓ should mint for amount=1
[FEE] 153154363469380 102567 1152078246
      ✓ should mint for amount=1
[FEE] 151165506751841 102025 1143158251
      ✓ should mint for amount=1
[FEE] 149301735052900 101516 1134724971
      ✓ should mint for amount=1
[FEE] 147558141017234 101040 1126756552
      ✓ should mint for amount=1
[FEE] 145925683493133 100594 1119231470
      ✓ should mint for amount=1
[FEE] 144394211901143 100174 1112128636
      ✓ should mint for amount=1
[FEE] 142961090614709 99781 1105427476
      ✓ should mint for amount=1
[FEE] 141619577316886 99413 1099107999
      ✓ should mint for amount=1
[FEE] 140363191961422 99068 1093150845
      ✓ should mint for amount=1
[FEE] 139184294384721 98743 1087537319
      ✓ should mint for amount=1
[FEE] 138082522160189 98440 1082249417
      ✓ should mint for amount=1
[FEE] 137050649696665 98156 1077269840
      ✓ should mint for amount=1
[FEE] 136084473951782 97890 1072582001
      ✓ should mint for amount=1
[FEE] 135178586991666 97640 1068170024
      ✓ should mint for amount=1
[FEE] 134330531240931 97406 1064018741
      ✓ should mint for amount=1
[FEE] 133535240229148 97186 1060113680
      ✓ should mint for amount=1
[FEE] 132789188523967 96979 1056441054
      ✓ should mint for amount=1
[FEE] 132091722362906 96786 1052987743
      ✓ should mint for amount=1
[FEE] 131438206752575 96605 1049741278
      ✓ should mint for amount=1
[FEE] 130825508001202 96435 1046689818
      ✓ should mint for amount=1
[FEE] 130250612220704 96275 1043822131
      ✓ should mint for amount=1
[FEE] 129713316746212 96126 1041127572
      ✓ should mint for amount=1
[FEE] 129210805466208 95987 1038596058
      ✓ should mint for amount=1
[FEE] 128737677419877 95855 1036218049
      ✓ should mint for amount=1
[FEE] 128296689886193 95733 1033984521
      ✓ should mint for amount=1
[FEE] 127882618267814 95618 1031886946
      ✓ should mint for amount=1
[FEE] 127494347297420 95510 1029917267
      ✓ should mint for amount=1
[FEE] 127129496739064 95408 1028067879
      ✓ should mint for amount=1
[FEE] 126789749474044 95314 1026331604
      ✓ should mint for amount=1
[FEE] 126470190078040 95225 1024701671
      ✓ should mint for amount=1
[FEE] 126171289217531 95142 1023171698
      ✓ should mint for amount=1
[FEE] 125890913283793 95064 1021735668
      ✓ should mint for amount=1
[FEE] 125628308032486 94991 1020387913
      ✓ should mint for amount=1
[FEE] 125381444580982 94922 1019123095
      ✓ should mint for amount=1
[FEE] 125149662963766 94857 1017936187
      ✓ should mint for amount=1
[FEE] 124933661660490 94797 1016822458
      ✓ should mint for amount=1
[FEE] 124731538707698 94741 1015777456
      ✓ should mint for amount=1
[FEE] 124541433502701 94688 1014796992
      ✓ should mint for amount=1
[FEE] 124361523935547 94637 1013877126
      ✓ should mint for amount=1
[FEE] 124195275532457 94591 1013014153
      ✓ should mint for amount=1
[FEE] 124039610665860 94548 1012204590
      ✓ should mint for amount=1
[FEE] 123892798862598 94507 1011445162
      ✓ should mint for amount=1
[FEE] 123755759489948 94469 1010732792
      ✓ should mint for amount=1
[FEE] 123626814044269 94433 1010064587
      ✓ should mint for amount=1
[FEE] 123506927178072 94400 1009437831
      ✓ should mint for amount=1
[FEE] 123393158847594 94368 1008849971
      ✓ should mint for amount=1
[FEE] 123287822564002 94339 1008298610
      ✓ should mint for amount=1
[FEE] 123188020118229 94311 1007781496
      ✓ should mint for amount=1
[FEE] 123094792874846 94285 1007296514
      ✓ should mint for amount=1
[FEE] 123007891180260 94261 1006841678
      ✓ should mint for amount=1
[FEE] 122924472294101 94237 1006415125
      ✓ should mint for amount=1
[FEE] 122848231462377 94216 1006015104
      ✓ should mint for amount=1
[FEE] 122775051138991 94195 1005639973
      ✓ should mint for amount=1
[FEE] 122707346869564 94176 1005288189
      ✓ should mint for amount=1
[FEE] 122644937601947 94159 1004958305
      ✓ should mint for amount=1
[FEE] 122586351490232 94143 1004648963
      ✓ should mint for amount=1
[FEE] 122531430504072 94128 1004358888
      ✓ should mint for amount=1
[FEE] 122478725101235 94113 1004086884
      ✓ should mint for amount=1
[FEE] 122430699406062 94100 1003831828
      ✓ should mint for amount=1
[FEE] 122384620767625 94087 1003592668
      ✓ should mint for amount=1
[FEE] 122341668385414 94075 1003368416
      ✓ should mint for amount=1
[FEE] 122301727553168 94064 1003158144
      ✓ should mint for amount=1
[FEE] 122263390979567 94053 1002960983
      ✓ should mint for amount=1
[FEE] 122226558764965 94042 1002776118
      ✓ should mint for amount=1
[FEE] 122193735982343 94033 1002602783
      ✓ should mint for amount=1
[FEE] 122163534234775 94025 1002440261
      ✓ should mint for amount=1
[FEE] 122134571353288 94017 1002287878
      ✓ should mint for amount=1
[FEE] 122105471254207 94008 1002145003
      ✓ should mint for amount=1
[FEE] 122080058045086 94001 1002011043
      ✓ should mint for amount=1
[FEE] 122056964279253 93995 1001885443
      ✓ should mint for amount=1
[FEE] 122034827409885 93989 1001767682
      ✓ should mint for amount=1
[FEE] 122012289558299 93982 1001657272
      ✓ should mint for amount=1
[FEE] 121991891282527 93976 1001553754
      ✓ should mint for amount=1
[FEE] 121972281655202 93970 1001456698
      ✓ should mint for amount=1
[FEE] 121954709440935 93965 1001365702
      ✓ should mint for amount=1
[FEE] 121939128012257 93961 1001280387
      ✓ should mint for amount=1
[FEE] 121922898520149 93956 1001200399
      ✓ should mint for amount=1
[FEE] 121907278307105 93951 1001125406
      ✓ should mint for amount=1
[FEE] 121894824228119 93948 1001055096
      ✓ should mint for amount=1
[FEE] 121882905354872 93945 1000989177
      ✓ should mint for amount=1
[FEE] 121871488274295 93942 1000927375
      ✓ should mint for amount=1
[FEE] 121860541647410 93939 1000869433
      ✓ should mint for amount=1
[FEE] 121850036087248 93936 1000815110
      ✓ should mint for amount=1
[FEE] 121838646942650 93932 1000764180
      ✓ should mint for amount=1
[FEE] 121830239768686 93930 1000716432
      ✓ should mint for amount=1
[FEE] 121822195872222 93928 1000671666
      ✓ should mint for amount=1
[FEE] 121813195788728 93925 1000629697
      ✓ should mint for amount=1
[FEE] 121805812083461 93923 1000590350
      ✓ should mint for amount=1
[FEE] 121798727797854 93921 1000553461
      ✓ should mint for amount=1
[FEE] 121793220942765 93920 1000518876
      ✓ should mint for amount=1
[FEE] 121787977233182 93919 1000486452
      ✓ should mint for amount=1
[FEE] 121781683532717 93917 1000456054
      ✓ should mint for amount=1
[FEE] 121776917800762 93916 1000427555
      ✓ should mint for amount=1
[FEE] 121769775685950 93913 1000400837
      ✓ should mint for amount=1
[FEE] 121765430106241 93912 1000375788
      ✓ should mint for amount=1
[FEE] 121761275080749 93911 1000352304
      ✓ should mint for amount=1
[FEE] 121757298796832 93910 1000330288
      ✓ should mint for amount=1
[FEE] 121752193424190 93908 1000309647
      ✓ should mint for amount=1
[FEE] 121748541646867 93907 1000290296
      ✓ should mint for amount=1
[FEE] 121745037069408 93906 1000272154
      ✓ should mint for amount=1
[FEE] 121741670558816 93905 1000255146
      ✓ should mint for amount=1
[FEE] 121739729883034 93905 1000239201
      ✓ should mint for amount=1
[FEE] 121736614036688 93904 1000224252
      ✓ should mint for amount=1
[FEE] 121732315528213 93902 1000210237
      ✓ should mint for amount=1
[FEE] 121730716423510 93902 1000197098
      ✓ should mint for amount=1
[FEE] 121729217240031 93902 1000184780
      ✓ should mint for amount=1
[FEE] 121727811770733 93902 1000173232
      ✓ should mint for amount=1
[FEE] 121725197737807 93901 1000162405
      ✓ should mint for amount=1
[FEE] 121722666126647 93900 1000152255
      ✓ should mint for amount=1
[FEE] 121721507990088 93900 1000142739
      ✓ should mint for amount=1
[FEE] 121720422267490 93900 1000133818
      ✓ should mint for amount=1
[FEE] 121719404455800 93900 1000125455
      ✓ should mint for amount=1
[FEE] 121717153917544 93899 1000117614
      ✓ should mint for amount=1
[FEE] 121716259279967 93899 1000110263
      ✓ should mint for amount=1
[FEE] 121715420625697 93899 1000103372
      ✓ should mint for amount=1
[FEE] 121714634303648 93899 1000096911
      ✓ should mint for amount=1
[FEE] 121713897149546 93899 1000090854
      ✓ should mint for amount=1
[FEE] 121713206120821 93899 1000085176
      ✓ should mint for amount=1
[FEE] 121712558296604 93899 1000079853
      ✓ should mint for amount=1
[FEE] 121711950877730 93899 1000074862
      ✓ should mint for amount=1
[FEE] 121711381430142 93899 1000070183
      ✓ should mint for amount=1
[FEE] 121710847641486 93899 1000065797
      ✓ should mint for amount=1
[FEE] 121710347199408 93899 1000061685
      ✓ should mint for amount=1
[FEE] 121709878034960 93899 1000057830
      ✓ should mint for amount=1
[FEE] 121709438200896 93899 1000054216
      ✓ should mint for amount=1
[FEE] 121709025871674 93899 1000050828
      ✓ should mint for amount=1
[FEE] 121707343056306 93898 1000047651
      ✓ should mint for amount=1

·----------------------------------------|---------------------------|-------------|----------------------------·
|          [90mSolc version: 0.8.17[39m          ·  [90mOptimizer enabled: true[39m  ·  [90mRuns: 200[39m  ·  [90mBlock limit: 8000000 gas[39m  │
·········································|···························|·············|·····························
|  [32m[1mMethods[22m[39m                                                                                                      │
···················|·····················|·············|·············|·············|··············|··············
|  [1mContract[22m        ·  [1mMethod[22m             ·  [32mMin[39m        ·  [32mMax[39m        ·  [32mAvg[39m        ·  [1m# calls[22m     ·  [1musd (avg)[22m  │
···················|·····················|·············|·············|·············|··············|··············
|  [90mXPowerThorTest[39m  ·  init               ·          -  ·          -  ·      67353  ·           [90m1[39m  ·          [32m[90m-[32m[39m  │
···················|·····················|·············|·············|·············|··············|··············
|  [90mXPowerThorTest[39m  ·  mint               ·     [36m124497[39m  ·     [31m229535[39m  ·     127587  ·         [90m159[39m  ·          [32m[90m-[32m[39m  │
···················|·····················|·············|·············|·············|··············|··············
|  [90mXPowerThorTest[39m  ·  transferOwnership  ·          -  ·          -  ·      28656  ·           [90m1[39m  ·          [32m[90m-[32m[39m  │
···················|·····················|·············|·············|·············|··············|··············
|  [32m[1mDeployments[22m[39m                           ·                                         ·  [1m% of limit[22m  ·             │
·········································|·············|·············|·············|··············|··············
|  XPowerThorTest                        ·          -  ·          -  ·    3331941  ·      [90m41.6 %[39m  ·          [32m[90m-[32m[39m  │
·----------------------------------------|-------------|-------------|-------------|--------------|-------------·

  159 passing (17s)

