
> xpower@6.0.0 test-gas
> REPORT_GAS=true npm test ./test/contracts/XPower.fees.1-thor.test.js


> xpower@6.0.0 test
> hardhat test ./test/contracts/XPower.fees.1-thor.test.js


  XPowerThor
    mint
[FEE] 348784296808045 162287 1658186771
      ✓ should mint for amount=1
[FEE] 338606017338111 158013 1653339751
      ✓ should mint for amount=1
[FEE] 328235741823155 154006 1644403844
      ✓ should mint for amount=1
[FEE] 317845225235838 150249 1632166110
      ✓ should mint for amount=1
[FEE] 307567465947317 146727 1617300091
      ✓ should mint for amount=1
[FEE] 297500643828594 143425 1600380702
      ✓ should mint for amount=1
[FEE] 287718995014589 140330 1581897224
      ✓ should mint for amount=1
[FEE] 278272048552173 137428 1562264677
      ✓ should mint for amount=1
[FEE] 269195289787019 134707 1541833746
      ✓ should mint for amount=1
[FEE] 260511640265012 132156 1520899449
      ✓ should mint for amount=1
[FEE] 252234348687876 129765 1499708700
      ✓ should mint for amount=1
[FEE] 244365490721718 127523 1478466908
      ✓ should mint for amount=1
[FEE] 236903784798353 125421 1457343722
      ✓ should mint for amount=1
[FEE] 229844095051208 123451 1436478046
      ✓ should mint for amount=1
[FEE] 223174957123496 121604 1415982395
      ✓ should mint for amount=1
[FEE] 216883407688125 119872 1395946684
      ✓ should mint for amount=1
[FEE] 210955725766798 118248 1376441531
      ✓ should mint for amount=1
[FEE] 205378010169827 116726 1357521114
      ✓ should mint for amount=1
[FEE] 200133157132144 115299 1339225655
      ✓ should mint for amount=1
[FEE] 195204861101382 113961 1321583572
      ✓ should mint for amount=1
[FEE] 190577862158148 112707 1304613341
      ✓ should mint for amount=1
[FEE] 186234788951614 111531 1288325104
      ✓ should mint for amount=1
[FEE] 182161442633589 110429 1272722061
      ✓ should mint for amount=1
[FEE] 178341885444527 109396 1257801666
      ✓ should mint for amount=1
[FEE] 174760292911861 108427 1243556657
      ✓ should mint for amount=1
[FEE] 171404247130103 107519 1229975942
      ✓ should mint for amount=1
[FEE] 168259913491102 106668 1217045356
      ✓ should mint for amount=1
[FEE] 165312190823021 105869 1204748308
      ✓ should mint for amount=1
[FEE] 162552562604949 105121 1193066335
      ✓ should mint for amount=1
[FEE] 159965042778562 104418 1181979571
      ✓ should mint for amount=1
[FEE] 157543257376303 103760 1171467143
      ✓ should mint for amount=1
[FEE] 155276500916543 103144 1161507506
      ✓ should mint for amount=1
[FEE] 153151440852398 102565 1152078726
      ✓ should mint for amount=1
[FEE] 151162604407727 102023 1143158712
      ✓ should mint for amount=1
[FEE] 149300322487376 101515 1134725413
      ✓ should mint for amount=1
[FEE] 147556736018734 101039 1126756975
      ✓ should mint for amount=1
[FEE] 145922835016020 100592 1119231875
      ✓ should mint for amount=1
[FEE] 144394262017797 100174 1112129022
      ✓ should mint for amount=1
[FEE] 142961138206869 99781 1105427844
      ✓ should mint for amount=1
[FEE] 141619622543080 99413 1099108350
      ✓ should mint for amount=1
[FEE] 140363234847824 99068 1093151179
      ✓ should mint for amount=1
[FEE] 139187154205811 98745 1087537637
      ✓ should mint for amount=1
[FEE] 138085366235189 98442 1082249720
      ✓ should mint for amount=1
[FEE] 137053478843693 98158 1077270128
      ✓ should mint for amount=1
[FEE] 136085898766657 97891 1072582274
      ✓ should mint for amount=1
[FEE] 135180004227961 97641 1068170283
      ✓ should mint for amount=1
[FEE] 134331941250688 97407 1064018986
      ✓ should mint for amount=1
[FEE] 133535269452595 97186 1060113912
      ✓ should mint for amount=1
[FEE] 132790585308565 96980 1056441273
      ✓ should mint for amount=1
[FEE] 132093113111520 96787 1052987950
      ✓ should mint for amount=1
[FEE] 131439591742335 96606 1049741473
      ✓ should mint for amount=1
[FEE] 130828244236856 96437 1046690002
      ✓ should mint for amount=1
[FEE] 130254692638648 96278 1043822305
      ✓ should mint for amount=1
[FEE] 129717385407338 96129 1041127736
      ✓ should mint for amount=1
[FEE] 129214863134757 95990 1038596213
      ✓ should mint for amount=1
[FEE] 128743067743513 95859 1036218195
      ✓ should mint for amount=1
[FEE] 128299387311872 95735 1033984659
      ✓ should mint for amount=1
[FEE] 127885309244108 95620 1031887076
      ✓ should mint for amount=1
[FEE] 127497032283146 95512 1029917390
      ✓ should mint for amount=1
[FEE] 127133508531620 95411 1028067995
      ✓ should mint for amount=1
[FEE] 126791093171874 95315 1026331713
      ✓ should mint for amount=1
[FEE] 126471530910198 95226 1024701774
      ✓ should mint for amount=1
[FEE] 126172627315714 95143 1023171795
      ✓ should mint for amount=1
[FEE] 125892248894855 95065 1021735760
      ✓ should mint for amount=1
[FEE] 125629641272416 94992 1020388000
      ✓ should mint for amount=1
[FEE] 125384096447952 94924 1019123177
      ✓ should mint for amount=1
[FEE] 125153630606271 94860 1017936265
      ✓ should mint for amount=1
[FEE] 124936306567491 94799 1016822532
      ✓ should mint for amount=1
[FEE] 124732863856284 94742 1015777526
      ✓ should mint for amount=1
[FEE] 124541441602581 94688 1014797058
      ✓ should mint for amount=1
[FEE] 124364159720348 94639 1013877188
      ✓ should mint for amount=1
[FEE] 124197908586147 94593 1013014211
      ✓ should mint for amount=1
[FEE] 124040929205406 94549 1012204644
      ✓ should mint for amount=1
[FEE] 123892805109632 94507 1011445213
      ✓ should mint for amount=1
[FEE] 123755765244704 94469 1010732839
      ✓ should mint for amount=1
[FEE] 123626819552042 94433 1010064632
      ✓ should mint for amount=1
[FEE] 123505623980716 94399 1009437873
      ✓ should mint for amount=1
[FEE] 123391856165805 94367 1008850011
      ✓ should mint for amount=1
[FEE] 123285213491193 94337 1008298648
      ✓ should mint for amount=1
[FEE] 123186718207162 94310 1007781531
      ✓ should mint for amount=1
[FEE] 123092185786016 94283 1007296547
      ✓ should mint for amount=1
[FEE] 123003980053844 94258 1006841709
      ✓ should mint for amount=1
[FEE] 122921866999407 94235 1006415154
      ✓ should mint for amount=1
[FEE] 122845626959609 94214 1006015131
      ✓ should mint for amount=1
[FEE] 122773750777446 94194 1005639998
      ✓ should mint for amount=1
[FEE] 122704743761474 94174 1005288212
      ✓ should mint for amount=1
[FEE] 122642335226441 94157 1004958327
      ✓ should mint for amount=1
[FEE] 122583749672115 94141 1004648983
      ✓ should mint for amount=1
[FEE] 122528829315503 94126 1004358907
      ✓ should mint for amount=1
[FEE] 122476124495410 94111 1004086902
      ✓ should mint for amount=1
[FEE] 122426798268977 94097 1003831845
      ✓ should mint for amount=1
[FEE] 122382021198417 94085 1003592684
      ✓ should mint for amount=1
[FEE] 122339069275336 94073 1003368431
      ✓ should mint for amount=1
[FEE] 122299128866030 94062 1003158158
      ✓ should mint for amount=1
[FEE] 122262092744756 94052 1002960997
      ✓ should mint for amount=1
[FEE] 122226560349512 94042 1002776131
      ✓ should mint for amount=1
[FEE] 122193737444861 94033 1002602795
      ✓ should mint for amount=1
[FEE] 122163535575302 94025 1002440272
      ✓ should mint for amount=1
[FEE] 122133273502820 94016 1002287888
      ✓ should mint for amount=1
[FEE] 122106771234647 94009 1002145012
      ✓ should mint for amount=1
[FEE] 122081357851819 94002 1002011052
      ✓ should mint for amount=1
[FEE] 122056965375699 93995 1001885452
      ✓ should mint for amount=1
[FEE] 122034828506260 93989 1001767691
      ✓ should mint for amount=1
[FEE] 122013588784475 93983 1001657280
      ✓ should mint for amount=1
[FEE] 121993190252666 93977 1001553761
      ✓ should mint for amount=1
[FEE] 121974878491218 93972 1001456705
      ✓ should mint for amount=1
[FEE] 121957305919235 93967 1001365708
      ✓ should mint for amount=1
[FEE] 121941724269371 93963 1001280393
      ✓ should mint for amount=1
[FEE] 121926792229414 93959 1001200405
      ✓ should mint for amount=1
[FEE] 121912469287070 93955 1001125412
      ✓ should mint for amount=1
[FEE] 121897419901131 93950 1001055102
      ✓ should mint for amount=1
[FEE] 121884203471216 93946 1000989183
      ✓ should mint for amount=1
[FEE] 121872786310514 93943 1000927381
      ✓ should mint for amount=1
[FEE] 121861839608507 93940 1000869439
      ✓ should mint for amount=1
[FEE] 121850036817752 93936 1000815116
      ✓ should mint for amount=1
[FEE] 121841241861423 93934 1000764186
      ✓ should mint for amount=1
[FEE] 121831537409664 93931 1000716437
      ✓ should mint for amount=1
[FEE] 121823493455165 93929 1000671671
      ✓ should mint for amount=1
[FEE] 121815790237100 93927 1000629702
      ✓ should mint for amount=1
[FEE] 121808406308088 93925 1000590354
      ✓ should mint for amount=1
[FEE] 121801321926846 93923 1000553465
      ✓ should mint for amount=1
[FEE] 121794518205893 93921 1000518880
      ✓ should mint for amount=1
[FEE] 121789274454280 93920 1000486456
      ✓ should mint for amount=1
[FEE] 121782980714405 93918 1000456058
      ✓ should mint for amount=1
[FEE] 121778214945507 93917 1000427559
      ✓ should mint for amount=1
[FEE] 121773666042485 93916 1000400841
      ✓ should mint for amount=1
[FEE] 121769320365372 93915 1000375792
      ✓ should mint for amount=1
[FEE] 121765165248562 93914 1000352308
      ✓ should mint for amount=1
[FEE] 121761188757314 93913 1000330291
      ✓ should mint for amount=1
[FEE] 121757379809430 93912 1000309650
      ✓ should mint for amount=1
[FEE] 121752431451836 93910 1000290299
      ✓ should mint for amount=1
[FEE] 121748926803831 93909 1000272157
      ✓ should mint for amount=1
[FEE] 121745560227103 93908 1000255149
      ✓ should mint for amount=1
[FEE] 121742322953890 93907 1000239203
      ✓ should mint for amount=1
[FEE] 121739207068790 93906 1000224254
      ✓ should mint for amount=1
[FEE] 121736204900157 93905 1000210239
      ✓ should mint for amount=1
[FEE] 121732013026071 93903 1000197100
      ✓ should mint for amount=1
[FEE] 121730513826627 93903 1000184782
      ✓ should mint for amount=1
[FEE] 121729108342361 93903 1000173234
      ✓ should mint for amount=1
[FEE] 121727790609581 93903 1000162407
      ✓ should mint for amount=1
[FEE] 121726555273134 93903 1000152257
      ✓ should mint for amount=1
[FEE] 121724100810881 93902 1000142741
      ✓ should mint for amount=1
[FEE] 121723015065158 93902 1000133820
      ✓ should mint for amount=1
[FEE] 121721997110083 93902 1000125456
      ✓ should mint for amount=1
[FEE] 121719746551500 93901 1000117615
      ✓ should mint for amount=1
[FEE] 121718851894868 93901 1000110264
      ✓ should mint for amount=1
[FEE] 121716716985067 93900 1000103373
      ✓ should mint for amount=1
[FEE] 121714634425351 93899 1000096912
      ✓ should mint for amount=1
[FEE] 121713897271249 93899 1000090855
      ✓ should mint for amount=1
[FEE] 121713206242524 93899 1000085177
      ✓ should mint for amount=1
[FEE] 121711262089421 93898 1000079853
      ✓ should mint for amount=1
[FEE] 121709358476301 93897 1000074862
      ✓ should mint for amount=1
[FEE] 121708789040842 93897 1000070183
      ✓ should mint for amount=1
[FEE] 121708255263555 93897 1000065797
      ✓ should mint for amount=1
[FEE] 121707754832136 93897 1000061685
      ✓ should mint for amount=1
[FEE] 121705989499042 93896 1000057830
      ✓ should mint for amount=1
[FEE] 121705549679031 93896 1000054216
      ✓ should mint for amount=1
[FEE] 121705137362983 93896 1000050828
      ✓ should mint for amount=1
[FEE] 121704750725413 93896 1000047651
      ✓ should mint for amount=1
[FEE] 121704388305935 93896 1000044673
      ✓ should mint for amount=1
[FEE] 121702752364495 93895 1000041881
      ✓ should mint for amount=1

·----------------------------------------|---------------------------|-------------|----------------------------·
|          [90mSolc version: 0.8.17[39m          ·  [90mOptimizer enabled: true[39m  ·  [90mRuns: 200[39m  ·  [90mBlock limit: 8000000 gas[39m  │
·········································|···························|·············|·····························
|  [32m[1mMethods[22m[39m                                                                                                      │
···················|·····················|·············|·············|·············|··············|··············
|  [1mContract[22m        ·  [1mMethod[22m             ·  [32mMin[39m        ·  [32mMax[39m        ·  [32mAvg[39m        ·  [1m# calls[22m     ·  [1musd (avg)[22m  │
···················|·····················|·············|·············|·············|··············|··············
|  [90mXPowerThorTest[39m  ·  init               ·          -  ·          -  ·      67353  ·           [90m1[39m  ·          [32m[90m-[32m[39m  │
···················|·····················|·············|·············|·············|··············|··············
|  [90mXPowerThorTest[39m  ·  mint               ·     [36m124497[39m  ·     [31m229529[39m  ·     127665  ·         [90m161[39m  ·          [32m[90m-[32m[39m  │
···················|·····················|·············|·············|·············|··············|··············
|  [90mXPowerThorTest[39m  ·  transferOwnership  ·          -  ·          -  ·      28656  ·           [90m1[39m  ·          [32m[90m-[32m[39m  │
···················|·····················|·············|·············|·············|··············|··············
|  [32m[1mDeployments[22m[39m                           ·                                         ·  [1m% of limit[22m  ·             │
·········································|·············|·············|·············|··············|··············
|  XPowerThorTest                        ·          -  ·          -  ·    3331941  ·      [90m41.6 %[39m  ·          [32m[90m-[32m[39m  │
·----------------------------------------|-------------|-------------|-------------|--------------|-------------·

  161 passing (16s)

