
> xpower@6.0.0 test-gas
> REPORT_GAS=true npm test ./test/contracts/XPower.fees.1-thor.test.js


> xpower@6.0.0 test
> hardhat test ./test/contracts/XPower.fees.1-thor.test.js


  XPowerThor
    mint
[FEE] 348822982083776 162305 1658186771
      ✓ should mint for amount=1
[FEE] 338642451344703 158030 1653339774
      ✓ should mint for amount=1
[FEE] 328269851094044 154022 1644403885
      ✓ should mint for amount=1
[FEE] 317876967989927 150264 1632166166
      ✓ should mint for amount=1
[FEE] 307596826281626 146741 1617300163
      ✓ should mint for amount=1
[FEE] 297527624258583 143438 1600380783
      ✓ should mint for amount=1
[FEE] 287743614655458 140342 1581897312
      ✓ should mint for amount=1
[FEE] 278294338545807 137439 1562264770
      ✓ should mint for amount=1
[FEE] 269217288689841 134718 1541833842
      ✓ should mint for amount=1
[FEE] 260533340729813 132167 1520899547
      ✓ should mint for amount=1
[FEE] 252253803119592 129775 1499708799
      ✓ should mint for amount=1
[FEE] 244384669219512 127533 1478467005
      ✓ should mint for amount=1
[FEE] 236922689253486 125431 1457343819
      ✓ should mint for amount=1
[FEE] 229859005008628 123459 1436478142
      ✓ should mint for amount=1
[FEE] 223187818129343 121611 1415982485
      ✓ should mint for amount=1
[FEE] 216896085936545 119879 1395946769
      ✓ should mint for amount=1
[FEE] 210968226105045 118255 1376441611
      ✓ should mint for amount=1
[FEE] 205390337934015 116733 1357521189
      ✓ should mint for amount=1
[FEE] 200145318170139 115306 1339225726
      ✓ should mint for amount=1
[FEE] 195215148601899 113967 1321583640
      ✓ should mint for amount=1
[FEE] 190586325932390 112712 1304613404
      ✓ should mint for amount=1
[FEE] 186243146350799 111536 1288325162
      ✓ should mint for amount=1
[FEE] 182166398958811 110432 1272722114
      ✓ should mint for amount=1
[FEE] 178346782832897 109399 1257801713
      ✓ should mint for amount=1
[FEE] 174765134149493 108430 1243556699
      ✓ should mint for amount=1
[FEE] 171409034954825 107522 1229975980
      ✓ should mint for amount=1
[FEE] 168263073025727 106670 1217045390
      ✓ should mint for amount=1
[FEE] 165315318034278 105871 1204748339
      ✓ should mint for amount=1
[FEE] 162554112893844 105122 1193066364
      ✓ should mint for amount=1
[FEE] 159966578265425 104419 1181979597
      ✓ should mint for amount=1
[FEE] 157544778812340 103761 1171467166
      ✓ should mint for amount=1
[FEE] 155276503723934 103144 1161507527
      ✓ should mint for amount=1
[FEE] 153152936591668 102566 1152078745
      ✓ should mint for amount=1
[FEE] 151162606655677 102023 1143158729
      ✓ should mint for amount=1
[FEE] 149300324460985 101515 1134725428
      ✓ should mint for amount=1
[FEE] 147556737721175 101039 1126756988
      ✓ should mint for amount=1
[FEE] 145921385809602 100591 1119231886
      ✓ should mint for amount=1
[FEE] 144392821881618 100173 1112129032
      ✓ should mint for amount=1
[FEE] 142961139370808 99781 1105427853
      ✓ should mint for amount=1
[FEE] 141618199015483 99412 1099108358
      ✓ should mint for amount=1
[FEE] 140361818909360 99067 1093151186
      ✓ should mint for amount=1
[FEE] 139185745412166 98744 1087537643
      ✓ should mint for amount=1
[FEE] 138082561457430 98440 1082249725
      ✓ should mint for amount=1
[FEE] 137050686845008 98156 1077270132
      ✓ should mint for amount=1
[FEE] 136081728740634 97888 1072582278
      ✓ should mint for amount=1
[FEE] 135174466769842 97637 1068170286
      ✓ should mint for amount=1
[FEE] 134325046234772 97402 1064018989
      ✓ should mint for amount=1
[FEE] 133531147651868 97183 1060113914
      ✓ should mint for amount=1
[FEE] 132786477787667 96977 1056441275
      ✓ should mint for amount=1
[FEE] 132089019017716 96784 1052987952
      ✓ should mint for amount=1
[FEE] 131434149697580 96602 1049741475
      ✓ should mint for amount=1
[FEE] 130822818011754 96433 1046690004
      ✓ should mint for amount=1
[FEE] 130250634057621 96275 1043822306
      ✓ should mint for amount=1
[FEE] 129713337303440 96126 1041127737
      ✓ should mint for amount=1
[FEE] 129210824874028 95987 1038596214
      ✓ should mint for amount=1
[FEE] 128739038729088 95856 1036218196
      ✓ should mint for amount=1
[FEE] 128296707133298 95733 1033984660
      ✓ should mint for amount=1
[FEE] 127882634502754 95618 1031887077
      ✓ should mint for amount=1
[FEE] 127494362647487 95510 1029917391
      ✓ should mint for amount=1
[FEE] 127129511207127 95408 1028067996
      ✓ should mint for amount=1
[FEE] 126789763063095 95314 1026331714
      ✓ should mint for amount=1
[FEE] 126470202913874 95225 1024701775
      ✓ should mint for amount=1
[FEE] 126171301302293 95142 1023171796
      ✓ should mint for amount=1
[FEE] 125890924742583 95064 1021735761
      ✓ should mint for amount=1
[FEE] 125628318866886 94991 1020388001
      ✓ should mint for amount=1
[FEE] 125382775681676 94923 1019123178
      ✓ should mint for amount=1
[FEE] 125152311378273 94859 1017936266
      ✓ should mint for amount=1
[FEE] 124936306690361 94799 1016822533
      ✓ should mint for amount=1
[FEE] 124734180532076 94743 1015777527
      ✓ should mint for amount=1
[FEE] 124544072289723 94690 1014797059
      ✓ should mint for amount=1
[FEE] 124365473932971 94640 1013877189
      ✓ should mint for amount=1
[FEE] 124196595737296 94592 1013014212
      ✓ should mint for amount=1
[FEE] 124040929327952 94549 1012204645
      ✓ should mint for amount=1
[FEE] 123894116047500 94508 1011445213
      ✓ should mint for amount=1
[FEE] 123757075259262 94470 1010732839
      ✓ should mint for amount=1
[FEE] 123628128700534 94434 1010064632
      ✓ should mint for amount=1
[FEE] 123506932316864 94400 1009437873
      ✓ should mint for amount=1
[FEE] 123393163740023 94368 1008850011
      ✓ should mint for amount=1
[FEE] 123287827210380 94339 1008298648
      ✓ should mint for amount=1
[FEE] 123186718207162 94310 1007781531
      ✓ should mint for amount=1
[FEE] 123092185786016 94283 1007296547
      ✓ should mint for amount=1
[FEE] 123005285025093 94259 1006841709
      ✓ should mint for amount=1
[FEE] 122923171417797 94236 1006415154
      ✓ should mint for amount=1
[FEE] 122846930859528 94215 1006015131
      ✓ should mint for amount=1
[FEE] 122775054191153 94195 1005639998
      ✓ should mint for amount=1
[FEE] 122707349676987 94176 1005288212
      ✓ should mint for amount=1
[FEE] 122644940286823 94159 1004958327
      ✓ should mint for amount=1
[FEE] 122585051801365 94142 1004648983
      ✓ should mint for amount=1
[FEE] 122530131068784 94127 1004358907
      ✓ should mint for amount=1
[FEE] 122477425896144 94112 1004086902
      ✓ should mint for amount=1
[FEE] 122429400409285 94099 1003831845
      ✓ should mint for amount=1
[FEE] 122382021198417 94085 1003592684
      ✓ should mint for amount=1
[FEE] 122339069275336 94073 1003368431
      ✓ should mint for amount=1
[FEE] 122299128866030 94062 1003158158
      ✓ should mint for amount=1
[FEE] 122262092744756 94052 1002960997
      ✓ should mint for amount=1
[FEE] 122226560349512 94042 1002776131
      ✓ should mint for amount=1
[FEE] 122192437967684 94032 1002602795
      ✓ should mint for amount=1
[FEE] 122162236308771 94024 1002440272
      ✓ should mint for amount=1
[FEE] 122133273502820 94016 1002287888
      ✓ should mint for amount=1
[FEE] 122106771234647 94009 1002145012
      ✓ should mint for amount=1
[FEE] 122081357851819 94002 1002011052
      ✓ should mint for amount=1
[FEE] 122056965375699 93995 1001885452
      ✓ should mint for amount=1
[FEE] 122034828506260 93989 1001767691
      ✓ should mint for amount=1
[FEE] 122012290532783 93982 1001657280
      ✓ should mint for amount=1
[FEE] 121991892135145 93976 1001553761
      ✓ should mint for amount=1
[FEE] 121973580499492 93971 1001456705
      ✓ should mint for amount=1
[FEE] 121956008045450 93966 1001365708
      ✓ should mint for amount=1
[FEE] 121940426506164 93962 1001280393
      ✓ should mint for amount=1
[FEE] 121925494569879 93958 1001200405
      ✓ should mint for amount=1
[FEE] 121911171724734 93954 1001125412
      ✓ should mint for amount=1
[FEE] 121897419901131 93950 1001055102
      ✓ should mint for amount=1
[FEE] 121884203471216 93946 1000989183
      ✓ should mint for amount=1
[FEE] 121872786310514 93943 1000927381
      ✓ should mint for amount=1
[FEE] 121861839608507 93940 1000869439
      ✓ should mint for amount=1
[FEE] 121851333977913 93937 1000815116
      ✓ should mint for amount=1
[FEE] 121839944767273 93933 1000764186
      ✓ should mint for amount=1
[FEE] 121830240377402 93930 1000716437
      ✓ should mint for amount=1
[FEE] 121822196480924 93928 1000671671
      ✓ should mint for amount=1
[FEE] 121814493317255 93926 1000629702
      ✓ should mint for amount=1
[FEE] 121807109439242 93924 1000590354
      ✓ should mint for amount=1
[FEE] 121800025105813 93922 1000553465
      ✓ should mint for amount=1
[FEE] 121793221429685 93920 1000518880
      ✓ should mint for amount=1
[FEE] 121786680985915 93918 1000486456
      ✓ should mint for amount=1
[FEE] 121781684019621 93917 1000456058
      ✓ should mint for amount=1
[FEE] 121776918287661 93916 1000427559
      ✓ should mint for amount=1
[FEE] 121772369419268 93915 1000400841
      ✓ should mint for amount=1
[FEE] 121766727183871 93913 1000375792
      ✓ should mint for amount=1
[FEE] 121762572127936 93912 1000352308
      ✓ should mint for amount=1
[FEE] 121758595693760 93911 1000330291
      ✓ should mint for amount=1
[FEE] 121754786799382 93910 1000309650
      ✓ should mint for amount=1
[FEE] 121751134971893 93909 1000290299
      ✓ should mint for amount=1
[FEE] 121747630347402 93908 1000272157
      ✓ should mint for amount=1
[FEE] 121744263792718 93907 1000255149
      ✓ should mint for amount=1
[FEE] 121741026540173 93906 1000239203
      ✓ should mint for amount=1
[FEE] 121737910674448 93905 1000224254
      ✓ should mint for amount=1
[FEE] 121736204900157 93905 1000210239
      ✓ should mint for amount=1
[FEE] 121733309385218 93904 1000197100
      ✓ should mint for amount=1
[FEE] 121731810169809 93904 1000184782
      ✓ should mint for amount=1
[FEE] 121730404670576 93904 1000173234
      ✓ should mint for amount=1
[FEE] 121726494295399 93902 1000162407
      ✓ should mint for amount=1
[FEE] 121725258972107 93902 1000152257
      ✓ should mint for amount=1
[FEE] 121724100810881 93902 1000142741
      ✓ should mint for amount=1
[FEE] 121721718788028 93901 1000133820
      ✓ should mint for amount=1
[FEE] 121720700843794 93901 1000125456
      ✓ should mint for amount=1
[FEE] 121718450295373 93900 1000117615
      ✓ should mint for amount=1
[FEE] 121717555648269 93900 1000110264
      ✓ should mint for amount=1
[FEE] 121716716985067 93900 1000103373
      ✓ should mint for amount=1
[FEE] 121714634425351 93899 1000096912
      ✓ should mint for amount=1
[FEE] 121713897271249 93899 1000090855
      ✓ should mint for amount=1
[FEE] 121713206242524 93899 1000085177
      ✓ should mint for amount=1
[FEE] 121712558296604 93899 1000079853
      ✓ should mint for amount=1
[FEE] 121711950877730 93899 1000074862
      ✓ should mint for amount=1
[FEE] 121711381430142 93899 1000070183
      ✓ should mint for amount=1
[FEE] 121708255263555 93897 1000065797
      ✓ should mint for amount=1
[FEE] 121706458648501 93896 1000061685
      ✓ should mint for amount=1
[FEE] 121705989499042 93896 1000057830
      ✓ should mint for amount=1
[FEE] 121705549679031 93896 1000054216
      ✓ should mint for amount=1
[FEE] 121705137362983 93896 1000050828
      ✓ should mint for amount=1
[FEE] 121704750725413 93896 1000047651
      ✓ should mint for amount=1
[FEE] 121704388305935 93896 1000044673
      ✓ should mint for amount=1
[FEE] 121702752364495 93895 1000041881
      ✓ should mint for amount=1
[FEE] 121702433760033 93895 1000039263
      ✓ should mint for amount=1
[FEE] 121702135113986 93895 1000036809
      ✓ should mint for amount=1
[FEE] 121701855087681 93895 1000034508
      ✓ should mint for amount=1
[FEE] 121700296440222 93894 1000032351
      ✓ should mint for amount=1

·----------------------------------------|---------------------------|-------------|----------------------------·
|          [90mSolc version: 0.8.17[39m          ·  [90mOptimizer enabled: true[39m  ·  [90mRuns: 200[39m  ·  [90mBlock limit: 8000000 gas[39m  │
·········································|···························|·············|·····························
|  [32m[1mMethods[22m[39m                                                                                                      │
···················|·····················|·············|·············|·············|··············|··············
|  [1mContract[22m        ·  [1mMethod[22m             ·  [32mMin[39m        ·  [32mMax[39m        ·  [32mAvg[39m        ·  [1m# calls[22m     ·  [1musd (avg)[22m  │
···················|·····················|·············|·············|·············|··············|··············
|  [90mXPowerThorTest[39m  ·  init               ·          -  ·          -  ·      67353  ·           [90m1[39m  ·          [32m[90m-[32m[39m  │
···················|·····················|·············|·············|·············|··············|··············
|  [90mXPowerThorTest[39m  ·  mint               ·     [36m124509[39m  ·     [31m229547[39m  ·     127572  ·         [90m165[39m  ·          [32m[90m-[32m[39m  │
···················|·····················|·············|·············|·············|··············|··············
|  [90mXPowerThorTest[39m  ·  transferOwnership  ·          -  ·          -  ·      28656  ·           [90m1[39m  ·          [32m[90m-[32m[39m  │
···················|·····················|·············|·············|·············|··············|··············
|  [32m[1mDeployments[22m[39m                           ·                                         ·  [1m% of limit[22m  ·             │
·········································|·············|·············|·············|··············|··············
|  XPowerThorTest                        ·          -  ·          -  ·    3331941  ·      [90m41.6 %[39m  ·          [32m[90m-[32m[39m  │
·----------------------------------------|-------------|-------------|-------------|--------------|-------------·

  165 passing (16s)

