
> xpower@6.0.0 test-gas
> REPORT_GAS=true npm test ./test/contracts/XPower.fees.1-thor.test.js


> xpower@6.0.0 test
> hardhat test ./test/contracts/XPower.fees.1-thor.test.js


  XPowerThor
    mint
[FEE] 348773550898120 162282 1658186771
      ✓ should mint for amount=1
[FEE] 338595301405824 158008 1653339744
      ✓ should mint for amount=1
[FEE] 328225082638925 154001 1644403831
      ✓ should mint for amount=1
[FEE] 317834643669186 150244 1632166088
      ✓ should mint for amount=1
[FEE] 307556977397598 146722 1617300051
      ✓ should mint for amount=1
[FEE] 297490261564619 143420 1600380643
      ✓ should mint for amount=1
[FEE] 287708730223549 140325 1581897151
      ✓ should mint for amount=1
[FEE] 278261909305531 137423 1562264593
      ✓ should mint for amount=1
[FEE] 269187279520868 134703 1541833650
      ✓ should mint for amount=1
[FEE] 260505708550050 132153 1520899344
      ✓ should mint for amount=1
[FEE] 252226554907592 129761 1499708589
      ✓ should mint for amount=1
[FEE] 244359721487880 127520 1478466784
      ✓ should mint for amount=1
[FEE] 236899985603819 125419 1457343590
      ✓ should mint for amount=1
[FEE] 229840349481859 123449 1436477909
      ✓ should mint for amount=1
[FEE] 223171264380654 121602 1415982254
      ✓ should mint for amount=1
[FEE] 216879767043161 119870 1395946542
      ✓ should mint for amount=1
[FEE] 210953920146144 118247 1376441390
      ✓ should mint for amount=1
[FEE] 205376229652718 116725 1357520975
      ✓ should mint for amount=1
[FEE] 200131401033247 115298 1339225519
      ✓ should mint for amount=1
[FEE] 195203128695119 113960 1321583440
      ✓ should mint for amount=1
[FEE] 190576152545920 112706 1304613213
      ✓ should mint for amount=1
[FEE] 186233101368502 111530 1288324981
      ✓ should mint for amount=1
[FEE] 182159776021825 110428 1272721942
      ✓ should mint for amount=1
[FEE] 178340238897617 109395 1257801551
      ✓ should mint for amount=1
[FEE] 174758665675047 108426 1243556547
      ✓ should mint for amount=1
[FEE] 171402638321532 107518 1229975837
      ✓ should mint for amount=1
[FEE] 168256744693890 106666 1217045255
      ✓ should mint for amount=1
[FEE] 165310616034356 105868 1204748211
      ✓ should mint for amount=1
[FEE] 162547911057495 105118 1193066243
      ✓ should mint for amount=1
[FEE] 159960434965054 104415 1181979483
      ✓ should mint for amount=1
[FEE] 157540209259645 103758 1171467058
      ✓ should mint for amount=1
[FEE] 155273479219924 103142 1161507425
      ✓ should mint for amount=1
[FEE] 153149937403030 102564 1152078649
      ✓ should mint for amount=1
[FEE] 151161113102638 102022 1143158639
      ✓ should mint for amount=1
[FEE] 149298842555499 101514 1134725343
      ✓ should mint for amount=1
[FEE] 147555266981788 101038 1126756909
      ✓ should mint for amount=1
[FEE] 145921376161751 100591 1119231812
      ✓ should mint for amount=1
[FEE] 144391371488584 100172 1112128963
      ✓ should mint for amount=1
[FEE] 142958265466524 99779 1105427788
      ✓ should mint for amount=1
[FEE] 141615342039110 99410 1099108297
      ✓ should mint for amount=1
[FEE] 140357561078876 99064 1093151129
      ✓ should mint for amount=1
[FEE] 139180100255204 98740 1087537589
      ✓ should mint for amount=1
[FEE] 138078346827046 98437 1082249674
      ✓ should mint for amount=1
[FEE] 137046491977253 98153 1077270084
      ✓ should mint for amount=1
[FEE] 136080332726692 97887 1072582232
      ✓ should mint for amount=1
[FEE] 135174461328292 97637 1068170243
      ✓ should mint for amount=1
[FEE] 134326420137685 97403 1064018948
      ✓ should mint for amount=1
[FEE] 133529768847915 97182 1060113876
      ✓ should mint for amount=1
[FEE] 132785104005363 96976 1056441239
      ✓ should mint for amount=1
[FEE] 132089014752685 96784 1052987918
      ✓ should mint for amount=1
[FEE] 131436866838487 96604 1049741443
      ✓ should mint for amount=1
[FEE] 130825527499605 96435 1046689974
      ✓ should mint for amount=1
[FEE] 130250630563714 96275 1043822278
      ✓ should mint for amount=1
[FEE] 129713333939530 96126 1041127710
      ✓ should mint for amount=1
[FEE] 129209475635452 95986 1038596189
      ✓ should mint for amount=1
[FEE] 128737692825391 95855 1036218173
      ✓ should mint for amount=1
[FEE] 128295364252240 95732 1033984638
      ✓ should mint for amount=1
[FEE] 127879957034974 95616 1031887056
      ✓ should mint for amount=1
[FEE] 127491690412269 95508 1029917371
      ✓ should mint for amount=1
[FEE] 127128176374919 95407 1028067977
      ✓ should mint for amount=1
[FEE] 126787100374845 95312 1026331696
      ✓ should mint for amount=1
[FEE] 126468872695984 95224 1024701758
      ✓ should mint for amount=1
[FEE] 126169973192556 95141 1023171780
      ✓ should mint for amount=1
[FEE] 125889598618925 95063 1021735746
      ✓ should mint for amount=1
[FEE] 125626994614601 94990 1020387987
      ✓ should mint for amount=1
[FEE] 125381453192995 94922 1019123165
      ✓ should mint for amount=1
[FEE] 125150990429032 94858 1017936253
      ✓ should mint for amount=1
[FEE] 124934987308512 94798 1016822521
      ✓ should mint for amount=1
[FEE] 124731545952553 94741 1015777515
      ✓ should mint for amount=1
[FEE] 124541440252601 94688 1014797047
      ✓ should mint for amount=1
[FEE] 124361530313834 94637 1013877178
      ✓ should mint for amount=1
[FEE] 124195281539845 94591 1013014202
      ✓ should mint for amount=1
[FEE] 124039616302885 94548 1012204636
      ✓ should mint for amount=1
[FEE] 123891493191847 94506 1011445205
      ✓ should mint for amount=1
[FEE] 123754454373064 94468 1010732832
      ✓ should mint for amount=1
[FEE] 123624200398311 94431 1010064625
      ✓ should mint for amount=1
[FEE] 123503006574332 94397 1009437867
      ✓ should mint for amount=1
[FEE] 123390547857739 94366 1008850005
      ✓ should mint for amount=1
[FEE] 123285212757570 94337 1008298642
      ✓ should mint for amount=1
[FEE] 123186717595984 94310 1007781526
      ✓ should mint for amount=1
[FEE] 123092185175013 94283 1007296542
      ✓ should mint for amount=1
[FEE] 123003979565171 94258 1006841705
      ✓ should mint for amount=1
[FEE] 122920562092469 94234 1006415150
      ✓ should mint for amount=1
[FEE] 122844322693361 94213 1006015128
      ✓ should mint for amount=1
[FEE] 122771143583783 94192 1005639995
      ✓ should mint for amount=1
[FEE] 122704743517355 94174 1005288210
      ✓ should mint for amount=1
[FEE] 122642334982366 94157 1004958325
      ✓ should mint for amount=1
[FEE] 122581145169589 94139 1004648981
      ✓ should mint for amount=1
[FEE] 122524923811674 94123 1004358905
      ✓ should mint for amount=1
[FEE] 122473521449992 94109 1004086900
      ✓ should mint for amount=1
[FEE] 122424195884756 94095 1003831843
      ✓ should mint for amount=1
[FEE] 122379419434181 94083 1003592682
      ✓ should mint for amount=1
[FEE] 122335167622923 94070 1003368429
      ✓ should mint for amount=1
[FEE] 122295228153163 94059 1003158157
      ✓ should mint for amount=1
[FEE] 122256892857082 94048 1002960996
      ✓ should mint for amount=1
[FEE] 122222661122110 94039 1002776130
      ✓ should mint for amount=1
[FEE] 122189839013328 94030 1002602795
      ✓ should mint for amount=1
[FEE] 122159637775709 94022 1002440272
      ✓ should mint for amount=1
[FEE] 122130675364769 94014 1002287888
      ✓ should mint for amount=1
[FEE] 122102874583117 94006 1002145012
      ✓ should mint for amount=1
[FEE] 122077461721167 93999 1002011052
      ✓ should mint for amount=1
[FEE] 122051771185992 93991 1001885452
      ✓ should mint for amount=1
[FEE] 122029634927075 93985 1001767691
      ✓ should mint for amount=1
[FEE] 122009694029398 93980 1001657280
      ✓ should mint for amount=1
[FEE] 121990594017625 93975 1001553761
      ✓ should mint for amount=1
[FEE] 121970984516040 93969 1001456705
      ✓ should mint for amount=1
[FEE] 121954710171665 93965 1001365708
      ✓ should mint for amount=1
[FEE] 121937830979749 93960 1001280393
      ✓ should mint for amount=1
[FEE] 121922899250810 93956 1001200405
      ✓ should mint for amount=1
[FEE] 121907279037726 93951 1001125412
      ✓ should mint for amount=1
[FEE] 121894824958717 93948 1001055102
      ✓ should mint for amount=1
[FEE] 121881608699678 93944 1000989183
      ✓ should mint for amount=1
[FEE] 121870191699179 93941 1000927381
      ✓ should mint for amount=1
[FEE] 121859245147370 93938 1000869439
      ✓ should mint for amount=1
[FEE] 121848739657592 93935 1000815116
      ✓ should mint for amount=1
[FEE] 121837350578974 93931 1000764186
      ✓ should mint for amount=1
[FEE] 121828943345139 93929 1000716437
      ✓ should mint for amount=1
[FEE] 121820899506683 93927 1000671671
      ✓ should mint for amount=1
[FEE] 121813196397411 93925 1000629702
      ✓ should mint for amount=1
[FEE] 121805812570397 93923 1000590354
      ✓ should mint for amount=1
[FEE] 121798728284779 93921 1000553465
      ✓ should mint for amount=1
[FEE] 121791924653478 93919 1000518880
      ✓ should mint for amount=1
[FEE] 121785384251732 93917 1000486456
      ✓ should mint for amount=1
[FEE] 121780387324837 93916 1000456058
      ✓ should mint for amount=1
[FEE] 121774324971969 93914 1000427559
      ✓ should mint for amount=1
[FEE] 121769776172834 93913 1000400841
      ✓ should mint for amount=1
[FEE] 121765430593120 93912 1000375792
      ✓ should mint for amount=1
[FEE] 121761275567623 93911 1000352308
      ✓ should mint for amount=1
[FEE] 121757299161983 93910 1000330291
      ✓ should mint for amount=1
[FEE] 121752193789334 93908 1000309650
      ✓ should mint for amount=1
[FEE] 121748542012007 93907 1000290299
      ✓ should mint for amount=1
[FEE] 121745037434544 93906 1000272157
      ✓ should mint for amount=1
[FEE] 121741670923948 93905 1000255149
      ✓ should mint for amount=1
[FEE] 121737137299021 93903 1000239203
      ✓ should mint for amount=1
[FEE] 121734021491423 93902 1000224254
      ✓ should mint for amount=1
[FEE] 121732315771626 93902 1000210239
      ✓ should mint for amount=1
[FEE] 121730716666923 93902 1000197100
      ✓ should mint for amount=1
[FEE] 121729217483444 93902 1000184782
      ✓ should mint for amount=1
[FEE] 121727812014146 93902 1000173234
      ✓ should mint for amount=1
[FEE] 121725197981218 93901 1000162407
      ✓ should mint for amount=1
[FEE] 121722666370055 93900 1000152257
      ✓ should mint for amount=1
[FEE] 121721508233496 93900 1000142741
      ✓ should mint for amount=1
[FEE] 121720422510898 93900 1000133820
      ✓ should mint for amount=1
[FEE] 121716812044925 93898 1000125456
      ✓ should mint for amount=1
[FEE] 121715857783120 93898 1000117615
      ✓ should mint for amount=1
[FEE] 121714963155071 93898 1000110264
      ✓ should mint for amount=1
[FEE] 121712828272065 93897 1000103373
      ✓ should mint for amount=1
[FEE] 121712041966764 93897 1000096912
      ✓ should mint for amount=1
[FEE] 121711304828363 93897 1000090855
      ✓ should mint for amount=1
[FEE] 121709317600273 93896 1000085177
      ✓ should mint for amount=1
[FEE] 121708669675054 93896 1000079853
      ✓ should mint for amount=1
[FEE] 121708062275587 93896 1000074862
      ✓ should mint for amount=1
[FEE] 121707492846192 93896 1000070183
      ✓ should mint for amount=1
[FEE] 121705662885625 93895 1000065797
      ✓ should mint for amount=1
[FEE] 121705162464865 93895 1000061685
      ✓ should mint for amount=1
[FEE] 121704693320403 93895 1000057830
      ✓ should mint for amount=1
[FEE] 121704253505076 93895 1000054216
      ✓ should mint for amount=1
[FEE] 121703841193419 93895 1000050828
      ✓ should mint for amount=1
[FEE] 121702158394521 93894 1000047651
      ✓ should mint for amount=1
[FEE] 121701795982763 93894 1000044673
      ✓ should mint for amount=1
[FEE] 121701456206527 93894 1000041881
      ✓ should mint for amount=1
[FEE] 121699841450884 93893 1000039263
      ✓ should mint for amount=1
[FEE] 121699542811198 93893 1000036809
      ✓ should mint for amount=1
[FEE] 121699262790858 93893 1000034508
      ✓ should mint for amount=1
[FEE] 121699000294606 93893 1000032351
      ✓ should mint for amount=1
[FEE] 121697458084193 93892 1000030329
      ✓ should mint for amount=1

·----------------------------------------|---------------------------|-------------|----------------------------·
|          [90mSolc version: 0.8.17[39m          ·  [90mOptimizer enabled: true[39m  ·  [90mRuns: 200[39m  ·  [90mBlock limit: 8000000 gas[39m  │
·········································|···························|·············|·····························
|  [32m[1mMethods[22m[39m                                                                                                      │
···················|·····················|·············|·············|·············|··············|··············
|  [1mContract[22m        ·  [1mMethod[22m             ·  [32mMin[39m        ·  [32mMax[39m        ·  [32mAvg[39m        ·  [1m# calls[22m     ·  [1musd (avg)[22m  │
···················|·····················|·············|·············|·············|··············|··············
|  [90mXPowerThorTest[39m  ·  init               ·          -  ·          -  ·      67353  ·           [90m1[39m  ·          [32m[90m-[32m[39m  │
···················|·····················|·············|·············|·············|··············|··············
|  [90mXPowerThorTest[39m  ·  mint               ·     [36m124509[39m  ·     [31m229524[39m  ·     127552  ·         [90m166[39m  ·          [32m[90m-[32m[39m  │
···················|·····················|·············|·············|·············|··············|··············
|  [90mXPowerThorTest[39m  ·  transferOwnership  ·          -  ·          -  ·      28656  ·           [90m1[39m  ·          [32m[90m-[32m[39m  │
···················|·····················|·············|·············|·············|··············|··············
|  [32m[1mDeployments[22m[39m                           ·                                         ·  [1m% of limit[22m  ·             │
·········································|·············|·············|·············|··············|··············
|  XPowerThorTest                        ·          -  ·          -  ·    3331941  ·      [90m41.6 %[39m  ·          [32m[90m-[32m[39m  │
·----------------------------------------|-------------|-------------|-------------|--------------|-------------·

  166 passing (17s)

