
> xpower@6.0.0 test-gas
> REPORT_GAS=true npm test ./test/contracts/XPower.fees.1-thor.test.js


> xpower@6.0.0 test
> hardhat test ./test/contracts/XPower.fees.1-thor.test.js


  XPowerThor
    mint
[FEE] 348812236173851 162300 1658186771
      ✓ should mint for amount=1
[FEE] 338631735412114 158025 1653339767
      ✓ should mint for amount=1
[FEE] 328259191110791 154017 1644403868
      ✓ should mint for amount=1
[FEE] 317866384669723 150259 1632166135
      ✓ should mint for amount=1
[FEE] 307586336399419 146736 1617300116
      ✓ should mint for amount=1
[FEE] 297519316810161 143434 1600380727
      ✓ should mint for amount=1
[FEE] 287735401984480 140338 1581897249
      ✓ should mint for amount=1
[FEE] 278286226470072 137435 1562264699
      ✓ should mint for amount=1
[FEE] 269209281390079 134714 1541833763
      ✓ should mint for amount=1
[FEE] 260525440681649 132163 1520899459
      ✓ should mint for amount=1
[FEE] 252246012196699 129771 1499708705
      ✓ should mint for amount=1
[FEE] 244373155542063 127527 1478466907
      ✓ should mint for amount=1
[FEE] 236911338321863 125425 1457343710
      ✓ should mint for amount=1
[FEE] 229849677004475 123454 1436478024
      ✓ should mint for amount=1
[FEE] 223176787339891 121605 1415982363
      ✓ should mint for amount=1
[FEE] 216885210143582 119873 1395946640
      ✓ should mint for amount=1
[FEE] 210959285512410 118250 1376441477
      ✓ should mint for amount=1
[FEE] 205381519917278 116728 1357521053
      ✓ should mint for amount=1
[FEE] 200136618670141 115301 1339225588
      ✓ should mint for amount=1
[FEE] 195208276432801 113963 1321583501
      ✓ should mint for amount=1
[FEE] 190581233176358 112709 1304613267
      ✓ should mint for amount=1
[FEE] 186238117715570 111533 1288325029
      ✓ should mint for amount=1
[FEE] 182163081335560 110430 1272721985
      ✓ should mint for amount=1
[FEE] 178343504768083 109397 1257801589
      ✓ should mint for amount=1
[FEE] 174761893869114 108428 1243556580
      ✓ should mint for amount=1
[FEE] 171404236399709 107519 1229975865
      ✓ should mint for amount=1
[FEE] 168259902845637 106668 1217045279
      ✓ should mint for amount=1
[FEE] 165313741873137 105870 1204748232
      ✓ should mint for amount=1
[FEE] 162552552522618 105121 1193066261
      ✓ should mint for amount=1
[FEE] 159965033034331 104418 1181979499
      ✓ should mint for amount=1
[FEE] 157541729485170 103759 1171467072
      ✓ should mint for amount=1
[FEE] 155271975256365 103141 1161507436
      ✓ should mint for amount=1
[FEE] 153148445253106 102563 1152078657
      ✓ should mint for amount=1
[FEE] 151159632243891 102021 1143158645
      ✓ should mint for amount=1
[FEE] 149297372360085 101513 1134725347
      ✓ should mint for amount=1
[FEE] 147553806849914 101037 1126756911
      ✓ should mint for amount=1
[FEE] 145919925651650 100590 1119231813
      ✓ should mint for amount=1
[FEE] 144391371488584 100172 1112128963
      ✓ should mint for amount=1
[FEE] 142959698215554 99780 1105427788
      ✓ should mint for amount=1
[FEE] 141618191026891 99412 1099108296
      ✓ should mint for amount=1
[FEE] 140361811462096 99067 1093151128
      ✓ should mint for amount=1
[FEE] 139185738373131 98744 1087537588
      ✓ should mint for amount=1
[FEE] 138083957530621 98441 1082249673
      ✓ should mint for amount=1
[FEE] 137052076864936 98157 1077270083
      ✓ should mint for amount=1
[FEE] 136084503260044 97890 1072582232
      ✓ should mint for amount=1
[FEE] 135178614706458 97640 1068170243
      ✓ should mint for amount=1
[FEE] 134330557374324 97406 1064018948
      ✓ should mint for amount=1
[FEE] 133536638935424 97187 1060113876
      ✓ should mint for amount=1
[FEE] 132791950292279 96981 1056441239
      ✓ should mint for amount=1
[FEE] 132094473878770 96788 1052987918
      ✓ should mint for amount=1
[FEE] 131440948559747 96607 1049741443
      ✓ should mint for amount=1
[FEE] 130828240737071 96437 1046689974
      ✓ should mint for amount=1
[FEE] 130254689269419 96278 1043822278
      ✓ should mint for amount=1
[FEE] 129716032758454 96128 1041127710
      ✓ should mint for amount=1
[FEE] 129212167892148 95988 1038596189
      ✓ should mint for amount=1
[FEE] 128740378917777 95857 1036218173
      ✓ should mint for amount=1
[FEE] 128298044554840 95734 1033984638
      ✓ should mint for amount=1
[FEE] 127883969332823 95619 1031887056
      ✓ should mint for amount=1
[FEE] 127495695051370 95511 1029917371
      ✓ should mint for amount=1
[FEE] 127132173823000 95410 1028067977
      ✓ should mint for amount=1
[FEE] 126789760839432 95314 1026331696
      ✓ should mint for amount=1
[FEE] 126468872695984 95224 1024701758
      ✓ should mint for amount=1
[FEE] 126169973192556 95141 1023171780
      ✓ should mint for amount=1
[FEE] 125889598618925 95063 1021735746
      ✓ should mint for amount=1
[FEE] 125626994614601 94990 1020387987
      ✓ should mint for amount=1
[FEE] 125380132303705 94921 1019123165
      ✓ should mint for amount=1
[FEE] 125148351727174 94856 1017936253
      ✓ should mint for amount=1
[FEE] 124932351493678 94796 1016822521
      ✓ should mint for amount=1
[FEE] 124730229399572 94740 1015777515
      ✓ should mint for amount=1
[FEE] 124540124970409 94687 1014797047
      ✓ should mint for amount=1
[FEE] 124361530313834 94637 1013877178
      ✓ should mint for amount=1
[FEE] 124193968568404 94590 1013014202
      ✓ should mint for amount=1
[FEE] 124036992458567 94546 1012204636
      ✓ should mint for amount=1
[FEE] 123888871316132 94504 1011445205
      ✓ should mint for amount=1
[FEE] 123751834343967 94466 1010732832
      ✓ should mint for amount=1
[FEE] 123622891249828 94430 1010064625
      ✓ should mint for amount=1
[FEE] 123503006574332 94397 1009437867
      ✓ should mint for amount=1
[FEE] 123390547857739 94366 1008850005
      ✓ should mint for amount=1
[FEE] 123285212757570 94337 1008298642
      ✓ should mint for amount=1
[FEE] 123185411406634 94309 1007781526
      ✓ should mint for amount=1
[FEE] 123092185175013 94283 1007296542
      ✓ should mint for amount=1
[FEE] 123005284536416 94259 1006841705
      ✓ should mint for amount=1
[FEE] 122923170929239 94236 1006415150
      ✓ should mint for amount=1
[FEE] 122846930493191 94215 1006015128
      ✓ should mint for amount=1
[FEE] 122775053824894 94195 1005639995
      ✓ should mint for amount=1
[FEE] 122707349432863 94176 1005288210
      ✓ should mint for amount=1
[FEE] 122644940042744 94159 1004958325
      ✓ should mint for amount=1
[FEE] 122586353686576 94143 1004648981
      ✓ should mint for amount=1
[FEE] 122528829071509 94126 1004358905
      ✓ should mint for amount=1
[FEE] 122477425652187 94112 1004086900
      ✓ should mint for amount=1
[FEE] 122426798025058 94097 1003831843
      ✓ should mint for amount=1
[FEE] 122382020954529 94085 1003592682
      ✓ should mint for amount=1
[FEE] 122339069031479 94073 1003368429
      ✓ should mint for amount=1
[FEE] 122299128744116 94062 1003158157
      ✓ should mint for amount=1
[FEE] 122259492739969 94050 1002960996
      ✓ should mint for amount=1
[FEE] 122223960823948 94040 1002776130
      ✓ should mint for amount=1
[FEE] 122191138490506 94031 1002602795
      ✓ should mint for amount=1
[FEE] 122159637775709 94022 1002440272
      ✓ should mint for amount=1
[FEE] 122129376295743 94013 1002287888
      ✓ should mint for amount=1
[FEE] 122101575699273 94005 1002145012
      ✓ should mint for amount=1
[FEE] 122076163010950 93998 1002011052
      ✓ should mint for amount=1
[FEE] 122051771185992 93991 1001885452
      ✓ should mint for amount=1
[FEE] 122029634927075 93985 1001767691
      ✓ should mint for amount=1
[FEE] 122009694029398 93980 1001657280
      ✓ should mint for amount=1
[FEE] 121990594017625 93975 1001553761
      ✓ should mint for amount=1
[FEE] 121972282507766 93970 1001456705
      ✓ should mint for amount=1
[FEE] 121953412297881 93964 1001365708
      ✓ should mint for amount=1
[FEE] 121937830979749 93960 1001280393
      ✓ should mint for amount=1
[FEE] 121922899250810 93956 1001200405
      ✓ should mint for amount=1
[FEE] 121907279037726 93951 1001125412
      ✓ should mint for amount=1
[FEE] 121893527487510 93947 1001055102
      ✓ should mint for amount=1
[FEE] 121881608699678 93944 1000989183
      ✓ should mint for amount=1
[FEE] 121870191699179 93941 1000927381
      ✓ should mint for amount=1
[FEE] 121857947916801 93937 1000869439
      ✓ should mint for amount=1
[FEE] 121846145337272 93933 1000815116
      ✓ should mint for amount=1
[FEE] 121836053484824 93930 1000764186
      ✓ should mint for amount=1
[FEE] 121827646312877 93928 1000716437
      ✓ should mint for amount=1
[FEE] 121819602532442 93926 1000671671
      ✓ should mint for amount=1
[FEE] 121811899477566 93924 1000629702
      ✓ should mint for amount=1
[FEE] 121804515701552 93922 1000590354
      ✓ should mint for amount=1
[FEE] 121797431463746 93920 1000553465
      ✓ should mint for amount=1
[FEE] 121791924653478 93919 1000518880
      ✓ should mint for amount=1
[FEE] 121786680985915 93918 1000486456
      ✓ should mint for amount=1
[FEE] 121781684019621 93917 1000456058
      ✓ should mint for amount=1
[FEE] 121776918287661 93916 1000427559
      ✓ should mint for amount=1
[FEE] 121772369419268 93915 1000400841
      ✓ should mint for amount=1
[FEE] 121768023774622 93914 1000375792
      ✓ should mint for amount=1
[FEE] 121763868688249 93913 1000352308
      ✓ should mint for amount=1
[FEE] 121759892225537 93912 1000330291
      ✓ should mint for amount=1
[FEE] 121754786799382 93910 1000309650
      ✓ should mint for amount=1
[FEE] 121751134971893 93909 1000290299
      ✓ should mint for amount=1
[FEE] 121747630347402 93908 1000272157
      ✓ should mint for amount=1
[FEE] 121744263792718 93907 1000255149
      ✓ should mint for amount=1
[FEE] 121741026540173 93906 1000239203
      ✓ should mint for amount=1
[FEE] 121736614280107 93904 1000224254
      ✓ should mint for amount=1
[FEE] 121734908523980 93904 1000210239
      ✓ should mint for amount=1
[FEE] 121730716666923 93902 1000197100
      ✓ should mint for amount=1
[FEE] 121726624797080 93900 1000184782
      ✓ should mint for amount=1
[FEE] 121725219357717 93900 1000173234
      ✓ should mint for amount=1
[FEE] 121722605352854 93899 1000162407
      ✓ should mint for amount=1
[FEE] 121721370069029 93899 1000152257
      ✓ should mint for amount=1
[FEE] 121718915656111 93898 1000142741
      ✓ should mint for amount=1
[FEE] 121717829956638 93898 1000133820
      ✓ should mint for amount=1
[FEE] 121716812044925 93898 1000125456
      ✓ should mint for amount=1
[FEE] 121715857783120 93898 1000117615
      ✓ should mint for amount=1
[FEE] 121714963155071 93898 1000110264
      ✓ should mint for amount=1
[FEE] 121714124509732 93898 1000103373
      ✓ should mint for amount=1
[FEE] 121713338196057 93898 1000096912
      ✓ should mint for amount=1
[FEE] 121712601049806 93898 1000090855
      ✓ should mint for amount=1
[FEE] 121711910028440 93898 1000085177
      ✓ should mint for amount=1
[FEE] 121711262089421 93898 1000079853
      ✓ should mint for amount=1
[FEE] 121710654677015 93898 1000074862
      ✓ should mint for amount=1
[FEE] 121710085235492 93898 1000070183
      ✓ should mint for amount=1
[FEE] 121709551452520 93898 1000065797
      ✓ should mint for amount=1
[FEE] 121709051015772 93898 1000061685
      ✓ should mint for amount=1
[FEE] 121707285677681 93897 1000057830
      ✓ should mint for amount=1
[FEE] 121706845852986 93897 1000054216
      ✓ should mint for amount=1
[FEE] 121705137362983 93896 1000050828
      ✓ should mint for amount=1
[FEE] 121704750725413 93896 1000047651
      ✓ should mint for amount=1
[FEE] 121704388305935 93896 1000044673
      ✓ should mint for amount=1
[FEE] 121704048522462 93896 1000041881
      ✓ should mint for amount=1
[FEE] 121703729914607 93896 1000039263
      ✓ should mint for amount=1
[FEE] 121702135113986 93895 1000036809
      ✓ should mint for amount=1
[FEE] 121701855087681 93895 1000034508
      ✓ should mint for amount=1
[FEE] 121701592585838 93895 1000032351
      ✓ should mint for amount=1
[FEE] 121701346513178 93895 1000030329
      ✓ should mint for amount=1
[FEE] 121701115774423 93895 1000028433
      ✓ should mint for amount=1
[FEE] 121700899517689 93895 1000026656
      ✓ should mint for amount=1
[FEE] 121700696769395 93895 1000024990
      ✓ should mint for amount=1
[FEE] 121700506677657 93895 1000023428
      ✓ should mint for amount=1
[FEE] 121700328512289 93895 1000021964
      ✓ should mint for amount=1
[FEE] 121700161421408 93895 1000020591
      ✓ should mint for amount=1

·----------------------------------------|---------------------------|-------------|----------------------------·
|          [90mSolc version: 0.8.17[39m          ·  [90mOptimizer enabled: true[39m  ·  [90mRuns: 200[39m  ·  [90mBlock limit: 8000000 gas[39m  │
·········································|···························|·············|·····························
|  [32m[1mMethods[22m[39m                                                                                                      │
···················|·····················|·············|·············|·············|··············|··············
|  [1mContract[22m        ·  [1mMethod[22m             ·  [32mMin[39m        ·  [32mMax[39m        ·  [32mAvg[39m        ·  [1m# calls[22m     ·  [1musd (avg)[22m  │
···················|·····················|·············|·············|·············|··············|··············
|  [90mXPowerThorTest[39m  ·  init               ·          -  ·          -  ·      67353  ·           [90m1[39m  ·          [32m[90m-[32m[39m  │
···················|·····················|·············|·············|·············|··············|··············
|  [90mXPowerThorTest[39m  ·  mint               ·     [36m124509[39m  ·     [31m229542[39m  ·     127415  ·         [90m172[39m  ·          [32m[90m-[32m[39m  │
···················|·····················|·············|·············|·············|··············|··············
|  [90mXPowerThorTest[39m  ·  transferOwnership  ·          -  ·          -  ·      28656  ·           [90m1[39m  ·          [32m[90m-[32m[39m  │
···················|·····················|·············|·············|·············|··············|··············
|  [32m[1mDeployments[22m[39m                           ·                                         ·  [1m% of limit[22m  ·             │
·········································|·············|·············|·············|··············|··············
|  XPowerThorTest                        ·          -  ·          -  ·    3331941  ·      [90m41.6 %[39m  ·          [32m[90m-[32m[39m  │
·----------------------------------------|-------------|-------------|-------------|--------------|-------------·

  172 passing (17s)

