
> xpower@6.0.0 test-gas
> REPORT_GAS=true npm test ./test/contracts/XPower.fees.1-thor.test.js


> xpower@6.0.0 test
> hardhat test ./test/contracts/XPower.fees.1-thor.test.js


  XPowerThor
    mint
[FEE] 348822982083776 162305 1658186771
      ✓ should mint for amount=1
[FEE] 338640308444929 158029 1653339774
      ✓ should mint for amount=1
[FEE] 328267718777972 154021 1644403880
      ✓ should mint for amount=1
[FEE] 317872735129210 150262 1632166156
      ✓ should mint for amount=1
[FEE] 307592627437798 146739 1617300129
      ✓ should mint for amount=1
[FEE] 297523466444325 143436 1600380733
      ✓ should mint for amount=1
[FEE] 287739502772084 140340 1581897250
      ✓ should mint for amount=1
[FEE] 278290276006007 137437 1562264698
      ✓ should mint for amount=1
[FEE] 269213278142925 134716 1541833763
      ✓ should mint for amount=1
[FEE] 260529383682336 132165 1520899462
      ✓ should mint for amount=1
[FEE] 252249900425455 129773 1499708709
      ✓ should mint for amount=1
[FEE] 244380821188865 127531 1478466911
      ✓ should mint for amount=1
[FEE] 236915118009767 125427 1457343722
      ✓ should mint for amount=1
[FEE] 229851540909072 123455 1436478037
      ✓ should mint for amount=1
[FEE] 223182294853551 121608 1415982374
      ✓ should mint for amount=1
[FEE] 216890640193541 119876 1395946654
      ✓ should mint for amount=1
[FEE] 210962856139689 118252 1376441494
      ✓ should mint for amount=1
[FEE] 205385041767947 116730 1357521072
      ✓ should mint for amount=1
[FEE] 200138357733115 115302 1339225610
      ✓ should mint for amount=1
[FEE] 195209992591648 113964 1321583523
      ✓ should mint for amount=1
[FEE] 190579545476082 112708 1304613289
      ✓ should mint for amount=1
[FEE] 186236450659335 111532 1288325048
      ✓ should mint for amount=1
[FEE] 182161434189071 110429 1272722002
      ✓ should mint for amount=1
[FEE] 178341876653637 109396 1257801604
      ✓ should mint for amount=1
[FEE] 174760283917772 108427 1243556593
      ✓ should mint for amount=1
[FEE] 171401049719444 107517 1229975877
      ✓ should mint for amount=1
[FEE] 168256749394396 106666 1217045289
      ✓ should mint for amount=1
[FEE] 165310620013617 105868 1204748240
      ✓ should mint for amount=1
[FEE] 162551007002518 105120 1193066267
      ✓ should mint for amount=1
[FEE] 159966565679005 104419 1181979504
      ✓ should mint for amount=1
[FEE] 157544766843174 103761 1171467077
      ✓ should mint for amount=1
[FEE] 155277997794759 103145 1161507442
      ✓ should mint for amount=1
[FEE] 153152925823839 102566 1152078664
      ✓ should mint for amount=1
[FEE] 151164078125926 102024 1143158652
      ✓ should mint for amount=1
[FEE] 149301785577800 101516 1134725355
      ✓ should mint for amount=1
[FEE] 147558189078936 101040 1126756919
      ✓ should mint for amount=1
[FEE] 145925729256602 100594 1119231821
      ✓ should mint for amount=1
[FEE] 144395696830624 100175 1112128971
      ✓ should mint for amount=1
[FEE] 142963997497277 99783 1105427796
      ✓ should mint for amount=1
[FEE] 141621041174324 99414 1099108304
      ✓ should mint for amount=1
[FEE] 140364646035333 99069 1093151135
      ✓ should mint for amount=1
[FEE] 139187148830493 98745 1087537595
      ✓ should mint for amount=1
[FEE] 138085361131548 98442 1082249680
      ✓ should mint for amount=1
[FEE] 137053474009221 98158 1077270090
      ✓ should mint for amount=1
[FEE] 136087284376880 97892 1072582238
      ✓ should mint for amount=1
[FEE] 135181384384560 97642 1068170249
      ✓ should mint for amount=1
[FEE] 134333316289589 97408 1064018954
      ✓ should mint for amount=1
[FEE] 133536639691210 97187 1060113882
      ✓ should mint for amount=1
[FEE] 132790581789073 96980 1056441245
      ✓ should mint for amount=1
[FEE] 132093109849924 96787 1052987924
      ✓ should mint for amount=1
[FEE] 131439588737262 96606 1049741449
      ✓ should mint for amount=1
[FEE] 130828241362032 96437 1046689979
      ✓ should mint for amount=1
[FEE] 130254689893350 96278 1043822283
      ✓ should mint for amount=1
[FEE] 129716033381413 96128 1041127715
      ✓ should mint for amount=1
[FEE] 129212168389790 95988 1038596193
      ✓ should mint for amount=1
[FEE] 128740379290499 95857 1036218176
      ✓ should mint for amount=1
[FEE] 128299385078388 95735 1033984641
      ✓ should mint for amount=1
[FEE] 127885307137239 95620 1031887059
      ✓ should mint for amount=1
[FEE] 127497030302450 95512 1029917374
      ✓ should mint for amount=1
[FEE] 127133506676682 95411 1028067980
      ✓ should mint for amount=1
[FEE] 126792421674638 95316 1026331699
      ✓ should mint for amount=1
[FEE] 126472857425431 95227 1024701761
      ✓ should mint for amount=1
[FEE] 126173951972650 95144 1023171783
      ✓ should mint for amount=1
[FEE] 125893571691754 95066 1021735748
      ✓ should mint for amount=1
[FEE] 125630962446735 94993 1020387989
      ✓ should mint for amount=1
[FEE] 125385416106931 94925 1019123167
      ✓ should mint for amount=1
[FEE] 125153629376787 94860 1017936255
      ✓ should mint for amount=1
[FEE] 124937623246216 94800 1016822522
      ✓ should mint for amount=1
[FEE] 124734179181311 94743 1015777516
      ✓ should mint for amount=1
[FEE] 124542755657521 94689 1014797048
      ✓ should mint for amount=1
[FEE] 124364158616390 94639 1013877179
      ✓ should mint for amount=1
[FEE] 124197907605328 94593 1013014203
      ✓ should mint for amount=1
[FEE] 124042240269750 94550 1012204637
      ✓ should mint for amount=1
[FEE] 123895426127914 94509 1011445206
      ✓ should mint for amount=1
[FEE] 123758384539154 94471 1010732833
      ✓ should mint for amount=1
[FEE] 123629437114641 94435 1010064626
      ✓ should mint for amount=1
[FEE] 123508240041244 94401 1009437868
      ✓ should mint for amount=1
[FEE] 123393163128469 94368 1008850006
      ✓ should mint for amount=1
[FEE] 123286519739427 94338 1008298643
      ✓ should mint for amount=1
[FEE] 123186717718220 94310 1007781527
      ✓ should mint for amount=1
[FEE] 123093490857975 94284 1007296543
      ✓ should mint for amount=1
[FEE] 123006589629831 94260 1006841706
      ✓ should mint for amount=1
[FEE] 122924475469765 94237 1006415151
      ✓ should mint for amount=1
[FEE] 122846930615303 94215 1006015129
      ✓ should mint for amount=1
[FEE] 122775053946980 94195 1005639996
      ✓ should mint for amount=1
[FEE] 122707349432863 94176 1005288210
      ✓ should mint for amount=1
[FEE] 122644940042744 94159 1004958325
      ✓ should mint for amount=1
[FEE] 122585051557329 94142 1004648981
      ✓ should mint for amount=1
[FEE] 122530130824788 94127 1004358905
      ✓ should mint for amount=1
[FEE] 122478727052918 94113 1004086900
      ✓ should mint for amount=1
[FEE] 122428099095209 94098 1003831843
      ✓ should mint for amount=1
[FEE] 122382020954529 94085 1003592682
      ✓ should mint for amount=1
[FEE] 122339069031479 94073 1003368429
      ✓ should mint for amount=1
[FEE] 122299128622202 94062 1003158156
      ✓ should mint for amount=1
[FEE] 122260792559512 94051 1002960995
      ✓ should mint for amount=1
[FEE] 122223960702062 94040 1002776129
      ✓ should mint for amount=1
[FEE] 122189838891456 94030 1002602794
      ✓ should mint for amount=1
[FEE] 122158338387317 94021 1002440271
      ✓ should mint for amount=1
[FEE] 122129376173893 94013 1002287887
      ✓ should mint for amount=1
[FEE] 122101575577433 94005 1002145011
      ✓ should mint for amount=1
[FEE] 122076162889118 93998 1002011051
      ✓ should mint for amount=1
[FEE] 122053069611595 93992 1001885451
      ✓ should mint for amount=1
[FEE] 122030933200056 93986 1001767690
      ✓ should mint for amount=1
[FEE] 122009693907591 93980 1001657279
      ✓ should mint for amount=1
[FEE] 121990593895823 93975 1001553760
      ✓ should mint for amount=1
[FEE] 121972282385971 93970 1001456704
      ✓ should mint for amount=1
[FEE] 121954710049877 93965 1001365707
      ✓ should mint for amount=1
[FEE] 121939128621173 93961 1001280392
      ✓ should mint for amount=1
[FEE] 121924196788566 93957 1001200404
      ✓ should mint for amount=1
[FEE] 121909874040625 93953 1001125411
      ✓ should mint for amount=1
[FEE] 121894824836950 93948 1001055101
      ✓ should mint for amount=1
[FEE] 121882905963684 93945 1000989182
      ✓ should mint for amount=1
[FEE] 121871488883088 93942 1000927380
      ✓ should mint for amount=1
[FEE] 121860542256183 93939 1000869438
      ✓ should mint for amount=1
[FEE] 121850036696002 93936 1000815115
      ✓ should mint for amount=1
[FEE] 121839944645526 93933 1000764185
      ✓ should mint for amount=1
[FEE] 121830240255659 93930 1000716436
      ✓ should mint for amount=1
[FEE] 121820899384944 93927 1000671670
      ✓ should mint for amount=1
[FEE] 121813196275674 93925 1000629701
      ✓ should mint for amount=1
[FEE] 121805812448663 93923 1000590353
      ✓ should mint for amount=1
[FEE] 121798728163048 93921 1000553464
      ✓ should mint for amount=1
[FEE] 121791924531749 93919 1000518879
      ✓ should mint for amount=1
[FEE] 121786680864187 93918 1000486455
      ✓ should mint for amount=1
[FEE] 121781683897895 93917 1000456057
      ✓ should mint for amount=1
[FEE] 121776918165936 93916 1000427558
      ✓ should mint for amount=1
[FEE] 121772369297545 93915 1000400840
      ✓ should mint for amount=1
[FEE] 121768023652899 93914 1000375791
      ✓ should mint for amount=1
[FEE] 121763868566528 93913 1000352307
      ✓ should mint for amount=1
[FEE] 121758595572041 93911 1000330290
      ✓ should mint for amount=1
[FEE] 121754786677665 93910 1000309649
      ✓ should mint for amount=1
[FEE] 121751134850177 93909 1000290298
      ✓ should mint for amount=1
[FEE] 121747630225687 93908 1000272156
      ✓ should mint for amount=1
[FEE] 121744263671004 93907 1000255148
      ✓ should mint for amount=1
[FEE] 121739730126456 93905 1000239203
      ✓ should mint for amount=1
[FEE] 121735317885765 93903 1000224254
      ✓ should mint for amount=1
[FEE] 121732315771626 93902 1000210239
      ✓ should mint for amount=1
[FEE] 121729420307776 93901 1000197100
      ✓ should mint for amount=1
[FEE] 121726624797080 93900 1000184782
      ✓ should mint for amount=1
[FEE] 121725219357717 93900 1000173234
      ✓ should mint for amount=1
[FEE] 121722605352854 93899 1000162407
      ✓ should mint for amount=1
[FEE] 121721370069029 93899 1000152257
      ✓ should mint for amount=1
[FEE] 121720211944803 93899 1000142741
      ✓ should mint for amount=1
[FEE] 121719126233768 93899 1000133820
      ✓ should mint for amount=1
[FEE] 121716812044925 93898 1000125456
      ✓ should mint for amount=1
[FEE] 121715857783120 93898 1000117615
      ✓ should mint for amount=1
[FEE] 121714963155071 93898 1000110264
      ✓ should mint for amount=1
[FEE] 121714124509732 93898 1000103373
      ✓ should mint for amount=1
[FEE] 121713338196057 93898 1000096912
      ✓ should mint for amount=1
[FEE] 121712601049806 93898 1000090855
      ✓ should mint for amount=1
[FEE] 121711910028440 93898 1000085177
      ✓ should mint for amount=1
[FEE] 121711262089421 93898 1000079853
      ✓ should mint for amount=1
[FEE] 121710654677015 93898 1000074862
      ✓ should mint for amount=1
[FEE] 121710085235492 93898 1000070183
      ✓ should mint for amount=1
[FEE] 121709551452520 93898 1000065797
      ✓ should mint for amount=1
[FEE] 121707754832136 93897 1000061685
      ✓ should mint for amount=1
[FEE] 121707285677681 93897 1000057830
      ✓ should mint for amount=1
[FEE] 121706845852986 93897 1000054216
      ✓ should mint for amount=1
[FEE] 121706433532547 93897 1000050828
      ✓ should mint for amount=1
[FEE] 121706046890860 93897 1000047651
      ✓ should mint for amount=1
[FEE] 121705684467522 93897 1000044673
      ✓ should mint for amount=1
[FEE] 121705344680430 93897 1000041881
      ✓ should mint for amount=1
[FEE] 121705026069181 93897 1000039263
      ✓ should mint for amount=1
[FEE] 121704727416773 93897 1000036809
      ✓ should mint for amount=1
[FEE] 121704447384503 93897 1000034508
      ✓ should mint for amount=1
[FEE] 121704184877069 93897 1000032351
      ✓ should mint for amount=1
[FEE] 121703938799168 93897 1000030329
      ✓ should mint for amount=1
[FEE] 121703708055498 93897 1000028433
      ✓ should mint for amount=1
[FEE] 121703491794158 93897 1000026656
      ✓ should mint for amount=1
[FEE] 121701992905470 93896 1000024990
      ✓ should mint for amount=1
[FEE] 121701802811708 93896 1000023428
      ✓ should mint for amount=1
[FEE] 121701624644442 93896 1000021964
      ✓ should mint for amount=1
[FEE] 121701457551782 93896 1000020591
      ✓ should mint for amount=1
[FEE] 121701300925231 93896 1000019304
      ✓ should mint for amount=1
[FEE] 121701154156295 93896 1000018098
      ✓ should mint for amount=1
[FEE] 121701016514781 93896 1000016967
      ✓ should mint for amount=1
[FEE] 121699591389590 93895 1000015907
      ✓ should mint for amount=1
[FEE] 121699470422120 93895 1000014913
      ✓ should mint for amount=1

·----------------------------------------|---------------------------|-------------|----------------------------·
|          [90mSolc version: 0.8.17[39m          ·  [90mOptimizer enabled: true[39m  ·  [90mRuns: 200[39m  ·  [90mBlock limit: 8000000 gas[39m  │
·········································|···························|·············|·····························
|  [32m[1mMethods[22m[39m                                                                                                      │
···················|·····················|·············|·············|·············|··············|··············
|  [1mContract[22m        ·  [1mMethod[22m             ·  [32mMin[39m        ·  [32mMax[39m        ·  [32mAvg[39m        ·  [1m# calls[22m     ·  [1musd (avg)[22m  │
···················|·····················|·············|·············|·············|··············|··············
|  [90mXPowerThorTest[39m  ·  init               ·          -  ·          -  ·      67353  ·           [90m1[39m  ·          [32m[90m-[32m[39m  │
···················|·····················|·············|·············|·············|··············|··············
|  [90mXPowerThorTest[39m  ·  mint               ·     [36m124509[39m  ·     [31m229547[39m  ·     127349  ·         [90m177[39m  ·          [32m[90m-[32m[39m  │
···················|·····················|·············|·············|·············|··············|··············
|  [90mXPowerThorTest[39m  ·  transferOwnership  ·          -  ·          -  ·      28656  ·           [90m1[39m  ·          [32m[90m-[32m[39m  │
···················|·····················|·············|·············|·············|··············|··············
|  [32m[1mDeployments[22m[39m                           ·                                         ·  [1m% of limit[22m  ·             │
·········································|·············|·············|·············|··············|··············
|  XPowerThorTest                        ·          -  ·          -  ·    3331941  ·      [90m41.6 %[39m  ·          [32m[90m-[32m[39m  │
·----------------------------------------|-------------|-------------|-------------|--------------|-------------·

  177 passing (16s)

