
> xpower@6.0.0 test-gas
> REPORT_GAS=true npm test ./test/contracts/XPower.fees.1-thor.test.js


> xpower@6.0.0 test
> hardhat test ./test/contracts/XPower.fees.1-thor.test.js


  XPowerThor
    mint
[FEE] 348822982083776 162305 1658186771
      ✓ should mint for amount=1
[FEE] 338638165545155 158028 1653339774
      ✓ should mint for amount=1
[FEE] 328265584465654 154020 1644403865
      ✓ should mint for amount=1
[FEE] 317872729870821 150262 1632166129
      ✓ should mint for amount=1
[FEE] 307592624394775 146739 1617300113
      ✓ should mint for amount=1
[FEE] 297523465142970 143436 1600380726
      ✓ should mint for amount=1
[FEE] 287739502772084 140340 1581897250
      ✓ should mint for amount=1
[FEE] 278290277074803 137437 1562264704
      ✓ should mint for amount=1
[FEE] 269213279539772 134716 1541833771
      ✓ should mint for amount=1
[FEE] 260529385395331 132165 1520899472
      ✓ should mint for amount=1
[FEE] 252249902275647 129773 1499708720
      ✓ should mint for amount=1
[FEE] 244380823502972 127531 1478466925
      ✓ should mint for amount=1
[FEE] 236918898348009 125429 1457343738
      ✓ should mint for amount=1
[FEE] 229855268398341 123457 1436478061
      ✓ should mint for amount=1
[FEE] 223185969944453 121610 1415982403
      ✓ should mint for amount=1
[FEE] 216892454612453 119877 1395946687
      ✓ should mint for amount=1
[FEE] 210964645208431 118253 1376441527
      ✓ should mint for amount=1
[FEE] 205386806248763 116731 1357521105
      ✓ should mint for amount=1
[FEE] 200138362515302 115302 1339225642
      ✓ should mint for amount=1
[FEE] 195209997170632 113964 1321583554
      ✓ should mint for amount=1
[FEE] 190582931540697 112710 1304613318
      ✓ should mint for amount=1
[FEE] 186238124654370 111533 1288325077
      ✓ should mint for amount=1
[FEE] 182163087776352 110430 1272722030
      ✓ should mint for amount=1
[FEE] 178341880481928 109396 1257801631
      ✓ should mint for amount=1
[FEE] 174760287571621 108427 1243556619
      ✓ should mint for amount=1
[FEE] 171401053203273 107517 1229975902
      ✓ should mint for amount=1
[FEE] 168255175295486 106665 1217045313
      ✓ should mint for amount=1
[FEE] 165309061690919 105867 1204748263
      ✓ should mint for amount=1
[FEE] 162549463662325 105119 1193066289
      ✓ should mint for amount=1
[FEE] 159965036553081 104418 1181979525
      ✓ should mint for amount=1
[FEE] 157543251190052 103760 1171467097
      ✓ should mint for amount=1
[FEE] 155276494900703 103144 1161507461
      ✓ should mint for amount=1
[FEE] 153151435003264 102565 1152078682
      ✓ should mint for amount=1
[FEE] 151161117069570 102022 1143158669
      ✓ should mint for amount=1
[FEE] 149298846239534 101514 1134725371
      ✓ should mint for amount=1
[FEE] 147555270255681 101038 1126756934
      ✓ should mint for amount=1
[FEE] 145921379160407 100591 1119231835
      ✓ should mint for amount=1
[FEE] 144392815649558 100173 1112128984
      ✓ should mint for amount=1
[FEE] 142961133551114 99781 1105427808
      ✓ should mint for amount=1
[FEE] 141619618033346 99413 1099108315
      ✓ should mint for amount=1
[FEE] 140361813773316 99067 1093151146
      ✓ should mint for amount=1
[FEE] 139182921425837 98742 1087537605
      ✓ should mint for amount=1
[FEE] 138081154156436 98439 1082249689
      ✓ should mint for amount=1
[FEE] 137049286265772 98155 1077270098
      ✓ should mint for amount=1
[FEE] 136083114858500 97889 1072582246
      ✓ should mint for amount=1
[FEE] 135177231892223 97639 1068170256
      ✓ should mint for amount=1
[FEE] 134329179810408 97405 1064018960
      ✓ should mint for amount=1
[FEE] 133535266303516 97186 1060113887
      ✓ should mint for amount=1
[FEE] 132789213160156 96979 1056441250
      ✓ should mint for amount=1
[FEE] 132091745570174 96786 1052987928
      ✓ should mint for amount=1
[FEE] 131438228539131 96605 1049741452
      ✓ should mint for amount=1
[FEE] 130826885118266 96436 1046689982
      ✓ should mint for amount=1
[FEE] 130251984463885 96276 1043822286
      ✓ should mint for amount=1
[FEE] 129713334936244 96126 1041127718
      ✓ should mint for amount=1
[FEE] 129209476506307 95986 1038596196
      ✓ should mint for amount=1
[FEE] 128737693570819 95855 1036218179
      ✓ should mint for amount=1
[FEE] 128296705148020 95733 1033984644
      ✓ should mint for amount=1
[FEE] 127882632643791 95618 1031887062
      ✓ should mint for amount=1
[FEE] 127494360914415 95510 1029917377
      ✓ should mint for amount=1
[FEE] 127130842082266 95409 1028067983
      ✓ should mint for amount=1
[FEE] 126788431348352 95313 1026331702
      ✓ should mint for amount=1
[FEE] 126467545316772 95223 1024701764
      ✓ should mint for amount=1
[FEE] 126168647795709 95140 1023171786
      ✓ should mint for amount=1
[FEE] 125888274959511 95062 1021735751
      ✓ should mint for amount=1
[FEE] 125625672701549 94989 1020387992
      ✓ should mint for amount=1
[FEE] 125378812029546 94920 1019123170
      ✓ should mint for amount=1
[FEE] 125147032990954 94855 1017936258
      ✓ should mint for amount=1
[FEE] 124931034077717 94795 1016822525
      ✓ should mint for amount=1
[FEE] 124727596784772 94738 1015777519
      ✓ should mint for amount=1
[FEE] 124537494896910 94685 1014797051
      ✓ should mint for amount=1
[FEE] 124360216591861 94636 1013877181
      ✓ should mint for amount=1
[FEE] 124191342993310 94588 1013014205
      ✓ should mint for amount=1
[FEE] 124035680781488 94545 1012204638
      ✓ should mint for amount=1
[FEE] 123890182498966 94505 1011445207
      ✓ should mint for amount=1
[FEE] 123753144603394 94467 1010732834
      ✓ should mint for amount=1
[FEE] 123624200643096 94431 1010064627
      ✓ should mint for amount=1
[FEE] 123503006819028 94397 1009437869
      ✓ should mint for amount=1
[FEE] 123387932953931 94364 1008850007
      ✓ should mint for amount=1
[FEE] 123282599282934 94335 1008298644
      ✓ should mint for amount=1
[FEE] 123184105461750 94308 1007781528
      ✓ should mint for amount=1
[FEE] 123090879858651 94282 1007296544
      ✓ should mint for amount=1
[FEE] 123003979809507 94258 1006841707
      ✓ should mint for amount=1
[FEE] 122921866755130 94235 1006415152
      ✓ should mint for amount=1
[FEE] 122845626715387 94214 1006015129
      ✓ should mint for amount=1
[FEE] 122773750533275 94194 1005639996
      ✓ should mint for amount=1
[FEE] 122706046475109 94175 1005288210
      ✓ should mint for amount=1
[FEE] 122643637512555 94158 1004958325
      ✓ should mint for amount=1
[FEE] 122585051557329 94142 1004648981
      ✓ should mint for amount=1
[FEE] 122530130824788 94127 1004358905
      ✓ should mint for amount=1
[FEE] 122478727052918 94113 1004086900
      ✓ should mint for amount=1
[FEE] 122430701235512 94100 1003831843
      ✓ should mint for amount=1
[FEE] 122383321714703 94086 1003592682
      ✓ should mint for amount=1
[FEE] 122339069031479 94073 1003368429
      ✓ should mint for amount=1
[FEE] 122299128744116 94062 1003158157
      ✓ should mint for amount=1
[FEE] 122260792681412 94051 1002960996
      ✓ should mint for amount=1
[FEE] 122225260525786 94041 1002776130
      ✓ should mint for amount=1
[FEE] 122191138490506 94031 1002602795
      ✓ should mint for amount=1
[FEE] 122160937042240 94023 1002440272
      ✓ should mint for amount=1
[FEE] 122131974433794 94015 1002287888
      ✓ should mint for amount=1
[FEE] 122105472350804 94008 1002145012
      ✓ should mint for amount=1
[FEE] 122078760431384 94000 1002011052
      ✓ should mint for amount=1
[FEE] 122055666828272 93994 1001885452
      ✓ should mint for amount=1
[FEE] 122032231716667 93987 1001767691
      ✓ should mint for amount=1
[FEE] 122009694029398 93980 1001657280
      ✓ should mint for amount=1
[FEE] 121990594017625 93975 1001553761
      ✓ should mint for amount=1
[FEE] 121972282507766 93970 1001456705
      ✓ should mint for amount=1
[FEE] 121954710171665 93965 1001365708
      ✓ should mint for amount=1
[FEE] 121939128742956 93961 1001280393
      ✓ should mint for amount=1
[FEE] 121924196910344 93957 1001200405
      ✓ should mint for amount=1
[FEE] 121909874162398 93953 1001125412
      ✓ should mint for amount=1
[FEE] 121894824958717 93948 1001055102
      ✓ should mint for amount=1
[FEE] 121882906085447 93945 1000989183
      ✓ should mint for amount=1
[FEE] 121871489004847 93942 1000927381
      ✓ should mint for amount=1
[FEE] 121859245147370 93938 1000869439
      ✓ should mint for amount=1
[FEE] 121848739657592 93935 1000815116
      ✓ should mint for amount=1
[FEE] 121839944767273 93933 1000764186
      ✓ should mint for amount=1
[FEE] 121830240377402 93930 1000716437
      ✓ should mint for amount=1
[FEE] 121822196480924 93928 1000671671
      ✓ should mint for amount=1
[FEE] 121814493317255 93926 1000629702
      ✓ should mint for amount=1
[FEE] 121807109439242 93924 1000590354
      ✓ should mint for amount=1
[FEE] 121800025105813 93922 1000553465
      ✓ should mint for amount=1
[FEE] 121793221429685 93920 1000518880
      ✓ should mint for amount=1
[FEE] 121786680985915 93918 1000486456
      ✓ should mint for amount=1
[FEE] 121781684019621 93917 1000456058
      ✓ should mint for amount=1
[FEE] 121775621629815 93915 1000427559
      ✓ should mint for amount=1
[FEE] 121769776172834 93913 1000400841
      ✓ should mint for amount=1
[FEE] 121765430593120 93912 1000375792
      ✓ should mint for amount=1
[FEE] 121761275567623 93911 1000352308
      ✓ should mint for amount=1
[FEE] 121756002630206 93909 1000330291
      ✓ should mint for amount=1
[FEE] 121750897284310 93907 1000309650
      ✓ should mint for amount=1
[FEE] 121747245532064 93906 1000290299
      ✓ should mint for amount=1
[FEE] 121742444521685 93904 1000272157
      ✓ should mint for amount=1
[FEE] 121740374489563 93904 1000255149
      ✓ should mint for amount=1
[FEE] 121738433712738 93904 1000239203
      ✓ should mint for amount=1
[FEE] 121735317885765 93903 1000224254
      ✓ should mint for amount=1
[FEE] 121733612147803 93903 1000210239
      ✓ should mint for amount=1
[FEE] 121730716666923 93902 1000197100
      ✓ should mint for amount=1
[FEE] 121729217483444 93902 1000184782
      ✓ should mint for amount=1
[FEE] 121726515685932 93901 1000173234
      ✓ should mint for amount=1
[FEE] 121723901667036 93900 1000162407
      ✓ should mint for amount=1
[FEE] 121722666370055 93900 1000152257
      ✓ should mint for amount=1
[FEE] 121721508233496 93900 1000142741
      ✓ should mint for amount=1
[FEE] 121719126233768 93899 1000133820
      ✓ should mint for amount=1
[FEE] 121715515778636 93897 1000125456
      ✓ should mint for amount=1
[FEE] 121714561526993 93897 1000117615
      ✓ should mint for amount=1
[FEE] 121713666908472 93897 1000110264
      ✓ should mint for amount=1
[FEE] 121711532034397 93896 1000103373
      ✓ should mint for amount=1
[FEE] 121710745737471 93896 1000096912
      ✓ should mint for amount=1
[FEE] 121708712385478 93895 1000090855
      ✓ should mint for amount=1
[FEE] 121706725172106 93894 1000085177
      ✓ should mint for amount=1
[FEE] 121706077260688 93894 1000079853
      ✓ should mint for amount=1
[FEE] 121705469874158 93894 1000074862
      ✓ should mint for amount=1
[FEE] 121704900456892 93894 1000070183
      ✓ should mint for amount=1
[FEE] 121704366696660 93894 1000065797
      ✓ should mint for amount=1
[FEE] 121703866281230 93894 1000061685
      ✓ should mint for amount=1
[FEE] 121703397141764 93894 1000057830
      ✓ should mint for amount=1
[FEE] 121702957331121 93894 1000054216
      ✓ should mint for amount=1
[FEE] 121701248854291 93893 1000050828
      ✓ should mint for amount=1
[FEE] 121699566063629 93892 1000047651
      ✓ should mint for amount=1
[FEE] 121699203659590 93892 1000044673
      ✓ should mint for amount=1
[FEE] 121698863890592 93892 1000041881
      ✓ should mint for amount=1
[FEE] 121698545296310 93892 1000039263
      ✓ should mint for amount=1
[FEE] 121698246659805 93892 1000036809
      ✓ should mint for amount=1
[FEE] 121697966642446 93892 1000034508
      ✓ should mint for amount=1
[FEE] 121697704148990 93892 1000032351
      ✓ should mint for amount=1
[FEE] 121697458084193 93892 1000030329
      ✓ should mint for amount=1
[FEE] 121695931212273 93891 1000028433
      ✓ should mint for amount=1
[FEE] 121695714964752 93891 1000026656
      ✓ should mint for amount=1
[FEE] 121695512225095 93891 1000024990
      ✓ should mint for amount=1
[FEE] 121695322141455 93891 1000023428
      ✓ should mint for amount=1
[FEE] 121693847851524 93890 1000021964
      ✓ should mint for amount=1
[FEE] 121693680769541 93890 1000020591
      ✓ should mint for amount=1
[FEE] 121693524152998 93890 1000019304
      ✓ should mint for amount=1
[FEE] 121693377393441 93890 1000018098
      ✓ should mint for amount=1
[FEE] 121693239760722 93890 1000016967
      ✓ should mint for amount=1
[FEE] 121693110768077 93890 1000015907
      ✓ should mint for amount=1
[FEE] 121692989807049 93890 1000014913
      ✓ should mint for amount=1
[FEE] 121691580269068 93889 1000013981
      ✓ should mint for amount=1
[FEE] 121692770032787 93890 1000013107
      ✓ should mint for amount=1
[FEE] 121691374248103 93889 1000012288
      ✓ should mint for amount=1
[FEE] 121691280790275 93889 1000011520
      ✓ should mint for amount=1

·----------------------------------------|---------------------------|-------------|----------------------------·
|          [90mSolc version: 0.8.17[39m          ·  [90mOptimizer enabled: true[39m  ·  [90mRuns: 200[39m  ·  [90mBlock limit: 8000000 gas[39m  │
·········································|···························|·············|·····························
|  [32m[1mMethods[22m[39m                                                                                                      │
···················|·····················|·············|·············|·············|··············|··············
|  [1mContract[22m        ·  [1mMethod[22m             ·  [32mMin[39m        ·  [32mMax[39m        ·  [32mAvg[39m        ·  [1m# calls[22m     ·  [1musd (avg)[22m  │
···················|·····················|·············|·············|·············|··············|··············
|  [90mXPowerThorTest[39m  ·  init               ·          -  ·          -  ·      67353  ·           [90m1[39m  ·          [32m[90m-[32m[39m  │
···················|·····················|·············|·············|·············|··············|··············
|  [90mXPowerThorTest[39m  ·  mint               ·     [36m124509[39m  ·     [31m229547[39m  ·     127362  ·         [90m181[39m  ·          [32m[90m-[32m[39m  │
···················|·····················|·············|·············|·············|··············|··············
|  [90mXPowerThorTest[39m  ·  transferOwnership  ·          -  ·          -  ·      28656  ·           [90m1[39m  ·          [32m[90m-[32m[39m  │
···················|·····················|·············|·············|·············|··············|··············
|  [32m[1mDeployments[22m[39m                           ·                                         ·  [1m% of limit[22m  ·             │
·········································|·············|·············|·············|··············|··············
|  XPowerThorTest                        ·          -  ·          -  ·    3331941  ·      [90m41.6 %[39m  ·          [32m[90m-[32m[39m  │
·----------------------------------------|-------------|-------------|-------------|--------------|-------------·

  181 passing (17s)

