
> xpower@6.0.0 test-gas
> REPORT_GAS=true npm test ./test/contracts/XPower.fees.1-thor.test.js


> xpower@6.0.0 test
> hardhat test ./test/contracts/XPower.fees.1-thor.test.js


  XPowerThor
    mint
[FEE] 348812236173851 162300 1658186771
      ✓ should mint for amount=1
[FEE] 338631735412114 158025 1653339767
      ✓ should mint for amount=1
[FEE] 328259192108901 154017 1644403873
      ✓ should mint for amount=1
[FEE] 317868503047554 150260 1632166150
      ✓ should mint for amount=1
[FEE] 307588437913278 146737 1617300144
      ✓ should mint for amount=1
[FEE] 297521398133971 143435 1600380765
      ✓ should mint for amount=1
[FEE] 287737460654453 140339 1581897295
      ✓ should mint for amount=1
[FEE] 278288261124328 137436 1562264754
      ✓ should mint for amount=1
[FEE] 269211290941197 134715 1541833827
      ✓ should mint for amount=1
[FEE] 260527424258517 132164 1520899531
      ✓ should mint for amount=1
[FEE] 252247968589526 129772 1499708780
      ✓ should mint for amount=1
[FEE] 244378917008776 127530 1478466984
      ✓ should mint for amount=1
[FEE] 236917018908345 125428 1457343796
      ✓ should mint for amount=1
[FEE] 229853415534492 123456 1436478117
      ✓ should mint for amount=1
[FEE] 223180472675645 121607 1415982457
      ✓ should mint for amount=1
[FEE] 216887034350604 119874 1395946736
      ✓ should mint for amount=1
[FEE] 210959299919251 118250 1376441571
      ✓ should mint for amount=1
[FEE] 205381533684813 116728 1357521144
      ✓ should mint for amount=1
[FEE] 200134896344588 115300 1339225678
      ✓ should mint for amount=1
[FEE] 195206576078613 113962 1321583586
      ✓ should mint for amount=1
[FEE] 190579554094876 112708 1304613348
      ✓ should mint for amount=1
[FEE] 186236458899086 111532 1288325105
      ✓ should mint for amount=1
[FEE] 182163091640828 110430 1272722057
      ✓ should mint for amount=1
[FEE] 178341884310219 109396 1257801658
      ✓ should mint for amount=1
[FEE] 174760291366002 108427 1243556646
      ✓ should mint for amount=1
[FEE] 171401056965809 107517 1229975929
      ✓ should mint for amount=1
[FEE] 168255179028206 106665 1217045340
      ✓ should mint for amount=1
[FEE] 165309065395714 105867 1204748290
      ✓ should mint for amount=1
[FEE] 162549467340944 105119 1193066316
      ✓ should mint for amount=1
[FEE] 159965040071831 104418 1181979551
      ✓ should mint for amount=1
[FEE] 157543254552145 103760 1171467122
      ✓ should mint for amount=1
[FEE] 155273487240887 103142 1161507485
      ✓ should mint for amount=1
[FEE] 153149944847311 102564 1152078705
      ✓ should mint for amount=1
[FEE] 151159638326462 102021 1143158691
      ✓ should mint for amount=1
[FEE] 149297378280797 101513 1134725392
      ✓ should mint for amount=1
[FEE] 147553812480955 101037 1126756954
      ✓ should mint for amount=1
[FEE] 145919930997027 100590 1119231854
      ✓ should mint for amount=1
[FEE] 144389935117584 100171 1112129002
      ✓ should mint for amount=1
[FEE] 142958270251509 99779 1105427825
      ✓ should mint for amount=1
[FEE] 141616771107069 99411 1099108332
      ✓ should mint for amount=1
[FEE] 140358982153234 99065 1093151162
      ✓ should mint for amount=1
[FEE] 139182923473515 98742 1087537621
      ✓ should mint for amount=1
[FEE] 138081156070243 98439 1082249704
      ✓ should mint for amount=1
[FEE] 137049288174058 98155 1077270113
      ✓ should mint for amount=1
[FEE] 136083116634740 97889 1072582260
      ✓ should mint for amount=1
[FEE] 135178618123350 97640 1068170270
      ✓ should mint for amount=1
[FEE] 134330560656779 97406 1064018974
      ✓ should mint for amount=1
[FEE] 133535268067000 97186 1060113901
      ✓ should mint for amount=1
[FEE] 132790584051603 96980 1056441263
      ✓ should mint for amount=1
[FEE] 132093111982506 96787 1052987941
      ✓ should mint for amount=1
[FEE] 131439590740644 96606 1049741465
      ✓ should mint for amount=1
[FEE] 130826886618159 96436 1046689994
      ✓ should mint for amount=1
[FEE] 130253338738432 96277 1043822297
      ✓ should mint for amount=1
[FEE] 129716035001108 96128 1041127728
      ✓ should mint for amount=1
[FEE] 129212170007125 95988 1038596206
      ✓ should mint for amount=1
[FEE] 128740380905627 95857 1036218189
      ✓ should mint for amount=1
[FEE] 128298046416058 95734 1033984653
      ✓ should mint for amount=1
[FEE] 127883971067873 95619 1031887070
      ✓ should mint for amount=1
[FEE] 127495696660668 95511 1029917384
      ✓ should mint for amount=1
[FEE] 127132175306935 95410 1028067989
      ✓ should mint for amount=1
[FEE] 126789762198338 95314 1026331707
      ✓ should mint for amount=1
[FEE] 126470202173345 95225 1024701769
      ✓ should mint for amount=1
[FEE] 126171300562410 95142 1023171790
      ✓ should mint for amount=1
[FEE] 125890924003307 95064 1021735755
      ✓ should mint for amount=1
[FEE] 125628318128177 94991 1020387995
      ✓ should mint for amount=1
[FEE] 125381454054197 94922 1019123172
      ✓ should mint for amount=1
[FEE] 125149671938715 94857 1017936260
      ✓ should mint for amount=1
[FEE] 124932352230870 94796 1016822527
      ✓ should mint for amount=1
[FEE] 124727597030352 94738 1015777521
      ✓ should mint for amount=1
[FEE] 124537495142353 94685 1014797053
      ✓ should mint for amount=1
[FEE] 124360216837178 94636 1013877183
      ✓ should mint for amount=1
[FEE] 124193969181396 94590 1013014207
      ✓ should mint for amount=1
[FEE] 124038304870897 94547 1012204640
      ✓ should mint for amount=1
[FEE] 123891493681806 94506 1011445209
      ✓ should mint for amount=1
[FEE] 123754454862826 94468 1010732836
      ✓ should mint for amount=1
[FEE] 123625510036369 94432 1010064629
      ✓ should mint for amount=1
[FEE] 123503007063725 94397 1009437871
      ✓ should mint for amount=1
[FEE] 123387933198542 94364 1008850009
      ✓ should mint for amount=1
[FEE] 123282599527470 94335 1008298646
      ✓ should mint for amount=1
[FEE] 123182799516861 94307 1007781530
      ✓ should mint for amount=1
[FEE] 123089574542284 94281 1007296546
      ✓ should mint for amount=1
[FEE] 123002674960427 94257 1006841708
      ✓ should mint for amount=1
[FEE] 122919258040491 94233 1006415153
      ✓ should mint for amount=1
[FEE] 122841715137745 94211 1006015130
      ✓ should mint for amount=1
[FEE] 122769840414242 94191 1005639997
      ✓ should mint for amount=1
[FEE] 122702137723904 94172 1005288211
      ✓ should mint for amount=1
[FEE] 122639730044023 94155 1004958326
      ✓ should mint for amount=1
[FEE] 122581145291602 94139 1004648982
      ✓ should mint for amount=1
[FEE] 122526225686947 94124 1004358906
      ✓ should mint for amount=1
[FEE] 122474822972700 94110 1004086901
      ✓ should mint for amount=1
[FEE] 122426798147018 94097 1003831844
      ✓ should mint for amount=1
[FEE] 122380720316298 94084 1003592683
      ✓ should mint for amount=1
[FEE] 122336468214367 94071 1003368430
      ✓ should mint for amount=1
[FEE] 122296528350148 94060 1003158157
      ✓ should mint for amount=1
[FEE] 122259492739969 94050 1002960996
      ✓ should mint for amount=1
[FEE] 122222661122110 94039 1002776130
      ✓ should mint for amount=1
[FEE] 122189838891456 94030 1002602794
      ✓ should mint for amount=1
[FEE] 122159637653847 94022 1002440271
      ✓ should mint for amount=1
[FEE] 122129376173893 94013 1002287887
      ✓ should mint for amount=1
[FEE] 122101575577433 94005 1002145011
      ✓ should mint for amount=1
[FEE] 122076162889118 93998 1002011051
      ✓ should mint for amount=1
[FEE] 122051771064170 93991 1001885451
      ✓ should mint for amount=1
[FEE] 122029634805261 93985 1001767690
      ✓ should mint for amount=1
[FEE] 122009693907591 93980 1001657279
      ✓ should mint for amount=1
[FEE] 121990593895823 93975 1001553760
      ✓ should mint for amount=1
[FEE] 121972282385971 93970 1001456704
      ✓ should mint for amount=1
[FEE] 121954710049877 93965 1001365707
      ✓ should mint for amount=1
[FEE] 121937830857967 93960 1001280392
      ✓ should mint for amount=1
[FEE] 121922899129033 93956 1001200404
      ✓ should mint for amount=1
[FEE] 121908576478291 93952 1001125411
      ✓ should mint for amount=1
[FEE] 121896122308156 93949 1001055101
      ✓ should mint for amount=1
[FEE] 121882905963684 93945 1000989182
      ✓ should mint for amount=1
[FEE] 121870191577422 93941 1000927380
      ✓ should mint for amount=1
[FEE] 121859245025616 93938 1000869438
      ✓ should mint for amount=1
[FEE] 121848739535843 93935 1000815115
      ✓ should mint for amount=1
[FEE] 121839944645526 93933 1000764185
      ✓ should mint for amount=1
[FEE] 121831537287919 93931 1000716436
      ✓ should mint for amount=1
[FEE] 121823493333423 93929 1000671670
      ✓ should mint for amount=1
[FEE] 121815790115361 93927 1000629701
      ✓ should mint for amount=1
[FEE] 121808406186351 93925 1000590353
      ✓ should mint for amount=1
[FEE] 121801321805112 93923 1000553464
      ✓ should mint for amount=1
[FEE] 121794518084162 93921 1000518879
      ✓ should mint for amount=1
[FEE] 121789274332550 93920 1000486455
      ✓ should mint for amount=1
[FEE] 121784277287460 93919 1000456057
      ✓ should mint for amount=1
[FEE] 121776918165936 93916 1000427558
      ✓ should mint for amount=1
[FEE] 121769776051113 93913 1000400840
      ✓ should mint for amount=1
[FEE] 121764133880651 93911 1000375791
      ✓ should mint for amount=1
[FEE] 121759978885593 93910 1000352307
      ✓ should mint for amount=1
[FEE] 121756002508490 93909 1000330290
      ✓ should mint for amount=1
[FEE] 121752193667619 93908 1000309649
      ✓ should mint for amount=1
[FEE] 121748541890293 93907 1000290298
      ✓ should mint for amount=1
[FEE] 121745037312832 93906 1000272156
      ✓ should mint for amount=1
[FEE] 121741670802237 93905 1000255148
      ✓ should mint for amount=1
[FEE] 121739730126456 93905 1000239203
      ✓ should mint for amount=1
[FEE] 121737910674448 93905 1000224254
      ✓ should mint for amount=1
[FEE] 121736204900157 93905 1000210239
      ✓ should mint for amount=1
[FEE] 121733309385218 93904 1000197100
      ✓ should mint for amount=1
[FEE] 121729217483444 93902 1000184782
      ✓ should mint for amount=1
[FEE] 121726515685932 93901 1000173234
      ✓ should mint for amount=1
[FEE] 121725197981218 93901 1000162407
      ✓ should mint for amount=1
[FEE] 121723962671081 93901 1000152257
      ✓ should mint for amount=1
[FEE] 121721508233496 93900 1000142741
      ✓ should mint for amount=1
[FEE] 121720422510898 93900 1000133820
      ✓ should mint for amount=1
[FEE] 121719404577504 93900 1000125456
      ✓ should mint for amount=1
[FEE] 121718450295373 93900 1000117615
      ✓ should mint for amount=1
[FEE] 121716259401670 93899 1000110264
      ✓ should mint for amount=1
[FEE] 121714124509732 93898 1000103373
      ✓ should mint for amount=1
[FEE] 121713338196057 93898 1000096912
      ✓ should mint for amount=1
[FEE] 121712601049806 93898 1000090855
      ✓ should mint for amount=1
[FEE] 121711910028440 93898 1000085177
      ✓ should mint for amount=1
[FEE] 121711262089421 93898 1000079853
      ✓ should mint for amount=1
[FEE] 121710654677015 93898 1000074862
      ✓ should mint for amount=1
[FEE] 121710085235492 93898 1000070183
      ✓ should mint for amount=1
[FEE] 121708255263555 93897 1000065797
      ✓ should mint for amount=1
[FEE] 121706458648501 93896 1000061685
      ✓ should mint for amount=1
[FEE] 121705989499042 93896 1000057830
      ✓ should mint for amount=1
[FEE] 121705549679031 93896 1000054216
      ✓ should mint for amount=1
[FEE] 121705137362983 93896 1000050828
      ✓ should mint for amount=1
[FEE] 121704750725413 93896 1000047651
      ✓ should mint for amount=1
[FEE] 121704388305935 93896 1000044673
      ✓ should mint for amount=1
[FEE] 121702752364495 93895 1000041881
      ✓ should mint for amount=1
[FEE] 121701137605458 93894 1000039263
      ✓ should mint for amount=1
[FEE] 121700838962592 93894 1000036809
      ✓ should mint for amount=1
[FEE] 121700558939269 93894 1000034508
      ✓ should mint for amount=1
[FEE] 121699000294606 93893 1000032351
      ✓ should mint for amount=1
[FEE] 121698754227188 93893 1000030329
      ✓ should mint for amount=1
[FEE] 121698523493348 93893 1000028433
      ✓ should mint for amount=1
[FEE] 121698307241220 93893 1000026656
      ✓ should mint for amount=1
[FEE] 121698104497245 93893 1000024990
      ✓ should mint for amount=1
[FEE] 121697914409556 93893 1000023428
      ✓ should mint for amount=1
[FEE] 121697736247983 93893 1000021964
      ✓ should mint for amount=1
[FEE] 121697569160661 93893 1000020591
      ✓ should mint for amount=1
[FEE] 121697412539115 93893 1000019304
      ✓ should mint for amount=1
[FEE] 121697265774868 93893 1000018098
      ✓ should mint for amount=1
[FEE] 121697128137752 93893 1000016967
      ✓ should mint for amount=1
[FEE] 121696999140985 93893 1000015907
      ✓ should mint for amount=1
[FEE] 121696878176092 93893 1000014913
      ✓ should mint for amount=1
[FEE] 121696764756293 93893 1000013981
      ✓ should mint for amount=1
[FEE] 121696658394807 93893 1000013107
      ✓ should mint for amount=1
[FEE] 121696558726550 93893 1000012288
      ✓ should mint for amount=1
[FEE] 121695169146125 93892 1000011520
      ✓ should mint for amount=1
[FEE] 121695081526613 93892 1000010800
      ✓ should mint for amount=1

·----------------------------------------|---------------------------|-------------|----------------------------·
|          [90mSolc version: 0.8.17[39m          ·  [90mOptimizer enabled: true[39m  ·  [90mRuns: 200[39m  ·  [90mBlock limit: 8000000 gas[39m  │
·········································|···························|·············|·····························
|  [32m[1mMethods[22m[39m                                                                                                      │
···················|·····················|·············|·············|·············|··············|··············
|  [1mContract[22m        ·  [1mMethod[22m             ·  [32mMin[39m        ·  [32mMax[39m        ·  [32mAvg[39m        ·  [1m# calls[22m     ·  [1musd (avg)[22m  │
···················|·····················|·············|·············|·············|··············|··············
|  [90mXPowerThorTest[39m  ·  init               ·          -  ·          -  ·      67353  ·           [90m1[39m  ·          [32m[90m-[32m[39m  │
···················|·····················|·············|·············|·············|··············|··············
|  [90mXPowerThorTest[39m  ·  mint               ·     [36m124502[39m  ·     [31m229542[39m  ·     127301  ·         [90m182[39m  ·          [32m[90m-[32m[39m  │
···················|·····················|·············|·············|·············|··············|··············
|  [90mXPowerThorTest[39m  ·  transferOwnership  ·          -  ·          -  ·      28656  ·           [90m1[39m  ·          [32m[90m-[32m[39m  │
···················|·····················|·············|·············|·············|··············|··············
|  [32m[1mDeployments[22m[39m                           ·                                         ·  [1m% of limit[22m  ·             │
·········································|·············|·············|·············|··············|··············
|  XPowerThorTest                        ·          -  ·          -  ·    3331941  ·      [90m41.6 %[39m  ·          [32m[90m-[32m[39m  │
·----------------------------------------|-------------|-------------|-------------|--------------|-------------·

  182 passing (17s)

