
> xpower@6.0.0 test-gas
> REPORT_GAS=true npm test ./test/contracts/XPower.fees.1-thor.test.js


> xpower@6.0.0 test
> hardhat test ./test/contracts/XPower.fees.1-thor.test.js


  XPowerThor
    mint
[FEE] 348822982083776 162305 1658186771
      ✓ should mint for amount=1
[FEE] 338642448067531 158030 1653339758
      ✓ should mint for amount=1
[FEE] 328269842709647 154022 1644403843
      ✓ should mint for amount=1
[FEE] 317876953383098 150264 1632166091
      ✓ should mint for amount=1
[FEE] 307594708791616 146740 1617300051
      ✓ should mint for amount=1
[FEE] 297525519324130 143437 1600380618
      ✓ should mint for amount=1
[FEE] 287737423911887 140339 1581897093
      ✓ should mint for amount=1
[FEE] 278288213741400 137436 1562264488
      ✓ should mint for amount=1
[FEE] 269211234543909 134715 1541833504
      ✓ should mint for amount=1
[FEE] 260527360535569 132164 1520899159
      ✓ should mint for amount=1
[FEE] 252247899460161 129772 1499708369
      ✓ should mint for amount=1
[FEE] 244375011292509 127528 1478466541
      ✓ should mint for amount=1
[FEE] 236913163627462 125426 1457343319
      ✓ should mint for amount=1
[FEE] 229849611080691 123454 1436477612
      ✓ should mint for amount=1
[FEE] 223178554352994 121606 1415981930
      ✓ should mint for amount=1
[FEE] 216886949829795 119874 1395946192
      ✓ should mint for amount=1
[FEE] 210959215317379 118250 1376441019
      ✓ should mint for amount=1
[FEE] 205381449566688 116728 1357520588
      ✓ should mint for amount=1
[FEE] 200136548731261 115301 1339225120
      ✓ should mint for amount=1
[FEE] 195208207305520 113963 1321583033
      ✓ should mint for amount=1
[FEE] 190581164955807 112709 1304612800
      ✓ should mint for amount=1
[FEE] 186238050640503 111533 1288324565
      ✓ should mint for amount=1
[FEE] 182164665361663 110431 1272721527
      ✓ should mint for amount=1
[FEE] 178343440962649 109397 1257801139
      ✓ should mint for amount=1
[FEE] 174761831893651 108428 1243556139
      ✓ should mint for amount=1
[FEE] 171405770513064 107520 1229975434
      ✓ should mint for amount=1
[FEE] 168261422195793 106669 1217044859
      ✓ should mint for amount=1
[FEE] 165315247366085 105871 1204747824
      ✓ should mint for amount=1
[FEE] 162555591378902 105123 1193065866
      ✓ should mint for amount=1
[FEE] 159968045270746 104420 1181979117
      ✓ should mint for amount=1
[FEE] 157544716680263 103761 1171466704
      ✓ should mint for amount=1
[FEE] 155277949667577 103145 1161507082
      ✓ should mint for amount=1
[FEE] 153154373040877 102567 1152078318
      ✓ should mint for amount=1
[FEE] 151165515876055 102025 1143158320
      ✓ should mint for amount=1
[FEE] 149303214326593 101517 1134725036
      ✓ should mint for amount=1
[FEE] 147556688743249 101039 1126756614
      ✓ should mint for amount=1
[FEE] 145924240545459 100593 1119231529
      ✓ should mint for amount=1
[FEE] 144395660606049 100175 1112128692
      ✓ should mint for amount=1
[FEE] 142963962966403 99783 1105427529
      ✓ should mint for amount=1
[FEE] 141622433004202 99415 1099108050
      ✓ should mint for amount=1
[FEE] 140366031798540 99070 1093150893
      ✓ should mint for amount=1
[FEE] 139189938516602 98747 1087537365
      ✓ should mint for amount=1
[FEE] 138088138604140 98444 1082249461
      ✓ should mint for amount=1
[FEE] 137056240053777 98160 1077269882
      ✓ should mint for amount=1
[FEE] 136090039736951 97894 1072582041
      ✓ should mint for amount=1
[FEE] 135184129637241 97644 1068170062
      ✓ should mint for amount=1
[FEE] 134333293943186 97408 1064018777
      ✓ should mint for amount=1
[FEE] 133539366563769 97189 1060113714
      ✓ should mint for amount=1
[FEE] 132793300317757 96982 1056441086
      ✓ should mint for amount=1
[FEE] 132095820470247 96789 1052987773
      ✓ should mint for amount=1
[FEE] 131442291979184 96608 1049741306
      ✓ should mint for amount=1
[FEE] 130829581106629 96438 1046689844
      ✓ should mint for amount=1
[FEE] 130256026822450 96279 1043822155
      ✓ should mint for amount=1
[FEE] 129717367715111 96129 1041127594
      ✓ should mint for amount=1
[FEE] 129213500335210 95989 1038596079
      ✓ should mint for amount=1
[FEE] 128741709042812 95858 1036218069
      ✓ should mint for amount=1
[FEE] 128299372546057 95735 1033984540
      ✓ should mint for amount=1
[FEE] 127885295363563 95620 1031886964
      ✓ should mint for amount=1
[FEE] 127495684281452 95511 1029917284
      ✓ should mint for amount=1
[FEE] 127132163682778 95410 1028067895
      ✓ should mint for amount=1
[FEE] 126789751327097 95314 1026331619
      ✓ should mint for amount=1
[FEE] 126468863809731 95224 1024701686
      ✓ should mint for amount=1
[FEE] 126169964807299 95141 1023171712
      ✓ should mint for amount=1
[FEE] 125889590610178 95063 1021735681
      ✓ should mint for amount=1
[FEE] 125626987104471 94990 1020387926
      ✓ should mint for amount=1
[FEE] 125380125168113 94921 1019123107
      ✓ should mint for amount=1
[FEE] 125149664439100 94857 1017936199
      ✓ should mint for amount=1
[FEE] 124933663134891 94797 1016822470
      ✓ should mint for amount=1
[FEE] 124730223505515 94740 1015777467
      ✓ should mint for amount=1
[FEE] 124540119447821 94687 1014797002
      ✓ should mint for amount=1
[FEE] 124360210949590 94636 1013877135
      ✓ should mint for amount=1
[FEE] 124193963541868 94590 1013014161
      ✓ should mint for amount=1
[FEE] 124038299601560 94547 1012204597
      ✓ should mint for amount=1
[FEE] 123891488659733 94506 1011445168
      ✓ should mint for amount=1
[FEE] 123754450087653 94468 1010732797
      ✓ should mint for amount=1
[FEE] 123625505507803 94432 1010064592
      ✓ should mint for amount=1
[FEE] 123504311117634 94398 1009437836
      ✓ should mint for amount=1
[FEE] 123390544310804 94366 1008849976
      ✓ should mint for amount=1
[FEE] 123283902596714 94336 1008298615
      ✓ should mint for amount=1
[FEE] 123182795849911 94307 1007781500
      ✓ should mint for amount=1
[FEE] 123089571120741 94281 1007296518
      ✓ should mint for amount=1
[FEE] 123002671784089 94257 1006841682
      ✓ should mint for amount=1
[FEE] 122919255109233 94233 1006415129
      ✓ should mint for amount=1
[FEE] 122843016351275 94212 1006015108
      ✓ should mint for amount=1
[FEE] 122769837850534 94191 1005639976
      ✓ should mint for amount=1
[FEE] 122703438362558 94173 1005288192
      ✓ should mint for amount=1
[FEE] 122639727847400 94155 1004958308
      ✓ should mint for amount=1
[FEE] 122581143217366 94139 1004648965
      ✓ should mint for amount=1
[FEE] 122526223735036 94124 1004358890
      ✓ should mint for amount=1
[FEE] 122474821143055 94110 1004086886
      ✓ should mint for amount=1
[FEE] 122426796439585 94097 1003831830
      ✓ should mint for amount=1
[FEE] 122382019491202 94085 1003592670
      ✓ should mint for amount=1
[FEE] 122339067568339 94073 1003368417
      ✓ should mint for amount=1
[FEE] 122299127281147 94062 1003158145
      ✓ should mint for amount=1
[FEE] 122262091160041 94052 1002960984
      ✓ should mint for amount=1
[FEE] 122226558886853 94042 1002776119
      ✓ should mint for amount=1
[FEE] 122193736104220 94033 1002602784
      ✓ should mint for amount=1
[FEE] 122160935823605 94023 1002440262
      ✓ should mint for amount=1
[FEE] 122131973337116 94015 1002287879
      ✓ should mint for amount=1
[FEE] 122104172492218 94007 1002145004
      ✓ should mint for amount=1
[FEE] 122078759456714 94000 1002011044
      ✓ should mint for amount=1
[FEE] 122054367306248 93993 1001885444
      ✓ should mint for amount=1
[FEE] 122030932347346 93986 1001767683
      ✓ should mint for amount=1
[FEE] 122009693176744 93980 1001657273
      ✓ should mint for amount=1
[FEE] 121990593286817 93975 1001553755
      ✓ should mint for amount=1
[FEE] 121972281776997 93970 1001456699
      ✓ should mint for amount=1
[FEE] 121954709562723 93965 1001365703
      ✓ should mint for amount=1
[FEE] 121939128134040 93961 1001280388
      ✓ should mint for amount=1
[FEE] 121924196301454 93957 1001200400
      ✓ should mint for amount=1
[FEE] 121909873553534 93953 1001125407
      ✓ should mint for amount=1
[FEE] 121897419292286 93950 1001055097
      ✓ should mint for amount=1
[FEE] 121884202862397 93946 1000989178
      ✓ should mint for amount=1
[FEE] 121871488396054 93942 1000927376
      ✓ should mint for amount=1
[FEE] 121860541769165 93939 1000869434
      ✓ should mint for amount=1
[FEE] 121850036208998 93936 1000815111
      ✓ should mint for amount=1
[FEE] 121839944158539 93933 1000764181
      ✓ should mint for amount=1
[FEE] 121831536922686 93931 1000716433
      ✓ should mint for amount=1
[FEE] 121823492968198 93929 1000671667
      ✓ should mint for amount=1
[FEE] 121815789750143 93927 1000629698
      ✓ should mint for amount=1
[FEE] 121807109074037 93924 1000590351
      ✓ should mint for amount=1
[FEE] 121800024740615 93922 1000553462
      ✓ should mint for amount=1
[FEE] 121793221064495 93920 1000518877
      ✓ should mint for amount=1
[FEE] 121787977354911 93919 1000486453
      ✓ should mint for amount=1
[FEE] 121781683654443 93917 1000456055
      ✓ should mint for amount=1
[FEE] 121776917922487 93916 1000427556
      ✓ should mint for amount=1
[FEE] 121772369054097 93915 1000400838
      ✓ should mint for amount=1
[FEE] 121766726818708 93913 1000375789
      ✓ should mint for amount=1
[FEE] 121762571762777 93912 1000352305
      ✓ should mint for amount=1
[FEE] 121758595450323 93911 1000330289
      ✓ should mint for amount=1
[FEE] 121754786555948 93910 1000309648
      ✓ should mint for amount=1
[FEE] 121751134728461 93909 1000290297
      ✓ should mint for amount=1
[FEE] 121747630103973 93908 1000272155
      ✓ should mint for amount=1
[FEE] 121744263549291 93907 1000255147
      ✓ should mint for amount=1
[FEE] 121741026418461 93906 1000239202
      ✓ should mint for amount=1
[FEE] 121737910552738 93905 1000224253
      ✓ should mint for amount=1
[FEE] 121736204778446 93905 1000210238
      ✓ should mint for amount=1
[FEE] 121734605622655 93905 1000197099
      ✓ should mint for amount=1
[FEE] 121733106391280 93905 1000184781
      ✓ should mint for amount=1
[FEE] 121731700877080 93905 1000173233
      ✓ should mint for amount=1
[FEE] 121730383116234 93905 1000162406
      ✓ should mint for amount=1
[FEE] 121727851452451 93904 1000152256
      ✓ should mint for amount=1
[FEE] 121726693266557 93904 1000142740
      ✓ should mint for amount=1
[FEE] 121725607497709 93904 1000133819
      ✓ should mint for amount=1
[FEE] 121724589642662 93904 1000125456
      ✓ should mint for amount=1
[FEE] 121723635319880 93904 1000117615
      ✓ should mint for amount=1
[FEE] 121721444388066 93903 1000110264
      ✓ should mint for amount=1
[FEE] 121720605698070 93903 1000103373
      ✓ should mint for amount=1
[FEE] 121719819342525 93903 1000096912
      ✓ should mint for amount=1
[FEE] 121716489714135 93901 1000090855
      ✓ should mint for amount=1
[FEE] 121715798670691 93901 1000085177
      ✓ should mint for amount=1
[FEE] 121715150710971 93901 1000079853
      ✓ should mint for amount=1
[FEE] 121713247078444 93900 1000074862
      ✓ should mint for amount=1
[FEE] 121712677624792 93900 1000070183
      ✓ should mint for amount=1
[FEE] 121712143830451 93900 1000065797
      ✓ should mint for amount=1
[FEE] 121710347199408 93899 1000061685
      ✓ should mint for amount=1
[FEE] 121708581856321 93898 1000057830
      ✓ should mint for amount=1
[FEE] 121708142026941 93898 1000054216
      ✓ should mint for amount=1
[FEE] 121707729702110 93898 1000050828
      ✓ should mint for amount=1
[FEE] 121707343056306 93898 1000047651
      ✓ should mint for amount=1
[FEE] 121706980629108 93898 1000044673
      ✓ should mint for amount=1
[FEE] 121706640838398 93898 1000041881
      ✓ should mint for amount=1
[FEE] 121706322223756 93898 1000039263
      ✓ should mint for amount=1
[FEE] 121706023568167 93898 1000036809
      ✓ should mint for amount=1
[FEE] 121705743532915 93898 1000034508
      ✓ should mint for amount=1
[FEE] 121705481022685 93898 1000032351
      ✓ should mint for amount=1
[FEE] 121705234942163 93898 1000030329
      ✓ should mint for amount=1
[FEE] 121705004196036 93898 1000028433
      ✓ should mint for amount=1
[FEE] 121704787932392 93898 1000026656
      ✓ should mint for amount=1
[FEE] 121703289041545 93897 1000024990
      ✓ should mint for amount=1
[FEE] 121703098945758 93897 1000023428
      ✓ should mint for amount=1
[FEE] 121702920776596 93897 1000021964
      ✓ should mint for amount=1
[FEE] 121702753682155 93897 1000020591
      ✓ should mint for amount=1
[FEE] 121702597053936 93897 1000019304
      ✓ should mint for amount=1
[FEE] 121702450283438 93897 1000018098
      ✓ should mint for amount=1
[FEE] 121702312640457 93897 1000016967
      ✓ should mint for amount=1
[FEE] 121700887513892 93896 1000015907
      ✓ should mint for amount=1
[FEE] 121700766545134 93896 1000014913
      ✓ should mint for amount=1
[FEE] 121700653121711 93896 1000013981
      ✓ should mint for amount=1
[FEE] 121699250636154 93895 1000013107
      ✓ should mint for amount=1
[FEE] 121699150965774 93895 1000012288
      ✓ should mint for amount=1
[FEE] 121699057501975 93895 1000011520
      ✓ should mint for amount=1
[FEE] 121697673761980 93894 1000010800
      ✓ should mint for amount=1
[FEE] 121697591616937 93894 1000010125
      ✓ should mint for amount=1
[FEE] 121697514583141 93894 1000009492
      ✓ should mint for amount=1
[FEE] 121696146301981 93893 1000008899
      ✓ should mint for amount=1
[FEE] 121696078639526 93893 1000008343
      ✓ should mint for amount=1
[FEE] 121696015236398 93893 1000007822
      ✓ should mint for amount=1
[FEE] 121695955727512 93893 1000007333
      ✓ should mint for amount=1
[FEE] 121694603878576 93892 1000006875
      ✓ should mint for amount=1
[FEE] 121694551550256 93892 1000006445
      ✓ should mint for amount=1
[FEE] 121693206396152 93891 1000006042
      ✓ should mint for amount=1
[FEE] 121693160396398 93891 1000005664
      ✓ should mint for amount=1
[FEE] 121693117317263 93891 1000005310
      ✓ should mint for amount=1
[FEE] 121693076915362 93891 1000004978
      ✓ should mint for amount=1
[FEE] 121693039069004 93891 1000004667
      ✓ should mint for amount=1
[FEE] 121693003534802 93891 1000004375
      ✓ should mint for amount=1
[FEE] 121692970312758 93891 1000004102
      ✓ should mint for amount=1
[FEE] 121692939159485 93891 1000003846
      ✓ should mint for amount=1
[FEE] 121692909953292 93891 1000003606
      ✓ should mint for amount=1
[FEE] 121692882572486 93891 1000003381
      ✓ should mint for amount=1
[FEE] 121691560787581 93890 1000003170
      ✓ should mint for amount=1
[FEE] 121691536692728 93890 1000002972
      ✓ should mint for amount=1
[FEE] 121691514058169 93890 1000002786
      ✓ should mint for amount=1

·----------------------------------------|---------------------------|-------------|----------------------------·
|          [90mSolc version: 0.8.17[39m          ·  [90mOptimizer enabled: true[39m  ·  [90mRuns: 200[39m  ·  [90mBlock limit: 8000000 gas[39m  │
·········································|···························|·············|·····························
|  [32m[1mMethods[22m[39m                                                                                                      │
···················|·····················|·············|·············|·············|··············|··············
|  [1mContract[22m        ·  [1mMethod[22m             ·  [32mMin[39m        ·  [32mMax[39m        ·  [32mAvg[39m        ·  [1m# calls[22m     ·  [1musd (avg)[22m  │
···················|·····················|·············|·············|·············|··············|··············
|  [90mXPowerThorTest[39m  ·  init               ·          -  ·          -  ·      67353  ·           [90m1[39m  ·          [32m[90m-[32m[39m  │
···················|·····················|·············|·············|·············|··············|··············
|  [90mXPowerThorTest[39m  ·  mint               ·     [36m124497[39m  ·     [31m229535[39m  ·     127056  ·         [90m203[39m  ·          [32m[90m-[32m[39m  │
···················|·····················|·············|·············|·············|··············|··············
|  [90mXPowerThorTest[39m  ·  transferOwnership  ·          -  ·          -  ·      28656  ·           [90m1[39m  ·          [32m[90m-[32m[39m  │
···················|·····················|·············|·············|·············|··············|··············
|  [32m[1mDeployments[22m[39m                           ·                                         ·  [1m% of limit[22m  ·             │
·········································|·············|·············|·············|··············|··············
|  XPowerThorTest                        ·          -  ·          -  ·    3331941  ·      [90m41.6 %[39m  ·          [32m[90m-[32m[39m  │
·----------------------------------------|-------------|-------------|-------------|--------------|-------------·

  203 passing (17s)

