
> xpower@6.0.0 test-gas
> REPORT_GAS=true npm test ./test/contracts/XPower.fees.1-thor.test.js


> xpower@6.0.0 test
> hardhat test ./test/contracts/XPower.fees.1-thor.test.js


  XPowerThor
    mint
[FEE] 348784296808045 162287 1658186771
      ✓ should mint for amount=1
[FEE] 338603874438366 158012 1653339751
      ✓ should mint for amount=1
[FEE] 328233609307633 154005 1644403838
      ✓ should mint for amount=1
[FEE] 317843107637221 150248 1632166099
      ✓ should mint for amount=1
[FEE] 307563271478221 146725 1617300080
      ✓ should mint for amount=1
[FEE] 297494416403371 143422 1600380677
      ✓ should mint for amount=1
[FEE] 287712835375962 140327 1581897176
      ✓ should mint for amount=1
[FEE] 278265962225431 137425 1562264611
      ✓ should mint for amount=1
[FEE] 269191278892295 134705 1541833665
      ✓ should mint for amount=1
[FEE] 260509653091979 132155 1520899356
      ✓ should mint for amount=1
[FEE] 252232387082018 129764 1499708594
      ✓ should mint for amount=1
[FEE] 244363555137347 127522 1478466791
      ✓ should mint for amount=1
[FEE] 236901875610118 125420 1457343597
      ✓ should mint for amount=1
[FEE] 229842212426199 123450 1436477916
      ✓ should mint for amount=1
[FEE] 223173100586132 121603 1415982260
      ✓ should mint for amount=1
[FEE] 216881577111445 119871 1395946547
      ✓ should mint for amount=1
[FEE] 210953920605926 118247 1376441393
      ✓ should mint for amount=1
[FEE] 205376229652718 116725 1357520975
      ✓ should mint for amount=1
[FEE] 200131400734370 115298 1339225517
      ✓ should mint for amount=1
[FEE] 195203128252007 113960 1321583437
      ✓ should mint for amount=1
[FEE] 190574460901539 112705 1304613208
      ✓ should mint for amount=1
[FEE] 186231430409321 111529 1288324973
      ✓ should mint for amount=1
[FEE] 182158125010977 110427 1272721932
      ✓ should mint for amount=1
[FEE] 178338607096746 109394 1257801540
      ✓ should mint for amount=1
[FEE] 174757052210463 108425 1243556535
      ✓ should mint for amount=1
[FEE] 171401042333725 107517 1229975824
      ✓ should mint for amount=1
[FEE] 168255165479814 106665 1217045242
      ✓ should mint for amount=1
[FEE] 165309052634755 105867 1204748197
      ✓ should mint for amount=1
[FEE] 162546362676303 105117 1193066228
      ✓ should mint for amount=1
[FEE] 159961964903008 104416 1181979468
      ✓ should mint for amount=1
[FEE] 157540207376909 103758 1171467044
      ✓ should mint for amount=1
[FEE] 155273477348365 103142 1161507411
      ✓ should mint for amount=1
[FEE] 153149935541960 102564 1152078635
      ✓ should mint for amount=1
[FEE] 151161111251402 102022 1143158625
      ✓ should mint for amount=1
[FEE] 149298840845054 101514 1134725330
      ✓ should mint for amount=1
[FEE] 147555265279364 101038 1126756896
      ✓ should mint for amount=1
[FEE] 145922825237695 100592 1119231800
      ✓ should mint for amount=1
[FEE] 144394252799448 100174 1112128951
      ✓ should mint for amount=1
[FEE] 142961129541992 99781 1105427777
      ✓ should mint for amount=1
[FEE] 141619614425558 99413 1099108287
      ✓ should mint for amount=1
[FEE] 140363227272082 99068 1093151120
      ✓ should mint for amount=1
[FEE] 139187147038720 98745 1087537581
      ✓ should mint for amount=1
[FEE] 138085359472864 98442 1082249667
      ✓ should mint for amount=1
[FEE] 137053472482546 98158 1077270078
      ✓ should mint for amount=1
[FEE] 136085892803443 97891 1072582227
      ✓ should mint for amount=1
[FEE] 135179998659635 97641 1068170239
      ✓ should mint for amount=1
[FEE] 134330556995579 97406 1064018945
      ✓ should mint for amount=1
[FEE] 133536638557530 97187 1060113873
      ✓ should mint for amount=1
[FEE] 132791950040884 96981 1056441237
      ✓ should mint for amount=1
[FEE] 132094473627875 96788 1052987916
      ✓ should mint for amount=1
[FEE] 131439587735571 96606 1049741441
      ✓ should mint for amount=1
[FEE] 130826883868356 96436 1046689972
      ✓ should mint for amount=1
[FEE] 130253336242732 96277 1043822277
      ✓ should mint for amount=1
[FEE] 129716032758454 96128 1041127710
      ✓ should mint for amount=1
[FEE] 129213514020497 95989 1038596189
      ✓ should mint for amount=1
[FEE] 128741721963970 95858 1036218173
      ✓ should mint for amount=1
[FEE] 128299384706140 95735 1033984638
      ✓ should mint for amount=1
[FEE] 127885306765439 95620 1031887056
      ✓ should mint for amount=1
[FEE] 127495695051370 95511 1029917371
      ✓ should mint for amount=1
[FEE] 127132173823000 95410 1028067977
      ✓ should mint for amount=1
[FEE] 126791091071726 95315 1026331696
      ✓ should mint for amount=1
[FEE] 126471528935434 95226 1024701758
      ✓ should mint for amount=1
[FEE] 126172625465986 95143 1023171780
      ✓ should mint for amount=1
[FEE] 125892247169857 95065 1021735746
      ✓ should mint for amount=1
[FEE] 125629639671862 94992 1020387987
      ✓ should mint for amount=1
[FEE] 125382774082285 94923 1019123165
      ✓ should mint for amount=1
[FEE] 125152309779961 94859 1017936253
      ✓ should mint for amount=1
[FEE] 124936305215929 94799 1016822521
      ✓ should mint for amount=1
[FEE] 124734179058514 94743 1015777515
      ✓ should mint for amount=1
[FEE] 124544070816986 94690 1014797047
      ✓ should mint for amount=1
[FEE] 124365472583675 94640 1013877178
      ✓ should mint for amount=1
[FEE] 124199220454166 94594 1013014202
      ✓ should mint for amount=1
[FEE] 124042240147203 94550 1012204636
      ✓ should mint for amount=1
[FEE] 123895426005421 94509 1011445205
      ✓ should mint for amount=1
[FEE] 123758384416710 94471 1010732832
      ✓ should mint for amount=1
[FEE] 123629436992243 94435 1010064625
      ✓ should mint for amount=1
[FEE] 123508239918890 94401 1009437867
      ✓ should mint for amount=1
[FEE] 123395778154577 94370 1008850005
      ✓ should mint for amount=1
[FEE] 123289133336328 94340 1008298642
      ✓ should mint for amount=1
[FEE] 123189329974684 94312 1007781526
      ✓ should mint for amount=1
[FEE] 123096101857294 94286 1007296542
      ✓ should mint for amount=1
[FEE] 123009199450149 94262 1006841705
      ✓ should mint for amount=1
[FEE] 122927084184394 94239 1006415150
      ✓ should mint for amount=1
[FEE] 122850842192936 94218 1006015128
      ✓ should mint for amount=1
[FEE] 122777660652301 94197 1005639995
      ✓ should mint for amount=1
[FEE] 122709955348371 94178 1005288210
      ✓ should mint for amount=1
[FEE] 122646242572932 94160 1004958325
      ✓ should mint for amount=1
[FEE] 122585051557329 94142 1004648981
      ✓ should mint for amount=1
[FEE] 122528829071509 94126 1004358905
      ✓ should mint for amount=1
[FEE] 122477425652187 94112 1004086900
      ✓ should mint for amount=1
[FEE] 122429400165361 94099 1003831843
      ✓ should mint for amount=1
[FEE] 122383321714703 94086 1003592682
      ✓ should mint for amount=1
[FEE] 122340369500998 94074 1003368429
      ✓ should mint for amount=1
[FEE] 122300428941101 94063 1003158157
      ✓ should mint for amount=1
[FEE] 122263392564298 94053 1002960996
      ✓ should mint for amount=1
[FEE] 122227859929461 94043 1002776130
      ✓ should mint for amount=1
[FEE] 122195036922039 94034 1002602795
      ✓ should mint for amount=1
[FEE] 122163535575302 94025 1002440272
      ✓ should mint for amount=1
[FEE] 122134572571845 94017 1002287888
      ✓ should mint for amount=1
[FEE] 122105472350804 94008 1002145012
      ✓ should mint for amount=1
[FEE] 122078760431384 94000 1002011052
      ✓ should mint for amount=1
[FEE] 122053069733419 93992 1001885452
      ✓ should mint for amount=1
[FEE] 122030933321871 93986 1001767691
      ✓ should mint for amount=1
[FEE] 122009694029398 93980 1001657280
      ✓ should mint for amount=1
[FEE] 121990594017625 93975 1001553761
      ✓ should mint for amount=1
[FEE] 121970984516040 93969 1001456705
      ✓ should mint for amount=1
[FEE] 121954710171665 93965 1001365708
      ✓ should mint for amount=1
[FEE] 121939128742956 93961 1001280393
      ✓ should mint for amount=1
[FEE] 121924196910344 93957 1001200405
      ✓ should mint for amount=1
[FEE] 121909874162398 93953 1001125412
      ✓ should mint for amount=1
[FEE] 121894824958717 93948 1001055102
      ✓ should mint for amount=1
[FEE] 121882906085447 93945 1000989183
      ✓ should mint for amount=1
[FEE] 121871489004847 93942 1000927381
      ✓ should mint for amount=1
[FEE] 121860542377938 93939 1000869439
      ✓ should mint for amount=1
[FEE] 121850036817752 93936 1000815116
      ✓ should mint for amount=1
[FEE] 121838647673124 93932 1000764186
      ✓ should mint for amount=1
[FEE] 121828943345139 93929 1000716437
      ✓ should mint for amount=1
[FEE] 121820899506683 93927 1000671671
      ✓ should mint for amount=1
[FEE] 121813196397411 93925 1000629702
      ✓ should mint for amount=1
[FEE] 121805812570397 93923 1000590354
      ✓ should mint for amount=1
[FEE] 121797431463746 93920 1000553465
      ✓ should mint for amount=1
[FEE] 121790627877270 93918 1000518880
      ✓ should mint for amount=1
[FEE] 121784087517549 93916 1000486456
      ✓ should mint for amount=1
[FEE] 121779090630054 93915 1000456058
      ✓ should mint for amount=1
[FEE] 121774324971969 93914 1000427559
      ✓ should mint for amount=1
[FEE] 121768479549617 93912 1000400841
      ✓ should mint for amount=1
[FEE] 121764134002369 93911 1000375792
      ✓ should mint for amount=1
[FEE] 121759979007310 93910 1000352308
      ✓ should mint for amount=1
[FEE] 121756002630206 93909 1000330291
      ✓ should mint for amount=1
[FEE] 121752193789334 93908 1000309650
      ✓ should mint for amount=1
[FEE] 121748542012007 93907 1000290299
      ✓ should mint for amount=1
[FEE] 121745037434544 93906 1000272157
      ✓ should mint for amount=1
[FEE] 121741670923948 93905 1000255149
      ✓ should mint for amount=1
[FEE] 121738433712738 93904 1000239203
      ✓ should mint for amount=1
[FEE] 121736614280107 93904 1000224254
      ✓ should mint for amount=1
[FEE] 121734908523980 93904 1000210239
      ✓ should mint for amount=1
[FEE] 121730716666923 93902 1000197100
      ✓ should mint for amount=1
[FEE] 121729217483444 93902 1000184782
      ✓ should mint for amount=1
[FEE] 121727812014146 93902 1000173234
      ✓ should mint for amount=1
[FEE] 121726494295399 93902 1000162407
      ✓ should mint for amount=1
[FEE] 121723962671081 93901 1000152257
      ✓ should mint for amount=1
[FEE] 121722804522189 93901 1000142741
      ✓ should mint for amount=1
[FEE] 121720422510898 93900 1000133820
      ✓ should mint for amount=1
[FEE] 121719404577504 93900 1000125456
      ✓ should mint for amount=1
[FEE] 121718450295373 93900 1000117615
      ✓ should mint for amount=1
[FEE] 121717555648269 93900 1000110264
      ✓ should mint for amount=1
[FEE] 121716716985067 93900 1000103373
      ✓ should mint for amount=1
[FEE] 121715930654644 93900 1000096912
      ✓ should mint for amount=1
[FEE] 121715193492692 93900 1000090855
      ✓ should mint for amount=1
[FEE] 121714502456608 93900 1000085177
      ✓ should mint for amount=1
[FEE] 121711262089421 93898 1000079853
      ✓ should mint for amount=1
[FEE] 121710654677015 93898 1000074862
      ✓ should mint for amount=1
[FEE] 121710085235492 93898 1000070183
      ✓ should mint for amount=1
[FEE] 121709551452520 93898 1000065797
      ✓ should mint for amount=1
[FEE] 121709051015772 93898 1000061685
      ✓ should mint for amount=1
[FEE] 121708581856321 93898 1000057830
      ✓ should mint for amount=1
[FEE] 121708142026941 93898 1000054216
      ✓ should mint for amount=1
[FEE] 121707729702110 93898 1000050828
      ✓ should mint for amount=1
[FEE] 121707343056306 93898 1000047651
      ✓ should mint for amount=1
[FEE] 121706980629108 93898 1000044673
      ✓ should mint for amount=1
[FEE] 121706640838398 93898 1000041881
      ✓ should mint for amount=1
[FEE] 121706322223756 93898 1000039263
      ✓ should mint for amount=1
[FEE] 121706023568167 93898 1000036809
      ✓ should mint for amount=1
[FEE] 121705743532915 93898 1000034508
      ✓ should mint for amount=1
[FEE] 121705481022685 93898 1000032351
      ✓ should mint for amount=1
[FEE] 121705234942163 93898 1000030329
      ✓ should mint for amount=1
[FEE] 121705004196036 93898 1000028433
      ✓ should mint for amount=1
[FEE] 121704787932392 93898 1000026656
      ✓ should mint for amount=1
[FEE] 121704585177620 93898 1000024990
      ✓ should mint for amount=1
[FEE] 121704395079809 93898 1000023428
      ✓ should mint for amount=1
[FEE] 121704216908749 93898 1000021964
      ✓ should mint for amount=1
[FEE] 121704049812529 93898 1000020591
      ✓ should mint for amount=1
[FEE] 121703893182642 93898 1000019304
      ✓ should mint for amount=1
[FEE] 121703746410580 93898 1000018098
      ✓ should mint for amount=1
[FEE] 121703608766134 93898 1000016967
      ✓ should mint for amount=1
[FEE] 121702183638195 93897 1000015907
      ✓ should mint for amount=1
[FEE] 121700766545134 93896 1000014913
      ✓ should mint for amount=1
[FEE] 121700653121711 93896 1000013981
      ✓ should mint for amount=1
[FEE] 121700546756828 93896 1000013107
      ✓ should mint for amount=1
[FEE] 121700447085386 93896 1000012288
      ✓ should mint for amount=1
[FEE] 121700353620591 93896 1000011520
      ✓ should mint for amount=1
[FEE] 121700265997346 93896 1000010800
      ✓ should mint for amount=1
[FEE] 121700183850554 93896 1000010125
      ✓ should mint for amount=1
[FEE] 121700106815117 93896 1000009492
      ✓ should mint for amount=1
[FEE] 121700034647639 93896 1000008899
      ✓ should mint for amount=1
[FEE] 121699966983022 93896 1000008343
      ✓ should mint for amount=1
[FEE] 121699903577868 93896 1000007822
      ✓ should mint for amount=1
[FEE] 121699844067081 93896 1000007333
      ✓ should mint for amount=1
[FEE] 121699788328961 93896 1000006875
      ✓ should mint for amount=1
[FEE] 121699735998412 93896 1000006445
      ✓ should mint for amount=1
[FEE] 121699686953734 93896 1000006042
      ✓ should mint for amount=1
[FEE] 121699640951531 93896 1000005664
      ✓ should mint for amount=1
[FEE] 121698301759534 93895 1000005310
      ✓ should mint for amount=1
[FEE] 121698261355912 93895 1000004978
      ✓ should mint for amount=1
[FEE] 121696927398207 93894 1000004667
      ✓ should mint for amount=1
[FEE] 121695595753514 93893 1000004375
      ✓ should mint for amount=1
[FEE] 121695562530762 93893 1000004102
      ✓ should mint for amount=1
[FEE] 121695531376826 93893 1000003846
      ✓ should mint for amount=1
[FEE] 121695502170010 93893 1000003606
      ✓ should mint for amount=1
[FEE] 121695474788621 93893 1000003381
      ✓ should mint for amount=1
[FEE] 121695449110963 93893 1000003170
      ✓ should mint for amount=1
[FEE] 121695425015340 93893 1000002972
      ✓ should mint for amount=1
[FEE] 121695402380059 93893 1000002786
      ✓ should mint for amount=1
[FEE] 121694085098047 93892 1000002612
      ✓ should mint for amount=1

·----------------------------------------|---------------------------|-------------|----------------------------·
|          [90mSolc version: 0.8.17[39m          ·  [90mOptimizer enabled: true[39m  ·  [90mRuns: 200[39m  ·  [90mBlock limit: 8000000 gas[39m  │
·········································|···························|·············|·····························
|  [32m[1mMethods[22m[39m                                                                                                      │
···················|·····················|·············|·············|·············|··············|··············
|  [1mContract[22m        ·  [1mMethod[22m             ·  [32mMin[39m        ·  [32mMax[39m        ·  [32mAvg[39m        ·  [1m# calls[22m     ·  [1musd (avg)[22m  │
···················|·····················|·············|·············|·············|··············|··············
|  [90mXPowerThorTest[39m  ·  init               ·          -  ·          -  ·      67353  ·           [90m1[39m  ·          [32m[90m-[32m[39m  │
···················|·····················|·············|·············|·············|··············|··············
|  [90mXPowerThorTest[39m  ·  mint               ·     [36m124497[39m  ·     [31m229529[39m  ·     126987  ·         [90m204[39m  ·          [32m[90m-[32m[39m  │
···················|·····················|·············|·············|·············|··············|··············
|  [90mXPowerThorTest[39m  ·  transferOwnership  ·          -  ·          -  ·      28656  ·           [90m1[39m  ·          [32m[90m-[32m[39m  │
···················|·····················|·············|·············|·············|··············|··············
|  [32m[1mDeployments[22m[39m                           ·                                         ·  [1m% of limit[22m  ·             │
·········································|·············|·············|·············|··············|··············
|  XPowerThorTest                        ·          -  ·          -  ·    3331941  ·      [90m41.6 %[39m  ·          [32m[90m-[32m[39m  │
·----------------------------------------|-------------|-------------|-------------|--------------|-------------·

  204 passing (17s)

