
> xpower@6.0.0 test-gas
> REPORT_GAS=true npm test ./test/contracts/XPower.fees.1-thor.test.js


> xpower@6.0.0 test
> hardhat test ./test/contracts/XPower.fees.1-thor.test.js


  XPowerThor
    mint
[FEE] 348812236173851 162300 1658186771
      ✓ should mint for amount=1
[FEE] 338631735412114 158025 1653339767
      ✓ should mint for amount=1
[FEE] 328259192108901 154017 1644403873
      ✓ should mint for amount=1
[FEE] 317864272134430 150258 1632166150
      ✓ should mint for amount=1
[FEE] 307582146304327 146734 1617300128
      ✓ should mint for amount=1
[FEE] 297513092358973 143431 1600380718
      ✓ should mint for amount=1
[FEE] 287727195498327 140334 1581897220
      ✓ should mint for amount=1
[FEE] 278280142458285 137432 1562264646
      ✓ should mint for amount=1
[FEE] 269203274038852 134711 1541833693
      ✓ should mint for amount=1
[FEE] 260519512734143 132160 1520899376
      ✓ should mint for amount=1
[FEE] 252242108830496 129769 1499708611
      ✓ should mint for amount=1
[FEE] 244373138847954 127527 1478466806
      ✓ should mint for amount=1
[FEE] 236909433522184 125424 1457343612
      ✓ should mint for amount=1
[FEE] 229849661323575 123454 1436477926
      ✓ should mint for amount=1
[FEE] 223178607468907 121606 1415982267
      ✓ should mint for amount=1
[FEE] 216887005451945 119874 1395946550
      ✓ should mint for amount=1
[FEE] 210959272638212 118250 1376441393
      ✓ should mint for amount=1
[FEE] 205381507813951 116728 1357520973
      ✓ should mint for amount=1
[FEE] 200136607312545 115301 1339225512
      ✓ should mint for amount=1
[FEE] 195206552888681 113962 1321583429
      ✓ should mint for amount=1
[FEE] 190579532036607 112708 1304613197
      ✓ should mint for amount=1
[FEE] 186234768280143 111531 1288324961
      ✓ should mint for amount=1
[FEE] 182161422166366 110429 1272721918
      ✓ should mint for amount=1
[FEE] 178341865310552 109396 1257801524
      ✓ should mint for amount=1
[FEE] 174758661599639 108426 1243556518
      ✓ should mint for amount=1
[FEE] 171402633862189 107518 1229975805
      ✓ should mint for amount=1
[FEE] 168256740131633 106666 1217045222
      ✓ should mint for amount=1
[FEE] 165310611369015 105868 1204748177
      ✓ should mint for amount=1
[FEE] 162550998963980 105120 1193066208
      ✓ should mint for amount=1
[FEE] 159966558100085 104419 1181979448
      ✓ should mint for amount=1
[FEE] 157544759849953 103761 1171467025
      ✓ should mint for amount=1
[FEE] 155277991244115 103145 1161507393
      ✓ should mint for amount=1
[FEE] 153152919708775 102566 1152078618
      ✓ should mint for amount=1
[FEE] 151164072439877 102024 1143158609
      ✓ should mint for amount=1
[FEE] 149300309593127 101515 1134725315
      ✓ should mint for amount=1
[FEE] 147556723839731 101039 1126756882
      ✓ should mint for amount=1
[FEE] 145924274052851 100593 1119231786
      ✓ should mint for amount=1
[FEE] 144395692545997 100175 1112128938
      ✓ should mint for amount=1
[FEE] 142963993488074 99783 1105427765
      ✓ should mint for amount=1
[FEE] 141622461995935 99415 1099108275
      ✓ should mint for amount=1
[FEE] 140366059405613 99070 1093151108
      ✓ should mint for amount=1
[FEE] 139188555192351 98746 1087537570
      ✓ should mint for amount=1
[FEE] 138086760777130 98443 1082249656
      ✓ should mint for amount=1
[FEE] 137054867464022 98159 1077270068
      ✓ should mint for amount=1
[FEE] 136088672017083 97893 1072582218
      ✓ should mint for amount=1
[FEE] 135182766439403 97643 1068170230
      ✓ should mint for amount=1
[FEE] 134334693095938 97409 1064018936
      ✓ should mint for amount=1
[FEE] 133540759602277 97190 1060113865
      ✓ should mint for amount=1
[FEE] 132796056807416 96984 1056441229
      ✓ should mint for amount=1
[FEE] 132098567094273 96791 1052987909
      ✓ should mint for amount=1
[FEE] 131445029279273 96610 1049741435
      ✓ should mint for amount=1
[FEE] 130832309593299 96440 1046689966
      ✓ should mint for amount=1
[FEE] 130257394199700 96280 1043822271
      ✓ should mint for amount=1
[FEE] 129720080239266 96131 1041127704
      ✓ should mint for amount=1
[FEE] 129214859402367 95990 1038596183
      ✓ should mint for amount=1
[FEE] 128743064264704 95859 1036218167
      ✓ should mint for amount=1
[FEE] 128300724237021 95736 1033984633
      ✓ should mint for amount=1
[FEE] 127886643702316 95621 1031887052
      ✓ should mint for amount=1
[FEE] 127498364315591 95513 1029917367
      ✓ should mint for amount=1
[FEE] 127134838293733 95412 1028067973
      ✓ should mint for amount=1
[FEE] 126793751042151 95317 1026331692
      ✓ should mint for amount=1
[FEE] 126474184681182 95228 1024701754
      ✓ should mint for amount=1
[FEE] 126175277246144 95145 1023171776
      ✓ should mint for amount=1
[FEE] 125894895227923 95067 1021735742
      ✓ should mint for amount=1
[FEE] 125632284236635 94994 1020387983
      ✓ should mint for amount=1
[FEE] 125385415368735 94925 1019123161
      ✓ should mint for amount=1
[FEE] 125153628762045 94860 1017936250
      ✓ should mint for amount=1
[FEE] 124934986939908 94798 1016822518
      ✓ should mint for amount=1
[FEE] 124731545706965 94741 1015777513
      ✓ should mint for amount=1
[FEE] 124540124847684 94687 1014797046
      ✓ should mint for amount=1
[FEE] 124361530191175 94637 1013877177
      ✓ should mint for amount=1
[FEE] 124195281417245 94591 1013014201
      ✓ should mint for amount=1
[FEE] 124039616180341 94548 1012204635
      ✓ should mint for amount=1
[FEE] 123892804007214 94507 1011445204
      ✓ should mint for amount=1
[FEE] 123755764265171 94469 1010732831
      ✓ should mint for amount=1
[FEE] 123625509424401 94432 1010064624
      ✓ should mint for amount=1
[FEE] 123503006451983 94397 1009437866
      ✓ should mint for amount=1
[FEE] 123389240161223 94365 1008850004
      ✓ should mint for amount=1
[FEE] 123283905775715 94336 1008298641
      ✓ should mint for amount=1
[FEE] 123184105095051 94308 1007781525
      ✓ should mint for amount=1
[FEE] 123090879492053 94282 1007296541
      ✓ should mint for amount=1
[FEE] 123003979443003 94258 1006841704
      ✓ should mint for amount=1
[FEE] 122921866388715 94235 1006415149
      ✓ should mint for amount=1
[FEE] 122845626471165 94214 1006015127
      ✓ should mint for amount=1
[FEE] 122773750289105 94194 1005639994
      ✓ should mint for amount=1
[FEE] 122706046353049 94175 1005288209
      ✓ should mint for amount=1
[FEE] 122642334860329 94157 1004958324
      ✓ should mint for amount=1
[FEE] 122583749428082 94141 1004648981
      ✓ should mint for amount=1
[FEE] 122527527318231 94125 1004358905
      ✓ should mint for amount=1
[FEE] 122474822850723 94110 1004086900
      ✓ should mint for amount=1
[FEE] 122425496954907 94096 1003831843
      ✓ should mint for amount=1
[FEE] 122380720194355 94084 1003592682
      ✓ should mint for amount=1
[FEE] 122337768561960 94072 1003368429
      ✓ should mint for amount=1
[FEE] 122297828547132 94061 1003158157
      ✓ should mint for amount=1
[FEE] 122260792681412 94051 1002960996
      ✓ should mint for amount=1
[FEE] 122225260525786 94041 1002776130
      ✓ should mint for amount=1
[FEE] 122192437967684 94032 1002602795
      ✓ should mint for amount=1
[FEE] 122160937042240 94023 1002440272
      ✓ should mint for amount=1
[FEE] 122131974433794 94015 1002287888
      ✓ should mint for amount=1
[FEE] 122105472350804 94008 1002145012
      ✓ should mint for amount=1
[FEE] 122078760431384 94000 1002011052
      ✓ should mint for amount=1
[FEE] 122053069733419 93992 1001885452
      ✓ should mint for amount=1
[FEE] 122030933321871 93986 1001767691
      ✓ should mint for amount=1
[FEE] 122009694029398 93980 1001657280
      ✓ should mint for amount=1
[FEE] 121990594017625 93975 1001553761
      ✓ should mint for amount=1
[FEE] 121972282507766 93970 1001456705
      ✓ should mint for amount=1
[FEE] 121954710171665 93965 1001365708
      ✓ should mint for amount=1
[FEE] 121939128742956 93961 1001280393
      ✓ should mint for amount=1
[FEE] 121924196910344 93957 1001200405
      ✓ should mint for amount=1
[FEE] 121908576600062 93952 1001125412
      ✓ should mint for amount=1
[FEE] 121893527487510 93947 1001055102
      ✓ should mint for amount=1
[FEE] 121881608699678 93944 1000989183
      ✓ should mint for amount=1
[FEE] 121870191699179 93941 1000927381
      ✓ should mint for amount=1
[FEE] 121859245147370 93938 1000869439
      ✓ should mint for amount=1
[FEE] 121848739657592 93935 1000815116
      ✓ should mint for amount=1
[FEE] 121838647673124 93932 1000764186
      ✓ should mint for amount=1
[FEE] 121828943345139 93929 1000716437
      ✓ should mint for amount=1
[FEE] 121820899506683 93927 1000671671
      ✓ should mint for amount=1
[FEE] 121813196397411 93925 1000629702
      ✓ should mint for amount=1
[FEE] 121805812570397 93923 1000590354
      ✓ should mint for amount=1
[FEE] 121797431463746 93920 1000553465
      ✓ should mint for amount=1
[FEE] 121790627877270 93918 1000518880
      ✓ should mint for amount=1
[FEE] 121784087517549 93916 1000486456
      ✓ should mint for amount=1
[FEE] 121779090630054 93915 1000456058
      ✓ should mint for amount=1
[FEE] 121774324971969 93914 1000427559
      ✓ should mint for amount=1
[FEE] 121769776172834 93913 1000400841
      ✓ should mint for amount=1
[FEE] 121765430593120 93912 1000375792
      ✓ should mint for amount=1
[FEE] 121761275567623 93911 1000352308
      ✓ should mint for amount=1
[FEE] 121756002630206 93909 1000330291
      ✓ should mint for amount=1
[FEE] 121752193789334 93908 1000309650
      ✓ should mint for amount=1
[FEE] 121748542012007 93907 1000290299
      ✓ should mint for amount=1
[FEE] 121745037434544 93906 1000272157
      ✓ should mint for amount=1
[FEE] 121741670923948 93905 1000255149
      ✓ should mint for amount=1
[FEE] 121738433712738 93904 1000239203
      ✓ should mint for amount=1
[FEE] 121734021491423 93902 1000224254
      ✓ should mint for amount=1
[FEE] 121732315771626 93902 1000210239
      ✓ should mint for amount=1
[FEE] 121730716666923 93902 1000197100
      ✓ should mint for amount=1
[FEE] 121729217483444 93902 1000184782
      ✓ should mint for amount=1
[FEE] 121726515685932 93901 1000173234
      ✓ should mint for amount=1
[FEE] 121723901667036 93900 1000162407
      ✓ should mint for amount=1
[FEE] 121721370069029 93899 1000152257
      ✓ should mint for amount=1
[FEE] 121718915656111 93898 1000142741
      ✓ should mint for amount=1
[FEE] 121717829956638 93898 1000133820
      ✓ should mint for amount=1
[FEE] 121716812044925 93898 1000125456
      ✓ should mint for amount=1
[FEE] 121715857783120 93898 1000117615
      ✓ should mint for amount=1
[FEE] 121714963155071 93898 1000110264
      ✓ should mint for amount=1
[FEE] 121714124509732 93898 1000103373
      ✓ should mint for amount=1
[FEE] 121713338196057 93898 1000096912
      ✓ should mint for amount=1
[FEE] 121712601049806 93898 1000090855
      ✓ should mint for amount=1
[FEE] 121711910028440 93898 1000085177
      ✓ should mint for amount=1
[FEE] 121711262089421 93898 1000079853
      ✓ should mint for amount=1
[FEE] 121710654677015 93898 1000074862
      ✓ should mint for amount=1
[FEE] 121710085235492 93898 1000070183
      ✓ should mint for amount=1
[FEE] 121709551452520 93898 1000065797
      ✓ should mint for amount=1
[FEE] 121709051015772 93898 1000061685
      ✓ should mint for amount=1
[FEE] 121707285677681 93897 1000057830
      ✓ should mint for amount=1
[FEE] 121706845852986 93897 1000054216
      ✓ should mint for amount=1
[FEE] 121706433532547 93897 1000050828
      ✓ should mint for amount=1
[FEE] 121706046890860 93897 1000047651
      ✓ should mint for amount=1
[FEE] 121704388305935 93896 1000044673
      ✓ should mint for amount=1
[FEE] 121702752364495 93895 1000041881
      ✓ should mint for amount=1
[FEE] 121702433760033 93895 1000039263
      ✓ should mint for amount=1
[FEE] 121702135113986 93895 1000036809
      ✓ should mint for amount=1
[FEE] 121701855087681 93895 1000034508
      ✓ should mint for amount=1
[FEE] 121701592585838 93895 1000032351
      ✓ should mint for amount=1
[FEE] 121701346513178 93895 1000030329
      ✓ should mint for amount=1
[FEE] 121701115774423 93895 1000028433
      ✓ should mint for amount=1
[FEE] 121700899517689 93895 1000026656
      ✓ should mint for amount=1
[FEE] 121700696769395 93895 1000024990
      ✓ should mint for amount=1
[FEE] 121699210543607 93894 1000023428
      ✓ should mint for amount=1
[FEE] 121699032380136 93894 1000021964
      ✓ should mint for amount=1
[FEE] 121698865291035 93894 1000020591
      ✓ should mint for amount=1
[FEE] 121697412539115 93893 1000019304
      ✓ should mint for amount=1
[FEE] 121697265774868 93893 1000018098
      ✓ should mint for amount=1
[FEE] 121697128137752 93893 1000016967
      ✓ should mint for amount=1
[FEE] 121696999140985 93893 1000015907
      ✓ should mint for amount=1
[FEE] 121696878176092 93893 1000014913
      ✓ should mint for amount=1
[FEE] 121696764756293 93893 1000013981
      ✓ should mint for amount=1
[FEE] 121696658394807 93893 1000013107
      ✓ should mint for amount=1
[FEE] 121695262606938 93892 1000012288
      ✓ should mint for amount=1
[FEE] 121695169146125 93892 1000011520
      ✓ should mint for amount=1
[FEE] 121695081526613 93892 1000010800
      ✓ should mint for amount=1
[FEE] 121693703266511 93891 1000010125
      ✓ should mint for amount=1
[FEE] 121693626235177 93891 1000009492
      ✓ should mint for amount=1
[FEE] 121692257956322 93890 1000008899
      ✓ should mint for amount=1
[FEE] 121692190296029 93890 1000008343
      ✓ should mint for amount=1
[FEE] 121692126894927 93890 1000007822
      ✓ should mint for amount=1
[FEE] 121692067387942 93890 1000007333
      ✓ should mint for amount=1
[FEE] 121692011653384 93890 1000006875
      ✓ should mint for amount=1
[FEE] 121691959326179 93890 1000006445
      ✓ should mint for amount=1
[FEE] 121691910284635 93890 1000006042
      ✓ should mint for amount=1
[FEE] 121691864285371 93890 1000005664
      ✓ should mint for amount=1
[FEE] 121691821206695 93890 1000005310
      ✓ should mint for amount=1
[FEE] 121690484695088 93889 1000004978
      ✓ should mint for amount=1
[FEE] 121689150739801 93888 1000004667
      ✓ should mint for amount=1
[FEE] 121690411316091 93889 1000004375
      ✓ should mint for amount=1
[FEE] 121691674203756 93890 1000004102
      ✓ should mint for amount=1
[FEE] 121691643050815 93890 1000003846
      ✓ should mint for amount=1
[FEE] 121691613844933 93890 1000003606
      ✓ should mint for amount=1
[FEE] 121691586464419 93890 1000003381
      ✓ should mint for amount=1
[FEE] 121690264679786 93889 1000003170
      ✓ should mint for amount=1
[FEE] 121691536692728 93890 1000002972
      ✓ should mint for amount=1
[FEE] 121691514058169 93890 1000002786
      ✓ should mint for amount=1
[FEE] 121690196776834 93889 1000002612
      ✓ should mint for amount=1
[FEE] 121690176941384 93889 1000002449
      ✓ should mint for amount=1
[FEE] 121691454429494 93890 1000002296
      ✓ should mint for amount=1
[FEE] 121691437027656 93890 1000002153
      ✓ should mint for amount=1
[FEE] 121691420599347 93890 1000002018
      ✓ should mint for amount=1
[FEE] 121691405266259 93890 1000001892
      ✓ should mint for amount=1
[FEE] 121691390906700 93890 1000001774
      ✓ should mint for amount=1

·----------------------------------------|---------------------------|-------------|----------------------------·
|          [90mSolc version: 0.8.17[39m          ·  [90mOptimizer enabled: true[39m  ·  [90mRuns: 200[39m  ·  [90mBlock limit: 8000000 gas[39m  │
·········································|···························|·············|·····························
|  [32m[1mMethods[22m[39m                                                                                                      │
···················|·····················|·············|·············|·············|··············|··············
|  [1mContract[22m        ·  [1mMethod[22m             ·  [32mMin[39m        ·  [32mMax[39m        ·  [32mAvg[39m        ·  [1m# calls[22m     ·  [1musd (avg)[22m  │
···················|·····················|·············|·············|·············|··············|··············
|  [90mXPowerThorTest[39m  ·  init               ·          -  ·          -  ·      67353  ·           [90m1[39m  ·          [32m[90m-[32m[39m  │
···················|·····················|·············|·············|·············|··············|··············
|  [90mXPowerThorTest[39m  ·  mint               ·     [36m124509[39m  ·     [31m229542[39m  ·     127062  ·         [90m210[39m  ·          [32m[90m-[32m[39m  │
···················|·····················|·············|·············|·············|··············|··············
|  [90mXPowerThorTest[39m  ·  transferOwnership  ·          -  ·          -  ·      28656  ·           [90m1[39m  ·          [32m[90m-[32m[39m  │
···················|·····················|·············|·············|·············|··············|··············
|  [32m[1mDeployments[22m[39m                           ·                                         ·  [1m% of limit[22m  ·             │
·········································|·············|·············|·············|··············|··············
|  XPowerThorTest                        ·          -  ·          -  ·    3331941  ·      [90m41.6 %[39m  ·          [32m[90m-[32m[39m  │
·----------------------------------------|-------------|-------------|-------------|--------------|-------------·

  210 passing (17s)

