
> xpower@6.0.0 test-gas
> REPORT_GAS=true npm test ./test/contracts/XPower.fees.1-thor.test.js


> xpower@6.0.0 test
> hardhat test ./test/contracts/XPower.fees.1-thor.test.js


  XPowerThor
    mint
[FEE] 348784296808045 162287 1658186771
      ✓ should mint for amount=1
[FEE] 338606014061291 158013 1653339735
      ✓ should mint for amount=1
[FEE] 328235733240022 154006 1644403801
      ✓ should mint for amount=1
[FEE] 317845210435728 150249 1632166034
      ✓ should mint for amount=1
[FEE] 307567445218415 146727 1617299982
      ✓ should mint for amount=1
[FEE] 297500616874011 143425 1600380557
      ✓ should mint for amount=1
[FEE] 287718961366376 140330 1581897039
      ✓ should mint for amount=1
[FEE] 278269983974488 137427 1562264454
      ✓ should mint for amount=1
[FEE] 269193244445117 134706 1541833477
      ✓ should mint for amount=1
[FEE] 260509615922791 132155 1520899139
      ✓ should mint for amount=1
[FEE] 252232346380619 129764 1499708352
      ✓ should mint for amount=1
[FEE] 244363511172406 127522 1478466525
      ✓ should mint for amount=1
[FEE] 236901829118723 125420 1457343311
      ✓ should mint for amount=1
[FEE] 229842163784983 123450 1436477612
      ✓ should mint for amount=1
[FEE] 223173050466122 121603 1415981942
      ✓ should mint for amount=1
[FEE] 216881525840914 119871 1395946217
      ✓ should mint for amount=1
[FEE] 210955652660982 118248 1376441054
      ✓ should mint for amount=1
[FEE] 205377937097241 116726 1357520631
      ✓ should mint for amount=1
[FEE] 200133084654007 115299 1339225170
      ✓ should mint for amount=1
[FEE] 195204789612031 113961 1321583088
      ✓ should mint for amount=1
[FEE] 190577791893688 112707 1304612860
      ✓ should mint for amount=1
[FEE] 186234720143082 111531 1288324628
      ✓ should mint for amount=1
[FEE] 182161375363695 110429 1272721591
      ✓ should mint for amount=1
[FEE] 178340189697437 109395 1257801204
      ✓ should mint for amount=1
[FEE] 174757005695019 108425 1243556204
      ✓ should mint for amount=1
[FEE] 171400996904589 107517 1229975498
      ✓ should mint for amount=1
[FEE] 168256698656575 106666 1217044922
      ✓ should mint for amount=1
[FEE] 165310571439187 105868 1204747886
      ✓ should mint for amount=1
[FEE] 162550960542489 105120 1193065926
      ✓ should mint for amount=1
[FEE] 159963457217722 104417 1181979175
      ✓ should mint for amount=1
[FEE] 157540169184269 103758 1171466760
      ✓ should mint for amount=1
[FEE] 155273440585616 103142 1161507136
      ✓ should mint for amount=1
[FEE] 153149900181628 102564 1152078369
      ✓ should mint for amount=1
[FEE] 151161077400243 102022 1143158369
      ✓ should mint for amount=1
[FEE] 149298808346605 101514 1134725083
      ✓ should mint for amount=1
[FEE] 147555234242857 101038 1126756659
      ✓ should mint for amount=1
[FEE] 145921344871423 100591 1119231572
      ✓ should mint for amount=1
[FEE] 144389900192776 100171 1112128733
      ✓ should mint for amount=1
[FEE] 142958237015259 99779 1105427568
      ✓ should mint for amount=1
[FEE] 141616739539563 99411 1099108087
      ✓ should mint for amount=1
[FEE] 140360368944929 99066 1093150928
      ✓ should mint for amount=1
[FEE] 139184304495233 98743 1087537398
      ✓ should mint for amount=1
[FEE] 138082531729322 98440 1082249492
      ✓ should mint for amount=1
[FEE] 137050658729310 98156 1077269911
      ✓ should mint for amount=1
[FEE] 136084482452447 97890 1072582068
      ✓ should mint for amount=1
[FEE] 135178594964414 97640 1068170087
      ✓ should mint for amount=1
[FEE] 134330538689580 97406 1064018800
      ✓ should mint for amount=1
[FEE] 133535247283083 97186 1060113736
      ✓ should mint for amount=1
[FEE] 132790564443006 96980 1056441107
      ✓ should mint for amount=1
[FEE] 132091728635141 96786 1052987793
      ✓ should mint for amount=1
[FEE] 131438212637449 96605 1049741325
      ✓ should mint for amount=1
[FEE] 130825513500752 96435 1046689862
      ✓ should mint for amount=1
[FEE] 130251970238546 96276 1043822172
      ✓ should mint for amount=1
[FEE] 129713321480604 96126 1041127610
      ✓ should mint for amount=1
[FEE] 129210809944935 95987 1038596094
      ✓ should mint for amount=1
[FEE] 128737681643969 95855 1036218083
      ✓ should mint for amount=1
[FEE] 128295353705559 95732 1033984553
      ✓ should mint for amount=1
[FEE] 127879947120714 95616 1031886976
      ✓ should mint for amount=1
[FEE] 127493016007752 95509 1029917296
      ✓ should mint for amount=1
[FEE] 127129500077848 95408 1028067906
      ✓ should mint for amount=1
[FEE] 126788422330258 95313 1026331629
      ✓ should mint for amount=1
[FEE] 126470193040156 95225 1024701695
      ✓ should mint for amount=1
[FEE] 126171292053751 95142 1023171721
      ✓ should mint for amount=1
[FEE] 125890915994475 95064 1021735690
      ✓ should mint for amount=1
[FEE] 125628310617968 94991 1020387934
      ✓ should mint for amount=1
[FEE] 125382767930783 94923 1019123115
      ✓ should mint for amount=1
[FEE] 125152304001447 94859 1017936206
      ✓ should mint for amount=1
[FEE] 124936299686809 94799 1016822476
      ✓ should mint for amount=1
[FEE] 124732857348125 94742 1015777473
      ✓ should mint for amount=1
[FEE] 124542750748450 94689 1014797008
      ✓ should mint for amount=1
[FEE] 124362839865337 94638 1013877141
      ✓ should mint for amount=1
[FEE] 124196590220249 94592 1013014167
      ✓ should mint for amount=1
[FEE] 124040924181049 94549 1012204603
      ✓ should mint for amount=1
[FEE] 123894111270306 94508 1011445174
      ✓ should mint for amount=1
[FEE] 123757070851317 94470 1010732803
      ✓ should mint for amount=1
[FEE] 123628124539061 94434 1010064598
      ✓ should mint for amount=1
[FEE] 123506928401594 94400 1009437841
      ✓ should mint for amount=1
[FEE] 123394467644880 94369 1008849981
      ✓ should mint for amount=1
[FEE] 123287823664460 94339 1008298619
      ✓ should mint for amount=1
[FEE] 123186714906802 94310 1007781504
      ✓ should mint for amount=1
[FEE] 123093488169535 94284 1007296521
      ✓ should mint for amount=1
[FEE] 123005282093027 94259 1006841685
      ✓ should mint for amount=1
[FEE] 122923168608586 94236 1006415131
      ✓ should mint for amount=1
[FEE] 122846928295168 94215 1006015110
      ✓ should mint for amount=1
[FEE] 122775051749424 94195 1005639978
      ✓ should mint for amount=1
[FEE] 122707347479873 94176 1005288194
      ✓ should mint for amount=1
[FEE] 122643635681977 94158 1004958310
      ✓ should mint for amount=1
[FEE] 122583747719851 94141 1004648967
      ✓ should mint for amount=1
[FEE] 122528827363551 94126 1004358891
      ✓ should mint for amount=1
[FEE] 122474821265031 94110 1004086887
      ✓ should mint for amount=1
[FEE] 122425495491409 94096 1003831831
      ✓ should mint for amount=1
[FEE] 122378117332667 94082 1003592671
      ✓ should mint for amount=1
[FEE] 122335166281754 94070 1003368418
      ✓ should mint for amount=1
[FEE] 122295226812151 94059 1003158146
      ✓ should mint for amount=1
[FEE] 122258191457656 94049 1002960985
      ✓ should mint for amount=1
[FEE] 122222659903267 94039 1002776120
      ✓ should mint for amount=1
[FEE] 122189837794602 94030 1002602785
      ✓ should mint for amount=1
[FEE] 122159636678949 94022 1002440263
      ✓ should mint for amount=1
[FEE] 122130674389954 94014 1002287880
      ✓ should mint for amount=1
[FEE] 122102873730226 94006 1002145005
      ✓ should mint for amount=1
[FEE] 122077460868340 93999 1002011045
      ✓ should mint for amount=1
[FEE] 122054367428073 93993 1001885445
      ✓ should mint for amount=1
[FEE] 122032230863949 93987 1001767684
      ✓ should mint for amount=1
[FEE] 122010991550236 93981 1001657274
      ✓ should mint for amount=1
[FEE] 121990593408618 93975 1001553756
      ✓ should mint for amount=1
[FEE] 121972281898792 93970 1001456700
      ✓ should mint for amount=1
[FEE] 121954709684512 93965 1001365704
      ✓ should mint for amount=1
[FEE] 121939128255824 93961 1001280389
      ✓ should mint for amount=1
[FEE] 121924196423232 93957 1001200401
      ✓ should mint for amount=1
[FEE] 121909873675307 93953 1001125408
      ✓ should mint for amount=1
[FEE] 121896121942853 93949 1001055098
      ✓ should mint for amount=1
[FEE] 121884202984161 93946 1000989179
      ✓ should mint for amount=1
[FEE] 121872785823475 93943 1000927377
      ✓ should mint for amount=1
[FEE] 121860541890919 93939 1000869435
      ✓ should mint for amount=1
[FEE] 121850036330749 93936 1000815112
      ✓ should mint for amount=1
[FEE] 121839944280286 93933 1000764182
      ✓ should mint for amount=1
[FEE] 121828942979914 93929 1000716434
      ✓ should mint for amount=1
[FEE] 121820899141466 93927 1000671668
      ✓ should mint for amount=1
[FEE] 121813196032201 93925 1000629699
      ✓ should mint for amount=1
[FEE] 121805812326929 93923 1000590352
      ✓ should mint for amount=1
[FEE] 121798728041317 93921 1000553463
      ✓ should mint for amount=1
[FEE] 121790627633815 93918 1000518878
      ✓ should mint for amount=1
[FEE] 121785384008279 93917 1000486454
      ✓ should mint for amount=1
[FEE] 121780387081388 93916 1000456056
      ✓ should mint for amount=1
[FEE] 121775621386368 93915 1000427557
      ✓ should mint for amount=1
[FEE] 121771072552607 93914 1000400839
      ✓ should mint for amount=1
[FEE] 121765430349680 93912 1000375790
      ✓ should mint for amount=1
[FEE] 121761275324186 93911 1000352306
      ✓ should mint for amount=1
[FEE] 121757299040266 93910 1000330290
      ✓ should mint for amount=1
[FEE] 121753490172642 93909 1000309649
      ✓ should mint for amount=1
[FEE] 121748541890293 93907 1000290298
      ✓ should mint for amount=1
[FEE] 121745037312832 93906 1000272156
      ✓ should mint for amount=1
[FEE] 121741670802237 93905 1000255148
      ✓ should mint for amount=1
[FEE] 121739730126456 93905 1000239203
      ✓ should mint for amount=1
[FEE] 121736614280107 93904 1000224254
      ✓ should mint for amount=1
[FEE] 121734908523980 93904 1000210239
      ✓ should mint for amount=1
[FEE] 121730716666923 93902 1000197100
      ✓ should mint for amount=1
[FEE] 121729217483444 93902 1000184782
      ✓ should mint for amount=1
[FEE] 121727812014146 93902 1000173234
      ✓ should mint for amount=1
[FEE] 121725197981218 93901 1000162407
      ✓ should mint for amount=1
[FEE] 121723962671081 93901 1000152257
      ✓ should mint for amount=1
[FEE] 121721508233496 93900 1000142741
      ✓ should mint for amount=1
[FEE] 121720422510898 93900 1000133820
      ✓ should mint for amount=1
[FEE] 121719404577504 93900 1000125456
      ✓ should mint for amount=1
[FEE] 121718450295373 93900 1000117615
      ✓ should mint for amount=1
[FEE] 121717555648269 93900 1000110264
      ✓ should mint for amount=1
[FEE] 121715420747400 93899 1000103373
      ✓ should mint for amount=1
[FEE] 121714634425351 93899 1000096912
      ✓ should mint for amount=1
[FEE] 121713897271249 93899 1000090855
      ✓ should mint for amount=1
[FEE] 121713206242524 93899 1000085177
      ✓ should mint for amount=1
[FEE] 121712558296604 93899 1000079853
      ✓ should mint for amount=1
[FEE] 121711950877730 93899 1000074862
      ✓ should mint for amount=1
[FEE] 121710085235492 93898 1000070183
      ✓ should mint for amount=1
[FEE] 121709551452520 93898 1000065797
      ✓ should mint for amount=1
[FEE] 121707754832136 93897 1000061685
      ✓ should mint for amount=1
[FEE] 121707285677681 93897 1000057830
      ✓ should mint for amount=1
[FEE] 121706845852986 93897 1000054216
      ✓ should mint for amount=1
[FEE] 121706433532547 93897 1000050828
      ✓ should mint for amount=1
[FEE] 121706046890860 93897 1000047651
      ✓ should mint for amount=1
[FEE] 121704388305935 93896 1000044673
      ✓ should mint for amount=1
[FEE] 121704048522462 93896 1000041881
      ✓ should mint for amount=1
[FEE] 121703729914607 93896 1000039263
      ✓ should mint for amount=1
[FEE] 121703431265380 93896 1000036809
      ✓ should mint for amount=1
[FEE] 121703151236092 93896 1000034508
      ✓ should mint for amount=1
[FEE] 121702888731453 93896 1000032351
      ✓ should mint for amount=1
[FEE] 121702642656173 93896 1000030329
      ✓ should mint for amount=1
[FEE] 121701115774423 93895 1000028433
      ✓ should mint for amount=1
[FEE] 121700899517689 93895 1000026656
      ✓ should mint for amount=1
[FEE] 121699400633320 93894 1000024990
      ✓ should mint for amount=1
[FEE] 121697914409556 93893 1000023428
      ✓ should mint for amount=1
[FEE] 121697736247983 93893 1000021964
      ✓ should mint for amount=1
[FEE] 121697569160661 93893 1000020591
      ✓ should mint for amount=1
[FEE] 121697412539115 93893 1000019304
      ✓ should mint for amount=1
[FEE] 121697265774868 93893 1000018098
      ✓ should mint for amount=1
[FEE] 121695832012075 93892 1000016967
      ✓ should mint for amount=1
[FEE] 121695703016682 93892 1000015907
      ✓ should mint for amount=1
[FEE] 121694285930063 93891 1000014913
      ✓ should mint for amount=1
[FEE] 121694172512680 93891 1000013981
      ✓ should mint for amount=1
[FEE] 121692770032787 93890 1000013107
      ✓ should mint for amount=1
[FEE] 121692670367714 93890 1000012288
      ✓ should mint for amount=1
[FEE] 121692576908892 93890 1000011520
      ✓ should mint for amount=1
[FEE] 121692489291246 93890 1000010800
      ✓ should mint for amount=1
[FEE] 121692407149703 93890 1000010125
      ✓ should mint for amount=1
[FEE] 121691034003201 93889 1000009492
      ✓ should mint for amount=1
[FEE] 121689665725883 93888 1000008899
      ✓ should mint for amount=1
[FEE] 121690894181530 93889 1000008343
      ✓ should mint for amount=1
[FEE] 121692126894927 93890 1000007822
      ✓ should mint for amount=1
[FEE] 121690771274752 93889 1000007333
      ✓ should mint for amount=1
[FEE] 121690715540788 93889 1000006875
      ✓ should mint for amount=1
[FEE] 121689367102101 93888 1000006445
      ✓ should mint for amount=1
[FEE] 121690614173119 93889 1000006042
      ✓ should mint for amount=1
[FEE] 121691864285371 93890 1000005664
      ✓ should mint for amount=1
[FEE] 121690525096127 93889 1000005310
      ✓ should mint for amount=1
[FEE] 121690484695088 93889 1000004978
      ✓ should mint for amount=1
[FEE] 121690446849535 93889 1000004667
      ✓ should mint for amount=1
[FEE] 121689115206735 93888 1000004375
      ✓ should mint for amount=1
[FEE] 121687785876750 93887 1000004102
      ✓ should mint for amount=1
[FEE] 121686458616134 93886 1000003846
      ✓ should mint for amount=1
[FEE] 121686429411496 93886 1000003606
      ✓ should mint for amount=1
[FEE] 121687698140216 93887 1000003381
      ✓ should mint for amount=1
[FEE] 121688968571992 93888 1000003170
      ✓ should mint for amount=1
[FEE] 121687648370116 93887 1000002972
      ✓ should mint for amount=1
[FEE] 121688921843577 93888 1000002786
      ✓ should mint for amount=1
[FEE] 121688900669763 93888 1000002612
      ✓ should mint for amount=1
[FEE] 121688880834524 93888 1000002449
      ✓ should mint for amount=1
[FEE] 121687566109510 93887 1000002296
      ✓ should mint for amount=1
[FEE] 121687548708228 93887 1000002153
      ✓ should mint for amount=1
[FEE] 121688828386745 93888 1000002018
      ✓ should mint for amount=1
[FEE] 121690109160121 93889 1000001892
      ✓ should mint for amount=1
[FEE] 121688798694731 93888 1000001774
      ✓ should mint for amount=1
[FEE] 121687489081457 93887 1000001663
      ✓ should mint for amount=1
[FEE] 121688772531685 93888 1000001559
      ✓ should mint for amount=1

·----------------------------------------|---------------------------|-------------|----------------------------·
|          [90mSolc version: 0.8.17[39m          ·  [90mOptimizer enabled: true[39m  ·  [90mRuns: 200[39m  ·  [90mBlock limit: 8000000 gas[39m  │
·········································|···························|·············|·····························
|  [32m[1mMethods[22m[39m                                                                                                      │
···················|·····················|·············|·············|·············|··············|··············
|  [1mContract[22m        ·  [1mMethod[22m             ·  [32mMin[39m        ·  [32mMax[39m        ·  [32mAvg[39m        ·  [1m# calls[22m     ·  [1musd (avg)[22m  │
···················|·····················|·············|·············|·············|··············|··············
|  [90mXPowerThorTest[39m  ·  init               ·          -  ·          -  ·      67353  ·           [90m1[39m  ·          [32m[90m-[32m[39m  │
···················|·····················|·············|·············|·············|··············|··············
|  [90mXPowerThorTest[39m  ·  mint               ·     [36m124484[39m  ·     [31m229517[39m  ·     127211  ·         [90m212[39m  ·          [32m[90m-[32m[39m  │
···················|·····················|·············|·············|·············|··············|··············
|  [90mXPowerThorTest[39m  ·  transferOwnership  ·          -  ·          -  ·      28656  ·           [90m1[39m  ·          [32m[90m-[32m[39m  │
···················|·····················|·············|·············|·············|··············|··············
|  [32m[1mDeployments[22m[39m                           ·                                         ·  [1m% of limit[22m  ·             │
·········································|·············|·············|·············|··············|··············
|  XPowerThorTest                        ·          -  ·          -  ·    3331941  ·      [90m41.6 %[39m  ·          [32m[90m-[32m[39m  │
·----------------------------------------|-------------|-------------|-------------|--------------|-------------·

  212 passing (18s)

