
> xpower@6.0.0 test-gas
> REPORT_GAS=true npm test ./test/contracts/XPower.fees.1-thor.test.js


> xpower@6.0.0 test
> hardhat test ./test/contracts/XPower.fees.1-thor.test.js


  XPowerThor
    mint
[FEE] 348822982083776 162305 1658186771
      ✓ should mint for amount=1
[FEE] 338642451344703 158030 1653339774
      ✓ should mint for amount=1
[FEE] 328267719776108 154021 1644403885
      ✓ should mint for amount=1
[FEE] 317872736102985 150262 1632166161
      ✓ should mint for amount=1
[FEE] 307592629149499 146739 1617300138
      ✓ should mint for amount=1
[FEE] 297523468861128 143436 1600380746
      ✓ should mint for amount=1
[FEE] 287739505500512 140340 1581897265
      ✓ should mint for amount=1
[FEE] 278290278499864 137437 1562264712
      ✓ should mint for amount=1
[FEE] 269211281512548 134715 1541833773
      ✓ should mint for amount=1
[FEE] 260527413295429 132164 1520899467
      ✓ should mint for amount=1
[FEE] 252247956983866 129772 1499708711
      ✓ should mint for amount=1
[FEE] 244375072780207 127528 1478466913
      ✓ should mint for amount=1
[FEE] 236913228165807 125426 1457343716
      ✓ should mint for amount=1
[FEE] 229851539788999 123455 1436478030
      ✓ should mint for amount=1
[FEE] 223180458963116 121607 1415982370
      ✓ should mint for amount=1
[FEE] 216887021299597 119874 1395946652
      ✓ should mint for amount=1
[FEE] 210959287658110 118250 1376441491
      ✓ should mint for amount=1
[FEE] 205381522186652 116728 1357521068
      ✓ should mint for amount=1
[FEE] 200136621210656 115301 1339225605
      ✓ should mint for amount=1
[FEE] 195208279091542 113963 1321583519
      ✓ should mint for amount=1
[FEE] 190581235951926 112709 1304613286
      ✓ should mint for amount=1
[FEE] 186236450659335 111532 1288325048
      ✓ should mint for amount=1
[FEE] 182163084055005 110430 1272722004
      ✓ should mint for amount=1
[FEE] 178343507462091 109397 1257801608
      ✓ should mint for amount=1
[FEE] 174761896539259 108428 1243556599
      ✓ should mint for amount=1
[FEE] 171405833223745 107520 1229975884
      ✓ should mint for amount=1
[FEE] 168258328055544 106667 1217045298
      ✓ should mint for amount=1
[FEE] 165312182864423 105869 1204748250
      ✓ should mint for amount=1
[FEE] 162549462163629 105119 1193066278
      ✓ should mint for amount=1
[FEE] 159965035199715 104418 1181979515
      ✓ should mint for amount=1
[FEE] 157541731636889 103759 1171467088
      ✓ should mint for amount=1
[FEE] 155273482829357 103142 1161507452
      ✓ should mint for amount=1
[FEE] 153148447380022 102563 1152078673
      ✓ should mint for amount=1
[FEE] 151159634227338 102021 1143158660
      ✓ should mint for amount=1
[FEE] 149297374333656 101513 1134725362
      ✓ should mint for amount=1
[FEE] 147553808814231 101037 1126756926
      ✓ should mint for amount=1
[FEE] 145921378117396 100591 1119231827
      ✓ should mint for amount=1
[FEE] 144392814610881 100173 1112128976
      ✓ should mint for amount=1
[FEE] 142959699767456 99780 1105427800
      ✓ should mint for amount=1
[FEE] 141618192573070 99412 1099108308
      ✓ should mint for amount=1
[FEE] 140361812874508 99067 1093151139
      ✓ should mint for amount=1
[FEE] 139185739780938 98744 1087537599
      ✓ should mint for amount=1
[FEE] 138082556098715 98440 1082249683
      ✓ should mint for amount=1
[FEE] 137050681883414 98156 1077270093
      ✓ should mint for amount=1
[FEE] 136083114224128 97889 1072582241
      ✓ should mint for amount=1
[FEE] 135177231386022 97639 1068170252
      ✓ should mint for amount=1
[FEE] 134329179431667 97405 1064018957
      ✓ should mint for amount=1
[FEE] 133535265925627 97186 1060113884
      ✓ should mint for amount=1
[FEE] 132790582040465 96980 1056441247
      ✓ should mint for amount=1
[FEE] 132093110100816 96787 1052987926
      ✓ should mint for amount=1
[FEE] 131439588862473 96606 1049741450
      ✓ should mint for amount=1
[FEE] 130825528249543 96435 1046689980
      ✓ should mint for amount=1
[FEE] 130251984214318 96276 1043822284
      ✓ should mint for amount=1
[FEE] 129714684096536 96127 1041127716
      ✓ should mint for amount=1
[FEE] 129210822385846 95987 1038596194
      ✓ should mint for amount=1
[FEE] 128737693322343 95855 1036218177
      ✓ should mint for amount=1
[FEE] 128296704899860 95733 1033984642
      ✓ should mint for amount=1
[FEE] 127882632395930 95618 1031887060
      ✓ should mint for amount=1
[FEE] 127494360666833 95510 1029917375
      ✓ should mint for amount=1
[FEE] 127130841834946 95409 1028067981
      ✓ should mint for amount=1
[FEE] 126788431101281 95313 1026331700
      ✓ should mint for amount=1
[FEE] 126470201309395 95225 1024701762
      ✓ should mint for amount=1
[FEE] 126171299822526 95142 1023171784
      ✓ should mint for amount=1
[FEE] 125890923264030 95064 1021735749
      ✓ should mint for amount=1
[FEE] 125628317512586 94991 1020387990
      ✓ should mint for amount=1
[FEE] 125382774451375 94923 1019123168
      ✓ should mint for amount=1
[FEE] 125150990797869 94858 1017936256
      ✓ should mint for amount=1
[FEE] 124934987554248 94798 1016822523
      ✓ should mint for amount=1
[FEE] 124731546198141 94741 1015777517
      ✓ should mint for amount=1
[FEE] 124541440498052 94688 1014797049
      ✓ should mint for amount=1
[FEE] 124364158739052 94639 1013877180
      ✓ should mint for amount=1
[FEE] 124197907727930 94593 1013014204
      ✓ should mint for amount=1
[FEE] 124039616547973 94548 1012204638
      ✓ should mint for amount=1
[FEE] 123891493436826 94506 1011445207
      ✓ should mint for amount=1
[FEE] 123754454617945 94468 1010732834
      ✓ should mint for amount=1
[FEE] 123625509791582 94432 1010064627
      ✓ should mint for amount=1
[FEE] 123505623491313 94399 1009437869
      ✓ should mint for amount=1
[FEE] 123391855676568 94367 1008850007
      ✓ should mint for amount=1
[FEE] 123286519861699 94338 1008298644
      ✓ should mint for amount=1
[FEE] 123186717840455 94310 1007781528
      ✓ should mint for amount=1
[FEE] 123093490980177 94284 1007296544
      ✓ should mint for amount=1
[FEE] 123006589752002 94260 1006841707
      ✓ should mint for amount=1
[FEE] 122924475591906 94237 1006415152
      ✓ should mint for amount=1
[FEE] 122846930615303 94215 1006015129
      ✓ should mint for amount=1
[FEE] 122775053946980 94195 1005639996
      ✓ should mint for amount=1
[FEE] 122707349432863 94176 1005288210
      ✓ should mint for amount=1
[FEE] 122642334982366 94157 1004958325
      ✓ should mint for amount=1
[FEE] 122583749428082 94141 1004648981
      ✓ should mint for amount=1
[FEE] 122528829071509 94126 1004358905
      ✓ should mint for amount=1
[FEE] 122476124251455 94111 1004086900
      ✓ should mint for amount=1
[FEE] 122426798025058 94097 1003831843
      ✓ should mint for amount=1
[FEE] 122382020954529 94085 1003592682
      ✓ should mint for amount=1
[FEE] 122337768561960 94072 1003368429
      ✓ should mint for amount=1
[FEE] 122297828425219 94061 1003158156
      ✓ should mint for amount=1
[FEE] 122260792559512 94051 1002960995
      ✓ should mint for amount=1
[FEE] 122225260403899 94041 1002776129
      ✓ should mint for amount=1
[FEE] 122191138368632 94031 1002602794
      ✓ should mint for amount=1
[FEE] 122160936920377 94023 1002440271
      ✓ should mint for amount=1
[FEE] 122131974311941 94015 1002287887
      ✓ should mint for amount=1
[FEE] 122105472228959 94008 1002145011
      ✓ should mint for amount=1
[FEE] 122078760309551 94000 1002011051
      ✓ should mint for amount=1
[FEE] 122055666706446 93994 1001885451
      ✓ should mint for amount=1
[FEE] 122033529989646 93988 1001767690
      ✓ should mint for amount=1
[FEE] 122012290410972 93982 1001657279
      ✓ should mint for amount=1
[FEE] 121993190130862 93977 1001553760
      ✓ should mint for amount=1
[FEE] 121973580377696 93971 1001456704
      ✓ should mint for amount=1
[FEE] 121956007923660 93966 1001365707
      ✓ should mint for amount=1
[FEE] 121939128621173 93961 1001280392
      ✓ should mint for amount=1
[FEE] 121924196788566 93957 1001200404
      ✓ should mint for amount=1
[FEE] 121909874040625 93953 1001125411
      ✓ should mint for amount=1
[FEE] 121894824836950 93948 1001055101
      ✓ should mint for amount=1
[FEE] 121882905963684 93945 1000989182
      ✓ should mint for amount=1
[FEE] 121871488883088 93942 1000927380
      ✓ should mint for amount=1
[FEE] 121860542256183 93939 1000869438
      ✓ should mint for amount=1
[FEE] 121848739535843 93935 1000815115
      ✓ should mint for amount=1
[FEE] 121838647551378 93932 1000764185
      ✓ should mint for amount=1
[FEE] 121830240255659 93930 1000716436
      ✓ should mint for amount=1
[FEE] 121822196359183 93928 1000671670
      ✓ should mint for amount=1
[FEE] 121814493195518 93926 1000629701
      ✓ should mint for amount=1
[FEE] 121807109317507 93924 1000590353
      ✓ should mint for amount=1
[FEE] 121800024984080 93922 1000553464
      ✓ should mint for amount=1
[FEE] 121793221307955 93920 1000518879
      ✓ should mint for amount=1
[FEE] 121787977598369 93919 1000486455
      ✓ should mint for amount=1
[FEE] 121782980592678 93918 1000456057
      ✓ should mint for amount=1
[FEE] 121778214823781 93917 1000427558
      ✓ should mint for amount=1
[FEE] 121773665920760 93916 1000400840
      ✓ should mint for amount=1
[FEE] 121769320243649 93915 1000375791
      ✓ should mint for amount=1
[FEE] 121765165126840 93914 1000352307
      ✓ should mint for amount=1
[FEE] 121761188635593 93913 1000330290
      ✓ should mint for amount=1
[FEE] 121757379687710 93912 1000309649
      ✓ should mint for amount=1
[FEE] 121753727810060 93911 1000290298
      ✓ should mint for amount=1
[FEE] 121750223138543 93910 1000272156
      ✓ should mint for amount=1
[FEE] 121746856539772 93909 1000255148
      ✓ should mint for amount=1
[FEE] 121743619367608 93908 1000239203
      ✓ should mint for amount=1
[FEE] 121740503463132 93907 1000224254
      ✓ should mint for amount=1
[FEE] 121737501276334 93906 1000210239
      ✓ should mint for amount=1
[FEE] 121734605744366 93905 1000197100
      ✓ should mint for amount=1
[FEE] 121733106512991 93905 1000184782
      ✓ should mint for amount=1
[FEE] 121731700998790 93905 1000173234
      ✓ should mint for amount=1
[FEE] 121729086923763 93904 1000162407
      ✓ should mint for amount=1
[FEE] 121725258972107 93902 1000152257
      ✓ should mint for amount=1
[FEE] 121724100810881 93902 1000142741
      ✓ should mint for amount=1
[FEE] 121723015065158 93902 1000133820
      ✓ should mint for amount=1
[FEE] 121721997110083 93902 1000125456
      ✓ should mint for amount=1
[FEE] 121721042807627 93902 1000117615
      ✓ should mint for amount=1
[FEE] 121720148141467 93902 1000110264
      ✓ should mint for amount=1
[FEE] 121719309460403 93902 1000103373
      ✓ should mint for amount=1
[FEE] 121715930654644 93900 1000096912
      ✓ should mint for amount=1
[FEE] 121712601049806 93898 1000090855
      ✓ should mint for amount=1
[FEE] 121711910028440 93898 1000085177
      ✓ should mint for amount=1
[FEE] 121709965882238 93897 1000079853
      ✓ should mint for amount=1
[FEE] 121709358476301 93897 1000074862
      ✓ should mint for amount=1
[FEE] 121708789040842 93897 1000070183
      ✓ should mint for amount=1
[FEE] 121708255263555 93897 1000065797
      ✓ should mint for amount=1
[FEE] 121707754832136 93897 1000061685
      ✓ should mint for amount=1
[FEE] 121705989499042 93896 1000057830
      ✓ should mint for amount=1
[FEE] 121705549679031 93896 1000054216
      ✓ should mint for amount=1
[FEE] 121705137362983 93896 1000050828
      ✓ should mint for amount=1
[FEE] 121704750725413 93896 1000047651
      ✓ should mint for amount=1
[FEE] 121704388305935 93896 1000044673
      ✓ should mint for amount=1
[FEE] 121702752364495 93895 1000041881
      ✓ should mint for amount=1
[FEE] 121702433760033 93895 1000039263
      ✓ should mint for amount=1
[FEE] 121702135113986 93895 1000036809
      ✓ should mint for amount=1
[FEE] 121700558939269 93894 1000034508
      ✓ should mint for amount=1
[FEE] 121700296440222 93894 1000032351
      ✓ should mint for amount=1
[FEE] 121698754227188 93893 1000030329
      ✓ should mint for amount=1
[FEE] 121698523493348 93893 1000028433
      ✓ should mint for amount=1
[FEE] 121698307241220 93893 1000026656
      ✓ should mint for amount=1
[FEE] 121698104497245 93893 1000024990
      ✓ should mint for amount=1
[FEE] 121697914409556 93893 1000023428
      ✓ should mint for amount=1
[FEE] 121697736247983 93893 1000021964
      ✓ should mint for amount=1
[FEE] 121697569160661 93893 1000020591
      ✓ should mint for amount=1
[FEE] 121697412539115 93893 1000019304
      ✓ should mint for amount=1
[FEE] 121697265774868 93893 1000018098
      ✓ should mint for amount=1
[FEE] 121697128137752 93893 1000016967
      ✓ should mint for amount=1
[FEE] 121696999140985 93893 1000015907
      ✓ should mint for amount=1
[FEE] 121696878176092 93893 1000014913
      ✓ should mint for amount=1
[FEE] 121696764756293 93893 1000013981
      ✓ should mint for amount=1
[FEE] 121696658394807 93893 1000013107
      ✓ should mint for amount=1
[FEE] 121696558726550 93893 1000012288
      ✓ should mint for amount=1
[FEE] 121695169146125 93892 1000011520
      ✓ should mint for amount=1
[FEE] 121693785408929 93891 1000010800
      ✓ should mint for amount=1
[FEE] 121693703266511 93891 1000010125
      ✓ should mint for amount=1
[FEE] 121693626235177 93891 1000009492
      ✓ should mint for amount=1
[FEE] 121693554071542 93891 1000008899
      ✓ should mint for amount=1
[FEE] 121693486410528 93891 1000008343
      ✓ should mint for amount=1
[FEE] 121693423008750 93891 1000007822
      ✓ should mint for amount=1
[FEE] 121692067387942 93890 1000007333
      ✓ should mint for amount=1
[FEE] 121692011653384 93890 1000006875
      ✓ should mint for amount=1
[FEE] 121691959326179 93890 1000006445
      ✓ should mint for amount=1
[FEE] 121690614173119 93889 1000006042
      ✓ should mint for amount=1
[FEE] 121690568174345 93889 1000005664
      ✓ should mint for amount=1
[FEE] 121689228985560 93888 1000005310
      ✓ should mint for amount=1
[FEE] 121689188584950 93888 1000004978
      ✓ should mint for amount=1
[FEE] 121687854630067 93887 1000004667
      ✓ should mint for amount=1
[FEE] 121686522988023 93886 1000004375
      ✓ should mint for amount=1
[FEE] 121687785876750 93887 1000004102
      ✓ should mint for amount=1
[FEE] 121687754724804 93887 1000003846
      ✓ should mint for amount=1
[FEE] 121689021628215 93888 1000003606
      ✓ should mint for amount=1
[FEE] 121688994248283 93888 1000003381
      ✓ should mint for amount=1
[FEE] 121690264679786 93889 1000003170
      ✓ should mint for amount=1
[FEE] 121688944477653 93888 1000002972
      ✓ should mint for amount=1
[FEE] 121690217950873 93889 1000002786
      ✓ should mint for amount=1
[FEE] 121691492883905 93890 1000002612
      ✓ should mint for amount=1
[FEE] 121691473048243 93890 1000002449
      ✓ should mint for amount=1
[FEE] 121690158322832 93889 1000002296
      ✓ should mint for amount=1
[FEE] 121691437027656 93890 1000002153
      ✓ should mint for amount=1
[FEE] 121691420599347 93890 1000002018
      ✓ should mint for amount=1
[FEE] 121691405266259 93890 1000001892
      ✓ should mint for amount=1
[FEE] 121691390906700 93890 1000001774
      ✓ should mint for amount=1
[FEE] 121691377398980 93890 1000001663
      ✓ should mint for amount=1
[FEE] 121691364743098 93890 1000001559
      ✓ should mint for amount=1
[FEE] 121691352939054 93890 1000001462
      ✓ should mint for amount=1
[FEE] 121691341865157 93890 1000001371
      ✓ should mint for amount=1
[FEE] 121690035294365 93889 1000001285
      ✓ should mint for amount=1
[FEE] 121690025559174 93889 1000001205
      ✓ should mint for amount=1
[FEE] 121691312537584 93890 1000001130
      ✓ should mint for amount=1
[FEE] 121691303897510 93890 1000001059
      ✓ should mint for amount=1
[FEE] 121689999760920 93889 1000000993
      ✓ should mint for amount=1
[FEE] 121689992216148 93889 1000000931
      ✓ should mint for amount=1

·----------------------------------------|---------------------------|-------------|----------------------------·
|          [90mSolc version: 0.8.17[39m          ·  [90mOptimizer enabled: true[39m  ·  [90mRuns: 200[39m  ·  [90mBlock limit: 8000000 gas[39m  │
·········································|···························|·············|·····························
|  [32m[1mMethods[22m[39m                                                                                                      │
···················|·····················|·············|·············|·············|··············|··············
|  [1mContract[22m        ·  [1mMethod[22m             ·  [32mMin[39m        ·  [32mMax[39m        ·  [32mAvg[39m        ·  [1m# calls[22m     ·  [1musd (avg)[22m  │
···················|·····················|·············|·············|·············|··············|··············
|  [90mXPowerThorTest[39m  ·  init               ·          -  ·          -  ·      67353  ·           [90m1[39m  ·          [32m[90m-[32m[39m  │
···················|·····················|·············|·············|·············|··············|··············
|  [90mXPowerThorTest[39m  ·  mint               ·     [36m124496[39m  ·     [31m229547[39m  ·     127061  ·         [90m220[39m  ·          [32m[90m-[32m[39m  │
···················|·····················|·············|·············|·············|··············|··············
|  [90mXPowerThorTest[39m  ·  transferOwnership  ·          -  ·          -  ·      28656  ·           [90m1[39m  ·          [32m[90m-[32m[39m  │
···················|·····················|·············|·············|·············|··············|··············
|  [32m[1mDeployments[22m[39m                           ·                                         ·  [1m% of limit[22m  ·             │
·········································|·············|·············|·············|··············|··············
|  XPowerThorTest                        ·          -  ·          -  ·    3331941  ·      [90m41.6 %[39m  ·          [32m[90m-[32m[39m  │
·----------------------------------------|-------------|-------------|-------------|--------------|-------------·

  220 passing (19s)

