
> xpower@6.0.0 test-gas
> REPORT_GAS=true npm test ./test/contracts/XPower.fees.1-thor.test.js


> xpower@6.0.0 test
> hardhat test ./test/contracts/XPower.fees.1-thor.test.js


  XPowerThor
    mint
[FEE] 348822982083776 162305 1658186771
      ✓ should mint for amount=1
[FEE] 338642451344703 158030 1653339774
      ✓ should mint for amount=1
[FEE] 328267719776108 154021 1644403885
      ✓ should mint for amount=1
[FEE] 317874851559562 150263 1632166161
      ✓ should mint for amount=1
[FEE] 307594727620451 146740 1617300150
      ✓ should mint for amount=1
[FEE] 297525547024605 143437 1600380767
      ✓ should mint for amount=1
[FEE] 287739510775472 140340 1581897294
      ✓ should mint for amount=1
[FEE] 278290284734505 137437 1562264747
      ✓ should mint for amount=1
[FEE] 269211289020546 134715 1541833816
      ✓ should mint for amount=1
[FEE] 260527421689043 132164 1520899516
      ✓ should mint for amount=1
[FEE] 252247965898358 129772 1499708764
      ✓ should mint for amount=1
[FEE] 244378914529395 127530 1478466969
      ✓ should mint for amount=1
[FEE] 236917016632398 125428 1457343782
      ✓ should mint for amount=1
[FEE] 229855275118890 123457 1436478103
      ✓ should mint for amount=1
[FEE] 223185977194935 121610 1415982449
      ✓ should mint for amount=1
[FEE] 216894271517441 119878 1395946736
      ✓ should mint for amount=1
[FEE] 210966437342648 118254 1376441580
      ✓ should mint for amount=1
[FEE] 205388574209489 116732 1357521161
      ✓ should mint for amount=1
[FEE] 200140107107826 115303 1339225701
      ✓ should mint for amount=1
[FEE] 195210006033182 113964 1321583614
      ✓ should mint for amount=1
[FEE] 190582940159644 112710 1304613377
      ✓ should mint for amount=1
[FEE] 186239802841708 111534 1288325135
      ✓ should mint for amount=1
[FEE] 182166395237396 110432 1272722088
      ✓ should mint for amount=1
[FEE] 178346779429878 109399 1257801689
      ✓ should mint for amount=1
[FEE] 174765131057690 108430 1243556677
      ✓ should mint for amount=1
[FEE] 171409032028272 107522 1229975959
      ✓ should mint for amount=1
[FEE] 168263070398875 106670 1217045371
      ✓ should mint for amount=1
[FEE] 165316877043061 105872 1204748321
      ✓ should mint for amount=1
[FEE] 162554110577610 105122 1193066347
      ✓ should mint for amount=1
[FEE] 159968108068110 104420 1181979581
      ✓ should mint for amount=1
[FEE] 157546295272443 103762 1171467152
      ✓ should mint for amount=1
[FEE] 155278007420195 103145 1161507514
      ✓ should mint for amount=1
[FEE] 153154428209926 102567 1152078733
      ✓ should mint for amount=1
[FEE] 151165568637811 102025 1143158719
      ✓ should mint for amount=1
[FEE] 149301793998617 101516 1134725419
      ✓ should mint for amount=1
[FEE] 147556736673519 101039 1126756980
      ✓ should mint for amount=1
[FEE] 145922835537531 100592 1119231879
      ✓ should mint for amount=1
[FEE] 144394262537140 100174 1112129026
      ✓ should mint for amount=1
[FEE] 142962571473283 99782 1105427848
      ✓ should mint for amount=1
[FEE] 141621047616867 99414 1099108354
      ✓ should mint for amount=1
[FEE] 140364652198711 99069 1093151183
      ✓ should mint for amount=1
[FEE] 139187154717746 98745 1087537641
      ✓ should mint for amount=1
[FEE] 138085366617962 98442 1082249723
      ✓ should mint for amount=1
[FEE] 137052082971575 98157 1077270131
      ✓ should mint for amount=1
[FEE] 136084508969445 97890 1072582277
      ✓ should mint for amount=1
[FEE] 135178620148175 97640 1068170286
      ✓ should mint for amount=1
[FEE] 134330562550504 97406 1064018989
      ✓ should mint for amount=1
[FEE] 133536643848036 97187 1060113915
      ✓ should mint for amount=1
[FEE] 132791954943084 96981 1056441276
      ✓ should mint for amount=1
[FEE] 132094478269425 96788 1052987953
      ✓ should mint for amount=1
[FEE] 131440952691765 96607 1049741476
      ✓ should mint for amount=1
[FEE] 130829601230606 96438 1046690005
      ✓ should mint for amount=1
[FEE] 130256045914947 96279 1043822308
      ✓ should mint for amount=1
[FEE] 129718735190617 96130 1041127739
      ✓ should mint for amount=1
[FEE] 129214863507996 95990 1038596216
      ✓ should mint for amount=1
[FEE] 128743068116243 95859 1036218198
      ✓ should mint for amount=1
[FEE] 128299387684120 95735 1033984662
      ✓ should mint for amount=1
[FEE] 127885309615908 95620 1031887079
      ✓ should mint for amount=1
[FEE] 127497032654526 95512 1029917393
      ✓ should mint for amount=1
[FEE] 127132176419887 95410 1028067998
      ✓ should mint for amount=1
[FEE] 126791093542489 95315 1026331716
      ✓ should mint for amount=1
[FEE] 126471531280466 95226 1024701777
      ✓ should mint for amount=1
[FEE] 126172627685659 95143 1023171798
      ✓ should mint for amount=1
[FEE] 125892249141283 95065 1021735762
      ✓ should mint for amount=1
[FEE] 125628318990005 94991 1020388002
      ✓ should mint for amount=1
[FEE] 125382775804706 94923 1019123179
      ✓ should mint for amount=1
[FEE] 125152311501221 94859 1017936267
      ✓ should mint for amount=1
[FEE] 124936306813230 94799 1016822534
      ✓ should mint for amount=1
[FEE] 124734180654872 94743 1015777528
      ✓ should mint for amount=1
[FEE] 124544072412451 94690 1014797060
      ✓ should mint for amount=1
[FEE] 124365474055634 94640 1013877190
      ✓ should mint for amount=1
[FEE] 124196595859897 94592 1013014213
      ✓ should mint for amount=1
[FEE] 124039617528325 94548 1012204646
      ✓ should mint for amount=1
[FEE] 123892805232123 94507 1011445214
      ✓ should mint for amount=1
[FEE] 123755765367146 94469 1010732840
      ✓ should mint for amount=1
[FEE] 123626819552042 94433 1010064632
      ✓ should mint for amount=1
[FEE] 123506932316864 94400 1009437873
      ✓ should mint for amount=1
[FEE] 123391856165805 94367 1008850011
      ✓ should mint for amount=1
[FEE] 123286520350787 94338 1008298648
      ✓ should mint for amount=1
[FEE] 123186718207162 94310 1007781531
      ✓ should mint for amount=1
[FEE] 123093491346782 94284 1007296547
      ✓ should mint for amount=1
[FEE] 123006589996343 94260 1006841709
      ✓ should mint for amount=1
[FEE] 122924475836187 94237 1006415154
      ✓ should mint for amount=1
[FEE] 122845626959609 94214 1006015131
      ✓ should mint for amount=1
[FEE] 122773750777446 94194 1005639998
      ✓ should mint for amount=1
[FEE] 122704743761474 94174 1005288212
      ✓ should mint for amount=1
[FEE] 122642335104403 94157 1004958326
      ✓ should mint for amount=1
[FEE] 122583749550099 94141 1004648982
      ✓ should mint for amount=1
[FEE] 122527527440227 94125 1004358906
      ✓ should mint for amount=1
[FEE] 122474822972700 94110 1004086901
      ✓ should mint for amount=1
[FEE] 122425497076865 94096 1003831844
      ✓ should mint for amount=1
[FEE] 122380720316298 94084 1003592683
      ✓ should mint for amount=1
[FEE] 122337768683887 94072 1003368430
      ✓ should mint for amount=1
[FEE] 122296528350148 94060 1003158157
      ✓ should mint for amount=1
[FEE] 122259492739969 94050 1002960996
      ✓ should mint for amount=1
[FEE] 122223960823948 94040 1002776130
      ✓ should mint for amount=1
[FEE] 122191138368632 94031 1002602794
      ✓ should mint for amount=1
[FEE] 122160936920377 94023 1002440271
      ✓ should mint for amount=1
[FEE] 122131974311941 94015 1002287887
      ✓ should mint for amount=1
[FEE] 122104173345117 94007 1002145011
      ✓ should mint for amount=1
[FEE] 122078760309551 94000 1002011051
      ✓ should mint for amount=1
[FEE] 122053069611595 93992 1001885451
      ✓ should mint for amount=1
[FEE] 122030933200056 93986 1001767690
      ✓ should mint for amount=1
[FEE] 122009693907591 93980 1001657279
      ✓ should mint for amount=1
[FEE] 121990593895823 93975 1001553760
      ✓ should mint for amount=1
[FEE] 121972282385971 93970 1001456704
      ✓ should mint for amount=1
[FEE] 121953412176094 93964 1001365707
      ✓ should mint for amount=1
[FEE] 121937830857967 93960 1001280392
      ✓ should mint for amount=1
[FEE] 121922899129033 93956 1001200404
      ✓ should mint for amount=1
[FEE] 121908576478291 93952 1001125411
      ✓ should mint for amount=1
[FEE] 121893527365745 93947 1001055101
      ✓ should mint for amount=1
[FEE] 121881608577917 93944 1000989182
      ✓ should mint for amount=1
[FEE] 121870191577422 93941 1000927380
      ✓ should mint for amount=1
[FEE] 121859245025616 93938 1000869438
      ✓ should mint for amount=1
[FEE] 121848739535843 93935 1000815115
      ✓ should mint for amount=1
[FEE] 121839944645526 93933 1000764185
      ✓ should mint for amount=1
[FEE] 121830240255659 93930 1000716436
      ✓ should mint for amount=1
[FEE] 121822196359183 93928 1000671670
      ✓ should mint for amount=1
[FEE] 121813196275674 93925 1000629701
      ✓ should mint for amount=1
[FEE] 121805812448663 93923 1000590353
      ✓ should mint for amount=1
[FEE] 121797431342016 93920 1000553464
      ✓ should mint for amount=1
[FEE] 121791924531749 93919 1000518879
      ✓ should mint for amount=1
[FEE] 121786680864187 93918 1000486455
      ✓ should mint for amount=1
[FEE] 121780387203113 93916 1000456057
      ✓ should mint for amount=1
[FEE] 121775621508091 93915 1000427558
      ✓ should mint for amount=1
[FEE] 121771072674329 93914 1000400840
      ✓ should mint for amount=1
[FEE] 121766727062150 93913 1000375791
      ✓ should mint for amount=1
[FEE] 121762572006216 93912 1000352307
      ✓ should mint for amount=1
[FEE] 121758595572041 93911 1000330290
      ✓ should mint for amount=1
[FEE] 121753490172642 93909 1000309649
      ✓ should mint for amount=1
[FEE] 121749838370235 93908 1000290298
      ✓ should mint for amount=1
[FEE] 121746333769260 93907 1000272156
      ✓ should mint for amount=1
[FEE] 121742967236621 93906 1000255148
      ✓ should mint for amount=1
[FEE] 121739730126456 93905 1000239203
      ✓ should mint for amount=1
[FEE] 121737910674448 93905 1000224254
      ✓ should mint for amount=1
[FEE] 121733612147803 93903 1000210239
      ✓ should mint for amount=1
[FEE] 121730716666923 93902 1000197100
      ✓ should mint for amount=1
[FEE] 121727921140262 93901 1000184782
      ✓ should mint for amount=1
[FEE] 121725219357717 93900 1000173234
      ✓ should mint for amount=1
[FEE] 121723901667036 93900 1000162407
      ✓ should mint for amount=1
[FEE] 121720073768002 93898 1000152257
      ✓ should mint for amount=1
[FEE] 121718915656111 93898 1000142741
      ✓ should mint for amount=1
[FEE] 121717829956638 93898 1000133820
      ✓ should mint for amount=1
[FEE] 121716812044925 93898 1000125456
      ✓ should mint for amount=1
[FEE] 121715857783120 93898 1000117615
      ✓ should mint for amount=1
[FEE] 121713666908472 93897 1000110264
      ✓ should mint for amount=1
[FEE] 121712828272065 93897 1000103373
      ✓ should mint for amount=1
[FEE] 121710745737471 93896 1000096912
      ✓ should mint for amount=1
[FEE] 121710008606920 93896 1000090855
      ✓ should mint for amount=1
[FEE] 121709317600273 93896 1000085177
      ✓ should mint for amount=1
[FEE] 121708669675054 93896 1000079853
      ✓ should mint for amount=1
[FEE] 121708062275587 93896 1000074862
      ✓ should mint for amount=1
[FEE] 121707492846192 93896 1000070183
      ✓ should mint for amount=1
[FEE] 121706959074590 93896 1000065797
      ✓ should mint for amount=1
[FEE] 121705162464865 93895 1000061685
      ✓ should mint for amount=1
[FEE] 121704693320403 93895 1000057830
      ✓ should mint for amount=1
[FEE] 121704253505076 93895 1000054216
      ✓ should mint for amount=1
[FEE] 121703841193419 93895 1000050828
      ✓ should mint for amount=1
[FEE] 121702158394521 93894 1000047651
      ✓ should mint for amount=1
[FEE] 121701795982763 93894 1000044673
      ✓ should mint for amount=1
[FEE] 121701456206527 93894 1000041881
      ✓ should mint for amount=1
[FEE] 121701137605458 93894 1000039263
      ✓ should mint for amount=1
[FEE] 121700838962592 93894 1000036809
      ✓ should mint for amount=1
[FEE] 121700558939269 93894 1000034508
      ✓ should mint for amount=1
[FEE] 121700296440222 93894 1000032351
      ✓ should mint for amount=1
[FEE] 121698754227188 93893 1000030329
      ✓ should mint for amount=1
[FEE] 121698523493348 93893 1000028433
      ✓ should mint for amount=1
[FEE] 121698307241220 93893 1000026656
      ✓ should mint for amount=1
[FEE] 121696808361170 93892 1000024990
      ✓ should mint for amount=1
[FEE] 121695322141455 93891 1000023428
      ✓ should mint for amount=1
[FEE] 121693847851524 93890 1000021964
      ✓ should mint for amount=1
[FEE] 121692384639167 93889 1000020591
      ✓ should mint for amount=1
[FEE] 121690931895588 93888 1000019304
      ✓ should mint for amount=1
[FEE] 121692081266299 93889 1000018098
      ✓ should mint for amount=1
[FEE] 121693239760722 93890 1000016967
      ✓ should mint for amount=1
[FEE] 121693110768077 93890 1000015907
      ✓ should mint for amount=1
[FEE] 121691693684035 93889 1000014913
      ✓ should mint for amount=1
[FEE] 121692876390874 93890 1000013981
      ✓ should mint for amount=1
[FEE] 121692770032787 93890 1000013107
      ✓ should mint for amount=1
[FEE] 121692670367714 93890 1000012288
      ✓ should mint for amount=1
[FEE] 121692576908892 93890 1000011520
      ✓ should mint for amount=1
[FEE] 121692489291246 93890 1000010800
      ✓ should mint for amount=1
[FEE] 121692407149703 93890 1000010125
      ✓ should mint for amount=1
[FEE] 121692330119189 93890 1000009492
      ✓ should mint for amount=1
[FEE] 121692257956322 93890 1000008899
      ✓ should mint for amount=1
[FEE] 121692190296029 93890 1000008343
      ✓ should mint for amount=1
[FEE] 121692126894927 93890 1000007822
      ✓ should mint for amount=1
[FEE] 121692067387942 93890 1000007333
      ✓ should mint for amount=1
[FEE] 121692011653384 93890 1000006875
      ✓ should mint for amount=1
[FEE] 121691959326179 93890 1000006445
      ✓ should mint for amount=1
[FEE] 121691910284635 93890 1000006042
      ✓ should mint for amount=1
[FEE] 121691864285371 93890 1000005664
      ✓ should mint for amount=1
[FEE] 121691821206695 93890 1000005310
      ✓ should mint for amount=1
[FEE] 121690484695088 93889 1000004978
      ✓ should mint for amount=1
[FEE] 121691742959270 93890 1000004667
      ✓ should mint for amount=1
[FEE] 121691707425446 93890 1000004375
      ✓ should mint for amount=1
[FEE] 121691674203756 93890 1000004102
      ✓ should mint for amount=1
[FEE] 121690346942145 93889 1000003846
      ✓ should mint for amount=1
[FEE] 121691613844933 93890 1000003606
      ✓ should mint for amount=1
[FEE] 121691586464419 93890 1000003381
      ✓ should mint for amount=1
[FEE] 121691560787581 93890 1000003170
      ✓ should mint for amount=1
[FEE] 121691536692728 93890 1000002972
      ✓ should mint for amount=1
[FEE] 121690217950873 93889 1000002786
      ✓ should mint for amount=1
[FEE] 121691492883905 93890 1000002612
      ✓ should mint for amount=1
[FEE] 121691473048243 93890 1000002449
      ✓ should mint for amount=1
[FEE] 121691454429494 93890 1000002296
      ✓ should mint for amount=1
[FEE] 121691437027656 93890 1000002153
      ✓ should mint for amount=1
[FEE] 121691420599347 93890 1000002018
      ✓ should mint for amount=1
[FEE] 121691405266259 93890 1000001892
      ✓ should mint for amount=1
[FEE] 121691390906700 93890 1000001774
      ✓ should mint for amount=1
[FEE] 121691377398980 93890 1000001663
      ✓ should mint for amount=1
[FEE] 121691364743098 93890 1000001559
      ✓ should mint for amount=1
[FEE] 121691352939054 93890 1000001462
      ✓ should mint for amount=1
[FEE] 121691341865157 93890 1000001371
      ✓ should mint for amount=1
[FEE] 121690035294365 93889 1000001285
      ✓ should mint for amount=1
[FEE] 121690025559174 93889 1000001205
      ✓ should mint for amount=1
[FEE] 121691312537584 93890 1000001130
      ✓ should mint for amount=1
[FEE] 121691303897510 93890 1000001059
      ✓ should mint for amount=1
[FEE] 121691295865893 93890 1000000993
      ✓ should mint for amount=1
[FEE] 121691288321040 93890 1000000931
      ✓ should mint for amount=1
[FEE] 121691281262952 93890 1000000873
      ✓ should mint for amount=1

·----------------------------------------|---------------------------|-------------|----------------------------·
|          [90mSolc version: 0.8.17[39m          ·  [90mOptimizer enabled: true[39m  ·  [90mRuns: 200[39m  ·  [90mBlock limit: 8000000 gas[39m  │
·········································|···························|·············|·····························
|  [32m[1mMethods[22m[39m                                                                                                      │
···················|·····················|·············|·············|·············|··············|··············
|  [1mContract[22m        ·  [1mMethod[22m             ·  [32mMin[39m        ·  [32mMax[39m        ·  [32mAvg[39m        ·  [1m# calls[22m     ·  [1musd (avg)[22m  │
···················|·····················|·············|·············|·············|··············|··············
|  [90mXPowerThorTest[39m  ·  init               ·          -  ·          -  ·      67353  ·           [90m1[39m  ·          [32m[90m-[32m[39m  │
···················|·····················|·············|·············|·············|··············|··············
|  [90mXPowerThorTest[39m  ·  mint               ·     [36m124509[39m  ·     [31m229547[39m  ·     127011  ·         [90m221[39m  ·          [32m[90m-[32m[39m  │
···················|·····················|·············|·············|·············|··············|··············
|  [90mXPowerThorTest[39m  ·  transferOwnership  ·          -  ·          -  ·      28656  ·           [90m1[39m  ·          [32m[90m-[32m[39m  │
···················|·····················|·············|·············|·············|··············|··············
|  [32m[1mDeployments[22m[39m                           ·                                         ·  [1m% of limit[22m  ·             │
·········································|·············|·············|·············|··············|··············
|  XPowerThorTest                        ·          -  ·          -  ·    3331941  ·      [90m41.6 %[39m  ·          [32m[90m-[32m[39m  │
·----------------------------------------|-------------|-------------|-------------|--------------|-------------·

  221 passing (18s)

