
> xpower@6.0.0 test-gas
> REPORT_GAS=true npm test ./test/contracts/XPower.fees.1-thor.test.js


> xpower@6.0.0 test
> hardhat test ./test/contracts/XPower.fees.1-thor.test.js


  XPowerThor
    mint
[FEE] 348784296808045 162287 1658186771
      ✓ should mint for amount=1
[FEE] 338603874438366 158012 1653339751
      ✓ should mint for amount=1
[FEE] 328233609307633 154005 1644403838
      ✓ should mint for amount=1
[FEE] 317843106663536 150248 1632166094
      ✓ should mint for amount=1
[FEE] 307565365194578 146726 1617300067
      ✓ should mint for amount=1
[FEE] 297498563806604 143424 1600380671
      ✓ should mint for amount=1
[FEE] 287714887861278 140328 1581897188
      ✓ should mint for amount=1
[FEE] 278267991179073 137426 1562264634
      ✓ should mint for amount=1
[FEE] 269189286277481 134704 1541833698
      ✓ should mint for amount=1
[FEE] 260505715743978 132153 1520899386
      ✓ should mint for amount=1
[FEE] 252228504571896 129762 1499708624
      ✓ should mint for amount=1
[FEE] 244359727437929 127520 1478466820
      ✓ should mint for amount=1
[FEE] 236899991455836 125419 1457343626
      ✓ should mint for amount=1
[FEE] 229840355241956 123449 1436477945
      ✓ should mint for amount=1
[FEE] 223171270054571 121602 1415982290
      ✓ should mint for amount=1
[FEE] 216879772480899 119870 1395946577
      ✓ should mint for amount=1
[FEE] 210953925356997 118247 1376441424
      ✓ should mint for amount=1
[FEE] 205376234645212 116725 1357521008
      ✓ should mint for amount=1
[FEE] 200129670040096 115297 1339225551
      ✓ should mint for amount=1
[FEE] 195201420069330 113959 1321583469
      ✓ should mint for amount=1
[FEE] 190574465429938 112705 1304613239
      ✓ should mint for amount=1
[FEE] 186231434890468 111529 1288325004
      ✓ should mint for amount=1
[FEE] 182156479868220 110426 1272721963
      ✓ should mint for amount=1
[FEE] 178336980967290 109393 1257801569
      ✓ should mint for amount=1
[FEE] 174757056004774 108425 1243556562
      ✓ should mint for amount=1
[FEE] 171401045817555 107517 1229975849
      ✓ should mint for amount=1
[FEE] 168255168659538 106665 1217045265
      ✓ should mint for amount=1
[FEE] 165309055790691 105867 1204748220
      ✓ should mint for amount=1
[FEE] 162547912011202 105118 1193066250
      ✓ should mint for amount=1
[FEE] 159963499712993 104417 1181979489
      ✓ should mint for amount=1
[FEE] 157543246752090 103760 1171467064
      ✓ should mint for amount=1
[FEE] 155276490890144 103144 1161507431
      ✓ should mint for amount=1
[FEE] 153152924494477 102566 1152078654
      ✓ should mint for amount=1
[FEE] 151162595415925 102023 1143158644
      ✓ should mint for amount=1
[FEE] 149298843213362 101514 1134725348
      ✓ should mint for amount=1
[FEE] 147555267505611 101038 1126756913
      ✓ should mint for amount=1
[FEE] 145922827323738 100592 1119231816
      ✓ should mint for amount=1
[FEE] 144394254746987 100174 1112128966
      ✓ should mint for amount=1
[FEE] 142961131352563 99781 1105427791
      ✓ should mint for amount=1
[FEE] 141618191542284 99412 1099108300
      ✓ should mint for amount=1
[FEE] 140361811975700 99067 1093151132
      ✓ should mint for amount=1
[FEE] 139185738885060 98744 1087537592
      ✓ should mint for amount=1
[FEE] 138083958040980 98441 1082249677
      ✓ should mint for amount=1
[FEE] 137052077373822 98157 1077270087
      ✓ should mint for amount=1
[FEE] 136084503640670 97890 1072582235
      ✓ should mint for amount=1
[FEE] 135177230626720 97639 1068170246
      ✓ should mint for amount=1
[FEE] 134327799595302 97404 1064018951
      ✓ should mint for amount=1
[FEE] 133533891278306 97185 1060113879
      ✓ should mint for amount=1
[FEE] 132789212154597 96979 1056441242
      ✓ should mint for amount=1
[FEE] 132091744692061 96786 1052987921
      ✓ should mint for amount=1
[FEE] 131438227787871 96605 1049741446
      ✓ should mint for amount=1
[FEE] 130825527749584 96435 1046689976
      ✓ should mint for amount=1
[FEE] 130251983715183 96276 1043822280
      ✓ should mint for amount=1
[FEE] 129713334188709 96126 1041127712
      ✓ should mint for amount=1
[FEE] 129208129755917 95985 1038596191
      ✓ should mint for amount=1
[FEE] 128736349903435 95854 1036218174
      ✓ should mint for amount=1
[FEE] 128294024225018 95731 1033984639
      ✓ should mint for amount=1
[FEE] 127879957158902 95616 1031887057
      ✓ should mint for amount=1
[FEE] 127491690536057 95508 1029917372
      ✓ should mint for amount=1
[FEE] 127126844015881 95406 1028067978
      ✓ should mint for amount=1
[FEE] 126785770266084 95311 1026331697
      ✓ should mint for amount=1
[FEE] 126466216579951 95222 1024701759
      ✓ should mint for amount=1
[FEE] 126167321042436 95139 1023171781
      ✓ should mint for amount=1
[FEE] 125886950067994 95061 1021735746
      ✓ should mint for amount=1
[FEE] 125624349557340 94988 1020387987
      ✓ should mint for amount=1
[FEE] 125378811414415 94920 1019123165
      ✓ should mint for amount=1
[FEE] 125147032376245 94855 1017936253
      ✓ should mint for amount=1
[FEE] 124929715678844 94794 1016822521
      ✓ should mint for amount=1
[FEE] 124727596293611 94738 1015777515
      ✓ should mint for amount=1
[FEE] 124537494406023 94685 1014797047
      ✓ should mint for amount=1
[FEE] 124358902133940 94635 1013877178
      ✓ should mint for amount=1
[FEE] 124192655596963 94589 1013014202
      ✓ should mint for amount=1
[FEE] 124036992458567 94546 1012204636
      ✓ should mint for amount=1
[FEE] 123890182253989 94505 1011445205
      ✓ should mint for amount=1
[FEE] 123753144358516 94467 1010732832
      ✓ should mint for amount=1
[FEE] 123624200398311 94431 1010064625
      ✓ should mint for amount=1
[FEE] 123504314910471 94398 1009437867
      ✓ should mint for amount=1
[FEE] 123390547857739 94366 1008850005
      ✓ should mint for amount=1
[FEE] 123283905897984 94336 1008298642
      ✓ should mint for amount=1
[FEE] 123185411406634 94309 1007781526
      ✓ should mint for amount=1
[FEE] 123092185175013 94283 1007296542
      ✓ should mint for amount=1
[FEE] 123003979565171 94258 1006841705
      ✓ should mint for amount=1
[FEE] 122921866510854 94235 1006415150
      ✓ should mint for amount=1
[FEE] 122845626593276 94214 1006015128
      ✓ should mint for amount=1
[FEE] 122773750411190 94194 1005639995
      ✓ should mint for amount=1
[FEE] 122706046475109 94175 1005288210
      ✓ should mint for amount=1
[FEE] 122643637512555 94158 1004958325
      ✓ should mint for amount=1
[FEE] 122583749428082 94141 1004648981
      ✓ should mint for amount=1
[FEE] 122527527318231 94125 1004358905
      ✓ should mint for amount=1
[FEE] 122474822850723 94110 1004086900
      ✓ should mint for amount=1
[FEE] 122425496954907 94096 1003831843
      ✓ should mint for amount=1
[FEE] 122378118674007 94082 1003592682
      ✓ should mint for amount=1
[FEE] 122333867153404 94069 1003368429
      ✓ should mint for amount=1
[FEE] 122292627759194 94057 1003158157
      ✓ should mint for amount=1
[FEE] 122255592915639 94047 1002960996
      ✓ should mint for amount=1
[FEE] 122220061718435 94037 1002776130
      ✓ should mint for amount=1
[FEE] 122187240058973 94028 1002602795
      ✓ should mint for amount=1
[FEE] 122157039242647 94020 1002440272
      ✓ should mint for amount=1
[FEE] 122128077226718 94012 1002287888
      ✓ should mint for amount=1
[FEE] 122101575699273 94005 1002145012
      ✓ should mint for amount=1
[FEE] 122074864300732 93997 1002011052
      ✓ should mint for amount=1
[FEE] 122051771185992 93991 1001885452
      ✓ should mint for amount=1
[FEE] 122029634927075 93985 1001767691
      ✓ should mint for amount=1
[FEE] 122009694029398 93980 1001657280
      ✓ should mint for amount=1
[FEE] 121990594017625 93975 1001553761
      ✓ should mint for amount=1
[FEE] 121972282507766 93970 1001456705
      ✓ should mint for amount=1
[FEE] 121954710171665 93965 1001365708
      ✓ should mint for amount=1
[FEE] 121939128742956 93961 1001280393
      ✓ should mint for amount=1
[FEE] 121924196910344 93957 1001200405
      ✓ should mint for amount=1
[FEE] 121908576600062 93952 1001125412
      ✓ should mint for amount=1
[FEE] 121893527487510 93947 1001055102
      ✓ should mint for amount=1
[FEE] 121880311313908 93943 1000989183
      ✓ should mint for amount=1
[FEE] 121868894393512 93940 1000927381
      ✓ should mint for amount=1
[FEE] 121857947916801 93937 1000869439
      ✓ should mint for amount=1
[FEE] 121848739657592 93935 1000815116
      ✓ should mint for amount=1
[FEE] 121838647673124 93932 1000764186
      ✓ should mint for amount=1
[FEE] 121830240377402 93930 1000716437
      ✓ should mint for amount=1
[FEE] 121820899506683 93927 1000671671
      ✓ should mint for amount=1
[FEE] 121811899477566 93924 1000629702
      ✓ should mint for amount=1
[FEE] 121803218832706 93921 1000590354
      ✓ should mint for amount=1
[FEE] 121797431463746 93920 1000553465
      ✓ should mint for amount=1
[FEE] 121790627877270 93918 1000518880
      ✓ should mint for amount=1
[FEE] 121784087517549 93916 1000486456
      ✓ should mint for amount=1
[FEE] 121779090630054 93915 1000456058
      ✓ should mint for amount=1
[FEE] 121774324971969 93914 1000427559
      ✓ should mint for amount=1
[FEE] 121768479549617 93912 1000400841
      ✓ should mint for amount=1
[FEE] 121764134002369 93911 1000375792
      ✓ should mint for amount=1
[FEE] 121759979007310 93910 1000352308
      ✓ should mint for amount=1
[FEE] 121756002630206 93909 1000330291
      ✓ should mint for amount=1
[FEE] 121752193789334 93908 1000309650
      ✓ should mint for amount=1
[FEE] 121748542012007 93907 1000290299
      ✓ should mint for amount=1
[FEE] 121745037434544 93906 1000272157
      ✓ should mint for amount=1
[FEE] 121741670923948 93905 1000255149
      ✓ should mint for amount=1
[FEE] 121737137299021 93903 1000239203
      ✓ should mint for amount=1
[FEE] 121735317885765 93903 1000224254
      ✓ should mint for amount=1
[FEE] 121732315771626 93902 1000210239
      ✓ should mint for amount=1
[FEE] 121729420307776 93901 1000197100
      ✓ should mint for amount=1
[FEE] 121727921140262 93901 1000184782
      ✓ should mint for amount=1
[FEE] 121726515685932 93901 1000173234
      ✓ should mint for amount=1
[FEE] 121725197981218 93901 1000162407
      ✓ should mint for amount=1
[FEE] 121721370069029 93899 1000152257
      ✓ should mint for amount=1
[FEE] 121720211944803 93899 1000142741
      ✓ should mint for amount=1
[FEE] 121719126233768 93899 1000133820
      ✓ should mint for amount=1
[FEE] 121718108311215 93899 1000125456
      ✓ should mint for amount=1
[FEE] 121717154039247 93899 1000117615
      ✓ should mint for amount=1
[FEE] 121716259401670 93899 1000110264
      ✓ should mint for amount=1
[FEE] 121714124509732 93898 1000103373
      ✓ should mint for amount=1
[FEE] 121713338196057 93898 1000096912
      ✓ should mint for amount=1
[FEE] 121712601049806 93898 1000090855
      ✓ should mint for amount=1
[FEE] 121710613814357 93897 1000085177
      ✓ should mint for amount=1
[FEE] 121709965882238 93897 1000079853
      ✓ should mint for amount=1
[FEE] 121709358476301 93897 1000074862
      ✓ should mint for amount=1
[FEE] 121707492846192 93896 1000070183
      ✓ should mint for amount=1
[FEE] 121706959074590 93896 1000065797
      ✓ should mint for amount=1
[FEE] 121706458648501 93896 1000061685
      ✓ should mint for amount=1
[FEE] 121705989499042 93896 1000057830
      ✓ should mint for amount=1
[FEE] 121705549679031 93896 1000054216
      ✓ should mint for amount=1
[FEE] 121705137362983 93896 1000050828
      ✓ should mint for amount=1
[FEE] 121703454559967 93895 1000047651
      ✓ should mint for amount=1
[FEE] 121701795982763 93894 1000044673
      ✓ should mint for amount=1
[FEE] 121701456206527 93894 1000041881
      ✓ should mint for amount=1
[FEE] 121701137605458 93894 1000039263
      ✓ should mint for amount=1
[FEE] 121700838962592 93894 1000036809
      ✓ should mint for amount=1
[FEE] 121699262790858 93893 1000034508
      ✓ should mint for amount=1
[FEE] 121699000294606 93893 1000032351
      ✓ should mint for amount=1
[FEE] 121698754227188 93893 1000030329
      ✓ should mint for amount=1
[FEE] 121698523493348 93893 1000028433
      ✓ should mint for amount=1
[FEE] 121698307241220 93893 1000026656
      ✓ should mint for amount=1
[FEE] 121698104497245 93893 1000024990
      ✓ should mint for amount=1
[FEE] 121697914409556 93893 1000023428
      ✓ should mint for amount=1
[FEE] 121697736247983 93893 1000021964
      ✓ should mint for amount=1
[FEE] 121696273030288 93892 1000020591
      ✓ should mint for amount=1
[FEE] 121696116410409 93892 1000019304
      ✓ should mint for amount=1
[FEE] 121695969647726 93892 1000018098
      ✓ should mint for amount=1
[FEE] 121695832012075 93892 1000016967
      ✓ should mint for amount=1
[FEE] 121695703016682 93892 1000015907
      ✓ should mint for amount=1
[FEE] 121695582053077 93892 1000014913
      ✓ should mint for amount=1
[FEE] 121695468634486 93892 1000013981
      ✓ should mint for amount=1
[FEE] 121694066153460 93891 1000013107
      ✓ should mint for amount=1
[FEE] 121692670367714 93890 1000012288
      ✓ should mint for amount=1
[FEE] 121692576908892 93890 1000011520
      ✓ should mint for amount=1
[FEE] 121692489291246 93890 1000010800
      ✓ should mint for amount=1
[FEE] 121691111032894 93889 1000010125
      ✓ should mint for amount=1
[FEE] 121691034003201 93889 1000009492
      ✓ should mint for amount=1
[FEE] 121689665725883 93888 1000008899
      ✓ should mint for amount=1
[FEE] 121689598067031 93888 1000008343
      ✓ should mint for amount=1
[FEE] 121690830781103 93889 1000007822
      ✓ should mint for amount=1
[FEE] 121690771274752 93889 1000007333
      ✓ should mint for amount=1
[FEE] 121690715540788 93889 1000006875
      ✓ should mint for amount=1
[FEE] 121691959326179 93890 1000006445
      ✓ should mint for amount=1
[FEE] 121690614173119 93889 1000006042
      ✓ should mint for amount=1
[FEE] 121691864285371 93890 1000005664
      ✓ should mint for amount=1
[FEE] 121690525096127 93889 1000005310
      ✓ should mint for amount=1
[FEE] 121691780805225 93890 1000004978
      ✓ should mint for amount=1
[FEE] 121691742959270 93890 1000004667
      ✓ should mint for amount=1
[FEE] 121691707425446 93890 1000004375
      ✓ should mint for amount=1
[FEE] 121691674203756 93890 1000004102
      ✓ should mint for amount=1
[FEE] 121691643050815 93890 1000003846
      ✓ should mint for amount=1
[FEE] 121691613844933 93890 1000003606
      ✓ should mint for amount=1
[FEE] 121690290356351 93889 1000003381
      ✓ should mint for amount=1
[FEE] 121688968571992 93888 1000003170
      ✓ should mint for amount=1
[FEE] 121690240585190 93889 1000002972
      ✓ should mint for amount=1
[FEE] 121690217950873 93889 1000002786
      ✓ should mint for amount=1
[FEE] 121691492883905 93890 1000002612
      ✓ should mint for amount=1
[FEE] 121690176941384 93889 1000002449
      ✓ should mint for amount=1
[FEE] 121688862216171 93888 1000002296
      ✓ should mint for amount=1
[FEE] 121688844814704 93888 1000002153
      ✓ should mint for amount=1
[FEE] 121688828386745 93888 1000002018
      ✓ should mint for amount=1
[FEE] 121687516947846 93887 1000001892
      ✓ should mint for amount=1
[FEE] 121687502588746 93887 1000001774
      ✓ should mint for amount=1
[FEE] 121687489081457 93887 1000001663
      ✓ should mint for amount=1
[FEE] 121687476425979 93887 1000001559
      ✓ should mint for amount=1
[FEE] 121688760727893 93888 1000001462
      ✓ should mint for amount=1
[FEE] 121688749654232 93888 1000001371
      ✓ should mint for amount=1
[FEE] 121687443083663 93887 1000001285
      ✓ should mint for amount=1
[FEE] 121687433348680 93887 1000001205
      ✓ should mint for amount=1
[FEE] 121686128116983 93886 1000001130
      ✓ should mint for amount=1
[FEE] 121686119477278 93886 1000001059
      ✓ should mint for amount=1
[FEE] 121687407550975 93887 1000000993
      ✓ should mint for amount=1
[FEE] 121688696111255 93888 1000000931
      ✓ should mint for amount=1
[FEE] 121689985158135 93889 1000000873
      ✓ should mint for amount=1
[FEE] 121691274569937 93890 1000000818
      ✓ should mint for amount=1
[FEE] 121691268363687 93890 1000000767
      ✓ should mint for amount=1
[FEE] 121691262522511 93890 1000000719
      ✓ should mint for amount=1
[FEE] 121691257046408 93890 1000000674
      ✓ should mint for amount=1

·----------------------------------------|---------------------------|-------------|----------------------------·
|          [90mSolc version: 0.8.17[39m          ·  [90mOptimizer enabled: true[39m  ·  [90mRuns: 200[39m  ·  [90mBlock limit: 8000000 gas[39m  │
·········································|···························|·············|·····························
|  [32m[1mMethods[22m[39m                                                                                                      │
···················|·····················|·············|·············|·············|··············|··············
|  [1mContract[22m        ·  [1mMethod[22m             ·  [32mMin[39m        ·  [32mMax[39m        ·  [32mAvg[39m        ·  [1m# calls[22m     ·  [1musd (avg)[22m  │
···················|·····················|·············|·············|·············|··············|··············
|  [90mXPowerThorTest[39m  ·  init               ·          -  ·          -  ·      67353  ·           [90m1[39m  ·          [32m[90m-[32m[39m  │
···················|·····················|·············|·············|·············|··············|··············
|  [90mXPowerThorTest[39m  ·  mint               ·     [36m124496[39m  ·     [31m229529[39m  ·     127052  ·         [90m225[39m  ·          [32m[90m-[32m[39m  │
···················|·····················|·············|·············|·············|··············|··············
|  [90mXPowerThorTest[39m  ·  transferOwnership  ·          -  ·          -  ·      28656  ·           [90m1[39m  ·          [32m[90m-[32m[39m  │
···················|·····················|·············|·············|·············|··············|··············
|  [32m[1mDeployments[22m[39m                           ·                                         ·  [1m% of limit[22m  ·             │
·········································|·············|·············|·············|··············|··············
|  XPowerThorTest                        ·          -  ·          -  ·    3331941  ·      [90m41.6 %[39m  ·          [32m[90m-[32m[39m  │
·----------------------------------------|-------------|-------------|-------------|--------------|-------------·

  225 passing (19s)

