
> xpower@6.0.0 test-gas
> REPORT_GAS=true npm test ./test/contracts/XPower.fees.1-thor.test.js


> xpower@6.0.0 test
> hardhat test ./test/contracts/XPower.fees.1-thor.test.js


  XPowerThor
    mint
[FEE] 348822982083776 162305 1658186771
      ✓ should mint for amount=1
[FEE] 338640308444929 158029 1653339774
      ✓ should mint for amount=1
[FEE] 328265587460043 154020 1644403880
      ✓ should mint for amount=1
[FEE] 317870616361824 150261 1632166139
      ✓ should mint for amount=1
[FEE] 307588429925451 146737 1617300102
      ✓ should mint for amount=1
[FEE] 297519308816231 143434 1600380684
      ✓ should mint for amount=1
[FEE] 287735389251998 140338 1581897179
      ✓ should mint for amount=1
[FEE] 278286210616501 137435 1562264610
      ✓ should mint for amount=1
[FEE] 269207265378853 134713 1541833662
      ✓ should mint for amount=1
[FEE] 260523449567959 132162 1520899343
      ✓ should mint for amount=1
[FEE] 252242102775509 129769 1499708575
      ✓ should mint for amount=1
[FEE] 244373131244696 127527 1478466760
      ✓ should mint for amount=1
[FEE] 236911313612165 125425 1457343558
      ✓ should mint for amount=1
[FEE] 229849652363060 123454 1436477870
      ✓ should mint for amount=1
[FEE] 223180433429440 121607 1415982208
      ✓ should mint for amount=1
[FEE] 216888805576558 119875 1395946491
      ✓ should mint for amount=1
[FEE] 210959263748885 118250 1376441335
      ✓ should mint for amount=1
[FEE] 205381498736455 116728 1357520913
      ✓ should mint for amount=1
[FEE] 200136598346022 115301 1339225452
      ✓ should mint for amount=1
[FEE] 195208257083070 113963 1321583370
      ✓ should mint for amount=1
[FEE] 190581214623874 112709 1304613140
      ✓ should mint for amount=1
[FEE] 186236430132236 111532 1288324906
      ✓ should mint for amount=1
[FEE] 182159765144239 110428 1272721866
      ✓ should mint for amount=1
[FEE] 178340227838211 109395 1257801473
      ✓ should mint for amount=1
[FEE] 174758654432540 108426 1243556467
      ✓ should mint for amount=1
[FEE] 171402627033819 107518 1229975756
      ✓ should mint for amount=1
[FEE] 168258310912359 106667 1217045174
      ✓ should mint for amount=1
[FEE] 165312166672793 105869 1204748132
      ✓ should mint for amount=1
[FEE] 162550993241630 105120 1193066166
      ✓ should mint for amount=1
[FEE] 159963488750837 104417 1181979408
      ✓ should mint for amount=1
[FEE] 157543236262360 103760 1171466986
      ✓ should mint for amount=1
[FEE] 155273469862133 103142 1161507355
      ✓ should mint for amount=1
[FEE] 153149928363547 102564 1152078581
      ✓ should mint for amount=1
[FEE] 151159622723346 102021 1143158573
      ✓ should mint for amount=1
[FEE] 149297363413232 101513 1134725279
      ✓ should mint for amount=1
[FEE] 147553798468831 101037 1126756847
      ✓ should mint for amount=1
[FEE] 145921368469545 100591 1119231753
      ✓ should mint for amount=1
[FEE] 144392805522460 100173 1112128906
      ✓ should mint for amount=1
[FEE] 142961123980951 99781 1105427734
      ✓ should mint for amount=1
[FEE] 141619609142726 99413 1099108246
      ✓ should mint for amount=1
[FEE] 140361805427244 99067 1093151081
      ✓ should mint for amount=1
[FEE] 139185732741902 98744 1087537544
      ✓ should mint for amount=1
[FEE] 138083952299441 98441 1082249632
      ✓ should mint for amount=1
[FEE] 137052072030513 98157 1077270045
      ✓ should mint for amount=1
[FEE] 136084498692522 97890 1072582196
      ✓ should mint for amount=1
[FEE] 135178610403705 97640 1068170209
      ✓ should mint for amount=1
[FEE] 134330553334379 97406 1064018916
      ✓ should mint for amount=1
[FEE] 133535261139028 97186 1060113846
      ✓ should mint for amount=1
[FEE] 132790577515404 96980 1056441211
      ✓ should mint for amount=1
[FEE] 132093105835653 96787 1052987892
      ✓ should mint for amount=1
[FEE] 131439584980920 96606 1049741419
      ✓ should mint for amount=1
[FEE] 130828237862246 96437 1046689951
      ✓ should mint for amount=1
[FEE] 130254686648907 96278 1043822257
      ✓ should mint for amount=1
[FEE] 129717379800646 96129 1041127691
      ✓ should mint for amount=1
[FEE] 129212165652761 95988 1038596171
      ✓ should mint for amount=1
[FEE] 128740376805687 95857 1036218156
      ✓ should mint for amount=1
[FEE] 128299382720820 95735 1033984622
      ✓ should mint for amount=1
[FEE] 127885304906437 95620 1031887041
      ✓ should mint for amount=1
[FEE] 127497028197962 95512 1029917357
      ✓ should mint for amount=1
[FEE] 127132172215404 95410 1028067964
      ✓ should mint for amount=1
[FEE] 126791089589269 95315 1026331684
      ✓ should mint for amount=1
[FEE] 126471527577783 95226 1024701747
      ✓ should mint for amount=1
[FEE] 126172624232834 95143 1023171770
      ✓ should mint for amount=1
[FEE] 125892245937716 95065 1021735736
      ✓ should mint for amount=1
[FEE] 125629638563787 94992 1020387978
      ✓ should mint for amount=1
[FEE] 125382773098045 94923 1019123157
      ✓ should mint for amount=1
[FEE] 125152308919331 94859 1017936246
      ✓ should mint for amount=1
[FEE] 124936304355843 94799 1016822514
      ✓ should mint for amount=1
[FEE] 124732861768761 94742 1015777509
      ✓ should mint for amount=1
[FEE] 124542754921160 94689 1014797042
      ✓ should mint for amount=1
[FEE] 124362843790478 94638 1013877173
      ✓ should mint for amount=1
[FEE] 124195280926846 94591 1013014197
      ✓ should mint for amount=1
[FEE] 124039615690165 94548 1012204631
      ✓ should mint for amount=1
[FEE] 123891492579399 94506 1011445200
      ✓ should mint for amount=1
[FEE] 123753143746321 94467 1010732827
      ✓ should mint for amount=1
[FEE] 123624199786349 94431 1010064620
      ✓ should mint for amount=1
[FEE] 123503005962590 94397 1009437862
      ✓ should mint for amount=1
[FEE] 123390547246199 94366 1008850000
      ✓ should mint for amount=1
[FEE] 123283905286638 94336 1008298637
      ✓ should mint for amount=1
[FEE] 123182798416776 94307 1007781521
      ✓ should mint for amount=1
[FEE] 123089573442502 94281 1007296537
      ✓ should mint for amount=1
[FEE] 123002673983092 94257 1006841700
      ✓ should mint for amount=1
[FEE] 122920561603921 94234 1006415146
      ✓ should mint for amount=1
[FEE] 122843018305012 94212 1006015124
      ✓ should mint for amount=1
[FEE] 122771143095452 94192 1005639991
      ✓ should mint for amount=1
[FEE] 122704743029118 94174 1005288206
      ✓ should mint for amount=1
[FEE] 122642334494217 94157 1004958321
      ✓ should mint for amount=1
[FEE] 122583749062033 94141 1004648978
      ✓ should mint for amount=1
[FEE] 122526225198969 94124 1004358902
      ✓ should mint for amount=1
[FEE] 122474822484794 94110 1004086897
      ✓ should mint for amount=1
[FEE] 122425496710991 94096 1003831841
      ✓ should mint for amount=1
[FEE] 122378118430127 94082 1003592680
      ✓ should mint for amount=1
[FEE] 122335167379074 94070 1003368427
      ✓ should mint for amount=1
[FEE] 122295227909343 94059 1003158155
      ✓ should mint for amount=1
[FEE] 122258192554731 94049 1002960994
      ✓ should mint for amount=1
[FEE] 122223960580177 94040 1002776128
      ✓ should mint for amount=1
[FEE] 122191138246758 94031 1002602793
      ✓ should mint for amount=1
[FEE] 122160936798513 94023 1002440270
      ✓ should mint for amount=1
[FEE] 122131974190088 94015 1002287886
      ✓ should mint for amount=1
[FEE] 122104173223275 94007 1002145010
      ✓ should mint for amount=1
[FEE] 122078760187717 94000 1002011050
      ✓ should mint for amount=1
[FEE] 122055666584620 93994 1001885450
      ✓ should mint for amount=1
[FEE] 122033529867827 93988 1001767689
      ✓ should mint for amount=1
[FEE] 122012290289162 93982 1001657278
      ✓ should mint for amount=1
[FEE] 121993190009058 93977 1001553759
      ✓ should mint for amount=1
[FEE] 121974878247623 93972 1001456703
      ✓ should mint for amount=1
[FEE] 121957305675653 93967 1001365706
      ✓ should mint for amount=1
[FEE] 121941724025800 93963 1001280391
      ✓ should mint for amount=1
[FEE] 121926791985853 93959 1001200403
      ✓ should mint for amount=1
[FEE] 121912469043520 93955 1001125410
      ✓ should mint for amount=1
[FEE] 121897419657593 93950 1001055100
      ✓ should mint for amount=1
[FEE] 121885500613455 93947 1000989181
      ✓ should mint for amount=1
[FEE] 121874083372659 93944 1000927379
      ✓ should mint for amount=1
[FEE] 121861839364995 93940 1000869437
      ✓ should mint for amount=1
[FEE] 121851333734409 93937 1000815114
      ✓ should mint for amount=1
[FEE] 121842538712074 93935 1000764184
      ✓ should mint for amount=1
[FEE] 121831537166175 93931 1000716435
      ✓ should mint for amount=1
[FEE] 121823493211681 93929 1000671669
      ✓ should mint for amount=1
[FEE] 121815789993622 93927 1000629700
      ✓ should mint for amount=1
[FEE] 121808406064615 93925 1000590352
      ✓ should mint for amount=1
[FEE] 121800024862348 93922 1000553463
      ✓ should mint for amount=1
[FEE] 121793221186225 93920 1000518878
      ✓ should mint for amount=1
[FEE] 121787977476640 93919 1000486454
      ✓ should mint for amount=1
[FEE] 121782980470950 93918 1000456056
      ✓ should mint for amount=1
[FEE] 121778214702055 93917 1000427557
      ✓ should mint for amount=1
[FEE] 121773665799035 93916 1000400839
      ✓ should mint for amount=1
[FEE] 121769320121925 93915 1000375790
      ✓ should mint for amount=1
[FEE] 121765165005118 93914 1000352306
      ✓ should mint for amount=1
[FEE] 121759892103817 93912 1000330290
      ✓ should mint for amount=1
[FEE] 121754786677665 93910 1000309649
      ✓ should mint for amount=1
[FEE] 121751134850177 93909 1000290298
      ✓ should mint for amount=1
[FEE] 121746333769260 93907 1000272156
      ✓ should mint for amount=1
[FEE] 121742967236621 93906 1000255148
      ✓ should mint for amount=1
[FEE] 121739730126456 93905 1000239203
      ✓ should mint for amount=1
[FEE] 121737910674448 93905 1000224254
      ✓ should mint for amount=1
[FEE] 121733612147803 93903 1000210239
      ✓ should mint for amount=1
[FEE] 121732013026071 93903 1000197100
      ✓ should mint for amount=1
[FEE] 121730513826627 93903 1000184782
      ✓ should mint for amount=1
[FEE] 121729108342361 93903 1000173234
      ✓ should mint for amount=1
[FEE] 121727790609581 93903 1000162407
      ✓ should mint for amount=1
[FEE] 121726555273134 93903 1000152257
      ✓ should mint for amount=1
[FEE] 121725397099574 93903 1000142741
      ✓ should mint for amount=1
[FEE] 121723015065158 93902 1000133820
      ✓ should mint for amount=1
[FEE] 121721997110083 93902 1000125456
      ✓ should mint for amount=1
[FEE] 121719746551500 93901 1000117615
      ✓ should mint for amount=1
[FEE] 121718851894868 93901 1000110264
      ✓ should mint for amount=1
[FEE] 121716716985067 93900 1000103373
      ✓ should mint for amount=1
[FEE] 121714634425351 93899 1000096912
      ✓ should mint for amount=1
[FEE] 121713897271249 93899 1000090855
      ✓ should mint for amount=1
[FEE] 121711910028440 93898 1000085177
      ✓ should mint for amount=1
[FEE] 121711262089421 93898 1000079853
      ✓ should mint for amount=1
[FEE] 121709358476301 93897 1000074862
      ✓ should mint for amount=1
[FEE] 121708789040842 93897 1000070183
      ✓ should mint for amount=1
[FEE] 121708255263555 93897 1000065797
      ✓ should mint for amount=1
[FEE] 121706458648501 93896 1000061685
      ✓ should mint for amount=1
[FEE] 121704693320403 93895 1000057830
      ✓ should mint for amount=1
[FEE] 121704253505076 93895 1000054216
      ✓ should mint for amount=1
[FEE] 121703841193419 93895 1000050828
      ✓ should mint for amount=1
[FEE] 121703454559967 93895 1000047651
      ✓ should mint for amount=1
[FEE] 121703092144349 93895 1000044673
      ✓ should mint for amount=1
[FEE] 121702752364495 93895 1000041881
      ✓ should mint for amount=1
[FEE] 121702433760033 93895 1000039263
      ✓ should mint for amount=1
[FEE] 121700838962592 93894 1000036809
      ✓ should mint for amount=1
[FEE] 121699262790858 93893 1000034508
      ✓ should mint for amount=1
[FEE] 121699000294606 93893 1000032351
      ✓ should mint for amount=1
[FEE] 121698754227188 93893 1000030329
      ✓ should mint for amount=1
[FEE] 121697227352810 93892 1000028433
      ✓ should mint for amount=1
[FEE] 121697011102986 93892 1000026656
      ✓ should mint for amount=1
[FEE] 121696808361170 93892 1000024990
      ✓ should mint for amount=1
[FEE] 121696618275505 93892 1000023428
      ✓ should mint for amount=1
[FEE] 121696440115830 93892 1000021964
      ✓ should mint for amount=1
[FEE] 121694976899914 93891 1000020591
      ✓ should mint for amount=1
[FEE] 121694820281704 93891 1000019304
      ✓ should mint for amount=1
[FEE] 121693377393441 93890 1000018098
      ✓ should mint for amount=1
[FEE] 121693239760722 93890 1000016967
      ✓ should mint for amount=1
[FEE] 121691814643774 93889 1000015907
      ✓ should mint for amount=1
[FEE] 121692989807049 93890 1000014913
      ✓ should mint for amount=1
[FEE] 121692876390874 93890 1000013981
      ✓ should mint for amount=1
[FEE] 121692770032787 93890 1000013107
      ✓ should mint for amount=1
[FEE] 121692670367714 93890 1000012288
      ✓ should mint for amount=1
[FEE] 121692576908892 93890 1000011520
      ✓ should mint for amount=1
[FEE] 121691193173563 93889 1000010800
      ✓ should mint for amount=1
[FEE] 121691111032894 93889 1000010125
      ✓ should mint for amount=1
[FEE] 121689737887213 93888 1000009492
      ✓ should mint for amount=1
[FEE] 121690961841103 93889 1000008899
      ✓ should mint for amount=1
[FEE] 121692190296029 93890 1000008343
      ✓ should mint for amount=1
[FEE] 121692126894927 93890 1000007822
      ✓ should mint for amount=1
[FEE] 121692067387942 93890 1000007333
      ✓ should mint for amount=1
[FEE] 121692011653384 93890 1000006875
      ✓ should mint for amount=1
[FEE] 121691959326179 93890 1000006445
      ✓ should mint for amount=1
[FEE] 121691910284635 93890 1000006042
      ✓ should mint for amount=1
[FEE] 121691864285371 93890 1000005664
      ✓ should mint for amount=1
[FEE] 121690525096127 93889 1000005310
      ✓ should mint for amount=1
[FEE] 121691780805225 93890 1000004978
      ✓ should mint for amount=1
[FEE] 121691742959270 93890 1000004667
      ✓ should mint for amount=1
[FEE] 121691707425446 93890 1000004375
      ✓ should mint for amount=1
[FEE] 121691674203756 93890 1000004102
      ✓ should mint for amount=1
[FEE] 121691643050815 93890 1000003846
      ✓ should mint for amount=1
[FEE] 121690317736574 93889 1000003606
      ✓ should mint for amount=1
[FEE] 121690290356351 93889 1000003381
      ✓ should mint for amount=1
[FEE] 121691560787581 93890 1000003170
      ✓ should mint for amount=1
[FEE] 121691536692728 93890 1000002972
      ✓ should mint for amount=1
[FEE] 121691514058169 93890 1000002786
      ✓ should mint for amount=1
[FEE] 121691492883905 93890 1000002612
      ✓ should mint for amount=1
[FEE] 121690176941384 93889 1000002449
      ✓ should mint for amount=1
[FEE] 121688862216171 93888 1000002296
      ✓ should mint for amount=1
[FEE] 121690140921180 93889 1000002153
      ✓ should mint for amount=1
[FEE] 121690124493046 93889 1000002018
      ✓ should mint for amount=1
[FEE] 121691405266259 93890 1000001892
      ✓ should mint for amount=1
[FEE] 121691390906700 93890 1000001774
      ✓ should mint for amount=1
[FEE] 121691377398980 93890 1000001663
      ✓ should mint for amount=1
[FEE] 121690068637392 93889 1000001559
      ✓ should mint for amount=1
[FEE] 121691352939054 93890 1000001462
      ✓ should mint for amount=1
[FEE] 121691341865157 93890 1000001371
      ✓ should mint for amount=1
[FEE] 121691331399716 93890 1000001285
      ✓ should mint for amount=1
[FEE] 121691321664422 93890 1000001205
      ✓ should mint for amount=1
[FEE] 121691312537584 93890 1000001130
      ✓ should mint for amount=1
[FEE] 121690007792452 93889 1000001059
      ✓ should mint for amount=1
[FEE] 121691295865893 93890 1000000993
      ✓ should mint for amount=1
[FEE] 121691288321040 93890 1000000931
      ✓ should mint for amount=1
[FEE] 121691281262952 93890 1000000873
      ✓ should mint for amount=1
[FEE] 121689978465191 93889 1000000818
      ✓ should mint for amount=1
[FEE] 121689972259007 93889 1000000767
      ✓ should mint for amount=1
[FEE] 121691262522511 93890 1000000719
      ✓ should mint for amount=1
[FEE] 121689960941849 93889 1000000674
      ✓ should mint for amount=1
[FEE] 121688659726369 93888 1000000632
      ✓ should mint for amount=1
[FEE] 121689951084969 93889 1000000593
      ✓ should mint for amount=1
[FEE] 121691242686849 93890 1000000556
      ✓ should mint for amount=1

·----------------------------------------|---------------------------|-------------|----------------------------·
|          [90mSolc version: 0.8.17[39m          ·  [90mOptimizer enabled: true[39m  ·  [90mRuns: 200[39m  ·  [90mBlock limit: 8000000 gas[39m  │
·········································|···························|·············|·····························
|  [32m[1mMethods[22m[39m                                                                                                      │
···················|·····················|·············|·············|·············|··············|··············
|  [1mContract[22m        ·  [1mMethod[22m             ·  [32mMin[39m        ·  [32mMax[39m        ·  [32mAvg[39m        ·  [1m# calls[22m     ·  [1musd (avg)[22m  │
···················|·····················|·············|·············|·············|··············|··············
|  [90mXPowerThorTest[39m  ·  init               ·          -  ·          -  ·      67353  ·           [90m1[39m  ·          [32m[90m-[32m[39m  │
···················|·····················|·············|·············|·············|··············|··············
|  [90mXPowerThorTest[39m  ·  mint               ·     [36m124502[39m  ·     [31m229547[39m  ·     127069  ·         [90m228[39m  ·          [32m[90m-[32m[39m  │
···················|·····················|·············|·············|·············|··············|··············
|  [90mXPowerThorTest[39m  ·  transferOwnership  ·          -  ·          -  ·      28656  ·           [90m1[39m  ·          [32m[90m-[32m[39m  │
···················|·····················|·············|·············|·············|··············|··············
|  [32m[1mDeployments[22m[39m                           ·                                         ·  [1m% of limit[22m  ·             │
·········································|·············|·············|·············|··············|··············
|  XPowerThorTest                        ·          -  ·          -  ·    3331941  ·      [90m41.6 %[39m  ·          [32m[90m-[32m[39m  │
·----------------------------------------|-------------|-------------|-------------|--------------|-------------·

  228 passing (19s)

