
> xpower@6.0.0 test-gas
> REPORT_GAS=true npm test ./test/contracts/XPower.fees.1-thor.test.js


> xpower@6.0.0 test
> hardhat test ./test/contracts/XPower.fees.1-thor.test.js


  XPowerThor
    mint
[FEE] 348784296808045 162287 1658186771
      ✓ should mint for amount=1
[FEE] 338603874438366 158012 1653339751
      ✓ should mint for amount=1
[FEE] 328233609307633 154005 1644403838
      ✓ should mint for amount=1
[FEE] 317843107637221 150248 1632166099
      ✓ should mint for amount=1
[FEE] 307563271478221 146725 1617300080
      ✓ should mint for amount=1
[FEE] 297496490662665 143423 1600380677
      ✓ should mint for amount=1
[FEE] 287712837558502 140327 1581897188
      ✓ should mint for amount=1
[FEE] 278265965609655 137425 1562264630
      ✓ should mint for amount=1
[FEE] 269191282733311 134705 1541833687
      ✓ should mint for amount=1
[FEE] 260509657374144 132155 1520899381
      ✓ should mint for amount=1
[FEE] 252232392295833 129764 1499708625
      ✓ should mint for amount=1
[FEE] 244363561252771 127522 1478466828
      ✓ should mint for amount=1
[FEE] 236901882600083 125420 1457343640
      ✓ should mint for amount=1
[FEE] 229842219946387 123450 1436477963
      ✓ should mint for amount=1
[FEE] 223173108624247 121603 1415982311
      ✓ should mint for amount=1
[FEE] 216881585501168 119871 1395946601
      ✓ should mint for amount=1
[FEE] 210953929188506 118247 1376441449
      ✓ should mint for amount=1
[FEE] 205376238124829 116725 1357521031
      ✓ should mint for amount=1
[FEE] 200129673178270 115297 1339225572
      ✓ should mint for amount=1
[FEE] 195203135784910 113960 1321583488
      ✓ should mint for amount=1
[FEE] 190576158973381 112706 1304613257
      ✓ should mint for amount=1
[FEE] 186233107006125 111530 1288325020
      ✓ should mint for amount=1
[FEE] 182159781174366 110428 1272721978
      ✓ should mint for amount=1
[FEE] 178340243576597 109395 1257801584
      ✓ should mint for amount=1
[FEE] 174758669890988 108426 1243556577
      ✓ should mint for amount=1
[FEE] 171402642084103 107518 1229975864
      ✓ should mint for amount=1
[FEE] 168258325567017 106667 1217045280
      ✓ should mint for amount=1
[FEE] 165312180806165 105869 1204748235
      ✓ should mint for amount=1
[FEE] 162551006730025 105120 1193066265
      ✓ should mint for amount=1
[FEE] 159966565679005 104419 1181979504
      ✓ should mint for amount=1
[FEE] 157544767112144 103761 1171467079
      ✓ should mint for amount=1
[FEE] 155276492895424 103144 1161507446
      ✓ should mint for amount=1
[FEE] 153151433275111 102565 1152078669
      ✓ should mint for amount=1
[FEE] 151162597267178 102023 1143158658
      ✓ should mint for amount=1
[FEE] 149298844923807 101514 1134725361
      ✓ should mint for amount=1
[FEE] 147553808814231 101037 1126756926
      ✓ should mint for amount=1
[FEE] 145919927607276 100590 1119231828
      ✓ should mint for amount=1
[FEE] 144391373436083 100172 1112128978
      ✓ should mint for amount=1
[FEE] 142959700026107 99780 1105427802
      ✓ should mint for amount=1
[FEE] 141618192830767 99412 1099108310
      ✓ should mint for amount=1
[FEE] 140361813131310 99067 1093151141
      ✓ should mint for amount=1
[FEE] 139184330475410 98743 1087537601
      ✓ should mint for amount=1
[FEE] 138082556481481 98440 1082249686
      ✓ should mint for amount=1
[FEE] 137050682265075 98156 1077270096
      ✓ should mint for amount=1
[FEE] 136084504782551 97890 1072582244
      ✓ should mint for amount=1
[FEE] 135178616225077 97640 1068170255
      ✓ should mint for amount=1
[FEE] 134330558889304 97406 1064018960
      ✓ should mint for amount=1
[FEE] 133533892286000 97185 1060113887
      ✓ should mint for amount=1
[FEE] 132789213160156 96979 1056441250
      ✓ should mint for amount=1
[FEE] 132091745695619 96786 1052987929
      ✓ should mint for amount=1
[FEE] 131438228664342 96605 1049741453
      ✓ should mint for amount=1
[FEE] 130825528624513 96435 1046689983
      ✓ should mint for amount=1
[FEE] 130250631686756 96275 1043822287
      ✓ should mint for amount=1
[FEE] 129713335060834 96126 1041127719
      ✓ should mint for amount=1
[FEE] 129210822759073 95987 1038596197
      ✓ should mint for amount=1
[FEE] 128739036741259 95856 1036218180
      ✓ should mint for amount=1
[FEE] 128298045423409 95734 1033984645
      ✓ should mint for amount=1
[FEE] 127883970200348 95619 1031887063
      ✓ should mint for amount=1
[FEE] 127495695917915 95511 1029917378
      ✓ should mint for amount=1
[FEE] 127130842205926 95409 1028067984
      ✓ should mint for amount=1
[FEE] 126789761704190 95314 1026331703
      ✓ should mint for amount=1
[FEE] 126470201679659 95225 1024701765
      ✓ should mint for amount=1
[FEE] 126171300192468 95142 1023171787
      ✓ should mint for amount=1
[FEE] 125889599358195 95063 1021735752
      ✓ should mint for amount=1
[FEE] 125626995353303 94990 1020387993
      ✓ should mint for amount=1
[FEE] 125381453931168 94922 1019123171
      ✓ should mint for amount=1
[FEE] 125150991166707 94858 1017936259
      ✓ should mint for amount=1
[FEE] 124934987922852 94798 1016822526
      ✓ should mint for amount=1
[FEE] 124732863119511 94742 1015777520
      ✓ should mint for amount=1
[FEE] 124542756148428 94689 1014797052
      ✓ should mint for amount=1
[FEE] 124365473074328 94640 1013877182
      ✓ should mint for amount=1
[FEE] 124199220944581 94594 1013014206
      ✓ should mint for amount=1
[FEE] 124042240514843 94550 1012204639
      ✓ should mint for amount=1
[FEE] 123895426372901 94509 1011445208
      ✓ should mint for amount=1
[FEE] 123758384784043 94471 1010732835
      ✓ should mint for amount=1
[FEE] 123629437359436 94435 1010064628
      ✓ should mint for amount=1
[FEE] 123508240285951 94401 1009437870
      ✓ should mint for amount=1
[FEE] 123394470947304 94369 1008850008
      ✓ should mint for amount=1
[FEE] 123289133703151 94340 1008298645
      ✓ should mint for amount=1
[FEE] 123189330341399 94312 1007781529
      ✓ should mint for amount=1
[FEE] 123094796663143 94285 1007296545
      ✓ should mint for amount=1
[FEE] 123006589874172 94260 1006841708
      ✓ should mint for amount=1
[FEE] 122924475714047 94237 1006415153
      ✓ should mint for amount=1
[FEE] 122848234637333 94216 1006015130
      ✓ should mint for amount=1
[FEE] 122776357482773 94196 1005639997
      ✓ should mint for amount=1
[FEE] 122708652512680 94177 1005288211
      ✓ should mint for amount=1
[FEE] 122643637634593 94158 1004958326
      ✓ should mint for amount=1
[FEE] 122583749550099 94141 1004648982
      ✓ should mint for amount=1
[FEE] 122528829193506 94126 1004358906
      ✓ should mint for amount=1
[FEE] 122476124373433 94111 1004086901
      ✓ should mint for amount=1
[FEE] 122428099217170 94098 1003831844
      ✓ should mint for amount=1
[FEE] 122382021076473 94085 1003592683
      ✓ should mint for amount=1
[FEE] 122339069153407 94073 1003368430
      ✓ should mint for amount=1
[FEE] 122299128744116 94062 1003158157
      ✓ should mint for amount=1
[FEE] 122262092622855 94052 1002960996
      ✓ should mint for amount=1
[FEE] 122226560227623 94042 1002776130
      ✓ should mint for amount=1
[FEE] 122193737444861 94033 1002602795
      ✓ should mint for amount=1
[FEE] 122162236308771 94024 1002440272
      ✓ should mint for amount=1
[FEE] 122133273502820 94016 1002287888
      ✓ should mint for amount=1
[FEE] 122105472350804 94008 1002145012
      ✓ should mint for amount=1
[FEE] 122080059141602 94001 1002011052
      ✓ should mint for amount=1
[FEE] 122054368280845 93993 1001885452
      ✓ should mint for amount=1
[FEE] 122030933321871 93986 1001767691
      ✓ should mint for amount=1
[FEE] 122009694029398 93980 1001657280
      ✓ should mint for amount=1
[FEE] 121990594017625 93975 1001553761
      ✓ should mint for amount=1
[FEE] 121972282507766 93970 1001456705
      ✓ should mint for amount=1
[FEE] 121953412297881 93964 1001365708
      ✓ should mint for amount=1
[FEE] 121937830979749 93960 1001280393
      ✓ should mint for amount=1
[FEE] 121921601591275 93955 1001200405
      ✓ should mint for amount=1
[FEE] 121905981475390 93950 1001125412
      ✓ should mint for amount=1
[FEE] 121893527487510 93947 1001055102
      ✓ should mint for amount=1
[FEE] 121881608699678 93944 1000989183
      ✓ should mint for amount=1
[FEE] 121870191699179 93941 1000927381
      ✓ should mint for amount=1
[FEE] 121859245147370 93938 1000869439
      ✓ should mint for amount=1
[FEE] 121848739657592 93935 1000815116
      ✓ should mint for amount=1
[FEE] 121838647673124 93932 1000764186
      ✓ should mint for amount=1
[FEE] 121830240377402 93930 1000716437
      ✓ should mint for amount=1
[FEE] 121820899506683 93927 1000671671
      ✓ should mint for amount=1
[FEE] 121813196397411 93925 1000629702
      ✓ should mint for amount=1
[FEE] 121804515701552 93922 1000590354
      ✓ should mint for amount=1
[FEE] 121797431463746 93920 1000553465
      ✓ should mint for amount=1
[FEE] 121791924653478 93919 1000518880
      ✓ should mint for amount=1
[FEE] 121785384251732 93917 1000486456
      ✓ should mint for amount=1
[FEE] 121777793935270 93914 1000456058
      ✓ should mint for amount=1
[FEE] 121773028314122 93913 1000427559
      ✓ should mint for amount=1
[FEE] 121768479549617 93912 1000400841
      ✓ should mint for amount=1
[FEE] 121762837411618 93910 1000375792
      ✓ should mint for amount=1
[FEE] 121758682446997 93909 1000352308
      ✓ should mint for amount=1
[FEE] 121754706098429 93908 1000330291
      ✓ should mint for amount=1
[FEE] 121750897284310 93907 1000309650
      ✓ should mint for amount=1
[FEE] 121745949052121 93905 1000290299
      ✓ should mint for amount=1
[FEE] 121742444521685 93904 1000272157
      ✓ should mint for amount=1
[FEE] 121739078055178 93903 1000255149
      ✓ should mint for amount=1
[FEE] 121737137299021 93903 1000239203
      ✓ should mint for amount=1
[FEE] 121732725097081 93901 1000224254
      ✓ should mint for amount=1
[FEE] 121729723019272 93900 1000210239
      ✓ should mint for amount=1
[FEE] 121728123948628 93900 1000197100
      ✓ should mint for amount=1
[FEE] 121726624797080 93900 1000184782
      ✓ should mint for amount=1
[FEE] 121725219357717 93900 1000173234
      ✓ should mint for amount=1
[FEE] 121723901667036 93900 1000162407
      ✓ should mint for amount=1
[FEE] 121722666370055 93900 1000152257
      ✓ should mint for amount=1
[FEE] 121720211944803 93899 1000142741
      ✓ should mint for amount=1
[FEE] 121719126233768 93899 1000133820
      ✓ should mint for amount=1
[FEE] 121718108311215 93899 1000125456
      ✓ should mint for amount=1
[FEE] 121717154039247 93899 1000117615
      ✓ should mint for amount=1
[FEE] 121716259401670 93899 1000110264
      ✓ should mint for amount=1
[FEE] 121714124509732 93898 1000103373
      ✓ should mint for amount=1
[FEE] 121712041966764 93897 1000096912
      ✓ should mint for amount=1
[FEE] 121711304828363 93897 1000090855
      ✓ should mint for amount=1
[FEE] 121710613814357 93897 1000085177
      ✓ should mint for amount=1
[FEE] 121709965882238 93897 1000079853
      ✓ should mint for amount=1
[FEE] 121709358476301 93897 1000074862
      ✓ should mint for amount=1
[FEE] 121707492846192 93896 1000070183
      ✓ should mint for amount=1
[FEE] 121705662885625 93895 1000065797
      ✓ should mint for amount=1
[FEE] 121703866281230 93894 1000061685
      ✓ should mint for amount=1
[FEE] 121703397141764 93894 1000057830
      ✓ should mint for amount=1
[FEE] 121702957331121 93894 1000054216
      ✓ should mint for amount=1
[FEE] 121702545023855 93894 1000050828
      ✓ should mint for amount=1
[FEE] 121700862229075 93893 1000047651
      ✓ should mint for amount=1
[FEE] 121700499821177 93893 1000044673
      ✓ should mint for amount=1
[FEE] 121698863890592 93892 1000041881
      ✓ should mint for amount=1
[FEE] 121698545296310 93892 1000039263
      ✓ should mint for amount=1
[FEE] 121698246659805 93892 1000036809
      ✓ should mint for amount=1
[FEE] 121697966642446 93892 1000034508
      ✓ should mint for amount=1
[FEE] 121696408003375 93891 1000032351
      ✓ should mint for amount=1
[FEE] 121696161941198 93891 1000030329
      ✓ should mint for amount=1
[FEE] 121695931212273 93891 1000028433
      ✓ should mint for amount=1
[FEE] 121694418826517 93890 1000026656
      ✓ should mint for amount=1
[FEE] 121694216089020 93890 1000024990
      ✓ should mint for amount=1
[FEE] 121692729873354 93889 1000023428
      ✓ should mint for amount=1
[FEE] 121692551719371 93889 1000021964
      ✓ should mint for amount=1
[FEE] 121692384639167 93889 1000020591
      ✓ should mint for amount=1
[FEE] 121692228024293 93889 1000019304
      ✓ should mint for amount=1
[FEE] 121693377393441 93890 1000018098
      ✓ should mint for amount=1
[FEE] 121691943635046 93889 1000016967
      ✓ should mint for amount=1
[FEE] 121693110768077 93890 1000015907
      ✓ should mint for amount=1
[FEE] 121692989807049 93890 1000014913
      ✓ should mint for amount=1
[FEE] 121692876390874 93890 1000013981
      ✓ should mint for amount=1
[FEE] 121692770032787 93890 1000013107
      ✓ should mint for amount=1
[FEE] 121691374248103 93889 1000012288
      ✓ should mint for amount=1
[FEE] 121691280790275 93889 1000011520
      ✓ should mint for amount=1
[FEE] 121692489291246 93890 1000010800
      ✓ should mint for amount=1
[FEE] 121692407149703 93890 1000010125
      ✓ should mint for amount=1
[FEE] 121692330119189 93890 1000009492
      ✓ should mint for amount=1
[FEE] 121692257956322 93890 1000008899
      ✓ should mint for amount=1
[FEE] 121692190296029 93890 1000008343
      ✓ should mint for amount=1
[FEE] 121692126894927 93890 1000007822
      ✓ should mint for amount=1
[FEE] 121692067387942 93890 1000007333
      ✓ should mint for amount=1
[FEE] 121690715540788 93889 1000006875
      ✓ should mint for amount=1
[FEE] 121691959326179 93890 1000006445
      ✓ should mint for amount=1
[FEE] 121690614173119 93889 1000006042
      ✓ should mint for amount=1
[FEE] 121691864285371 93890 1000005664
      ✓ should mint for amount=1
[FEE] 121690525096127 93889 1000005310
      ✓ should mint for amount=1
[FEE] 121689188584950 93888 1000004978
      ✓ should mint for amount=1
[FEE] 121687854630067 93887 1000004667
      ✓ should mint for amount=1
[FEE] 121687819097379 93887 1000004375
      ✓ should mint for amount=1
[FEE] 121687785876750 93887 1000004102
      ✓ should mint for amount=1
[FEE] 121687754724804 93887 1000003846
      ✓ should mint for amount=1
[FEE] 121689021628215 93888 1000003606
      ✓ should mint for amount=1
[FEE] 121690290356351 93889 1000003381
      ✓ should mint for amount=1
[FEE] 121691560787581 93890 1000003170
      ✓ should mint for amount=1
[FEE] 121691536692728 93890 1000002972
      ✓ should mint for amount=1
[FEE] 121691514058169 93890 1000002786
      ✓ should mint for amount=1
[FEE] 121691492883905 93890 1000002612
      ✓ should mint for amount=1
[FEE] 121691473048243 93890 1000002449
      ✓ should mint for amount=1
[FEE] 121691454429494 93890 1000002296
      ✓ should mint for amount=1
[FEE] 121691437027656 93890 1000002153
      ✓ should mint for amount=1
[FEE] 121691420599347 93890 1000002018
      ✓ should mint for amount=1
[FEE] 121691405266259 93890 1000001892
      ✓ should mint for amount=1
[FEE] 121690094800716 93889 1000001774
      ✓ should mint for amount=1
[FEE] 121691377398980 93890 1000001663
      ✓ should mint for amount=1
[FEE] 121691364743098 93890 1000001559
      ✓ should mint for amount=1
[FEE] 121691352939054 93890 1000001462
      ✓ should mint for amount=1
[FEE] 121691341865157 93890 1000001371
      ✓ should mint for amount=1
[FEE] 121691331399716 93890 1000001285
      ✓ should mint for amount=1
[FEE] 121690025559174 93889 1000001205
      ✓ should mint for amount=1
[FEE] 121691312537584 93890 1000001130
      ✓ should mint for amount=1
[FEE] 121691303897510 93890 1000001059
      ✓ should mint for amount=1
[FEE] 121691295865893 93890 1000000993
      ✓ should mint for amount=1
[FEE] 121691288321040 93890 1000000931
      ✓ should mint for amount=1
[FEE] 121691281262952 93890 1000000873
      ✓ should mint for amount=1
[FEE] 121689978465191 93889 1000000818
      ✓ should mint for amount=1
[FEE] 121691268363687 93890 1000000767
      ✓ should mint for amount=1
[FEE] 121691262522511 93890 1000000719
      ✓ should mint for amount=1
[FEE] 121689960941849 93889 1000000674
      ✓ should mint for amount=1
[FEE] 121688659726369 93888 1000000632
      ✓ should mint for amount=1
[FEE] 121689951084969 93889 1000000593
      ✓ should mint for amount=1
[FEE] 121691242686849 93890 1000000556
      ✓ should mint for amount=1
[FEE] 121691238427658 93890 1000000521
      ✓ should mint for amount=1
[FEE] 121691234411849 93890 1000000488
      ✓ should mint for amount=1
[FEE] 121691230761114 93890 1000000458
      ✓ should mint for amount=1
[FEE] 121691227232070 93890 1000000429
      ✓ should mint for amount=1
[FEE] 121691223946408 93890 1000000402
      ✓ should mint for amount=1
[FEE] 121691220904129 93890 1000000377
      ✓ should mint for amount=1

·----------------------------------------|---------------------------|-------------|----------------------------·
|          [90mSolc version: 0.8.17[39m          ·  [90mOptimizer enabled: true[39m  ·  [90mRuns: 200[39m  ·  [90mBlock limit: 8000000 gas[39m  │
·········································|···························|·············|·····························
|  [32m[1mMethods[22m[39m                                                                                                      │
···················|·····················|·············|·············|·············|··············|··············
|  [1mContract[22m        ·  [1mMethod[22m             ·  [32mMin[39m        ·  [32mMax[39m        ·  [32mAvg[39m        ·  [1m# calls[22m     ·  [1musd (avg)[22m  │
···················|·····················|·············|·············|·············|··············|··············
|  [90mXPowerThorTest[39m  ·  init               ·          -  ·          -  ·      67353  ·           [90m1[39m  ·          [32m[90m-[32m[39m  │
···················|·····················|·············|·············|·············|··············|··············
|  [90mXPowerThorTest[39m  ·  mint               ·     [36m124496[39m  ·     [31m229529[39m  ·     126991  ·         [90m234[39m  ·          [32m[90m-[32m[39m  │
···················|·····················|·············|·············|·············|··············|··············
|  [90mXPowerThorTest[39m  ·  transferOwnership  ·          -  ·          -  ·      28656  ·           [90m1[39m  ·          [32m[90m-[32m[39m  │
···················|·····················|·············|·············|·············|··············|··············
|  [32m[1mDeployments[22m[39m                           ·                                         ·  [1m% of limit[22m  ·             │
·········································|·············|·············|·············|··············|··············
|  XPowerThorTest                        ·          -  ·          -  ·    3331941  ·      [90m41.6 %[39m  ·          [32m[90m-[32m[39m  │
·----------------------------------------|-------------|-------------|-------------|--------------|-------------·

  234 passing (18s)

