
> xpower@6.0.0 test-gas
> REPORT_GAS=true npm test ./test/contracts/XPower.fees.1-thor.test.js


> xpower@6.0.0 test
> hardhat test ./test/contracts/XPower.fees.1-thor.test.js


  XPowerThor
    mint
[FEE] 348822982083776 162305 1658186771
      ✓ should mint for amount=1
[FEE] 338642448067531 158030 1653339758
      ✓ should mint for amount=1
[FEE] 328267711391766 154021 1644403843
      ✓ should mint for amount=1
[FEE] 317872718964534 150262 1632166073
      ✓ should mint for amount=1
[FEE] 307592603283800 146739 1617300002
      ✓ should mint for amount=1
[FEE] 297523434654069 143436 1600380562
      ✓ should mint for amount=1
[FEE] 287739463664618 140340 1581897035
      ✓ should mint for amount=1
[FEE] 278288205547360 137436 1562264442
      ✓ should mint for amount=1
[FEE] 269207229934644 134713 1541833459
      ✓ should mint for amount=1
[FEE] 260521437556658 132161 1520899105
      ✓ should mint for amount=1
[FEE] 252244000299592 129770 1499708300
      ✓ should mint for amount=1
[FEE] 244374997904059 127528 1478466460
      ✓ should mint for amount=1
[FEE] 236913149971994 125426 1457343235
      ✓ should mint for amount=1
[FEE] 229851459143716 123455 1436477526
      ✓ should mint for amount=1
[FEE] 223180376687939 121607 1415981848
      ✓ should mint for amount=1
[FEE] 216888747312647 119875 1395946116
      ✓ should mint for amount=1
[FEE] 210959204435616 118250 1376440948
      ✓ should mint for amount=1
[FEE] 205379679488930 116727 1357520518
      ✓ should mint for amount=1
[FEE] 200134802346354 115300 1339225049
      ✓ should mint for amount=1
[FEE] 195206483762008 113962 1321582961
      ✓ should mint for amount=1
[FEE] 190579463670580 112708 1304612729
      ✓ should mint for amount=1
[FEE] 186236370719294 111532 1288324495
      ✓ should mint for amount=1
[FEE] 182163005906719 110430 1272721458
      ✓ should mint for amount=1
[FEE] 178341801080335 109396 1257801071
      ✓ should mint for amount=1
[FEE] 174760210700270 108427 1243556072
      ✓ should mint for amount=1
[FEE] 171404167279246 107519 1229975369
      ✓ should mint for amount=1
[FEE] 168258258653295 106667 1217044796
      ✓ should mint for amount=1
[FEE] 165312115902429 105869 1204747762
      ✓ should mint for amount=1
[FEE] 162550944056673 105120 1193065805
      ✓ should mint for amount=1
[FEE] 159963441248162 104417 1181979057
      ✓ should mint for amount=1
[FEE] 157543190403412 103760 1171466645
      ✓ should mint for amount=1
[FEE] 155274931180369 103143 1161507025
      ✓ should mint for amount=1
[FEE] 153149885957735 102564 1152078262
      ✓ should mint for amount=1
[FEE] 151161063648210 102022 1143158265
      ✓ should mint for amount=1
[FEE] 149297324468105 101513 1134724983
      ✓ should mint for amount=1
[FEE] 147553761146819 101037 1126756562
      ✓ should mint for amount=1
[FEE] 145918431466331 100589 1119231479
      ✓ should mint for amount=1
[FEE] 144388447073863 100170 1112128643
      ✓ should mint for amount=1
[FEE] 142956793144768 99778 1105427482
      ✓ should mint for amount=1
[FEE] 141615304287330 99410 1099108004
      ✓ should mint for amount=1
[FEE] 140358941964500 99065 1093150849
      ✓ should mint for amount=1
[FEE] 139182885335513 98742 1087537323
      ✓ should mint for amount=1
[FEE] 138081119963079 98439 1082249421
      ✓ should mint for amount=1
[FEE] 137049253952131 98155 1077269844
      ✓ should mint for amount=1
[FEE] 136083084154921 97889 1072582004
      ✓ should mint for amount=1
[FEE] 135177202912212 97639 1068170027
      ✓ should mint for amount=1
[FEE] 134329152414814 97405 1064018743
      ✓ should mint for amount=1
[FEE] 133535240481074 97186 1060113682
      ✓ should mint for amount=1
[FEE] 132789188775357 96979 1056441056
      ✓ should mint for amount=1
[FEE] 132091722613796 96786 1052987745
      ✓ should mint for amount=1
[FEE] 131438206877785 96605 1049741279
      ✓ should mint for amount=1
[FEE] 130825508001202 96435 1046689818
      ✓ should mint for amount=1
[FEE] 130251965122415 96276 1043822131
      ✓ should mint for amount=1
[FEE] 129714666030905 96127 1041127571
      ✓ should mint for amount=1
[FEE] 129212151469976 95988 1038596057
      ✓ should mint for amount=1
[FEE] 128740363387701 95857 1036218048
      ✓ should mint for amount=1
[FEE] 128296689762113 95733 1033984520
      ✓ should mint for amount=1
[FEE] 127881280711411 95617 1031886945
      ✓ should mint for amount=1
[FEE] 127494347173629 95510 1029917266
      ✓ should mint for amount=1
[FEE] 127130829097971 95409 1028067878
      ✓ should mint for amount=1
[FEE] 126789749350508 95314 1026331603
      ✓ should mint for amount=1
[FEE] 126468861835008 95224 1024701670
      ✓ should mint for amount=1
[FEE] 126169962957610 95141 1023171697
      ✓ should mint for amount=1
[FEE] 125889588885217 95063 1021735667
      ✓ should mint for amount=1
[FEE] 125626985503952 94990 1020387913
      ✓ should mint for amount=1
[FEE] 125380123691783 94921 1019123095
      ✓ should mint for amount=1
[FEE] 125149662963766 94857 1017936187
      ✓ should mint for amount=1
[FEE] 124933661660490 94797 1016822458
      ✓ should mint for amount=1
[FEE] 124730222154793 94740 1015777456
      ✓ should mint for amount=1
[FEE] 124540118220579 94687 1014796992
      ✓ should mint for amount=1
[FEE] 124362838025427 94638 1013877126
      ✓ should mint for amount=1
[FEE] 124196588503834 94592 1013014153
      ✓ should mint for amount=1
[FEE] 124038298743761 94547 1012204590
      ✓ should mint for amount=1
[FEE] 123891487924796 94506 1011445162
      ✓ should mint for amount=1
[FEE] 123754449475451 94468 1010732792
      ✓ should mint for amount=1
[FEE] 123625504895835 94432 1010064587
      ✓ should mint for amount=1
[FEE] 123503002169793 94397 1009437831
      ✓ should mint for amount=1
[FEE] 123390543699263 94366 1008849971
      ✓ should mint for amount=1
[FEE] 123285208844913 94337 1008298610
      ✓ should mint for amount=1
[FEE] 123186713928918 94310 1007781496
      ✓ should mint for amount=1
[FEE] 123093487314122 94284 1007296514
      ✓ should mint for amount=1
[FEE] 123006586209050 94260 1006841678
      ✓ should mint for amount=1
[FEE] 122924472294101 94237 1006415125
      ✓ should mint for amount=1
[FEE] 122848231462377 94216 1006015104
      ✓ should mint for amount=1
[FEE] 122776354552666 94196 1005639973
      ✓ should mint for amount=1
[FEE] 122708649827291 94177 1005288189
      ✓ should mint for amount=1
[FEE] 122646240132110 94160 1004958305
      ✓ should mint for amount=1
[FEE] 122586351490232 94143 1004648963
      ✓ should mint for amount=1
[FEE] 122531430504072 94128 1004358888
      ✓ should mint for amount=1
[FEE] 122477423700524 94112 1004086884
      ✓ should mint for amount=1
[FEE] 122428097265798 94098 1003831828
      ✓ should mint for amount=1
[FEE] 122380718487158 94084 1003592668
      ✓ should mint for amount=1
[FEE] 122337766976909 94072 1003368416
      ✓ should mint for amount=1
[FEE] 122297826962265 94061 1003158144
      ✓ should mint for amount=1
[FEE] 122260791096714 94051 1002960983
      ✓ should mint for amount=1
[FEE] 122225259063143 94041 1002776118
      ✓ should mint for amount=1
[FEE] 122191137028019 94031 1002602783
      ✓ should mint for amount=1
[FEE] 122160935701741 94023 1002440261
      ✓ should mint for amount=1
[FEE] 122130674146250 94014 1002287878
      ✓ should mint for amount=1
[FEE] 122104172370375 94007 1002145003
      ✓ should mint for amount=1
[FEE] 122077460624675 93999 1002011043
      ✓ should mint for amount=1
[FEE] 122054367184423 93993 1001885443
      ✓ should mint for amount=1
[FEE] 122030932225531 93986 1001767682
      ✓ should mint for amount=1
[FEE] 122009693054936 93980 1001657272
      ✓ should mint for amount=1
[FEE] 121990593165015 93975 1001553754
      ✓ should mint for amount=1
[FEE] 121972281655202 93970 1001456698
      ✓ should mint for amount=1
[FEE] 121954709440935 93965 1001365702
      ✓ should mint for amount=1
[FEE] 121937830249057 93960 1001280387
      ✓ should mint for amount=1
[FEE] 121922898520149 93956 1001200399
      ✓ should mint for amount=1
[FEE] 121908575869433 93952 1001125406
      ✓ should mint for amount=1
[FEE] 121894824228119 93948 1001055096
      ✓ should mint for amount=1
[FEE] 121881607969111 93944 1000989177
      ✓ should mint for amount=1
[FEE] 121870190968636 93941 1000927375
      ✓ should mint for amount=1
[FEE] 121857947186288 93937 1000869433
      ✓ should mint for amount=1
[FEE] 121848738927095 93935 1000815110
      ✓ should mint for amount=1
[FEE] 121839944036792 93933 1000764180
      ✓ should mint for amount=1
[FEE] 121831536800942 93931 1000716432
      ✓ should mint for amount=1
[FEE] 121822195872222 93928 1000671666
      ✓ should mint for amount=1
[FEE] 121814492708566 93926 1000629697
      ✓ should mint for amount=1
[FEE] 121807108952301 93924 1000590350
      ✓ should mint for amount=1
[FEE] 121800024618882 93922 1000553461
      ✓ should mint for amount=1
[FEE] 121793220942765 93920 1000518876
      ✓ should mint for amount=1
[FEE] 121787977233182 93919 1000486452
      ✓ should mint for amount=1
[FEE] 121782980227495 93918 1000456054
      ✓ should mint for amount=1
[FEE] 121775621142921 93915 1000427555
      ✓ should mint for amount=1
[FEE] 121771072309162 93914 1000400837
      ✓ should mint for amount=1
[FEE] 121766726696987 93913 1000375788
      ✓ should mint for amount=1
[FEE] 121762571641057 93912 1000352304
      ✓ should mint for amount=1
[FEE] 121758595328605 93911 1000330288
      ✓ should mint for amount=1
[FEE] 121754786434230 93910 1000309647
      ✓ should mint for amount=1
[FEE] 121751134606745 93909 1000290296
      ✓ should mint for amount=1
[FEE] 121747629982258 93908 1000272154
      ✓ should mint for amount=1
[FEE] 121744263427578 93907 1000255146
      ✓ should mint for amount=1
[FEE] 121741026296749 93906 1000239201
      ✓ should mint for amount=1
[FEE] 121737910431027 93905 1000224252
      ✓ should mint for amount=1
[FEE] 121736204656736 93905 1000210237
      ✓ should mint for amount=1
[FEE] 121734605500944 93905 1000197098
      ✓ should mint for amount=1
[FEE] 121733106269569 93905 1000184780
      ✓ should mint for amount=1
[FEE] 121729108098945 93903 1000173232
      ✓ should mint for amount=1
[FEE] 121727790366165 93903 1000162405
      ✓ should mint for amount=1
[FEE] 121725258728694 93902 1000152255
      ✓ should mint for amount=1
[FEE] 121721507990088 93900 1000142739
      ✓ should mint for amount=1
[FEE] 121720422267490 93900 1000133818
      ✓ should mint for amount=1
[FEE] 121719404455800 93900 1000125455
      ✓ should mint for amount=1
[FEE] 121718450173669 93900 1000117614
      ✓ should mint for amount=1
[FEE] 121717555526565 93900 1000110263
      ✓ should mint for amount=1
[FEE] 121716716863363 93900 1000103372
      ✓ should mint for amount=1
[FEE] 121715930532940 93900 1000096911
      ✓ should mint for amount=1
[FEE] 121712600928105 93898 1000090854
      ✓ should mint for amount=1
[FEE] 121711909906739 93898 1000085176
      ✓ should mint for amount=1
[FEE] 121711262089421 93898 1000079853
      ✓ should mint for amount=1
[FEE] 121709358476301 93897 1000074862
      ✓ should mint for amount=1
[FEE] 121708789040842 93897 1000070183
      ✓ should mint for amount=1
[FEE] 121708255263555 93897 1000065797
      ✓ should mint for amount=1
[FEE] 121706458648501 93896 1000061685
      ✓ should mint for amount=1
[FEE] 121704693320403 93895 1000057830
      ✓ should mint for amount=1
[FEE] 121704253505076 93895 1000054216
      ✓ should mint for amount=1
[FEE] 121702545023855 93894 1000050828
      ✓ should mint for amount=1
[FEE] 121702158394521 93894 1000047651
      ✓ should mint for amount=1
[FEE] 121700499821177 93893 1000044673
      ✓ should mint for amount=1
[FEE] 121700160048560 93893 1000041881
      ✓ should mint for amount=1
[FEE] 121699841450884 93893 1000039263
      ✓ should mint for amount=1
[FEE] 121699542811198 93893 1000036809
      ✓ should mint for amount=1
[FEE] 121699262790858 93893 1000034508
      ✓ should mint for amount=1
[FEE] 121699000294606 93893 1000032351
      ✓ should mint for amount=1
[FEE] 121697458084193 93892 1000030329
      ✓ should mint for amount=1
[FEE] 121695931212273 93891 1000028433
      ✓ should mint for amount=1
[FEE] 121695714964752 93891 1000026656
      ✓ should mint for amount=1
[FEE] 121695512225095 93891 1000024990
      ✓ should mint for amount=1
[FEE] 121694026007404 93890 1000023428
      ✓ should mint for amount=1
[FEE] 121693847851524 93890 1000021964
      ✓ should mint for amount=1
[FEE] 121693680769541 93890 1000020591
      ✓ should mint for amount=1
[FEE] 121693524152998 93890 1000019304
      ✓ should mint for amount=1
[FEE] 121693377393441 93890 1000018098
      ✓ should mint for amount=1
[FEE] 121691943635046 93889 1000016967
      ✓ should mint for amount=1
[FEE] 121693110768077 93890 1000015907
      ✓ should mint for amount=1
[FEE] 121692989807049 93890 1000014913
      ✓ should mint for amount=1
[FEE] 121692876390874 93890 1000013981
      ✓ should mint for amount=1
[FEE] 121692770032787 93890 1000013107
      ✓ should mint for amount=1
[FEE] 121691374248103 93889 1000012288
      ✓ should mint for amount=1
[FEE] 121691280790275 93889 1000011520
      ✓ should mint for amount=1
[FEE] 121691193173563 93889 1000010800
      ✓ should mint for amount=1
[FEE] 121691111032894 93889 1000010125
      ✓ should mint for amount=1
[FEE] 121689737887213 93888 1000009492
      ✓ should mint for amount=1
[FEE] 121688369610664 93887 1000008899
      ✓ should mint for amount=1
[FEE] 121689598067031 93888 1000008343
      ✓ should mint for amount=1
[FEE] 121690830781103 93889 1000007822
      ✓ should mint for amount=1
[FEE] 121692067387942 93890 1000007333
      ✓ should mint for amount=1
[FEE] 121692011653384 93890 1000006875
      ✓ should mint for amount=1
[FEE] 121691959326179 93890 1000006445
      ✓ should mint for amount=1
[FEE] 121691910284635 93890 1000006042
      ✓ should mint for amount=1
[FEE] 121691864285371 93890 1000005664
      ✓ should mint for amount=1
[FEE] 121691821206695 93890 1000005310
      ✓ should mint for amount=1
[FEE] 121691780805225 93890 1000004978
      ✓ should mint for amount=1
[FEE] 121690446849535 93889 1000004667
      ✓ should mint for amount=1
[FEE] 121691707425446 93890 1000004375
      ✓ should mint for amount=1
[FEE] 121691674203756 93890 1000004102
      ✓ should mint for amount=1
[FEE] 121691643050815 93890 1000003846
      ✓ should mint for amount=1
[FEE] 121691613844933 93890 1000003606
      ✓ should mint for amount=1
[FEE] 121691586464419 93890 1000003381
      ✓ should mint for amount=1
[FEE] 121690264679786 93889 1000003170
      ✓ should mint for amount=1
[FEE] 121691536692728 93890 1000002972
      ✓ should mint for amount=1
[FEE] 121691514058169 93890 1000002786
      ✓ should mint for amount=1
[FEE] 121691492883905 93890 1000002612
      ✓ should mint for amount=1
[FEE] 121691473048243 93890 1000002449
      ✓ should mint for amount=1
[FEE] 121690158322832 93889 1000002296
      ✓ should mint for amount=1
[FEE] 121691437027656 93890 1000002153
      ✓ should mint for amount=1
[FEE] 121691420599347 93890 1000002018
      ✓ should mint for amount=1
[FEE] 121690109160121 93889 1000001892
      ✓ should mint for amount=1
[FEE] 121691390906700 93890 1000001774
      ✓ should mint for amount=1
[FEE] 121691377398980 93890 1000001663
      ✓ should mint for amount=1
[FEE] 121691364743098 93890 1000001559
      ✓ should mint for amount=1
[FEE] 121691352939054 93890 1000001462
      ✓ should mint for amount=1
[FEE] 121691341865157 93890 1000001371
      ✓ should mint for amount=1
[FEE] 121690035294365 93889 1000001285
      ✓ should mint for amount=1
[FEE] 121690025559174 93889 1000001205
      ✓ should mint for amount=1
[FEE] 121690016432433 93889 1000001130
      ✓ should mint for amount=1
[FEE] 121691303897510 93890 1000001059
      ✓ should mint for amount=1
[FEE] 121691295865893 93890 1000000993
      ✓ should mint for amount=1
[FEE] 121689992216148 93889 1000000931
      ✓ should mint for amount=1
[FEE] 121691281262952 93890 1000000873
      ✓ should mint for amount=1
[FEE] 121691274569937 93890 1000000818
      ✓ should mint for amount=1
[FEE] 121691268363687 93890 1000000767
      ✓ should mint for amount=1
[FEE] 121691262522511 93890 1000000719
      ✓ should mint for amount=1
[FEE] 121691257046408 93890 1000000674
      ✓ should mint for amount=1
[FEE] 121689955830874 93889 1000000632
      ✓ should mint for amount=1
[FEE] 121691247189423 93890 1000000593
      ✓ should mint for amount=1
[FEE] 121691242686849 93890 1000000556
      ✓ should mint for amount=1
[FEE] 121691238427658 93890 1000000521
      ✓ should mint for amount=1
[FEE] 121691234411849 93890 1000000488
      ✓ should mint for amount=1
[FEE] 121691230761114 93890 1000000458
      ✓ should mint for amount=1
[FEE] 121691227232070 93890 1000000429
      ✓ should mint for amount=1
[FEE] 121691223946408 93890 1000000402
      ✓ should mint for amount=1
[FEE] 121691220904129 93890 1000000377
      ✓ should mint for amount=1
[FEE] 121691217983541 93890 1000000353
      ✓ should mint for amount=1

·----------------------------------------|---------------------------|-------------|----------------------------·
|          [90mSolc version: 0.8.17[39m          ·  [90mOptimizer enabled: true[39m  ·  [90mRuns: 200[39m  ·  [90mBlock limit: 8000000 gas[39m  │
·········································|···························|·············|·····························
|  [32m[1mMethods[22m[39m                                                                                                      │
···················|·····················|·············|·············|·············|··············|··············
|  [1mContract[22m        ·  [1mMethod[22m             ·  [32mMin[39m        ·  [32mMax[39m        ·  [32mAvg[39m        ·  [1m# calls[22m     ·  [1musd (avg)[22m  │
···················|·····················|·············|·············|·············|··············|··············
|  [90mXPowerThorTest[39m  ·  init               ·          -  ·          -  ·      67353  ·           [90m1[39m  ·          [32m[90m-[32m[39m  │
···················|·····················|·············|·············|·············|··············|··············
|  [90mXPowerThorTest[39m  ·  mint               ·     [36m124497[39m  ·     [31m229535[39m  ·     126945  ·         [90m235[39m  ·          [32m[90m-[32m[39m  │
···················|·····················|·············|·············|·············|··············|··············
|  [90mXPowerThorTest[39m  ·  transferOwnership  ·          -  ·          -  ·      28656  ·           [90m1[39m  ·          [32m[90m-[32m[39m  │
···················|·····················|·············|·············|·············|··············|··············
|  [32m[1mDeployments[22m[39m                           ·                                         ·  [1m% of limit[22m  ·             │
·········································|·············|·············|·············|··············|··············
|  XPowerThorTest                        ·          -  ·          -  ·    3331941  ·      [90m41.6 %[39m  ·          [32m[90m-[32m[39m  │
·----------------------------------------|-------------|-------------|-------------|--------------|-------------·

  235 passing (20s)

