
> xpower@6.0.0 test-gas
> REPORT_GAS=true npm test ./test/contracts/XPower.fees.1-thor.test.js


> xpower@6.0.0 test
> hardhat test ./test/contracts/XPower.fees.1-thor.test.js


  XPowerThor
    mint
[FEE] 348822982083776 162305 1658186771
      ✓ should mint for amount=1
[FEE] 338642448067531 158030 1653339758
      ✓ should mint for amount=1
[FEE] 328269842709647 154022 1644403843
      ✓ should mint for amount=1
[FEE] 317874837926612 150263 1632166091
      ✓ should mint for amount=1
[FEE] 307594705748572 146740 1617300035
      ✓ should mint for amount=1
[FEE] 297523443019926 143436 1600380607
      ✓ should mint for amount=1
[FEE] 287739471304216 140340 1581897077
      ✓ should mint for amount=1
[FEE] 278290237351233 137437 1562264481
      ✓ should mint for amount=1
[FEE] 269211234718513 134715 1541833505
      ✓ should mint for amount=1
[FEE] 260527360535569 132164 1520899159
      ✓ should mint for amount=1
[FEE] 252247898787369 129772 1499708365
      ✓ should mint for amount=1
[FEE] 244378842296746 127530 1478466532
      ✓ should mint for amount=1
[FEE] 236916940388149 125428 1457343313
      ✓ should mint for amount=1
[FEE] 229853334408521 123456 1436477610
      ✓ should mint for amount=1
[FEE] 223182225187024 121608 1415981932
      ✓ should mint for amount=1
[FEE] 216890569654777 119876 1395946200
      ✓ should mint for amount=1
[FEE] 210962785177136 118252 1376441031
      ✓ should mint for amount=1
[FEE] 205384970810975 116730 1357520603
      ✓ should mint for amount=1
[FEE] 200140022821047 115303 1339225137
      ✓ should mint for amount=1
[FEE] 195211635781588 113965 1321583051
      ✓ should mint for amount=1
[FEE] 190584549558341 112711 1304612819
      ✓ should mint for amount=1
[FEE] 186241393136155 111535 1288324585
      ✓ should mint for amount=1
[FEE] 182166317803351 110432 1272721547
      ✓ should mint for amount=1
[FEE] 178345074039164 109398 1257801159
      ✓ should mint for amount=1
[FEE] 174763446482050 108429 1243556159
      ✓ should mint for amount=1
[FEE] 171407367475924 107521 1229975454
      ✓ should mint for amount=1
[FEE] 168263002377228 106670 1217044879
      ✓ should mint for amount=1
[FEE] 165316811588601 105872 1204747844
      ✓ should mint for amount=1
[FEE] 162554047630567 105122 1193065885
      ✓ should mint for amount=1
[FEE] 159966515739338 104419 1181979135
      ✓ should mint for amount=1
[FEE] 157544718966509 103761 1171466721
      ✓ should mint for amount=1
[FEE] 155277951940250 103145 1161507099
      ✓ should mint for amount=1
[FEE] 153154375167877 102567 1152078334
      ✓ should mint for amount=1
[FEE] 151164036207848 102024 1143158335
      ✓ should mint for amount=1
[FEE] 149301745578921 101516 1134725051
      ✓ should mint for amount=1
[FEE] 147558150970066 101040 1126756628
      ✓ should mint for amount=1
[FEE] 145925692880511 100594 1119231542
      ✓ should mint for amount=1
[FEE] 144394220729983 100174 1112128704
      ✓ should mint for amount=1
[FEE] 142961098891606 99781 1105427540
      ✓ should mint for amount=1
[FEE] 141618160618702 99412 1099108060
      ✓ should mint for amount=1
[FEE] 140361782571847 99067 1093150903
      ✓ should mint for amount=1
[FEE] 139185710984884 98744 1087537374
      ✓ should mint for amount=1
[FEE] 138083931502313 98441 1082249469
      ✓ should mint for amount=1
[FEE] 137052052183936 98157 1077269889
      ✓ should mint for amount=1
[FEE] 136084479788060 97890 1072582047
      ✓ should mint for amount=1
[FEE] 135178592559934 97640 1068170068
      ✓ should mint for amount=1
[FEE] 134329157338446 97405 1064018782
      ✓ should mint for amount=1
[FEE] 133533871124412 97185 1060113719
      ✓ should mint for amount=1
[FEE] 132790562431868 96980 1056441091
      ✓ should mint for amount=1
[FEE] 132093091534810 96787 1052987778
      ✓ should mint for amount=1
[FEE] 131438210759298 96605 1049741310
      ✓ should mint for amount=1
[FEE] 130824155132326 96434 1046689848
      ✓ should mint for amount=1
[FEE] 130249262812864 96274 1043822159
      ✓ should mint for amount=1
[FEE] 129711970576216 96125 1041127598
      ✓ should mint for amount=1
[FEE] 129209462448224 95986 1038596083
      ✓ should mint for amount=1
[FEE] 128737680277351 95855 1036218072
      ✓ should mint for amount=1
[FEE] 128295352464773 95732 1033984543
      ✓ should mint for amount=1
[FEE] 127881283313931 95617 1031886966
      ✓ should mint for amount=1
[FEE] 127494349649446 95510 1029917286
      ✓ should mint for amount=1
[FEE] 127130831447510 95409 1028067897
      ✓ should mint for amount=1
[FEE] 126789751574170 95314 1026331621
      ✓ should mint for amount=1
[FEE] 126470192052784 95225 1024701687
      ✓ should mint for amount=1
[FEE] 126171291067240 95142 1023171713
      ✓ should mint for amount=1
[FEE] 125890915008772 95064 1021735682
      ✓ should mint for amount=1
[FEE] 125626987227588 94990 1020387927
      ✓ should mint for amount=1
[FEE] 125381446180356 94922 1019123108
      ✓ should mint for amount=1
[FEE] 125150983912904 94858 1017936200
      ✓ should mint for amount=1
[FEE] 124934981165110 94798 1016822471
      ✓ should mint for amount=1
[FEE] 124732856734147 94742 1015777468
      ✓ should mint for amount=1
[FEE] 124542750134816 94689 1014797003
      ✓ should mint for amount=1
[FEE] 124365467431819 94640 1013877136
      ✓ should mint for amount=1
[FEE] 124196589607244 94592 1013014162
      ✓ should mint for amount=1
[FEE] 124039611646212 94548 1012204598
      ✓ should mint for amount=1
[FEE] 123892799720034 94507 1011445169
      ✓ should mint for amount=1
[FEE] 123755760224598 94469 1010732798
      ✓ should mint for amount=1
[FEE] 123626814778639 94433 1010064593
      ✓ should mint for amount=1
[FEE] 123506927912185 94400 1009437837
      ✓ should mint for amount=1
[FEE] 123394467155632 94369 1008849977
      ✓ should mint for amount=1
[FEE] 123286516438088 94338 1008298616
      ✓ should mint for amount=1
[FEE] 123185408350778 94309 1007781501
      ✓ should mint for amount=1
[FEE] 123092182364400 94283 1007296519
      ✓ should mint for amount=1
[FEE] 123002671906256 94257 1006841683
      ✓ should mint for amount=1
[FEE] 122921864068087 94235 1006415130
      ✓ should mint for amount=1
[FEE] 122845624273165 94214 1006015109
      ✓ should mint for amount=1
[FEE] 122773748213657 94194 1005639977
      ✓ should mint for amount=1
[FEE] 122706044400080 94175 1005288193
      ✓ should mint for amount=1
[FEE] 122643635559938 94158 1004958309
      ✓ should mint for amount=1
[FEE] 122583747597835 94141 1004648966
      ✓ should mint for amount=1
[FEE] 122528827363551 94126 1004358891
      ✓ should mint for amount=1
[FEE] 122477424066461 94112 1004086887
      ✓ should mint for amount=1
[FEE] 122426796561545 94097 1003831831
      ✓ should mint for amount=1
[FEE] 122379418092827 94083 1003592671
      ✓ should mint for amount=1
[FEE] 122336466751258 94071 1003368418
      ✓ should mint for amount=1
[FEE] 122295226812151 94059 1003158146
      ✓ should mint for amount=1
[FEE] 122258191457656 94049 1002960985
      ✓ should mint for amount=1
[FEE] 122223959605092 94040 1002776120
      ✓ should mint for amount=1
[FEE] 122189837794602 94030 1002602785
      ✓ should mint for amount=1
[FEE] 122158337412430 94021 1002440263
      ✓ should mint for amount=1
[FEE] 122129375320938 94013 1002287880
      ✓ should mint for amount=1
[FEE] 122102873730226 94006 1002145005
      ✓ should mint for amount=1
[FEE] 122076162158132 93998 1002011045
      ✓ should mint for amount=1
[FEE] 122053068880655 93992 1001885445
      ✓ should mint for amount=1
[FEE] 122029634074375 93985 1001767684
      ✓ should mint for amount=1
[FEE] 122009693298551 93980 1001657274
      ✓ should mint for amount=1
[FEE] 121990593408618 93975 1001553756
      ✓ should mint for amount=1
[FEE] 121970983907072 93969 1001456700
      ✓ should mint for amount=1
[FEE] 121954709684512 93965 1001365704
      ✓ should mint for amount=1
[FEE] 121939128255824 93961 1001280389
      ✓ should mint for amount=1
[FEE] 121924196423232 93957 1001200401
      ✓ should mint for amount=1
[FEE] 121909873675307 93953 1001125408
      ✓ should mint for amount=1
[FEE] 121897419414055 93950 1001055098
      ✓ should mint for amount=1
[FEE] 121884202984161 93946 1000989179
      ✓ should mint for amount=1
[FEE] 121871488517812 93942 1000927377
      ✓ should mint for amount=1
[FEE] 121859244660356 93938 1000869435
      ✓ should mint for amount=1
[FEE] 121848739170594 93935 1000815112
      ✓ should mint for amount=1
[FEE] 121838647186141 93932 1000764182
      ✓ should mint for amount=1
[FEE] 121830240012172 93930 1000716434
      ✓ should mint for amount=1
[FEE] 121820899141466 93927 1000671668
      ✓ should mint for amount=1
[FEE] 121813196032201 93925 1000629699
      ✓ should mint for amount=1
[FEE] 121805812326929 93923 1000590352
      ✓ should mint for amount=1
[FEE] 121797431220286 93920 1000553463
      ✓ should mint for amount=1
[FEE] 121790627633815 93918 1000518878
      ✓ should mint for amount=1
[FEE] 121785384008279 93917 1000486454
      ✓ should mint for amount=1
[FEE] 121780387081388 93916 1000456056
      ✓ should mint for amount=1
[FEE] 121775621386368 93915 1000427557
      ✓ should mint for amount=1
[FEE] 121771072552607 93914 1000400839
      ✓ should mint for amount=1
[FEE] 121765430349680 93912 1000375790
      ✓ should mint for amount=1
[FEE] 121761275324186 93911 1000352306
      ✓ should mint for amount=1
[FEE] 121757299040266 93910 1000330290
      ✓ should mint for amount=1
[FEE] 121753490172642 93909 1000309649
      ✓ should mint for amount=1
[FEE] 121749838370235 93908 1000290298
      ✓ should mint for amount=1
[FEE] 121745037312832 93906 1000272156
      ✓ should mint for amount=1
[FEE] 121741670802237 93905 1000255148
      ✓ should mint for amount=1
[FEE] 121739730126456 93905 1000239203
      ✓ should mint for amount=1
[FEE] 121737910674448 93905 1000224254
      ✓ should mint for amount=1
[FEE] 121733612147803 93903 1000210239
      ✓ should mint for amount=1
[FEE] 121732013026071 93903 1000197100
      ✓ should mint for amount=1
[FEE] 121727921140262 93901 1000184782
      ✓ should mint for amount=1
[FEE] 121725219357717 93900 1000173234
      ✓ should mint for amount=1
[FEE] 121723901667036 93900 1000162407
      ✓ should mint for amount=1
[FEE] 121720073768002 93898 1000152257
      ✓ should mint for amount=1
[FEE] 121717619367418 93897 1000142741
      ✓ should mint for amount=1
[FEE] 121716533679508 93897 1000133820
      ✓ should mint for amount=1
[FEE] 121715515778636 93897 1000125456
      ✓ should mint for amount=1
[FEE] 121714561526993 93897 1000117615
      ✓ should mint for amount=1
[FEE] 121713666908472 93897 1000110264
      ✓ should mint for amount=1
[FEE] 121712828272065 93897 1000103373
      ✓ should mint for amount=1
[FEE] 121712041966764 93897 1000096912
      ✓ should mint for amount=1
[FEE] 121711304828363 93897 1000090855
      ✓ should mint for amount=1
[FEE] 121709317600273 93896 1000085177
      ✓ should mint for amount=1
[FEE] 121708669675054 93896 1000079853
      ✓ should mint for amount=1
[FEE] 121708062275587 93896 1000074862
      ✓ should mint for amount=1
[FEE] 121707492846192 93896 1000070183
      ✓ should mint for amount=1
[FEE] 121706959074590 93896 1000065797
      ✓ should mint for amount=1
[FEE] 121705162464865 93895 1000061685
      ✓ should mint for amount=1
[FEE] 121703397141764 93894 1000057830
      ✓ should mint for amount=1
[FEE] 121701661157166 93893 1000054216
      ✓ should mint for amount=1
[FEE] 121699952684728 93892 1000050828
      ✓ should mint for amount=1
[FEE] 121699566063629 93892 1000047651
      ✓ should mint for amount=1
[FEE] 121699203659590 93892 1000044673
      ✓ should mint for amount=1
[FEE] 121698863890592 93892 1000041881
      ✓ should mint for amount=1
[FEE] 121698545296310 93892 1000039263
      ✓ should mint for amount=1
[FEE] 121696950508411 93891 1000036809
      ✓ should mint for amount=1
[FEE] 121696670494035 93891 1000034508
      ✓ should mint for amount=1
[FEE] 121696408003375 93891 1000032351
      ✓ should mint for amount=1
[FEE] 121696161941198 93891 1000030329
      ✓ should mint for amount=1
[FEE] 121695931212273 93891 1000028433
      ✓ should mint for amount=1
[FEE] 121695714964752 93891 1000026656
      ✓ should mint for amount=1
[FEE] 121695512225095 93891 1000024990
      ✓ should mint for amount=1
[FEE] 121695322141455 93891 1000023428
      ✓ should mint for amount=1
[FEE] 121695143983677 93891 1000021964
      ✓ should mint for amount=1
[FEE] 121694976899914 93891 1000020591
      ✓ should mint for amount=1
[FEE] 121694820281704 93891 1000019304
      ✓ should mint for amount=1
[FEE] 121694673520584 93891 1000018098
      ✓ should mint for amount=1
[FEE] 121693239760722 93890 1000016967
      ✓ should mint for amount=1
[FEE] 121693110768077 93890 1000015907
      ✓ should mint for amount=1
[FEE] 121692989807049 93890 1000014913
      ✓ should mint for amount=1
[FEE] 121692876390874 93890 1000013981
      ✓ should mint for amount=1
[FEE] 121692770032787 93890 1000013107
      ✓ should mint for amount=1
[FEE] 121692670367714 93890 1000012288
      ✓ should mint for amount=1
[FEE] 121692576908892 93890 1000011520
      ✓ should mint for amount=1
[FEE] 121692489291246 93890 1000010800
      ✓ should mint for amount=1
[FEE] 121691111032894 93889 1000010125
      ✓ should mint for amount=1
[FEE] 121692330119189 93890 1000009492
      ✓ should mint for amount=1
[FEE] 121692257956322 93890 1000008899
      ✓ should mint for amount=1
[FEE] 121692190296029 93890 1000008343
      ✓ should mint for amount=1
[FEE] 121692126894927 93890 1000007822
      ✓ should mint for amount=1
[FEE] 121692067387942 93890 1000007333
      ✓ should mint for amount=1
[FEE] 121690715540788 93889 1000006875
      ✓ should mint for amount=1
[FEE] 121691959326179 93890 1000006445
      ✓ should mint for amount=1
[FEE] 121690614173119 93889 1000006042
      ✓ should mint for amount=1
[FEE] 121690568174345 93889 1000005664
      ✓ should mint for amount=1
[FEE] 121690525096127 93889 1000005310
      ✓ should mint for amount=1
[FEE] 121690484695088 93889 1000004978
      ✓ should mint for amount=1
[FEE] 121691742959270 93890 1000004667
      ✓ should mint for amount=1
[FEE] 121690411316091 93889 1000004375
      ✓ should mint for amount=1
[FEE] 121691674203756 93890 1000004102
      ✓ should mint for amount=1
[FEE] 121691643050815 93890 1000003846
      ✓ should mint for amount=1
[FEE] 121691613844933 93890 1000003606
      ✓ should mint for amount=1
[FEE] 121691586464419 93890 1000003381
      ✓ should mint for amount=1
[FEE] 121691560787581 93890 1000003170
      ✓ should mint for amount=1
[FEE] 121691536692728 93890 1000002972
      ✓ should mint for amount=1
[FEE] 121690217950873 93889 1000002786
      ✓ should mint for amount=1
[FEE] 121691492883905 93890 1000002612
      ✓ should mint for amount=1
[FEE] 121691473048243 93890 1000002449
      ✓ should mint for amount=1
[FEE] 121691454429494 93890 1000002296
      ✓ should mint for amount=1
[FEE] 121691437027656 93890 1000002153
      ✓ should mint for amount=1
[FEE] 121691420599347 93890 1000002018
      ✓ should mint for amount=1
[FEE] 121691405266259 93890 1000001892
      ✓ should mint for amount=1
[FEE] 121691390906700 93890 1000001774
      ✓ should mint for amount=1
[FEE] 121691377398980 93890 1000001663
      ✓ should mint for amount=1
[FEE] 121691364743098 93890 1000001559
      ✓ should mint for amount=1
[FEE] 121691352939054 93890 1000001462
      ✓ should mint for amount=1
[FEE] 121691341865157 93890 1000001371
      ✓ should mint for amount=1
[FEE] 121691331399716 93890 1000001285
      ✓ should mint for amount=1
[FEE] 121691321664422 93890 1000001205
      ✓ should mint for amount=1
[FEE] 121691312537584 93890 1000001130
      ✓ should mint for amount=1
[FEE] 121691303897510 93890 1000001059
      ✓ should mint for amount=1
[FEE] 121691295865893 93890 1000000993
      ✓ should mint for amount=1
[FEE] 121691288321040 93890 1000000931
      ✓ should mint for amount=1
[FEE] 121689985158135 93889 1000000873
      ✓ should mint for amount=1
[FEE] 121689978465191 93889 1000000818
      ✓ should mint for amount=1
[FEE] 121691268363687 93890 1000000767
      ✓ should mint for amount=1
[FEE] 121691262522511 93890 1000000719
      ✓ should mint for amount=1
[FEE] 121691257046408 93890 1000000674
      ✓ should mint for amount=1
[FEE] 121691251935378 93890 1000000632
      ✓ should mint for amount=1
[FEE] 121691247189423 93890 1000000593
      ✓ should mint for amount=1
[FEE] 121689946582443 93889 1000000556
      ✓ should mint for amount=1
[FEE] 121691238427658 93890 1000000521
      ✓ should mint for amount=1
[FEE] 121691234411849 93890 1000000488
      ✓ should mint for amount=1
[FEE] 121691230761114 93890 1000000458
      ✓ should mint for amount=1
[FEE] 121691227232070 93890 1000000429
      ✓ should mint for amount=1
[FEE] 121691223946408 93890 1000000402
      ✓ should mint for amount=1
[FEE] 121689924799955 93889 1000000377
      ✓ should mint for amount=1
[FEE] 121691217983541 93890 1000000353
      ✓ should mint for amount=1
[FEE] 121689919202220 93889 1000000331
      ✓ should mint for amount=1

·----------------------------------------|---------------------------|-------------|----------------------------·
|          [90mSolc version: 0.8.17[39m          ·  [90mOptimizer enabled: true[39m  ·  [90mRuns: 200[39m  ·  [90mBlock limit: 8000000 gas[39m  │
·········································|···························|·············|·····························
|  [32m[1mMethods[22m[39m                                                                                                      │
···················|·····················|·············|·············|·············|··············|··············
|  [1mContract[22m        ·  [1mMethod[22m             ·  [32mMin[39m        ·  [32mMax[39m        ·  [32mAvg[39m        ·  [1m# calls[22m     ·  [1musd (avg)[22m  │
···················|·····················|·············|·············|·············|··············|··············
|  [90mXPowerThorTest[39m  ·  init               ·          -  ·          -  ·      67353  ·           [90m1[39m  ·          [32m[90m-[32m[39m  │
···················|·····················|·············|·············|·············|··············|··············
|  [90mXPowerThorTest[39m  ·  mint               ·     [36m124497[39m  ·     [31m229535[39m  ·     126852  ·         [90m236[39m  ·          [32m[90m-[32m[39m  │
···················|·····················|·············|·············|·············|··············|··············
|  [90mXPowerThorTest[39m  ·  transferOwnership  ·          -  ·          -  ·      28656  ·           [90m1[39m  ·          [32m[90m-[32m[39m  │
···················|·····················|·············|·············|·············|··············|··············
|  [32m[1mDeployments[22m[39m                           ·                                         ·  [1m% of limit[22m  ·             │
·········································|·············|·············|·············|··············|··············
|  XPowerThorTest                        ·          -  ·          -  ·    3331941  ·      [90m41.6 %[39m  ·          [32m[90m-[32m[39m  │
·----------------------------------------|-------------|-------------|-------------|--------------|-------------·

  236 passing (19s)

