
> xpower@6.0.0 test-gas
> REPORT_GAS=true npm test ./test/contracts/XPower.fees.1-thor.test.js


> xpower@6.0.0 test
> hardhat test ./test/contracts/XPower.fees.1-thor.test.js


  XPowerThor
    mint
[FEE] 348822982083776 162305 1658186771
      ✓ should mint for amount=1
[FEE] 338642451344703 158030 1653339774
      ✓ should mint for amount=1
[FEE] 328269851094044 154022 1644403885
      ✓ should mint for amount=1
[FEE] 317876967989927 150264 1632166166
      ✓ should mint for amount=1
[FEE] 307596826281626 146741 1617300163
      ✓ should mint for amount=1
[FEE] 297527625002226 143438 1600380787
      ✓ should mint for amount=1
[FEE] 287743615928742 140342 1581897319
      ✓ should mint for amount=1
[FEE] 278294340327159 137439 1562264780
      ✓ should mint for amount=1
[FEE] 269215292408602 134717 1541833854
      ✓ should mint for amount=1
[FEE] 260529399099295 132165 1520899552
      ✓ should mint for amount=1
[FEE] 252247970607902 129772 1499708792
      ✓ should mint for amount=1
[FEE] 244375084019894 127528 1478466981
      ✓ should mint for amount=1
[FEE] 236913237594583 125426 1457343774
      ✓ should mint for amount=1
[FEE] 229851547789523 123455 1436478080
      ✓ should mint for amount=1
[FEE] 223182301000597 121608 1415982413
      ✓ should mint for amount=1
[FEE] 216888836495273 119875 1395946690
      ✓ should mint for amount=1
[FEE] 210961076726763 118251 1376441524
      ✓ should mint for amount=1
[FEE] 205383286062205 116729 1357521097
      ✓ should mint for amount=1
[FEE] 200136624946707 115301 1339225630
      ✓ should mint for amount=1
[FEE] 195208282045699 113963 1321583539
      ✓ should mint for amount=1
[FEE] 190581238143165 112709 1304613301
      ✓ should mint for amount=1
[FEE] 186238122052320 111533 1288325059
      ✓ should mint for amount=1
[FEE] 182164734922856 110431 1272722013
      ✓ should mint for amount=1
[FEE] 178343508454620 109397 1257801615
      ✓ should mint for amount=1
[FEE] 174761897241929 108428 1243556604
      ✓ should mint for amount=1
[FEE] 171405833781173 107520 1229975888
      ✓ should mint for amount=1
[FEE] 168261483304099 106669 1217045301
      ✓ should mint for amount=1
[FEE] 165315306233376 105871 1204748253
      ✓ should mint for amount=1
[FEE] 162555647922780 105123 1193066281
      ✓ should mint for amount=1
[FEE] 159969631645094 104421 1181979519
      ✓ should mint for amount=1
[FEE] 157547805680567 103763 1171467093
      ✓ should mint for amount=1
[FEE] 155279505367841 103146 1161507458
      ✓ should mint for amount=1
[FEE] 153155914377663 102568 1152078680
      ✓ should mint for amount=1
[FEE] 151167043545990 102026 1143158668
      ✓ should mint for amount=1
[FEE] 149304729126475 101518 1134725371
      ✓ should mint for amount=1
[FEE] 147561111961901 101042 1126756935
      ✓ should mint for amount=1
[FEE] 145927181983195 100595 1119231837
      ✓ should mint for amount=1
[FEE] 144397140342498 100176 1112128987
      ✓ should mint for amount=1
[FEE] 142965432186273 99784 1105427811
      ✓ should mint for amount=1
[FEE] 141623892223773 99416 1099108319
      ✓ should mint for amount=1
[FEE] 140367481635857 99071 1093151150
      ✓ should mint for amount=1
[FEE] 139191379434762 98748 1087537610
      ✓ should mint for amount=1
[FEE] 138089571041273 98445 1082249694
      ✓ should mint for amount=1
[FEE] 137057664551598 98161 1077270104
      ✓ should mint for amount=1
[FEE] 136088676330985 97893 1072582252
      ✓ should mint for amount=1
[FEE] 135182770489178 97643 1068170262
      ✓ should mint for amount=1
[FEE] 134334697009755 97409 1064018967
      ✓ should mint for amount=1
[FEE] 133539389237833 97189 1060113894
      ✓ should mint for amount=1
[FEE] 132794691069646 96983 1056441257
      ✓ should mint for amount=1
[FEE] 132097205574460 96790 1052987935
      ✓ should mint for amount=1
[FEE] 131442311136923 96608 1049741459
      ✓ should mint for amount=1
[FEE] 130829599230708 96438 1046689989
      ✓ should mint for amount=1
[FEE] 130254691141213 96278 1043822293
      ✓ should mint for amount=1
[FEE] 129716034627332 96128 1041127725
      ✓ should mint for amount=1
[FEE] 129213515762260 95989 1038596203
      ✓ should mint for amount=1
[FEE] 128741723579115 95858 1036218186
      ✓ should mint for amount=1
[FEE] 128298046043815 95734 1033984650
      ✓ should mint for amount=1
[FEE] 127883970696076 95619 1031887067
      ✓ should mint for amount=1
[FEE] 127495696289291 95511 1029917381
      ✓ should mint for amount=1
[FEE] 127130842453246 95409 1028067986
      ✓ should mint for amount=1
[FEE] 126789761951264 95314 1026331705
      ✓ should mint for amount=1
[FEE] 126470201926502 95225 1024701767
      ✓ should mint for amount=1
[FEE] 126171300315782 95142 1023171788
      ✓ should mint for amount=1
[FEE] 125890923756881 95064 1021735753
      ✓ should mint for amount=1
[FEE] 125628318005059 94991 1020387994
      ✓ should mint for amount=1
[FEE] 125382774943496 94923 1019123172
      ✓ should mint for amount=1
[FEE] 125152310640591 94859 1017936260
      ✓ should mint for amount=1
[FEE] 124936305953145 94799 1016822527
      ✓ should mint for amount=1
[FEE] 124734179795295 94743 1015777521
      ✓ should mint for amount=1
[FEE] 124544071553355 94690 1014797053
      ✓ should mint for amount=1
[FEE] 124365473196991 94640 1013877183
      ✓ should mint for amount=1
[FEE] 124199221067185 94594 1013014207
      ✓ should mint for amount=1
[FEE] 124042240637390 94550 1012204640
      ✓ should mint for amount=1
[FEE] 123895426495395 94509 1011445209
      ✓ should mint for amount=1
[FEE] 123758384906487 94471 1010732836
      ✓ should mint for amount=1
[FEE] 123629437481833 94435 1010064629
      ✓ should mint for amount=1
[FEE] 123508240408304 94401 1009437871
      ✓ should mint for amount=1
[FEE] 123395778643831 94370 1008850009
      ✓ should mint for amount=1
[FEE] 123289133825425 94340 1008298646
      ✓ should mint for amount=1
[FEE] 123189330463637 94312 1007781530
      ✓ should mint for amount=1
[FEE] 123096102346112 94286 1007296546
      ✓ should mint for amount=1
[FEE] 123007894845421 94261 1006841708
      ✓ should mint for amount=1
[FEE] 122925780132435 94238 1006415153
      ✓ should mint for amount=1
[FEE] 122849538537251 94217 1006015130
      ✓ should mint for amount=1
[FEE] 122777660896480 94197 1005639997
      ✓ should mint for amount=1
[FEE] 122709955470435 94178 1005288211
      ✓ should mint for amount=1
[FEE] 122646242694974 94160 1004958326
      ✓ should mint for amount=1
[FEE] 122585051679347 94142 1004648982
      ✓ should mint for amount=1
[FEE] 122530130946786 94127 1004358906
      ✓ should mint for amount=1
[FEE] 122478727174898 94113 1004086901
      ✓ should mint for amount=1
[FEE] 122428099217170 94098 1003831844
      ✓ should mint for amount=1
[FEE] 122382021076473 94085 1003592683
      ✓ should mint for amount=1
[FEE] 122339069153407 94073 1003368430
      ✓ should mint for amount=1
[FEE] 122299128744116 94062 1003158157
      ✓ should mint for amount=1
[FEE] 122260792681412 94051 1002960996
      ✓ should mint for amount=1
[FEE] 122223960823948 94040 1002776130
      ✓ should mint for amount=1
[FEE] 122191138490506 94031 1002602795
      ✓ should mint for amount=1
[FEE] 122160937042240 94023 1002440272
      ✓ should mint for amount=1
[FEE] 122131974433794 94015 1002287888
      ✓ should mint for amount=1
[FEE] 122104173466960 94007 1002145012
      ✓ should mint for amount=1
[FEE] 122078760431384 94000 1002011052
      ✓ should mint for amount=1
[FEE] 122055666828272 93994 1001885452
      ✓ should mint for amount=1
[FEE] 122033530111464 93988 1001767691
      ✓ should mint for amount=1
[FEE] 122010992281091 93981 1001657280
      ✓ should mint for amount=1
[FEE] 121991892135145 93976 1001553761
      ✓ should mint for amount=1
[FEE] 121973580499492 93971 1001456705
      ✓ should mint for amount=1
[FEE] 121956008045450 93966 1001365708
      ✓ should mint for amount=1
[FEE] 121940426506164 93962 1001280393
      ✓ should mint for amount=1
[FEE] 121925494569879 93958 1001200405
      ✓ should mint for amount=1
[FEE] 121909874162398 93953 1001125412
      ✓ should mint for amount=1
[FEE] 121897419901131 93950 1001055102
      ✓ should mint for amount=1
[FEE] 121885500856985 93947 1000989183
      ✓ should mint for amount=1
[FEE] 121874083616181 93944 1000927381
      ✓ should mint for amount=1
[FEE] 121863136839075 93941 1000869439
      ✓ should mint for amount=1
[FEE] 121852631138073 93938 1000815116
      ✓ should mint for amount=1
[FEE] 121842538955573 93935 1000764186
      ✓ should mint for amount=1
[FEE] 121832834441926 93932 1000716437
      ✓ should mint for amount=1
[FEE] 121824790429405 93930 1000671671
      ✓ should mint for amount=1
[FEE] 121815790237100 93927 1000629702
      ✓ should mint for amount=1
[FEE] 121808406308088 93925 1000590354
      ✓ should mint for amount=1
[FEE] 121801321926846 93923 1000553465
      ✓ should mint for amount=1
[FEE] 121794518205893 93921 1000518880
      ✓ should mint for amount=1
[FEE] 121789274454280 93920 1000486456
      ✓ should mint for amount=1
[FEE] 121784277409189 93919 1000456058
      ✓ should mint for amount=1
[FEE] 121778214945507 93917 1000427559
      ✓ should mint for amount=1
[FEE] 121773666042485 93916 1000400841
      ✓ should mint for amount=1
[FEE] 121769320365372 93915 1000375792
      ✓ should mint for amount=1
[FEE] 121765165248562 93914 1000352308
      ✓ should mint for amount=1
[FEE] 121761188757314 93913 1000330291
      ✓ should mint for amount=1
[FEE] 121757379809430 93912 1000309650
      ✓ should mint for amount=1
[FEE] 121753727931779 93911 1000290299
      ✓ should mint for amount=1
[FEE] 121750223260260 93910 1000272157
      ✓ should mint for amount=1
[FEE] 121746856661488 93909 1000255149
      ✓ should mint for amount=1
[FEE] 121742322953890 93907 1000239203
      ✓ should mint for amount=1
[FEE] 121739207068790 93906 1000224254
      ✓ should mint for amount=1
[FEE] 121736204900157 93905 1000210239
      ✓ should mint for amount=1
[FEE] 121733309385218 93904 1000197100
      ✓ should mint for amount=1
[FEE] 121731810169809 93904 1000184782
      ✓ should mint for amount=1
[FEE] 121727812014146 93902 1000173234
      ✓ should mint for amount=1
[FEE] 121725197981218 93901 1000162407
      ✓ should mint for amount=1
[FEE] 121723962671081 93901 1000152257
      ✓ should mint for amount=1
[FEE] 121722804522189 93901 1000142741
      ✓ should mint for amount=1
[FEE] 121721718788028 93901 1000133820
      ✓ should mint for amount=1
[FEE] 121719404577504 93900 1000125456
      ✓ should mint for amount=1
[FEE] 121717154039247 93899 1000117615
      ✓ should mint for amount=1
[FEE] 121716259401670 93899 1000110264
      ✓ should mint for amount=1
[FEE] 121715420747400 93899 1000103373
      ✓ should mint for amount=1
[FEE] 121714634425351 93899 1000096912
      ✓ should mint for amount=1
[FEE] 121713897271249 93899 1000090855
      ✓ should mint for amount=1
[FEE] 121713206242524 93899 1000085177
      ✓ should mint for amount=1
[FEE] 121712558296604 93899 1000079853
      ✓ should mint for amount=1
[FEE] 121711950877730 93899 1000074862
      ✓ should mint for amount=1
[FEE] 121711381430142 93899 1000070183
      ✓ should mint for amount=1
[FEE] 121708255263555 93897 1000065797
      ✓ should mint for amount=1
[FEE] 121707754832136 93897 1000061685
      ✓ should mint for amount=1
[FEE] 121707285677681 93897 1000057830
      ✓ should mint for amount=1
[FEE] 121706845852986 93897 1000054216
      ✓ should mint for amount=1
[FEE] 121706433532547 93897 1000050828
      ✓ should mint for amount=1
[FEE] 121706046890860 93897 1000047651
      ✓ should mint for amount=1
[FEE] 121705684467522 93897 1000044673
      ✓ should mint for amount=1
[FEE] 121705344680430 93897 1000041881
      ✓ should mint for amount=1
[FEE] 121705026069181 93897 1000039263
      ✓ should mint for amount=1
[FEE] 121704727416773 93897 1000036809
      ✓ should mint for amount=1
[FEE] 121704447384503 93897 1000034508
      ✓ should mint for amount=1
[FEE] 121704184877069 93897 1000032351
      ✓ should mint for amount=1
[FEE] 121702642656173 93896 1000030329
      ✓ should mint for amount=1
[FEE] 121702411914961 93896 1000028433
      ✓ should mint for amount=1
[FEE] 121702195655924 93896 1000026656
      ✓ should mint for amount=1
[FEE] 121701992905470 93896 1000024990
      ✓ should mint for amount=1
[FEE] 121701802811708 93896 1000023428
      ✓ should mint for amount=1
[FEE] 121701624644442 93896 1000021964
      ✓ should mint for amount=1
[FEE] 121701457551782 93896 1000020591
      ✓ should mint for amount=1
[FEE] 121701300925231 93896 1000019304
      ✓ should mint for amount=1
[FEE] 121701154156295 93896 1000018098
      ✓ should mint for amount=1
[FEE] 121701016514781 93896 1000016967
      ✓ should mint for amount=1
[FEE] 121700887513892 93896 1000015907
      ✓ should mint for amount=1
[FEE] 121700766545134 93896 1000014913
      ✓ should mint for amount=1
[FEE] 121700653121711 93896 1000013981
      ✓ should mint for amount=1
[FEE] 121700546756828 93896 1000013107
      ✓ should mint for amount=1
[FEE] 121700447085386 93896 1000012288
      ✓ should mint for amount=1
[FEE] 121700353620591 93896 1000011520
      ✓ should mint for amount=1
[FEE] 121700265997346 93896 1000010800
      ✓ should mint for amount=1
[FEE] 121698887733745 93895 1000010125
      ✓ should mint for amount=1
[FEE] 121698810699129 93895 1000009492
      ✓ should mint for amount=1
[FEE] 121698738532420 93895 1000008899
      ✓ should mint for amount=1
[FEE] 121698670868523 93895 1000008343
      ✓ should mint for amount=1
[FEE] 121697311350221 93894 1000007822
      ✓ should mint for amount=1
[FEE] 121697251840701 93894 1000007333
      ✓ should mint for amount=1
[FEE] 121695899991173 93893 1000006875
      ✓ should mint for amount=1
[FEE] 121695847662295 93893 1000006445
      ✓ should mint for amount=1
[FEE] 121695798619185 93893 1000006042
      ✓ should mint for amount=1
[FEE] 121695752618451 93893 1000005664
      ✓ should mint for amount=1
[FEE] 121695709538398 93893 1000005310
      ✓ should mint for amount=1
[FEE] 121695669135637 93893 1000004978
      ✓ should mint for amount=1
[FEE] 121694335178738 93892 1000004667
      ✓ should mint for amount=1
[FEE] 121694299644158 93892 1000004375
      ✓ should mint for amount=1
[FEE] 121694266421760 93892 1000004102
      ✓ should mint for amount=1
[FEE] 121692939159485 93891 1000003846
      ✓ should mint for amount=1
[FEE] 121691613844933 93890 1000003606
      ✓ should mint for amount=1
[FEE] 121691586464419 93890 1000003381
      ✓ should mint for amount=1
[FEE] 121691560787581 93890 1000003170
      ✓ should mint for amount=1
[FEE] 121691536692728 93890 1000002972
      ✓ should mint for amount=1
[FEE] 121691514058169 93890 1000002786
      ✓ should mint for amount=1
[FEE] 121691492883905 93890 1000002612
      ✓ should mint for amount=1
[FEE] 121691473048243 93890 1000002449
      ✓ should mint for amount=1
[FEE] 121690158322832 93889 1000002296
      ✓ should mint for amount=1
[FEE] 121691437027656 93890 1000002153
      ✓ should mint for amount=1
[FEE] 121691420599347 93890 1000002018
      ✓ should mint for amount=1
[FEE] 121691405266259 93890 1000001892
      ✓ should mint for amount=1
[FEE] 121691390906700 93890 1000001774
      ✓ should mint for amount=1
[FEE] 121691377398980 93890 1000001663
      ✓ should mint for amount=1
[FEE] 121690068637392 93889 1000001559
      ✓ should mint for amount=1
[FEE] 121691352939054 93890 1000001462
      ✓ should mint for amount=1
[FEE] 121691341865157 93890 1000001371
      ✓ should mint for amount=1
[FEE] 121690035294365 93889 1000001285
      ✓ should mint for amount=1
[FEE] 121690025559174 93889 1000001205
      ✓ should mint for amount=1
[FEE] 121691312537584 93890 1000001130
      ✓ should mint for amount=1
[FEE] 121690007792452 93889 1000001059
      ✓ should mint for amount=1
[FEE] 121691295865893 93890 1000000993
      ✓ should mint for amount=1
[FEE] 121691288321040 93890 1000000931
      ✓ should mint for amount=1
[FEE] 121691281262952 93890 1000000873
      ✓ should mint for amount=1
[FEE] 121691274569937 93890 1000000818
      ✓ should mint for amount=1
[FEE] 121691268363687 93890 1000000767
      ✓ should mint for amount=1
[FEE] 121691262522511 93890 1000000719
      ✓ should mint for amount=1
[FEE] 121691257046408 93890 1000000674
      ✓ should mint for amount=1
[FEE] 121691251935378 93890 1000000632
      ✓ should mint for amount=1
[FEE] 121691247189423 93890 1000000593
      ✓ should mint for amount=1
[FEE] 121691242686849 93890 1000000556
      ✓ should mint for amount=1
[FEE] 121691238427658 93890 1000000521
      ✓ should mint for amount=1
[FEE] 121691234411849 93890 1000000488
      ✓ should mint for amount=1
[FEE] 121689934656835 93889 1000000458
      ✓ should mint for amount=1
[FEE] 121691227232070 93890 1000000429
      ✓ should mint for amount=1
[FEE] 121691223946408 93890 1000000402
      ✓ should mint for amount=1
[FEE] 121689924799955 93889 1000000377
      ✓ should mint for amount=1
[FEE] 121691217983541 93890 1000000353
      ✓ should mint for amount=1
[FEE] 121689919202220 93889 1000000331
      ✓ should mint for amount=1
[FEE] 121691212750820 93890 1000000310
      ✓ should mint for amount=1
[FEE] 121691210438688 93890 1000000291
      ✓ should mint for amount=1
[FEE] 121691208248247 93890 1000000273
      ✓ should mint for amount=1

·----------------------------------------|---------------------------|-------------|----------------------------·
|          [90mSolc version: 0.8.17[39m          ·  [90mOptimizer enabled: true[39m  ·  [90mRuns: 200[39m  ·  [90mBlock limit: 8000000 gas[39m  │
·········································|···························|·············|·····························
|  [32m[1mMethods[22m[39m                                                                                                      │
···················|·····················|·············|·············|·············|··············|··············
|  [1mContract[22m        ·  [1mMethod[22m             ·  [32mMin[39m        ·  [32mMax[39m        ·  [32mAvg[39m        ·  [1m# calls[22m     ·  [1musd (avg)[22m  │
···················|·····················|·············|·············|·············|··············|··············
|  [90mXPowerThorTest[39m  ·  init               ·          -  ·          -  ·      67353  ·           [90m1[39m  ·          [32m[90m-[32m[39m  │
···················|·····················|·············|·············|·············|··············|··············
|  [90mXPowerThorTest[39m  ·  mint               ·     [36m124509[39m  ·     [31m229547[39m  ·     126847  ·         [90m239[39m  ·          [32m[90m-[32m[39m  │
···················|·····················|·············|·············|·············|··············|··············
|  [90mXPowerThorTest[39m  ·  transferOwnership  ·          -  ·          -  ·      28656  ·           [90m1[39m  ·          [32m[90m-[32m[39m  │
···················|·····················|·············|·············|·············|··············|··············
|  [32m[1mDeployments[22m[39m                           ·                                         ·  [1m% of limit[22m  ·             │
·········································|·············|·············|·············|··············|··············
|  XPowerThorTest                        ·          -  ·          -  ·    3331941  ·      [90m41.6 %[39m  ·          [32m[90m-[32m[39m  │
·----------------------------------------|-------------|-------------|-------------|--------------|-------------·

  239 passing (19s)

