
> xpower@6.0.0 test-gas
> REPORT_GAS=true npm test ./test/contracts/XPower.fees.1-thor.test.js


> xpower@6.0.0 test
> hardhat test ./test/contracts/XPower.fees.1-thor.test.js


  XPowerThor
    mint
[FEE] 348822982083776 162305 1658186771
      ✓ should mint for amount=1
[FEE] 338640308444929 158029 1653339774
      ✓ should mint for amount=1
[FEE] 328265587460043 154020 1644403880
      ✓ should mint for amount=1
[FEE] 317872734155434 150262 1632166151
      ✓ should mint for amount=1
[FEE] 307592629529877 146739 1617300140
      ✓ should mint for amount=1
[FEE] 297521396088998 143435 1600380754
      ✓ should mint for amount=1
[FEE] 287737455379531 140339 1581897266
      ✓ should mint for amount=1
[FEE] 278288252752156 137436 1562264707
      ✓ should mint for amount=1
[FEE] 269211280290316 134715 1541833766
      ✓ should mint for amount=1
[FEE] 260527411753745 132164 1520899458
      ✓ should mint for amount=1
[FEE] 252247955301887 129772 1499708701
      ✓ should mint for amount=1
[FEE] 244376987208423 127529 1478466902
      ✓ should mint for amount=1
[FEE] 236913226540156 125426 1457343706
      ✓ should mint for amount=1
[FEE] 229851537708862 123455 1436478017
      ✓ should mint for amount=1
[FEE] 223180456598887 121607 1415982355
      ✓ should mint for amount=1
[FEE] 216888827949900 119875 1395946635
      ✓ should mint for amount=1
[FEE] 210961068910219 118251 1376441473
      ✓ should mint for amount=1
[FEE] 205383278951439 116729 1357521050
      ✓ should mint for amount=1
[FEE] 200138354295918 115302 1339225587
      ✓ should mint for amount=1
[FEE] 195209989342047 113964 1321583501
      ✓ should mint for amount=1
[FEE] 190582924236505 112710 1304613268
      ✓ should mint for amount=1
[FEE] 186239787662947 111534 1288325030
      ✓ should mint for amount=1
[FEE] 182164731201475 110431 1272721987
      ✓ should mint for amount=1
[FEE] 178345135292941 109398 1257801591
      ✓ should mint for amount=1
[FEE] 174763505928451 108429 1243556582
      ✓ should mint for amount=1
[FEE] 171407425030929 107521 1229975867
      ✓ should mint for amount=1
[FEE] 168263058094146 106670 1217045282
      ✓ should mint for amount=1
[FEE] 165316865379268 105872 1204748236
      ✓ should mint for amount=1
[FEE] 162557192080358 105124 1193066265
      ✓ should mint for amount=1
[FEE] 159969629614987 104421 1181979504
      ✓ should mint for amount=1
[FEE] 157547803663253 103763 1171467078
      ✓ should mint for amount=1
[FEE] 155279503496211 103146 1161507444
      ✓ should mint for amount=1
[FEE] 153155912649460 102568 1152078667
      ✓ should mint for amount=1
[FEE] 151167041959155 102026 1143158656
      ✓ should mint for amount=1
[FEE] 149304727547541 101518 1134725359
      ✓ should mint for amount=1
[FEE] 147559650127529 101041 1126756924
      ✓ should mint for amount=1
[FEE] 145927180548998 100595 1119231826
      ✓ should mint for amount=1
[FEE] 144397138914275 100176 1112128976
      ✓ should mint for amount=1
[FEE] 142965430892969 99784 1105427801
      ✓ should mint for amount=1
[FEE] 141623890935238 99416 1099108309
      ✓ should mint for amount=1
[FEE] 140366063642978 99070 1093151141
      ✓ should mint for amount=1
[FEE] 139188559159888 98746 1087537601
      ✓ should mint for amount=1
[FEE] 138086764604901 98443 1082249686
      ✓ should mint for amount=1
[FEE] 137054871026300 98159 1077270096
      ✓ should mint for amount=1
[FEE] 136087285138150 97892 1072582244
      ✓ should mint for amount=1
[FEE] 135181385143885 97642 1068170255
      ✓ should mint for amount=1
[FEE] 134331937968199 97407 1064018960
      ✓ should mint for amount=1
[FEE] 133536640446997 97187 1060113888
      ✓ should mint for amount=1
[FEE] 132791951800648 96981 1056441251
      ✓ should mint for amount=1
[FEE] 132093110602600 96787 1052987930
      ✓ should mint for amount=1
[FEE] 131439589363319 96606 1049741454
      ✓ should mint for amount=1
[FEE] 130828241986994 96437 1046689984
      ✓ should mint for amount=1
[FEE] 130253337615367 96277 1043822288
      ✓ should mint for amount=1
[FEE] 129716034004373 96128 1041127720
      ✓ should mint for amount=1
[FEE] 129213515140202 95989 1038596198
      ✓ should mint for amount=1
[FEE] 128740379911702 95857 1036218181
      ✓ should mint for amount=1
[FEE] 128298045547490 95734 1033984646
      ✓ should mint for amount=1
[FEE] 127883970324280 95619 1031887064
      ✓ should mint for amount=1
[FEE] 127495696041707 95511 1029917379
      ✓ should mint for amount=1
[FEE] 127132174688629 95410 1028067984
      ✓ should mint for amount=1
[FEE] 126791091936493 95315 1026331703
      ✓ should mint for amount=1
[FEE] 126471529799393 95226 1024701765
      ✓ should mint for amount=1
[FEE] 126172626329192 95143 1023171787
      ✓ should mint for amount=1
[FEE] 125892247909142 95065 1021735752
      ✓ should mint for amount=1
[FEE] 125629640410579 94992 1020387993
      ✓ should mint for amount=1
[FEE] 125384095709764 94924 1019123171
      ✓ should mint for amount=1
[FEE] 125153629868581 94860 1017936259
      ✓ should mint for amount=1
[FEE] 124937623737699 94800 1016822526
      ✓ should mint for amount=1
[FEE] 124734179672498 94743 1015777520
      ✓ should mint for amount=1
[FEE] 124542756148428 94689 1014797052
      ✓ should mint for amount=1
[FEE] 124365473074328 94640 1013877182
      ✓ should mint for amount=1
[FEE] 124199220944581 94594 1013014206
      ✓ should mint for amount=1
[FEE] 124042240514843 94550 1012204639
      ✓ should mint for amount=1
[FEE] 123895426372901 94509 1011445208
      ✓ should mint for amount=1
[FEE] 123758384784043 94471 1010732835
      ✓ should mint for amount=1
[FEE] 123629437359436 94435 1010064628
      ✓ should mint for amount=1
[FEE] 123506931949807 94400 1009437870
      ✓ should mint for amount=1
[FEE] 123391855798877 94367 1008850008
      ✓ should mint for amount=1
[FEE] 123286519983971 94338 1008298645
      ✓ should mint for amount=1
[FEE] 123186717962691 94310 1007781529
      ✓ should mint for amount=1
[FEE] 123093491102379 94284 1007296545
      ✓ should mint for amount=1
[FEE] 123006589874172 94260 1006841708
      ✓ should mint for amount=1
[FEE] 122924475714047 94237 1006415153
      ✓ should mint for amount=1
[FEE] 122848234637333 94216 1006015130
      ✓ should mint for amount=1
[FEE] 122776357482773 94196 1005639997
      ✓ should mint for amount=1
[FEE] 122707349554925 94176 1005288211
      ✓ should mint for amount=1
[FEE] 122644940164784 94159 1004958326
      ✓ should mint for amount=1
[FEE] 122586353808595 94143 1004648982
      ✓ should mint for amount=1
[FEE] 122531432700065 94128 1004358906
      ✓ should mint for amount=1
[FEE] 122480028575631 94114 1004086901
      ✓ should mint for amount=1
[FEE] 122430701357475 94100 1003831844
      ✓ should mint for amount=1
[FEE] 122384622596823 94087 1003592683
      ✓ should mint for amount=1
[FEE] 122341670092447 94075 1003368430
      ✓ should mint for amount=1
[FEE] 122300428941101 94063 1003158157
      ✓ should mint for amount=1
[FEE] 122262092622855 94052 1002960996
      ✓ should mint for amount=1
[FEE] 122226560227623 94042 1002776130
      ✓ should mint for amount=1
[FEE] 122193737444861 94033 1002602795
      ✓ should mint for amount=1
[FEE] 122160937042240 94023 1002440272
      ✓ should mint for amount=1
[FEE] 122131974433794 94015 1002287888
      ✓ should mint for amount=1
[FEE] 122105472350804 94008 1002145012
      ✓ should mint for amount=1
[FEE] 122080059141602 94001 1002011052
      ✓ should mint for amount=1
[FEE] 122056965375699 93995 1001885452
      ✓ should mint for amount=1
[FEE] 122032231716667 93987 1001767691
      ✓ should mint for amount=1
[FEE] 122010992281091 93981 1001657280
      ✓ should mint for amount=1
[FEE] 121990594017625 93975 1001553761
      ✓ should mint for amount=1
[FEE] 121972282507766 93970 1001456705
      ✓ should mint for amount=1
[FEE] 121954710171665 93965 1001365708
      ✓ should mint for amount=1
[FEE] 121939128742956 93961 1001280393
      ✓ should mint for amount=1
[FEE] 121924196910344 93957 1001200405
      ✓ should mint for amount=1
[FEE] 121909874162398 93953 1001125412
      ✓ should mint for amount=1
[FEE] 121897419901131 93950 1001055102
      ✓ should mint for amount=1
[FEE] 121885500856985 93947 1000989183
      ✓ should mint for amount=1
[FEE] 121874083616181 93944 1000927381
      ✓ should mint for amount=1
[FEE] 121863136839075 93941 1000869439
      ✓ should mint for amount=1
[FEE] 121852631138073 93938 1000815116
      ✓ should mint for amount=1
[FEE] 121842538955573 93935 1000764186
      ✓ should mint for amount=1
[FEE] 121834131474188 93933 1000716437
      ✓ should mint for amount=1
[FEE] 121824790429405 93930 1000671671
      ✓ should mint for amount=1
[FEE] 121817087156944 93928 1000629702
      ✓ should mint for amount=1
[FEE] 121809703176933 93926 1000590354
      ✓ should mint for amount=1
[FEE] 121802618747880 93924 1000553465
      ✓ should mint for amount=1
[FEE] 121795814982101 93922 1000518880
      ✓ should mint for amount=1
[FEE] 121789274454280 93920 1000486456
      ✓ should mint for amount=1
[FEE] 121782980714405 93918 1000456058
      ✓ should mint for amount=1
[FEE] 121778214945507 93917 1000427559
      ✓ should mint for amount=1
[FEE] 121772369419268 93915 1000400841
      ✓ should mint for amount=1
[FEE] 121768023774622 93914 1000375792
      ✓ should mint for amount=1
[FEE] 121763868688249 93913 1000352308
      ✓ should mint for amount=1
[FEE] 121758595693760 93911 1000330291
      ✓ should mint for amount=1
[FEE] 121754786799382 93910 1000309650
      ✓ should mint for amount=1
[FEE] 121751134971893 93909 1000290299
      ✓ should mint for amount=1
[FEE] 121747630347402 93908 1000272157
      ✓ should mint for amount=1
[FEE] 121744263792718 93907 1000255149
      ✓ should mint for amount=1
[FEE] 121741026540173 93906 1000239203
      ✓ should mint for amount=1
[FEE] 121737910674448 93905 1000224254
      ✓ should mint for amount=1
[FEE] 121734908523980 93904 1000210239
      ✓ should mint for amount=1
[FEE] 121733309385218 93904 1000197100
      ✓ should mint for amount=1
[FEE] 121731810169809 93904 1000184782
      ✓ should mint for amount=1
[FEE] 121729108342361 93903 1000173234
      ✓ should mint for amount=1
[FEE] 121726494295399 93902 1000162407
      ✓ should mint for amount=1
[FEE] 121723962671081 93901 1000152257
      ✓ should mint for amount=1
[FEE] 121722804522189 93901 1000142741
      ✓ should mint for amount=1
[FEE] 121720422510898 93900 1000133820
      ✓ should mint for amount=1
[FEE] 121718108311215 93899 1000125456
      ✓ should mint for amount=1
[FEE] 121717154039247 93899 1000117615
      ✓ should mint for amount=1
[FEE] 121714963155071 93898 1000110264
      ✓ should mint for amount=1
[FEE] 121714124509732 93898 1000103373
      ✓ should mint for amount=1
[FEE] 121712041966764 93897 1000096912
      ✓ should mint for amount=1
[FEE] 121711304828363 93897 1000090855
      ✓ should mint for amount=1
[FEE] 121710613814357 93897 1000085177
      ✓ should mint for amount=1
[FEE] 121708669675054 93896 1000079853
      ✓ should mint for amount=1
[FEE] 121706766074872 93895 1000074862
      ✓ should mint for amount=1
[FEE] 121706196651542 93895 1000070183
      ✓ should mint for amount=1
[FEE] 121705662885625 93895 1000065797
      ✓ should mint for amount=1
[FEE] 121705162464865 93895 1000061685
      ✓ should mint for amount=1
[FEE] 121704693320403 93895 1000057830
      ✓ should mint for amount=1
[FEE] 121704253505076 93895 1000054216
      ✓ should mint for amount=1
[FEE] 121702545023855 93894 1000050828
      ✓ should mint for amount=1
[FEE] 121700862229075 93893 1000047651
      ✓ should mint for amount=1
[FEE] 121700499821177 93893 1000044673
      ✓ should mint for amount=1
[FEE] 121700160048560 93893 1000041881
      ✓ should mint for amount=1
[FEE] 121699841450884 93893 1000039263
      ✓ should mint for amount=1
[FEE] 121699542811198 93893 1000036809
      ✓ should mint for amount=1
[FEE] 121699262790858 93893 1000034508
      ✓ should mint for amount=1
[FEE] 121697704148990 93892 1000032351
      ✓ should mint for amount=1
[FEE] 121697458084193 93892 1000030329
      ✓ should mint for amount=1
[FEE] 121697227352810 93892 1000028433
      ✓ should mint for amount=1
[FEE] 121697011102986 93892 1000026656
      ✓ should mint for amount=1
[FEE] 121696808361170 93892 1000024990
      ✓ should mint for amount=1
[FEE] 121696618275505 93892 1000023428
      ✓ should mint for amount=1
[FEE] 121696440115830 93892 1000021964
      ✓ should mint for amount=1
[FEE] 121694976899914 93891 1000020591
      ✓ should mint for amount=1
[FEE] 121693524152998 93890 1000019304
      ✓ should mint for amount=1
[FEE] 121692081266299 93889 1000018098
      ✓ should mint for amount=1
[FEE] 121690647509370 93888 1000016967
      ✓ should mint for amount=1
[FEE] 121690518519472 93888 1000015907
      ✓ should mint for amount=1
[FEE] 121691693684035 93889 1000014913
      ✓ should mint for amount=1
[FEE] 121690284147261 93888 1000013981
      ✓ should mint for amount=1
[FEE] 121691473912113 93889 1000013107
      ✓ should mint for amount=1
[FEE] 121692670367714 93890 1000012288
      ✓ should mint for amount=1
[FEE] 121691280790275 93889 1000011520
      ✓ should mint for amount=1
[FEE] 121692489291246 93890 1000010800
      ✓ should mint for amount=1
[FEE] 121692407149703 93890 1000010125
      ✓ should mint for amount=1
[FEE] 121692330119189 93890 1000009492
      ✓ should mint for amount=1
[FEE] 121692257956322 93890 1000008899
      ✓ should mint for amount=1
[FEE] 121690894181530 93889 1000008343
      ✓ should mint for amount=1
[FEE] 121692126894927 93890 1000007822
      ✓ should mint for amount=1
[FEE] 121692067387942 93890 1000007333
      ✓ should mint for amount=1
[FEE] 121692011653384 93890 1000006875
      ✓ should mint for amount=1
[FEE] 121691959326179 93890 1000006445
      ✓ should mint for amount=1
[FEE] 121691910284635 93890 1000006042
      ✓ should mint for amount=1
[FEE] 121690568174345 93889 1000005664
      ✓ should mint for amount=1
[FEE] 121690525096127 93889 1000005310
      ✓ should mint for amount=1
[FEE] 121690484695088 93889 1000004978
      ✓ should mint for amount=1
[FEE] 121690446849535 93889 1000004667
      ✓ should mint for amount=1
[FEE] 121690411316091 93889 1000004375
      ✓ should mint for amount=1
[FEE] 121691674203756 93890 1000004102
      ✓ should mint for amount=1
[FEE] 121691643050815 93890 1000003846
      ✓ should mint for amount=1
[FEE] 121691613844933 93890 1000003606
      ✓ should mint for amount=1
[FEE] 121691586464419 93890 1000003381
      ✓ should mint for amount=1
[FEE] 121690264679786 93889 1000003170
      ✓ should mint for amount=1
[FEE] 121691536692728 93890 1000002972
      ✓ should mint for amount=1
[FEE] 121690217950873 93889 1000002786
      ✓ should mint for amount=1
[FEE] 121691492883905 93890 1000002612
      ✓ should mint for amount=1
[FEE] 121691473048243 93890 1000002449
      ✓ should mint for amount=1
[FEE] 121690158322832 93889 1000002296
      ✓ should mint for amount=1
[FEE] 121691437027656 93890 1000002153
      ✓ should mint for amount=1
[FEE] 121691420599347 93890 1000002018
      ✓ should mint for amount=1
[FEE] 121691405266259 93890 1000001892
      ✓ should mint for amount=1
[FEE] 121691390906700 93890 1000001774
      ✓ should mint for amount=1
[FEE] 121691377398980 93890 1000001663
      ✓ should mint for amount=1
[FEE] 121691364743098 93890 1000001559
      ✓ should mint for amount=1
[FEE] 121691352939054 93890 1000001462
      ✓ should mint for amount=1
[FEE] 121691341865157 93890 1000001371
      ✓ should mint for amount=1
[FEE] 121691331399716 93890 1000001285
      ✓ should mint for amount=1
[FEE] 121691321664422 93890 1000001205
      ✓ should mint for amount=1
[FEE] 121691312537584 93890 1000001130
      ✓ should mint for amount=1
[FEE] 121690007792452 93889 1000001059
      ✓ should mint for amount=1
[FEE] 121689999760920 93889 1000000993
      ✓ should mint for amount=1
[FEE] 121691288321040 93890 1000000931
      ✓ should mint for amount=1
[FEE] 121691281262952 93890 1000000873
      ✓ should mint for amount=1
[FEE] 121691274569937 93890 1000000818
      ✓ should mint for amount=1
[FEE] 121689972259007 93889 1000000767
      ✓ should mint for amount=1
[FEE] 121688670313276 93888 1000000719
      ✓ should mint for amount=1
[FEE] 121688664837290 93888 1000000674
      ✓ should mint for amount=1
[FEE] 121689955830874 93889 1000000632
      ✓ should mint for amount=1
[FEE] 121689951084969 93889 1000000593
      ✓ should mint for amount=1
[FEE] 121689946582443 93889 1000000556
      ✓ should mint for amount=1
[FEE] 121689942323297 93889 1000000521
      ✓ should mint for amount=1
[FEE] 121691234411849 93890 1000000488
      ✓ should mint for amount=1
[FEE] 121691230761114 93890 1000000458
      ✓ should mint for amount=1
[FEE] 121691227232070 93890 1000000429
      ✓ should mint for amount=1
[FEE] 121691223946408 93890 1000000402
      ✓ should mint for amount=1
[FEE] 121689924799955 93889 1000000377
      ✓ should mint for amount=1
[FEE] 121691217983541 93890 1000000353
      ✓ should mint for amount=1
[FEE] 121691215306335 93890 1000000331
      ✓ should mint for amount=1
[FEE] 121689916646733 93889 1000000310
      ✓ should mint for amount=1
[FEE] 121689914334625 93889 1000000291
      ✓ should mint for amount=1
[FEE] 121691208248247 93890 1000000273
      ✓ should mint for amount=1
[FEE] 121691206179497 93890 1000000256
      ✓ should mint for amount=1
[FEE] 121691204232438 93890 1000000240
      ✓ should mint for amount=1
[FEE] 121691202407070 93890 1000000225
      ✓ should mint for amount=1
[FEE] 121689904599435 93889 1000000211
      ✓ should mint for amount=1
[FEE] 121689903017466 93889 1000000198
      ✓ should mint for amount=1
[FEE] 121691197661114 93890 1000000186
      ✓ should mint for amount=1
[FEE] 121691196200820 93890 1000000174
      ✓ should mint for amount=1
[FEE] 121691194862217 93890 1000000163
      ✓ should mint for amount=1
[FEE] 121691193645306 93890 1000000153
      ✓ should mint for amount=1

·----------------------------------------|---------------------------|-------------|----------------------------·
|          [90mSolc version: 0.8.17[39m          ·  [90mOptimizer enabled: true[39m  ·  [90mRuns: 200[39m  ·  [90mBlock limit: 8000000 gas[39m  │
·········································|···························|·············|·····························
|  [32m[1mMethods[22m[39m                                                                                                      │
···················|·····················|·············|·············|·············|··············|··············
|  [1mContract[22m        ·  [1mMethod[22m             ·  [32mMin[39m        ·  [32mMax[39m        ·  [32mAvg[39m        ·  [1m# calls[22m     ·  [1musd (avg)[22m  │
···················|·····················|·············|·············|·············|··············|··············
|  [90mXPowerThorTest[39m  ·  init               ·          -  ·          -  ·      67353  ·           [90m1[39m  ·          [32m[90m-[32m[39m  │
···················|·····················|·············|·············|·············|··············|··············
|  [90mXPowerThorTest[39m  ·  mint               ·     [36m124497[39m  ·     [31m229547[39m  ·     126953  ·         [90m248[39m  ·          [32m[90m-[32m[39m  │
···················|·····················|·············|·············|·············|··············|··············
|  [90mXPowerThorTest[39m  ·  transferOwnership  ·          -  ·          -  ·      28656  ·           [90m1[39m  ·          [32m[90m-[32m[39m  │
···················|·····················|·············|·············|·············|··············|··············
|  [32m[1mDeployments[22m[39m                           ·                                         ·  [1m% of limit[22m  ·             │
·········································|·············|·············|·············|··············|··············
|  XPowerThorTest                        ·          -  ·          -  ·    3331941  ·      [90m41.6 %[39m  ·          [32m[90m-[32m[39m  │
·----------------------------------------|-------------|-------------|-------------|--------------|-------------·

  248 passing (19s)

