
> xpower@6.0.0 test-gas
> REPORT_GAS=true npm test ./test/contracts/XPower.fees.1-thor.test.js


> xpower@6.0.0 test
> hardhat test ./test/contracts/XPower.fees.1-thor.test.js


  XPowerThor
    mint
[FEE] 348822982083776 162305 1658186771
      ✓ should mint for amount=1
[FEE] 338640308444929 158029 1653339774
      ✓ should mint for amount=1
[FEE] 328267718777972 154021 1644403880
      ✓ should mint for amount=1
[FEE] 317874850585780 150263 1632166156
      ✓ should mint for amount=1
[FEE] 307594727430261 146740 1617300149
      ✓ should mint for amount=1
[FEE] 297523472579287 143436 1600380766
      ✓ should mint for amount=1
[FEE] 287739508410835 140340 1581897281
      ✓ should mint for amount=1
[FEE] 278288255780389 137436 1562264724
      ✓ should mint for amount=1
[FEE] 269211281861757 134715 1541833775
      ✓ should mint for amount=1
[FEE] 260527412610236 132164 1520899463
      ✓ should mint for amount=1
[FEE] 252247955470084 129772 1499708702
      ✓ should mint for amount=1
[FEE] 244378903124240 127530 1478466900
      ✓ should mint for amount=1
[FEE] 236917004277253 125428 1457343706
      ✓ should mint for amount=1
[FEE] 229855262157831 123457 1436478022
      ✓ should mint for amount=1
[FEE] 223182293277385 121608 1415982364
      ✓ should mint for amount=1
[FEE] 216890638639824 119876 1395946644
      ✓ should mint for amount=1
[FEE] 210962854607021 118252 1376441484
      ✓ should mint for amount=1
[FEE] 205385040103711 116730 1357521061
      ✓ should mint for amount=1
[FEE] 200138355939795 115302 1339225598
      ✓ should mint for amount=1
[FEE] 195209990671429 113964 1321583510
      ✓ should mint for amount=1
[FEE] 190582925259092 112710 1304613275
      ✓ should mint for amount=1
[FEE] 186239788530305 111534 1288325036
      ✓ should mint for amount=1
[FEE] 182166381353658 110432 1272721991
      ✓ should mint for amount=1
[FEE] 178346766101388 109399 1257801595
      ✓ should mint for amount=1
[FEE] 174765118268866 108430 1243556586
      ✓ should mint for amount=1
[FEE] 171407425588362 107521 1229975871
      ✓ should mint for amount=1
[FEE] 168263058508913 106670 1217045285
      ✓ should mint for amount=1
[FEE] 165315304175079 105871 1204748238
      ✓ should mint for amount=1
[FEE] 162555645879025 105123 1193066266
      ✓ should mint for amount=1
[FEE] 159968097511657 104420 1181979503
      ✓ should mint for amount=1
[FEE] 157546285051483 103762 1171467076
      ✓ should mint for amount=1
[FEE] 155277997661072 103145 1161507441
      ✓ should mint for amount=1
[FEE] 153154418904303 102567 1152078663
      ✓ should mint for amount=1
[FEE] 151165559645833 102025 1143158651
      ✓ should mint for amount=1
[FEE] 149303256167938 101517 1134725354
      ✓ should mint for amount=1
[FEE] 147558189078936 101040 1126756919
      ✓ should mint for amount=1
[FEE] 145925729256602 100594 1119231821
      ✓ should mint for amount=1
[FEE] 144395696830624 100175 1112128971
      ✓ should mint for amount=1
[FEE] 142962564748236 99782 1105427796
      ✓ should mint for amount=1
[FEE] 141621041174324 99414 1099108304
      ✓ should mint for amount=1
[FEE] 140363229326521 99068 1093151136
      ✓ should mint for amount=1
[FEE] 139187148958477 98745 1087537596
      ✓ should mint for amount=1
[FEE] 138085361259139 98442 1082249681
      ✓ should mint for amount=1
[FEE] 137053474136444 98158 1077270091
      ✓ should mint for amount=1
[FEE] 136087284503759 97892 1072582239
      ✓ should mint for amount=1
[FEE] 135181384511115 97642 1068170250
      ✓ should mint for amount=1
[FEE] 134333316415840 97408 1064018955
      ✓ should mint for amount=1
[FEE] 133538013834685 97188 1060113883
      ✓ should mint for amount=1
[FEE] 132793320429554 96982 1056441246
      ✓ should mint for amount=1
[FEE] 132095839538431 96789 1052987925
      ✓ should mint for amount=1
[FEE] 131442310009998 96608 1049741450
      ✓ should mint for amount=1
[FEE] 130828241487025 96437 1046689980
      ✓ should mint for amount=1
[FEE] 130254690018136 96278 1043822284
      ✓ should mint for amount=1
[FEE] 129716033506005 96128 1041127716
      ✓ should mint for amount=1
[FEE] 129210822385846 95987 1038596194
      ✓ should mint for amount=1
[FEE] 128739036368541 95856 1036218177
      ✓ should mint for amount=1
[FEE] 128296704899860 95733 1033984642
      ✓ should mint for amount=1
[FEE] 127881294963308 95617 1031887060
      ✓ should mint for amount=1
[FEE] 127494360666833 95510 1029917375
      ✓ should mint for amount=1
[FEE] 127130841834946 95409 1028067981
      ✓ should mint for amount=1
[FEE] 126788431101281 95313 1026331700
      ✓ should mint for amount=1
[FEE] 126470201309395 95225 1024701762
      ✓ should mint for amount=1
[FEE] 126169973685806 95141 1023171784
      ✓ should mint for amount=1
[FEE] 125889598988560 95063 1021735749
      ✓ should mint for amount=1
[FEE] 125626994983952 94990 1020387990
      ✓ should mint for amount=1
[FEE] 125380132672788 94921 1019123168
      ✓ should mint for amount=1
[FEE] 125149671446937 94857 1017936256
      ✓ should mint for amount=1
[FEE] 124933669646828 94797 1016822523
      ✓ should mint for amount=1
[FEE] 124730229645158 94740 1015777517
      ✓ should mint for amount=1
[FEE] 124538809933662 94686 1014797049
      ✓ should mint for amount=1
[FEE] 124361530559153 94637 1013877180
      ✓ should mint for amount=1
[FEE] 124193968813601 94590 1013014204
      ✓ should mint for amount=1
[FEE] 124036992703649 94546 1012204638
      ✓ should mint for amount=1
[FEE] 123890182498966 94505 1011445207
      ✓ should mint for amount=1
[FEE] 123753144603394 94467 1010732834
      ✓ should mint for amount=1
[FEE] 123624200643096 94431 1010064627
      ✓ should mint for amount=1
[FEE] 123503006819028 94397 1009437869
      ✓ should mint for amount=1
[FEE] 123390548102355 94366 1008850007
      ✓ should mint for amount=1
[FEE] 123285213002111 94337 1008298644
      ✓ should mint for amount=1
[FEE] 123185411651103 94309 1007781528
      ✓ should mint for amount=1
[FEE] 123092185419414 94283 1007296544
      ✓ should mint for amount=1
[FEE] 123005284780754 94259 1006841707
      ✓ should mint for amount=1
[FEE] 122921866755130 94235 1006415152
      ✓ should mint for amount=1
[FEE] 122845626715387 94214 1006015129
      ✓ should mint for amount=1
[FEE] 122773750533275 94194 1005639996
      ✓ should mint for amount=1
[FEE] 122706046475109 94175 1005288210
      ✓ should mint for amount=1
[FEE] 122641032452177 94156 1004958325
      ✓ should mint for amount=1
[FEE] 122582447298835 94140 1004648981
      ✓ should mint for amount=1
[FEE] 122526225564953 94124 1004358905
      ✓ should mint for amount=1
[FEE] 122474822850723 94110 1004086900
      ✓ should mint for amount=1
[FEE] 122425496954907 94096 1003831843
      ✓ should mint for amount=1
[FEE] 122379419434181 94083 1003592682
      ✓ should mint for amount=1
[FEE] 122335167622923 94070 1003368429
      ✓ should mint for amount=1
[FEE] 122295228153163 94059 1003158157
      ✓ should mint for amount=1
[FEE] 122255592915639 94047 1002960996
      ✓ should mint for amount=1
[FEE] 122221361420272 94038 1002776130
      ✓ should mint for amount=1
[FEE] 122188539536151 94029 1002602795
      ✓ should mint for amount=1
[FEE] 122155739976116 94019 1002440272
      ✓ should mint for amount=1
[FEE] 122126778157692 94011 1002287888
      ✓ should mint for amount=1
[FEE] 122100276815430 94004 1002145012
      ✓ should mint for amount=1
[FEE] 122074864300732 93997 1002011052
      ✓ should mint for amount=1
[FEE] 122051771185992 93991 1001885452
      ✓ should mint for amount=1
[FEE] 122029634927075 93985 1001767691
      ✓ should mint for amount=1
[FEE] 122007097526014 93978 1001657280
      ✓ should mint for amount=1
[FEE] 121987997782583 93973 1001553761
      ✓ should mint for amount=1
[FEE] 121969686524314 93968 1001456705
      ✓ should mint for amount=1
[FEE] 121953412297881 93964 1001365708
      ✓ should mint for amount=1
[FEE] 121937830979749 93960 1001280393
      ✓ should mint for amount=1
[FEE] 121922899250810 93956 1001200405
      ✓ should mint for amount=1
[FEE] 121908576600062 93952 1001125412
      ✓ should mint for amount=1
[FEE] 121896122429924 93949 1001055102
      ✓ should mint for amount=1
[FEE] 121882906085447 93945 1000989183
      ✓ should mint for amount=1
[FEE] 121870191699179 93941 1000927381
      ✓ should mint for amount=1
[FEE] 121859245147370 93938 1000869439
      ✓ should mint for amount=1
[FEE] 121848739657592 93935 1000815116
      ✓ should mint for amount=1
[FEE] 121838647673124 93932 1000764186
      ✓ should mint for amount=1
[FEE] 121827646312877 93928 1000716437
      ✓ should mint for amount=1
[FEE] 121819602532442 93926 1000671671
      ✓ should mint for amount=1
[FEE] 121811899477566 93924 1000629702
      ✓ should mint for amount=1
[FEE] 121803218832706 93921 1000590354
      ✓ should mint for amount=1
[FEE] 121797431463746 93920 1000553465
      ✓ should mint for amount=1
[FEE] 121790627877270 93918 1000518880
      ✓ should mint for amount=1
[FEE] 121785384251732 93917 1000486456
      ✓ should mint for amount=1
[FEE] 121780387324837 93916 1000456058
      ✓ should mint for amount=1
[FEE] 121775621629815 93915 1000427559
      ✓ should mint for amount=1
[FEE] 121771072796051 93914 1000400841
      ✓ should mint for amount=1
[FEE] 121766727183871 93913 1000375792
      ✓ should mint for amount=1
[FEE] 121762572127936 93912 1000352308
      ✓ should mint for amount=1
[FEE] 121758595693760 93911 1000330291
      ✓ should mint for amount=1
[FEE] 121754786799382 93910 1000309650
      ✓ should mint for amount=1
[FEE] 121751134971893 93909 1000290299
      ✓ should mint for amount=1
[FEE] 121747630347402 93908 1000272157
      ✓ should mint for amount=1
[FEE] 121744263792718 93907 1000255149
      ✓ should mint for amount=1
[FEE] 121741026540173 93906 1000239203
      ✓ should mint for amount=1
[FEE] 121736614280107 93904 1000224254
      ✓ should mint for amount=1
[FEE] 121733612147803 93903 1000210239
      ✓ should mint for amount=1
[FEE] 121729420307776 93901 1000197100
      ✓ should mint for amount=1
[FEE] 121727921140262 93901 1000184782
      ✓ should mint for amount=1
[FEE] 121726515685932 93901 1000173234
      ✓ should mint for amount=1
[FEE] 121725197981218 93901 1000162407
      ✓ should mint for amount=1
[FEE] 121723962671081 93901 1000152257
      ✓ should mint for amount=1
[FEE] 121722804522189 93901 1000142741
      ✓ should mint for amount=1
[FEE] 121719126233768 93899 1000133820
      ✓ should mint for amount=1
[FEE] 121715515778636 93897 1000125456
      ✓ should mint for amount=1
[FEE] 121714561526993 93897 1000117615
      ✓ should mint for amount=1
[FEE] 121712370661873 93896 1000110264
      ✓ should mint for amount=1
[FEE] 121711532034397 93896 1000103373
      ✓ should mint for amount=1
[FEE] 121710745737471 93896 1000096912
      ✓ should mint for amount=1
[FEE] 121710008606920 93896 1000090855
      ✓ should mint for amount=1
[FEE] 121708021386189 93895 1000085177
      ✓ should mint for amount=1
[FEE] 121707373467871 93895 1000079853
      ✓ should mint for amount=1
[FEE] 121706766074872 93895 1000074862
      ✓ should mint for amount=1
[FEE] 121706196651542 93895 1000070183
      ✓ should mint for amount=1
[FEE] 121704366696660 93894 1000065797
      ✓ should mint for amount=1
[FEE] 121703866281230 93894 1000061685
      ✓ should mint for amount=1
[FEE] 121703397141764 93894 1000057830
      ✓ should mint for amount=1
[FEE] 121701661157166 93893 1000054216
      ✓ should mint for amount=1
[FEE] 121701248854291 93893 1000050828
      ✓ should mint for amount=1
[FEE] 121700862229075 93893 1000047651
      ✓ should mint for amount=1
[FEE] 121700499821177 93893 1000044673
      ✓ should mint for amount=1
[FEE] 121700160048560 93893 1000041881
      ✓ should mint for amount=1
[FEE] 121699841450884 93893 1000039263
      ✓ should mint for amount=1
[FEE] 121699542811198 93893 1000036809
      ✓ should mint for amount=1
[FEE] 121699262790858 93893 1000034508
      ✓ should mint for amount=1
[FEE] 121697704148990 93892 1000032351
      ✓ should mint for amount=1
[FEE] 121697458084193 93892 1000030329
      ✓ should mint for amount=1
[FEE] 121697227352810 93892 1000028433
      ✓ should mint for amount=1
[FEE] 121697011102986 93892 1000026656
      ✓ should mint for amount=1
[FEE] 121696808361170 93892 1000024990
      ✓ should mint for amount=1
[FEE] 121696618275505 93892 1000023428
      ✓ should mint for amount=1
[FEE] 121696440115830 93892 1000021964
      ✓ should mint for amount=1
[FEE] 121694976899914 93891 1000020591
      ✓ should mint for amount=1
[FEE] 121694820281704 93891 1000019304
      ✓ should mint for amount=1
[FEE] 121693377393441 93890 1000018098
      ✓ should mint for amount=1
[FEE] 121691943635046 93889 1000016967
      ✓ should mint for amount=1
[FEE] 121693110768077 93890 1000015907
      ✓ should mint for amount=1
[FEE] 121692989807049 93890 1000014913
      ✓ should mint for amount=1
[FEE] 121692876390874 93890 1000013981
      ✓ should mint for amount=1
[FEE] 121692770032787 93890 1000013107
      ✓ should mint for amount=1
[FEE] 121691374248103 93889 1000012288
      ✓ should mint for amount=1
[FEE] 121692576908892 93890 1000011520
      ✓ should mint for amount=1
[FEE] 121692489291246 93890 1000010800
      ✓ should mint for amount=1
[FEE] 121692407149703 93890 1000010125
      ✓ should mint for amount=1
[FEE] 121692330119189 93890 1000009492
      ✓ should mint for amount=1
[FEE] 121692257956322 93890 1000008899
      ✓ should mint for amount=1
[FEE] 121690894181530 93889 1000008343
      ✓ should mint for amount=1
[FEE] 121690830781103 93889 1000007822
      ✓ should mint for amount=1
[FEE] 121690771274752 93889 1000007333
      ✓ should mint for amount=1
[FEE] 121692011653384 93890 1000006875
      ✓ should mint for amount=1
[FEE] 121691959326179 93890 1000006445
      ✓ should mint for amount=1
[FEE] 121691910284635 93890 1000006042
      ✓ should mint for amount=1
[FEE] 121691864285371 93890 1000005664
      ✓ should mint for amount=1
[FEE] 121691821206695 93890 1000005310
      ✓ should mint for amount=1
[FEE] 121691780805225 93890 1000004978
      ✓ should mint for amount=1
[FEE] 121691742959270 93890 1000004667
      ✓ should mint for amount=1
[FEE] 121691707425446 93890 1000004375
      ✓ should mint for amount=1
[FEE] 121691674203756 93890 1000004102
      ✓ should mint for amount=1
[FEE] 121691643050815 93890 1000003846
      ✓ should mint for amount=1
[FEE] 121691613844933 93890 1000003606
      ✓ should mint for amount=1
[FEE] 121691586464419 93890 1000003381
      ✓ should mint for amount=1
[FEE] 121691560787581 93890 1000003170
      ✓ should mint for amount=1
[FEE] 121691536692728 93890 1000002972
      ✓ should mint for amount=1
[FEE] 121691514058169 93890 1000002786
      ✓ should mint for amount=1
[FEE] 121691492883905 93890 1000002612
      ✓ should mint for amount=1
[FEE] 121690176941384 93889 1000002449
      ✓ should mint for amount=1
[FEE] 121690158322832 93889 1000002296
      ✓ should mint for amount=1
[FEE] 121691437027656 93890 1000002153
      ✓ should mint for amount=1
[FEE] 121691420599347 93890 1000002018
      ✓ should mint for amount=1
[FEE] 121690109160121 93889 1000001892
      ✓ should mint for amount=1
[FEE] 121691390906700 93890 1000001774
      ✓ should mint for amount=1
[FEE] 121691377398980 93890 1000001663
      ✓ should mint for amount=1
[FEE] 121691364743098 93890 1000001559
      ✓ should mint for amount=1
[FEE] 121690056833473 93889 1000001462
      ✓ should mint for amount=1
[FEE] 121691341865157 93890 1000001371
      ✓ should mint for amount=1
[FEE] 121691331399716 93890 1000001285
      ✓ should mint for amount=1
[FEE] 121690025559174 93889 1000001205
      ✓ should mint for amount=1
[FEE] 121688720327283 93888 1000001130
      ✓ should mint for amount=1
[FEE] 121688711687394 93888 1000001059
      ✓ should mint for amount=1
[FEE] 121687407550975 93887 1000000993
      ✓ should mint for amount=1
[FEE] 121687400006363 93887 1000000931
      ✓ should mint for amount=1
[FEE] 121686096843684 93886 1000000873
      ✓ should mint for amount=1
[FEE] 121686090150954 93886 1000000818
      ✓ should mint for amount=1
[FEE] 121686083944969 93886 1000000767
      ✓ should mint for amount=1
[FEE] 121687374208659 93887 1000000719
      ✓ should mint for amount=1
[FEE] 121687368732731 93887 1000000674
      ✓ should mint for amount=1
[FEE] 121688659726369 93888 1000000632
      ✓ should mint for amount=1
[FEE] 121689951084969 93889 1000000593
      ✓ should mint for amount=1
[FEE] 121691242686849 93890 1000000556
      ✓ should mint for amount=1
[FEE] 121691238427658 93890 1000000521
      ✓ should mint for amount=1
[FEE] 121691234411849 93890 1000000488
      ✓ should mint for amount=1
[FEE] 121691230761114 93890 1000000458
      ✓ should mint for amount=1
[FEE] 121689931127828 93889 1000000429
      ✓ should mint for amount=1
[FEE] 121688631737995 93888 1000000402
      ✓ should mint for amount=1
[FEE] 121689924799955 93889 1000000377
      ✓ should mint for amount=1
[FEE] 121689921879398 93889 1000000353
      ✓ should mint for amount=1
[FEE] 121689919202220 93889 1000000331
      ✓ should mint for amount=1
[FEE] 121691212750820 93890 1000000310
      ✓ should mint for amount=1
[FEE] 121691210438688 93890 1000000291
      ✓ should mint for amount=1
[FEE] 121691208248247 93890 1000000273
      ✓ should mint for amount=1
[FEE] 121689910075479 93889 1000000256
      ✓ should mint for amount=1
[FEE] 121691204232438 93890 1000000240
      ✓ should mint for amount=1
[FEE] 121691202407070 93890 1000000225
      ✓ should mint for amount=1
[FEE] 121691200703394 93890 1000000211
      ✓ should mint for amount=1
[FEE] 121691199121408 93890 1000000198
      ✓ should mint for amount=1
[FEE] 121691197661114 93890 1000000186
      ✓ should mint for amount=1
[FEE] 121691196200820 93890 1000000174
      ✓ should mint for amount=1
[FEE] 121691194862217 93890 1000000163
      ✓ should mint for amount=1
[FEE] 121691193645306 93890 1000000153
      ✓ should mint for amount=1
[FEE] 121691192428394 93890 1000000143
      ✓ should mint for amount=1
[FEE] 121689895229314 93889 1000000134
      ✓ should mint for amount=1
[FEE] 121689894255795 93889 1000000126
      ✓ should mint for amount=1
[FEE] 121688597178438 93888 1000000118
      ✓ should mint for amount=1
[FEE] 121688596326618 93888 1000000111
      ✓ should mint for amount=1

·----------------------------------------|---------------------------|-------------|----------------------------·
|          [90mSolc version: 0.8.17[39m          ·  [90mOptimizer enabled: true[39m  ·  [90mRuns: 200[39m  ·  [90mBlock limit: 8000000 gas[39m  │
·········································|···························|·············|·····························
|  [32m[1mMethods[22m[39m                                                                                                      │
···················|·····················|·············|·············|·············|··············|··············
|  [1mContract[22m        ·  [1mMethod[22m             ·  [32mMin[39m        ·  [32mMax[39m        ·  [32mAvg[39m        ·  [1m# calls[22m     ·  [1musd (avg)[22m  │
···················|·····················|·············|·············|·············|··············|··············
|  [90mXPowerThorTest[39m  ·  init               ·          -  ·          -  ·      67353  ·           [90m1[39m  ·          [32m[90m-[32m[39m  │
···················|·····················|·············|·············|·············|··············|··············
|  [90mXPowerThorTest[39m  ·  mint               ·     [36m124502[39m  ·     [31m229547[39m  ·     126838  ·         [90m253[39m  ·          [32m[90m-[32m[39m  │
···················|·····················|·············|·············|·············|··············|··············
|  [90mXPowerThorTest[39m  ·  transferOwnership  ·          -  ·          -  ·      28656  ·           [90m1[39m  ·          [32m[90m-[32m[39m  │
···················|·····················|·············|·············|·············|··············|··············
|  [32m[1mDeployments[22m[39m                           ·                                         ·  [1m% of limit[22m  ·             │
·········································|·············|·············|·············|··············|··············
|  XPowerThorTest                        ·          -  ·          -  ·    3331941  ·      [90m41.6 %[39m  ·          [32m[90m-[32m[39m  │
·----------------------------------------|-------------|-------------|-------------|--------------|-------------·

  253 passing (21s)

