
> xpower@6.0.0 test-gas
> REPORT_GAS=true npm test ./test/contracts/XPower.fees.1-thor.test.js


> xpower@6.0.0 test
> hardhat test ./test/contracts/XPower.fees.1-thor.test.js


  XPowerThor
    mint
[FEE] 348812236173851 162300 1658186771
      ✓ should mint for amount=1
[FEE] 338631735412114 158025 1653339767
      ✓ should mint for amount=1
[FEE] 328259192108901 154017 1644403873
      ✓ should mint for amount=1
[FEE] 317866386617236 150259 1632166145
      ✓ should mint for amount=1
[FEE] 307586339062010 146736 1617300130
      ✓ should mint for amount=1
[FEE] 297515171451791 143432 1600380744
      ✓ should mint for amount=1
[FEE] 287731302833891 140336 1581897257
      ✓ should mint for amount=1
[FEE] 278280152433348 137432 1562264702
      ✓ should mint for amount=1
[FEE] 269203284864016 134711 1541833755
      ✓ should mint for amount=1
[FEE] 260519524382071 132160 1520899444
      ✓ should mint for amount=1
[FEE] 252242120772276 129769 1499708682
      ✓ should mint for amount=1
[FEE] 244371234667623 127526 1478466879
      ✓ should mint for amount=1
[FEE] 236907555545359 125423 1457343679
      ✓ should mint for amount=1
[FEE] 229847809099714 123453 1436477986
      ✓ should mint for amount=1
[FEE] 223176780562545 121605 1415982320
      ✓ should mint for amount=1
[FEE] 216885203618133 119873 1395946598
      ✓ should mint for amount=1
[FEE] 210957495217758 118249 1376441436
      ✓ should mint for amount=1
[FEE] 205379754226336 116727 1357521012
      ✓ should mint for amount=1
[FEE] 200134876917290 115300 1339225548
      ✓ should mint for amount=1
[FEE] 195206557615292 113962 1321583461
      ✓ should mint for amount=1
[FEE] 190579536565125 112708 1304613228
      ✓ should mint for amount=1
[FEE] 186236442275027 111532 1288324990
      ✓ should mint for amount=1
[FEE] 182161426317062 110429 1272721947
      ✓ should mint for amount=1
[FEE] 178341869138843 109396 1257801551
      ✓ should mint for amount=1
[FEE] 174760276891141 108427 1243556543
      ✓ should mint for amount=1
[FEE] 171404231382901 107519 1229975829
      ✓ should mint for amount=1
[FEE] 168258320728215 106667 1217045245
      ✓ should mint for amount=1
[FEE] 165312176003563 105869 1204748200
      ✓ should mint for amount=1
[FEE] 162551001961401 105120 1193066230
      ✓ should mint for amount=1
[FEE] 159966560942180 104419 1181979469
      ✓ should mint for amount=1
[FEE] 157544762405168 103761 1171467044
      ✓ should mint for amount=1
[FEE] 155277993650474 103145 1161507411
      ✓ should mint for amount=1
[FEE] 153154415182054 102567 1152078635
      ✓ should mint for amount=1
[FEE] 151164074555616 102024 1143158625
      ✓ should mint for amount=1
[FEE] 149300311435162 101515 1134725329
      ✓ should mint for amount=1
[FEE] 147556725542172 101039 1126756895
      ✓ should mint for amount=1
[FEE] 145922824976940 100592 1119231798
      ✓ should mint for amount=1
[FEE] 144392811105347 100173 1112128949
      ✓ should mint for amount=1
[FEE] 142958263785312 99779 1105427775
      ✓ should mint for amount=1
[FEE] 141615340364117 99410 1099108284
      ✓ should mint for amount=1
[FEE] 140358976246902 99065 1093151116
      ✓ should mint for amount=1
[FEE] 139182917842400 98742 1087537577
      ✓ should mint for amount=1
[FEE] 138081150839170 98439 1082249663
      ✓ should mint for amount=1
[FEE] 137049283212515 98155 1077270074
      ✓ should mint for amount=1
[FEE] 136081721762619 97888 1072582223
      ✓ should mint for amount=1
[FEE] 135177229234667 97639 1068170235
      ✓ should mint for amount=1
[FEE] 134327798332845 97404 1064018941
      ✓ should mint for amount=1
[FEE] 133533890018687 97185 1060113869
      ✓ should mint for amount=1
[FEE] 132787841765968 96978 1056441233
      ✓ should mint for amount=1
[FEE] 132090378781546 96785 1052987912
      ✓ should mint for amount=1
[FEE] 131438226660980 96605 1049741437
      ✓ should mint for amount=1
[FEE] 130825526749666 96435 1046689968
      ✓ should mint for amount=1
[FEE] 130251982841698 96276 1043822273
      ✓ should mint for amount=1
[FEE] 129714682850630 96127 1041127706
      ✓ should mint for amount=1
[FEE] 129210821266164 95987 1038596185
      ✓ should mint for amount=1
[FEE] 128739035374627 95856 1036218169
      ✓ should mint for amount=1
[FEE] 128298044058515 95734 1033984634
      ✓ should mint for amount=1
[FEE] 127883968837094 95619 1031887052
      ✓ should mint for amount=1
[FEE] 127495694556201 95511 1029917367
      ✓ should mint for amount=1
[FEE] 127132173328355 95410 1028067973
      ✓ should mint for amount=1
[FEE] 126791090577574 95315 1026331692
      ✓ should mint for amount=1
[FEE] 126471528441743 95226 1024701754
      ✓ should mint for amount=1
[FEE] 126172624972725 95143 1023171776
      ✓ should mint for amount=1
[FEE] 125892246677001 95065 1021735742
      ✓ should mint for amount=1
[FEE] 125629639179385 94992 1020387983
      ✓ should mint for amount=1
[FEE] 125384094479450 94924 1019123161
      ✓ should mint for amount=1
[FEE] 125150990060195 94858 1017936250
      ✓ should mint for amount=1
[FEE] 124933669032494 94797 1016822518
      ✓ should mint for amount=1
[FEE] 124730229153986 94740 1015777513
      ✓ should mint for amount=1
[FEE] 124540124847684 94687 1014797046
      ✓ should mint for amount=1
[FEE] 124362844281121 94638 1013877177
      ✓ should mint for amount=1
[FEE] 124193968445805 94590 1013014201
      ✓ should mint for amount=1
[FEE] 124038304258183 94547 1012204635
      ✓ should mint for amount=1
[FEE] 123891493069358 94506 1011445204
      ✓ should mint for amount=1
[FEE] 123754454250624 94468 1010732831
      ✓ should mint for amount=1
[FEE] 123625509424401 94432 1010064624
      ✓ should mint for amount=1
[FEE] 123503006451983 94397 1009437866
      ✓ should mint for amount=1
[FEE] 123390547735431 94366 1008850004
      ✓ should mint for amount=1
[FEE] 123285212635299 94337 1008298641
      ✓ should mint for amount=1
[FEE] 123186717473749 94310 1007781525
      ✓ should mint for amount=1
[FEE] 123093490613571 94284 1007296541
      ✓ should mint for amount=1
[FEE] 123005284414246 94259 1006841704
      ✓ should mint for amount=1
[FEE] 122923170807099 94236 1006415149
      ✓ should mint for amount=1
[FEE] 122845626471165 94214 1006015127
      ✓ should mint for amount=1
[FEE] 122773750289105 94194 1005639994
      ✓ should mint for amount=1
[FEE] 122706046353049 94175 1005288209
      ✓ should mint for amount=1
[FEE] 122643637390516 94158 1004958324
      ✓ should mint for amount=1
[FEE] 122583749306066 94141 1004648980
      ✓ should mint for amount=1
[FEE] 122528828949512 94126 1004358904
      ✓ should mint for amount=1
[FEE] 122477425530208 94112 1004086899
      ✓ should mint for amount=1
[FEE] 122426797903099 94097 1003831842
      ✓ should mint for amount=1
[FEE] 122379419312240 94083 1003592681
      ✓ should mint for amount=1
[FEE] 122336467970516 94071 1003368428
      ✓ should mint for amount=1
[FEE] 122296528228236 94060 1003158156
      ✓ should mint for amount=1
[FEE] 122259492618070 94050 1002960995
      ✓ should mint for amount=1
[FEE] 122223960702062 94040 1002776129
      ✓ should mint for amount=1
[FEE] 122191138368632 94031 1002602794
      ✓ should mint for amount=1
[FEE] 122159637653847 94022 1002440271
      ✓ should mint for amount=1
[FEE] 122129376173893 94013 1002287887
      ✓ should mint for amount=1
[FEE] 122102874461275 94006 1002145011
      ✓ should mint for amount=1
[FEE] 122077461599335 93999 1002011051
      ✓ should mint for amount=1
[FEE] 122054368159021 93993 1001885451
      ✓ should mint for amount=1
[FEE] 122032231594851 93987 1001767690
      ✓ should mint for amount=1
[FEE] 122010992159281 93981 1001657279
      ✓ should mint for amount=1
[FEE] 121990593895823 93975 1001553760
      ✓ should mint for amount=1
[FEE] 121972282385971 93970 1001456704
      ✓ should mint for amount=1
[FEE] 121954710049877 93965 1001365707
      ✓ should mint for amount=1
[FEE] 121937830857967 93960 1001280392
      ✓ should mint for amount=1
[FEE] 121922899129033 93956 1001200404
      ✓ should mint for amount=1
[FEE] 121908576478291 93952 1001125411
      ✓ should mint for amount=1
[FEE] 121894824836950 93948 1001055101
      ✓ should mint for amount=1
[FEE] 121882905963684 93945 1000989182
      ✓ should mint for amount=1
[FEE] 121871488883088 93942 1000927380
      ✓ should mint for amount=1
[FEE] 121859245025616 93938 1000869438
      ✓ should mint for amount=1
[FEE] 121848739535843 93935 1000815115
      ✓ should mint for amount=1
[FEE] 121839944645526 93933 1000764185
      ✓ should mint for amount=1
[FEE] 121831537287919 93931 1000716436
      ✓ should mint for amount=1
[FEE] 121823493333423 93929 1000671670
      ✓ should mint for amount=1
[FEE] 121815790115361 93927 1000629701
      ✓ should mint for amount=1
[FEE] 121808406186351 93925 1000590353
      ✓ should mint for amount=1
[FEE] 121801321805112 93923 1000553464
      ✓ should mint for amount=1
[FEE] 121794518084162 93921 1000518879
      ✓ should mint for amount=1
[FEE] 121789274332550 93920 1000486455
      ✓ should mint for amount=1
[FEE] 121784277287460 93919 1000456057
      ✓ should mint for amount=1
[FEE] 121778214823781 93917 1000427558
      ✓ should mint for amount=1
[FEE] 121773665920760 93916 1000400840
      ✓ should mint for amount=1
[FEE] 121769320243649 93915 1000375791
      ✓ should mint for amount=1
[FEE] 121765165126840 93914 1000352307
      ✓ should mint for amount=1
[FEE] 121761188635593 93913 1000330290
      ✓ should mint for amount=1
[FEE] 121757379687710 93912 1000309649
      ✓ should mint for amount=1
[FEE] 121753727810060 93911 1000290298
      ✓ should mint for amount=1
[FEE] 121750223138543 93910 1000272156
      ✓ should mint for amount=1
[FEE] 121746856539772 93909 1000255148
      ✓ should mint for amount=1
[FEE] 121743619367608 93908 1000239203
      ✓ should mint for amount=1
[FEE] 121739207068790 93906 1000224254
      ✓ should mint for amount=1
[FEE] 121734908523980 93904 1000210239
      ✓ should mint for amount=1
[FEE] 121733309385218 93904 1000197100
      ✓ should mint for amount=1
[FEE] 121730513826627 93903 1000184782
      ✓ should mint for amount=1
[FEE] 121727812014146 93902 1000173234
      ✓ should mint for amount=1
[FEE] 121726494295399 93902 1000162407
      ✓ should mint for amount=1
[FEE] 121725258972107 93902 1000152257
      ✓ should mint for amount=1
[FEE] 121722804522189 93901 1000142741
      ✓ should mint for amount=1
[FEE] 121721718788028 93901 1000133820
      ✓ should mint for amount=1
[FEE] 121720700843794 93901 1000125456
      ✓ should mint for amount=1
[FEE] 121719746551500 93901 1000117615
      ✓ should mint for amount=1
[FEE] 121718851894868 93901 1000110264
      ✓ should mint for amount=1
[FEE] 121718013222735 93901 1000103373
      ✓ should mint for amount=1
[FEE] 121717226883938 93901 1000096912
      ✓ should mint for amount=1
[FEE] 121715193492692 93900 1000090855
      ✓ should mint for amount=1
[FEE] 121711910028440 93898 1000085177
      ✓ should mint for amount=1
[FEE] 121711262089421 93898 1000079853
      ✓ should mint for amount=1
[FEE] 121710654677015 93898 1000074862
      ✓ should mint for amount=1
[FEE] 121708789040842 93897 1000070183
      ✓ should mint for amount=1
[FEE] 121708255263555 93897 1000065797
      ✓ should mint for amount=1
[FEE] 121707754832136 93897 1000061685
      ✓ should mint for amount=1
[FEE] 121707285677681 93897 1000057830
      ✓ should mint for amount=1
[FEE] 121706845852986 93897 1000054216
      ✓ should mint for amount=1
[FEE] 121706433532547 93897 1000050828
      ✓ should mint for amount=1
[FEE] 121704750725413 93896 1000047651
      ✓ should mint for amount=1
[FEE] 121704388305935 93896 1000044673
      ✓ should mint for amount=1
[FEE] 121704048522462 93896 1000041881
      ✓ should mint for amount=1
[FEE] 121703729914607 93896 1000039263
      ✓ should mint for amount=1
[FEE] 121702135113986 93895 1000036809
      ✓ should mint for amount=1
[FEE] 121701855087681 93895 1000034508
      ✓ should mint for amount=1
[FEE] 121701592585838 93895 1000032351
      ✓ should mint for amount=1
[FEE] 121701346513178 93895 1000030329
      ✓ should mint for amount=1
[FEE] 121701115774423 93895 1000028433
      ✓ should mint for amount=1
[FEE] 121700899517689 93895 1000026656
      ✓ should mint for amount=1
[FEE] 121700696769395 93895 1000024990
      ✓ should mint for amount=1
[FEE] 121700506677657 93895 1000023428
      ✓ should mint for amount=1
[FEE] 121700328512289 93895 1000021964
      ✓ should mint for amount=1
[FEE] 121700161421408 93895 1000020591
      ✓ should mint for amount=1
[FEE] 121700004796526 93895 1000019304
      ✓ should mint for amount=1
[FEE] 121699858029153 93895 1000018098
      ✓ should mint for amount=1
[FEE] 121698424263428 93894 1000016967
      ✓ should mint for amount=1
[FEE] 121698295265287 93894 1000015907
      ✓ should mint for amount=1
[FEE] 121698174299106 93894 1000014913
      ✓ should mint for amount=1
[FEE] 121698060878099 93894 1000013981
      ✓ should mint for amount=1
[FEE] 121696658394807 93893 1000013107
      ✓ should mint for amount=1
[FEE] 121695262606938 93892 1000012288
      ✓ should mint for amount=1
[FEE] 121695169146125 93892 1000011520
      ✓ should mint for amount=1
[FEE] 121695081526613 93892 1000010800
      ✓ should mint for amount=1
[FEE] 121694999383320 93892 1000010125
      ✓ should mint for amount=1
[FEE] 121693626235177 93891 1000009492
      ✓ should mint for amount=1
[FEE] 121693554071542 93891 1000008899
      ✓ should mint for amount=1
[FEE] 121693486410528 93891 1000008343
      ✓ should mint for amount=1
[FEE] 121693423008750 93891 1000007822
      ✓ should mint for amount=1
[FEE] 121693363501132 93891 1000007333
      ✓ should mint for amount=1
[FEE] 121693307765980 93891 1000006875
      ✓ should mint for amount=1
[FEE] 121693255438218 93891 1000006445
      ✓ should mint for amount=1
[FEE] 121693206396152 93891 1000006042
      ✓ should mint for amount=1
[FEE] 121693160396398 93891 1000005664
      ✓ should mint for amount=1
[FEE] 121693117317263 93891 1000005310
      ✓ should mint for amount=1
[FEE] 121693076915362 93891 1000004978
      ✓ should mint for amount=1
[FEE] 121693039069004 93891 1000004667
      ✓ should mint for amount=1
[FEE] 121693003534802 93891 1000004375
      ✓ should mint for amount=1
[FEE] 121692970312758 93891 1000004102
      ✓ should mint for amount=1
[FEE] 121692939159485 93891 1000003846
      ✓ should mint for amount=1
[FEE] 121692909953292 93891 1000003606
      ✓ should mint for amount=1
[FEE] 121692882572486 93891 1000003381
      ✓ should mint for amount=1
[FEE] 121691560787581 93890 1000003170
      ✓ should mint for amount=1
[FEE] 121691536692728 93890 1000002972
      ✓ should mint for amount=1
[FEE] 121691514058169 93890 1000002786
      ✓ should mint for amount=1
[FEE] 121691492883905 93890 1000002612
      ✓ should mint for amount=1
[FEE] 121691473048243 93890 1000002449
      ✓ should mint for amount=1
[FEE] 121691454429494 93890 1000002296
      ✓ should mint for amount=1
[FEE] 121691437027656 93890 1000002153
      ✓ should mint for amount=1
[FEE] 121690124493046 93889 1000002018
      ✓ should mint for amount=1
[FEE] 121691405266259 93890 1000001892
      ✓ should mint for amount=1
[FEE] 121691390906700 93890 1000001774
      ✓ should mint for amount=1
[FEE] 121691377398980 93890 1000001663
      ✓ should mint for amount=1
[FEE] 121690068637392 93889 1000001559
      ✓ should mint for amount=1
[FEE] 121690056833473 93889 1000001462
      ✓ should mint for amount=1
[FEE] 121690045759694 93889 1000001371
      ✓ should mint for amount=1
[FEE] 121690035294365 93889 1000001285
      ✓ should mint for amount=1
[FEE] 121691321664422 93890 1000001205
      ✓ should mint for amount=1
[FEE] 121691312537584 93890 1000001130
      ✓ should mint for amount=1
[FEE] 121691303897510 93890 1000001059
      ✓ should mint for amount=1
[FEE] 121691295865893 93890 1000000993
      ✓ should mint for amount=1
[FEE] 121691288321040 93890 1000000931
      ✓ should mint for amount=1
[FEE] 121691281262952 93890 1000000873
      ✓ should mint for amount=1
[FEE] 121691274569937 93890 1000000818
      ✓ should mint for amount=1
[FEE] 121691268363687 93890 1000000767
      ✓ should mint for amount=1
[FEE] 121691262522511 93890 1000000719
      ✓ should mint for amount=1
[FEE] 121689960941849 93889 1000000674
      ✓ should mint for amount=1
[FEE] 121689955830874 93889 1000000632
      ✓ should mint for amount=1
[FEE] 121691247189423 93890 1000000593
      ✓ should mint for amount=1
[FEE] 121691242686849 93890 1000000556
      ✓ should mint for amount=1
[FEE] 121691238427658 93890 1000000521
      ✓ should mint for amount=1
[FEE] 121691234411849 93890 1000000488
      ✓ should mint for amount=1
[FEE] 121691230761114 93890 1000000458
      ✓ should mint for amount=1
[FEE] 121691227232070 93890 1000000429
      ✓ should mint for amount=1
[FEE] 121691223946408 93890 1000000402
      ✓ should mint for amount=1
[FEE] 121691220904129 93890 1000000377
      ✓ should mint for amount=1
[FEE] 121691217983541 93890 1000000353
      ✓ should mint for amount=1
[FEE] 121691215306335 93890 1000000331
      ✓ should mint for amount=1
[FEE] 121689916646733 93889 1000000310
      ✓ should mint for amount=1
[FEE] 121689914334625 93889 1000000291
      ✓ should mint for amount=1
[FEE] 121691208248247 93890 1000000273
      ✓ should mint for amount=1
[FEE] 121691206179497 93890 1000000256
      ✓ should mint for amount=1
[FEE] 121691204232438 93890 1000000240
      ✓ should mint for amount=1
[FEE] 121691202407070 93890 1000000225
      ✓ should mint for amount=1
[FEE] 121689904599435 93889 1000000211
      ✓ should mint for amount=1
[FEE] 121691199121408 93890 1000000198
      ✓ should mint for amount=1
[FEE] 121691197661114 93890 1000000186
      ✓ should mint for amount=1
[FEE] 121691196200820 93890 1000000174
      ✓ should mint for amount=1
[FEE] 121689898758321 93889 1000000163
      ✓ should mint for amount=1
[FEE] 121689897541422 93889 1000000153
      ✓ should mint for amount=1
[FEE] 121688600220652 93888 1000000143
      ✓ should mint for amount=1
[FEE] 121688599125455 93888 1000000134
      ✓ should mint for amount=1
[FEE] 121688598151946 93888 1000000126
      ✓ should mint for amount=1
[FEE] 121687301074599 93887 1000000118
      ✓ should mint for amount=1
[FEE] 121688596326618 93888 1000000111
      ✓ should mint for amount=1
[FEE] 121689891578618 93889 1000000104
      ✓ should mint for amount=1
[FEE] 121688594744666 93888 1000000098
      ✓ should mint for amount=1
[FEE] 121688594014534 93888 1000000092
      ✓ should mint for amount=1
[FEE] 121689889388200 93889 1000000086
      ✓ should mint for amount=1
[FEE] 121689888779750 93889 1000000081
      ✓ should mint for amount=1
[FEE] 121691184275085 93890 1000000076
      ✓ should mint for amount=1

·----------------------------------------|---------------------------|-------------|----------------------------·
|          [90mSolc version: 0.8.17[39m          ·  [90mOptimizer enabled: true[39m  ·  [90mRuns: 200[39m  ·  [90mBlock limit: 8000000 gas[39m  │
·········································|···························|·············|·····························
|  [32m[1mMethods[22m[39m                                                                                                      │
···················|·····················|·············|·············|·············|··············|··············
|  [1mContract[22m        ·  [1mMethod[22m             ·  [32mMin[39m        ·  [32mMax[39m        ·  [32mAvg[39m        ·  [1m# calls[22m     ·  [1musd (avg)[22m  │
···················|·····················|·············|·············|·············|··············|··············
|  [90mXPowerThorTest[39m  ·  init               ·          -  ·          -  ·      67353  ·           [90m1[39m  ·          [32m[90m-[32m[39m  │
···················|·····················|·············|·············|·············|··············|··············
|  [90mXPowerThorTest[39m  ·  mint               ·     [36m124497[39m  ·     [31m229542[39m  ·     126709  ·         [90m259[39m  ·          [32m[90m-[32m[39m  │
···················|·····················|·············|·············|·············|··············|··············
|  [90mXPowerThorTest[39m  ·  transferOwnership  ·          -  ·          -  ·      28656  ·           [90m1[39m  ·          [32m[90m-[32m[39m  │
···················|·····················|·············|·············|·············|··············|··············
|  [32m[1mDeployments[22m[39m                           ·                                         ·  [1m% of limit[22m  ·             │
·········································|·············|·············|·············|··············|··············
|  XPowerThorTest                        ·          -  ·          -  ·    3331941  ·      [90m41.6 %[39m  ·          [32m[90m-[32m[39m  │
·----------------------------------------|-------------|-------------|-------------|--------------|-------------·

  259 passing (19s)

