
> xpower@6.0.0 test-gas
> REPORT_GAS=true npm test ./test/contracts/XPower.fees.1-thor.test.js


> xpower@6.0.0 test
> hardhat test ./test/contracts/XPower.fees.1-thor.test.js


  XPowerThor
    mint
[FEE] 348812236173851 162300 1658186771
      ✓ should mint for amount=1
[FEE] 338629592512349 158024 1653339767
      ✓ should mint for amount=1
[FEE] 328257056798567 154016 1644403853
      ✓ should mint for amount=1
[FEE] 317864264928682 150258 1632166113
      ✓ should mint for amount=1
[FEE] 307584235075816 146735 1617300089
      ✓ should mint for amount=1
[FEE] 297515162528459 143432 1600380696
      ✓ should mint for amount=1
[FEE] 287731294648841 140336 1581897212
      ✓ should mint for amount=1
[FEE] 278284194666018 137434 1562264660
      ✓ should mint for amount=1
[FEE] 269207276378780 134713 1541833725
      ✓ should mint for amount=1
[FEE] 260523463442907 132162 1520899424
      ✓ should mint for amount=1
[FEE] 252242119258529 129769 1499708673
      ✓ should mint for amount=1
[FEE] 244373149922264 127527 1478466873
      ✓ should mint for amount=1
[FEE] 236909444901559 125424 1457343682
      ✓ should mint for amount=1
[FEE] 229847810699793 123453 1436477996
      ✓ should mint for amount=1
[FEE] 223176782926735 121605 1415982335
      ✓ should mint for amount=1
[FEE] 216885206570122 119873 1395946617
      ✓ should mint for amount=1
[FEE] 210959282753654 118250 1376441459
      ✓ should mint for amount=1
[FEE] 205381517799196 116728 1357521039
      ✓ should mint for amount=1
[FEE] 200136617175720 115301 1339225578
      ✓ should mint for amount=1
[FEE] 195206562341902 113962 1321583493
      ✓ should mint for amount=1
[FEE] 190577850179591 112707 1304613259
      ✓ should mint for amount=1
[FEE] 186234776664376 111531 1288325019
      ✓ should mint for amount=1
[FEE] 182161430181503 110429 1272721974
      ✓ should mint for amount=1
[FEE] 178341872967134 109396 1257801578
      ✓ should mint for amount=1
[FEE] 174758668766737 108426 1243556569
      ✓ should mint for amount=1
[FEE] 171402640551204 107518 1229975853
      ✓ should mint for amount=1
[FEE] 168258323631496 106667 1217045266
      ✓ should mint for amount=1
[FEE] 165310617132083 105868 1204748219
      ✓ should mint for amount=1
[FEE] 162551004277590 105120 1193066247
      ✓ should mint for amount=1
[FEE] 159966563107585 104419 1181979485
      ✓ should mint for amount=1
[FEE] 157544764422444 103761 1171467059
      ✓ should mint for amount=1
[FEE] 155277995522086 103145 1161507425
      ✓ should mint for amount=1
[FEE] 153154416910241 102567 1152078648
      ✓ should mint for amount=1
[FEE] 151165557794543 102025 1143158637
      ✓ should mint for amount=1
[FEE] 149303254457443 101517 1134725341
      ✓ should mint for amount=1
[FEE] 147558187376478 101040 1126756906
      ✓ should mint for amount=1
[FEE] 145925727692039 100594 1119231809
      ✓ should mint for amount=1
[FEE] 144394253967971 100174 1112128960
      ✓ should mint for amount=1
[FEE] 142961130576604 99781 1105427785
      ✓ should mint for amount=1
[FEE] 141619615327505 99413 1099108294
      ✓ should mint for amount=1
[FEE] 140363228042497 99068 1093151126
      ✓ should mint for amount=1
[FEE] 139184328683674 98743 1087537587
      ✓ should mint for amount=1
[FEE] 138081151987454 98439 1082249672
      ✓ should mint for amount=1
[FEE] 137049284230267 98155 1077270082
      ✓ should mint for amount=1
[FEE] 136083112955386 97889 1072582231
      ✓ should mint for amount=1
[FEE] 135178614579907 97640 1068170242
      ✓ should mint for amount=1
[FEE] 134330557248076 97406 1064018947
      ✓ should mint for amount=1
[FEE] 133535264791959 97186 1060113875
      ✓ should mint for amount=1
[FEE] 132790580909200 96980 1056441238
      ✓ should mint for amount=1
[FEE] 132093108971803 96787 1052987917
      ✓ should mint for amount=1
[FEE] 131439587860782 96606 1049741442
      ✓ should mint for amount=1
[FEE] 130826883993347 96436 1046689973
      ✓ should mint for amount=1
[FEE] 130251983340832 96276 1043822277
      ✓ should mint for amount=1
[FEE] 129714683224402 96127 1041127709
      ✓ should mint for amount=1
[FEE] 129210821639391 95987 1038596188
      ✓ should mint for amount=1
[FEE] 128739035747345 95856 1036218172
      ✓ should mint for amount=1
[FEE] 128296704279460 95733 1033984637
      ✓ should mint for amount=1
[FEE] 127881294343661 95617 1031887055
      ✓ should mint for amount=1
[FEE] 127494360047879 95510 1029917370
      ✓ should mint for amount=1
[FEE] 127129508733954 95408 1028067976
      ✓ should mint for amount=1
[FEE] 126789760715896 95314 1026331695
      ✓ should mint for amount=1
[FEE] 126470200692287 95225 1024701757
      ✓ should mint for amount=1
[FEE] 126171299205957 95142 1023171779
      ✓ should mint for amount=1
[FEE] 125889598495714 95063 1021735745
      ✓ should mint for amount=1
[FEE] 125626994491484 94990 1020387986
      ✓ should mint for amount=1
[FEE] 125380132180678 94921 1019123164
      ✓ should mint for amount=1
[FEE] 125149670955159 94857 1017936252
      ✓ should mint for amount=1
[FEE] 124933669278228 94797 1016822520
      ✓ should mint for amount=1
[FEE] 124731545829759 94741 1015777514
      ✓ should mint for amount=1
[FEE] 124541440129876 94688 1014797046
      ✓ should mint for amount=1
[FEE] 124364158371066 94639 1013877177
      ✓ should mint for amount=1
[FEE] 124196594388684 94592 1013014201
      ✓ should mint for amount=1
[FEE] 124040928102499 94549 1012204635
      ✓ should mint for amount=1
[FEE] 123894114945071 94508 1011445204
      ✓ should mint for amount=1
[FEE] 123757074279718 94470 1010732831
      ✓ should mint for amount=1
[FEE] 123628127721364 94434 1010064624
      ✓ should mint for amount=1
[FEE] 123506931460398 94400 1009437866
      ✓ should mint for amount=1
[FEE] 123394470458056 94369 1008850004
      ✓ should mint for amount=1
[FEE] 123287826354468 94339 1008298641
      ✓ should mint for amount=1
[FEE] 123188023663097 94311 1007781525
      ✓ should mint for amount=1
[FEE] 123094796174331 94285 1007296541
      ✓ should mint for amount=1
[FEE] 123007894356733 94261 1006841704
      ✓ should mint for amount=1
[FEE] 122925779643867 94238 1006415149
      ✓ should mint for amount=1
[FEE] 122846930371079 94215 1006015127
      ✓ should mint for amount=1
[FEE] 122775053702807 94195 1005639994
      ✓ should mint for amount=1
[FEE] 122707349310801 94176 1005288209
      ✓ should mint for amount=1
[FEE] 122643637390516 94158 1004958324
      ✓ should mint for amount=1
[FEE] 122583749306066 94141 1004648980
      ✓ should mint for amount=1
[FEE] 122528828949512 94126 1004358904
      ✓ should mint for amount=1
[FEE] 122477425530208 94112 1004086899
      ✓ should mint for amount=1
[FEE] 122429400043399 94099 1003831842
      ✓ should mint for amount=1
[FEE] 122383321592757 94086 1003592681
      ✓ should mint for amount=1
[FEE] 122340369379068 94074 1003368428
      ✓ should mint for amount=1
[FEE] 122300428819185 94063 1003158156
      ✓ should mint for amount=1
[FEE] 122263392442396 94053 1002960995
      ✓ should mint for amount=1
[FEE] 122227859807572 94043 1002776129
      ✓ should mint for amount=1
[FEE] 122195036800161 94034 1002602794
      ✓ should mint for amount=1
[FEE] 122162236186906 94024 1002440271
      ✓ should mint for amount=1
[FEE] 122133273380965 94016 1002287887
      ✓ should mint for amount=1
[FEE] 122106771112802 94009 1002145011
      ✓ should mint for amount=1
[FEE] 122081357729983 94002 1002011051
      ✓ should mint for amount=1
[FEE] 122056965253872 93995 1001885451
      ✓ should mint for amount=1
[FEE] 122034828384440 93989 1001767690
      ✓ should mint for amount=1
[FEE] 122013588662663 93983 1001657279
      ✓ should mint for amount=1
[FEE] 121994488248382 93978 1001553760
      ✓ should mint for amount=1
[FEE] 121976176361146 93973 1001456704
      ✓ should mint for amount=1
[FEE] 121958603671227 93968 1001365707
      ✓ should mint for amount=1
[FEE] 121941724147586 93963 1001280392
      ✓ should mint for amount=1
[FEE] 121926792107633 93959 1001200404
      ✓ should mint for amount=1
[FEE] 121912469165295 93955 1001125411
      ✓ should mint for amount=1
[FEE] 121898717250568 93951 1001055101
      ✓ should mint for amount=1
[FEE] 121886798120988 93948 1000989182
      ✓ should mint for amount=1
[FEE] 121875380800086 93945 1000927380
      ✓ should mint for amount=1
[FEE] 121863136717318 93941 1000869438
      ✓ should mint for amount=1
[FEE] 121852631016320 93938 1000815115
      ✓ should mint for amount=1
[FEE] 121841241739675 93934 1000764185
      ✓ should mint for amount=1
[FEE] 121832834320180 93932 1000716436
      ✓ should mint for amount=1
[FEE] 121824790307662 93930 1000671670
      ✓ should mint for amount=1
[FEE] 121817087035204 93928 1000629701
      ✓ should mint for amount=1
[FEE] 121809703055195 93926 1000590353
      ✓ should mint for amount=1
[FEE] 121802618626145 93924 1000553464
      ✓ should mint for amount=1
[FEE] 121795814860368 93922 1000518879
      ✓ should mint for amount=1
[FEE] 121789274332550 93920 1000486455
      ✓ should mint for amount=1
[FEE] 121784277287460 93919 1000456057
      ✓ should mint for amount=1
[FEE] 121778214823781 93917 1000427558
      ✓ should mint for amount=1
[FEE] 121773665920760 93916 1000400840
      ✓ should mint for amount=1
[FEE] 121769320243649 93915 1000375791
      ✓ should mint for amount=1
[FEE] 121763868566528 93913 1000352307
      ✓ should mint for amount=1
[FEE] 121758595572041 93911 1000330290
      ✓ should mint for amount=1
[FEE] 121753490172642 93909 1000309649
      ✓ should mint for amount=1
[FEE] 121749838370235 93908 1000290298
      ✓ should mint for amount=1
[FEE] 121746333769260 93907 1000272156
      ✓ should mint for amount=1
[FEE] 121741670802237 93905 1000255148
      ✓ should mint for amount=1
[FEE] 121738433712738 93904 1000239203
      ✓ should mint for amount=1
[FEE] 121735317885765 93903 1000224254
      ✓ should mint for amount=1
[FEE] 121732315771626 93902 1000210239
      ✓ should mint for amount=1
[FEE] 121729420307776 93901 1000197100
      ✓ should mint for amount=1
[FEE] 121726624797080 93900 1000184782
      ✓ should mint for amount=1
[FEE] 121725219357717 93900 1000173234
      ✓ should mint for amount=1
[FEE] 121723901667036 93900 1000162407
      ✓ should mint for amount=1
[FEE] 121722666370055 93900 1000152257
      ✓ should mint for amount=1
[FEE] 121721508233496 93900 1000142741
      ✓ should mint for amount=1
[FEE] 121720422510898 93900 1000133820
      ✓ should mint for amount=1
[FEE] 121719404577504 93900 1000125456
      ✓ should mint for amount=1
[FEE] 121718450295373 93900 1000117615
      ✓ should mint for amount=1
[FEE] 121717555648269 93900 1000110264
      ✓ should mint for amount=1
[FEE] 121716716985067 93900 1000103373
      ✓ should mint for amount=1
[FEE] 121715930654644 93900 1000096912
      ✓ should mint for amount=1
[FEE] 121715193492692 93900 1000090855
      ✓ should mint for amount=1
[FEE] 121714502456608 93900 1000085177
      ✓ should mint for amount=1
[FEE] 121711262089421 93898 1000079853
      ✓ should mint for amount=1
[FEE] 121710654677015 93898 1000074862
      ✓ should mint for amount=1
[FEE] 121708789040842 93897 1000070183
      ✓ should mint for amount=1
[FEE] 121706959074590 93896 1000065797
      ✓ should mint for amount=1
[FEE] 121705162464865 93895 1000061685
      ✓ should mint for amount=1
[FEE] 121704693320403 93895 1000057830
      ✓ should mint for amount=1
[FEE] 121704253505076 93895 1000054216
      ✓ should mint for amount=1
[FEE] 121703841193419 93895 1000050828
      ✓ should mint for amount=1
[FEE] 121703454559967 93895 1000047651
      ✓ should mint for amount=1
[FEE] 121701795982763 93894 1000044673
      ✓ should mint for amount=1
[FEE] 121701456206527 93894 1000041881
      ✓ should mint for amount=1
[FEE] 121701137605458 93894 1000039263
      ✓ should mint for amount=1
[FEE] 121700838962592 93894 1000036809
      ✓ should mint for amount=1
[FEE] 121700558939269 93894 1000034508
      ✓ should mint for amount=1
[FEE] 121700296440222 93894 1000032351
      ✓ should mint for amount=1
[FEE] 121700050370183 93894 1000030329
      ✓ should mint for amount=1
[FEE] 121699819633886 93894 1000028433
      ✓ should mint for amount=1
[FEE] 121699603379455 93894 1000026656
      ✓ should mint for amount=1
[FEE] 121699400633320 93894 1000024990
      ✓ should mint for amount=1
[FEE] 121697914409556 93893 1000023428
      ✓ should mint for amount=1
[FEE] 121696440115830 93892 1000021964
      ✓ should mint for amount=1
[FEE] 121696273030288 93892 1000020591
      ✓ should mint for amount=1
[FEE] 121696116410409 93892 1000019304
      ✓ should mint for amount=1
[FEE] 121695969647726 93892 1000018098
      ✓ should mint for amount=1
[FEE] 121694535886399 93891 1000016967
      ✓ should mint for amount=1
[FEE] 121694406892379 93891 1000015907
      ✓ should mint for amount=1
[FEE] 121692989807049 93890 1000014913
      ✓ should mint for amount=1
[FEE] 121692876390874 93890 1000013981
      ✓ should mint for amount=1
[FEE] 121692770032787 93890 1000013107
      ✓ should mint for amount=1
[FEE] 121692670367714 93890 1000012288
      ✓ should mint for amount=1
[FEE] 121692576908892 93890 1000011520
      ✓ should mint for amount=1
[FEE] 121692489291246 93890 1000010800
      ✓ should mint for amount=1
[FEE] 121692407149703 93890 1000010125
      ✓ should mint for amount=1
[FEE] 121692330119189 93890 1000009492
      ✓ should mint for amount=1
[FEE] 121692257956322 93890 1000008899
      ✓ should mint for amount=1
[FEE] 121692190296029 93890 1000008343
      ✓ should mint for amount=1
[FEE] 121692126894927 93890 1000007822
      ✓ should mint for amount=1
[FEE] 121692067387942 93890 1000007333
      ✓ should mint for amount=1
[FEE] 121692011653384 93890 1000006875
      ✓ should mint for amount=1
[FEE] 121690663214140 93889 1000006445
      ✓ should mint for amount=1
[FEE] 121691910284635 93890 1000006042
      ✓ should mint for amount=1
[FEE] 121691864285371 93890 1000005664
      ✓ should mint for amount=1
[FEE] 121691821206695 93890 1000005310
      ✓ should mint for amount=1
[FEE] 121691780805225 93890 1000004978
      ✓ should mint for amount=1
[FEE] 121691742959270 93890 1000004667
      ✓ should mint for amount=1
[FEE] 121691707425446 93890 1000004375
      ✓ should mint for amount=1
[FEE] 121690378094754 93889 1000004102
      ✓ should mint for amount=1
[FEE] 121690346942145 93889 1000003846
      ✓ should mint for amount=1
[FEE] 121691613844933 93890 1000003606
      ✓ should mint for amount=1
[FEE] 121690290356351 93889 1000003381
      ✓ should mint for amount=1
[FEE] 121690264679786 93889 1000003170
      ✓ should mint for amount=1
[FEE] 121688944477653 93888 1000002972
      ✓ should mint for amount=1
[FEE] 121687625736280 93887 1000002786
      ✓ should mint for amount=1
[FEE] 121688900669763 93888 1000002612
      ✓ should mint for amount=1
[FEE] 121687584727665 93887 1000002449
      ✓ should mint for amount=1
[FEE] 121687566109510 93887 1000002296
      ✓ should mint for amount=1
[FEE] 121688844814704 93888 1000002153
      ✓ should mint for amount=1
[FEE] 121690124493046 93889 1000002018
      ✓ should mint for amount=1
[FEE] 121691405266259 93890 1000001892
      ✓ should mint for amount=1
[FEE] 121691390906700 93890 1000001774
      ✓ should mint for amount=1
[FEE] 121691377398980 93890 1000001663
      ✓ should mint for amount=1
[FEE] 121691364743098 93890 1000001559
      ✓ should mint for amount=1
[FEE] 121691352939054 93890 1000001462
      ✓ should mint for amount=1
[FEE] 121690045759694 93889 1000001371
      ✓ should mint for amount=1
[FEE] 121691331399716 93890 1000001285
      ✓ should mint for amount=1
[FEE] 121691321664422 93890 1000001205
      ✓ should mint for amount=1
[FEE] 121690016432433 93889 1000001130
      ✓ should mint for amount=1
[FEE] 121691303897510 93890 1000001059
      ✓ should mint for amount=1
[FEE] 121691295865893 93890 1000000993
      ✓ should mint for amount=1
[FEE] 121691288321040 93890 1000000931
      ✓ should mint for amount=1
[FEE] 121691281262952 93890 1000000873
      ✓ should mint for amount=1
[FEE] 121691274569937 93890 1000000818
      ✓ should mint for amount=1
[FEE] 121689972259007 93889 1000000767
      ✓ should mint for amount=1
[FEE] 121691262522511 93890 1000000719
      ✓ should mint for amount=1
[FEE] 121689960941849 93889 1000000674
      ✓ should mint for amount=1
[FEE] 121691251935378 93890 1000000632
      ✓ should mint for amount=1
[FEE] 121691247189423 93890 1000000593
      ✓ should mint for amount=1
[FEE] 121691242686849 93890 1000000556
      ✓ should mint for amount=1
[FEE] 121689942323297 93889 1000000521
      ✓ should mint for amount=1
[FEE] 121691234411849 93890 1000000488
      ✓ should mint for amount=1
[FEE] 121691230761114 93890 1000000458
      ✓ should mint for amount=1
[FEE] 121691227232070 93890 1000000429
      ✓ should mint for amount=1
[FEE] 121691223946408 93890 1000000402
      ✓ should mint for amount=1
[FEE] 121689924799955 93889 1000000377
      ✓ should mint for amount=1
[FEE] 121691217983541 93890 1000000353
      ✓ should mint for amount=1
[FEE] 121691215306335 93890 1000000331
      ✓ should mint for amount=1
[FEE] 121689916646733 93889 1000000310
      ✓ should mint for amount=1
[FEE] 121689914334625 93889 1000000291
      ✓ should mint for amount=1
[FEE] 121691208248247 93890 1000000273
      ✓ should mint for amount=1
[FEE] 121691206179497 93890 1000000256
      ✓ should mint for amount=1
[FEE] 121691204232438 93890 1000000240
      ✓ should mint for amount=1
[FEE] 121691202407070 93890 1000000225
      ✓ should mint for amount=1
[FEE] 121691200703394 93890 1000000211
      ✓ should mint for amount=1
[FEE] 121691199121408 93890 1000000198
      ✓ should mint for amount=1
[FEE] 121691197661114 93890 1000000186
      ✓ should mint for amount=1
[FEE] 121691196200820 93890 1000000174
      ✓ should mint for amount=1
[FEE] 121689898758321 93889 1000000163
      ✓ should mint for amount=1
[FEE] 121689897541422 93889 1000000153
      ✓ should mint for amount=1
[FEE] 121689896324523 93889 1000000143
      ✓ should mint for amount=1
[FEE] 121688599125455 93888 1000000134
      ✓ should mint for amount=1
[FEE] 121689894255795 93889 1000000126
      ✓ should mint for amount=1
[FEE] 121691189386114 93890 1000000118
      ✓ should mint for amount=1
[FEE] 121691188534276 93890 1000000111
      ✓ should mint for amount=1
[FEE] 121691187682438 93890 1000000104
      ✓ should mint for amount=1
[FEE] 121691186952291 93890 1000000098
      ✓ should mint for amount=1
[FEE] 121691186222144 93890 1000000092
      ✓ should mint for amount=1
[FEE] 121691185491997 93890 1000000086
      ✓ should mint for amount=1
[FEE] 121691184883541 93890 1000000081
      ✓ should mint for amount=1
[FEE] 121689888171301 93889 1000000076
      ✓ should mint for amount=1
[FEE] 121688591459074 93888 1000000071
      ✓ should mint for amount=1

·----------------------------------------|---------------------------|-------------|----------------------------·
|          [90mSolc version: 0.8.17[39m          ·  [90mOptimizer enabled: true[39m  ·  [90mRuns: 200[39m  ·  [90mBlock limit: 8000000 gas[39m  │
·········································|···························|·············|·····························
|  [32m[1mMethods[22m[39m                                                                                                      │
···················|·····················|·············|·············|·············|··············|··············
|  [1mContract[22m        ·  [1mMethod[22m             ·  [32mMin[39m        ·  [32mMax[39m        ·  [32mAvg[39m        ·  [1m# calls[22m     ·  [1musd (avg)[22m  │
···················|·····················|·············|·············|·············|··············|··············
|  [90mXPowerThorTest[39m  ·  init               ·          -  ·          -  ·      67353  ·           [90m1[39m  ·          [32m[90m-[32m[39m  │
···················|·····················|·············|·············|·············|··············|··············
|  [90mXPowerThorTest[39m  ·  mint               ·     [36m124496[39m  ·     [31m229542[39m  ·     126829  ·         [90m260[39m  ·          [32m[90m-[32m[39m  │
···················|·····················|·············|·············|·············|··············|··············
|  [90mXPowerThorTest[39m  ·  transferOwnership  ·          -  ·          -  ·      28656  ·           [90m1[39m  ·          [32m[90m-[32m[39m  │
···················|·····················|·············|·············|·············|··············|··············
|  [32m[1mDeployments[22m[39m                           ·                                         ·  [1m% of limit[22m  ·             │
·········································|·············|·············|·············|··············|··············
|  XPowerThorTest                        ·          -  ·          -  ·    3331941  ·      [90m41.6 %[39m  ·          [32m[90m-[32m[39m  │
·----------------------------------------|-------------|-------------|-------------|--------------|-------------·

  260 passing (19s)

