
> xpower@6.0.0 test-gas
> REPORT_GAS=true npm test ./test/contracts/XPower.fees.1-thor.test.js


> xpower@6.0.0 test
> hardhat test ./test/contracts/XPower.fees.1-thor.test.js


  XPowerThor
    mint
[FEE] 348822982083776 162305 1658186771
      ✓ should mint for amount=1
[FEE] 338640308444929 158029 1653339774
      ✓ should mint for amount=1
[FEE] 328267718777972 154021 1644403880
      ✓ should mint for amount=1
[FEE] 317874850585780 150263 1632166156
      ✓ should mint for amount=1
[FEE] 307594727430261 146740 1617300149
      ✓ should mint for amount=1
[FEE] 297525546838696 143437 1600380766
      ✓ should mint for amount=1
[FEE] 287741560896489 140341 1581897293
      ✓ should mint for amount=1
[FEE] 278292309947869 137438 1562264749
      ✓ should mint for amount=1
[FEE] 269215285948136 134717 1541833817
      ✓ should mint for amount=1
[FEE] 260531364689881 132166 1520899519
      ✓ should mint for amount=1
[FEE] 252251854295473 129774 1499708769
      ✓ should mint for amount=1
[FEE] 244382747848843 127532 1478466974
      ✓ should mint for amount=1
[FEE] 236920795019972 125430 1457343786
      ✓ should mint for amount=1
[FEE] 229858999728111 123459 1436478109
      ✓ should mint for amount=1
[FEE] 223187813558349 121611 1415982456
      ✓ should mint for amount=1
[FEE] 216896081896779 119879 1395946743
      ✓ should mint for amount=1
[FEE] 210968222579818 118255 1376441588
      ✓ should mint for amount=1
[FEE] 205388575419863 116732 1357521169
      ✓ should mint for amount=1
[FEE] 200141843929314 115304 1339225708
      ✓ should mint for amount=1
[FEE] 195213432885950 113966 1321583621
      ✓ should mint for amount=1
[FEE] 190584632388617 112711 1304613386
      ✓ should mint for amount=1
[FEE] 186239804142745 111534 1288325144
      ✓ should mint for amount=1
[FEE] 182166396239316 110432 1272722095
      ✓ should mint for amount=1
[FEE] 178345149897429 109398 1257801694
      ✓ should mint for amount=1
[FEE] 174763519700903 108429 1243556680
      ✓ should mint for amount=1
[FEE] 171405843954239 107520 1229975961
      ✓ should mint for amount=1
[FEE] 168259915564894 106668 1217045371
      ✓ should mint for amount=1
[FEE] 165313753948365 105870 1204748320
      ✓ should mint for amount=1
[FEE] 162552563967426 105121 1193066345
      ✓ should mint for amount=1
[FEE] 159968107662093 104420 1181979578
      ✓ should mint for amount=1
[FEE] 157546294734498 103762 1171467148
      ✓ should mint for amount=1
[FEE] 155278006885448 103145 1161507510
      ✓ should mint for amount=1
[FEE] 153154427678176 102567 1152078729
      ✓ should mint for amount=1
[FEE] 151165567976636 102025 1143158714
      ✓ should mint for amount=1
[FEE] 149303264062532 101517 1134725414
      ✓ should mint for amount=1
[FEE] 147559656937429 101041 1126756976
      ✓ should mint for amount=1
[FEE] 145927186937694 100595 1119231875
      ✓ should mint for amount=1
[FEE] 144395703452321 100175 1112129022
      ✓ should mint for amount=1
[FEE] 142962570955971 99782 1105427844
      ✓ should mint for amount=1
[FEE] 141621047101463 99414 1099108350
      ✓ should mint for amount=1
[FEE] 140364651685096 99069 1093151179
      ✓ should mint for amount=1
[FEE] 139188563767350 98746 1087537637
      ✓ should mint for amount=1
[FEE] 138086768815448 98443 1082249719
      ✓ should mint for amount=1
[FEE] 137054874970252 98159 1077270127
      ✓ should mint for amount=1
[FEE] 136088678995454 97893 1072582273
      ✓ should mint for amount=1
[FEE] 135182773020287 97643 1068170282
      ✓ should mint for amount=1
[FEE] 134331941124438 97407 1064018985
      ✓ should mint for amount=1
[FEE] 133538017361726 97188 1060113911
      ✓ should mint for amount=1
[FEE] 132793323697721 96982 1056441272
      ✓ should mint for amount=1
[FEE] 132094477767636 96788 1052987949
      ✓ should mint for amount=1
[FEE] 131440952190915 96607 1049741472
      ✓ should mint for amount=1
[FEE] 130826887493096 96436 1046690001
      ✓ should mint for amount=1
[FEE] 130253339611927 96277 1043822304
      ✓ should mint for amount=1
[FEE] 129716035873251 96128 1041127735
      ✓ should mint for amount=1
[FEE] 129212170753588 95988 1038596212
      ✓ should mint for amount=1
[FEE] 128740381526830 95857 1036218194
      ✓ should mint for amount=1
[FEE] 128296706885138 95733 1033984658
      ✓ should mint for amount=1
[FEE] 127882634254892 95618 1031887075
      ✓ should mint for amount=1
[FEE] 127494362399905 95510 1029917389
      ✓ should mint for amount=1
[FEE] 127130843442526 95409 1028067994
      ✓ should mint for amount=1
[FEE] 126789762816022 95314 1026331712
      ✓ should mint for amount=1
[FEE] 126470202667031 95225 1024701773
      ✓ should mint for amount=1
[FEE] 126169974918932 95141 1023171794
      ✓ should mint for amount=1
[FEE] 125889600220675 95063 1021735759
      ✓ should mint for amount=1
[FEE] 125626996092004 94990 1020387999
      ✓ should mint for amount=1
[FEE] 125380133657007 94921 1019123176
      ✓ should mint for amount=1
[FEE] 125149672430493 94857 1017936264
      ✓ should mint for amount=1
[FEE] 124933670629762 94797 1016822531
      ✓ should mint for amount=1
[FEE] 124731547180495 94741 1015777525
      ✓ should mint for amount=1
[FEE] 124541441479856 94688 1014797057
      ✓ should mint for amount=1
[FEE] 124364159597686 94639 1013877187
      ✓ should mint for amount=1
[FEE] 124196595492093 94592 1013014210
      ✓ should mint for amount=1
[FEE] 124040929082861 94549 1012204643
      ✓ should mint for amount=1
[FEE] 123894115925008 94508 1011445212
      ✓ should mint for amount=1
[FEE] 123757075259262 94470 1010732839
      ✓ should mint for amount=1
[FEE] 123628128700534 94434 1010064632
      ✓ should mint for amount=1
[FEE] 123506932316864 94400 1009437873
      ✓ should mint for amount=1
[FEE] 123393163740023 94368 1008850011
      ✓ should mint for amount=1
[FEE] 123285213491193 94337 1008298648
      ✓ should mint for amount=1
[FEE] 123184105828449 94308 1007781531
      ✓ should mint for amount=1
[FEE] 123090880225249 94282 1007296547
      ✓ should mint for amount=1
[FEE] 123003980053844 94258 1006841709
      ✓ should mint for amount=1
[FEE] 122920562581017 94234 1006415154
      ✓ should mint for amount=1
[FEE] 122843019159771 94212 1006015131
      ✓ should mint for amount=1
[FEE] 122771143950030 94192 1005639998
      ✓ should mint for amount=1
[FEE] 122704743761474 94174 1005288212
      ✓ should mint for amount=1
[FEE] 122641032574213 94156 1004958326
      ✓ should mint for amount=1
[FEE] 122582447420851 94140 1004648982
      ✓ should mint for amount=1
[FEE] 122527527440227 94125 1004358906
      ✓ should mint for amount=1
[FEE] 122476124373433 94111 1004086901
      ✓ should mint for amount=1
[FEE] 122428099217170 94098 1003831844
      ✓ should mint for amount=1
[FEE] 122382021076473 94085 1003592683
      ✓ should mint for amount=1
[FEE] 122339069153407 94073 1003368430
      ✓ should mint for amount=1
[FEE] 122299128744116 94062 1003158157
      ✓ should mint for amount=1
[FEE] 122262092622855 94052 1002960996
      ✓ should mint for amount=1
[FEE] 122226560227623 94042 1002776130
      ✓ should mint for amount=1
[FEE] 122193737322985 94033 1002602794
      ✓ should mint for amount=1
[FEE] 122163535453436 94025 1002440271
      ✓ should mint for amount=1
[FEE] 122133273380965 94016 1002287887
      ✓ should mint for amount=1
[FEE] 122106771112802 94009 1002145011
      ✓ should mint for amount=1
[FEE] 122080059019767 94001 1002011051
      ✓ should mint for amount=1
[FEE] 122055666706446 93994 1001885451
      ✓ should mint for amount=1
[FEE] 122033529989646 93988 1001767690
      ✓ should mint for amount=1
[FEE] 122010992159281 93981 1001657279
      ✓ should mint for amount=1
[FEE] 121990593895823 93975 1001553760
      ✓ should mint for amount=1
[FEE] 121972282385971 93970 1001456704
      ✓ should mint for amount=1
[FEE] 121954710049877 93965 1001365707
      ✓ should mint for amount=1
[FEE] 121939128621173 93961 1001280392
      ✓ should mint for amount=1
[FEE] 121924196788566 93957 1001200404
      ✓ should mint for amount=1
[FEE] 121909874040625 93953 1001125411
      ✓ should mint for amount=1
[FEE] 121894824836950 93948 1001055101
      ✓ should mint for amount=1
[FEE] 121881608577917 93944 1000989182
      ✓ should mint for amount=1
[FEE] 121870191577422 93941 1000927380
      ✓ should mint for amount=1
[FEE] 121857947795049 93937 1000869438
      ✓ should mint for amount=1
[FEE] 121848739535843 93935 1000815115
      ✓ should mint for amount=1
[FEE] 121838647551378 93932 1000764185
      ✓ should mint for amount=1
[FEE] 121830240255659 93930 1000716436
      ✓ should mint for amount=1
[FEE] 121822196359183 93928 1000671670
      ✓ should mint for amount=1
[FEE] 121814493195518 93926 1000629701
      ✓ should mint for amount=1
[FEE] 121805812448663 93923 1000590353
      ✓ should mint for amount=1
[FEE] 121797431342016 93920 1000553464
      ✓ should mint for amount=1
[FEE] 121790627755542 93918 1000518879
      ✓ should mint for amount=1
[FEE] 121784087395824 93916 1000486455
      ✓ should mint for amount=1
[FEE] 121779090508330 93915 1000456057
      ✓ should mint for amount=1
[FEE] 121773028192402 93913 1000427558
      ✓ should mint for amount=1
[FEE] 121768479427898 93912 1000400840
      ✓ should mint for amount=1
[FEE] 121764133880651 93911 1000375791
      ✓ should mint for amount=1
[FEE] 121759978885593 93910 1000352307
      ✓ should mint for amount=1
[FEE] 121754705976715 93908 1000330290
      ✓ should mint for amount=1
[FEE] 121750897162597 93907 1000309649
      ✓ should mint for amount=1
[FEE] 121745948930410 93905 1000290298
      ✓ should mint for amount=1
[FEE] 121741147943548 93903 1000272156
      ✓ should mint for amount=1
[FEE] 121737781499086 93902 1000255148
      ✓ should mint for amount=1
[FEE] 121733248057869 93900 1000239203
      ✓ should mint for amount=1
[FEE] 121731428702739 93900 1000224254
      ✓ should mint for amount=1
[FEE] 121729723019272 93900 1000210239
      ✓ should mint for amount=1
[FEE] 121728123948628 93900 1000197100
      ✓ should mint for amount=1
[FEE] 121726624797080 93900 1000184782
      ✓ should mint for amount=1
[FEE] 121723923029502 93899 1000173234
      ✓ should mint for amount=1
[FEE] 121722605352854 93899 1000162407
      ✓ should mint for amount=1
[FEE] 121718777466976 93897 1000152257
      ✓ should mint for amount=1
[FEE] 121716323078726 93896 1000142741
      ✓ should mint for amount=1
[FEE] 121713941125248 93895 1000133820
      ✓ should mint for amount=1
[FEE] 121711626979768 93894 1000125456
      ✓ should mint for amount=1
[FEE] 121710672758613 93894 1000117615
      ✓ should mint for amount=1
[FEE] 121709778168675 93894 1000110264
      ✓ should mint for amount=1
[FEE] 121707643321394 93893 1000103373
      ✓ should mint for amount=1
[FEE] 121706857049590 93893 1000096912
      ✓ should mint for amount=1
[FEE] 121706119942592 93893 1000090855
      ✓ should mint for amount=1
[FEE] 121705428958022 93893 1000085177
      ✓ should mint for amount=1
[FEE] 121703484846322 93892 1000079853
      ✓ should mint for amount=1
[FEE] 121702877472729 93892 1000074862
      ✓ should mint for amount=1
[FEE] 121702308067592 93892 1000070183
      ✓ should mint for amount=1
[FEE] 121701774318729 93892 1000065797
      ✓ should mint for amount=1
[FEE] 121701273913958 93892 1000061685
      ✓ should mint for amount=1
[FEE] 121700804784486 93892 1000057830
      ✓ should mint for amount=1
[FEE] 121700364983211 93892 1000054216
      ✓ should mint for amount=1
[FEE] 121698656515164 93891 1000050828
      ✓ should mint for amount=1
[FEE] 121698269898183 93891 1000047651
      ✓ should mint for amount=1
[FEE] 121697907498004 93891 1000044673
      ✓ should mint for amount=1
[FEE] 121696271574657 93890 1000041881
      ✓ should mint for amount=1
[FEE] 121695952987161 93890 1000039263
      ✓ should mint for amount=1
[FEE] 121695654357017 93890 1000036809
      ✓ should mint for amount=1
[FEE] 121695374345624 93890 1000034508
      ✓ should mint for amount=1
[FEE] 121695111857759 93890 1000032351
      ✓ should mint for amount=1
[FEE] 121694865798203 93890 1000030329
      ✓ should mint for amount=1
[FEE] 121694635071735 93890 1000028433
      ✓ should mint for amount=1
[FEE] 121694418826517 93890 1000026656
      ✓ should mint for amount=1
[FEE] 121694216089020 93890 1000024990
      ✓ should mint for amount=1
[FEE] 121694026007404 93890 1000023428
      ✓ should mint for amount=1
[FEE] 121693847851524 93890 1000021964
      ✓ should mint for amount=1
[FEE] 121692384639167 93889 1000020591
      ✓ should mint for amount=1
[FEE] 121693524152998 93890 1000019304
      ✓ should mint for amount=1
[FEE] 121693377393441 93890 1000018098
      ✓ should mint for amount=1
[FEE] 121693239760722 93890 1000016967
      ✓ should mint for amount=1
[FEE] 121693110768077 93890 1000015907
      ✓ should mint for amount=1
[FEE] 121692989807049 93890 1000014913
      ✓ should mint for amount=1
[FEE] 121692876390874 93890 1000013981
      ✓ should mint for amount=1
[FEE] 121692770032787 93890 1000013107
      ✓ should mint for amount=1
[FEE] 121692670367714 93890 1000012288
      ✓ should mint for amount=1
[FEE] 121691280790275 93889 1000011520
      ✓ should mint for amount=1
[FEE] 121692489291246 93890 1000010800
      ✓ should mint for amount=1
[FEE] 121691111032894 93889 1000010125
      ✓ should mint for amount=1
[FEE] 121691034003201 93889 1000009492
      ✓ should mint for amount=1
[FEE] 121692257956322 93890 1000008899
      ✓ should mint for amount=1
[FEE] 121692190296029 93890 1000008343
      ✓ should mint for amount=1
[FEE] 121690830781103 93889 1000007822
      ✓ should mint for amount=1
[FEE] 121690771274752 93889 1000007333
      ✓ should mint for amount=1
[FEE] 121692011653384 93890 1000006875
      ✓ should mint for amount=1
[FEE] 121691959326179 93890 1000006445
      ✓ should mint for amount=1
[FEE] 121690614173119 93889 1000006042
      ✓ should mint for amount=1
[FEE] 121690568174345 93889 1000005664
      ✓ should mint for amount=1
[FEE] 121691821206695 93890 1000005310
      ✓ should mint for amount=1
[FEE] 121691780805225 93890 1000004978
      ✓ should mint for amount=1
[FEE] 121691742959270 93890 1000004667
      ✓ should mint for amount=1
[FEE] 121691707425446 93890 1000004375
      ✓ should mint for amount=1
[FEE] 121691674203756 93890 1000004102
      ✓ should mint for amount=1
[FEE] 121691643050815 93890 1000003846
      ✓ should mint for amount=1
[FEE] 121690317736574 93889 1000003606
      ✓ should mint for amount=1
[FEE] 121688994248283 93888 1000003381
      ✓ should mint for amount=1
[FEE] 121687672464198 93887 1000003170
      ✓ should mint for amount=1
[FEE] 121687648370116 93887 1000002972
      ✓ should mint for amount=1
[FEE] 121686329628984 93886 1000002786
      ✓ should mint for amount=1
[FEE] 121687604562692 93887 1000002612
      ✓ should mint for amount=1
[FEE] 121688880834524 93888 1000002449
      ✓ should mint for amount=1
[FEE] 121687566109510 93887 1000002296
      ✓ should mint for amount=1
[FEE] 121687548708228 93887 1000002153
      ✓ should mint for amount=1
[FEE] 121688828386745 93888 1000002018
      ✓ should mint for amount=1
[FEE] 121687516947846 93887 1000001892
      ✓ should mint for amount=1
[FEE] 121687502588746 93887 1000001774
      ✓ should mint for amount=1
[FEE] 121687489081457 93887 1000001663
      ✓ should mint for amount=1
[FEE] 121688772531685 93888 1000001559
      ✓ should mint for amount=1
[FEE] 121690056833473 93889 1000001462
      ✓ should mint for amount=1
[FEE] 121691341865157 93890 1000001371
      ✓ should mint for amount=1
[FEE] 121691331399716 93890 1000001285
      ✓ should mint for amount=1
[FEE] 121691321664422 93890 1000001205
      ✓ should mint for amount=1
[FEE] 121690016432433 93889 1000001130
      ✓ should mint for amount=1
[FEE] 121691303897510 93890 1000001059
      ✓ should mint for amount=1
[FEE] 121691295865893 93890 1000000993
      ✓ should mint for amount=1
[FEE] 121689992216148 93889 1000000931
      ✓ should mint for amount=1
[FEE] 121688689053318 93888 1000000873
      ✓ should mint for amount=1
[FEE] 121688682360446 93888 1000000818
      ✓ should mint for amount=1
[FEE] 121689972259007 93889 1000000767
      ✓ should mint for amount=1
[FEE] 121689966417893 93889 1000000719
      ✓ should mint for amount=1
[FEE] 121688664837290 93888 1000000674
      ✓ should mint for amount=1
[FEE] 121689955830874 93889 1000000632
      ✓ should mint for amount=1
[FEE] 121689951084969 93889 1000000593
      ✓ should mint for amount=1
[FEE] 121688650478037 93888 1000000556
      ✓ should mint for amount=1
[FEE] 121688646218937 93888 1000000521
      ✓ should mint for amount=1
[FEE] 121689938307531 93889 1000000488
      ✓ should mint for amount=1
[FEE] 121691230761114 93890 1000000458
      ✓ should mint for amount=1
[FEE] 121691227232070 93890 1000000429
      ✓ should mint for amount=1
[FEE] 121691223946408 93890 1000000402
      ✓ should mint for amount=1
[FEE] 121691220904129 93890 1000000377
      ✓ should mint for amount=1
[FEE] 121691217983541 93890 1000000353
      ✓ should mint for amount=1
[FEE] 121689919202220 93889 1000000331
      ✓ should mint for amount=1
[FEE] 121689916646733 93889 1000000310
      ✓ should mint for amount=1
[FEE] 121689914334625 93889 1000000291
      ✓ should mint for amount=1
[FEE] 121691208248247 93890 1000000273
      ✓ should mint for amount=1
[FEE] 121691206179497 93890 1000000256
      ✓ should mint for amount=1
[FEE] 121691204232438 93890 1000000240
      ✓ should mint for amount=1
[FEE] 121689906303093 93889 1000000225
      ✓ should mint for amount=1
[FEE] 121688608495476 93888 1000000211
      ✓ should mint for amount=1
[FEE] 121687310809582 93887 1000000198
      ✓ should mint for amount=1
[FEE] 121687309349335 93887 1000000186
      ✓ should mint for amount=1
[FEE] 121688603992998 93888 1000000174
      ✓ should mint for amount=1
[FEE] 121688602654424 93888 1000000163
      ✓ should mint for amount=1
[FEE] 121688601437538 93888 1000000153
      ✓ should mint for amount=1
[FEE] 121688600220652 93888 1000000143
      ✓ should mint for amount=1
[FEE] 121689895229314 93889 1000000134
      ✓ should mint for amount=1
[FEE] 121691190359644 93890 1000000126
      ✓ should mint for amount=1
[FEE] 121691189386114 93890 1000000118
      ✓ should mint for amount=1
[FEE] 121689892430447 93889 1000000111
      ✓ should mint for amount=1
[FEE] 121688595474797 93888 1000000104
      ✓ should mint for amount=1
[FEE] 121689890848478 93889 1000000098
      ✓ should mint for amount=1
[FEE] 121691186222144 93890 1000000092
      ✓ should mint for amount=1
[FEE] 121691185491997 93890 1000000086
      ✓ should mint for amount=1
[FEE] 121689888779750 93889 1000000081
      ✓ should mint for amount=1
[FEE] 121691184275085 93890 1000000076
      ✓ should mint for amount=1
[FEE] 121691183666629 93890 1000000071
      ✓ should mint for amount=1
[FEE] 121691183179864 93890 1000000067
      ✓ should mint for amount=1
[FEE] 121689886589333 93889 1000000063
      ✓ should mint for amount=1
[FEE] 121688589998811 93888 1000000059
      ✓ should mint for amount=1

·----------------------------------------|---------------------------|-------------|----------------------------·
|          [90mSolc version: 0.8.17[39m          ·  [90mOptimizer enabled: true[39m  ·  [90mRuns: 200[39m  ·  [90mBlock limit: 8000000 gas[39m  │
·········································|···························|·············|·····························
|  [32m[1mMethods[22m[39m                                                                                                      │
···················|·····················|·············|·············|·············|··············|··············
|  [1mContract[22m        ·  [1mMethod[22m             ·  [32mMin[39m        ·  [32mMax[39m        ·  [32mAvg[39m        ·  [1m# calls[22m     ·  [1musd (avg)[22m  │
···················|·····················|·············|·············|·············|··············|··············
|  [90mXPowerThorTest[39m  ·  init               ·          -  ·          -  ·      67353  ·           [90m1[39m  ·          [32m[90m-[32m[39m  │
···················|·····················|·············|·············|·············|··············|··············
|  [90mXPowerThorTest[39m  ·  mint               ·     [36m124496[39m  ·     [31m229547[39m  ·     126930  ·         [90m263[39m  ·          [32m[90m-[32m[39m  │
···················|·····················|·············|·············|·············|··············|··············
|  [90mXPowerThorTest[39m  ·  transferOwnership  ·          -  ·          -  ·      28656  ·           [90m1[39m  ·          [32m[90m-[32m[39m  │
···················|·····················|·············|·············|·············|··············|··············
|  [32m[1mDeployments[22m[39m                           ·                                         ·  [1m% of limit[22m  ·             │
·········································|·············|·············|·············|··············|··············
|  XPowerThorTest                        ·          -  ·          -  ·    3331941  ·      [90m41.6 %[39m  ·          [32m[90m-[32m[39m  │
·----------------------------------------|-------------|-------------|-------------|--------------|-------------·

  263 passing (20s)

