
> xpower@6.0.0 test-gas
> REPORT_GAS=true npm test ./test/contracts/XPower.fees.1-thor.test.js


> xpower@6.0.0 test
> hardhat test ./test/contracts/XPower.fees.1-thor.test.js


  XPowerThor
    mint
[FEE] 348812236173851 162300 1658186771
      ✓ should mint for amount=1
[FEE] 338629592512349 158024 1653339767
      ✓ should mint for amount=1
[FEE] 328257056798567 154016 1644403853
      ✓ should mint for amount=1
[FEE] 317862148498424 150257 1632166108
      ✓ should mint for amount=1
[FEE] 307580038704800 146733 1617300068
      ✓ should mint for amount=1
[FEE] 297513079345871 143431 1600380648
      ✓ should mint for amount=1
[FEE] 287729232341379 140335 1581897146
      ✓ should mint for amount=1
[FEE] 278282154846331 137433 1562264576
      ✓ should mint for amount=1
[FEE] 269203262515290 134711 1541833627
      ✓ should mint for amount=1
[FEE] 260519501086214 132160 1520899308
      ✓ should mint for amount=1
[FEE] 252242097225105 129769 1499708542
      ✓ should mint for amount=1
[FEE] 244373127443067 127527 1478466737
      ✓ should mint for amount=1
[FEE] 236911311173708 125425 1457343543
      ✓ should mint for amount=1
[FEE] 229847789258736 123453 1436477862
      ✓ should mint for amount=1
[FEE] 223176762121860 121605 1415982203
      ✓ should mint for amount=1
[FEE] 216885186372303 119873 1395946487
      ✓ should mint for amount=1
[FEE] 210955695114464 118248 1376441331
      ✓ should mint for amount=1
[FEE] 205376219970305 116725 1357520911
      ✓ should mint for amount=1
[FEE] 200131390572575 115298 1339225449
      ✓ should mint for amount=1
[FEE] 195201404708251 113959 1321583365
      ✓ should mint for amount=1
[FEE] 190574449799660 112705 1304613132
      ✓ should mint for amount=1
[FEE] 186231419134175 111529 1288324895
      ✓ should mint for amount=1
[FEE] 182158113847239 110427 1272721854
      ✓ should mint for amount=1
[FEE] 178335335413436 109392 1257801461
      ✓ should mint for amount=1
[FEE] 174755429049427 108424 1243556454
      ✓ should mint for amount=1
[FEE] 171399436730672 107516 1229975742
      ✓ should mint for amount=1
[FEE] 168255154143404 106665 1217045160
      ✓ should mint for amount=1
[FEE] 165309041657586 105867 1204748117
      ✓ should mint for amount=1
[FEE] 162549444724253 105119 1193066150
      ✓ should mint for amount=1
[FEE] 159965018553319 104418 1181979392
      ✓ should mint for amount=1
[FEE] 157541715902445 103759 1171466971
      ✓ should mint for amount=1
[FEE] 155273467990575 103142 1161507341
      ✓ should mint for amount=1
[FEE] 153149926635410 102564 1152078568
      ✓ should mint for amount=1
[FEE] 151161102788613 102022 1143158561
      ✓ should mint for amount=1
[FEE] 149298832687549 101514 1134725268
      ✓ should mint for amount=1
[FEE] 147555257552976 101038 1126756837
      ✓ should mint for amount=1
[FEE] 145921367165782 100591 1119231743
      ✓ should mint for amount=1
[FEE] 144392804353948 100173 1112128897
      ✓ should mint for amount=1
[FEE] 142961122946339 99781 1105427726
      ✓ should mint for amount=1
[FEE] 141618183553692 99412 1099108238
      ✓ should mint for amount=1
[FEE] 140360387562901 99066 1093151073
      ✓ should mint for amount=1
[FEE] 139184322284615 98743 1087537537
      ✓ should mint for amount=1
[FEE] 138082548698585 98440 1082249625
      ✓ should mint for amount=1
[FEE] 137050674886295 98156 1077270038
      ✓ should mint for amount=1
[FEE] 136084497804393 97890 1072582189
      ✓ should mint for amount=1
[FEE] 135178609644396 97640 1068170203
      ✓ should mint for amount=1
[FEE] 134329173624306 97405 1064018911
      ✓ should mint for amount=1
[FEE] 133535260509212 97186 1060113841
      ✓ should mint for amount=1
[FEE] 132790576886923 96980 1056441206
      ✓ should mint for amount=1
[FEE] 132093105208423 96787 1052987887
      ✓ should mint for amount=1
[FEE] 131438223781148 96605 1049741414
      ✓ should mint for amount=1
[FEE] 130824167381195 96434 1046689946
      ✓ should mint for amount=1
[FEE] 130249274417505 96274 1043822252
      ✓ should mint for amount=1
[FEE] 129711981539957 96125 1041127686
      ✓ should mint for amount=1
[FEE] 129209472774072 95986 1038596166
      ✓ should mint for amount=1
[FEE] 128736347045990 95854 1036218151
      ✓ should mint for amount=1
[FEE] 128295361646590 95732 1033984617
      ✓ should mint for amount=1
[FEE] 127881291988999 95617 1031887036
      ✓ should mint for amount=1
[FEE] 127493022939968 95509 1029917352
      ✓ should mint for amount=1
[FEE] 127129506631757 95408 1028067959
      ✓ should mint for amount=1
[FEE] 126789758739306 95314 1026331679
      ✓ should mint for amount=1
[FEE] 126470198840965 95225 1024701742
      ✓ should mint for amount=1
[FEE] 126171297479562 95142 1023171765
      ✓ should mint for amount=1
[FEE] 125890921169412 95064 1021735732
      ✓ should mint for amount=1
[FEE] 125628315542695 94991 1020387974
      ✓ should mint for amount=1
[FEE] 125382772605925 94923 1019123153
      ✓ should mint for amount=1
[FEE] 125149669725713 94857 1017936242
      ✓ should mint for amount=1
[FEE] 124933668049561 94797 1016822510
      ✓ should mint for amount=1
[FEE] 124730228171644 94740 1015777505
      ✓ should mint for amount=1
[FEE] 124540123865891 94687 1014797038
      ✓ should mint for amount=1
[FEE] 124361529209900 94637 1013877169
      ✓ should mint for amount=1
[FEE] 124193967465018 94590 1013014193
      ✓ should mint for amount=1
[FEE] 124036991355694 94546 1012204627
      ✓ should mint for amount=1
[FEE] 123890181274083 94505 1011445197
      ✓ should mint for amount=1
[FEE] 123753143379003 94467 1010732824
      ✓ should mint for amount=1
[FEE] 123624199419172 94431 1010064617
      ✓ should mint for amount=1
[FEE] 123504313931674 94398 1009437859
      ✓ should mint for amount=1
[FEE] 123391854575783 94367 1008849998
      ✓ should mint for amount=1
[FEE] 123286518761253 94338 1008298635
      ✓ should mint for amount=1
[FEE] 123186716740335 94310 1007781519
      ✓ should mint for amount=1
[FEE] 123093489880360 94284 1007296535
      ✓ should mint for amount=1
[FEE] 123006588652465 94260 1006841698
      ✓ should mint for amount=1
[FEE] 122924474614778 94237 1006415144
      ✓ should mint for amount=1
[FEE] 122848233660424 94216 1006015122
      ✓ should mint for amount=1
[FEE] 122775053092375 94195 1005639989
      ✓ should mint for amount=1
[FEE] 122707348700492 94176 1005288204
      ✓ should mint for amount=1
[FEE] 122643636780324 94158 1004958319
      ✓ should mint for amount=1
[FEE] 122583748818000 94141 1004648976
      ✓ should mint for amount=1
[FEE] 122528828461524 94126 1004358900
      ✓ should mint for amount=1
[FEE] 122477425042292 94112 1004086895
      ✓ should mint for amount=1
[FEE] 122428098607366 94098 1003831839
      ✓ should mint for amount=1
[FEE] 122382020466753 94085 1003592678
      ✓ should mint for amount=1
[FEE] 122339068543766 94073 1003368425
      ✓ should mint for amount=1
[FEE] 122299128256460 94062 1003158153
      ✓ should mint for amount=1
[FEE] 122260792193812 94051 1002960992
      ✓ should mint for amount=1
[FEE] 122225260038238 94041 1002776126
      ✓ should mint for amount=1
[FEE] 122191138003010 94031 1002602791
      ✓ should mint for amount=1
[FEE] 122158338021735 94021 1002440268
      ✓ should mint for amount=1
[FEE] 122129375930191 94013 1002287885
      ✓ should mint for amount=1
[FEE] 122102874217592 94006 1002145009
      ✓ should mint for amount=1
[FEE] 122077461355670 93999 1002011049
      ✓ should mint for amount=1
[FEE] 122053069367948 93992 1001885449
      ✓ should mint for amount=1
[FEE] 122030932956424 93986 1001767688
      ✓ should mint for amount=1
[FEE] 122009693663975 93980 1001657277
      ✓ should mint for amount=1
[FEE] 121990593774022 93975 1001553759
      ✓ should mint for amount=1
[FEE] 121972282264176 93970 1001456703
      ✓ should mint for amount=1
[FEE] 121954709928089 93965 1001365706
      ✓ should mint for amount=1
[FEE] 121937830736185 93960 1001280391
      ✓ should mint for amount=1
[FEE] 121921601347724 93955 1001200403
      ✓ should mint for amount=1
[FEE] 121907278794186 93951 1001125410
      ✓ should mint for amount=1
[FEE] 121894824715184 93948 1001055100
      ✓ should mint for amount=1
[FEE] 121882905841922 93945 1000989181
      ✓ should mint for amount=1
[FEE] 121871488761330 93942 1000927379
      ✓ should mint for amount=1
[FEE] 121860542134429 93939 1000869437
      ✓ should mint for amount=1
[FEE] 121850036574251 93936 1000815114
      ✓ should mint for amount=1
[FEE] 121838647429632 93932 1000764184
      ✓ should mint for amount=1
[FEE] 121830240133916 93930 1000716435
      ✓ should mint for amount=1
[FEE] 121822196237443 93928 1000671669
      ✓ should mint for amount=1
[FEE] 121813196153938 93925 1000629700
      ✓ should mint for amount=1
[FEE] 121805812326929 93923 1000590352
      ✓ should mint for amount=1
[FEE] 121798728041317 93921 1000553463
      ✓ should mint for amount=1
[FEE] 121793221186225 93920 1000518878
      ✓ should mint for amount=1
[FEE] 121786680742460 93918 1000486454
      ✓ should mint for amount=1
[FEE] 121779090386606 93915 1000456056
      ✓ should mint for amount=1
[FEE] 121774324728524 93914 1000427557
      ✓ should mint for amount=1
[FEE] 121769775929392 93913 1000400839
      ✓ should mint for amount=1
[FEE] 121765430349680 93912 1000375790
      ✓ should mint for amount=1
[FEE] 121759978763876 93910 1000352306
      ✓ should mint for amount=1
[FEE] 121754705976715 93908 1000330290
      ✓ should mint for amount=1
[FEE] 121750897162597 93907 1000309649
      ✓ should mint for amount=1
[FEE] 121747245410352 93906 1000290298
      ✓ should mint for amount=1
[FEE] 121743740856404 93905 1000272156
      ✓ should mint for amount=1
[FEE] 121741670802237 93905 1000255148
      ✓ should mint for amount=1
[FEE] 121738433712738 93904 1000239203
      ✓ should mint for amount=1
[FEE] 121736614280107 93904 1000224254
      ✓ should mint for amount=1
[FEE] 121734908523980 93904 1000210239
      ✓ should mint for amount=1
[FEE] 121730716666923 93902 1000197100
      ✓ should mint for amount=1
[FEE] 121727921140262 93901 1000184782
      ✓ should mint for amount=1
[FEE] 121723923029502 93899 1000173234
      ✓ should mint for amount=1
[FEE] 121722605352854 93899 1000162407
      ✓ should mint for amount=1
[FEE] 121721370069029 93899 1000152257
      ✓ should mint for amount=1
[FEE] 121718915656111 93898 1000142741
      ✓ should mint for amount=1
[FEE] 121716533679508 93897 1000133820
      ✓ should mint for amount=1
[FEE] 121715515778636 93897 1000125456
      ✓ should mint for amount=1
[FEE] 121714561526993 93897 1000117615
      ✓ should mint for amount=1
[FEE] 121713666908472 93897 1000110264
      ✓ should mint for amount=1
[FEE] 121712828272065 93897 1000103373
      ✓ should mint for amount=1
[FEE] 121710745737471 93896 1000096912
      ✓ should mint for amount=1
[FEE] 121710008606920 93896 1000090855
      ✓ should mint for amount=1
[FEE] 121709317600273 93896 1000085177
      ✓ should mint for amount=1
[FEE] 121708669675054 93896 1000079853
      ✓ should mint for amount=1
[FEE] 121708062275587 93896 1000074862
      ✓ should mint for amount=1
[FEE] 121707492846192 93896 1000070183
      ✓ should mint for amount=1
[FEE] 121706959074590 93896 1000065797
      ✓ should mint for amount=1
[FEE] 121706458648501 93896 1000061685
      ✓ should mint for amount=1
[FEE] 121704693320403 93895 1000057830
      ✓ should mint for amount=1
[FEE] 121704253505076 93895 1000054216
      ✓ should mint for amount=1
[FEE] 121703841193419 93895 1000050828
      ✓ should mint for amount=1
[FEE] 121703454559967 93895 1000047651
      ✓ should mint for amount=1
[FEE] 121703092144349 93895 1000044673
      ✓ should mint for amount=1
[FEE] 121702752364495 93895 1000041881
      ✓ should mint for amount=1
[FEE] 121702433760033 93895 1000039263
      ✓ should mint for amount=1
[FEE] 121702135113986 93895 1000036809
      ✓ should mint for amount=1
[FEE] 121701855087681 93895 1000034508
      ✓ should mint for amount=1
[FEE] 121701592585838 93895 1000032351
      ✓ should mint for amount=1
[FEE] 121700050370183 93894 1000030329
      ✓ should mint for amount=1
[FEE] 121699819633886 93894 1000028433
      ✓ should mint for amount=1
[FEE] 121698307241220 93893 1000026656
      ✓ should mint for amount=1
[FEE] 121698104497245 93893 1000024990
      ✓ should mint for amount=1
[FEE] 121697914409556 93893 1000023428
      ✓ should mint for amount=1
[FEE] 121696440115830 93892 1000021964
      ✓ should mint for amount=1
[FEE] 121696273030288 93892 1000020591
      ✓ should mint for amount=1
[FEE] 121694820281704 93891 1000019304
      ✓ should mint for amount=1
[FEE] 121694673520584 93891 1000018098
      ✓ should mint for amount=1
[FEE] 121693239760722 93890 1000016967
      ✓ should mint for amount=1
[FEE] 121693110768077 93890 1000015907
      ✓ should mint for amount=1
[FEE] 121692989807049 93890 1000014913
      ✓ should mint for amount=1
[FEE] 121691580269068 93889 1000013981
      ✓ should mint for amount=1
[FEE] 121692770032787 93890 1000013107
      ✓ should mint for amount=1
[FEE] 121691374248103 93889 1000012288
      ✓ should mint for amount=1
[FEE] 121692576908892 93890 1000011520
      ✓ should mint for amount=1
[FEE] 121692489291246 93890 1000010800
      ✓ should mint for amount=1
[FEE] 121691111032894 93889 1000010125
      ✓ should mint for amount=1
[FEE] 121692330119189 93890 1000009492
      ✓ should mint for amount=1
[FEE] 121692257956322 93890 1000008899
      ✓ should mint for amount=1
[FEE] 121690894181530 93889 1000008343
      ✓ should mint for amount=1
[FEE] 121692126894927 93890 1000007822
      ✓ should mint for amount=1
[FEE] 121692067387942 93890 1000007333
      ✓ should mint for amount=1
[FEE] 121692011653384 93890 1000006875
      ✓ should mint for amount=1
[FEE] 121691959326179 93890 1000006445
      ✓ should mint for amount=1
[FEE] 121690614173119 93889 1000006042
      ✓ should mint for amount=1
[FEE] 121690568174345 93889 1000005664
      ✓ should mint for amount=1
[FEE] 121690525096127 93889 1000005310
      ✓ should mint for amount=1
[FEE] 121689188584950 93888 1000004978
      ✓ should mint for amount=1
[FEE] 121690446849535 93889 1000004667
      ✓ should mint for amount=1
[FEE] 121689115206735 93888 1000004375
      ✓ should mint for amount=1
[FEE] 121690378094754 93889 1000004102
      ✓ should mint for amount=1
[FEE] 121690346942145 93889 1000003846
      ✓ should mint for amount=1
[FEE] 121691613844933 93890 1000003606
      ✓ should mint for amount=1
[FEE] 121691586464419 93890 1000003381
      ✓ should mint for amount=1
[FEE] 121691560787581 93890 1000003170
      ✓ should mint for amount=1
[FEE] 121691536692728 93890 1000002972
      ✓ should mint for amount=1
[FEE] 121691514058169 93890 1000002786
      ✓ should mint for amount=1
[FEE] 121691492883905 93890 1000002612
      ✓ should mint for amount=1
[FEE] 121691473048243 93890 1000002449
      ✓ should mint for amount=1
[FEE] 121690158322832 93889 1000002296
      ✓ should mint for amount=1
[FEE] 121691437027656 93890 1000002153
      ✓ should mint for amount=1
[FEE] 121691420599347 93890 1000002018
      ✓ should mint for amount=1
[FEE] 121691405266259 93890 1000001892
      ✓ should mint for amount=1
[FEE] 121691390906700 93890 1000001774
      ✓ should mint for amount=1
[FEE] 121691377398980 93890 1000001663
      ✓ should mint for amount=1
[FEE] 121691364743098 93890 1000001559
      ✓ should mint for amount=1
[FEE] 121691352939054 93890 1000001462
      ✓ should mint for amount=1
[FEE] 121690045759694 93889 1000001371
      ✓ should mint for amount=1
[FEE] 121690035294365 93889 1000001285
      ✓ should mint for amount=1
[FEE] 121691321664422 93890 1000001205
      ✓ should mint for amount=1
[FEE] 121691312537584 93890 1000001130
      ✓ should mint for amount=1
[FEE] 121690007792452 93889 1000001059
      ✓ should mint for amount=1
[FEE] 121688703655948 93888 1000000993
      ✓ should mint for amount=1
[FEE] 121689992216148 93889 1000000931
      ✓ should mint for amount=1
[FEE] 121691281262952 93890 1000000873
      ✓ should mint for amount=1
[FEE] 121691274569937 93890 1000000818
      ✓ should mint for amount=1
[FEE] 121691268363687 93890 1000000767
      ✓ should mint for amount=1
[FEE] 121691262522511 93890 1000000719
      ✓ should mint for amount=1
[FEE] 121691257046408 93890 1000000674
      ✓ should mint for amount=1
[FEE] 121691251935378 93890 1000000632
      ✓ should mint for amount=1
[FEE] 121691247189423 93890 1000000593
      ✓ should mint for amount=1
[FEE] 121691242686849 93890 1000000556
      ✓ should mint for amount=1
[FEE] 121689942323297 93889 1000000521
      ✓ should mint for amount=1
[FEE] 121691234411849 93890 1000000488
      ✓ should mint for amount=1
[FEE] 121691230761114 93890 1000000458
      ✓ should mint for amount=1
[FEE] 121691227232070 93890 1000000429
      ✓ should mint for amount=1
[FEE] 121691223946408 93890 1000000402
      ✓ should mint for amount=1
[FEE] 121691220904129 93890 1000000377
      ✓ should mint for amount=1
[FEE] 121691217983541 93890 1000000353
      ✓ should mint for amount=1
[FEE] 121689919202220 93889 1000000331
      ✓ should mint for amount=1
[FEE] 121689916646733 93889 1000000310
      ✓ should mint for amount=1
[FEE] 121689914334625 93889 1000000291
      ✓ should mint for amount=1
[FEE] 121689912144207 93889 1000000273
      ✓ should mint for amount=1
[FEE] 121691206179497 93890 1000000256
      ✓ should mint for amount=1
[FEE] 121691204232438 93890 1000000240
      ✓ should mint for amount=1
[FEE] 121691202407070 93890 1000000225
      ✓ should mint for amount=1
[FEE] 121691200703394 93890 1000000211
      ✓ should mint for amount=1
[FEE] 121691199121408 93890 1000000198
      ✓ should mint for amount=1
[FEE] 121691197661114 93890 1000000186
      ✓ should mint for amount=1
[FEE] 121691196200820 93890 1000000174
      ✓ should mint for amount=1
[FEE] 121691194862217 93890 1000000163
      ✓ should mint for amount=1
[FEE] 121689897541422 93889 1000000153
      ✓ should mint for amount=1
[FEE] 121688600220652 93888 1000000143
      ✓ should mint for amount=1
[FEE] 121689895229314 93889 1000000134
      ✓ should mint for amount=1
[FEE] 121691190359644 93890 1000000126
      ✓ should mint for amount=1
[FEE] 121691189386114 93890 1000000118
      ✓ should mint for amount=1
[FEE] 121689892430447 93889 1000000111
      ✓ should mint for amount=1
[FEE] 121691187682438 93890 1000000104
      ✓ should mint for amount=1
[FEE] 121691186952291 93890 1000000098
      ✓ should mint for amount=1
[FEE] 121691186222144 93890 1000000092
      ✓ should mint for amount=1
[FEE] 121691185491997 93890 1000000086
      ✓ should mint for amount=1
[FEE] 121689888779750 93889 1000000081
      ✓ should mint for amount=1
[FEE] 121691184275085 93890 1000000076
      ✓ should mint for amount=1
[FEE] 121691183666629 93890 1000000071
      ✓ should mint for amount=1
[FEE] 121691183179864 93890 1000000067
      ✓ should mint for amount=1
[FEE] 121691182693100 93890 1000000063
      ✓ should mint for amount=1
[FEE] 121691182206335 93890 1000000059
      ✓ should mint for amount=1
[FEE] 121691181719570 93890 1000000055
      ✓ should mint for amount=1
[FEE] 121691181354497 93890 1000000052
      ✓ should mint for amount=1
[FEE] 121689884885674 93889 1000000049
      ✓ should mint for amount=1
[FEE] 121691180624350 93890 1000000046
      ✓ should mint for amount=1
[FEE] 121691180259276 93890 1000000043
      ✓ should mint for amount=1
[FEE] 121691179894203 93890 1000000040
      ✓ should mint for amount=1

·----------------------------------------|---------------------------|-------------|----------------------------·
|          [90mSolc version: 0.8.17[39m          ·  [90mOptimizer enabled: true[39m  ·  [90mRuns: 200[39m  ·  [90mBlock limit: 8000000 gas[39m  │
·········································|···························|·············|·····························
|  [32m[1mMethods[22m[39m                                                                                                      │
···················|·····················|·············|·············|·············|··············|··············
|  [1mContract[22m        ·  [1mMethod[22m             ·  [32mMin[39m        ·  [32mMax[39m        ·  [32mAvg[39m        ·  [1m# calls[22m     ·  [1musd (avg)[22m  │
···················|·····················|·············|·············|·············|··············|··············
|  [90mXPowerThorTest[39m  ·  init               ·          -  ·          -  ·      67353  ·           [90m1[39m  ·          [32m[90m-[32m[39m  │
···················|·····················|·············|·············|·············|··············|··············
|  [90mXPowerThorTest[39m  ·  mint               ·     [36m124509[39m  ·     [31m229542[39m  ·     126772  ·         [90m269[39m  ·          [32m[90m-[32m[39m  │
···················|·····················|·············|·············|·············|··············|··············
|  [90mXPowerThorTest[39m  ·  transferOwnership  ·          -  ·          -  ·      28656  ·           [90m1[39m  ·          [32m[90m-[32m[39m  │
···················|·····················|·············|·············|·············|··············|··············
|  [32m[1mDeployments[22m[39m                           ·                                         ·  [1m% of limit[22m  ·             │
·········································|·············|·············|·············|··············|··············
|  XPowerThorTest                        ·          -  ·          -  ·    3331941  ·      [90m41.6 %[39m  ·          [32m[90m-[32m[39m  │
·----------------------------------------|-------------|-------------|-------------|--------------|-------------·

  269 passing (20s)

