
> xpower@6.0.0 test-gas
> REPORT_GAS=true npm test ./test/contracts/XPower.fees.1-thor.test.js


> xpower@6.0.0 test
> hardhat test ./test/contracts/XPower.fees.1-thor.test.js


  XPowerThor
    mint
[FEE] 348822982083776 162305 1658186771
      ✓ should mint for amount=1
[FEE] 338642451344703 158030 1653339774
      ✓ should mint for amount=1
[FEE] 328267719776108 154021 1644403885
      ✓ should mint for amount=1
[FEE] 317874851559562 150263 1632166161
      ✓ should mint for amount=1
[FEE] 307594728381212 146740 1617300154
      ✓ should mint for amount=1
[FEE] 297525548325969 143437 1600380774
      ✓ should mint for amount=1
[FEE] 287737461563923 140339 1581897300
      ✓ should mint for amount=1
[FEE] 278286234129662 137435 1562264742
      ✓ should mint for amount=1
[FEE] 269209286104369 134714 1541833790
      ✓ should mint for amount=1
[FEE] 260525442908509 132163 1520899472
      ✓ should mint for amount=1
[FEE] 252246012028502 129771 1499708704
      ✓ should mint for amount=1
[FEE] 244376986051388 127529 1478466895
      ✓ should mint for amount=1
[FEE] 236915113783041 125427 1457343696
      ✓ should mint for amount=1
[FEE] 229853398413232 123456 1436478010
      ✓ should mint for amount=1
[FEE] 223182291070753 121608 1415982350
      ✓ should mint for amount=1
[FEE] 216890636775363 119876 1395946632
      ✓ should mint for amount=1
[FEE] 210962852921085 118252 1376441473
      ✓ should mint for amount=1
[FEE] 205385038742064 116730 1357521052
      ✓ should mint for amount=1
[FEE] 200140090668915 115303 1339225591
      ✓ should mint for amount=1
[FEE] 195209990228302 113964 1321583507
      ✓ should mint for amount=1
[FEE] 190582925113008 112710 1304613274
      ✓ should mint for amount=1
[FEE] 186238118727478 111533 1288325036
      ✓ should mint for amount=1
[FEE] 182164731773995 110431 1272721991
      ✓ should mint for amount=1
[FEE] 178345135860105 109398 1257801595
      ✓ should mint for amount=1
[FEE] 174763506490592 108429 1243556586
      ✓ should mint for amount=1
[FEE] 171407425588362 107521 1229975871
      ✓ should mint for amount=1
[FEE] 168263058508913 106670 1217045285
      ✓ should mint for amount=1
[FEE] 165316865653711 105872 1204748238
      ✓ should mint for amount=1
[FEE] 162555646015275 105123 1193066267
      ✓ should mint for amount=1
[FEE] 159969629750328 104421 1181979505
      ✓ should mint for amount=1
[FEE] 157547803797741 103763 1171467079
      ✓ should mint for amount=1
[FEE] 155279503629899 103146 1161507445
      ✓ should mint for amount=1
[FEE] 153155912782398 102568 1152078668
      ✓ should mint for amount=1
[FEE] 151167042091391 102026 1143158657
      ✓ should mint for amount=1
[FEE] 149303256957397 101517 1134725360
      ✓ should mint for amount=1
[FEE] 147558189864686 101040 1126756925
      ✓ should mint for amount=1
[FEE] 145925730038884 100594 1119231827
      ✓ should mint for amount=1
[FEE] 144395697609647 100175 1112128977
      ✓ should mint for amount=1
[FEE] 142963998273251 99783 1105427802
      ✓ should mint for amount=1
[FEE] 141622466505761 99415 1099108310
      ✓ should mint for amount=1
[FEE] 140366063771383 99070 1093151142
      ✓ should mint for amount=1
[FEE] 139189968849367 98747 1087537602
      ✓ should mint for amount=1
[FEE] 138088167440301 98444 1082249687
      ✓ should mint for amount=1
[FEE] 137053474899782 98158 1077270097
      ✓ should mint for amount=1
[FEE] 136087285265028 97892 1072582245
      ✓ should mint for amount=1
[FEE] 135181385270439 97642 1068170256
      ✓ should mint for amount=1
[FEE] 134331938094449 97407 1064018961
      ✓ should mint for amount=1
[FEE] 133538014464514 97188 1060113888
      ✓ should mint for amount=1
[FEE] 132793321058047 96982 1056441251
      ✓ should mint for amount=1
[FEE] 132095840165674 96789 1052987930
      ✓ should mint for amount=1
[FEE] 131442310510853 96608 1049741454
      ✓ should mint for amount=1
[FEE] 130830955224486 96439 1046689984
      ✓ should mint for amount=1
[FEE] 130257396321110 96280 1043822288
      ✓ should mint for amount=1
[FEE] 129720082232798 96131 1041127720
      ✓ should mint for amount=1
[FEE] 129216207396922 95991 1038596198
      ✓ should mint for amount=1
[FEE] 128744409050312 95860 1036218181
      ✓ should mint for amount=1
[FEE] 128302066001421 95737 1033984646
      ✓ should mint for amount=1
[FEE] 127887982622160 95622 1031887064
      ✓ should mint for amount=1
[FEE] 127498365801128 95513 1029917379
      ✓ should mint for amount=1
[FEE] 127134839654035 95412 1028067984
      ✓ should mint for amount=1
[FEE] 126793752401098 95317 1026331703
      ✓ should mint for amount=1
[FEE] 126474186038861 95228 1024701765
      ✓ should mint for amount=1
[FEE] 126175278602640 95145 1023171787
      ✓ should mint for amount=1
[FEE] 125894896460089 95067 1021735752
      ✓ should mint for amount=1
[FEE] 125630962939218 94993 1020387993
      ✓ should mint for amount=1
[FEE] 125384095709764 94924 1019123171
      ✓ should mint for amount=1
[FEE] 125153629868581 94860 1017936259
      ✓ should mint for amount=1
[FEE] 124936305830275 94799 1016822526
      ✓ should mint for amount=1
[FEE] 124734179672498 94743 1015777520
      ✓ should mint for amount=1
[FEE] 124544071430627 94690 1014797052
      ✓ should mint for amount=1
[FEE] 124365473074328 94640 1013877182
      ✓ should mint for amount=1
[FEE] 124197907973135 94593 1013014206
      ✓ should mint for amount=1
[FEE] 124039616670517 94548 1012204639
      ✓ should mint for amount=1
[FEE] 123892804497178 94507 1011445208
      ✓ should mint for amount=1
[FEE] 123753144725833 94467 1010732835
      ✓ should mint for amount=1
[FEE] 123622891617001 94430 1010064628
      ✓ should mint for amount=1
[FEE] 123503006941376 94397 1009437870
      ✓ should mint for amount=1
[FEE] 123387933076237 94364 1008850008
      ✓ should mint for amount=1
[FEE] 123282599405202 94335 1008298645
      ✓ should mint for amount=1
[FEE] 123181493205275 94306 1007781529
      ✓ should mint for amount=1
[FEE] 123088268859322 94280 1007296545
      ✓ should mint for amount=1
[FEE] 123001369989179 94256 1006841708
      ✓ should mint for amount=1
[FEE] 122920562458880 94234 1006415153
      ✓ should mint for amount=1
[FEE] 122843019037663 94212 1006015130
      ✓ should mint for amount=1
[FEE] 122771143827948 94192 1005639997
      ✓ should mint for amount=1
[FEE] 122704743639415 94174 1005288211
      ✓ should mint for amount=1
[FEE] 122642335104403 94157 1004958326
      ✓ should mint for amount=1
[FEE] 122583749550099 94141 1004648982
      ✓ should mint for amount=1
[FEE] 122528829193506 94126 1004358906
      ✓ should mint for amount=1
[FEE] 122477425774166 94112 1004086901
      ✓ should mint for amount=1
[FEE] 122429400287323 94099 1003831844
      ✓ should mint for amount=1
[FEE] 122383321836648 94086 1003592683
      ✓ should mint for amount=1
[FEE] 122340369622927 94074 1003368430
      ✓ should mint for amount=1
[FEE] 122300428941101 94063 1003158157
      ✓ should mint for amount=1
[FEE] 122262092622855 94052 1002960996
      ✓ should mint for amount=1
[FEE] 122226560227623 94042 1002776130
      ✓ should mint for amount=1
[FEE] 122192437845808 94032 1002602794
      ✓ should mint for amount=1
[FEE] 122159637653847 94022 1002440271
      ✓ should mint for amount=1
[FEE] 122130675242917 94014 1002287887
      ✓ should mint for amount=1
[FEE] 122102874461275 94006 1002145011
      ✓ should mint for amount=1
[FEE] 122077461599335 93999 1002011051
      ✓ should mint for amount=1
[FEE] 122053069611595 93992 1001885451
      ✓ should mint for amount=1
[FEE] 122030933200056 93986 1001767690
      ✓ should mint for amount=1
[FEE] 122008395655900 93979 1001657279
      ✓ should mint for amount=1
[FEE] 121989295778304 93974 1001553760
      ✓ should mint for amount=1
[FEE] 121970984394246 93969 1001456704
      ✓ should mint for amount=1
[FEE] 121954710049877 93965 1001365707
      ✓ should mint for amount=1
[FEE] 121939128621173 93961 1001280392
      ✓ should mint for amount=1
[FEE] 121924196788566 93957 1001200404
      ✓ should mint for amount=1
[FEE] 121908576478291 93952 1001125411
      ✓ should mint for amount=1
[FEE] 121893527365745 93947 1001055101
      ✓ should mint for amount=1
[FEE] 121881608577917 93944 1000989182
      ✓ should mint for amount=1
[FEE] 121870191577422 93941 1000927380
      ✓ should mint for amount=1
[FEE] 121859245025616 93938 1000869438
      ✓ should mint for amount=1
[FEE] 121848739535843 93935 1000815115
      ✓ should mint for amount=1
[FEE] 121839944645526 93933 1000764185
      ✓ should mint for amount=1
[FEE] 121830240255659 93930 1000716436
      ✓ should mint for amount=1
[FEE] 121822196359183 93928 1000671670
      ✓ should mint for amount=1
[FEE] 121814493195518 93926 1000629701
      ✓ should mint for amount=1
[FEE] 121807109317507 93924 1000590353
      ✓ should mint for amount=1
[FEE] 121800024984080 93922 1000553464
      ✓ should mint for amount=1
[FEE] 121793221307955 93920 1000518879
      ✓ should mint for amount=1
[FEE] 121786680864187 93918 1000486455
      ✓ should mint for amount=1
[FEE] 121781683897895 93917 1000456057
      ✓ should mint for amount=1
[FEE] 121775621508091 93915 1000427558
      ✓ should mint for amount=1
[FEE] 121771072674329 93914 1000400840
      ✓ should mint for amount=1
[FEE] 121766727062150 93913 1000375791
      ✓ should mint for amount=1
[FEE] 121761275445905 93911 1000352307
      ✓ should mint for amount=1
[FEE] 121757299040266 93910 1000330290
      ✓ should mint for amount=1
[FEE] 121752193667619 93908 1000309649
      ✓ should mint for amount=1
[FEE] 121747245410352 93906 1000290298
      ✓ should mint for amount=1
[FEE] 121743740856404 93905 1000272156
      ✓ should mint for amount=1
[FEE] 121739077933470 93903 1000255148
      ✓ should mint for amount=1
[FEE] 121734544471586 93901 1000239203
      ✓ should mint for amount=1
[FEE] 121730132308397 93899 1000224254
      ✓ should mint for amount=1
[FEE] 121728426643095 93899 1000210239
      ✓ should mint for amount=1
[FEE] 121726827589481 93899 1000197100
      ✓ should mint for amount=1
[FEE] 121725328453898 93899 1000184782
      ✓ should mint for amount=1
[FEE] 121723923029502 93899 1000173234
      ✓ should mint for amount=1
[FEE] 121720012724491 93897 1000162407
      ✓ should mint for amount=1
[FEE] 121717481165950 93896 1000152257
      ✓ should mint for amount=1
[FEE] 121716323078726 93896 1000142741
      ✓ should mint for amount=1
[FEE] 121715237402378 93896 1000133820
      ✓ should mint for amount=1
[FEE] 121714219512346 93896 1000125456
      ✓ should mint for amount=1
[FEE] 121713265270867 93896 1000117615
      ✓ should mint for amount=1
[FEE] 121712370661873 93896 1000110264
      ✓ should mint for amount=1
[FEE] 121711532034397 93896 1000103373
      ✓ should mint for amount=1
[FEE] 121710745737471 93896 1000096912
      ✓ should mint for amount=1
[FEE] 121710008606920 93896 1000090855
      ✓ should mint for amount=1
[FEE] 121709317600273 93896 1000085177
      ✓ should mint for amount=1
[FEE] 121708669675054 93896 1000079853
      ✓ should mint for amount=1
[FEE] 121708062275587 93896 1000074862
      ✓ should mint for amount=1
[FEE] 121706196651542 93895 1000070183
      ✓ should mint for amount=1
[FEE] 121705662885625 93895 1000065797
      ✓ should mint for amount=1
[FEE] 121703866281230 93894 1000061685
      ✓ should mint for amount=1
[FEE] 121703397141764 93894 1000057830
      ✓ should mint for amount=1
[FEE] 121701661157166 93893 1000054216
      ✓ should mint for amount=1
[FEE] 121701248854291 93893 1000050828
      ✓ should mint for amount=1
[FEE] 121700862229075 93893 1000047651
      ✓ should mint for amount=1
[FEE] 121700499821177 93893 1000044673
      ✓ should mint for amount=1
[FEE] 121700160048560 93893 1000041881
      ✓ should mint for amount=1
[FEE] 121699841450884 93893 1000039263
      ✓ should mint for amount=1
[FEE] 121699542811198 93893 1000036809
      ✓ should mint for amount=1
[FEE] 121697966642446 93892 1000034508
      ✓ should mint for amount=1
[FEE] 121697704148990 93892 1000032351
      ✓ should mint for amount=1
[FEE] 121696161941198 93891 1000030329
      ✓ should mint for amount=1
[FEE] 121695931212273 93891 1000028433
      ✓ should mint for amount=1
[FEE] 121695714964752 93891 1000026656
      ✓ should mint for amount=1
[FEE] 121695512225095 93891 1000024990
      ✓ should mint for amount=1
[FEE] 121695322141455 93891 1000023428
      ✓ should mint for amount=1
[FEE] 121695143983677 93891 1000021964
      ✓ should mint for amount=1
[FEE] 121694976899914 93891 1000020591
      ✓ should mint for amount=1
[FEE] 121693524152998 93890 1000019304
      ✓ should mint for amount=1
[FEE] 121693377393441 93890 1000018098
      ✓ should mint for amount=1
[FEE] 121693239760722 93890 1000016967
      ✓ should mint for amount=1
[FEE] 121693110768077 93890 1000015907
      ✓ should mint for amount=1
[FEE] 121692989807049 93890 1000014913
      ✓ should mint for amount=1
[FEE] 121692876390874 93890 1000013981
      ✓ should mint for amount=1
[FEE] 121692770032787 93890 1000013107
      ✓ should mint for amount=1
[FEE] 121692670367714 93890 1000012288
      ✓ should mint for amount=1
[FEE] 121692576908892 93890 1000011520
      ✓ should mint for amount=1
[FEE] 121692489291246 93890 1000010800
      ✓ should mint for amount=1
[FEE] 121692407149703 93890 1000010125
      ✓ should mint for amount=1
[FEE] 121692330119189 93890 1000009492
      ✓ should mint for amount=1
[FEE] 121692257956322 93890 1000008899
      ✓ should mint for amount=1
[FEE] 121692190296029 93890 1000008343
      ✓ should mint for amount=1
[FEE] 121692126894927 93890 1000007822
      ✓ should mint for amount=1
[FEE] 121692067387942 93890 1000007333
      ✓ should mint for amount=1
[FEE] 121692011653384 93890 1000006875
      ✓ should mint for amount=1
[FEE] 121691959326179 93890 1000006445
      ✓ should mint for amount=1
[FEE] 121691910284635 93890 1000006042
      ✓ should mint for amount=1
[FEE] 121690568174345 93889 1000005664
      ✓ should mint for amount=1
[FEE] 121691821206695 93890 1000005310
      ✓ should mint for amount=1
[FEE] 121691780805225 93890 1000004978
      ✓ should mint for amount=1
[FEE] 121691742959270 93890 1000004667
      ✓ should mint for amount=1
[FEE] 121691707425446 93890 1000004375
      ✓ should mint for amount=1
[FEE] 121691674203756 93890 1000004102
      ✓ should mint for amount=1
[FEE] 121691643050815 93890 1000003846
      ✓ should mint for amount=1
[FEE] 121690317736574 93889 1000003606
      ✓ should mint for amount=1
[FEE] 121691586464419 93890 1000003381
      ✓ should mint for amount=1
[FEE] 121691560787581 93890 1000003170
      ✓ should mint for amount=1
[FEE] 121691536692728 93890 1000002972
      ✓ should mint for amount=1
[FEE] 121691514058169 93890 1000002786
      ✓ should mint for amount=1
[FEE] 121691492883905 93890 1000002612
      ✓ should mint for amount=1
[FEE] 121691473048243 93890 1000002449
      ✓ should mint for amount=1
[FEE] 121691454429494 93890 1000002296
      ✓ should mint for amount=1
[FEE] 121691437027656 93890 1000002153
      ✓ should mint for amount=1
[FEE] 121690124493046 93889 1000002018
      ✓ should mint for amount=1
[FEE] 121691405266259 93890 1000001892
      ✓ should mint for amount=1
[FEE] 121691390906700 93890 1000001774
      ✓ should mint for amount=1
[FEE] 121691377398980 93890 1000001663
      ✓ should mint for amount=1
[FEE] 121691364743098 93890 1000001559
      ✓ should mint for amount=1
[FEE] 121691352939054 93890 1000001462
      ✓ should mint for amount=1
[FEE] 121691341865157 93890 1000001371
      ✓ should mint for amount=1
[FEE] 121691331399716 93890 1000001285
      ✓ should mint for amount=1
[FEE] 121690025559174 93889 1000001205
      ✓ should mint for amount=1
[FEE] 121688720327283 93888 1000001130
      ✓ should mint for amount=1
[FEE] 121687415582336 93887 1000001059
      ✓ should mint for amount=1
[FEE] 121688703655948 93888 1000000993
      ✓ should mint for amount=1
[FEE] 121687400006363 93887 1000000931
      ✓ should mint for amount=1
[FEE] 121687392948501 93887 1000000873
      ✓ should mint for amount=1
[FEE] 121686090150954 93886 1000000818
      ✓ should mint for amount=1
[FEE] 121686083944969 93886 1000000767
      ✓ should mint for amount=1
[FEE] 121686078104041 93886 1000000719
      ✓ should mint for amount=1
[FEE] 121684776523613 93885 1000000674
      ✓ should mint for amount=1
[FEE] 121686067517360 93886 1000000632
      ✓ should mint for amount=1
[FEE] 121686062771606 93886 1000000593
      ✓ should mint for amount=1
[FEE] 121686058269225 93886 1000000556
      ✓ should mint for amount=1
[FEE] 121687350114576 93887 1000000521
      ✓ should mint for amount=1
[FEE] 121688642203213 93888 1000000488
      ✓ should mint for amount=1
[FEE] 121687342448277 93887 1000000458
      ✓ should mint for amount=1
[FEE] 121688635023587 93888 1000000429
      ✓ should mint for amount=1
[FEE] 121689927842202 93889 1000000402
      ✓ should mint for amount=1
[FEE] 121691220904129 93890 1000000377
      ✓ should mint for amount=1
[FEE] 121691217983541 93890 1000000353
      ✓ should mint for amount=1
[FEE] 121691215306335 93890 1000000331
      ✓ should mint for amount=1
[FEE] 121691212750820 93890 1000000310
      ✓ should mint for amount=1
[FEE] 121689914334625 93889 1000000291
      ✓ should mint for amount=1
[FEE] 121691208248247 93890 1000000273
      ✓ should mint for amount=1
[FEE] 121691206179497 93890 1000000256
      ✓ should mint for amount=1
[FEE] 121691204232438 93890 1000000240
      ✓ should mint for amount=1
[FEE] 121691202407070 93890 1000000225
      ✓ should mint for amount=1
[FEE] 121689904599435 93889 1000000211
      ✓ should mint for amount=1
[FEE] 121689903017466 93889 1000000198
      ✓ should mint for amount=1
[FEE] 121691197661114 93890 1000000186
      ✓ should mint for amount=1
[FEE] 121691196200820 93890 1000000174
      ✓ should mint for amount=1
[FEE] 121691194862217 93890 1000000163
      ✓ should mint for amount=1
[FEE] 121691193645306 93890 1000000153
      ✓ should mint for amount=1
[FEE] 121691192428394 93890 1000000143
      ✓ should mint for amount=1
[FEE] 121691191333173 93890 1000000134
      ✓ should mint for amount=1
[FEE] 121691190359644 93890 1000000126
      ✓ should mint for amount=1
[FEE] 121691189386114 93890 1000000118
      ✓ should mint for amount=1
[FEE] 121691188534276 93890 1000000111
      ✓ should mint for amount=1
[FEE] 121689891578618 93889 1000000104
      ✓ should mint for amount=1
[FEE] 121689890848478 93889 1000000098
      ✓ should mint for amount=1
[FEE] 121691186222144 93890 1000000092
      ✓ should mint for amount=1
[FEE] 121691185491997 93890 1000000086
      ✓ should mint for amount=1
[FEE] 121691184883541 93890 1000000081
      ✓ should mint for amount=1
[FEE] 121691184275085 93890 1000000076
      ✓ should mint for amount=1
[FEE] 121691183666629 93890 1000000071
      ✓ should mint for amount=1
[FEE] 121691183179864 93890 1000000067
      ✓ should mint for amount=1
[FEE] 121691182693100 93890 1000000063
      ✓ should mint for amount=1
[FEE] 121691182206335 93890 1000000059
      ✓ should mint for amount=1
[FEE] 121691181719570 93890 1000000055
      ✓ should mint for amount=1
[FEE] 121691181354497 93890 1000000052
      ✓ should mint for amount=1
[FEE] 121691180989423 93890 1000000049
      ✓ should mint for amount=1
[FEE] 121691180624350 93890 1000000046
      ✓ should mint for amount=1
[FEE] 121691180259276 93890 1000000043
      ✓ should mint for amount=1
[FEE] 121689883790465 93889 1000000040
      ✓ should mint for amount=1
[FEE] 121689883547086 93889 1000000038
      ✓ should mint for amount=1
[FEE] 121691179407438 93890 1000000036
      ✓ should mint for amount=1
[FEE] 121689883060326 93889 1000000034
      ✓ should mint for amount=1

·----------------------------------------|---------------------------|-------------|----------------------------·
|          [90mSolc version: 0.8.17[39m          ·  [90mOptimizer enabled: true[39m  ·  [90mRuns: 200[39m  ·  [90mBlock limit: 8000000 gas[39m  │
·········································|···························|·············|·····························
|  [32m[1mMethods[22m[39m                                                                                                      │
···················|·····················|·············|·············|·············|··············|··············
|  [1mContract[22m        ·  [1mMethod[22m             ·  [32mMin[39m        ·  [32mMax[39m        ·  [32mAvg[39m        ·  [1m# calls[22m     ·  [1musd (avg)[22m  │
···················|·····················|·············|·············|·············|··············|··············
|  [90mXPowerThorTest[39m  ·  init               ·          -  ·          -  ·      67353  ·           [90m1[39m  ·          [32m[90m-[32m[39m  │
···················|·····················|·············|·············|·············|··············|··············
|  [90mXPowerThorTest[39m  ·  mint               ·     [36m124496[39m  ·     [31m229547[39m  ·     126655  ·         [90m272[39m  ·          [32m[90m-[32m[39m  │
···················|·····················|·············|·············|·············|··············|··············
|  [90mXPowerThorTest[39m  ·  transferOwnership  ·          -  ·          -  ·      28656  ·           [90m1[39m  ·          [32m[90m-[32m[39m  │
···················|·····················|·············|·············|·············|··············|··············
|  [32m[1mDeployments[22m[39m                           ·                                         ·  [1m% of limit[22m  ·             │
·········································|·············|·············|·············|··············|··············
|  XPowerThorTest                        ·          -  ·          -  ·    3331941  ·      [90m41.6 %[39m  ·          [32m[90m-[32m[39m  │
·----------------------------------------|-------------|-------------|-------------|--------------|-------------·

  272 passing (18s)

