
> xpower@6.0.0 test-gas
> REPORT_GAS=true npm test ./test/contracts/XPower.fees.1-thor.test.js


> xpower@6.0.0 test
> hardhat test ./test/contracts/XPower.fees.1-thor.test.js


  XPowerThor
    mint
[FEE] 348784296808045 162287 1658186771
      ✓ should mint for amount=1
[FEE] 338606017338111 158013 1653339751
      ✓ should mint for amount=1
[FEE] 328235741823155 154006 1644403844
      ✓ should mint for amount=1
[FEE] 317843109779327 150248 1632166110
      ✓ should mint for amount=1
[FEE] 307565367476643 146726 1617300079
      ✓ should mint for amount=1
[FEE] 297498564736066 143424 1600380676
      ✓ should mint for amount=1
[FEE] 287714887133759 140328 1581897184
      ✓ should mint for amount=1
[FEE] 278267989219771 137426 1562264623
      ✓ should mint for amount=1
[FEE] 269191281685761 134705 1541833681
      ✓ should mint for amount=1
[FEE] 260509656003851 132155 1520899373
      ✓ should mint for amount=1
[FEE] 252232390782145 129764 1499708616
      ✓ should mint for amount=1
[FEE] 244363559269391 127522 1478466816
      ✓ should mint for amount=1
[FEE] 236901880161723 125420 1457343625
      ✓ should mint for amount=1
[FEE] 229842217226319 123450 1436477946
      ✓ should mint for amount=1
[FEE] 223173105787265 121603 1415982293
      ✓ should mint for amount=1
[FEE] 216881582238498 119871 1395946580
      ✓ should mint for amount=1
[FEE] 210955709674323 118248 1376441426
      ✓ should mint for amount=1
[FEE] 205377994284482 116726 1357521009
      ✓ should mint for amount=1
[FEE] 200133141590440 115299 1339225551
      ✓ should mint for amount=1
[FEE] 195203133126239 113960 1321583470
      ✓ should mint for amount=1
[FEE] 190574465429938 112705 1304613239
      ✓ should mint for amount=1
[FEE] 186233104259591 111530 1288325001
      ✓ should mint for amount=1
[FEE] 182159778311843 110428 1272721958
      ✓ should mint for amount=1
[FEE] 178340240740852 109395 1257801564
      ✓ should mint for amount=1
[FEE] 174758667080361 108426 1243556557
      ✓ should mint for amount=1
[FEE] 171401045120789 107517 1229975844
      ✓ should mint for amount=1
[FEE] 168256745385141 106666 1217045260
      ✓ should mint for amount=1
[FEE] 165310616583220 105868 1204748215
      ✓ should mint for amount=1
[FEE] 162551004005097 105120 1193066245
      ✓ should mint for amount=1
[FEE] 159966562972248 104419 1181979484
      ✓ should mint for amount=1
[FEE] 157544764556929 103761 1171467060
      ✓ should mint for amount=1
[FEE] 155277995789459 103145 1161507427
      ✓ should mint for amount=1
[FEE] 153154417309054 102567 1152078651
      ✓ should mint for amount=1
[FEE] 151165558323483 102025 1143158641
      ✓ should mint for amount=1
[FEE] 149303254983749 101517 1134725345
      ✓ should mint for amount=1
[FEE] 147559648425054 101041 1126756911
      ✓ should mint for amount=1
[FEE] 145925728343941 100594 1119231814
      ✓ should mint for amount=1
[FEE] 144395696051601 100175 1112128965
      ✓ should mint for amount=1
[FEE] 142962564101597 99782 1105427791
      ✓ should mint for amount=1
[FEE] 141621040658921 99414 1099108300
      ✓ should mint for amount=1
[FEE] 140364645650122 99069 1093151132
      ✓ should mint for amount=1
[FEE] 139187148574525 98745 1087537593
      ✓ should mint for amount=1
[FEE] 138085360876366 98442 1082249678
      ✓ should mint for amount=1
[FEE] 137053473881998 98158 1077270089
      ✓ should mint for amount=1
[FEE] 136085894199089 97891 1072582238
      ✓ should mint for amount=1
[FEE] 135179999925164 97641 1068170249
      ✓ should mint for amount=1
[FEE] 134331937210702 97407 1064018954
      ✓ should mint for amount=1
[FEE] 133538013708720 97188 1060113882
      ✓ should mint for amount=1
[FEE] 132793320303855 96982 1056441245
      ✓ should mint for amount=1
[FEE] 132095839412983 96789 1052987924
      ✓ should mint for amount=1
[FEE] 131442309884784 96608 1049741449
      ✓ should mint for amount=1
[FEE] 130830954724506 96439 1046689980
      ✓ should mint for amount=1
[FEE] 130257395821955 96280 1043822284
      ✓ should mint for amount=1
[FEE] 129720081734415 96131 1041127716
      ✓ should mint for amount=1
[FEE] 129216206899265 95991 1038596194
      ✓ should mint for amount=1
[FEE] 128744408553334 95860 1036218177
      ✓ should mint for amount=1
[FEE] 128302065505081 95737 1033984642
      ✓ should mint for amount=1
[FEE] 127886644693794 95621 1031887060
      ✓ should mint for amount=1
[FEE] 127498365305949 95513 1029917375
      ✓ should mint for amount=1
[FEE] 127133506800344 95411 1028067981
      ✓ should mint for amount=1
[FEE] 126791091565879 95315 1026331700
      ✓ should mint for amount=1
[FEE] 126471529429125 95226 1024701762
      ✓ should mint for amount=1
[FEE] 126172625959246 95143 1023171784
      ✓ should mint for amount=1
[FEE] 125892247539500 95065 1021735749
      ✓ should mint for amount=1
[FEE] 125629640041221 94992 1020387990
      ✓ should mint for amount=1
[FEE] 125384095340669 94924 1019123168
      ✓ should mint for amount=1
[FEE] 125153629499735 94860 1017936256
      ✓ should mint for amount=1
[FEE] 124934987554248 94798 1016822523
      ✓ should mint for amount=1
[FEE] 124730229645158 94740 1015777517
      ✓ should mint for amount=1
[FEE] 124540125215857 94687 1014797049
      ✓ should mint for amount=1
[FEE] 124361530559153 94637 1013877180
      ✓ should mint for amount=1
[FEE] 124195281785044 94591 1013014204
      ✓ should mint for amount=1
[FEE] 124039616547973 94548 1012204638
      ✓ should mint for amount=1
[FEE] 123891493436826 94506 1011445207
      ✓ should mint for amount=1
[FEE] 123754454617945 94468 1010732834
      ✓ should mint for amount=1
[FEE] 123625509791582 94432 1010064627
      ✓ should mint for amount=1
[FEE] 123503006819028 94397 1009437869
      ✓ should mint for amount=1
[FEE] 123389240528143 94365 1008850007
      ✓ should mint for amount=1
[FEE] 123282599282934 94335 1008298644
      ✓ should mint for amount=1
[FEE] 123182799272398 94307 1007781528
      ✓ should mint for amount=1
[FEE] 123089574297888 94281 1007296544
      ✓ should mint for amount=1
[FEE] 123002674838260 94257 1006841707
      ✓ should mint for amount=1
[FEE] 122919257918355 94233 1006415152
      ✓ should mint for amount=1
[FEE] 122843018915554 94212 1006015129
      ✓ should mint for amount=1
[FEE] 122769840292160 94191 1005639996
      ✓ should mint for amount=1
[FEE] 122703440559601 94173 1005288210
      ✓ should mint for amount=1
[FEE] 122639729921989 94155 1004958325
      ✓ should mint for amount=1
[FEE] 122581145169589 94139 1004648981
      ✓ should mint for amount=1
[FEE] 122526225564953 94124 1004358905
      ✓ should mint for amount=1
[FEE] 122473521449992 94109 1004086900
      ✓ should mint for amount=1
[FEE] 122425496954907 94096 1003831843
      ✓ should mint for amount=1
[FEE] 122378118674007 94082 1003592682
      ✓ should mint for amount=1
[FEE] 122333867153404 94069 1003368429
      ✓ should mint for amount=1
[FEE] 122293927956179 94058 1003158157
      ✓ should mint for amount=1
[FEE] 122255592915639 94047 1002960996
      ✓ should mint for amount=1
[FEE] 122221361420272 94038 1002776130
      ✓ should mint for amount=1
[FEE] 122187240058973 94028 1002602795
      ✓ should mint for amount=1
[FEE] 122157039242647 94020 1002440272
      ✓ should mint for amount=1
[FEE] 122128077226718 94012 1002287888
      ✓ should mint for amount=1
[FEE] 122101575699273 94005 1002145012
      ✓ should mint for amount=1
[FEE] 122076163010950 93998 1002011052
      ✓ should mint for amount=1
[FEE] 122050472638565 93990 1001885452
      ✓ should mint for amount=1
[FEE] 122028336532279 93984 1001767691
      ✓ should mint for amount=1
[FEE] 122005799274322 93977 1001657280
      ✓ should mint for amount=1
[FEE] 121986699665062 93972 1001553761
      ✓ should mint for amount=1
[FEE] 121967090540861 93966 1001456705
      ✓ should mint for amount=1
[FEE] 121950816550311 93962 1001365708
      ✓ should mint for amount=1
[FEE] 121933937690126 93957 1001280393
      ✓ should mint for amount=1
[FEE] 121919006272205 93953 1001200405
      ✓ should mint for amount=1
[FEE] 121904683913054 93949 1001125412
      ✓ should mint for amount=1
[FEE] 121892230016303 93946 1001055102
      ✓ should mint for amount=1
[FEE] 121880311313908 93943 1000989183
      ✓ should mint for amount=1
[FEE] 121868894393512 93940 1000927381
      ✓ should mint for amount=1
[FEE] 121857947916801 93937 1000869439
      ✓ should mint for amount=1
[FEE] 121848739657592 93935 1000815116
      ✓ should mint for amount=1
[FEE] 121839944767273 93933 1000764186
      ✓ should mint for amount=1
[FEE] 121831537409664 93931 1000716437
      ✓ should mint for amount=1
[FEE] 121823493455165 93929 1000671671
      ✓ should mint for amount=1
[FEE] 121815790237100 93927 1000629702
      ✓ should mint for amount=1
[FEE] 121808406308088 93925 1000590354
      ✓ should mint for amount=1
[FEE] 121801321926846 93923 1000553465
      ✓ should mint for amount=1
[FEE] 121794518205893 93921 1000518880
      ✓ should mint for amount=1
[FEE] 121786680985915 93918 1000486456
      ✓ should mint for amount=1
[FEE] 121781684019621 93917 1000456058
      ✓ should mint for amount=1
[FEE] 121776918287661 93916 1000427559
      ✓ should mint for amount=1
[FEE] 121772369419268 93915 1000400841
      ✓ should mint for amount=1
[FEE] 121768023774622 93914 1000375792
      ✓ should mint for amount=1
[FEE] 121763868688249 93913 1000352308
      ✓ should mint for amount=1
[FEE] 121758595693760 93911 1000330291
      ✓ should mint for amount=1
[FEE] 121754786799382 93910 1000309650
      ✓ should mint for amount=1
[FEE] 121751134971893 93909 1000290299
      ✓ should mint for amount=1
[FEE] 121746333890973 93907 1000272157
      ✓ should mint for amount=1
[FEE] 121742967358333 93906 1000255149
      ✓ should mint for amount=1
[FEE] 121739730126456 93905 1000239203
      ✓ should mint for amount=1
[FEE] 121735317885765 93903 1000224254
      ✓ should mint for amount=1
[FEE] 121732315771626 93902 1000210239
      ✓ should mint for amount=1
[FEE] 121730716666923 93902 1000197100
      ✓ should mint for amount=1
[FEE] 121729217483444 93902 1000184782
      ✓ should mint for amount=1
[FEE] 121726515685932 93901 1000173234
      ✓ should mint for amount=1
[FEE] 121723901667036 93900 1000162407
      ✓ should mint for amount=1
[FEE] 121722666370055 93900 1000152257
      ✓ should mint for amount=1
[FEE] 121721508233496 93900 1000142741
      ✓ should mint for amount=1
[FEE] 121720422510898 93900 1000133820
      ✓ should mint for amount=1
[FEE] 121719404577504 93900 1000125456
      ✓ should mint for amount=1
[FEE] 121718450295373 93900 1000117615
      ✓ should mint for amount=1
[FEE] 121717555648269 93900 1000110264
      ✓ should mint for amount=1
[FEE] 121715420747400 93899 1000103373
      ✓ should mint for amount=1
[FEE] 121714634425351 93899 1000096912
      ✓ should mint for amount=1
[FEE] 121713897271249 93899 1000090855
      ✓ should mint for amount=1
[FEE] 121713206242524 93899 1000085177
      ✓ should mint for amount=1
[FEE] 121709965882238 93897 1000079853
      ✓ should mint for amount=1
[FEE] 121709358476301 93897 1000074862
      ✓ should mint for amount=1
[FEE] 121707492846192 93896 1000070183
      ✓ should mint for amount=1
[FEE] 121706959074590 93896 1000065797
      ✓ should mint for amount=1
[FEE] 121705162464865 93895 1000061685
      ✓ should mint for amount=1
[FEE] 121703397141764 93894 1000057830
      ✓ should mint for amount=1
[FEE] 121702957331121 93894 1000054216
      ✓ should mint for amount=1
[FEE] 121702545023855 93894 1000050828
      ✓ should mint for amount=1
[FEE] 121702158394521 93894 1000047651
      ✓ should mint for amount=1
[FEE] 121701795982763 93894 1000044673
      ✓ should mint for amount=1
[FEE] 121701456206527 93894 1000041881
      ✓ should mint for amount=1
[FEE] 121701137605458 93894 1000039263
      ✓ should mint for amount=1
[FEE] 121700838962592 93894 1000036809
      ✓ should mint for amount=1
[FEE] 121699262790858 93893 1000034508
      ✓ should mint for amount=1
[FEE] 121699000294606 93893 1000032351
      ✓ should mint for amount=1
[FEE] 121698754227188 93893 1000030329
      ✓ should mint for amount=1
[FEE] 121697227352810 93892 1000028433
      ✓ should mint for amount=1
[FEE] 121697011102986 93892 1000026656
      ✓ should mint for amount=1
[FEE] 121696808361170 93892 1000024990
      ✓ should mint for amount=1
[FEE] 121696618275505 93892 1000023428
      ✓ should mint for amount=1
[FEE] 121696440115830 93892 1000021964
      ✓ should mint for amount=1
[FEE] 121696273030288 93892 1000020591
      ✓ should mint for amount=1
[FEE] 121696116410409 93892 1000019304
      ✓ should mint for amount=1
[FEE] 121695969647726 93892 1000018098
      ✓ should mint for amount=1
[FEE] 121695832012075 93892 1000016967
      ✓ should mint for amount=1
[FEE] 121695703016682 93892 1000015907
      ✓ should mint for amount=1
[FEE] 121695582053077 93892 1000014913
      ✓ should mint for amount=1
[FEE] 121695468634486 93892 1000013981
      ✓ should mint for amount=1
[FEE] 121695362274134 93892 1000013107
      ✓ should mint for amount=1
[FEE] 121693966487326 93891 1000012288
      ✓ should mint for amount=1
[FEE] 121693873027509 93891 1000011520
      ✓ should mint for amount=1
[FEE] 121693785408929 93891 1000010800
      ✓ should mint for amount=1
[FEE] 121693703266511 93891 1000010125
      ✓ should mint for amount=1
[FEE] 121693626235177 93891 1000009492
      ✓ should mint for amount=1
[FEE] 121693554071542 93891 1000008899
      ✓ should mint for amount=1
[FEE] 121693486410528 93891 1000008343
      ✓ should mint for amount=1
[FEE] 121693423008750 93891 1000007822
      ✓ should mint for amount=1
[FEE] 121693363501132 93891 1000007333
      ✓ should mint for amount=1
[FEE] 121693307765980 93891 1000006875
      ✓ should mint for amount=1
[FEE] 121693255438218 93891 1000006445
      ✓ should mint for amount=1
[FEE] 121693206396152 93891 1000006042
      ✓ should mint for amount=1
[FEE] 121693160396398 93891 1000005664
      ✓ should mint for amount=1
[FEE] 121693117317263 93891 1000005310
      ✓ should mint for amount=1
[FEE] 121693076915362 93891 1000004978
      ✓ should mint for amount=1
[FEE] 121693039069004 93891 1000004667
      ✓ should mint for amount=1
[FEE] 121693003534802 93891 1000004375
      ✓ should mint for amount=1
[FEE] 121692970312758 93891 1000004102
      ✓ should mint for amount=1
[FEE] 121692939159485 93891 1000003846
      ✓ should mint for amount=1
[FEE] 121692909953292 93891 1000003606
      ✓ should mint for amount=1
[FEE] 121692882572486 93891 1000003381
      ✓ should mint for amount=1
[FEE] 121692856895375 93891 1000003170
      ✓ should mint for amount=1
[FEE] 121692832800265 93891 1000002972
      ✓ should mint for amount=1
[FEE] 121692810165466 93891 1000002786
      ✓ should mint for amount=1
[FEE] 121692788990976 93891 1000002612
      ✓ should mint for amount=1
[FEE] 121691473048243 93890 1000002449
      ✓ should mint for amount=1
[FEE] 121690158322832 93889 1000002296
      ✓ should mint for amount=1
[FEE] 121691437027656 93890 1000002153
      ✓ should mint for amount=1
[FEE] 121691420599347 93890 1000002018
      ✓ should mint for amount=1
[FEE] 121690109160121 93889 1000001892
      ✓ should mint for amount=1
[FEE] 121690094800716 93889 1000001774
      ✓ should mint for amount=1
[FEE] 121691377398980 93890 1000001663
      ✓ should mint for amount=1
[FEE] 121691364743098 93890 1000001559
      ✓ should mint for amount=1
[FEE] 121691352939054 93890 1000001462
      ✓ should mint for amount=1
[FEE] 121691341865157 93890 1000001371
      ✓ should mint for amount=1
[FEE] 121691331399716 93890 1000001285
      ✓ should mint for amount=1
[FEE] 121691321664422 93890 1000001205
      ✓ should mint for amount=1
[FEE] 121690016432433 93889 1000001130
      ✓ should mint for amount=1
[FEE] 121691303897510 93890 1000001059
      ✓ should mint for amount=1
[FEE] 121691295865893 93890 1000000993
      ✓ should mint for amount=1
[FEE] 121691288321040 93890 1000000931
      ✓ should mint for amount=1
[FEE] 121689985158135 93889 1000000873
      ✓ should mint for amount=1
[FEE] 121691274569937 93890 1000000818
      ✓ should mint for amount=1
[FEE] 121689972259007 93889 1000000767
      ✓ should mint for amount=1
[FEE] 121691262522511 93890 1000000719
      ✓ should mint for amount=1
[FEE] 121689960941849 93889 1000000674
      ✓ should mint for amount=1
[FEE] 121689955830874 93889 1000000632
      ✓ should mint for amount=1
[FEE] 121691247189423 93890 1000000593
      ✓ should mint for amount=1
[FEE] 121691242686849 93890 1000000556
      ✓ should mint for amount=1
[FEE] 121689942323297 93889 1000000521
      ✓ should mint for amount=1
[FEE] 121688642203213 93888 1000000488
      ✓ should mint for amount=1
[FEE] 121689934656835 93889 1000000458
      ✓ should mint for amount=1
[FEE] 121691227232070 93890 1000000429
      ✓ should mint for amount=1
[FEE] 121691223946408 93890 1000000402
      ✓ should mint for amount=1
[FEE] 121689924799955 93889 1000000377
      ✓ should mint for amount=1
[FEE] 121689921879398 93889 1000000353
      ✓ should mint for amount=1
[FEE] 121691215306335 93890 1000000331
      ✓ should mint for amount=1
[FEE] 121691212750820 93890 1000000310
      ✓ should mint for amount=1
[FEE] 121691210438688 93890 1000000291
      ✓ should mint for amount=1
[FEE] 121689912144207 93889 1000000273
      ✓ should mint for amount=1
[FEE] 121691206179497 93890 1000000256
      ✓ should mint for amount=1
[FEE] 121691204232438 93890 1000000240
      ✓ should mint for amount=1
[FEE] 121691202407070 93890 1000000225
      ✓ should mint for amount=1
[FEE] 121691200703394 93890 1000000211
      ✓ should mint for amount=1
[FEE] 121691199121408 93890 1000000198
      ✓ should mint for amount=1
[FEE] 121689901557188 93889 1000000186
      ✓ should mint for amount=1
[FEE] 121688603992998 93888 1000000174
      ✓ should mint for amount=1
[FEE] 121689898758321 93889 1000000163
      ✓ should mint for amount=1
[FEE] 121691193645306 93890 1000000153
      ✓ should mint for amount=1
[FEE] 121691192428394 93890 1000000143
      ✓ should mint for amount=1
[FEE] 121689895229314 93889 1000000134
      ✓ should mint for amount=1
[FEE] 121691190359644 93890 1000000126
      ✓ should mint for amount=1
[FEE] 121691189386114 93890 1000000118
      ✓ should mint for amount=1
[FEE] 121691188534276 93890 1000000111
      ✓ should mint for amount=1
[FEE] 121689891578618 93889 1000000104
      ✓ should mint for amount=1
[FEE] 121691186952291 93890 1000000098
      ✓ should mint for amount=1
[FEE] 121691186222144 93890 1000000092
      ✓ should mint for amount=1
[FEE] 121691185491997 93890 1000000086
      ✓ should mint for amount=1
[FEE] 121691184883541 93890 1000000081
      ✓ should mint for amount=1
[FEE] 121689888171301 93889 1000000076
      ✓ should mint for amount=1
[FEE] 121691183666629 93890 1000000071
      ✓ should mint for amount=1
[FEE] 121691183179864 93890 1000000067
      ✓ should mint for amount=1
[FEE] 121691182693100 93890 1000000063
      ✓ should mint for amount=1
[FEE] 121691182206335 93890 1000000059
      ✓ should mint for amount=1
[FEE] 121691181719570 93890 1000000055
      ✓ should mint for amount=1
[FEE] 121689885250744 93889 1000000052
      ✓ should mint for amount=1
[FEE] 121689884885674 93889 1000000049
      ✓ should mint for amount=1
[FEE] 121691180624350 93890 1000000046
      ✓ should mint for amount=1
[FEE] 121691180259276 93890 1000000043
      ✓ should mint for amount=1
[FEE] 121691179894203 93890 1000000040
      ✓ should mint for amount=1
[FEE] 121689883547086 93889 1000000038
      ✓ should mint for amount=1
[FEE] 121689883303706 93889 1000000036
      ✓ should mint for amount=1
[FEE] 121691179164056 93890 1000000034
      ✓ should mint for amount=1
[FEE] 121689882816946 93889 1000000032
      ✓ should mint for amount=1

·----------------------------------------|---------------------------|-------------|----------------------------·
|          [90mSolc version: 0.8.17[39m          ·  [90mOptimizer enabled: true[39m  ·  [90mRuns: 200[39m  ·  [90mBlock limit: 8000000 gas[39m  │
·········································|···························|·············|·····························
|  [32m[1mMethods[22m[39m                                                                                                      │
···················|·····················|·············|·············|·············|··············|··············
|  [1mContract[22m        ·  [1mMethod[22m             ·  [32mMin[39m        ·  [32mMax[39m        ·  [32mAvg[39m        ·  [1m# calls[22m     ·  [1musd (avg)[22m  │
···················|·····················|·············|·············|·············|··············|··············
|  [90mXPowerThorTest[39m  ·  init               ·          -  ·          -  ·      67353  ·           [90m1[39m  ·          [32m[90m-[32m[39m  │
···················|·····················|·············|·············|·············|··············|··············
|  [90mXPowerThorTest[39m  ·  mint               ·     [36m124502[39m  ·     [31m229529[39m  ·     126750  ·         [90m273[39m  ·          [32m[90m-[32m[39m  │
···················|·····················|·············|·············|·············|··············|··············
|  [90mXPowerThorTest[39m  ·  transferOwnership  ·          -  ·          -  ·      28656  ·           [90m1[39m  ·          [32m[90m-[32m[39m  │
···················|·····················|·············|·············|·············|··············|··············
|  [32m[1mDeployments[22m[39m                           ·                                         ·  [1m% of limit[22m  ·             │
·········································|·············|·············|·············|··············|··············
|  XPowerThorTest                        ·          -  ·          -  ·    3331941  ·      [90m41.6 %[39m  ·          [32m[90m-[32m[39m  │
·----------------------------------------|-------------|-------------|-------------|--------------|-------------·

  273 passing (20s)

