
> xpower@6.0.0 test-gas
> REPORT_GAS=true npm test ./test/contracts/XPower.fees.1-thor.test.js


> xpower@6.0.0 test
> hardhat test ./test/contracts/XPower.fees.1-thor.test.js


  XPowerThor
    mint
[FEE] 348812236173851 162300 1658186771
      ✓ should mint for amount=1
[FEE] 338631735412114 158025 1653339767
      ✓ should mint for amount=1
[FEE] 328257059792877 154016 1644403868
      ✓ should mint for amount=1
[FEE] 317862151224905 150257 1632166122
      ✓ should mint for amount=1
[FEE] 307582137555933 146734 1617300082
      ✓ should mint for amount=1
[FEE] 297513083621605 143431 1600380671
      ✓ should mint for amount=1
[FEE] 287727186949619 140334 1581897173
      ✓ should mint for amount=1
[FEE] 278278109229453 137431 1562264599
      ✓ should mint for amount=1
[FEE] 269201266932614 134710 1541833643
      ✓ should mint for amount=1
[FEE] 260517532926268 132159 1520899326
      ✓ should mint for amount=1
[FEE] 252240156474806 129768 1499708560
      ✓ should mint for amount=1
[FEE] 244371214172045 127526 1478466755
      ✓ should mint for amount=1
[FEE] 236909425231496 125424 1457343561
      ✓ should mint for amount=1
[FEE] 229849653803143 123454 1436477879
      ✓ should mint for amount=1
[FEE] 223180435793670 121607 1415982223
      ✓ should mint for amount=1
[FEE] 216888808683966 119875 1395946511
      ✓ should mint for amount=1
[FEE] 210959267273963 118250 1376441358
      ✓ should mint for amount=1
[FEE] 205381502821328 116728 1357520940
      ✓ should mint for amount=1
[FEE] 200136602829283 115301 1339225482
      ✓ should mint for amount=1
[FEE] 195208261809722 113963 1321583402
      ✓ should mint for amount=1
[FEE] 190581219590681 112709 1304613174
      ✓ should mint for amount=1
[FEE] 186236435191732 111532 1288324941
      ✓ should mint for amount=1
[FEE] 182163069312746 110430 1272721901
      ✓ should mint for amount=1
[FEE] 178341863183724 109396 1257801509
      ✓ should mint for amount=1
[FEE] 174760271269835 108427 1243556503
      ✓ should mint for amount=1
[FEE] 171404226087382 107519 1229975791
      ✓ should mint for amount=1
[FEE] 168259893167942 106668 1217045209
      ✓ should mint for amount=1
[FEE] 165313732816716 105870 1204748166
      ✓ should mint for amount=1
[FEE] 162554090276508 105122 1193066198
      ✓ should mint for amount=1
[FEE] 159968088985290 104420 1181979440
      ✓ should mint for amount=1
[FEE] 157546277251277 103762 1171467018
      ✓ should mint for amount=1
[FEE] 155277990441995 103145 1161507387
      ✓ should mint for amount=1
[FEE] 153154412257430 102567 1152078613
      ✓ should mint for amount=1
[FEE] 151165553563024 102025 1143158605
      ✓ should mint for amount=1
[FEE] 149301779788489 101516 1134725311
      ✓ should mint for amount=1
[FEE] 147558183709645 101040 1126756878
      ✓ should mint for amount=1
[FEE] 145922823021275 100592 1119231783
      ✓ should mint for amount=1
[FEE] 144394250722074 100174 1112128935
      ✓ should mint for amount=1
[FEE] 142961127602094 99781 1105427762
      ✓ should mint for amount=1
[FEE] 141619612492815 99413 1099108272
      ✓ should mint for amount=1
[FEE] 140363225474449 99068 1093151106
      ✓ should mint for amount=1
[FEE] 139187145374931 98745 1087537568
      ✓ should mint for amount=1
[FEE] 138085357941772 98442 1082249655
      ✓ should mint for amount=1
[FEE] 137053471083093 98158 1077270067
      ✓ should mint for amount=1
[FEE] 136085891534674 97891 1072582217
      ✓ should mint for amount=1
[FEE] 135179997394107 97641 1068170229
      ✓ should mint for amount=1
[FEE] 134331934811960 97407 1064018935
      ✓ should mint for amount=1
[FEE] 133536637423850 97187 1060113864
      ✓ should mint for amount=1
[FEE] 132790579652238 96980 1056441228
      ✓ should mint for amount=1
[FEE] 132091743061280 96786 1052987908
      ✓ should mint for amount=1
[FEE] 131438226285350 96605 1049741434
      ✓ should mint for amount=1
[FEE] 130824169755976 96434 1046689965
      ✓ should mint for amount=1
[FEE] 130249276663564 96274 1043822270
      ✓ should mint for amount=1
[FEE] 129711983657953 96125 1041127703
      ✓ should mint for amount=1
[FEE] 129208128636258 95985 1038596182
      ✓ should mint for amount=1
[FEE] 128737691955725 95855 1036218166
      ✓ should mint for amount=1
[FEE] 128296703659061 95733 1033984632
      ✓ should mint for amount=1
[FEE] 127882631280552 95618 1031887051
      ✓ should mint for amount=1
[FEE] 127494359552715 95510 1029917366
      ✓ should mint for amount=1
[FEE] 127129508239319 95408 1028067972
      ✓ should mint for amount=1
[FEE] 126789760221748 95314 1026331691
      ✓ should mint for amount=1
[FEE] 126470200322023 95225 1024701754
      ✓ should mint for amount=1
[FEE] 126171298836015 95142 1023171776
      ✓ should mint for amount=1
[FEE] 125890922401540 95064 1021735742
      ✓ should mint for amount=1
[FEE] 125628316650759 94991 1020387983
      ✓ should mint for amount=1
[FEE] 125381452700880 94922 1019123161
      ✓ should mint for amount=1
[FEE] 125149670709269 94857 1017936250
      ✓ should mint for amount=1
[FEE] 124933669032494 94797 1016822518
      ✓ should mint for amount=1
[FEE] 124730229153986 94740 1015777513
      ✓ should mint for amount=1
[FEE] 124540124847684 94687 1014797046
      ✓ should mint for amount=1
[FEE] 124361530191175 94637 1013877177
      ✓ should mint for amount=1
[FEE] 124193968445805 94590 1013014201
      ✓ should mint for amount=1
[FEE] 124038304258183 94547 1012204635
      ✓ should mint for amount=1
[FEE] 123890182131501 94505 1011445204
      ✓ should mint for amount=1
[FEE] 123753144236077 94467 1010732831
      ✓ should mint for amount=1
[FEE] 123624200275919 94431 1010064624
      ✓ should mint for amount=1
[FEE] 123501698115845 94396 1009437866
      ✓ should mint for amount=1
[FEE] 123389240161223 94365 1008850004
      ✓ should mint for amount=1
[FEE] 123283905775715 94336 1008298641
      ✓ should mint for amount=1
[FEE] 123184105095051 94308 1007781525
      ✓ should mint for amount=1
[FEE] 123090879492053 94282 1007296541
      ✓ should mint for amount=1
[FEE] 123002674471760 94257 1006841704
      ✓ should mint for amount=1
[FEE] 122921866388715 94235 1006415149
      ✓ should mint for amount=1
[FEE] 122845626471165 94214 1006015127
      ✓ should mint for amount=1
[FEE] 122773750289105 94194 1005639994
      ✓ should mint for amount=1
[FEE] 122706046353049 94175 1005288209
      ✓ should mint for amount=1
[FEE] 122642334860329 94157 1004958324
      ✓ should mint for amount=1
[FEE] 122582447298835 94140 1004648981
      ✓ should mint for amount=1
[FEE] 122526225564953 94124 1004358905
      ✓ should mint for amount=1
[FEE] 122474822850723 94110 1004086900
      ✓ should mint for amount=1
[FEE] 122426798025058 94097 1003831843
      ✓ should mint for amount=1
[FEE] 122382020954529 94085 1003592682
      ✓ should mint for amount=1
[FEE] 122337768561960 94072 1003368429
      ✓ should mint for amount=1
[FEE] 122297828547132 94061 1003158157
      ✓ should mint for amount=1
[FEE] 122260792681412 94051 1002960996
      ✓ should mint for amount=1
[FEE] 122225260525786 94041 1002776130
      ✓ should mint for amount=1
[FEE] 122192437967684 94032 1002602795
      ✓ should mint for amount=1
[FEE] 122160937042240 94023 1002440272
      ✓ should mint for amount=1
[FEE] 122131974433794 94015 1002287888
      ✓ should mint for amount=1
[FEE] 122105472350804 94008 1002145012
      ✓ should mint for amount=1
[FEE] 122078760431384 94000 1002011052
      ✓ should mint for amount=1
[FEE] 122055666828272 93994 1001885452
      ✓ should mint for amount=1
[FEE] 122033530111464 93988 1001767691
      ✓ should mint for amount=1
[FEE] 122012290532783 93982 1001657280
      ✓ should mint for amount=1
[FEE] 121993190252666 93977 1001553761
      ✓ should mint for amount=1
[FEE] 121974878491218 93972 1001456705
      ✓ should mint for amount=1
[FEE] 121957305919235 93967 1001365708
      ✓ should mint for amount=1
[FEE] 121941724269371 93963 1001280393
      ✓ should mint for amount=1
[FEE] 121926792229414 93959 1001200405
      ✓ should mint for amount=1
[FEE] 121912469287070 93955 1001125412
      ✓ should mint for amount=1
[FEE] 121898717372338 93951 1001055102
      ✓ should mint for amount=1
[FEE] 121884203471216 93946 1000989183
      ✓ should mint for amount=1
[FEE] 121872786310514 93943 1000927381
      ✓ should mint for amount=1
[FEE] 121861839608507 93940 1000869439
      ✓ should mint for amount=1
[FEE] 121851333977913 93937 1000815116
      ✓ should mint for amount=1
[FEE] 121842538955573 93935 1000764186
      ✓ should mint for amount=1
[FEE] 121832834441926 93932 1000716437
      ✓ should mint for amount=1
[FEE] 121824790429405 93930 1000671671
      ✓ should mint for amount=1
[FEE] 121817087156944 93928 1000629702
      ✓ should mint for amount=1
[FEE] 121809703176933 93926 1000590354
      ✓ should mint for amount=1
[FEE] 121802618747880 93924 1000553465
      ✓ should mint for amount=1
[FEE] 121795814982101 93922 1000518880
      ✓ should mint for amount=1
[FEE] 121789274454280 93920 1000486456
      ✓ should mint for amount=1
[FEE] 121782980714405 93918 1000456058
      ✓ should mint for amount=1
[FEE] 121776918287661 93916 1000427559
      ✓ should mint for amount=1
[FEE] 121771072796051 93914 1000400841
      ✓ should mint for amount=1
[FEE] 121766727183871 93913 1000375792
      ✓ should mint for amount=1
[FEE] 121762572127936 93912 1000352308
      ✓ should mint for amount=1
[FEE] 121758595693760 93911 1000330291
      ✓ should mint for amount=1
[FEE] 121754786799382 93910 1000309650
      ✓ should mint for amount=1
[FEE] 121751134971893 93909 1000290299
      ✓ should mint for amount=1
[FEE] 121747630347402 93908 1000272157
      ✓ should mint for amount=1
[FEE] 121744263792718 93907 1000255149
      ✓ should mint for amount=1
[FEE] 121739730126456 93905 1000239203
      ✓ should mint for amount=1
[FEE] 121737910674448 93905 1000224254
      ✓ should mint for amount=1
[FEE] 121736204900157 93905 1000210239
      ✓ should mint for amount=1
[FEE] 121733309385218 93904 1000197100
      ✓ should mint for amount=1
[FEE] 121730513826627 93903 1000184782
      ✓ should mint for amount=1
[FEE] 121729108342361 93903 1000173234
      ✓ should mint for amount=1
[FEE] 121727790609581 93903 1000162407
      ✓ should mint for amount=1
[FEE] 121725258972107 93902 1000152257
      ✓ should mint for amount=1
[FEE] 121724100810881 93902 1000142741
      ✓ should mint for amount=1
[FEE] 121723015065158 93902 1000133820
      ✓ should mint for amount=1
[FEE] 121721997110083 93902 1000125456
      ✓ should mint for amount=1
[FEE] 121721042807627 93902 1000117615
      ✓ should mint for amount=1
[FEE] 121720148141467 93902 1000110264
      ✓ should mint for amount=1
[FEE] 121719309460403 93902 1000103373
      ✓ should mint for amount=1
[FEE] 121718523113231 93902 1000096912
      ✓ should mint for amount=1
[FEE] 121716489714135 93901 1000090855
      ✓ should mint for amount=1
[FEE] 121715798670691 93901 1000085177
      ✓ should mint for amount=1
[FEE] 121715150710971 93901 1000079853
      ✓ should mint for amount=1
[FEE] 121713247078444 93900 1000074862
      ✓ should mint for amount=1
[FEE] 121711381430142 93899 1000070183
      ✓ should mint for amount=1
[FEE] 121710847641486 93899 1000065797
      ✓ should mint for amount=1
[FEE] 121710347199408 93899 1000061685
      ✓ should mint for amount=1
[FEE] 121708581856321 93898 1000057830
      ✓ should mint for amount=1
[FEE] 121708142026941 93898 1000054216
      ✓ should mint for amount=1
[FEE] 121707729702110 93898 1000050828
      ✓ should mint for amount=1
[FEE] 121707343056306 93898 1000047651
      ✓ should mint for amount=1
[FEE] 121706980629108 93898 1000044673
      ✓ should mint for amount=1
[FEE] 121706640838398 93898 1000041881
      ✓ should mint for amount=1
[FEE] 121705026069181 93897 1000039263
      ✓ should mint for amount=1
[FEE] 121704727416773 93897 1000036809
      ✓ should mint for amount=1
[FEE] 121704447384503 93897 1000034508
      ✓ should mint for amount=1
[FEE] 121704184877069 93897 1000032351
      ✓ should mint for amount=1
[FEE] 121703938799168 93897 1000030329
      ✓ should mint for amount=1
[FEE] 121703708055498 93897 1000028433
      ✓ should mint for amount=1
[FEE] 121703491794158 93897 1000026656
      ✓ should mint for amount=1
[FEE] 121703289041545 93897 1000024990
      ✓ should mint for amount=1
[FEE] 121703098945758 93897 1000023428
      ✓ should mint for amount=1
[FEE] 121701624644442 93896 1000021964
      ✓ should mint for amount=1
[FEE] 121700161421408 93895 1000020591
      ✓ should mint for amount=1
[FEE] 121700004796526 93895 1000019304
      ✓ should mint for amount=1
[FEE] 121699858029153 93895 1000018098
      ✓ should mint for amount=1
[FEE] 121699720389105 93895 1000016967
      ✓ should mint for amount=1
[FEE] 121699591389590 93895 1000015907
      ✓ should mint for amount=1
[FEE] 121699470422120 93895 1000014913
      ✓ should mint for amount=1
[FEE] 121699356999905 93895 1000013981
      ✓ should mint for amount=1
[FEE] 121699250636154 93895 1000013107
      ✓ should mint for amount=1
[FEE] 121699150965774 93895 1000012288
      ✓ should mint for amount=1
[FEE] 121699057501975 93895 1000011520
      ✓ should mint for amount=1
[FEE] 121698969879663 93895 1000010800
      ✓ should mint for amount=1
[FEE] 121697591616937 93894 1000010125
      ✓ should mint for amount=1
[FEE] 121697514583141 93894 1000009492
      ✓ should mint for amount=1
[FEE] 121697442417200 93894 1000008899
      ✓ should mint for amount=1
[FEE] 121697374754024 93894 1000008343
      ✓ should mint for amount=1
[FEE] 121696015236398 93893 1000007822
      ✓ should mint for amount=1
[FEE] 121695955727512 93893 1000007333
      ✓ should mint for amount=1
[FEE] 121695899991173 93893 1000006875
      ✓ should mint for amount=1
[FEE] 121695847662295 93893 1000006445
      ✓ should mint for amount=1
[FEE] 121695798619185 93893 1000006042
      ✓ should mint for amount=1
[FEE] 121695752618451 93893 1000005664
      ✓ should mint for amount=1
[FEE] 121695709538398 93893 1000005310
      ✓ should mint for amount=1
[FEE] 121695669135637 93893 1000004978
      ✓ should mint for amount=1
[FEE] 121695631288473 93893 1000004667
      ✓ should mint for amount=1
[FEE] 121695595753514 93893 1000004375
      ✓ should mint for amount=1
[FEE] 121694266421760 93892 1000004102
      ✓ should mint for amount=1
[FEE] 121692939159485 93891 1000003846
      ✓ should mint for amount=1
[FEE] 121692909953292 93891 1000003606
      ✓ should mint for amount=1
[FEE] 121692882572486 93891 1000003381
      ✓ should mint for amount=1
[FEE] 121692856895375 93891 1000003170
      ✓ should mint for amount=1
[FEE] 121692832800265 93891 1000002972
      ✓ should mint for amount=1
[FEE] 121691514058169 93890 1000002786
      ✓ should mint for amount=1
[FEE] 121691492883905 93890 1000002612
      ✓ should mint for amount=1
[FEE] 121691473048243 93890 1000002449
      ✓ should mint for amount=1
[FEE] 121691454429494 93890 1000002296
      ✓ should mint for amount=1
[FEE] 121691437027656 93890 1000002153
      ✓ should mint for amount=1
[FEE] 121690124493046 93889 1000002018
      ✓ should mint for amount=1
[FEE] 121691405266259 93890 1000001892
      ✓ should mint for amount=1
[FEE] 121691390906700 93890 1000001774
      ✓ should mint for amount=1
[FEE] 121691377398980 93890 1000001663
      ✓ should mint for amount=1
[FEE] 121690068637392 93889 1000001559
      ✓ should mint for amount=1
[FEE] 121691352939054 93890 1000001462
      ✓ should mint for amount=1
[FEE] 121691341865157 93890 1000001371
      ✓ should mint for amount=1
[FEE] 121691331399716 93890 1000001285
      ✓ should mint for amount=1
[FEE] 121690025559174 93889 1000001205
      ✓ should mint for amount=1
[FEE] 121690016432433 93889 1000001130
      ✓ should mint for amount=1
[FEE] 121690007792452 93889 1000001059
      ✓ should mint for amount=1
[FEE] 121691295865893 93890 1000000993
      ✓ should mint for amount=1
[FEE] 121689992216148 93889 1000000931
      ✓ should mint for amount=1
[FEE] 121691281262952 93890 1000000873
      ✓ should mint for amount=1
[FEE] 121691274569937 93890 1000000818
      ✓ should mint for amount=1
[FEE] 121689972259007 93889 1000000767
      ✓ should mint for amount=1
[FEE] 121689966417893 93889 1000000719
      ✓ should mint for amount=1
[FEE] 121691257046408 93890 1000000674
      ✓ should mint for amount=1
[FEE] 121691251935378 93890 1000000632
      ✓ should mint for amount=1
[FEE] 121691247189423 93890 1000000593
      ✓ should mint for amount=1
[FEE] 121691242686849 93890 1000000556
      ✓ should mint for amount=1
[FEE] 121691238427658 93890 1000000521
      ✓ should mint for amount=1
[FEE] 121689938307531 93889 1000000488
      ✓ should mint for amount=1
[FEE] 121688638552556 93888 1000000458
      ✓ should mint for amount=1
[FEE] 121689931127828 93889 1000000429
      ✓ should mint for amount=1
[FEE] 121688631737995 93888 1000000402
      ✓ should mint for amount=1
[FEE] 121688628695781 93888 1000000377
      ✓ should mint for amount=1
[FEE] 121689921879398 93889 1000000353
      ✓ should mint for amount=1
[FEE] 121691215306335 93890 1000000331
      ✓ should mint for amount=1
[FEE] 121689916646733 93889 1000000310
      ✓ should mint for amount=1
[FEE] 121691210438688 93890 1000000291
      ✓ should mint for amount=1
[FEE] 121691208248247 93890 1000000273
      ✓ should mint for amount=1
[FEE] 121691206179497 93890 1000000256
      ✓ should mint for amount=1
[FEE] 121691204232438 93890 1000000240
      ✓ should mint for amount=1
[FEE] 121691202407070 93890 1000000225
      ✓ should mint for amount=1
[FEE] 121689904599435 93889 1000000211
      ✓ should mint for amount=1
[FEE] 121691199121408 93890 1000000198
      ✓ should mint for amount=1
[FEE] 121691197661114 93890 1000000186
      ✓ should mint for amount=1
[FEE] 121691196200820 93890 1000000174
      ✓ should mint for amount=1
[FEE] 121691194862217 93890 1000000163
      ✓ should mint for amount=1
[FEE] 121689897541422 93889 1000000153
      ✓ should mint for amount=1
[FEE] 121688600220652 93888 1000000143
      ✓ should mint for amount=1
[FEE] 121689895229314 93889 1000000134
      ✓ should mint for amount=1
[FEE] 121691190359644 93890 1000000126
      ✓ should mint for amount=1
[FEE] 121691189386114 93890 1000000118
      ✓ should mint for amount=1
[FEE] 121691188534276 93890 1000000111
      ✓ should mint for amount=1
[FEE] 121691187682438 93890 1000000104
      ✓ should mint for amount=1
[FEE] 121691186952291 93890 1000000098
      ✓ should mint for amount=1
[FEE] 121691186222144 93890 1000000092
      ✓ should mint for amount=1
[FEE] 121691185491997 93890 1000000086
      ✓ should mint for amount=1
[FEE] 121691184883541 93890 1000000081
      ✓ should mint for amount=1
[FEE] 121691184275085 93890 1000000076
      ✓ should mint for amount=1
[FEE] 121691183666629 93890 1000000071
      ✓ should mint for amount=1
[FEE] 121691183179864 93890 1000000067
      ✓ should mint for amount=1
[FEE] 121691182693100 93890 1000000063
      ✓ should mint for amount=1
[FEE] 121691182206335 93890 1000000059
      ✓ should mint for amount=1
[FEE] 121691181719570 93890 1000000055
      ✓ should mint for amount=1
[FEE] 121689885250744 93889 1000000052
      ✓ should mint for amount=1
[FEE] 121691180989423 93890 1000000049
      ✓ should mint for amount=1
[FEE] 121691180624350 93890 1000000046
      ✓ should mint for amount=1
[FEE] 121689884155535 93889 1000000043
      ✓ should mint for amount=1
[FEE] 121688587686728 93888 1000000040
      ✓ should mint for amount=1
[FEE] 121689883547086 93889 1000000038
      ✓ should mint for amount=1
[FEE] 121691179407438 93890 1000000036
      ✓ should mint for amount=1
[FEE] 121691179164056 93890 1000000034
      ✓ should mint for amount=1
[FEE] 121689882816946 93889 1000000032
      ✓ should mint for amount=1
[FEE] 121691178677291 93890 1000000030
      ✓ should mint for amount=1
[FEE] 121691178433909 93890 1000000028
      ✓ should mint for amount=1

·----------------------------------------|---------------------------|-------------|----------------------------·
|          [90mSolc version: 0.8.17[39m          ·  [90mOptimizer enabled: true[39m  ·  [90mRuns: 200[39m  ·  [90mBlock limit: 8000000 gas[39m  │
·········································|···························|·············|·····························
|  [32m[1mMethods[22m[39m                                                                                                      │
···················|·····················|·············|·············|·············|··············|··············
|  [1mContract[22m        ·  [1mMethod[22m             ·  [32mMin[39m        ·  [32mMax[39m        ·  [32mAvg[39m        ·  [1m# calls[22m     ·  [1musd (avg)[22m  │
···················|·····················|·············|·············|·············|··············|··············
|  [90mXPowerThorTest[39m  ·  init               ·          -  ·          -  ·      67353  ·           [90m1[39m  ·          [32m[90m-[32m[39m  │
···················|·····················|·············|·············|·············|··············|··············
|  [90mXPowerThorTest[39m  ·  mint               ·     [36m124509[39m  ·     [31m229542[39m  ·     126724  ·         [90m275[39m  ·          [32m[90m-[32m[39m  │
···················|·····················|·············|·············|·············|··············|··············
|  [90mXPowerThorTest[39m  ·  transferOwnership  ·          -  ·          -  ·      28656  ·           [90m1[39m  ·          [32m[90m-[32m[39m  │
···················|·····················|·············|·············|·············|··············|··············
|  [32m[1mDeployments[22m[39m                           ·                                         ·  [1m% of limit[22m  ·             │
·········································|·············|·············|·············|··············|··············
|  XPowerThorTest                        ·          -  ·          -  ·    3331941  ·      [90m41.6 %[39m  ·          [32m[90m-[32m[39m  │
·----------------------------------------|-------------|-------------|-------------|--------------|-------------·

  275 passing (20s)

