
> xpower@6.0.0 test-gas
> REPORT_GAS=true npm test ./test/contracts/XPower.fees.1-thor.test.js


> xpower@6.0.0 test
> hardhat test ./test/contracts/XPower.fees.1-thor.test.js


  XPowerThor
    mint
[FEE] 348822982083776 162305 1658186771
      ✓ should mint for amount=1
[FEE] 338642451344703 158030 1653339774
      ✓ should mint for amount=1
[FEE] 328269851094044 154022 1644403885
      ✓ should mint for amount=1
[FEE] 317876967989927 150264 1632166166
      ✓ should mint for amount=1
[FEE] 307596826281626 146741 1617300163
      ✓ should mint for amount=1
[FEE] 297525550742789 143437 1600380787
      ✓ should mint for amount=1
[FEE] 287741563443039 140341 1581897307
      ✓ should mint for amount=1
[FEE] 278292311551074 137438 1562264758
      ✓ should mint for amount=1
[FEE] 269215287170386 134717 1541833824
      ✓ should mint for amount=1
[FEE] 260529394302907 132165 1520899524
      ✓ should mint for amount=1
[FEE] 252249909844614 129773 1499708765
      ✓ should mint for amount=1
[FEE] 244380829618828 127531 1478466962
      ✓ should mint for amount=1
[FEE] 236918903387647 125429 1457343769
      ✓ should mint for amount=1
[FEE] 229857134383224 123458 1436478087
      ✓ should mint for amount=1
[FEE] 223185974200171 121610 1415982430
      ✓ should mint for amount=1
[FEE] 216892458962898 119877 1395946715
      ✓ should mint for amount=1
[FEE] 210964649499939 118253 1376441555
      ✓ should mint for amount=1
[FEE] 205386810485036 116731 1357521133
      ✓ should mint for amount=1
[FEE] 200141838250369 115304 1339225670
      ✓ should mint for amount=1
[FEE] 195213427420615 113966 1321583584
      ✓ should mint for amount=1
[FEE] 190586318043723 112712 1304613350
      ✓ should mint for amount=1
[FEE] 186243138978126 111536 1288325111
      ✓ should mint for amount=1
[FEE] 182166392088507 110432 1272722066
      ✓ should mint for amount=1
[FEE] 178345146210859 109398 1257801668
      ✓ should mint for amount=1
[FEE] 174763516468593 108429 1243556657
      ✓ should mint for amount=1
[FEE] 171405841027741 107520 1229975940
      ✓ should mint for amount=1
[FEE] 168261490355057 106669 1217045352
      ✓ should mint for amount=1
[FEE] 165315313094366 105871 1204748303
      ✓ should mint for amount=1
[FEE] 162555654462794 105123 1193066329
      ✓ should mint for amount=1
[FEE] 159969637870754 104421 1181979565
      ✓ should mint for amount=1
[FEE] 157546293255148 103762 1171467137
      ✓ should mint for amount=1
[FEE] 155278005548582 103145 1161507500
      ✓ should mint for amount=1
[FEE] 153152933268264 102566 1152078720
      ✓ should mint for amount=1
[FEE] 151164085266545 102024 1143158706
      ✓ should mint for amount=1
[FEE] 149301792288138 101516 1134725406
      ✓ should mint for amount=1
[FEE] 147558195495893 101040 1126756968
      ✓ should mint for amount=1
[FEE] 145925735384474 100594 1119231868
      ✓ should mint for amount=1
[FEE] 144394261238781 100174 1112129016
      ✓ should mint for amount=1
[FEE] 142962570180005 99782 1105427838
      ✓ should mint for amount=1
[FEE] 141621046328358 99414 1099108344
      ✓ should mint for amount=1
[FEE] 140364650914674 99069 1093151173
      ✓ should mint for amount=1
[FEE] 139187153437908 98745 1087537631
      ✓ should mint for amount=1
[FEE] 138083962761800 98441 1082249714
      ✓ should mint for amount=1
[FEE] 137052081826580 98157 1077270122
      ✓ should mint for amount=1
[FEE] 136085898005395 97891 1072582268
      ✓ should mint for amount=1
[FEE] 135180003468644 97641 1068170277
      ✓ should mint for amount=1
[FEE] 134331940493190 97407 1064018980
      ✓ should mint for amount=1
[FEE] 133536642714356 97187 1060113906
      ✓ should mint for amount=1
[FEE] 132791953937505 96981 1056441268
      ✓ should mint for amount=1
[FEE] 132093112609736 96787 1052987946
      ✓ should mint for amount=1
[FEE] 131438230667703 96605 1049741469
      ✓ should mint for amount=1
[FEE] 130825530499359 96435 1046689998
      ✓ should mint for amount=1
[FEE] 130251986335641 96276 1043822301
      ✓ should mint for amount=1
[FEE] 129714686089985 96127 1041127732
      ✓ should mint for amount=1
[FEE] 129212170380356 95988 1038596209
      ✓ should mint for amount=1
[FEE] 128740381154108 95857 1036218191
      ✓ should mint for amount=1
[FEE] 128296706512898 95733 1033984655
      ✓ should mint for amount=1
[FEE] 127881296450463 95617 1031887072
      ✓ should mint for amount=1
[FEE] 127493027148813 95509 1029917386
      ✓ should mint for amount=1
[FEE] 127128178106122 95407 1028067991
      ✓ should mint for amount=1
[FEE] 126787101980790 95312 1026331709
      ✓ should mint for amount=1
[FEE] 126466217937545 95222 1024701770
      ✓ should mint for amount=1
[FEE] 126167322275536 95139 1023171791
      ✓ should mint for amount=1
[FEE] 125886951300083 95061 1021735756
      ✓ should mint for amount=1
[FEE] 125623028136727 94987 1020387996
      ✓ should mint for amount=1
[FEE] 125376170620024 94918 1019123173
      ✓ should mint for amount=1
[FEE] 125145714008841 94854 1017936261
      ✓ should mint for amount=1
[FEE] 124929716538884 94794 1016822528
      ✓ should mint for amount=1
[FEE] 124726280600153 94737 1015777522
      ✓ should mint for amount=1
[FEE] 124537495265074 94685 1014797054
      ✓ should mint for amount=1
[FEE] 124360216959836 94636 1013877184
      ✓ should mint for amount=1
[FEE] 124193969181396 94590 1013014207
      ✓ should mint for amount=1
[FEE] 124038304870897 94547 1012204640
      ✓ should mint for amount=1
[FEE] 123891493681806 94506 1011445209
      ✓ should mint for amount=1
[FEE] 123754454862826 94468 1010732836
      ✓ should mint for amount=1
[FEE] 123625510036369 94432 1010064629
      ✓ should mint for amount=1
[FEE] 123503007063725 94397 1009437871
      ✓ should mint for amount=1
[FEE] 123390548346972 94366 1008850009
      ✓ should mint for amount=1
[FEE] 123285213246652 94337 1008298646
      ✓ should mint for amount=1
[FEE] 123186718084926 94310 1007781530
      ✓ should mint for amount=1
[FEE] 123093491224581 94284 1007296546
      ✓ should mint for amount=1
[FEE] 123003979931675 94258 1006841708
      ✓ should mint for amount=1
[FEE] 122921866877269 94235 1006415153
      ✓ should mint for amount=1
[FEE] 122845626837498 94214 1006015130
      ✓ should mint for amount=1
[FEE] 122773750655361 94194 1005639997
      ✓ should mint for amount=1
[FEE] 122706046597170 94175 1005288211
      ✓ should mint for amount=1
[FEE] 122642335104403 94157 1004958326
      ✓ should mint for amount=1
[FEE] 122583749550099 94141 1004648982
      ✓ should mint for amount=1
[FEE] 122528829193506 94126 1004358906
      ✓ should mint for amount=1
[FEE] 122476124373433 94111 1004086901
      ✓ should mint for amount=1
[FEE] 122426798147018 94097 1003831844
      ✓ should mint for amount=1
[FEE] 122379419556122 94083 1003592683
      ✓ should mint for amount=1
[FEE] 122336468214367 94071 1003368430
      ✓ should mint for amount=1
[FEE] 122296528350148 94060 1003158157
      ✓ should mint for amount=1
[FEE] 122259492739969 94050 1002960996
      ✓ should mint for amount=1
[FEE] 122223960823948 94040 1002776130
      ✓ should mint for amount=1
[FEE] 122191138490506 94031 1002602795
      ✓ should mint for amount=1
[FEE] 122159637775709 94022 1002440272
      ✓ should mint for amount=1
[FEE] 122130675364769 94014 1002287888
      ✓ should mint for amount=1
[FEE] 122104173466960 94007 1002145012
      ✓ should mint for amount=1
[FEE] 122078760431384 94000 1002011052
      ✓ should mint for amount=1
[FEE] 122055666828272 93994 1001885452
      ✓ should mint for amount=1
[FEE] 122033530111464 93988 1001767691
      ✓ should mint for amount=1
[FEE] 122012290532783 93982 1001657280
      ✓ should mint for amount=1
[FEE] 121993190252666 93977 1001553761
      ✓ should mint for amount=1
[FEE] 121974878491218 93972 1001456705
      ✓ should mint for amount=1
[FEE] 121957305919235 93967 1001365708
      ✓ should mint for amount=1
[FEE] 121941724269371 93963 1001280393
      ✓ should mint for amount=1
[FEE] 121926792229414 93959 1001200405
      ✓ should mint for amount=1
[FEE] 121912469287070 93955 1001125412
      ✓ should mint for amount=1
[FEE] 121898717372338 93951 1001055102
      ✓ should mint for amount=1
[FEE] 121885500856985 93947 1000989183
      ✓ should mint for amount=1
[FEE] 121874083616181 93944 1000927381
      ✓ should mint for amount=1
[FEE] 121863136839075 93941 1000869439
      ✓ should mint for amount=1
[FEE] 121852631138073 93938 1000815116
      ✓ should mint for amount=1
[FEE] 121842538955573 93935 1000764186
      ✓ should mint for amount=1
[FEE] 121831537409664 93931 1000716437
      ✓ should mint for amount=1
[FEE] 121823493455165 93929 1000671671
      ✓ should mint for amount=1
[FEE] 121815790237100 93927 1000629702
      ✓ should mint for amount=1
[FEE] 121808406308088 93925 1000590354
      ✓ should mint for amount=1
[FEE] 121800025105813 93922 1000553465
      ✓ should mint for amount=1
[FEE] 121793221429685 93920 1000518880
      ✓ should mint for amount=1
[FEE] 121787977720097 93919 1000486456
      ✓ should mint for amount=1
[FEE] 121782980714405 93918 1000456058
      ✓ should mint for amount=1
[FEE] 121778214945507 93917 1000427559
      ✓ should mint for amount=1
[FEE] 121773666042485 93916 1000400841
      ✓ should mint for amount=1
[FEE] 121769320365372 93915 1000375792
      ✓ should mint for amount=1
[FEE] 121765165248562 93914 1000352308
      ✓ should mint for amount=1
[FEE] 121761188757314 93913 1000330291
      ✓ should mint for amount=1
[FEE] 121757379809430 93912 1000309650
      ✓ should mint for amount=1
[FEE] 121753727931779 93911 1000290299
      ✓ should mint for amount=1
[FEE] 121748926803831 93909 1000272157
      ✓ should mint for amount=1
[FEE] 121745560227103 93908 1000255149
      ✓ should mint for amount=1
[FEE] 121742322953890 93907 1000239203
      ✓ should mint for amount=1
[FEE] 121739207068790 93906 1000224254
      ✓ should mint for amount=1
[FEE] 121734908523980 93904 1000210239
      ✓ should mint for amount=1
[FEE] 121733309385218 93904 1000197100
      ✓ should mint for amount=1
[FEE] 121730513826627 93903 1000184782
      ✓ should mint for amount=1
[FEE] 121727812014146 93902 1000173234
      ✓ should mint for amount=1
[FEE] 121726494295399 93902 1000162407
      ✓ should mint for amount=1
[FEE] 121722666370055 93900 1000152257
      ✓ should mint for amount=1
[FEE] 121721508233496 93900 1000142741
      ✓ should mint for amount=1
[FEE] 121720422510898 93900 1000133820
      ✓ should mint for amount=1
[FEE] 121719404577504 93900 1000125456
      ✓ should mint for amount=1
[FEE] 121717154039247 93899 1000117615
      ✓ should mint for amount=1
[FEE] 121716259401670 93899 1000110264
      ✓ should mint for amount=1
[FEE] 121715420747400 93899 1000103373
      ✓ should mint for amount=1
[FEE] 121714634425351 93899 1000096912
      ✓ should mint for amount=1
[FEE] 121713897271249 93899 1000090855
      ✓ should mint for amount=1
[FEE] 121713206242524 93899 1000085177
      ✓ should mint for amount=1
[FEE] 121709965882238 93897 1000079853
      ✓ should mint for amount=1
[FEE] 121709358476301 93897 1000074862
      ✓ should mint for amount=1
[FEE] 121708789040842 93897 1000070183
      ✓ should mint for amount=1
[FEE] 121708255263555 93897 1000065797
      ✓ should mint for amount=1
[FEE] 121707754832136 93897 1000061685
      ✓ should mint for amount=1
[FEE] 121707285677681 93897 1000057830
      ✓ should mint for amount=1
[FEE] 121706845852986 93897 1000054216
      ✓ should mint for amount=1
[FEE] 121705137362983 93896 1000050828
      ✓ should mint for amount=1
[FEE] 121704750725413 93896 1000047651
      ✓ should mint for amount=1
[FEE] 121704388305935 93896 1000044673
      ✓ should mint for amount=1
[FEE] 121702752364495 93895 1000041881
      ✓ should mint for amount=1
[FEE] 121702433760033 93895 1000039263
      ✓ should mint for amount=1
[FEE] 121702135113986 93895 1000036809
      ✓ should mint for amount=1
[FEE] 121700558939269 93894 1000034508
      ✓ should mint for amount=1
[FEE] 121700296440222 93894 1000032351
      ✓ should mint for amount=1
[FEE] 121700050370183 93894 1000030329
      ✓ should mint for amount=1
[FEE] 121699819633886 93894 1000028433
      ✓ should mint for amount=1
[FEE] 121699603379455 93894 1000026656
      ✓ should mint for amount=1
[FEE] 121699400633320 93894 1000024990
      ✓ should mint for amount=1
[FEE] 121699210543607 93894 1000023428
      ✓ should mint for amount=1
[FEE] 121699032380136 93894 1000021964
      ✓ should mint for amount=1
[FEE] 121698865291035 93894 1000020591
      ✓ should mint for amount=1
[FEE] 121698708667820 93894 1000019304
      ✓ should mint for amount=1
[FEE] 121698561902011 93894 1000018098
      ✓ should mint for amount=1
[FEE] 121698424263428 93894 1000016967
      ✓ should mint for amount=1
[FEE] 121698295265287 93894 1000015907
      ✓ should mint for amount=1
[FEE] 121698174299106 93894 1000014913
      ✓ should mint for amount=1
[FEE] 121698060878099 93894 1000013981
      ✓ should mint for amount=1
[FEE] 121697954515481 93894 1000013107
      ✓ should mint for amount=1
[FEE] 121697854846162 93894 1000012288
      ✓ should mint for amount=1
[FEE] 121697761383358 93894 1000011520
      ✓ should mint for amount=1
[FEE] 121697673761980 93894 1000010800
      ✓ should mint for amount=1
[FEE] 121697591616937 93894 1000010125
      ✓ should mint for amount=1
[FEE] 121697514583141 93894 1000009492
      ✓ should mint for amount=1
[FEE] 121696146301981 93893 1000008899
      ✓ should mint for amount=1
[FEE] 121696078639526 93893 1000008343
      ✓ should mint for amount=1
[FEE] 121696015236398 93893 1000007822
      ✓ should mint for amount=1
[FEE] 121695955727512 93893 1000007333
      ✓ should mint for amount=1
[FEE] 121695899991173 93893 1000006875
      ✓ should mint for amount=1
[FEE] 121695847662295 93893 1000006445
      ✓ should mint for amount=1
[FEE] 121695798619185 93893 1000006042
      ✓ should mint for amount=1
[FEE] 121695752618451 93893 1000005664
      ✓ should mint for amount=1
[FEE] 121694413427831 93892 1000005310
      ✓ should mint for amount=1
[FEE] 121694373025500 93892 1000004978
      ✓ should mint for amount=1
[FEE] 121694335178738 93892 1000004667
      ✓ should mint for amount=1
[FEE] 121694299644158 93892 1000004375
      ✓ should mint for amount=1
[FEE] 121692970312758 93891 1000004102
      ✓ should mint for amount=1
[FEE] 121691643050815 93890 1000003846
      ✓ should mint for amount=1
[FEE] 121691613844933 93890 1000003606
      ✓ should mint for amount=1
[FEE] 121691586464419 93890 1000003381
      ✓ should mint for amount=1
[FEE] 121690264679786 93889 1000003170
      ✓ should mint for amount=1
[FEE] 121691536692728 93890 1000002972
      ✓ should mint for amount=1
[FEE] 121690217950873 93889 1000002786
      ✓ should mint for amount=1
[FEE] 121691492883905 93890 1000002612
      ✓ should mint for amount=1
[FEE] 121691473048243 93890 1000002449
      ✓ should mint for amount=1
[FEE] 121691454429494 93890 1000002296
      ✓ should mint for amount=1
[FEE] 121691437027656 93890 1000002153
      ✓ should mint for amount=1
[FEE] 121691420599347 93890 1000002018
      ✓ should mint for amount=1
[FEE] 121690109160121 93889 1000001892
      ✓ should mint for amount=1
[FEE] 121691390906700 93890 1000001774
      ✓ should mint for amount=1
[FEE] 121691377398980 93890 1000001663
      ✓ should mint for amount=1
[FEE] 121690068637392 93889 1000001559
      ✓ should mint for amount=1
[FEE] 121690056833473 93889 1000001462
      ✓ should mint for amount=1
[FEE] 121690045759694 93889 1000001371
      ✓ should mint for amount=1
[FEE] 121691331399716 93890 1000001285
      ✓ should mint for amount=1
[FEE] 121691321664422 93890 1000001205
      ✓ should mint for amount=1
[FEE] 121691312537584 93890 1000001130
      ✓ should mint for amount=1
[FEE] 121690007792452 93889 1000001059
      ✓ should mint for amount=1
[FEE] 121691295865893 93890 1000000993
      ✓ should mint for amount=1
[FEE] 121691288321040 93890 1000000931
      ✓ should mint for amount=1
[FEE] 121691281262952 93890 1000000873
      ✓ should mint for amount=1
[FEE] 121691274569937 93890 1000000818
      ✓ should mint for amount=1
[FEE] 121691268363687 93890 1000000767
      ✓ should mint for amount=1
[FEE] 121689966417893 93889 1000000719
      ✓ should mint for amount=1
[FEE] 121691257046408 93890 1000000674
      ✓ should mint for amount=1
[FEE] 121689955830874 93889 1000000632
      ✓ should mint for amount=1
[FEE] 121691247189423 93890 1000000593
      ✓ should mint for amount=1
[FEE] 121691242686849 93890 1000000556
      ✓ should mint for amount=1
[FEE] 121689942323297 93889 1000000521
      ✓ should mint for amount=1
[FEE] 121691234411849 93890 1000000488
      ✓ should mint for amount=1
[FEE] 121691230761114 93890 1000000458
      ✓ should mint for amount=1
[FEE] 121691227232070 93890 1000000429
      ✓ should mint for amount=1
[FEE] 121691223946408 93890 1000000402
      ✓ should mint for amount=1
[FEE] 121691220904129 93890 1000000377
      ✓ should mint for amount=1
[FEE] 121691217983541 93890 1000000353
      ✓ should mint for amount=1
[FEE] 121689919202220 93889 1000000331
      ✓ should mint for amount=1
[FEE] 121691212750820 93890 1000000310
      ✓ should mint for amount=1
[FEE] 121691210438688 93890 1000000291
      ✓ should mint for amount=1
[FEE] 121691208248247 93890 1000000273
      ✓ should mint for amount=1
[FEE] 121691206179497 93890 1000000256
      ✓ should mint for amount=1
[FEE] 121691204232438 93890 1000000240
      ✓ should mint for amount=1
[FEE] 121691202407070 93890 1000000225
      ✓ should mint for amount=1
[FEE] 121691200703394 93890 1000000211
      ✓ should mint for amount=1
[FEE] 121691199121408 93890 1000000198
      ✓ should mint for amount=1
[FEE] 121689901557188 93889 1000000186
      ✓ should mint for amount=1
[FEE] 121688603992998 93888 1000000174
      ✓ should mint for amount=1
[FEE] 121689898758321 93889 1000000163
      ✓ should mint for amount=1
[FEE] 121691193645306 93890 1000000153
      ✓ should mint for amount=1
[FEE] 121691192428394 93890 1000000143
      ✓ should mint for amount=1
[FEE] 121691191333173 93890 1000000134
      ✓ should mint for amount=1
[FEE] 121691190359644 93890 1000000126
      ✓ should mint for amount=1
[FEE] 121689893282276 93889 1000000118
      ✓ should mint for amount=1
[FEE] 121689892430447 93889 1000000111
      ✓ should mint for amount=1
[FEE] 121688595474797 93888 1000000104
      ✓ should mint for amount=1
[FEE] 121687298640854 93887 1000000098
      ✓ should mint for amount=1
[FEE] 121687297910730 93887 1000000092
      ✓ should mint for amount=1
[FEE] 121687297180606 93887 1000000086
      ✓ should mint for amount=1
[FEE] 121687296572170 93887 1000000081
      ✓ should mint for amount=1
[FEE] 121688592067517 93888 1000000076
      ✓ should mint for amount=1
[FEE] 121687295355297 93887 1000000071
      ✓ should mint for amount=1
[FEE] 121688590972320 93888 1000000067
      ✓ should mint for amount=1
[FEE] 121689886589333 93889 1000000063
      ✓ should mint for amount=1
[FEE] 121689886102573 93889 1000000059
      ✓ should mint for amount=1
[FEE] 121691181719570 93890 1000000055
      ✓ should mint for amount=1
[FEE] 121691181354497 93890 1000000052
      ✓ should mint for amount=1
[FEE] 121691180989423 93890 1000000049
      ✓ should mint for amount=1
[FEE] 121691180624350 93890 1000000046
      ✓ should mint for amount=1
[FEE] 121691180259276 93890 1000000043
      ✓ should mint for amount=1
[FEE] 121691179894203 93890 1000000040
      ✓ should mint for amount=1
[FEE] 121691179650820 93890 1000000038
      ✓ should mint for amount=1
[FEE] 121691179407438 93890 1000000036
      ✓ should mint for amount=1
[FEE] 121689883060326 93889 1000000034
      ✓ should mint for amount=1
[FEE] 121689882816946 93889 1000000032
      ✓ should mint for amount=1
[FEE] 121691178677291 93890 1000000030
      ✓ should mint for amount=1
[FEE] 121691178433909 93890 1000000028
      ✓ should mint for amount=1
[FEE] 121691178190526 93890 1000000026
      ✓ should mint for amount=1
[FEE] 121691177947144 93890 1000000024
      ✓ should mint for amount=1
[FEE] 121691177825453 93890 1000000023
      ✓ should mint for amount=1
[FEE] 121691177703762 93890 1000000022
      ✓ should mint for amount=1
[FEE] 121691177582070 93890 1000000021
      ✓ should mint for amount=1
[FEE] 121691177460379 93890 1000000020
      ✓ should mint for amount=1
[FEE] 121689881234978 93889 1000000019
      ✓ should mint for amount=1
[FEE] 121691177216997 93890 1000000018
      ✓ should mint for amount=1
[FEE] 121689880991598 93889 1000000017
      ✓ should mint for amount=1
[FEE] 121691176973615 93890 1000000016
      ✓ should mint for amount=1
[FEE] 121691176851923 93890 1000000015
      ✓ should mint for amount=1
[FEE] 121691176730232 93890 1000000014
      ✓ should mint for amount=1
[FEE] 121691176608541 93890 1000000013
      ✓ should mint for amount=1
[FEE] 121691176486850 93890 1000000012
      ✓ should mint for amount=1
[FEE] 121691176365159 93890 1000000011
      ✓ should mint for amount=1
[FEE] 121691176243468 93890 1000000010
      ✓ should mint for amount=1
[FEE] 121691176121776 93890 1000000009
      ✓ should mint for amount=1
[FEE] 121689879896389 93889 1000000008
      ✓ should mint for amount=1
[FEE] 121689879896389 93889 1000000008
      ✓ should mint for amount=1
[FEE] 121689879896389 93889 1000000008
      ✓ should mint for amount=1
[FEE] 121689879896389 93889 1000000008
      ✓ should mint for amount=1
[FEE] 121691176000085 93890 1000000008
      ✓ should mint for amount=1

·----------------------------------------|---------------------------|-------------|----------------------------·
|          [90mSolc version: 0.8.17[39m          ·  [90mOptimizer enabled: true[39m  ·  [90mRuns: 200[39m  ·  [90mBlock limit: 8000000 gas[39m  │
·········································|···························|·············|·····························
|  [32m[1mMethods[22m[39m                                                                                                      │
···················|·····················|·············|·············|·············|··············|··············
|  [1mContract[22m        ·  [1mMethod[22m             ·  [32mMin[39m        ·  [32mMax[39m        ·  [32mAvg[39m        ·  [1m# calls[22m     ·  [1musd (avg)[22m  │
···················|·····················|·············|·············|·············|··············|··············
|  [90mXPowerThorTest[39m  ·  init               ·          -  ·          -  ·      67353  ·           [90m1[39m  ·          [32m[90m-[32m[39m  │
···················|·····················|·············|·············|·············|··············|··············
|  [90mXPowerThorTest[39m  ·  mint               ·     [36m121709[39m  ·     [31m229547[39m  ·     126569  ·         [90m297[39m  ·          [32m[90m-[32m[39m  │
···················|·····················|·············|·············|·············|··············|··············
|  [90mXPowerThorTest[39m  ·  transferOwnership  ·          -  ·          -  ·      28656  ·           [90m1[39m  ·          [32m[90m-[32m[39m  │
···················|·····················|·············|·············|·············|··············|··············
|  [32m[1mDeployments[22m[39m                           ·                                         ·  [1m% of limit[22m  ·             │
·········································|·············|·············|·············|··············|··············
|  XPowerThorTest                        ·          -  ·          -  ·    3331941  ·      [90m41.6 %[39m  ·          [32m[90m-[32m[39m  │
·----------------------------------------|-------------|-------------|-------------|--------------|-------------·

  297 passing (20s)

