
> xpower@6.0.0 test-gas
> REPORT_GAS=true npm test ./test/contracts/XPower.fees.1-thor.test.js


> xpower@6.0.0 test
> hardhat test ./test/contracts/XPower.fees.1-thor.test.js


  XPowerThor
    mint
[FEE] 348784296808045 162287 1658186771
      ✓ should mint for amount=1
[FEE] 338601731538621 158011 1653339751
      ✓ should mint for amount=1
[FEE] 328231473798050 154004 1644403817
      ✓ should mint for amount=1
[FEE] 317840984001825 150247 1632166057
      ✓ should mint for amount=1
[FEE] 307561164069625 146724 1617300021
      ✓ should mint for amount=1
[FEE] 297494402833417 143422 1600380604
      ✓ should mint for amount=1
[FEE] 287712822280722 140327 1581897104
      ✓ should mint for amount=1
[FEE] 278265949579121 137425 1562264540
      ✓ should mint for amount=1
[FEE] 269189268469265 134704 1541833596
      ✓ should mint for amount=1
[FEE] 260507670030034 132154 1520899287
      ✓ should mint for amount=1
[FEE] 252230432540259 129763 1499708530
      ✓ should mint for amount=1
[FEE] 244361629139545 127521 1478466732
      ✓ should mint for amount=1
[FEE] 236899977963685 125419 1457343543
      ✓ should mint for amount=1
[FEE] 229840342441740 123449 1436477865
      ✓ should mint for amount=1
[FEE] 223171257761084 121602 1415982212
      ✓ should mint for amount=1
[FEE] 216877951537197 119869 1395946502
      ✓ should mint for amount=1
[FEE] 210952129698505 118246 1376441348
      ✓ should mint for amount=1
[FEE] 205372704171580 116723 1357520932
      ✓ should mint for amount=1
[FEE] 200126186983312 115295 1339225474
      ✓ should mint for amount=1
[FEE] 195199695639417 113958 1321583391
      ✓ should mint for amount=1
[FEE] 190571072208051 112703 1304613161
      ✓ should mint for amount=1
[FEE] 186228083865403 111527 1288324925
      ✓ should mint for amount=1
[FEE] 182154818981936 110425 1272721884
      ✓ should mint for amount=1
[FEE] 178335339808721 109392 1257801492
      ✓ should mint for amount=1
[FEE] 174755433546347 108424 1243556486
      ✓ should mint for amount=1
[FEE] 171399441329284 107516 1229975775
      ✓ should mint for amount=1
[FEE] 168255158705618 106665 1217045193
      ✓ should mint for amount=1
[FEE] 165307484707151 105866 1204748150
      ✓ should mint for amount=1
[FEE] 162547902746622 105118 1193066182
      ✓ should mint for amount=1
[FEE] 159963490780866 104417 1181979423
      ✓ should mint for amount=1
[FEE] 157543238279615 103760 1171467001
      ✓ should mint for amount=1
[FEE] 155276482735339 103144 1161507370
      ✓ should mint for amount=1
[FEE] 153152916784179 102566 1152078596
      ✓ should mint for amount=1
[FEE] 151164069662970 102024 1143158588
      ✓ should mint for amount=1
[FEE] 149300306961648 101515 1134725295
      ✓ should mint for amount=1
[FEE] 147556721351547 101039 1126756863
      ✓ should mint for amount=1
[FEE] 145924271706030 100593 1119231768
      ✓ should mint for amount=1
[FEE] 144394248904372 100174 1112128921
      ✓ should mint for amount=1
[FEE] 142961125920849 99781 1105427749
      ✓ should mint for amount=1
[FEE] 141619610946620 99413 1099108260
      ✓ should mint for amount=1
[FEE] 140363223933620 99068 1093151094
      ✓ should mint for amount=1
[FEE] 139187143967110 98745 1087537557
      ✓ should mint for amount=1
[FEE] 138085356538270 98442 1082249644
      ✓ should mint for amount=1
[FEE] 137053469683641 98158 1077270056
      ✓ should mint for amount=1
[FEE] 136085890139028 97891 1072582206
      ✓ should mint for amount=1
[FEE] 135178611669221 97640 1068170219
      ✓ should mint for amount=1
[FEE] 134330554596862 97406 1064018926
      ✓ should mint for amount=1
[FEE] 133536636290171 97187 1060113855
      ✓ should mint for amount=1
[FEE] 132790578646669 96980 1056441220
      ✓ should mint for amount=1
[FEE] 132093106839221 96787 1052987900
      ✓ should mint for amount=1
[FEE] 131439585857400 96606 1049741426
      ✓ should mint for amount=1
[FEE] 130826882118481 96436 1046689958
      ✓ should mint for amount=1
[FEE] 130253334495743 96277 1043822263
      ✓ should mint for amount=1
[FEE] 129716031014168 96128 1041127696
      ✓ should mint for amount=1
[FEE] 129213512278733 95989 1038596175
      ✓ should mint for amount=1
[FEE] 128741720224583 95858 1036218159
      ✓ should mint for amount=1
[FEE] 128299383093068 95735 1033984625
      ✓ should mint for amount=1
[FEE] 127885305278238 95620 1031887044
      ✓ should mint for amount=1
[FEE] 127497028569342 95512 1029917360
      ✓ should mint for amount=1
[FEE] 127133505069069 95411 1028067967
      ✓ should mint for amount=1
[FEE] 126792420192165 95316 1026331687
      ✓ should mint for amount=1
[FEE] 126472856067766 95227 1024701750
      ✓ should mint for amount=1
[FEE] 126173950616169 95144 1023171772
      ✓ should mint for amount=1
[FEE] 125893570459600 95066 1021735738
      ✓ should mint for amount=1
[FEE] 125630961338648 94993 1020387980
      ✓ should mint for amount=1
[FEE] 125385414999637 94925 1019123158
      ✓ should mint for amount=1
[FEE] 125154947744121 94861 1017936247
      ✓ should mint for amount=1
[FEE] 124936304478713 94799 1016822515
      ✓ should mint for amount=1
[FEE] 124734178444531 94743 1015777510
      ✓ should mint for amount=1
[FEE] 124542755043887 94689 1014797043
      ✓ should mint for amount=1
[FEE] 124365472093022 94640 1013877174
      ✓ should mint for amount=1
[FEE] 124196594020881 94592 1013014198
      ✓ should mint for amount=1
[FEE] 124040927734863 94549 1012204632
      ✓ should mint for amount=1
[FEE] 123894114577594 94508 1011445201
      ✓ should mint for amount=1
[FEE] 123757073912390 94470 1010732828
      ✓ should mint for amount=1
[FEE] 123628127354175 94434 1010064621
      ✓ should mint for amount=1
[FEE] 123506931093342 94400 1009437863
      ✓ should mint for amount=1
[FEE] 123394470091120 94369 1008850001
      ✓ should mint for amount=1
[FEE] 123289132847230 94340 1008298638
      ✓ should mint for amount=1
[FEE] 123189329485732 94312 1007781522
      ✓ should mint for amount=1
[FEE] 123096101368476 94286 1007296538
      ✓ should mint for amount=1
[FEE] 123009198961456 94262 1006841701
      ✓ should mint for amount=1
[FEE] 122927083695820 94239 1006415146
      ✓ should mint for amount=1
[FEE] 122850841704471 94218 1006015124
      ✓ should mint for amount=1
[FEE] 122777660163945 94197 1005639991
      ✓ should mint for amount=1
[FEE] 122709954860113 94178 1005288206
      ✓ should mint for amount=1
[FEE] 122646242084768 94160 1004958321
      ✓ should mint for amount=1
[FEE] 122587655449762 94144 1004648978
      ✓ should mint for amount=1
[FEE] 122532733965341 94129 1004358902
      ✓ should mint for amount=1
[FEE] 122480028087705 94114 1004086897
      ✓ should mint for amount=1
[FEE] 122430700991585 94100 1003831841
      ✓ should mint for amount=1
[FEE] 122384622230983 94087 1003592680
      ✓ should mint for amount=1
[FEE] 122341669726655 94075 1003368427
      ✓ should mint for amount=1
[FEE] 122301728894252 94064 1003158155
      ✓ should mint for amount=1
[FEE] 122263392320494 94053 1002960994
      ✓ should mint for amount=1
[FEE] 122226559983847 94042 1002776128
      ✓ should mint for amount=1
[FEE] 122193737201108 94033 1002602793
      ✓ should mint for amount=1
[FEE] 122162236065042 94024 1002440270
      ✓ should mint for amount=1
[FEE] 122133273259111 94016 1002287886
      ✓ should mint for amount=1
[FEE] 122105472107115 94008 1002145010
      ✓ should mint for amount=1
[FEE] 122078760187717 94000 1002011050
      ✓ should mint for amount=1
[FEE] 122054368037196 93993 1001885450
      ✓ should mint for amount=1
[FEE] 122032231473034 93987 1001767689
      ✓ should mint for amount=1
[FEE] 122010992037472 93981 1001657278
      ✓ should mint for amount=1
[FEE] 121989295656504 93974 1001553759
      ✓ should mint for amount=1
[FEE] 121970984272453 93969 1001456703
      ✓ should mint for amount=1
[FEE] 121952114180524 93963 1001365706
      ✓ should mint for amount=1
[FEE] 121936532972980 93959 1001280391
      ✓ should mint for amount=1
[FEE] 121921601347724 93955 1001200403
      ✓ should mint for amount=1
[FEE] 121905981231852 93950 1001125410
      ✓ should mint for amount=1
[FEE] 121893527243980 93947 1001055100
      ✓ should mint for amount=1
[FEE] 121881608456155 93944 1000989181
      ✓ should mint for amount=1
[FEE] 121870191455665 93941 1000927379
      ✓ should mint for amount=1
[FEE] 121859244903863 93938 1000869437
      ✓ should mint for amount=1
[FEE] 121848739414093 93935 1000815114
      ✓ should mint for amount=1
[FEE] 121839944523779 93933 1000764184
      ✓ should mint for amount=1
[FEE] 121830240133916 93930 1000716435
      ✓ should mint for amount=1
[FEE] 121822196237443 93928 1000671669
      ✓ should mint for amount=1
[FEE] 121813196153938 93925 1000629700
      ✓ should mint for amount=1
[FEE] 121805812326929 93923 1000590352
      ✓ should mint for amount=1
[FEE] 121798728041317 93921 1000553463
      ✓ should mint for amount=1
[FEE] 121790627633815 93918 1000518878
      ✓ should mint for amount=1
[FEE] 121785384008279 93917 1000486454
      ✓ should mint for amount=1
[FEE] 121780387081388 93916 1000456056
      ✓ should mint for amount=1
[FEE] 121775621386368 93915 1000427557
      ✓ should mint for amount=1
[FEE] 121771072552607 93914 1000400839
      ✓ should mint for amount=1
[FEE] 121766726940429 93913 1000375790
      ✓ should mint for amount=1
[FEE] 121762571884497 93912 1000352306
      ✓ should mint for amount=1
[FEE] 121758595572041 93911 1000330290
      ✓ should mint for amount=1
[FEE] 121754786677665 93910 1000309649
      ✓ should mint for amount=1
[FEE] 121749838370235 93908 1000290298
      ✓ should mint for amount=1
[FEE] 121746333769260 93907 1000272156
      ✓ should mint for amount=1
[FEE] 121742967236621 93906 1000255148
      ✓ should mint for amount=1
[FEE] 121739730126456 93905 1000239203
      ✓ should mint for amount=1
[FEE] 121737910674448 93905 1000224254
      ✓ should mint for amount=1
[FEE] 121736204900157 93905 1000210239
      ✓ should mint for amount=1
[FEE] 121734605744366 93905 1000197100
      ✓ should mint for amount=1
[FEE] 121733106512991 93905 1000184782
      ✓ should mint for amount=1
[FEE] 121729108342361 93903 1000173234
      ✓ should mint for amount=1
[FEE] 121727790609581 93903 1000162407
      ✓ should mint for amount=1
[FEE] 121725258972107 93902 1000152257
      ✓ should mint for amount=1
[FEE] 121724100810881 93902 1000142741
      ✓ should mint for amount=1
[FEE] 121720422510898 93900 1000133820
      ✓ should mint for amount=1
[FEE] 121719404577504 93900 1000125456
      ✓ should mint for amount=1
[FEE] 121718450295373 93900 1000117615
      ✓ should mint for amount=1
[FEE] 121717555648269 93900 1000110264
      ✓ should mint for amount=1
[FEE] 121716716985067 93900 1000103373
      ✓ should mint for amount=1
[FEE] 121715930654644 93900 1000096912
      ✓ should mint for amount=1
[FEE] 121715193492692 93900 1000090855
      ✓ should mint for amount=1
[FEE] 121714502456608 93900 1000085177
      ✓ should mint for amount=1
[FEE] 121713854503787 93900 1000079853
      ✓ should mint for amount=1
[FEE] 121713247078444 93900 1000074862
      ✓ should mint for amount=1
[FEE] 121712677624792 93900 1000070183
      ✓ should mint for amount=1
[FEE] 121712143830451 93900 1000065797
      ✓ should mint for amount=1
[FEE] 121711643383043 93900 1000061685
      ✓ should mint for amount=1
[FEE] 121709878034960 93899 1000057830
      ✓ should mint for amount=1
[FEE] 121709438200896 93899 1000054216
      ✓ should mint for amount=1
[FEE] 121709025871674 93899 1000050828
      ✓ should mint for amount=1
[FEE] 121708639221752 93899 1000047651
      ✓ should mint for amount=1
[FEE] 121705684467522 93897 1000044673
      ✓ should mint for amount=1
[FEE] 121705344680430 93897 1000041881
      ✓ should mint for amount=1
[FEE] 121705026069181 93897 1000039263
      ✓ should mint for amount=1
[FEE] 121703431265380 93896 1000036809
      ✓ should mint for amount=1
[FEE] 121703151236092 93896 1000034508
      ✓ should mint for amount=1
[FEE] 121702888731453 93896 1000032351
      ✓ should mint for amount=1
[FEE] 121702642656173 93896 1000030329
      ✓ should mint for amount=1
[FEE] 121702411914961 93896 1000028433
      ✓ should mint for amount=1
[FEE] 121702195655924 93896 1000026656
      ✓ should mint for amount=1
[FEE] 121700696769395 93895 1000024990
      ✓ should mint for amount=1
[FEE] 121700506677657 93895 1000023428
      ✓ should mint for amount=1
[FEE] 121700328512289 93895 1000021964
      ✓ should mint for amount=1
[FEE] 121700161421408 93895 1000020591
      ✓ should mint for amount=1
[FEE] 121700004796526 93895 1000019304
      ✓ should mint for amount=1
[FEE] 121698561902011 93894 1000018098
      ✓ should mint for amount=1
[FEE] 121698424263428 93894 1000016967
      ✓ should mint for amount=1
[FEE] 121698295265287 93894 1000015907
      ✓ should mint for amount=1
[FEE] 121698174299106 93894 1000014913
      ✓ should mint for amount=1
[FEE] 121698060878099 93894 1000013981
      ✓ should mint for amount=1
[FEE] 121697954515481 93894 1000013107
      ✓ should mint for amount=1
[FEE] 121697854846162 93894 1000012288
      ✓ should mint for amount=1
[FEE] 121697761383358 93894 1000011520
      ✓ should mint for amount=1
[FEE] 121697673761980 93894 1000010800
      ✓ should mint for amount=1
[FEE] 121697591616937 93894 1000010125
      ✓ should mint for amount=1
[FEE] 121696218467153 93893 1000009492
      ✓ should mint for amount=1
[FEE] 121694850186761 93892 1000008899
      ✓ should mint for amount=1
[FEE] 121694782525027 93892 1000008343
      ✓ should mint for amount=1
[FEE] 121694719122574 93892 1000007822
      ✓ should mint for amount=1
[FEE] 121693363501132 93891 1000007333
      ✓ should mint for amount=1
[FEE] 121692011653384 93890 1000006875
      ✓ should mint for amount=1
[FEE] 121691959326179 93890 1000006445
      ✓ should mint for amount=1
[FEE] 121691910284635 93890 1000006042
      ✓ should mint for amount=1
[FEE] 121691864285371 93890 1000005664
      ✓ should mint for amount=1
[FEE] 121691821206695 93890 1000005310
      ✓ should mint for amount=1
[FEE] 121691780805225 93890 1000004978
      ✓ should mint for amount=1
[FEE] 121691742959270 93890 1000004667
      ✓ should mint for amount=1
[FEE] 121691707425446 93890 1000004375
      ✓ should mint for amount=1
[FEE] 121690378094754 93889 1000004102
      ✓ should mint for amount=1
[FEE] 121690346942145 93889 1000003846
      ✓ should mint for amount=1
[FEE] 121689021628215 93888 1000003606
      ✓ should mint for amount=1
[FEE] 121687698140216 93887 1000003381
      ✓ should mint for amount=1
[FEE] 121687672464198 93887 1000003170
      ✓ should mint for amount=1
[FEE] 121688944477653 93888 1000002972
      ✓ should mint for amount=1
[FEE] 121687625736280 93887 1000002786
      ✓ should mint for amount=1
[FEE] 121688900669763 93888 1000002612
      ✓ should mint for amount=1
[FEE] 121688880834524 93888 1000002449
      ✓ should mint for amount=1
[FEE] 121690158322832 93889 1000002296
      ✓ should mint for amount=1
[FEE] 121690140921180 93889 1000002153
      ✓ should mint for amount=1
[FEE] 121691420599347 93890 1000002018
      ✓ should mint for amount=1
[FEE] 121691405266259 93890 1000001892
      ✓ should mint for amount=1
[FEE] 121691390906700 93890 1000001774
      ✓ should mint for amount=1
[FEE] 121691377398980 93890 1000001663
      ✓ should mint for amount=1
[FEE] 121690068637392 93889 1000001559
      ✓ should mint for amount=1
[FEE] 121691352939054 93890 1000001462
      ✓ should mint for amount=1
[FEE] 121691341865157 93890 1000001371
      ✓ should mint for amount=1
[FEE] 121691331399716 93890 1000001285
      ✓ should mint for amount=1
[FEE] 121691321664422 93890 1000001205
      ✓ should mint for amount=1
[FEE] 121691312537584 93890 1000001130
      ✓ should mint for amount=1
[FEE] 121691303897510 93890 1000001059
      ✓ should mint for amount=1
[FEE] 121691295865893 93890 1000000993
      ✓ should mint for amount=1
[FEE] 121691288321040 93890 1000000931
      ✓ should mint for amount=1
[FEE] 121691281262952 93890 1000000873
      ✓ should mint for amount=1
[FEE] 121689978465191 93889 1000000818
      ✓ should mint for amount=1
[FEE] 121689972259007 93889 1000000767
      ✓ should mint for amount=1
[FEE] 121691262522511 93890 1000000719
      ✓ should mint for amount=1
[FEE] 121691257046408 93890 1000000674
      ✓ should mint for amount=1
[FEE] 121691251935378 93890 1000000632
      ✓ should mint for amount=1
[FEE] 121689951084969 93889 1000000593
      ✓ should mint for amount=1
[FEE] 121691242686849 93890 1000000556
      ✓ should mint for amount=1
[FEE] 121691238427658 93890 1000000521
      ✓ should mint for amount=1
[FEE] 121689938307531 93889 1000000488
      ✓ should mint for amount=1
[FEE] 121691230761114 93890 1000000458
      ✓ should mint for amount=1
[FEE] 121691227232070 93890 1000000429
      ✓ should mint for amount=1
[FEE] 121691223946408 93890 1000000402
      ✓ should mint for amount=1
[FEE] 121689924799955 93889 1000000377
      ✓ should mint for amount=1
[FEE] 121691217983541 93890 1000000353
      ✓ should mint for amount=1
[FEE] 121691215306335 93890 1000000331
      ✓ should mint for amount=1
[FEE] 121691212750820 93890 1000000310
      ✓ should mint for amount=1
[FEE] 121691210438688 93890 1000000291
      ✓ should mint for amount=1
[FEE] 121691208248247 93890 1000000273
      ✓ should mint for amount=1
[FEE] 121691206179497 93890 1000000256
      ✓ should mint for amount=1
[FEE] 121691204232438 93890 1000000240
      ✓ should mint for amount=1
[FEE] 121691202407070 93890 1000000225
      ✓ should mint for amount=1
[FEE] 121689904599435 93889 1000000211
      ✓ should mint for amount=1
[FEE] 121688606913524 93888 1000000198
      ✓ should mint for amount=1
[FEE] 121689901557188 93889 1000000186
      ✓ should mint for amount=1
[FEE] 121688603992998 93888 1000000174
      ✓ should mint for amount=1
[FEE] 121687306550527 93887 1000000163
      ✓ should mint for amount=1
[FEE] 121688601437538 93888 1000000153
      ✓ should mint for amount=1
[FEE] 121688600220652 93888 1000000143
      ✓ should mint for amount=1
[FEE] 121687303021596 93887 1000000134
      ✓ should mint for amount=1
[FEE] 121686005944249 93886 1000000126
      ✓ should mint for amount=1
[FEE] 121687301074599 93887 1000000118
      ✓ should mint for amount=1
[FEE] 121687300222788 93887 1000000111
      ✓ should mint for amount=1
[FEE] 121687299370977 93887 1000000104
      ✓ should mint for amount=1
[FEE] 121688594744666 93888 1000000098
      ✓ should mint for amount=1
[FEE] 121687297910730 93887 1000000092
      ✓ should mint for amount=1
[FEE] 121687297180606 93887 1000000086
      ✓ should mint for amount=1
[FEE] 121687296572170 93887 1000000081
      ✓ should mint for amount=1
[FEE] 121688592067517 93888 1000000076
      ✓ should mint for amount=1
[FEE] 121689887562852 93889 1000000071
      ✓ should mint for amount=1
[FEE] 121691183179864 93890 1000000067
      ✓ should mint for amount=1
[FEE] 121691182693100 93890 1000000063
      ✓ should mint for amount=1
[FEE] 121691182206335 93890 1000000059
      ✓ should mint for amount=1
[FEE] 121691181719570 93890 1000000055
      ✓ should mint for amount=1
[FEE] 121691181354497 93890 1000000052
      ✓ should mint for amount=1
[FEE] 121691180989423 93890 1000000049
      ✓ should mint for amount=1
[FEE] 121691180624350 93890 1000000046
      ✓ should mint for amount=1
[FEE] 121691180259276 93890 1000000043
      ✓ should mint for amount=1
[FEE] 121691179894203 93890 1000000040
      ✓ should mint for amount=1
[FEE] 121691179650820 93890 1000000038
      ✓ should mint for amount=1
[FEE] 121691179407438 93890 1000000036
      ✓ should mint for amount=1
[FEE] 121691179164056 93890 1000000034
      ✓ should mint for amount=1
[FEE] 121691178920673 93890 1000000032
      ✓ should mint for amount=1
[FEE] 121691178677291 93890 1000000030
      ✓ should mint for amount=1
[FEE] 121691178433909 93890 1000000028
      ✓ should mint for amount=1
[FEE] 121691178190526 93890 1000000026
      ✓ should mint for amount=1
[FEE] 121691177947144 93890 1000000024
      ✓ should mint for amount=1
[FEE] 121689881721738 93889 1000000023
      ✓ should mint for amount=1
[FEE] 121691177703762 93890 1000000022
      ✓ should mint for amount=1
[FEE] 121689881478358 93889 1000000021
      ✓ should mint for amount=1
[FEE] 121689881356668 93889 1000000020
      ✓ should mint for amount=1
[FEE] 121688585131268 93888 1000000019
      ✓ should mint for amount=1
[FEE] 121687288905871 93887 1000000018
      ✓ should mint for amount=1
[FEE] 121687288784183 93887 1000000017
      ✓ should mint for amount=1
[FEE] 121687288662496 93887 1000000016
      ✓ should mint for amount=1
[FEE] 121688584644514 93888 1000000015
      ✓ should mint for amount=1
[FEE] 121688584522825 93888 1000000014
      ✓ should mint for amount=1
[FEE] 121688584401136 93888 1000000013
      ✓ should mint for amount=1
[FEE] 121689880383149 93889 1000000012
      ✓ should mint for amount=1
[FEE] 121691176365159 93890 1000000011
      ✓ should mint for amount=1
[FEE] 121691176243468 93890 1000000010
      ✓ should mint for amount=1
[FEE] 121691176121776 93890 1000000009
      ✓ should mint for amount=1
[FEE] 121689879896389 93889 1000000008
      ✓ should mint for amount=1
[FEE] 121689879896389 93889 1000000008
      ✓ should mint for amount=1
[FEE] 121688583792694 93888 1000000008
      ✓ should mint for amount=1
[FEE] 121689879896389 93889 1000000008
      ✓ should mint for amount=1
[FEE] 121689879896389 93889 1000000008
      ✓ should mint for amount=1
[FEE] 121691176000085 93890 1000000008
      ✓ should mint for amount=1
[FEE] 121691176000085 93890 1000000008
      ✓ should mint for amount=1
[FEE] 121689879896389 93889 1000000008
      ✓ should mint for amount=1
[FEE] 121691176000085 93890 1000000008
      ✓ should mint for amount=1
[FEE] 121691176000085 93890 1000000008
      ✓ should mint for amount=1
[FEE] 121691176000085 93890 1000000008
      ✓ should mint for amount=1
[FEE] 121691176000085 93890 1000000008
      ✓ should mint for amount=1
[FEE] 121691176000085 93890 1000000008
      ✓ should mint for amount=1
[FEE] 121691176000085 93890 1000000008
      ✓ should mint for amount=1
[FEE] 121691176000085 93890 1000000008
      ✓ should mint for amount=1
[FEE] 121691176000085 93890 1000000008
      ✓ should mint for amount=1

·----------------------------------------|---------------------------|-------------|----------------------------·
|          [90mSolc version: 0.8.17[39m          ·  [90mOptimizer enabled: true[39m  ·  [90mRuns: 200[39m  ·  [90mBlock limit: 8000000 gas[39m  │
·········································|···························|·············|·····························
|  [32m[1mMethods[22m[39m                                                                                                      │
···················|·····················|·············|·············|·············|··············|··············
|  [1mContract[22m        ·  [1mMethod[22m             ·  [32mMin[39m        ·  [32mMax[39m        ·  [32mAvg[39m        ·  [1m# calls[22m     ·  [1musd (avg)[22m  │
···················|·····················|·············|·············|·············|··············|··············
|  [90mXPowerThorTest[39m  ·  init               ·          -  ·          -  ·      67353  ·           [90m1[39m  ·          [32m[90m-[32m[39m  │
···················|·····················|·············|·············|·············|··············|··············
|  [90mXPowerThorTest[39m  ·  mint               ·     [36m121709[39m  ·     [31m229529[39m  ·     126450  ·         [90m308[39m  ·          [32m[90m-[32m[39m  │
···················|·····················|·············|·············|·············|··············|··············
|  [90mXPowerThorTest[39m  ·  transferOwnership  ·          -  ·          -  ·      28656  ·           [90m1[39m  ·          [32m[90m-[32m[39m  │
···················|·····················|·············|·············|·············|··············|··············
|  [32m[1mDeployments[22m[39m                           ·                                         ·  [1m% of limit[22m  ·             │
·········································|·············|·············|·············|··············|··············
|  XPowerThorTest                        ·          -  ·          -  ·    3331941  ·      [90m41.6 %[39m  ·          [32m[90m-[32m[39m  │
·----------------------------------------|-------------|-------------|-------------|--------------|-------------·

  308 passing (22s)

