
> xpower@6.0.0 test-gas
> REPORT_GAS=true npm test ./test/contracts/XPower.fees.1-thor.test.js


> xpower@6.0.0 test
> hardhat test ./test/contracts/XPower.fees.1-thor.test.js


  XPowerThor
    mint
[FEE] 348822982083776 162305 1658186771
      ✓ should mint for amount=1
[FEE] 338638162268024 158028 1653339758
      ✓ should mint for amount=1
[FEE] 328265576081367 154020 1644403823
      ✓ should mint for amount=1
[FEE] 317872715264186 150262 1632166054
      ✓ should mint for amount=1
[FEE] 307592602903422 146739 1617300000
      ✓ should mint for amount=1
[FEE] 297523436884965 143436 1600380574
      ✓ should mint for amount=1
[FEE] 287739467302522 140340 1581897055
      ✓ should mint for amount=1
[FEE] 278290235213641 137437 1562264469
      ✓ should mint for amount=1
[FEE] 269211234020095 134715 1541833501
      ✓ should mint for amount=1
[FEE] 260525390662939 132163 1520899167
      ✓ should mint for amount=1
[FEE] 252245957196387 129771 1499708378
      ✓ should mint for amount=1
[FEE] 244376928860768 127529 1478466549
      ✓ should mint for amount=1
[FEE] 236913165903374 125426 1457343333
      ✓ should mint for amount=1
[FEE] 229851475144764 123455 1436477626
      ✓ should mint for amount=1
[FEE] 223178557347660 121606 1415981949
      ✓ should mint for amount=1
[FEE] 216886953247916 119874 1395946214
      ✓ should mint for amount=1
[FEE] 210959218995721 118250 1376441043
      ✓ should mint for amount=1
[FEE] 205381453348978 116728 1357520613
      ✓ should mint for amount=1
[FEE] 200136552467312 115301 1339225145
      ✓ should mint for amount=1
[FEE] 195208210998217 113963 1321583058
      ✓ should mint for amount=1
[FEE] 190581168607871 112709 1304612825
      ✓ should mint for amount=1
[FEE] 186238054109903 111533 1288324589
      ✓ should mint for amount=1
[FEE] 182163019074562 110430 1272721550
      ✓ should mint for amount=1
[FEE] 178341813841305 109396 1257801161
      ✓ should mint for amount=1
[FEE] 174758611289420 108426 1243556160
      ✓ should mint for amount=1
[FEE] 171402584948768 107518 1229975454
      ✓ should mint for amount=1
[FEE] 168258269989918 106667 1217044878
      ✓ should mint for amount=1
[FEE] 165312126879805 105869 1204747842
      ✓ should mint for amount=1
[FEE] 162552500884733 105121 1193065882
      ✓ should mint for amount=1
[FEE] 159968047300833 104420 1181979132
      ✓ should mint for amount=1
[FEE] 157546237039871 103762 1171466719
      ✓ should mint for amount=1
[FEE] 155277951672877 103145 1161507097
      ✓ should mint for amount=1
[FEE] 153154374902002 102567 1152078332
      ✓ should mint for amount=1
[FEE] 151165517595109 102025 1143158333
      ✓ should mint for amount=1
[FEE] 149301745315770 101516 1134725049
      ✓ should mint for amount=1
[FEE] 147558150708149 101040 1126756626
      ✓ should mint for amount=1
[FEE] 145924242110006 100593 1119231541
      ✓ should mint for amount=1
[FEE] 144395662034258 100175 1112128703
      ✓ should mint for amount=1
[FEE] 142963964389023 99783 1105427540
      ✓ should mint for amount=1
[FEE] 141622434292724 99415 1099108060
      ✓ should mint for amount=1
[FEE] 140366033082590 99070 1093150903
      ✓ should mint for amount=1
[FEE] 139189939668479 98747 1087537374
      ✓ should mint for amount=1
[FEE] 138085334337430 98442 1082249470
      ✓ should mint for amount=1
[FEE] 137053448691855 98158 1077269891
      ✓ should mint for amount=1
[FEE] 136087260396904 97892 1072582049
      ✓ should mint for amount=1
[FEE] 135181361604812 97642 1068170069
      ✓ should mint for amount=1
[FEE] 134333294700691 97408 1064018783
      ✓ should mint for amount=1
[FEE] 133536619284973 97187 1060113720
      ✓ should mint for amount=1
[FEE] 132791931814757 96981 1056441092
      ✓ should mint for amount=1
[FEE] 132094456441597 96788 1052987779
      ✓ should mint for amount=1
[FEE] 131439571583301 96606 1049741312
      ✓ should mint for amount=1
[FEE] 130825512000875 96435 1046689850
      ✓ should mint for amount=1
[FEE] 130251968865926 96276 1043822161
      ✓ should mint for amount=1
[FEE] 129714669644031 96127 1041127600
      ✓ should mint for amount=1
[FEE] 129212154953467 95988 1038596085
      ✓ should mint for amount=1
[FEE] 128740366617956 95857 1036218074
      ✓ should mint for amount=1
[FEE] 128299373166469 95735 1033984545
      ✓ should mint for amount=1
[FEE] 127885295859297 95620 1031886968
      ✓ should mint for amount=1
[FEE] 127497019656213 95512 1029917288
      ✓ should mint for amount=1
[FEE] 127133496660015 95411 1028067899
      ✓ should mint for amount=1
[FEE] 126791082053443 95315 1026331623
      ✓ should mint for amount=1
[FEE] 126470192299627 95225 1024701689
      ✓ should mint for amount=1
[FEE] 126171291313867 95142 1023171715
      ✓ should mint for amount=1
[FEE] 125890915255198 95064 1021735684
      ✓ should mint for amount=1
[FEE] 125626987473822 94990 1020387929
      ✓ should mint for amount=1
[FEE] 125381446426414 94922 1019123110
      ✓ should mint for amount=1
[FEE] 125150984158796 94858 1017936202
      ✓ should mint for amount=1
[FEE] 124934981410846 94798 1016822473
      ✓ should mint for amount=1
[FEE] 124732856979738 94742 1015777470
      ✓ should mint for amount=1
[FEE] 124542750380270 94689 1014797005
      ✓ should mint for amount=1
[FEE] 124365467677145 94640 1013877138
      ✓ should mint for amount=1
[FEE] 124199215795228 94594 1013014164
      ✓ should mint for amount=1
[FEE] 124042235735525 94550 1012204600
      ✓ should mint for amount=1
[FEE] 123895421840643 94509 1011445171
      ✓ should mint for amount=1
[FEE] 123758380498495 94471 1010732800
      ✓ should mint for amount=1
[FEE] 123629433320317 94435 1010064595
      ✓ should mint for amount=1
[FEE] 123508236492993 94401 1009437839
      ✓ should mint for amount=1
[FEE] 123395774974431 94370 1008849979
      ✓ should mint for amount=1
[FEE] 123289130279467 94340 1008298617
      ✓ should mint for amount=1
[FEE] 123189327040969 94312 1007781502
      ✓ should mint for amount=1
[FEE] 123096099046592 94286 1007296519
      ✓ should mint for amount=1
[FEE] 123006586819904 94260 1006841683
      ✓ should mint for amount=1
[FEE] 122924472904805 94237 1006415130
      ✓ should mint for amount=1
[FEE] 122848232072946 94216 1006015109
      ✓ should mint for amount=1
[FEE] 122776355041018 94196 1005639977
      ✓ should mint for amount=1
[FEE] 122708650315543 94177 1005288193
      ✓ should mint for amount=1
[FEE] 122646240620275 94160 1004958309
      ✓ should mint for amount=1
[FEE] 122586351856290 94143 1004648966
      ✓ should mint for amount=1
[FEE] 122530129116811 94127 1004358891
      ✓ should mint for amount=1
[FEE] 122477424066461 94112 1004086887
      ✓ should mint for amount=1
[FEE] 122429398701816 94099 1003831831
      ✓ should mint for amount=1
[FEE] 122383320373305 94086 1003592671
      ✓ should mint for amount=1
[FEE] 122340368159772 94074 1003368418
      ✓ should mint for amount=1
[FEE] 122300427600031 94063 1003158146
      ✓ should mint for amount=1
[FEE] 122263391223372 94053 1002960985
      ✓ should mint for amount=1
[FEE] 122227858710566 94043 1002776120
      ✓ should mint for amount=1
[FEE] 122195035703261 94034 1002602785
      ✓ should mint for amount=1
[FEE] 122163534478507 94025 1002440263
      ✓ should mint for amount=1
[FEE] 122134571596999 94017 1002287880
      ✓ should mint for amount=1
[FEE] 122108069265563 94010 1002145005
      ✓ should mint for amount=1
[FEE] 122082655709173 94003 1002011045
      ✓ should mint for amount=1
[FEE] 122058263070326 93996 1001885445
      ✓ should mint for amount=1
[FEE] 122036126048311 93990 1001767684
      ✓ should mint for amount=1
[FEE] 122014886305289 93984 1001657274
      ✓ should mint for amount=1
[FEE] 121994487761161 93978 1001553756
      ✓ should mint for amount=1
[FEE] 121976175873951 93973 1001456700
      ✓ should mint for amount=1
[FEE] 121958603305850 93968 1001365704
      ✓ should mint for amount=1
[FEE] 121941723782228 93963 1001280389
      ✓ should mint for amount=1
[FEE] 121926791742292 93959 1001200401
      ✓ should mint for amount=1
[FEE] 121912468799969 93955 1001125408
      ✓ should mint for amount=1
[FEE] 121898716885257 93951 1001055098
      ✓ should mint for amount=1
[FEE] 121885500369925 93947 1000989179
      ✓ should mint for amount=1
[FEE] 121874083129137 93944 1000927377
      ✓ should mint for amount=1
[FEE] 121861839121483 93940 1000869435
      ✓ should mint for amount=1
[FEE] 121851333490904 93937 1000815112
      ✓ should mint for amount=1
[FEE] 121842538468575 93935 1000764182
      ✓ should mint for amount=1
[FEE] 121834131108947 93933 1000716434
      ✓ should mint for amount=1
[FEE] 121826087038413 93931 1000671668
      ✓ should mint for amount=1
[FEE] 121818383711564 93929 1000629699
      ✓ should mint for amount=1
[FEE] 121810999802300 93927 1000590352
      ✓ should mint for amount=1
[FEE] 121803915325440 93925 1000553463
      ✓ should mint for amount=1
[FEE] 121795814738635 93922 1000518878
      ✓ should mint for amount=1
[FEE] 121787977476640 93919 1000486454
      ✓ should mint for amount=1
[FEE] 121782980470950 93918 1000456056
      ✓ should mint for amount=1
[FEE] 121775621386368 93915 1000427557
      ✓ should mint for amount=1
[FEE] 121771072552607 93914 1000400839
      ✓ should mint for amount=1
[FEE] 121766726940429 93913 1000375790
      ✓ should mint for amount=1
[FEE] 121762571884497 93912 1000352306
      ✓ should mint for amount=1
[FEE] 121758595572041 93911 1000330290
      ✓ should mint for amount=1
[FEE] 121754786677665 93910 1000309649
      ✓ should mint for amount=1
[FEE] 121751134850177 93909 1000290298
      ✓ should mint for amount=1
[FEE] 121747630225687 93908 1000272156
      ✓ should mint for amount=1
[FEE] 121744263671004 93907 1000255148
      ✓ should mint for amount=1
[FEE] 121741026540173 93906 1000239203
      ✓ should mint for amount=1
[FEE] 121737910674448 93905 1000224254
      ✓ should mint for amount=1
[FEE] 121736204900157 93905 1000210239
      ✓ should mint for amount=1
[FEE] 121732013026071 93903 1000197100
      ✓ should mint for amount=1
[FEE] 121730513826627 93903 1000184782
      ✓ should mint for amount=1
[FEE] 121729108342361 93903 1000173234
      ✓ should mint for amount=1
[FEE] 121727790609581 93903 1000162407
      ✓ should mint for amount=1
[FEE] 121725258972107 93902 1000152257
      ✓ should mint for amount=1
[FEE] 121722804522189 93901 1000142741
      ✓ should mint for amount=1
[FEE] 121720422510898 93900 1000133820
      ✓ should mint for amount=1
[FEE] 121719404577504 93900 1000125456
      ✓ should mint for amount=1
[FEE] 121718450295373 93900 1000117615
      ✓ should mint for amount=1
[FEE] 121717555648269 93900 1000110264
      ✓ should mint for amount=1
[FEE] 121716716985067 93900 1000103373
      ✓ should mint for amount=1
[FEE] 121714634425351 93899 1000096912
      ✓ should mint for amount=1
[FEE] 121713897271249 93899 1000090855
      ✓ should mint for amount=1
[FEE] 121713206242524 93899 1000085177
      ✓ should mint for amount=1
[FEE] 121712558296604 93899 1000079853
      ✓ should mint for amount=1
[FEE] 121711950877730 93899 1000074862
      ✓ should mint for amount=1
[FEE] 121711381430142 93899 1000070183
      ✓ should mint for amount=1
[FEE] 121710847641486 93899 1000065797
      ✓ should mint for amount=1
[FEE] 121710347199408 93899 1000061685
      ✓ should mint for amount=1
[FEE] 121709878034960 93899 1000057830
      ✓ should mint for amount=1
[FEE] 121709438200896 93899 1000054216
      ✓ should mint for amount=1
[FEE] 121709025871674 93899 1000050828
      ✓ should mint for amount=1
[FEE] 121708639221752 93899 1000047651
      ✓ should mint for amount=1
[FEE] 121708276790694 93899 1000044673
      ✓ should mint for amount=1
[FEE] 121705344680430 93897 1000041881
      ✓ should mint for amount=1
[FEE] 121703729914607 93896 1000039263
      ✓ should mint for amount=1
[FEE] 121702135113986 93895 1000036809
      ✓ should mint for amount=1
[FEE] 121701855087681 93895 1000034508
      ✓ should mint for amount=1
[FEE] 121700296440222 93894 1000032351
      ✓ should mint for amount=1
[FEE] 121700050370183 93894 1000030329
      ✓ should mint for amount=1
[FEE] 121699819633886 93894 1000028433
      ✓ should mint for amount=1
[FEE] 121698307241220 93893 1000026656
      ✓ should mint for amount=1
[FEE] 121698104497245 93893 1000024990
      ✓ should mint for amount=1
[FEE] 121697914409556 93893 1000023428
      ✓ should mint for amount=1
[FEE] 121697736247983 93893 1000021964
      ✓ should mint for amount=1
[FEE] 121697569160661 93893 1000020591
      ✓ should mint for amount=1
[FEE] 121697412539115 93893 1000019304
      ✓ should mint for amount=1
[FEE] 121697265774868 93893 1000018098
      ✓ should mint for amount=1
[FEE] 121697128137752 93893 1000016967
      ✓ should mint for amount=1
[FEE] 121696999140985 93893 1000015907
      ✓ should mint for amount=1
[FEE] 121696878176092 93893 1000014913
      ✓ should mint for amount=1
[FEE] 121696764756293 93893 1000013981
      ✓ should mint for amount=1
[FEE] 121696658394807 93893 1000013107
      ✓ should mint for amount=1
[FEE] 121696558726550 93893 1000012288
      ✓ should mint for amount=1
[FEE] 121696465264742 93893 1000011520
      ✓ should mint for amount=1
[FEE] 121696377644296 93893 1000010800
      ✓ should mint for amount=1
[FEE] 121696295500128 93893 1000010125
      ✓ should mint for amount=1
[FEE] 121694922351165 93892 1000009492
      ✓ should mint for amount=1
[FEE] 121693554071542 93891 1000008899
      ✓ should mint for amount=1
[FEE] 121692190296029 93890 1000008343
      ✓ should mint for amount=1
[FEE] 121692126894927 93890 1000007822
      ✓ should mint for amount=1
[FEE] 121692067387942 93890 1000007333
      ✓ should mint for amount=1
[FEE] 121692011653384 93890 1000006875
      ✓ should mint for amount=1
[FEE] 121690663214140 93889 1000006445
      ✓ should mint for amount=1
[FEE] 121690614173119 93889 1000006042
      ✓ should mint for amount=1
[FEE] 121689272063318 93888 1000005664
      ✓ should mint for amount=1
[FEE] 121690525096127 93889 1000005310
      ✓ should mint for amount=1
[FEE] 121691780805225 93890 1000004978
      ✓ should mint for amount=1
[FEE] 121690446849535 93889 1000004667
      ✓ should mint for amount=1
[FEE] 121691707425446 93890 1000004375
      ✓ should mint for amount=1
[FEE] 121691674203756 93890 1000004102
      ✓ should mint for amount=1
[FEE] 121691643050815 93890 1000003846
      ✓ should mint for amount=1
[FEE] 121691613844933 93890 1000003606
      ✓ should mint for amount=1
[FEE] 121691586464419 93890 1000003381
      ✓ should mint for amount=1
[FEE] 121690264679786 93889 1000003170
      ✓ should mint for amount=1
[FEE] 121688944477653 93888 1000002972
      ✓ should mint for amount=1
[FEE] 121687625736280 93887 1000002786
      ✓ should mint for amount=1
[FEE] 121688900669763 93888 1000002612
      ✓ should mint for amount=1
[FEE] 121690176941384 93889 1000002449
      ✓ should mint for amount=1
[FEE] 121690158322832 93889 1000002296
      ✓ should mint for amount=1
[FEE] 121688844814704 93888 1000002153
      ✓ should mint for amount=1
[FEE] 121688828386745 93888 1000002018
      ✓ should mint for amount=1
[FEE] 121690109160121 93889 1000001892
      ✓ should mint for amount=1
[FEE] 121691390906700 93890 1000001774
      ✓ should mint for amount=1
[FEE] 121691377398980 93890 1000001663
      ✓ should mint for amount=1
[FEE] 121691364743098 93890 1000001559
      ✓ should mint for amount=1
[FEE] 121690056833473 93889 1000001462
      ✓ should mint for amount=1
[FEE] 121688749654232 93888 1000001371
      ✓ should mint for amount=1
[FEE] 121687443083663 93887 1000001285
      ✓ should mint for amount=1
[FEE] 121687433348680 93887 1000001205
      ✓ should mint for amount=1
[FEE] 121688720327283 93888 1000001130
      ✓ should mint for amount=1
[FEE] 121687415582336 93887 1000001059
      ✓ should mint for amount=1
[FEE] 121688703655948 93888 1000000993
      ✓ should mint for amount=1
[FEE] 121688696111255 93888 1000000931
      ✓ should mint for amount=1
[FEE] 121688689053318 93888 1000000873
      ✓ should mint for amount=1
[FEE] 121689978465191 93889 1000000818
      ✓ should mint for amount=1
[FEE] 121691268363687 93890 1000000767
      ✓ should mint for amount=1
[FEE] 121691262522511 93890 1000000719
      ✓ should mint for amount=1
[FEE] 121691257046408 93890 1000000674
      ✓ should mint for amount=1
[FEE] 121691251935378 93890 1000000632
      ✓ should mint for amount=1
[FEE] 121689951084969 93889 1000000593
      ✓ should mint for amount=1
[FEE] 121691242686849 93890 1000000556
      ✓ should mint for amount=1
[FEE] 121691238427658 93890 1000000521
      ✓ should mint for amount=1
[FEE] 121691234411849 93890 1000000488
      ✓ should mint for amount=1
[FEE] 121691230761114 93890 1000000458
      ✓ should mint for amount=1
[FEE] 121691227232070 93890 1000000429
      ✓ should mint for amount=1
[FEE] 121691223946408 93890 1000000402
      ✓ should mint for amount=1
[FEE] 121689924799955 93889 1000000377
      ✓ should mint for amount=1
[FEE] 121691217983541 93890 1000000353
      ✓ should mint for amount=1
[FEE] 121691215306335 93890 1000000331
      ✓ should mint for amount=1
[FEE] 121691212750820 93890 1000000310
      ✓ should mint for amount=1
[FEE] 121689914334625 93889 1000000291
      ✓ should mint for amount=1
[FEE] 121688616040168 93888 1000000273
      ✓ should mint for amount=1
[FEE] 121688613971462 93888 1000000256
      ✓ should mint for amount=1
[FEE] 121689908128441 93889 1000000240
      ✓ should mint for amount=1
[FEE] 121691202407070 93890 1000000225
      ✓ should mint for amount=1
[FEE] 121689904599435 93889 1000000211
      ✓ should mint for amount=1
[FEE] 121691199121408 93890 1000000198
      ✓ should mint for amount=1
[FEE] 121691197661114 93890 1000000186
      ✓ should mint for amount=1
[FEE] 121691196200820 93890 1000000174
      ✓ should mint for amount=1
[FEE] 121691194862217 93890 1000000163
      ✓ should mint for amount=1
[FEE] 121689897541422 93889 1000000153
      ✓ should mint for amount=1
[FEE] 121688600220652 93888 1000000143
      ✓ should mint for amount=1
[FEE] 121687303021596 93887 1000000134
      ✓ should mint for amount=1
[FEE] 121688598151946 93888 1000000126
      ✓ should mint for amount=1
[FEE] 121689893282276 93889 1000000118
      ✓ should mint for amount=1
[FEE] 121689892430447 93889 1000000111
      ✓ should mint for amount=1
[FEE] 121691187682438 93890 1000000104
      ✓ should mint for amount=1
[FEE] 121691186952291 93890 1000000098
      ✓ should mint for amount=1
[FEE] 121691186222144 93890 1000000092
      ✓ should mint for amount=1
[FEE] 121691185491997 93890 1000000086
      ✓ should mint for amount=1
[FEE] 121691184883541 93890 1000000081
      ✓ should mint for amount=1
[FEE] 121691184275085 93890 1000000076
      ✓ should mint for amount=1
[FEE] 121691183666629 93890 1000000071
      ✓ should mint for amount=1
[FEE] 121691183179864 93890 1000000067
      ✓ should mint for amount=1
[FEE] 121691182693100 93890 1000000063
      ✓ should mint for amount=1
[FEE] 121691182206335 93890 1000000059
      ✓ should mint for amount=1
[FEE] 121691181719570 93890 1000000055
      ✓ should mint for amount=1
[FEE] 121691181354497 93890 1000000052
      ✓ should mint for amount=1
[FEE] 121691180989423 93890 1000000049
      ✓ should mint for amount=1
[FEE] 121691180624350 93890 1000000046
      ✓ should mint for amount=1
[FEE] 121691180259276 93890 1000000043
      ✓ should mint for amount=1
[FEE] 121691179894203 93890 1000000040
      ✓ should mint for amount=1
[FEE] 121691179650820 93890 1000000038
      ✓ should mint for amount=1
[FEE] 121691179407438 93890 1000000036
      ✓ should mint for amount=1
[FEE] 121691179164056 93890 1000000034
      ✓ should mint for amount=1
[FEE] 121691178920673 93890 1000000032
      ✓ should mint for amount=1
[FEE] 121691178677291 93890 1000000030
      ✓ should mint for amount=1
[FEE] 121691178433909 93890 1000000028
      ✓ should mint for amount=1
[FEE] 121691178190526 93890 1000000026
      ✓ should mint for amount=1
[FEE] 121691177947144 93890 1000000024
      ✓ should mint for amount=1
[FEE] 121689881721738 93889 1000000023
      ✓ should mint for amount=1
[FEE] 121691177703762 93890 1000000022
      ✓ should mint for amount=1
[FEE] 121691177582070 93890 1000000021
      ✓ should mint for amount=1
[FEE] 121691177460379 93890 1000000020
      ✓ should mint for amount=1
[FEE] 121691177338688 93890 1000000019
      ✓ should mint for amount=1
[FEE] 121691177216997 93890 1000000018
      ✓ should mint for amount=1
[FEE] 121691177095306 93890 1000000017
      ✓ should mint for amount=1
[FEE] 121691176973615 93890 1000000016
      ✓ should mint for amount=1
[FEE] 121691176851923 93890 1000000015
      ✓ should mint for amount=1
[FEE] 121691176730232 93890 1000000014
      ✓ should mint for amount=1
[FEE] 121691176608541 93890 1000000013
      ✓ should mint for amount=1
[FEE] 121691176486850 93890 1000000012
      ✓ should mint for amount=1
[FEE] 121691176365159 93890 1000000011
      ✓ should mint for amount=1
[FEE] 121689880139769 93889 1000000010
      ✓ should mint for amount=1
[FEE] 121689880018079 93889 1000000009
      ✓ should mint for amount=1
[FEE] 121691176000085 93890 1000000008
      ✓ should mint for amount=1
[FEE] 121691176000085 93890 1000000008
      ✓ should mint for amount=1
[FEE] 121689879896389 93889 1000000008
      ✓ should mint for amount=1
[FEE] 121689879896389 93889 1000000008
      ✓ should mint for amount=1
[FEE] 121691176000085 93890 1000000008
      ✓ should mint for amount=1
[FEE] 121691176000085 93890 1000000008
      ✓ should mint for amount=1
[FEE] 121689879896389 93889 1000000008
      ✓ should mint for amount=1
[FEE] 121689879896389 93889 1000000008
      ✓ should mint for amount=1
[FEE] 121689879896389 93889 1000000008
      ✓ should mint for amount=1
[FEE] 121688583792694 93888 1000000008
      ✓ should mint for amount=1
[FEE] 121689879896389 93889 1000000008
      ✓ should mint for amount=1
[FEE] 121691176000085 93890 1000000008
      ✓ should mint for amount=1
[FEE] 121691176000085 93890 1000000008
      ✓ should mint for amount=1
[FEE] 121691176000085 93890 1000000008
      ✓ should mint for amount=1
[FEE] 121691176000085 93890 1000000008
      ✓ should mint for amount=1
[FEE] 121691176000085 93890 1000000008
      ✓ should mint for amount=1
[FEE] 121689879896389 93889 1000000008
      ✓ should mint for amount=1

·----------------------------------------|---------------------------|-------------|----------------------------·
|          [90mSolc version: 0.8.17[39m          ·  [90mOptimizer enabled: true[39m  ·  [90mRuns: 200[39m  ·  [90mBlock limit: 8000000 gas[39m  │
·········································|···························|·············|·····························
|  [32m[1mMethods[22m[39m                                                                                                      │
···················|·····················|·············|·············|·············|··············|··············
|  [1mContract[22m        ·  [1mMethod[22m             ·  [32mMin[39m        ·  [32mMax[39m        ·  [32mAvg[39m        ·  [1m# calls[22m     ·  [1musd (avg)[22m  │
···················|·····················|·············|·············|·············|··············|··············
|  [90mXPowerThorTest[39m  ·  init               ·          -  ·          -  ·      67353  ·           [90m1[39m  ·          [32m[90m-[32m[39m  │
···················|·····················|·············|·············|·············|··············|··············
|  [90mXPowerThorTest[39m  ·  mint               ·     [36m121697[39m  ·     [31m229535[39m  ·     126468  ·         [90m309[39m  ·          [32m[90m-[32m[39m  │
···················|·····················|·············|·············|·············|··············|··············
|  [90mXPowerThorTest[39m  ·  transferOwnership  ·          -  ·          -  ·      28656  ·           [90m1[39m  ·          [32m[90m-[32m[39m  │
···················|·····················|·············|·············|·············|··············|··············
|  [32m[1mDeployments[22m[39m                           ·                                         ·  [1m% of limit[22m  ·             │
·········································|·············|·············|·············|··············|··············
|  XPowerThorTest                        ·          -  ·          -  ·    3331941  ·      [90m41.6 %[39m  ·          [32m[90m-[32m[39m  │
·----------------------------------------|-------------|-------------|-------------|--------------|-------------·

  309 passing (21s)

