
> xpower@6.0.0 test-gas
> REPORT_GAS=true npm test ./test/contracts/XPower.fees.1-thor.test.js


> xpower@6.0.0 test
> hardhat test ./test/contracts/XPower.fees.1-thor.test.js


  XPowerThor
    mint
[FEE] 348822982083776 162305 1658186771
      ✓ should mint for amount=1
[FEE] 338642451344703 158030 1653339774
      ✓ should mint for amount=1
[FEE] 328269851094044 154022 1644403885
      ✓ should mint for amount=1
[FEE] 317874852533344 150263 1632166166
      ✓ should mint for amount=1
[FEE] 307594726289119 146740 1617300143
      ✓ should mint for amount=1
[FEE] 297525543864148 143437 1600380750
      ✓ should mint for amount=1
[FEE] 287741556530973 140341 1581897269
      ✓ should mint for amount=1
[FEE] 278290279746792 137437 1562264719
      ✓ should mint for amount=1
[FEE] 269211282036362 134715 1541833776
      ✓ should mint for amount=1
[FEE] 260527413124131 132164 1520899466
      ✓ should mint for amount=1
[FEE] 252247955974678 129772 1499708705
      ✓ should mint for amount=1
[FEE] 244378903289532 127530 1478466901
      ✓ should mint for amount=1
[FEE] 236915115571271 125427 1457343707
      ✓ should mint for amount=1
[FEE] 229853399693326 123456 1436478018
      ✓ should mint for amount=1
[FEE] 223184127276402 121609 1415982356
      ✓ should mint for amount=1
[FEE] 216892446843802 119877 1395946637
      ✓ should mint for amount=1
[FEE] 210962853534153 118252 1376441477
      ✓ should mint for amount=1
[FEE] 205385038742064 116730 1357521052
      ✓ should mint for amount=1
[FEE] 200140090071137 115303 1339225587
      ✓ should mint for amount=1
[FEE] 195211702103583 113965 1321583500
      ✓ should mint for amount=1
[FEE] 190582923944337 112710 1304613266
      ✓ should mint for amount=1
[FEE] 186239787084709 111534 1288325026
      ✓ should mint for amount=1
[FEE] 182166379922345 110432 1272721981
      ✓ should mint for amount=1
[FEE] 178346764683464 109399 1257801585
      ✓ should mint for amount=1
[FEE] 174763505085240 108429 1243556576
      ✓ should mint for amount=1
[FEE] 171405830018532 107520 1229975861
      ✓ should mint for amount=1
[FEE] 168261479571238 106669 1217045274
      ✓ should mint for amount=1
[FEE] 165313741049826 105870 1204748226
      ✓ should mint for amount=1
[FEE] 162554097906452 105122 1193066254
      ✓ should mint for amount=1
[FEE] 159968096022926 104420 1181979492
      ✓ should mint for amount=1
[FEE] 157546283706620 103762 1171467066
      ✓ should mint for amount=1
[FEE] 155277996457893 103145 1161507432
      ✓ should mint for amount=1
[FEE] 153154417707866 102567 1152078654
      ✓ should mint for amount=1
[FEE] 151165558587953 102025 1143158643
      ✓ should mint for amount=1
[FEE] 149303255246902 101517 1134725347
      ✓ should mint for amount=1
[FEE] 147558188162228 101040 1126756912
      ✓ should mint for amount=1
[FEE] 145925728474321 100594 1119231815
      ✓ should mint for amount=1
[FEE] 144395696051601 100175 1112128965
      ✓ should mint for amount=1
[FEE] 142962563972269 99782 1105427790
      ✓ should mint for amount=1
[FEE] 141621040530070 99414 1099108299
      ✓ should mint for amount=1
[FEE] 140364645521718 99069 1093151131
      ✓ should mint for amount=1
[FEE] 139187148446542 98745 1087537592
      ✓ should mint for amount=1
[FEE] 138085360748775 98442 1082249677
      ✓ should mint for amount=1
[FEE] 137053473627552 98158 1077270087
      ✓ should mint for amount=1
[FEE] 136087283996246 97892 1072582235
      ✓ should mint for amount=1
[FEE] 135181384004898 97642 1068170246
      ✓ should mint for amount=1
[FEE] 134331936831953 97407 1064018951
      ✓ should mint for amount=1
[FEE] 133536639313317 97187 1060113879
      ✓ should mint for amount=1
[FEE] 132791950669372 96981 1056441242
      ✓ should mint for amount=1
[FEE] 132094474255112 96788 1052987921
      ✓ should mint for amount=1
[FEE] 131440948935385 96607 1049741446
      ✓ should mint for amount=1
[FEE] 130829597605791 96438 1046689976
      ✓ should mint for amount=1
[FEE] 130256042420895 96279 1043822280
      ✓ should mint for amount=1
[FEE] 129718731826567 96130 1041127712
      ✓ should mint for amount=1
[FEE] 129213514269320 95989 1038596191
      ✓ should mint for amount=1
[FEE] 128741722088212 95858 1036218174
      ✓ should mint for amount=1
[FEE] 128299384830223 95735 1033984639
      ✓ should mint for amount=1
[FEE] 127885306889372 95620 1031887057
      ✓ should mint for amount=1
[FEE] 127497030054864 95512 1029917372
      ✓ should mint for amount=1
[FEE] 127133506429357 95411 1028067978
      ✓ should mint for amount=1
[FEE] 126791091195264 95315 1026331697
      ✓ should mint for amount=1
[FEE] 126471529058856 95226 1024701759
      ✓ should mint for amount=1
[FEE] 126172625589301 95143 1023171781
      ✓ should mint for amount=1
[FEE] 125890923017604 95064 1021735747
      ✓ should mint for amount=1
[FEE] 125628317266350 94991 1020387988
      ✓ should mint for amount=1
[FEE] 125382774205315 94923 1019123166
      ✓ should mint for amount=1
[FEE] 125152309902908 94859 1017936254
      ✓ should mint for amount=1
[FEE] 124936305338798 94799 1016822522
      ✓ should mint for amount=1
[FEE] 124734179181311 94743 1015777516
      ✓ should mint for amount=1
[FEE] 124544070939714 94690 1014797048
      ✓ should mint for amount=1
[FEE] 124365472706338 94640 1013877179
      ✓ should mint for amount=1
[FEE] 124197907605328 94593 1013014203
      ✓ should mint for amount=1
[FEE] 124042240269750 94550 1012204637
      ✓ should mint for amount=1
[FEE] 123895426127914 94509 1011445206
      ✓ should mint for amount=1
[FEE] 123758384539154 94471 1010732833
      ✓ should mint for amount=1
[FEE] 123629437114641 94435 1010064626
      ✓ should mint for amount=1
[FEE] 123506931705103 94400 1009437868
      ✓ should mint for amount=1
[FEE] 123394470702680 94369 1008850006
      ✓ should mint for amount=1
[FEE] 123287826599015 94339 1008298643
      ✓ should mint for amount=1
[FEE] 123188023907571 94311 1007781527
      ✓ should mint for amount=1
[FEE] 123094796418737 94285 1007296543
      ✓ should mint for amount=1
[FEE] 123007894601077 94261 1006841706
      ✓ should mint for amount=1
[FEE] 122925779888151 94238 1006415151
      ✓ should mint for amount=1
[FEE] 122849538415136 94217 1006015129
      ✓ should mint for amount=1
[FEE] 122776357360685 94196 1005639996
      ✓ should mint for amount=1
[FEE] 122708652390617 94177 1005288210
      ✓ should mint for amount=1
[FEE] 122644940042744 94159 1004958325
      ✓ should mint for amount=1
[FEE] 122586353686576 94143 1004648981
      ✓ should mint for amount=1
[FEE] 122530130824788 94127 1004358905
      ✓ should mint for amount=1
[FEE] 122477425652187 94112 1004086900
      ✓ should mint for amount=1
[FEE] 122426798025058 94097 1003831843
      ✓ should mint for amount=1
[FEE] 122382020954529 94085 1003592682
      ✓ should mint for amount=1
[FEE] 122337768561960 94072 1003368429
      ✓ should mint for amount=1
[FEE] 122297828547132 94061 1003158157
      ✓ should mint for amount=1
[FEE] 122260792681412 94051 1002960996
      ✓ should mint for amount=1
[FEE] 122225260525786 94041 1002776130
      ✓ should mint for amount=1
[FEE] 122191138490506 94031 1002602795
      ✓ should mint for amount=1
[FEE] 122160937042240 94023 1002440272
      ✓ should mint for amount=1
[FEE] 122131974433794 94015 1002287888
      ✓ should mint for amount=1
[FEE] 122104173466960 94007 1002145012
      ✓ should mint for amount=1
[FEE] 122078760431384 94000 1002011052
      ✓ should mint for amount=1
[FEE] 122055666828272 93994 1001885452
      ✓ should mint for amount=1
[FEE] 122033530111464 93988 1001767691
      ✓ should mint for amount=1
[FEE] 122012290532783 93982 1001657280
      ✓ should mint for amount=1
[FEE] 121991892135145 93976 1001553761
      ✓ should mint for amount=1
[FEE] 121972282507766 93970 1001456705
      ✓ should mint for amount=1
[FEE] 121954710171665 93965 1001365708
      ✓ should mint for amount=1
[FEE] 121939128742956 93961 1001280393
      ✓ should mint for amount=1
[FEE] 121924196910344 93957 1001200405
      ✓ should mint for amount=1
[FEE] 121909874162398 93953 1001125412
      ✓ should mint for amount=1
[FEE] 121897419901131 93950 1001055102
      ✓ should mint for amount=1
[FEE] 121885500856985 93947 1000989183
      ✓ should mint for amount=1
[FEE] 121874083616181 93944 1000927381
      ✓ should mint for amount=1
[FEE] 121863136839075 93941 1000869439
      ✓ should mint for amount=1
[FEE] 121852631138073 93938 1000815116
      ✓ should mint for amount=1
[FEE] 121842538955573 93935 1000764186
      ✓ should mint for amount=1
[FEE] 121832834441926 93932 1000716437
      ✓ should mint for amount=1
[FEE] 121824790429405 93930 1000671671
      ✓ should mint for amount=1
[FEE] 121817087156944 93928 1000629702
      ✓ should mint for amount=1
[FEE] 121809703176933 93926 1000590354
      ✓ should mint for amount=1
[FEE] 121802618747880 93924 1000553465
      ✓ should mint for amount=1
[FEE] 121795814982101 93922 1000518880
      ✓ should mint for amount=1
[FEE] 121787977720097 93919 1000486456
      ✓ should mint for amount=1
[FEE] 121782980714405 93918 1000456058
      ✓ should mint for amount=1
[FEE] 121776918287661 93916 1000427559
      ✓ should mint for amount=1
[FEE] 121772369419268 93915 1000400841
      ✓ should mint for amount=1
[FEE] 121768023774622 93914 1000375792
      ✓ should mint for amount=1
[FEE] 121763868688249 93913 1000352308
      ✓ should mint for amount=1
[FEE] 121759892225537 93912 1000330291
      ✓ should mint for amount=1
[FEE] 121754786799382 93910 1000309650
      ✓ should mint for amount=1
[FEE] 121751134971893 93909 1000290299
      ✓ should mint for amount=1
[FEE] 121746333890973 93907 1000272157
      ✓ should mint for amount=1
[FEE] 121742967358333 93906 1000255149
      ✓ should mint for amount=1
[FEE] 121739730126456 93905 1000239203
      ✓ should mint for amount=1
[FEE] 121735317885765 93903 1000224254
      ✓ should mint for amount=1
[FEE] 121733612147803 93903 1000210239
      ✓ should mint for amount=1
[FEE] 121732013026071 93903 1000197100
      ✓ should mint for amount=1
[FEE] 121730513826627 93903 1000184782
      ✓ should mint for amount=1
[FEE] 121729108342361 93903 1000173234
      ✓ should mint for amount=1
[FEE] 121726494295399 93902 1000162407
      ✓ should mint for amount=1
[FEE] 121723962671081 93901 1000152257
      ✓ should mint for amount=1
[FEE] 121721508233496 93900 1000142741
      ✓ should mint for amount=1
[FEE] 121719126233768 93899 1000133820
      ✓ should mint for amount=1
[FEE] 121718108311215 93899 1000125456
      ✓ should mint for amount=1
[FEE] 121715857783120 93898 1000117615
      ✓ should mint for amount=1
[FEE] 121714963155071 93898 1000110264
      ✓ should mint for amount=1
[FEE] 121714124509732 93898 1000103373
      ✓ should mint for amount=1
[FEE] 121713338196057 93898 1000096912
      ✓ should mint for amount=1
[FEE] 121712601049806 93898 1000090855
      ✓ should mint for amount=1
[FEE] 121710613814357 93897 1000085177
      ✓ should mint for amount=1
[FEE] 121709965882238 93897 1000079853
      ✓ should mint for amount=1
[FEE] 121709358476301 93897 1000074862
      ✓ should mint for amount=1
[FEE] 121708789040842 93897 1000070183
      ✓ should mint for amount=1
[FEE] 121708255263555 93897 1000065797
      ✓ should mint for amount=1
[FEE] 121707754832136 93897 1000061685
      ✓ should mint for amount=1
[FEE] 121707285677681 93897 1000057830
      ✓ should mint for amount=1
[FEE] 121706845852986 93897 1000054216
      ✓ should mint for amount=1
[FEE] 121706433532547 93897 1000050828
      ✓ should mint for amount=1
[FEE] 121706046890860 93897 1000047651
      ✓ should mint for amount=1
[FEE] 121705684467522 93897 1000044673
      ✓ should mint for amount=1
[FEE] 121705344680430 93897 1000041881
      ✓ should mint for amount=1
[FEE] 121705026069181 93897 1000039263
      ✓ should mint for amount=1
[FEE] 121704727416773 93897 1000036809
      ✓ should mint for amount=1
[FEE] 121704447384503 93897 1000034508
      ✓ should mint for amount=1
[FEE] 121704184877069 93897 1000032351
      ✓ should mint for amount=1
[FEE] 121703938799168 93897 1000030329
      ✓ should mint for amount=1
[FEE] 121703708055498 93897 1000028433
      ✓ should mint for amount=1
[FEE] 121703491794158 93897 1000026656
      ✓ should mint for amount=1
[FEE] 121703289041545 93897 1000024990
      ✓ should mint for amount=1
[FEE] 121701802811708 93896 1000023428
      ✓ should mint for amount=1
[FEE] 121701624644442 93896 1000021964
      ✓ should mint for amount=1
[FEE] 121701457551782 93896 1000020591
      ✓ should mint for amount=1
[FEE] 121701300925231 93896 1000019304
      ✓ should mint for amount=1
[FEE] 121699858029153 93895 1000018098
      ✓ should mint for amount=1
[FEE] 121699720389105 93895 1000016967
      ✓ should mint for amount=1
[FEE] 121699591389590 93895 1000015907
      ✓ should mint for amount=1
[FEE] 121699470422120 93895 1000014913
      ✓ should mint for amount=1
[FEE] 121699356999905 93895 1000013981
      ✓ should mint for amount=1
[FEE] 121699250636154 93895 1000013107
      ✓ should mint for amount=1
[FEE] 121699150965774 93895 1000012288
      ✓ should mint for amount=1
[FEE] 121699057501975 93895 1000011520
      ✓ should mint for amount=1
[FEE] 121698969879663 93895 1000010800
      ✓ should mint for amount=1
[FEE] 121698887733745 93895 1000010125
      ✓ should mint for amount=1
[FEE] 121697514583141 93894 1000009492
      ✓ should mint for amount=1
[FEE] 121697442417200 93894 1000008899
      ✓ should mint for amount=1
[FEE] 121697374754024 93894 1000008343
      ✓ should mint for amount=1
[FEE] 121697311350221 93894 1000007822
      ✓ should mint for amount=1
[FEE] 121697251840701 93894 1000007333
      ✓ should mint for amount=1
[FEE] 121697196103769 93894 1000006875
      ✓ should mint for amount=1
[FEE] 121697143774334 93894 1000006445
      ✓ should mint for amount=1
[FEE] 121695798619185 93893 1000006042
      ✓ should mint for amount=1
[FEE] 121695752618451 93893 1000005664
      ✓ should mint for amount=1
[FEE] 121695709538398 93893 1000005310
      ✓ should mint for amount=1
[FEE] 121695669135637 93893 1000004978
      ✓ should mint for amount=1
[FEE] 121695631288473 93893 1000004667
      ✓ should mint for amount=1
[FEE] 121695595753514 93893 1000004375
      ✓ should mint for amount=1
[FEE] 121695562530762 93893 1000004102
      ✓ should mint for amount=1
[FEE] 121694235268155 93892 1000003846
      ✓ should mint for amount=1
[FEE] 121694206061651 93892 1000003606
      ✓ should mint for amount=1
[FEE] 121694178680554 93892 1000003381
      ✓ should mint for amount=1
[FEE] 121692856895375 93891 1000003170
      ✓ should mint for amount=1
[FEE] 121692832800265 93891 1000002972
      ✓ should mint for amount=1
[FEE] 121692810165466 93891 1000002786
      ✓ should mint for amount=1
[FEE] 121692788990976 93891 1000002612
      ✓ should mint for amount=1
[FEE] 121692769155103 93891 1000002449
      ✓ should mint for amount=1
[FEE] 121692750536155 93891 1000002296
      ✓ should mint for amount=1
[FEE] 121692733134132 93891 1000002153
      ✓ should mint for amount=1
[FEE] 121692716705648 93891 1000002018
      ✓ should mint for amount=1
[FEE] 121692701372397 93891 1000001892
      ✓ should mint for amount=1
[FEE] 121692687012685 93891 1000001774
      ✓ should mint for amount=1
[FEE] 121692673504821 93891 1000001663
      ✓ should mint for amount=1
[FEE] 121692660848804 93891 1000001559
      ✓ should mint for amount=1
[FEE] 121692649044634 93891 1000001462
      ✓ should mint for amount=1
[FEE] 121691341865157 93890 1000001371
      ✓ should mint for amount=1
[FEE] 121691331399716 93890 1000001285
      ✓ should mint for amount=1
[FEE] 121690025559174 93889 1000001205
      ✓ should mint for amount=1
[FEE] 121691312537584 93890 1000001130
      ✓ should mint for amount=1
[FEE] 121691303897510 93890 1000001059
      ✓ should mint for amount=1
[FEE] 121689999760920 93889 1000000993
      ✓ should mint for amount=1
[FEE] 121689992216148 93889 1000000931
      ✓ should mint for amount=1
[FEE] 121691281262952 93890 1000000873
      ✓ should mint for amount=1
[FEE] 121689978465191 93889 1000000818
      ✓ should mint for amount=1
[FEE] 121689972259007 93889 1000000767
      ✓ should mint for amount=1
[FEE] 121689966417893 93889 1000000719
      ✓ should mint for amount=1
[FEE] 121688664837290 93888 1000000674
      ✓ should mint for amount=1
[FEE] 121688659726369 93888 1000000632
      ✓ should mint for amount=1
[FEE] 121689951084969 93889 1000000593
      ✓ should mint for amount=1
[FEE] 121688650478037 93888 1000000556
      ✓ should mint for amount=1
[FEE] 121689942323297 93889 1000000521
      ✓ should mint for amount=1
[FEE] 121691234411849 93890 1000000488
      ✓ should mint for amount=1
[FEE] 121691230761114 93890 1000000458
      ✓ should mint for amount=1
[FEE] 121691227232070 93890 1000000429
      ✓ should mint for amount=1
[FEE] 121691223946408 93890 1000000402
      ✓ should mint for amount=1
[FEE] 121691220904129 93890 1000000377
      ✓ should mint for amount=1
[FEE] 121691217983541 93890 1000000353
      ✓ should mint for amount=1
[FEE] 121691215306335 93890 1000000331
      ✓ should mint for amount=1
[FEE] 121689916646733 93889 1000000310
      ✓ should mint for amount=1
[FEE] 121688618230562 93888 1000000291
      ✓ should mint for amount=1
[FEE] 121688616040168 93888 1000000273
      ✓ should mint for amount=1
[FEE] 121688613971462 93888 1000000256
      ✓ should mint for amount=1
[FEE] 121687315920448 93887 1000000240
      ✓ should mint for amount=1
[FEE] 121687314095139 93887 1000000225
      ✓ should mint for amount=1
[FEE] 121687312391517 93887 1000000211
      ✓ should mint for amount=1
[FEE] 121688606913524 93888 1000000198
      ✓ should mint for amount=1
[FEE] 121688605453261 93888 1000000186
      ✓ should mint for amount=1
[FEE] 121689900096909 93889 1000000174
      ✓ should mint for amount=1
[FEE] 121689898758321 93889 1000000163
      ✓ should mint for amount=1
[FEE] 121691193645306 93890 1000000153
      ✓ should mint for amount=1
[FEE] 121691192428394 93890 1000000143
      ✓ should mint for amount=1
[FEE] 121689895229314 93889 1000000134
      ✓ should mint for amount=1
[FEE] 121688598151946 93888 1000000126
      ✓ should mint for amount=1
[FEE] 121689893282276 93889 1000000118
      ✓ should mint for amount=1
[FEE] 121691188534276 93890 1000000111
      ✓ should mint for amount=1
[FEE] 121691187682438 93890 1000000104
      ✓ should mint for amount=1
[FEE] 121691186952291 93890 1000000098
      ✓ should mint for amount=1
[FEE] 121689890118339 93889 1000000092
      ✓ should mint for amount=1
[FEE] 121691185491997 93890 1000000086
      ✓ should mint for amount=1
[FEE] 121691184883541 93890 1000000081
      ✓ should mint for amount=1
[FEE] 121689888171301 93889 1000000076
      ✓ should mint for amount=1
[FEE] 121688591459074 93888 1000000071
      ✓ should mint for amount=1
[FEE] 121687294868548 93887 1000000067
      ✓ should mint for amount=1
[FEE] 121685998278031 93886 1000000063
      ✓ should mint for amount=1
[FEE] 121687293895049 93887 1000000059
      ✓ should mint for amount=1
[FEE] 121687293408300 93887 1000000055
      ✓ should mint for amount=1
[FEE] 121688589146991 93888 1000000052
      ✓ should mint for amount=1
[FEE] 121687292678176 93887 1000000049
      ✓ should mint for amount=1
[FEE] 121688588416860 93888 1000000046
      ✓ should mint for amount=1
[FEE] 121689884155535 93889 1000000043
      ✓ should mint for amount=1
[FEE] 121689883790465 93889 1000000040
      ✓ should mint for amount=1
[FEE] 121691179650820 93890 1000000038
      ✓ should mint for amount=1
[FEE] 121691179407438 93890 1000000036
      ✓ should mint for amount=1
[FEE] 121689883060326 93889 1000000034
      ✓ should mint for amount=1
[FEE] 121691178920673 93890 1000000032
      ✓ should mint for amount=1
[FEE] 121691178677291 93890 1000000030
      ✓ should mint for amount=1
[FEE] 121689882330187 93889 1000000028
      ✓ should mint for amount=1
[FEE] 121689882086807 93889 1000000026
      ✓ should mint for amount=1
[FEE] 121688585739711 93888 1000000024
      ✓ should mint for amount=1
[FEE] 121689881721738 93889 1000000023
      ✓ should mint for amount=1
[FEE] 121691177703762 93890 1000000022
      ✓ should mint for amount=1
[FEE] 121691177582070 93890 1000000021
      ✓ should mint for amount=1
[FEE] 121689881356668 93889 1000000020
      ✓ should mint for amount=1
[FEE] 121691177338688 93890 1000000019
      ✓ should mint for amount=1
[FEE] 121689881113288 93889 1000000018
      ✓ should mint for amount=1
[FEE] 121691177095306 93890 1000000017
      ✓ should mint for amount=1
[FEE] 121689880869908 93889 1000000016
      ✓ should mint for amount=1
[FEE] 121689880748218 93889 1000000015
      ✓ should mint for amount=1
[FEE] 121691176730232 93890 1000000014
      ✓ should mint for amount=1
[FEE] 121691176608541 93890 1000000013
      ✓ should mint for amount=1
[FEE] 121691176486850 93890 1000000012
      ✓ should mint for amount=1
[FEE] 121691176365159 93890 1000000011
      ✓ should mint for amount=1
[FEE] 121691176243468 93890 1000000010
      ✓ should mint for amount=1
[FEE] 121691176121776 93890 1000000009
      ✓ should mint for amount=1
[FEE] 121691176000085 93890 1000000008
      ✓ should mint for amount=1
[FEE] 121691176000085 93890 1000000008
      ✓ should mint for amount=1
[FEE] 121691176000085 93890 1000000008
      ✓ should mint for amount=1
[FEE] 121691176000085 93890 1000000008
      ✓ should mint for amount=1
[FEE] 121691176000085 93890 1000000008
      ✓ should mint for amount=1
[FEE] 121691176000085 93890 1000000008
      ✓ should mint for amount=1
[FEE] 121691176000085 93890 1000000008
      ✓ should mint for amount=1
[FEE] 121691176000085 93890 1000000008
      ✓ should mint for amount=1
[FEE] 121691176000085 93890 1000000008
      ✓ should mint for amount=1
[FEE] 121689879896389 93889 1000000008
      ✓ should mint for amount=1
[FEE] 121691176000085 93890 1000000008
      ✓ should mint for amount=1
[FEE] 121691176000085 93890 1000000008
      ✓ should mint for amount=1
[FEE] 121689879896389 93889 1000000008
      ✓ should mint for amount=1
[FEE] 121691176000085 93890 1000000008
      ✓ should mint for amount=1
[FEE] 121691176000085 93890 1000000008
      ✓ should mint for amount=1
[FEE] 121691176000085 93890 1000000008
      ✓ should mint for amount=1
[FEE] 121691176000085 93890 1000000008
      ✓ should mint for amount=1
[FEE] 121691176000085 93890 1000000008
      ✓ should mint for amount=1
[FEE] 121689879896389 93889 1000000008
      ✓ should mint for amount=1
[FEE] 121689879896389 93889 1000000008
      ✓ should mint for amount=1
[FEE] 121691176000085 93890 1000000008
      ✓ should mint for amount=1
[FEE] 121691176000085 93890 1000000008
      ✓ should mint for amount=1
[FEE] 121691176000085 93890 1000000008
      ✓ should mint for amount=1
[FEE] 121689879896389 93889 1000000008
      ✓ should mint for amount=1
[FEE] 121691176000085 93890 1000000008
      ✓ should mint for amount=1
[FEE] 121691176000085 93890 1000000008
      ✓ should mint for amount=1
[FEE] 121691176000085 93890 1000000008
      ✓ should mint for amount=1
[FEE] 121691176000085 93890 1000000008
      ✓ should mint for amount=1
[FEE] 121691176000085 93890 1000000008
      ✓ should mint for amount=1

·----------------------------------------|---------------------------|-------------|----------------------------·
|          [90mSolc version: 0.8.17[39m          ·  [90mOptimizer enabled: true[39m  ·  [90mRuns: 200[39m  ·  [90mBlock limit: 8000000 gas[39m  │
·········································|···························|·············|·····························
|  [32m[1mMethods[22m[39m                                                                                                      │
···················|·····················|·············|·············|·············|··············|··············
|  [1mContract[22m        ·  [1mMethod[22m             ·  [32mMin[39m        ·  [32mMax[39m        ·  [32mAvg[39m        ·  [1m# calls[22m     ·  [1musd (avg)[22m  │
···················|·····················|·············|·············|·············|··············|··············
|  [90mXPowerThorTest[39m  ·  init               ·          -  ·          -  ·      67353  ·           [90m1[39m  ·          [32m[90m-[32m[39m  │
···················|·····················|·············|·············|·············|··············|··············
|  [90mXPowerThorTest[39m  ·  mint               ·     [36m121709[39m  ·     [31m229547[39m  ·     126327  ·         [90m321[39m  ·          [32m[90m-[32m[39m  │
···················|·····················|·············|·············|·············|··············|··············
|  [90mXPowerThorTest[39m  ·  transferOwnership  ·          -  ·          -  ·      28656  ·           [90m1[39m  ·          [32m[90m-[32m[39m  │
···················|·····················|·············|·············|·············|··············|··············
|  [32m[1mDeployments[22m[39m                           ·                                         ·  [1m% of limit[22m  ·             │
·········································|·············|·············|·············|··············|··············
|  XPowerThorTest                        ·          -  ·          -  ·    3331941  ·      [90m41.6 %[39m  ·          [32m[90m-[32m[39m  │
·----------------------------------------|-------------|-------------|-------------|--------------|-------------·

  321 passing (22s)

