
> xpower@6.0.0 test-gas
> REPORT_GAS=true npm test ./test/contracts/XPower.fees.1-thor.test.js


> xpower@6.0.0 test
> hardhat test ./test/contracts/XPower.fees.1-thor.test.js


  XPowerThor
    mint
[FEE] 348784296808045 162287 1658186771
      ✓ should mint for amount=1
[FEE] 338606017338111 158013 1653339751
      ✓ should mint for amount=1
[FEE] 328235741823155 154006 1644403844
      ✓ should mint for amount=1
[FEE] 317845225235838 150249 1632166110
      ✓ should mint for amount=1
[FEE] 307567465947317 146727 1617300091
      ✓ should mint for amount=1
[FEE] 297500643828594 143425 1600380702
      ✓ should mint for amount=1
[FEE] 287716944711767 140329 1581897224
      ✓ should mint for amount=1
[FEE] 278270023160809 137427 1562264674
      ✓ should mint for amount=1
[FEE] 269193290363061 134706 1541833740
      ✓ should mint for amount=1
[FEE] 260509667308765 132155 1520899439
      ✓ should mint for amount=1
[FEE] 252232402723464 129764 1499708687
      ✓ should mint for amount=1
[FEE] 244363571830802 127522 1478466892
      ✓ should mint for amount=1
[FEE] 236901893166309 125420 1457343705
      ✓ should mint for amount=1
[FEE] 229842230346647 123450 1436478028
      ✓ should mint for amount=1
[FEE] 223173118711293 121603 1415982375
      ✓ should mint for amount=1
[FEE] 216881595133813 119871 1395946663
      ✓ should mint for amount=1
[FEE] 210955722395041 118248 1376441509
      ✓ should mint for amount=1
[FEE] 205376247353379 116725 1357521092
      ✓ should mint for amount=1
[FEE] 200131417770321 115298 1339225631
      ✓ should mint for amount=1
[FEE] 195201431590139 113959 1321583547
      ✓ should mint for amount=1
[FEE] 190574476093586 112705 1304613312
      ✓ should mint for amount=1
[FEE] 186233114667511 111530 1288325073
      ✓ should mint for amount=1
[FEE] 182158138894087 110427 1272722029
      ✓ should mint for amount=1
[FEE] 178338619999269 109394 1257801631
      ✓ should mint for amount=1
[FEE] 174757064155517 108425 1243556620
      ✓ should mint for amount=1
[FEE] 171401053481980 107517 1229975904
      ✓ should mint for amount=1
[FEE] 168255175848481 106665 1217045317
      ✓ should mint for amount=1
[FEE] 165309062376992 105867 1204748268
      ✓ should mint for amount=1
[FEE] 162549464479796 105119 1193066295
      ✓ should mint for amount=1
[FEE] 159965037365100 104418 1181979531
      ✓ should mint for amount=1
[FEE] 157543252131438 103760 1171467104
      ✓ should mint for amount=1
[FEE] 155274990402391 103143 1161507468
      ✓ should mint for amount=1
[FEE] 153151435933808 102565 1152078689
      ✓ should mint for amount=1
[FEE] 151161117995188 102022 1143158676
      ✓ should mint for amount=1
[FEE] 149298847160542 101514 1134725378
      ✓ should mint for amount=1
[FEE] 147555271303327 101038 1126756942
      ✓ should mint for amount=1
[FEE] 145922830843935 100592 1119231843
      ✓ should mint for amount=1
[FEE] 144394258122720 100174 1112128992
      ✓ should mint for amount=1
[FEE] 142961134585726 99781 1105427816
      ✓ should mint for amount=1
[FEE] 141619619064142 99413 1099108323
      ✓ should mint for amount=1
[FEE] 140363231637764 99068 1093151154
      ✓ should mint for amount=1
[FEE] 139187151134200 98745 1087537613
      ✓ should mint for amount=1
[FEE] 138083960592775 98441 1082249697
      ✓ should mint for amount=1
[FEE] 137050683537279 98156 1077270106
      ✓ should mint for amount=1
[FEE] 136083115746620 97889 1072582253
      ✓ should mint for amount=1
[FEE] 135178617237489 97640 1068170263
      ✓ should mint for amount=1
[FEE] 134330559773042 97406 1064018967
      ✓ should mint for amount=1
[FEE] 133535267185258 97186 1060113894
      ✓ should mint for amount=1
[FEE] 132790583171730 96980 1056441256
      ✓ should mint for amount=1
[FEE] 132093111104384 96787 1052987934
      ✓ should mint for amount=1
[FEE] 131439589864164 96606 1049741458
      ✓ should mint for amount=1
[FEE] 130825529249462 96435 1046689988
      ✓ should mint for amount=1
[FEE] 130251985087804 96276 1043822291
      ✓ should mint for amount=1
[FEE] 129713335559191 96126 1041127723
      ✓ should mint for amount=1
[FEE] 129208130999982 95985 1038596201
      ✓ should mint for amount=1
[FEE] 128737694192009 95855 1036218184
      ✓ should mint for amount=1
[FEE] 128295365493026 95732 1033984648
      ✓ should mint for amount=1
[FEE] 127881295706886 95617 1031887066
      ✓ should mint for amount=1
[FEE] 127493026406075 95509 1029917380
      ✓ should mint for amount=1
[FEE] 127128177364178 95407 1028067985
      ✓ should mint for amount=1
[FEE] 126787101363119 95312 1026331704
      ✓ should mint for amount=1
[FEE] 126468873683345 95224 1024701766
      ✓ should mint for amount=1
[FEE] 126168647919020 95140 1023171787
      ✓ should mint for amount=1
[FEE] 125888275082721 95062 1021735752
      ✓ should mint for amount=1
[FEE] 125625672824664 94989 1020387993
      ✓ should mint for amount=1
[FEE] 125378812152572 94920 1019123171
      ✓ should mint for amount=1
[FEE] 125148352464833 94856 1017936259
      ✓ should mint for amount=1
[FEE] 124932352108005 94796 1016822526
      ✓ should mint for amount=1
[FEE] 124730230013536 94740 1015777520
      ✓ should mint for amount=1
[FEE] 124540125584029 94687 1014797052
      ✓ should mint for amount=1
[FEE] 124362844894424 94638 1013877182
      ✓ should mint for amount=1
[FEE] 124195282030243 94591 1013014206
      ✓ should mint for amount=1
[FEE] 124039616670517 94548 1012204639
      ✓ should mint for amount=1
[FEE] 123892804497178 94507 1011445208
      ✓ should mint for amount=1
[FEE] 123755764754938 94469 1010732835
      ✓ should mint for amount=1
[FEE] 123626819062462 94433 1010064628
      ✓ should mint for amount=1
[FEE] 123506931949807 94400 1009437870
      ✓ should mint for amount=1
[FEE] 123394470947304 94369 1008850008
      ✓ should mint for amount=1
[FEE] 123287826843561 94339 1008298645
      ✓ should mint for amount=1
[FEE] 123188024152045 94311 1007781529
      ✓ should mint for amount=1
[FEE] 123094796663143 94285 1007296545
      ✓ should mint for amount=1
[FEE] 123006589874172 94260 1006841708
      ✓ should mint for amount=1
[FEE] 122924475714047 94237 1006415153
      ✓ should mint for amount=1
[FEE] 122848234637333 94216 1006015130
      ✓ should mint for amount=1
[FEE] 122776357482773 94196 1005639997
      ✓ should mint for amount=1
[FEE] 122708652512680 94177 1005288211
      ✓ should mint for amount=1
[FEE] 122643637634593 94158 1004958326
      ✓ should mint for amount=1
[FEE] 122585051679347 94142 1004648982
      ✓ should mint for amount=1
[FEE] 122528829193506 94126 1004358906
      ✓ should mint for amount=1
[FEE] 122477425774166 94112 1004086901
      ✓ should mint for amount=1
[FEE] 122429400287323 94099 1003831844
      ✓ should mint for amount=1
[FEE] 122383321836648 94086 1003592683
      ✓ should mint for amount=1
[FEE] 122340369622927 94074 1003368430
      ✓ should mint for amount=1
[FEE] 122300428941101 94063 1003158157
      ✓ should mint for amount=1
[FEE] 122262092622855 94052 1002960996
      ✓ should mint for amount=1
[FEE] 122225260525786 94041 1002776130
      ✓ should mint for amount=1
[FEE] 122192437967684 94032 1002602795
      ✓ should mint for amount=1
[FEE] 122160937042240 94023 1002440272
      ✓ should mint for amount=1
[FEE] 122131974433794 94015 1002287888
      ✓ should mint for amount=1
[FEE] 122104173466960 94007 1002145012
      ✓ should mint for amount=1
[FEE] 122078760431384 94000 1002011052
      ✓ should mint for amount=1
[FEE] 122055666828272 93994 1001885452
      ✓ should mint for amount=1
[FEE] 122033530111464 93988 1001767691
      ✓ should mint for amount=1
[FEE] 122012290532783 93982 1001657280
      ✓ should mint for amount=1
[FEE] 121993190252666 93977 1001553761
      ✓ should mint for amount=1
[FEE] 121974878491218 93972 1001456705
      ✓ should mint for amount=1
[FEE] 121956008045450 93966 1001365708
      ✓ should mint for amount=1
[FEE] 121940426506164 93962 1001280393
      ✓ should mint for amount=1
[FEE] 121925494569879 93958 1001200405
      ✓ should mint for amount=1
[FEE] 121911171724734 93954 1001125412
      ✓ should mint for amount=1
[FEE] 121897419901131 93950 1001055102
      ✓ should mint for amount=1
[FEE] 121882906085447 93945 1000989183
      ✓ should mint for amount=1
[FEE] 121871489004847 93942 1000927381
      ✓ should mint for amount=1
[FEE] 121860542377938 93939 1000869439
      ✓ should mint for amount=1
[FEE] 121850036817752 93936 1000815116
      ✓ should mint for amount=1
[FEE] 121841241861423 93934 1000764186
      ✓ should mint for amount=1
[FEE] 121832834441926 93932 1000716437
      ✓ should mint for amount=1
[FEE] 121824790429405 93930 1000671671
      ✓ should mint for amount=1
[FEE] 121817087156944 93928 1000629702
      ✓ should mint for amount=1
[FEE] 121809703176933 93926 1000590354
      ✓ should mint for amount=1
[FEE] 121802618747880 93924 1000553465
      ✓ should mint for amount=1
[FEE] 121795814982101 93922 1000518880
      ✓ should mint for amount=1
[FEE] 121789274454280 93920 1000486456
      ✓ should mint for amount=1
[FEE] 121782980714405 93918 1000456058
      ✓ should mint for amount=1
[FEE] 121776918287661 93916 1000427559
      ✓ should mint for amount=1
[FEE] 121772369419268 93915 1000400841
      ✓ should mint for amount=1
[FEE] 121768023774622 93914 1000375792
      ✓ should mint for amount=1
[FEE] 121763868688249 93913 1000352308
      ✓ should mint for amount=1
[FEE] 121759892225537 93912 1000330291
      ✓ should mint for amount=1
[FEE] 121756083304406 93911 1000309650
      ✓ should mint for amount=1
[FEE] 121752431451836 93910 1000290299
      ✓ should mint for amount=1
[FEE] 121748926803831 93909 1000272157
      ✓ should mint for amount=1
[FEE] 121744263792718 93907 1000255149
      ✓ should mint for amount=1
[FEE] 121741026540173 93906 1000239203
      ✓ should mint for amount=1
[FEE] 121737910674448 93905 1000224254
      ✓ should mint for amount=1
[FEE] 121736204900157 93905 1000210239
      ✓ should mint for amount=1
[FEE] 121733309385218 93904 1000197100
      ✓ should mint for amount=1
[FEE] 121731810169809 93904 1000184782
      ✓ should mint for amount=1
[FEE] 121730404670576 93904 1000173234
      ✓ should mint for amount=1
[FEE] 121729086923763 93904 1000162407
      ✓ should mint for amount=1
[FEE] 121727851574160 93904 1000152257
      ✓ should mint for amount=1
[FEE] 121725397099574 93903 1000142741
      ✓ should mint for amount=1
[FEE] 121723015065158 93902 1000133820
      ✓ should mint for amount=1
[FEE] 121720700843794 93901 1000125456
      ✓ should mint for amount=1
[FEE] 121718450295373 93900 1000117615
      ✓ should mint for amount=1
[FEE] 121717555648269 93900 1000110264
      ✓ should mint for amount=1
[FEE] 121716716985067 93900 1000103373
      ✓ should mint for amount=1
[FEE] 121713338196057 93898 1000096912
      ✓ should mint for amount=1
[FEE] 121712601049806 93898 1000090855
      ✓ should mint for amount=1
[FEE] 121711910028440 93898 1000085177
      ✓ should mint for amount=1
[FEE] 121709965882238 93897 1000079853
      ✓ should mint for amount=1
[FEE] 121709358476301 93897 1000074862
      ✓ should mint for amount=1
[FEE] 121708789040842 93897 1000070183
      ✓ should mint for amount=1
[FEE] 121708255263555 93897 1000065797
      ✓ should mint for amount=1
[FEE] 121707754832136 93897 1000061685
      ✓ should mint for amount=1
[FEE] 121705989499042 93896 1000057830
      ✓ should mint for amount=1
[FEE] 121705549679031 93896 1000054216
      ✓ should mint for amount=1
[FEE] 121705137362983 93896 1000050828
      ✓ should mint for amount=1
[FEE] 121704750725413 93896 1000047651
      ✓ should mint for amount=1
[FEE] 121704388305935 93896 1000044673
      ✓ should mint for amount=1
[FEE] 121702752364495 93895 1000041881
      ✓ should mint for amount=1
[FEE] 121702433760033 93895 1000039263
      ✓ should mint for amount=1
[FEE] 121700838962592 93894 1000036809
      ✓ should mint for amount=1
[FEE] 121700558939269 93894 1000034508
      ✓ should mint for amount=1
[FEE] 121700296440222 93894 1000032351
      ✓ should mint for amount=1
[FEE] 121700050370183 93894 1000030329
      ✓ should mint for amount=1
[FEE] 121699819633886 93894 1000028433
      ✓ should mint for amount=1
[FEE] 121698307241220 93893 1000026656
      ✓ should mint for amount=1
[FEE] 121698104497245 93893 1000024990
      ✓ should mint for amount=1
[FEE] 121697914409556 93893 1000023428
      ✓ should mint for amount=1
[FEE] 121697736247983 93893 1000021964
      ✓ should mint for amount=1
[FEE] 121696273030288 93892 1000020591
      ✓ should mint for amount=1
[FEE] 121696116410409 93892 1000019304
      ✓ should mint for amount=1
[FEE] 121695969647726 93892 1000018098
      ✓ should mint for amount=1
[FEE] 121695832012075 93892 1000016967
      ✓ should mint for amount=1
[FEE] 121695703016682 93892 1000015907
      ✓ should mint for amount=1
[FEE] 121695582053077 93892 1000014913
      ✓ should mint for amount=1
[FEE] 121695468634486 93892 1000013981
      ✓ should mint for amount=1
[FEE] 121695362274134 93892 1000013107
      ✓ should mint for amount=1
[FEE] 121695262606938 93892 1000012288
      ✓ should mint for amount=1
[FEE] 121695169146125 93892 1000011520
      ✓ should mint for amount=1
[FEE] 121695081526613 93892 1000010800
      ✓ should mint for amount=1
[FEE] 121694999383320 93892 1000010125
      ✓ should mint for amount=1
[FEE] 121693626235177 93891 1000009492
      ✓ should mint for amount=1
[FEE] 121692257956322 93890 1000008899
      ✓ should mint for amount=1
[FEE] 121692190296029 93890 1000008343
      ✓ should mint for amount=1
[FEE] 121692126894927 93890 1000007822
      ✓ should mint for amount=1
[FEE] 121692067387942 93890 1000007333
      ✓ should mint for amount=1
[FEE] 121690715540788 93889 1000006875
      ✓ should mint for amount=1
[FEE] 121691959326179 93890 1000006445
      ✓ should mint for amount=1
[FEE] 121690614173119 93889 1000006042
      ✓ should mint for amount=1
[FEE] 121691864285371 93890 1000005664
      ✓ should mint for amount=1
[FEE] 121691821206695 93890 1000005310
      ✓ should mint for amount=1
[FEE] 121691780805225 93890 1000004978
      ✓ should mint for amount=1
[FEE] 121691742959270 93890 1000004667
      ✓ should mint for amount=1
[FEE] 121691707425446 93890 1000004375
      ✓ should mint for amount=1
[FEE] 121691674203756 93890 1000004102
      ✓ should mint for amount=1
[FEE] 121691643050815 93890 1000003846
      ✓ should mint for amount=1
[FEE] 121691613844933 93890 1000003606
      ✓ should mint for amount=1
[FEE] 121691586464419 93890 1000003381
      ✓ should mint for amount=1
[FEE] 121690264679786 93889 1000003170
      ✓ should mint for amount=1
[FEE] 121691536692728 93890 1000002972
      ✓ should mint for amount=1
[FEE] 121691514058169 93890 1000002786
      ✓ should mint for amount=1
[FEE] 121691492883905 93890 1000002612
      ✓ should mint for amount=1
[FEE] 121691473048243 93890 1000002449
      ✓ should mint for amount=1
[FEE] 121691454429494 93890 1000002296
      ✓ should mint for amount=1
[FEE] 121691437027656 93890 1000002153
      ✓ should mint for amount=1
[FEE] 121691420599347 93890 1000002018
      ✓ should mint for amount=1
[FEE] 121691405266259 93890 1000001892
      ✓ should mint for amount=1
[FEE] 121691390906700 93890 1000001774
      ✓ should mint for amount=1
[FEE] 121690081293139 93889 1000001663
      ✓ should mint for amount=1
[FEE] 121691364743098 93890 1000001559
      ✓ should mint for amount=1
[FEE] 121690056833473 93889 1000001462
      ✓ should mint for amount=1
[FEE] 121690045759694 93889 1000001371
      ✓ should mint for amount=1
[FEE] 121690035294365 93889 1000001285
      ✓ should mint for amount=1
[FEE] 121688729453927 93888 1000001205
      ✓ should mint for amount=1
[FEE] 121690016432433 93889 1000001130
      ✓ should mint for amount=1
[FEE] 121688711687394 93888 1000001059
      ✓ should mint for amount=1
[FEE] 121688703655948 93888 1000000993
      ✓ should mint for amount=1
[FEE] 121687400006363 93887 1000000931
      ✓ should mint for amount=1
[FEE] 121688689053318 93888 1000000873
      ✓ should mint for amount=1
[FEE] 121689978465191 93889 1000000818
      ✓ should mint for amount=1
[FEE] 121689972259007 93889 1000000767
      ✓ should mint for amount=1
[FEE] 121689966417893 93889 1000000719
      ✓ should mint for amount=1
[FEE] 121691257046408 93890 1000000674
      ✓ should mint for amount=1
[FEE] 121691251935378 93890 1000000632
      ✓ should mint for amount=1
[FEE] 121691247189423 93890 1000000593
      ✓ should mint for amount=1
[FEE] 121691242686849 93890 1000000556
      ✓ should mint for amount=1
[FEE] 121691238427658 93890 1000000521
      ✓ should mint for amount=1
[FEE] 121691234411849 93890 1000000488
      ✓ should mint for amount=1
[FEE] 121691230761114 93890 1000000458
      ✓ should mint for amount=1
[FEE] 121691227232070 93890 1000000429
      ✓ should mint for amount=1
[FEE] 121691223946408 93890 1000000402
      ✓ should mint for amount=1
[FEE] 121691220904129 93890 1000000377
      ✓ should mint for amount=1
[FEE] 121691217983541 93890 1000000353
      ✓ should mint for amount=1
[FEE] 121689919202220 93889 1000000331
      ✓ should mint for amount=1
[FEE] 121689916646733 93889 1000000310
      ✓ should mint for amount=1
[FEE] 121691210438688 93890 1000000291
      ✓ should mint for amount=1
[FEE] 121691208248247 93890 1000000273
      ✓ should mint for amount=1
[FEE] 121689910075479 93889 1000000256
      ✓ should mint for amount=1
[FEE] 121689908128441 93889 1000000240
      ✓ should mint for amount=1
[FEE] 121691202407070 93890 1000000225
      ✓ should mint for amount=1
[FEE] 121691200703394 93890 1000000211
      ✓ should mint for amount=1
[FEE] 121691199121408 93890 1000000198
      ✓ should mint for amount=1
[FEE] 121691197661114 93890 1000000186
      ✓ should mint for amount=1
[FEE] 121691196200820 93890 1000000174
      ✓ should mint for amount=1
[FEE] 121691194862217 93890 1000000163
      ✓ should mint for amount=1
[FEE] 121689897541422 93889 1000000153
      ✓ should mint for amount=1
[FEE] 121691192428394 93890 1000000143
      ✓ should mint for amount=1
[FEE] 121691191333173 93890 1000000134
      ✓ should mint for amount=1
[FEE] 121691190359644 93890 1000000126
      ✓ should mint for amount=1
[FEE] 121691189386114 93890 1000000118
      ✓ should mint for amount=1
[FEE] 121691188534276 93890 1000000111
      ✓ should mint for amount=1
[FEE] 121691187682438 93890 1000000104
      ✓ should mint for amount=1
[FEE] 121691186952291 93890 1000000098
      ✓ should mint for amount=1
[FEE] 121691186222144 93890 1000000092
      ✓ should mint for amount=1
[FEE] 121691185491997 93890 1000000086
      ✓ should mint for amount=1
[FEE] 121691184883541 93890 1000000081
      ✓ should mint for amount=1
[FEE] 121691184275085 93890 1000000076
      ✓ should mint for amount=1
[FEE] 121691183666629 93890 1000000071
      ✓ should mint for amount=1
[FEE] 121689887076092 93889 1000000067
      ✓ should mint for amount=1
[FEE] 121689886589333 93889 1000000063
      ✓ should mint for amount=1
[FEE] 121691182206335 93890 1000000059
      ✓ should mint for amount=1
[FEE] 121691181719570 93890 1000000055
      ✓ should mint for amount=1
[FEE] 121691181354497 93890 1000000052
      ✓ should mint for amount=1
[FEE] 121691180989423 93890 1000000049
      ✓ should mint for amount=1
[FEE] 121691180624350 93890 1000000046
      ✓ should mint for amount=1
[FEE] 121689884155535 93889 1000000043
      ✓ should mint for amount=1
[FEE] 121689883790465 93889 1000000040
      ✓ should mint for amount=1
[FEE] 121691179650820 93890 1000000038
      ✓ should mint for amount=1
[FEE] 121691179407438 93890 1000000036
      ✓ should mint for amount=1
[FEE] 121691179164056 93890 1000000034
      ✓ should mint for amount=1
[FEE] 121689882816946 93889 1000000032
      ✓ should mint for amount=1
[FEE] 121691178677291 93890 1000000030
      ✓ should mint for amount=1
[FEE] 121691178433909 93890 1000000028
      ✓ should mint for amount=1
[FEE] 121691178190526 93890 1000000026
      ✓ should mint for amount=1
[FEE] 121689881843427 93889 1000000024
      ✓ should mint for amount=1
[FEE] 121688585618022 93888 1000000023
      ✓ should mint for amount=1
[FEE] 121687289392620 93887 1000000022
      ✓ should mint for amount=1
[FEE] 121687289270932 93887 1000000021
      ✓ should mint for amount=1
[FEE] 121687289149245 93887 1000000020
      ✓ should mint for amount=1
[FEE] 121687289027558 93887 1000000019
      ✓ should mint for amount=1
[FEE] 121687288905871 93887 1000000018
      ✓ should mint for amount=1
[FEE] 121688584887891 93888 1000000017
      ✓ should mint for amount=1
[FEE] 121689880869908 93889 1000000016
      ✓ should mint for amount=1
[FEE] 121689880748218 93889 1000000015
      ✓ should mint for amount=1
[FEE] 121689880626529 93889 1000000014
      ✓ should mint for amount=1
[FEE] 121689880504839 93889 1000000013
      ✓ should mint for amount=1
[FEE] 121689880383149 93889 1000000012
      ✓ should mint for amount=1
[FEE] 121688584157759 93888 1000000011
      ✓ should mint for amount=1
[FEE] 121688584036071 93888 1000000010
      ✓ should mint for amount=1
[FEE] 121689880018079 93889 1000000009
      ✓ should mint for amount=1
[FEE] 121688583792694 93888 1000000008
      ✓ should mint for amount=1
[FEE] 121689879896389 93889 1000000008
      ✓ should mint for amount=1
[FEE] 121691176000085 93890 1000000008
      ✓ should mint for amount=1
[FEE] 121691176000085 93890 1000000008
      ✓ should mint for amount=1
[FEE] 121691176000085 93890 1000000008
      ✓ should mint for amount=1
[FEE] 121691176000085 93890 1000000008
      ✓ should mint for amount=1
[FEE] 121691176000085 93890 1000000008
      ✓ should mint for amount=1
[FEE] 121689879896389 93889 1000000008
      ✓ should mint for amount=1
[FEE] 121689879896389 93889 1000000008
      ✓ should mint for amount=1
[FEE] 121691176000085 93890 1000000008
      ✓ should mint for amount=1
[FEE] 121691176000085 93890 1000000008
      ✓ should mint for amount=1
[FEE] 121689879896389 93889 1000000008
      ✓ should mint for amount=1
[FEE] 121688583792694 93888 1000000008
      ✓ should mint for amount=1
[FEE] 121688583792694 93888 1000000008
      ✓ should mint for amount=1
[FEE] 121688583792694 93888 1000000008
      ✓ should mint for amount=1
[FEE] 121688583792694 93888 1000000008
      ✓ should mint for amount=1
[FEE] 121688583792694 93888 1000000008
      ✓ should mint for amount=1
[FEE] 121687287688998 93887 1000000008
      ✓ should mint for amount=1
[FEE] 121688583792694 93888 1000000008
      ✓ should mint for amount=1
[FEE] 121689879896389 93889 1000000008
      ✓ should mint for amount=1
[FEE] 121691176000085 93890 1000000008
      ✓ should mint for amount=1
[FEE] 121691176000085 93890 1000000008
      ✓ should mint for amount=1
[FEE] 121691176000085 93890 1000000008
      ✓ should mint for amount=1
[FEE] 121691176000085 93890 1000000008
      ✓ should mint for amount=1
[FEE] 121691176000085 93890 1000000008
      ✓ should mint for amount=1
[FEE] 121689879896389 93889 1000000008
      ✓ should mint for amount=1
[FEE] 121691176000085 93890 1000000008
      ✓ should mint for amount=1
[FEE] 121691176000085 93890 1000000008
      ✓ should mint for amount=1
[FEE] 121691176000085 93890 1000000008
      ✓ should mint for amount=1
[FEE] 121691176000085 93890 1000000008
      ✓ should mint for amount=1
[FEE] 121691176000085 93890 1000000008
      ✓ should mint for amount=1
[FEE] 121691176000085 93890 1000000008
      ✓ should mint for amount=1
[FEE] 121691176000085 93890 1000000008
      ✓ should mint for amount=1
[FEE] 121691176000085 93890 1000000008
      ✓ should mint for amount=1
[FEE] 121691176000085 93890 1000000008
      ✓ should mint for amount=1

·----------------------------------------|---------------------------|-------------|----------------------------·
|          [90mSolc version: 0.8.17[39m          ·  [90mOptimizer enabled: true[39m  ·  [90mRuns: 200[39m  ·  [90mBlock limit: 8000000 gas[39m  │
·········································|···························|·············|·····························
|  [32m[1mMethods[22m[39m                                                                                                      │
···················|·····················|·············|·············|·············|··············|··············
|  [1mContract[22m        ·  [1mMethod[22m             ·  [32mMin[39m        ·  [32mMax[39m        ·  [32mAvg[39m        ·  [1m# calls[22m     ·  [1musd (avg)[22m  │
···················|·····················|·············|·············|·············|··············|··············
|  [90mXPowerThorTest[39m  ·  init               ·          -  ·          -  ·      67353  ·           [90m1[39m  ·          [32m[90m-[32m[39m  │
···················|·····················|·············|·············|·············|··············|··············
|  [90mXPowerThorTest[39m  ·  mint               ·     [36m121709[39m  ·     [31m229529[39m  ·     126217  ·         [90m327[39m  ·          [32m[90m-[32m[39m  │
···················|·····················|·············|·············|·············|··············|··············
|  [90mXPowerThorTest[39m  ·  transferOwnership  ·          -  ·          -  ·      28656  ·           [90m1[39m  ·          [32m[90m-[32m[39m  │
···················|·····················|·············|·············|·············|··············|··············
|  [32m[1mDeployments[22m[39m                           ·                                         ·  [1m% of limit[22m  ·             │
·········································|·············|·············|·············|··············|··············
|  XPowerThorTest                        ·          -  ·          -  ·    3331941  ·      [90m41.6 %[39m  ·          [32m[90m-[32m[39m  │
·----------------------------------------|-------------|-------------|-------------|--------------|-------------·

  327 passing (21s)

