
> xpower@6.0.0 test-gas
> REPORT_GAS=true npm test ./test/contracts/XPower.fees.1-thor.test.js


> xpower@6.0.0 test
> hardhat test ./test/contracts/XPower.fees.1-thor.test.js


  XPowerThor
    mint
[FEE] 348822982083776 162305 1658186771
      ✓ should mint for amount=1
[FEE] 338642448067531 158030 1653339758
      ✓ should mint for amount=1
[FEE] 328269842709647 154022 1644403843
      ✓ should mint for amount=1
[FEE] 317876953383098 150264 1632166091
      ✓ should mint for amount=1
[FEE] 307594707840665 146740 1617300046
      ✓ should mint for amount=1
[FEE] 297525518394584 143437 1600380613
      ✓ should mint for amount=1
[FEE] 287741524335295 140341 1581897092
      ✓ should mint for amount=1
[FEE] 278292266126930 137438 1562264503
      ✓ should mint for amount=1
[FEE] 269213237808961 134716 1541833532
      ✓ should mint for amount=1
[FEE] 260529337088860 132165 1520899190
      ✓ should mint for amount=1
[FEE] 252249848788281 129773 1499708402
      ✓ should mint for amount=1
[FEE] 244380765650283 127531 1478466575
      ✓ should mint for amount=1
[FEE] 236918837059500 125429 1457343361
      ✓ should mint for amount=1
[FEE] 229857066217103 123458 1436477661
      ✓ should mint for amount=1
[FEE] 223185904847737 121610 1415981990
      ✓ should mint for amount=1
[FEE] 216894198025388 119878 1395946263
      ✓ should mint for amount=1
[FEE] 210966363466775 118254 1376441098
      ✓ should mint for amount=1
[FEE] 205386740737820 116731 1357520672
      ✓ should mint for amount=1
[FEE] 200140032983283 115303 1339225205
      ✓ should mint for amount=1
[FEE] 195211645382767 113965 1321583116
      ✓ should mint for amount=1
[FEE] 190584558761705 112711 1304612882
      ✓ should mint for amount=1
[FEE] 186239732007490 111534 1288324645
      ✓ should mint for amount=1
[FEE] 182164676239545 110431 1272721603
      ✓ should mint for amount=1
[FEE] 178345081412303 109398 1257801211
      ✓ should mint for amount=1
[FEE] 174763453227741 108429 1243556207
      ✓ should mint for amount=1
[FEE] 171407373747051 107521 1229975499
      ✓ should mint for amount=1
[FEE] 168263008183954 106670 1217044921
      ✓ should mint for amount=1
[FEE] 165316816940224 105872 1204747883
      ✓ should mint for amount=1
[FEE] 162557145346058 105124 1193065922
      ✓ should mint for amount=1
[FEE] 159971116378838 104422 1181979170
      ✓ should mint for amount=1
[FEE] 157547760223756 103763 1171466755
      ✓ should mint for amount=1
[FEE] 155277956218222 103145 1161507131
      ✓ should mint for amount=1
[FEE] 153154379156001 102567 1152078364
      ✓ should mint for amount=1
[FEE] 151165521562159 102025 1143158363
      ✓ should mint for amount=1
[FEE] 149303219721232 101517 1134725077
      ✓ should mint for amount=1
[FEE] 147556693850573 101039 1126756653
      ✓ should mint for amount=1
[FEE] 145922794729322 100592 1119231566
      ✓ should mint for amount=1
[FEE] 144391340718092 100172 1112128726
      ✓ should mint for amount=1
[FEE] 142959668858727 99780 1105427561
      ✓ should mint for amount=1
[FEE] 141618163066819 99412 1099108079
      ✓ should mint for amount=1
[FEE] 140360367917730 99066 1093150920
      ✓ should mint for amount=1
[FEE] 139184303471384 98743 1087537390
      ✓ should mint for amount=1
[FEE] 138082530708614 98440 1082249484
      ✓ should mint for amount=1
[FEE] 137049261458056 98155 1077269903
      ✓ should mint for amount=1
[FEE] 136083091259881 97889 1072582060
      ✓ should mint for amount=1
[FEE] 135178594078553 97640 1068170080
      ✓ should mint for amount=1
[FEE] 134330537805842 97406 1064018793
      ✓ should mint for amount=1
[FEE] 133535246401341 97186 1060113729
      ✓ should mint for amount=1
[FEE] 132790563563133 96980 1056441100
      ✓ should mint for amount=1
[FEE] 132093092538378 96787 1052987786
      ✓ should mint for amount=1
[FEE] 131439572334569 96606 1049741318
      ✓ should mint for amount=1
[FEE] 130828225862981 96437 1046689855
      ✓ should mint for amount=1
[FEE] 130254675293357 96278 1043822166
      ✓ should mint for amount=1
[FEE] 129717368961042 96129 1041127604
      ✓ should mint for amount=1
[FEE] 129214847583133 95990 1038596088
      ✓ should mint for amount=1
[FEE] 128743053082815 95859 1036218077
      ✓ should mint for amount=1
[FEE] 128299373414634 95735 1033984547
      ✓ should mint for amount=1
[FEE] 127885296107164 95620 1031886970
      ✓ should mint for amount=1
[FEE] 127497019903800 95512 1029917290
      ✓ should mint for amount=1
[FEE] 127133496783678 95411 1028067900
      ✓ should mint for amount=1
[FEE] 126792412409182 95316 1026331624
      ✓ should mint for amount=1
[FEE] 126472848662322 95227 1024701690
      ✓ should mint for amount=1
[FEE] 126173943710445 95144 1023171716
      ✓ should mint for amount=1
[FEE] 125893563929184 95066 1021735685
      ✓ should mint for amount=1
[FEE] 125630955182609 94993 1020387930
      ✓ should mint for amount=1
[FEE] 125385409217103 94925 1019123111
      ✓ should mint for amount=1
[FEE] 125154942334335 94861 1017936203
      ✓ should mint for amount=1
[FEE] 124938935255782 94801 1016822474
      ✓ should mint for amount=1
[FEE] 124734173655457 94743 1015777471
      ✓ should mint for amount=1
[FEE] 124544065785136 94690 1014797006
      ✓ should mint for amount=1
[FEE] 124364153709912 94639 1013877139
      ✓ should mint for amount=1
[FEE] 124196589975047 94592 1013014165
      ✓ should mint for amount=1
[FEE] 124040923935958 94549 1012204601
      ✓ should mint for amount=1
[FEE] 123894111025321 94508 1011445172
      ✓ should mint for amount=1
[FEE] 123757070606431 94470 1010732801
      ✓ should mint for amount=1
[FEE] 123628124294269 94434 1010064596
      ✓ should mint for amount=1
[FEE] 123506928279241 94400 1009437840
      ✓ should mint for amount=1
[FEE] 123393159948390 94368 1008849980
      ✓ should mint for amount=1
[FEE] 123285209823077 94337 1008298618
      ✓ should mint for amount=1
[FEE] 123186714784567 94310 1007781503
      ✓ should mint for amount=1
[FEE] 123093488047333 94284 1007296520
      ✓ should mint for amount=1
[FEE] 123006586942075 94260 1006841684
      ✓ should mint for amount=1
[FEE] 122924473026946 94237 1006415131
      ✓ should mint for amount=1
[FEE] 122848232195059 94216 1006015110
      ✓ should mint for amount=1
[FEE] 122776355163105 94196 1005639978
      ✓ should mint for amount=1
[FEE] 122707347479873 94176 1005288194
      ✓ should mint for amount=1
[FEE] 122642333151808 94157 1004958310
      ✓ should mint for amount=1
[FEE] 122582445590623 94140 1004648967
      ✓ should mint for amount=1
[FEE] 122527525610290 94125 1004358891
      ✓ should mint for amount=1
[FEE] 122476122665746 94111 1004086887
      ✓ should mint for amount=1
[FEE] 122428097631680 94098 1003831831
      ✓ should mint for amount=1
[FEE] 122382019613146 94085 1003592671
      ✓ should mint for amount=1
[FEE] 122339067690267 94073 1003368418
      ✓ should mint for amount=1
[FEE] 122299127403061 94062 1003158146
      ✓ should mint for amount=1
[FEE] 122260791340514 94051 1002960985
      ✓ should mint for amount=1
[FEE] 122225259306917 94041 1002776120
      ✓ should mint for amount=1
[FEE] 122192436748931 94032 1002602785
      ✓ should mint for amount=1
[FEE] 122162235211988 94024 1002440263
      ✓ should mint for amount=1
[FEE] 122133272527984 94016 1002287880
      ✓ should mint for amount=1
[FEE] 122106770381729 94009 1002145005
      ✓ should mint for amount=1
[FEE] 122081356998965 94002 1002011045
      ✓ should mint for amount=1
[FEE] 122056964522908 93995 1001885445
      ✓ should mint for amount=1
[FEE] 122034827653524 93989 1001767684
      ✓ should mint for amount=1
[FEE] 122012289801920 93982 1001657274
      ✓ should mint for amount=1
[FEE] 121990593408618 93975 1001553756
      ✓ should mint for amount=1
[FEE] 121972281898792 93970 1001456700
      ✓ should mint for amount=1
[FEE] 121953411810732 93964 1001365704
      ✓ should mint for amount=1
[FEE] 121935234966216 93958 1001280389
      ✓ should mint for amount=1
[FEE] 121919005785114 93953 1001200401
      ✓ should mint for amount=1
[FEE] 121905980988314 93950 1001125408
      ✓ should mint for amount=1
[FEE] 121893527000450 93947 1001055098
      ✓ should mint for amount=1
[FEE] 121880310826869 93943 1000989179
      ✓ should mint for amount=1
[FEE] 121868893906488 93940 1000927377
      ✓ should mint for amount=1
[FEE] 121857947429793 93937 1000869435
      ✓ should mint for amount=1
[FEE] 121848739170594 93935 1000815112
      ✓ should mint for amount=1
[FEE] 121838647186141 93932 1000764182
      ✓ should mint for amount=1
[FEE] 121830240012172 93930 1000716434
      ✓ should mint for amount=1
[FEE] 121822196115703 93928 1000671668
      ✓ should mint for amount=1
[FEE] 121814492952042 93926 1000629699
      ✓ should mint for amount=1
[FEE] 121807109195772 93924 1000590352
      ✓ should mint for amount=1
[FEE] 121800024862348 93922 1000553463
      ✓ should mint for amount=1
[FEE] 121791924410020 93919 1000518878
      ✓ should mint for amount=1
[FEE] 121785384008279 93917 1000486454
      ✓ should mint for amount=1
[FEE] 121780387081388 93916 1000456056
      ✓ should mint for amount=1
[FEE] 121775621386368 93915 1000427557
      ✓ should mint for amount=1
[FEE] 121771072552607 93914 1000400839
      ✓ should mint for amount=1
[FEE] 121766726940429 93913 1000375790
      ✓ should mint for amount=1
[FEE] 121761275324186 93911 1000352306
      ✓ should mint for amount=1
[FEE] 121757299040266 93910 1000330290
      ✓ should mint for amount=1
[FEE] 121753490172642 93909 1000309649
      ✓ should mint for amount=1
[FEE] 121749838370235 93908 1000290298
      ✓ should mint for amount=1
[FEE] 121746333769260 93907 1000272156
      ✓ should mint for amount=1
[FEE] 121742967236621 93906 1000255148
      ✓ should mint for amount=1
[FEE] 121739730126456 93905 1000239203
      ✓ should mint for amount=1
[FEE] 121736614280107 93904 1000224254
      ✓ should mint for amount=1
[FEE] 121734908523980 93904 1000210239
      ✓ should mint for amount=1
[FEE] 121732013026071 93903 1000197100
      ✓ should mint for amount=1
[FEE] 121729217483444 93902 1000184782
      ✓ should mint for amount=1
[FEE] 121726515685932 93901 1000173234
      ✓ should mint for amount=1
[FEE] 121725197981218 93901 1000162407
      ✓ should mint for amount=1
[FEE] 121723962671081 93901 1000152257
      ✓ should mint for amount=1
[FEE] 121721508233496 93900 1000142741
      ✓ should mint for amount=1
[FEE] 121720422510898 93900 1000133820
      ✓ should mint for amount=1
[FEE] 121719404577504 93900 1000125456
      ✓ should mint for amount=1
[FEE] 121718450295373 93900 1000117615
      ✓ should mint for amount=1
[FEE] 121717555648269 93900 1000110264
      ✓ should mint for amount=1
[FEE] 121716716985067 93900 1000103373
      ✓ should mint for amount=1
[FEE] 121715930654644 93900 1000096912
      ✓ should mint for amount=1
[FEE] 121715193492692 93900 1000090855
      ✓ should mint for amount=1
[FEE] 121714502456608 93900 1000085177
      ✓ should mint for amount=1
[FEE] 121713854503787 93900 1000079853
      ✓ should mint for amount=1
[FEE] 121713247078444 93900 1000074862
      ✓ should mint for amount=1
[FEE] 121712677624792 93900 1000070183
      ✓ should mint for amount=1
[FEE] 121712143830451 93900 1000065797
      ✓ should mint for amount=1
[FEE] 121711643383043 93900 1000061685
      ✓ should mint for amount=1
[FEE] 121711174213599 93900 1000057830
      ✓ should mint for amount=1
[FEE] 121709438200896 93899 1000054216
      ✓ should mint for amount=1
[FEE] 121709025871674 93899 1000050828
      ✓ should mint for amount=1
[FEE] 121708639221752 93899 1000047651
      ✓ should mint for amount=1
[FEE] 121708276790694 93899 1000044673
      ✓ should mint for amount=1
[FEE] 121707936996365 93899 1000041881
      ✓ should mint for amount=1
[FEE] 121707618378330 93899 1000039263
      ✓ should mint for amount=1
[FEE] 121707319719561 93899 1000036809
      ✓ should mint for amount=1
[FEE] 121707039681326 93899 1000034508
      ✓ should mint for amount=1
[FEE] 121706777168300 93899 1000032351
      ✓ should mint for amount=1
[FEE] 121703938799168 93897 1000030329
      ✓ should mint for amount=1
[FEE] 121703708055498 93897 1000028433
      ✓ should mint for amount=1
[FEE] 121703491794158 93897 1000026656
      ✓ should mint for amount=1
[FEE] 121703289041545 93897 1000024990
      ✓ should mint for amount=1
[FEE] 121703098945758 93897 1000023428
      ✓ should mint for amount=1
[FEE] 121701624644442 93896 1000021964
      ✓ should mint for amount=1
[FEE] 121701457551782 93896 1000020591
      ✓ should mint for amount=1
[FEE] 121700004796526 93895 1000019304
      ✓ should mint for amount=1
[FEE] 121698561902011 93894 1000018098
      ✓ should mint for amount=1
[FEE] 121698424263428 93894 1000016967
      ✓ should mint for amount=1
[FEE] 121698295265287 93894 1000015907
      ✓ should mint for amount=1
[FEE] 121698174299106 93894 1000014913
      ✓ should mint for amount=1
[FEE] 121698060878099 93894 1000013981
      ✓ should mint for amount=1
[FEE] 121697954515481 93894 1000013107
      ✓ should mint for amount=1
[FEE] 121697854846162 93894 1000012288
      ✓ should mint for amount=1
[FEE] 121696465264742 93893 1000011520
      ✓ should mint for amount=1
[FEE] 121696377644296 93893 1000010800
      ✓ should mint for amount=1
[FEE] 121696295500128 93893 1000010125
      ✓ should mint for amount=1
[FEE] 121694922351165 93892 1000009492
      ✓ should mint for amount=1
[FEE] 121694850186761 93892 1000008899
      ✓ should mint for amount=1
[FEE] 121694782525027 93892 1000008343
      ✓ should mint for amount=1
[FEE] 121693423008750 93891 1000007822
      ✓ should mint for amount=1
[FEE] 121693363501132 93891 1000007333
      ✓ should mint for amount=1
[FEE] 121693307765980 93891 1000006875
      ✓ should mint for amount=1
[FEE] 121693255438218 93891 1000006445
      ✓ should mint for amount=1
[FEE] 121693206396152 93891 1000006042
      ✓ should mint for amount=1
[FEE] 121693160396398 93891 1000005664
      ✓ should mint for amount=1
[FEE] 121693117317263 93891 1000005310
      ✓ should mint for amount=1
[FEE] 121693076915362 93891 1000004978
      ✓ should mint for amount=1
[FEE] 121693039069004 93891 1000004667
      ✓ should mint for amount=1
[FEE] 121693003534802 93891 1000004375
      ✓ should mint for amount=1
[FEE] 121691674203756 93890 1000004102
      ✓ should mint for amount=1
[FEE] 121690346942145 93889 1000003846
      ✓ should mint for amount=1
[FEE] 121691613844933 93890 1000003606
      ✓ should mint for amount=1
[FEE] 121690290356351 93889 1000003381
      ✓ should mint for amount=1
[FEE] 121691560787581 93890 1000003170
      ✓ should mint for amount=1
[FEE] 121691536692728 93890 1000002972
      ✓ should mint for amount=1
[FEE] 121691514058169 93890 1000002786
      ✓ should mint for amount=1
[FEE] 121690196776834 93889 1000002612
      ✓ should mint for amount=1
[FEE] 121690176941384 93889 1000002449
      ✓ should mint for amount=1
[FEE] 121690158322832 93889 1000002296
      ✓ should mint for amount=1
[FEE] 121690140921180 93889 1000002153
      ✓ should mint for amount=1
[FEE] 121688828386745 93888 1000002018
      ✓ should mint for amount=1
[FEE] 121690109160121 93889 1000001892
      ✓ should mint for amount=1
[FEE] 121688798694731 93888 1000001774
      ✓ should mint for amount=1
[FEE] 121690081293139 93889 1000001663
      ✓ should mint for amount=1
[FEE] 121691364743098 93890 1000001559
      ✓ should mint for amount=1
[FEE] 121691352939054 93890 1000001462
      ✓ should mint for amount=1
[FEE] 121691341865157 93890 1000001371
      ✓ should mint for amount=1
[FEE] 121690035294365 93889 1000001285
      ✓ should mint for amount=1
[FEE] 121690025559174 93889 1000001205
      ✓ should mint for amount=1
[FEE] 121691312537584 93890 1000001130
      ✓ should mint for amount=1
[FEE] 121691303897510 93890 1000001059
      ✓ should mint for amount=1
[FEE] 121689999760920 93889 1000000993
      ✓ should mint for amount=1
[FEE] 121691288321040 93890 1000000931
      ✓ should mint for amount=1
[FEE] 121691281262952 93890 1000000873
      ✓ should mint for amount=1
[FEE] 121689978465191 93889 1000000818
      ✓ should mint for amount=1
[FEE] 121691268363687 93890 1000000767
      ✓ should mint for amount=1
[FEE] 121691262522511 93890 1000000719
      ✓ should mint for amount=1
[FEE] 121691257046408 93890 1000000674
      ✓ should mint for amount=1
[FEE] 121689955830874 93889 1000000632
      ✓ should mint for amount=1
[FEE] 121691247189423 93890 1000000593
      ✓ should mint for amount=1
[FEE] 121691242686849 93890 1000000556
      ✓ should mint for amount=1
[FEE] 121691238427658 93890 1000000521
      ✓ should mint for amount=1
[FEE] 121691234411849 93890 1000000488
      ✓ should mint for amount=1
[FEE] 121689934656835 93889 1000000458
      ✓ should mint for amount=1
[FEE] 121689931127828 93889 1000000429
      ✓ should mint for amount=1
[FEE] 121689927842202 93889 1000000402
      ✓ should mint for amount=1
[FEE] 121688628695781 93888 1000000377
      ✓ should mint for amount=1
[FEE] 121689921879398 93889 1000000353
      ✓ should mint for amount=1
[FEE] 121691215306335 93890 1000000331
      ✓ should mint for amount=1
[FEE] 121691212750820 93890 1000000310
      ✓ should mint for amount=1
[FEE] 121691210438688 93890 1000000291
      ✓ should mint for amount=1
[FEE] 121691208248247 93890 1000000273
      ✓ should mint for amount=1
[FEE] 121691206179497 93890 1000000256
      ✓ should mint for amount=1
[FEE] 121691204232438 93890 1000000240
      ✓ should mint for amount=1
[FEE] 121691202407070 93890 1000000225
      ✓ should mint for amount=1
[FEE] 121691200703394 93890 1000000211
      ✓ should mint for amount=1
[FEE] 121689903017466 93889 1000000198
      ✓ should mint for amount=1
[FEE] 121691197661114 93890 1000000186
      ✓ should mint for amount=1
[FEE] 121691196200820 93890 1000000174
      ✓ should mint for amount=1
[FEE] 121691194862217 93890 1000000163
      ✓ should mint for amount=1
[FEE] 121691193645306 93890 1000000153
      ✓ should mint for amount=1
[FEE] 121689896324523 93889 1000000143
      ✓ should mint for amount=1
[FEE] 121689895229314 93889 1000000134
      ✓ should mint for amount=1
[FEE] 121688598151946 93888 1000000126
      ✓ should mint for amount=1
[FEE] 121688597178438 93888 1000000118
      ✓ should mint for amount=1
[FEE] 121688596326618 93888 1000000111
      ✓ should mint for amount=1
[FEE] 121689891578618 93889 1000000104
      ✓ should mint for amount=1
[FEE] 121688594744666 93888 1000000098
      ✓ should mint for amount=1
[FEE] 121687297910730 93887 1000000092
      ✓ should mint for amount=1
[FEE] 121687297180606 93887 1000000086
      ✓ should mint for amount=1
[FEE] 121688592675960 93888 1000000081
      ✓ should mint for amount=1
[FEE] 121689888171301 93889 1000000076
      ✓ should mint for amount=1
[FEE] 121689887562852 93889 1000000071
      ✓ should mint for amount=1
[FEE] 121689887076092 93889 1000000067
      ✓ should mint for amount=1
[FEE] 121691182693100 93890 1000000063
      ✓ should mint for amount=1
[FEE] 121691182206335 93890 1000000059
      ✓ should mint for amount=1
[FEE] 121691181719570 93890 1000000055
      ✓ should mint for amount=1
[FEE] 121691181354497 93890 1000000052
      ✓ should mint for amount=1
[FEE] 121691180989423 93890 1000000049
      ✓ should mint for amount=1
[FEE] 121691180624350 93890 1000000046
      ✓ should mint for amount=1
[FEE] 121689884155535 93889 1000000043
      ✓ should mint for amount=1
[FEE] 121689883790465 93889 1000000040
      ✓ should mint for amount=1
[FEE] 121688587443351 93888 1000000038
      ✓ should mint for amount=1
[FEE] 121688587199974 93888 1000000036
      ✓ should mint for amount=1
[FEE] 121688586956597 93888 1000000034
      ✓ should mint for amount=1
[FEE] 121687290609493 93887 1000000032
      ✓ should mint for amount=1
[FEE] 121687290366118 93887 1000000030
      ✓ should mint for amount=1
[FEE] 121685994019022 93886 1000000028
      ✓ should mint for amount=1
[FEE] 121685993775650 93886 1000000026
      ✓ should mint for amount=1
[FEE] 121685993532278 93886 1000000024
      ✓ should mint for amount=1
[FEE] 121687289514307 93887 1000000023
      ✓ should mint for amount=1
[FEE] 121688585496334 93888 1000000022
      ✓ should mint for amount=1
[FEE] 121689881478358 93889 1000000021
      ✓ should mint for amount=1
[FEE] 121691177460379 93890 1000000020
      ✓ should mint for amount=1
[FEE] 121691177338688 93890 1000000019
      ✓ should mint for amount=1
[FEE] 121691177216997 93890 1000000018
      ✓ should mint for amount=1
[FEE] 121691177095306 93890 1000000017
      ✓ should mint for amount=1
[FEE] 121689880869908 93889 1000000016
      ✓ should mint for amount=1
[FEE] 121691176851923 93890 1000000015
      ✓ should mint for amount=1
[FEE] 121691176730232 93890 1000000014
      ✓ should mint for amount=1
[FEE] 121691176608541 93890 1000000013
      ✓ should mint for amount=1
[FEE] 121691176486850 93890 1000000012
      ✓ should mint for amount=1
[FEE] 121691176365159 93890 1000000011
      ✓ should mint for amount=1
[FEE] 121691176243468 93890 1000000010
      ✓ should mint for amount=1
[FEE] 121691176121776 93890 1000000009
      ✓ should mint for amount=1
[FEE] 121691176000085 93890 1000000008
      ✓ should mint for amount=1
[FEE] 121691176000085 93890 1000000008
      ✓ should mint for amount=1
[FEE] 121691176000085 93890 1000000008
      ✓ should mint for amount=1
[FEE] 121691176000085 93890 1000000008
      ✓ should mint for amount=1
[FEE] 121689879896389 93889 1000000008
      ✓ should mint for amount=1
[FEE] 121689879896389 93889 1000000008
      ✓ should mint for amount=1
[FEE] 121691176000085 93890 1000000008
      ✓ should mint for amount=1
[FEE] 121691176000085 93890 1000000008
      ✓ should mint for amount=1
[FEE] 121691176000085 93890 1000000008
      ✓ should mint for amount=1
[FEE] 121691176000085 93890 1000000008
      ✓ should mint for amount=1
[FEE] 121691176000085 93890 1000000008
      ✓ should mint for amount=1
[FEE] 121689879896389 93889 1000000008
      ✓ should mint for amount=1
[FEE] 121691176000085 93890 1000000008
      ✓ should mint for amount=1
[FEE] 121691176000085 93890 1000000008
      ✓ should mint for amount=1
[FEE] 121691176000085 93890 1000000008
      ✓ should mint for amount=1
[FEE] 121691176000085 93890 1000000008
      ✓ should mint for amount=1
[FEE] 121691176000085 93890 1000000008
      ✓ should mint for amount=1
[FEE] 121691176000085 93890 1000000008
      ✓ should mint for amount=1
[FEE] 121691176000085 93890 1000000008
      ✓ should mint for amount=1
[FEE] 121691176000085 93890 1000000008
      ✓ should mint for amount=1
[FEE] 121691176000085 93890 1000000008
      ✓ should mint for amount=1
[FEE] 121691176000085 93890 1000000008
      ✓ should mint for amount=1
[FEE] 121691176000085 93890 1000000008
      ✓ should mint for amount=1
[FEE] 121691176000085 93890 1000000008
      ✓ should mint for amount=1
[FEE] 121691176000085 93890 1000000008
      ✓ should mint for amount=1
[FEE] 121691176000085 93890 1000000008
      ✓ should mint for amount=1
[FEE] 121691176000085 93890 1000000008
      ✓ should mint for amount=1
[FEE] 121691176000085 93890 1000000008
      ✓ should mint for amount=1
[FEE] 121691176000085 93890 1000000008
      ✓ should mint for amount=1
[FEE] 121691176000085 93890 1000000008
      ✓ should mint for amount=1
[FEE] 121691176000085 93890 1000000008
      ✓ should mint for amount=1
[FEE] 121689879896389 93889 1000000008
      ✓ should mint for amount=1
[FEE] 121691176000085 93890 1000000008
      ✓ should mint for amount=1
[FEE] 121691176000085 93890 1000000008
      ✓ should mint for amount=1
[FEE] 121691176000085 93890 1000000008
      ✓ should mint for amount=1
[FEE] 121691176000085 93890 1000000008
      ✓ should mint for amount=1
[FEE] 121691176000085 93890 1000000008
      ✓ should mint for amount=1
[FEE] 121691176000085 93890 1000000008
      ✓ should mint for amount=1
[FEE] 121691176000085 93890 1000000008
      ✓ should mint for amount=1
[FEE] 121689879896389 93889 1000000008
      ✓ should mint for amount=1
[FEE] 121691176000085 93890 1000000008
      ✓ should mint for amount=1
[FEE] 121689879896389 93889 1000000008
      ✓ should mint for amount=1
[FEE] 121691176000085 93890 1000000008
      ✓ should mint for amount=1
[FEE] 121691176000085 93890 1000000008
      ✓ should mint for amount=1
[FEE] 121691176000085 93890 1000000008
      ✓ should mint for amount=1
[FEE] 121689879896389 93889 1000000008
      ✓ should mint for amount=1

·----------------------------------------|---------------------------|-------------|----------------------------·
|          [90mSolc version: 0.8.17[39m          ·  [90mOptimizer enabled: true[39m  ·  [90mRuns: 200[39m  ·  [90mBlock limit: 8000000 gas[39m  │
·········································|···························|·············|·····························
|  [32m[1mMethods[22m[39m                                                                                                      │
···················|·····················|·············|·············|·············|··············|··············
|  [1mContract[22m        ·  [1mMethod[22m             ·  [32mMin[39m        ·  [32mMax[39m        ·  [32mAvg[39m        ·  [1m# calls[22m     ·  [1musd (avg)[22m  │
···················|·····················|·············|·············|·············|··············|··············
|  [90mXPowerThorTest[39m  ·  init               ·          -  ·          -  ·      67353  ·           [90m1[39m  ·          [32m[90m-[32m[39m  │
···················|·····················|·············|·············|·············|··············|··············
|  [90mXPowerThorTest[39m  ·  mint               ·     [36m121697[39m  ·     [31m229535[39m  ·     126092  ·         [90m338[39m  ·          [32m[90m-[32m[39m  │
···················|·····················|·············|·············|·············|··············|··············
|  [90mXPowerThorTest[39m  ·  transferOwnership  ·          -  ·          -  ·      28656  ·           [90m1[39m  ·          [32m[90m-[32m[39m  │
···················|·····················|·············|·············|·············|··············|··············
|  [32m[1mDeployments[22m[39m                           ·                                         ·  [1m% of limit[22m  ·             │
·········································|·············|·············|·············|··············|··············
|  XPowerThorTest                        ·          -  ·          -  ·    3331941  ·      [90m41.6 %[39m  ·          [32m[90m-[32m[39m  │
·----------------------------------------|-------------|-------------|-------------|--------------|-------------·

  338 passing (22s)

