
> xpower@6.0.0 test-gas
> REPORT_GAS=true npm test ./test/contracts/XPower.fees.1-thor.test.js


> xpower@6.0.0 test
> hardhat test ./test/contracts/XPower.fees.1-thor.test.js


  XPowerThor
    mint
[FEE] 348812236173851 162300 1658186771
      ✓ should mint for amount=1
[FEE] 338631735412114 158025 1653339767
      ✓ should mint for amount=1
[FEE] 328259192108901 154017 1644403873
      ✓ should mint for amount=1
[FEE] 317868503047554 150260 1632166150
      ✓ should mint for amount=1
[FEE] 307588437913278 146737 1617300144
      ✓ should mint for amount=1
[FEE] 297517248871540 143433 1600380761
      ✓ should mint for amount=1
[FEE] 287731306289801 140336 1581897276
      ✓ should mint for amount=1
[FEE] 278284203928711 137434 1562264712
      ✓ should mint for amount=1
[FEE] 269207283712065 134713 1541833767
      ✓ should mint for amount=1
[FEE] 260523468753072 132162 1520899455
      ✓ should mint for amount=1
[FEE] 252242122958799 129769 1499708695
      ✓ should mint for amount=1
[FEE] 244373151905723 127527 1478466885
      ✓ should mint for amount=1
[FEE] 236911334420332 125425 1457343686
      ✓ should mint for amount=1
[FEE] 229849673004245 123454 1436477999
      ✓ should mint for amount=1
[FEE] 223178618501886 121606 1415982337
      ✓ should mint for amount=1
[FEE] 216887016017046 119874 1395946618
      ✓ should mint for amount=1
[FEE] 210959282600389 118250 1376441458
      ✓ should mint for amount=1
[FEE] 205381517345321 116728 1357521036
      ✓ should mint for amount=1
[FEE] 200136616577952 115301 1339225574
      ✓ should mint for amount=1
[FEE] 195206561898782 113962 1321583490
      ✓ should mint for amount=1
[FEE] 190577849741351 112707 1304613256
      ✓ should mint for amount=1
[FEE] 186234776230709 111531 1288325016
      ✓ should mint for amount=1
[FEE] 182161429752120 110429 1272721971
      ✓ should mint for amount=1
[FEE] 178340242300512 109395 1257801575
      ✓ should mint for amount=1
[FEE] 174757056566895 108425 1243556566
      ✓ should mint for amount=1
[FEE] 171401045956908 107517 1229975850
      ✓ should mint for amount=1
[FEE] 168256745938141 106666 1217045264
      ✓ should mint for amount=1
[FEE] 165310616857651 105868 1204748217
      ✓ should mint for amount=1
[FEE] 162551004141343 105120 1193066246
      ✓ should mint for amount=1
[FEE] 159966562972248 104419 1181979484
      ✓ should mint for amount=1
[FEE] 157544764422444 103761 1171467059
      ✓ should mint for amount=1
[FEE] 155276490088032 103144 1161507425
      ✓ should mint for amount=1
[FEE] 153152923696860 102566 1152078648
      ✓ should mint for amount=1
[FEE] 151164076142420 102024 1143158637
      ✓ should mint for amount=1
[FEE] 149301783735746 101516 1134725341
      ✓ should mint for amount=1
[FEE] 147558187376478 101040 1126756906
      ✓ should mint for amount=1
[FEE] 145925727692039 100594 1119231809
      ✓ should mint for amount=1
[FEE] 144394253967971 100174 1112128960
      ✓ should mint for amount=1
[FEE] 142962563325630 99782 1105427785
      ✓ should mint for amount=1
[FEE] 141621039885816 99414 1099108294
      ✓ should mint for amount=1
[FEE] 140364644879700 99069 1093151126
      ✓ should mint for amount=1
[FEE] 139188557368097 98746 1087537587
      ✓ should mint for amount=1
[FEE] 138086762818608 98443 1082249672
      ✓ should mint for amount=1
[FEE] 137054869372385 98159 1077270083
      ✓ should mint for amount=1
[FEE] 136085893437828 97891 1072582232
      ✓ should mint for amount=1
[FEE] 135179999165847 97641 1068170243
      ✓ should mint for amount=1
[FEE] 134331936453204 97407 1064018948
      ✓ should mint for amount=1
[FEE] 133536638935424 97187 1060113876
      ✓ should mint for amount=1
[FEE] 132791950292279 96981 1056441239
      ✓ should mint for amount=1
[FEE] 132094473878770 96788 1052987918
      ✓ should mint for amount=1
[FEE] 131440948559747 96607 1049741443
      ✓ should mint for amount=1
[FEE] 130829597355803 96438 1046689974
      ✓ should mint for amount=1
[FEE] 130256042171320 96279 1043822278
      ✓ should mint for amount=1
[FEE] 129717382292509 96129 1041127711
      ✓ should mint for amount=1
[FEE] 129214860273258 95990 1038596190
      ✓ should mint for amount=1
[FEE] 128741722088212 95858 1036218174
      ✓ should mint for amount=1
[FEE] 128299384830223 95735 1033984639
      ✓ should mint for amount=1
[FEE] 127885306889372 95620 1031887057
      ✓ should mint for amount=1
[FEE] 127497030054864 95512 1029917372
      ✓ should mint for amount=1
[FEE] 127133506429357 95411 1028067978
      ✓ should mint for amount=1
[FEE] 126792421427559 95316 1026331697
      ✓ should mint for amount=1
[FEE] 126472857178583 95227 1024701759
      ✓ should mint for amount=1
[FEE] 126172625589301 95143 1023171781
      ✓ should mint for amount=1
[FEE] 125892247293071 95065 1021735747
      ✓ should mint for amount=1
[FEE] 125629639794982 94992 1020387988
      ✓ should mint for amount=1
[FEE] 125382774205315 94923 1019123166
      ✓ should mint for amount=1
[FEE] 125152309902908 94859 1017936254
      ✓ should mint for amount=1
[FEE] 124936305338798 94799 1016822522
      ✓ should mint for amount=1
[FEE] 124734179181311 94743 1015777516
      ✓ should mint for amount=1
[FEE] 124544070939714 94690 1014797048
      ✓ should mint for amount=1
[FEE] 124365472706338 94640 1013877179
      ✓ should mint for amount=1
[FEE] 124199220576770 94594 1013014203
      ✓ should mint for amount=1
[FEE] 124042240269750 94550 1012204637
      ✓ should mint for amount=1
[FEE] 123895426127914 94509 1011445206
      ✓ should mint for amount=1
[FEE] 123758384539154 94471 1010732833
      ✓ should mint for amount=1
[FEE] 123629437114641 94435 1010064626
      ✓ should mint for amount=1
[FEE] 123508240041244 94401 1009437868
      ✓ should mint for amount=1
[FEE] 123394470702680 94369 1008850006
      ✓ should mint for amount=1
[FEE] 123289133458602 94340 1008298643
      ✓ should mint for amount=1
[FEE] 123189330096922 94312 1007781527
      ✓ should mint for amount=1
[FEE] 123096101979499 94286 1007296543
      ✓ should mint for amount=1
[FEE] 123007894601077 94261 1006841706
      ✓ should mint for amount=1
[FEE] 122925779888151 94238 1006415151
      ✓ should mint for amount=1
[FEE] 122849538415136 94217 1006015129
      ✓ should mint for amount=1
[FEE] 122776357360685 94196 1005639996
      ✓ should mint for amount=1
[FEE] 122707349432863 94176 1005288210
      ✓ should mint for amount=1
[FEE] 122644940042744 94159 1004958325
      ✓ should mint for amount=1
[FEE] 122586353686576 94143 1004648981
      ✓ should mint for amount=1
[FEE] 122531432578066 94128 1004358905
      ✓ should mint for amount=1
[FEE] 122478727052918 94113 1004086900
      ✓ should mint for amount=1
[FEE] 122428099095209 94098 1003831843
      ✓ should mint for amount=1
[FEE] 122382020954529 94085 1003592682
      ✓ should mint for amount=1
[FEE] 122339069031479 94073 1003368429
      ✓ should mint for amount=1
[FEE] 122299128744116 94062 1003158157
      ✓ should mint for amount=1
[FEE] 122260792681412 94051 1002960996
      ✓ should mint for amount=1
[FEE] 122225260525786 94041 1002776130
      ✓ should mint for amount=1
[FEE] 122192437967684 94032 1002602795
      ✓ should mint for amount=1
[FEE] 122159637775709 94022 1002440272
      ✓ should mint for amount=1
[FEE] 122130675364769 94014 1002287888
      ✓ should mint for amount=1
[FEE] 122104173466960 94007 1002145012
      ✓ should mint for amount=1
[FEE] 122077461721167 93999 1002011052
      ✓ should mint for amount=1
[FEE] 122053069733419 93992 1001885452
      ✓ should mint for amount=1
[FEE] 122030933321871 93986 1001767691
      ✓ should mint for amount=1
[FEE] 122008395777706 93979 1001657280
      ✓ should mint for amount=1
[FEE] 121989295900104 93974 1001553761
      ✓ should mint for amount=1
[FEE] 121970984516040 93969 1001456705
      ✓ should mint for amount=1
[FEE] 121954710171665 93965 1001365708
      ✓ should mint for amount=1
[FEE] 121939128742956 93961 1001280393
      ✓ should mint for amount=1
[FEE] 121924196910344 93957 1001200405
      ✓ should mint for amount=1
[FEE] 121908576600062 93952 1001125412
      ✓ should mint for amount=1
[FEE] 121896122429924 93949 1001055102
      ✓ should mint for amount=1
[FEE] 121882906085447 93945 1000989183
      ✓ should mint for amount=1
[FEE] 121871489004847 93942 1000927381
      ✓ should mint for amount=1
[FEE] 121859245147370 93938 1000869439
      ✓ should mint for amount=1
[FEE] 121848739657592 93935 1000815116
      ✓ should mint for amount=1
[FEE] 121839944767273 93933 1000764186
      ✓ should mint for amount=1
[FEE] 121831537409664 93931 1000716437
      ✓ should mint for amount=1
[FEE] 121823493455165 93929 1000671671
      ✓ should mint for amount=1
[FEE] 121814493317255 93926 1000629702
      ✓ should mint for amount=1
[FEE] 121805812570397 93923 1000590354
      ✓ should mint for amount=1
[FEE] 121798728284779 93921 1000553465
      ✓ should mint for amount=1
[FEE] 121793221429685 93920 1000518880
      ✓ should mint for amount=1
[FEE] 121786680985915 93918 1000486456
      ✓ should mint for amount=1
[FEE] 121781684019621 93917 1000456058
      ✓ should mint for amount=1
[FEE] 121776918287661 93916 1000427559
      ✓ should mint for amount=1
[FEE] 121772369419268 93915 1000400841
      ✓ should mint for amount=1
[FEE] 121768023774622 93914 1000375792
      ✓ should mint for amount=1
[FEE] 121762572127936 93912 1000352308
      ✓ should mint for amount=1
[FEE] 121758595693760 93911 1000330291
      ✓ should mint for amount=1
[FEE] 121753490294358 93909 1000309650
      ✓ should mint for amount=1
[FEE] 121749838491950 93908 1000290299
      ✓ should mint for amount=1
[FEE] 121746333890973 93907 1000272157
      ✓ should mint for amount=1
[FEE] 121742967358333 93906 1000255149
      ✓ should mint for amount=1
[FEE] 121739730126456 93905 1000239203
      ✓ should mint for amount=1
[FEE] 121737910674448 93905 1000224254
      ✓ should mint for amount=1
[FEE] 121736204900157 93905 1000210239
      ✓ should mint for amount=1
[FEE] 121734605744366 93905 1000197100
      ✓ should mint for amount=1
[FEE] 121730513826627 93903 1000184782
      ✓ should mint for amount=1
[FEE] 121729108342361 93903 1000173234
      ✓ should mint for amount=1
[FEE] 121727790609581 93903 1000162407
      ✓ should mint for amount=1
[FEE] 121725258972107 93902 1000152257
      ✓ should mint for amount=1
[FEE] 121724100810881 93902 1000142741
      ✓ should mint for amount=1
[FEE] 121721718788028 93901 1000133820
      ✓ should mint for amount=1
[FEE] 121719404577504 93900 1000125456
      ✓ should mint for amount=1
[FEE] 121718450295373 93900 1000117615
      ✓ should mint for amount=1
[FEE] 121717555648269 93900 1000110264
      ✓ should mint for amount=1
[FEE] 121716716985067 93900 1000103373
      ✓ should mint for amount=1
[FEE] 121713338196057 93898 1000096912
      ✓ should mint for amount=1
[FEE] 121711304828363 93897 1000090855
      ✓ should mint for amount=1
[FEE] 121710613814357 93897 1000085177
      ✓ should mint for amount=1
[FEE] 121709965882238 93897 1000079853
      ✓ should mint for amount=1
[FEE] 121709358476301 93897 1000074862
      ✓ should mint for amount=1
[FEE] 121708789040842 93897 1000070183
      ✓ should mint for amount=1
[FEE] 121708255263555 93897 1000065797
      ✓ should mint for amount=1
[FEE] 121707754832136 93897 1000061685
      ✓ should mint for amount=1
[FEE] 121705989499042 93896 1000057830
      ✓ should mint for amount=1
[FEE] 121705549679031 93896 1000054216
      ✓ should mint for amount=1
[FEE] 121705137362983 93896 1000050828
      ✓ should mint for amount=1
[FEE] 121704750725413 93896 1000047651
      ✓ should mint for amount=1
[FEE] 121704388305935 93896 1000044673
      ✓ should mint for amount=1
[FEE] 121704048522462 93896 1000041881
      ✓ should mint for amount=1
[FEE] 121703729914607 93896 1000039263
      ✓ should mint for amount=1
[FEE] 121703431265380 93896 1000036809
      ✓ should mint for amount=1
[FEE] 121703151236092 93896 1000034508
      ✓ should mint for amount=1
[FEE] 121702888731453 93896 1000032351
      ✓ should mint for amount=1
[FEE] 121702642656173 93896 1000030329
      ✓ should mint for amount=1
[FEE] 121702411914961 93896 1000028433
      ✓ should mint for amount=1
[FEE] 121702195655924 93896 1000026656
      ✓ should mint for amount=1
[FEE] 121701992905470 93896 1000024990
      ✓ should mint for amount=1
[FEE] 121701802811708 93896 1000023428
      ✓ should mint for amount=1
[FEE] 121701624644442 93896 1000021964
      ✓ should mint for amount=1
[FEE] 121701457551782 93896 1000020591
      ✓ should mint for amount=1
[FEE] 121701300925231 93896 1000019304
      ✓ should mint for amount=1
[FEE] 121699858029153 93895 1000018098
      ✓ should mint for amount=1
[FEE] 121699720389105 93895 1000016967
      ✓ should mint for amount=1
[FEE] 121699591389590 93895 1000015907
      ✓ should mint for amount=1
[FEE] 121699470422120 93895 1000014913
      ✓ should mint for amount=1
[FEE] 121699356999905 93895 1000013981
      ✓ should mint for amount=1
[FEE] 121697954515481 93894 1000013107
      ✓ should mint for amount=1
[FEE] 121697854846162 93894 1000012288
      ✓ should mint for amount=1
[FEE] 121697761383358 93894 1000011520
      ✓ should mint for amount=1
[FEE] 121697673761980 93894 1000010800
      ✓ should mint for amount=1
[FEE] 121697591616937 93894 1000010125
      ✓ should mint for amount=1
[FEE] 121697514583141 93894 1000009492
      ✓ should mint for amount=1
[FEE] 121697442417200 93894 1000008899
      ✓ should mint for amount=1
[FEE] 121696078639526 93893 1000008343
      ✓ should mint for amount=1
[FEE] 121696015236398 93893 1000007822
      ✓ should mint for amount=1
[FEE] 121695955727512 93893 1000007333
      ✓ should mint for amount=1
[FEE] 121695899991173 93893 1000006875
      ✓ should mint for amount=1
[FEE] 121695847662295 93893 1000006445
      ✓ should mint for amount=1
[FEE] 121695798619185 93893 1000006042
      ✓ should mint for amount=1
[FEE] 121695752618451 93893 1000005664
      ✓ should mint for amount=1
[FEE] 121694413427831 93892 1000005310
      ✓ should mint for amount=1
[FEE] 121694373025500 93892 1000004978
      ✓ should mint for amount=1
[FEE] 121694335178738 93892 1000004667
      ✓ should mint for amount=1
[FEE] 121693003534802 93891 1000004375
      ✓ should mint for amount=1
[FEE] 121692970312758 93891 1000004102
      ✓ should mint for amount=1
[FEE] 121691643050815 93890 1000003846
      ✓ should mint for amount=1
[FEE] 121691613844933 93890 1000003606
      ✓ should mint for amount=1
[FEE] 121690290356351 93889 1000003381
      ✓ should mint for amount=1
[FEE] 121688968571992 93888 1000003170
      ✓ should mint for amount=1
[FEE] 121690240585190 93889 1000002972
      ✓ should mint for amount=1
[FEE] 121690217950873 93889 1000002786
      ✓ should mint for amount=1
[FEE] 121690196776834 93889 1000002612
      ✓ should mint for amount=1
[FEE] 121688880834524 93888 1000002449
      ✓ should mint for amount=1
[FEE] 121687566109510 93887 1000002296
      ✓ should mint for amount=1
[FEE] 121688844814704 93888 1000002153
      ✓ should mint for amount=1
[FEE] 121687532280444 93887 1000002018
      ✓ should mint for amount=1
[FEE] 121688813053984 93888 1000001892
      ✓ should mint for amount=1
[FEE] 121687502588746 93887 1000001774
      ✓ should mint for amount=1
[FEE] 121687489081457 93887 1000001663
      ✓ should mint for amount=1
[FEE] 121688772531685 93888 1000001559
      ✓ should mint for amount=1
[FEE] 121690056833473 93889 1000001462
      ✓ should mint for amount=1
[FEE] 121691341865157 93890 1000001371
      ✓ should mint for amount=1
[FEE] 121690035294365 93889 1000001285
      ✓ should mint for amount=1
[FEE] 121690025559174 93889 1000001205
      ✓ should mint for amount=1
[FEE] 121688720327283 93888 1000001130
      ✓ should mint for amount=1
[FEE] 121690007792452 93889 1000001059
      ✓ should mint for amount=1
[FEE] 121691295865893 93890 1000000993
      ✓ should mint for amount=1
[FEE] 121691288321040 93890 1000000931
      ✓ should mint for amount=1
[FEE] 121691281262952 93890 1000000873
      ✓ should mint for amount=1
[FEE] 121691274569937 93890 1000000818
      ✓ should mint for amount=1
[FEE] 121691268363687 93890 1000000767
      ✓ should mint for amount=1
[FEE] 121691262522511 93890 1000000719
      ✓ should mint for amount=1
[FEE] 121689960941849 93889 1000000674
      ✓ should mint for amount=1
[FEE] 121691251935378 93890 1000000632
      ✓ should mint for amount=1
[FEE] 121691247189423 93890 1000000593
      ✓ should mint for amount=1
[FEE] 121691242686849 93890 1000000556
      ✓ should mint for amount=1
[FEE] 121691238427658 93890 1000000521
      ✓ should mint for amount=1
[FEE] 121691234411849 93890 1000000488
      ✓ should mint for amount=1
[FEE] 121691230761114 93890 1000000458
      ✓ should mint for amount=1
[FEE] 121691227232070 93890 1000000429
      ✓ should mint for amount=1
[FEE] 121691223946408 93890 1000000402
      ✓ should mint for amount=1
[FEE] 121691220904129 93890 1000000377
      ✓ should mint for amount=1
[FEE] 121689921879398 93889 1000000353
      ✓ should mint for amount=1
[FEE] 121689919202220 93889 1000000331
      ✓ should mint for amount=1
[FEE] 121689916646733 93889 1000000310
      ✓ should mint for amount=1
[FEE] 121691210438688 93890 1000000291
      ✓ should mint for amount=1
[FEE] 121691208248247 93890 1000000273
      ✓ should mint for amount=1
[FEE] 121689910075479 93889 1000000256
      ✓ should mint for amount=1
[FEE] 121689908128441 93889 1000000240
      ✓ should mint for amount=1
[FEE] 121691202407070 93890 1000000225
      ✓ should mint for amount=1
[FEE] 121691200703394 93890 1000000211
      ✓ should mint for amount=1
[FEE] 121691199121408 93890 1000000198
      ✓ should mint for amount=1
[FEE] 121691197661114 93890 1000000186
      ✓ should mint for amount=1
[FEE] 121691196200820 93890 1000000174
      ✓ should mint for amount=1
[FEE] 121691194862217 93890 1000000163
      ✓ should mint for amount=1
[FEE] 121689897541422 93889 1000000153
      ✓ should mint for amount=1
[FEE] 121688600220652 93888 1000000143
      ✓ should mint for amount=1
[FEE] 121689895229314 93889 1000000134
      ✓ should mint for amount=1
[FEE] 121691190359644 93890 1000000126
      ✓ should mint for amount=1
[FEE] 121691189386114 93890 1000000118
      ✓ should mint for amount=1
[FEE] 121689892430447 93889 1000000111
      ✓ should mint for amount=1
[FEE] 121689891578618 93889 1000000104
      ✓ should mint for amount=1
[FEE] 121689890848478 93889 1000000098
      ✓ should mint for amount=1
[FEE] 121688594014534 93888 1000000092
      ✓ should mint for amount=1
[FEE] 121688593284403 93888 1000000086
      ✓ should mint for amount=1
[FEE] 121687296572170 93887 1000000081
      ✓ should mint for amount=1
[FEE] 121688592067517 93888 1000000076
      ✓ should mint for amount=1
[FEE] 121688591459074 93888 1000000071
      ✓ should mint for amount=1
[FEE] 121689887076092 93889 1000000067
      ✓ should mint for amount=1
[FEE] 121691182693100 93890 1000000063
      ✓ should mint for amount=1
[FEE] 121691182206335 93890 1000000059
      ✓ should mint for amount=1
[FEE] 121691181719570 93890 1000000055
      ✓ should mint for amount=1
[FEE] 121691181354497 93890 1000000052
      ✓ should mint for amount=1
[FEE] 121691180989423 93890 1000000049
      ✓ should mint for amount=1
[FEE] 121691180624350 93890 1000000046
      ✓ should mint for amount=1
[FEE] 121689884155535 93889 1000000043
      ✓ should mint for amount=1
[FEE] 121688587686728 93888 1000000040
      ✓ should mint for amount=1
[FEE] 121688587443351 93888 1000000038
      ✓ should mint for amount=1
[FEE] 121689883303706 93889 1000000036
      ✓ should mint for amount=1
[FEE] 121689883060326 93889 1000000034
      ✓ should mint for amount=1
[FEE] 121688586713220 93888 1000000032
      ✓ should mint for amount=1
[FEE] 121688586469842 93888 1000000030
      ✓ should mint for amount=1
[FEE] 121688586226465 93888 1000000028
      ✓ should mint for amount=1
[FEE] 121689882086807 93889 1000000026
      ✓ should mint for amount=1
[FEE] 121688585739711 93888 1000000024
      ✓ should mint for amount=1
[FEE] 121689881721738 93889 1000000023
      ✓ should mint for amount=1
[FEE] 121689881600048 93889 1000000022
      ✓ should mint for amount=1
[FEE] 121691177582070 93890 1000000021
      ✓ should mint for amount=1
[FEE] 121691177460379 93890 1000000020
      ✓ should mint for amount=1
[FEE] 121691177338688 93890 1000000019
      ✓ should mint for amount=1
[FEE] 121691177216997 93890 1000000018
      ✓ should mint for amount=1
[FEE] 121691177095306 93890 1000000017
      ✓ should mint for amount=1
[FEE] 121691176973615 93890 1000000016
      ✓ should mint for amount=1
[FEE] 121691176851923 93890 1000000015
      ✓ should mint for amount=1
[FEE] 121691176730232 93890 1000000014
      ✓ should mint for amount=1
[FEE] 121691176608541 93890 1000000013
      ✓ should mint for amount=1
[FEE] 121691176486850 93890 1000000012
      ✓ should mint for amount=1
[FEE] 121689880261459 93889 1000000011
      ✓ should mint for amount=1
[FEE] 121689880139769 93889 1000000010
      ✓ should mint for amount=1
[FEE] 121689880018079 93889 1000000009
      ✓ should mint for amount=1
[FEE] 121691176000085 93890 1000000008
      ✓ should mint for amount=1
[FEE] 121691176000085 93890 1000000008
      ✓ should mint for amount=1
[FEE] 121689879896389 93889 1000000008
      ✓ should mint for amount=1
[FEE] 121691176000085 93890 1000000008
      ✓ should mint for amount=1
[FEE] 121691176000085 93890 1000000008
      ✓ should mint for amount=1
[FEE] 121689879896389 93889 1000000008
      ✓ should mint for amount=1
[FEE] 121689879896389 93889 1000000008
      ✓ should mint for amount=1
[FEE] 121688583792694 93888 1000000008
      ✓ should mint for amount=1
[FEE] 121689879896389 93889 1000000008
      ✓ should mint for amount=1
[FEE] 121691176000085 93890 1000000008
      ✓ should mint for amount=1
[FEE] 121689879896389 93889 1000000008
      ✓ should mint for amount=1
[FEE] 121691176000085 93890 1000000008
      ✓ should mint for amount=1
[FEE] 121691176000085 93890 1000000008
      ✓ should mint for amount=1
[FEE] 121691176000085 93890 1000000008
      ✓ should mint for amount=1
[FEE] 121691176000085 93890 1000000008
      ✓ should mint for amount=1
[FEE] 121691176000085 93890 1000000008
      ✓ should mint for amount=1
[FEE] 121691176000085 93890 1000000008
      ✓ should mint for amount=1
[FEE] 121689879896389 93889 1000000008
      ✓ should mint for amount=1
[FEE] 121691176000085 93890 1000000008
      ✓ should mint for amount=1
[FEE] 121689879896389 93889 1000000008
      ✓ should mint for amount=1
[FEE] 121688583792694 93888 1000000008
      ✓ should mint for amount=1
[FEE] 121688583792694 93888 1000000008
      ✓ should mint for amount=1
[FEE] 121688583792694 93888 1000000008
      ✓ should mint for amount=1
[FEE] 121689879896389 93889 1000000008
      ✓ should mint for amount=1
[FEE] 121691176000085 93890 1000000008
      ✓ should mint for amount=1
[FEE] 121691176000085 93890 1000000008
      ✓ should mint for amount=1
[FEE] 121691176000085 93890 1000000008
      ✓ should mint for amount=1
[FEE] 121691176000085 93890 1000000008
      ✓ should mint for amount=1
[FEE] 121691176000085 93890 1000000008
      ✓ should mint for amount=1
[FEE] 121691176000085 93890 1000000008
      ✓ should mint for amount=1
[FEE] 121691176000085 93890 1000000008
      ✓ should mint for amount=1
[FEE] 121691176000085 93890 1000000008
      ✓ should mint for amount=1
[FEE] 121691176000085 93890 1000000008
      ✓ should mint for amount=1
[FEE] 121691176000085 93890 1000000008
      ✓ should mint for amount=1
[FEE] 121689879896389 93889 1000000008
      ✓ should mint for amount=1
[FEE] 121689879896389 93889 1000000008
      ✓ should mint for amount=1
[FEE] 121689879896389 93889 1000000008
      ✓ should mint for amount=1
[FEE] 121691176000085 93890 1000000008
      ✓ should mint for amount=1
[FEE] 121691176000085 93890 1000000008
      ✓ should mint for amount=1
[FEE] 121691176000085 93890 1000000008
      ✓ should mint for amount=1
[FEE] 121691176000085 93890 1000000008
      ✓ should mint for amount=1
[FEE] 121691176000085 93890 1000000008
      ✓ should mint for amount=1
[FEE] 121691176000085 93890 1000000008
      ✓ should mint for amount=1
[FEE] 121691176000085 93890 1000000008
      ✓ should mint for amount=1
[FEE] 121691176000085 93890 1000000008
      ✓ should mint for amount=1
[FEE] 121689879896389 93889 1000000008
      ✓ should mint for amount=1
[FEE] 121691176000085 93890 1000000008
      ✓ should mint for amount=1
[FEE] 121691176000085 93890 1000000008
      ✓ should mint for amount=1
[FEE] 121691176000085 93890 1000000008
      ✓ should mint for amount=1
[FEE] 121691176000085 93890 1000000008
      ✓ should mint for amount=1
[FEE] 121691176000085 93890 1000000008
      ✓ should mint for amount=1

·----------------------------------------|---------------------------|-------------|----------------------------·
|          [90mSolc version: 0.8.17[39m          ·  [90mOptimizer enabled: true[39m  ·  [90mRuns: 200[39m  ·  [90mBlock limit: 8000000 gas[39m  │
·········································|···························|·············|·····························
|  [32m[1mMethods[22m[39m                                                                                                      │
···················|·····················|·············|·············|·············|··············|··············
|  [1mContract[22m        ·  [1mMethod[22m             ·  [32mMin[39m        ·  [32mMax[39m        ·  [32mAvg[39m        ·  [1m# calls[22m     ·  [1musd (avg)[22m  │
···················|·····················|·············|·············|·············|··············|··············
|  [90mXPowerThorTest[39m  ·  init               ·          -  ·          -  ·      67353  ·           [90m1[39m  ·          [32m[90m-[32m[39m  │
···················|·····················|·············|·············|·············|··············|··············
|  [90mXPowerThorTest[39m  ·  mint               ·     [36m121709[39m  ·     [31m229542[39m  ·     126088  ·         [90m343[39m  ·          [32m[90m-[32m[39m  │
···················|·····················|·············|·············|·············|··············|··············
|  [90mXPowerThorTest[39m  ·  transferOwnership  ·          -  ·          -  ·      28656  ·           [90m1[39m  ·          [32m[90m-[32m[39m  │
···················|·····················|·············|·············|·············|··············|··············
|  [32m[1mDeployments[22m[39m                           ·                                         ·  [1m% of limit[22m  ·             │
·········································|·············|·············|·············|··············|··············
|  XPowerThorTest                        ·          -  ·          -  ·    3331941  ·      [90m41.6 %[39m  ·          [32m[90m-[32m[39m  │
·----------------------------------------|-------------|-------------|-------------|--------------|-------------·

  343 passing (22s)

