
> xpower@6.0.0 test-gas
> REPORT_GAS=true npm test ./test/contracts/XPower.fees.1-thor.test.js


> xpower@6.0.0 test
> hardhat test ./test/contracts/XPower.fees.1-thor.test.js


  XPowerThor
    mint
[FEE] 348822982083776 162305 1658186771
      ✓ should mint for amount=1
[FEE] 338642451344703 158030 1653339774
      ✓ should mint for amount=1
[FEE] 328269851094044 154022 1644403885
      ✓ should mint for amount=1
[FEE] 317874852533344 150263 1632166166
      ✓ should mint for amount=1
[FEE] 307594727049880 146740 1617300147
      ✓ should mint for amount=1
[FEE] 297525544607785 143437 1600380754
      ✓ should mint for amount=1
[FEE] 287741556530973 140341 1581897269
      ✓ should mint for amount=1
[FEE] 278292304069450 137438 1562264716
      ✓ should mint for amount=1
[FEE] 269213281111225 134716 1541833780
      ✓ should mint for amount=1
[FEE] 260529385052732 132165 1520899470
      ✓ should mint for amount=1
[FEE] 252249900425455 129773 1499708709
      ✓ should mint for amount=1
[FEE] 244380820362398 127531 1478466906
      ✓ should mint for amount=1
[FEE] 236918894283784 125429 1457343713
      ✓ should mint for amount=1
[FEE] 229857125582433 123458 1436478032
      ✓ should mint for amount=1
[FEE] 223185965531117 121610 1415982375
      ✓ should mint for amount=1
[FEE] 216894259708993 119878 1395946660
      ✓ should mint for amount=1
[FEE] 210966425540900 118254 1376441503
      ✓ should mint for amount=1
[FEE] 205386803071557 116731 1357521084
      ✓ should mint for amount=1
[FEE] 200141831226409 115304 1339225623
      ✓ should mint for amount=1
[FEE] 195211707864291 113965 1321583539
      ✓ should mint for amount=1
[FEE] 190582929641607 112710 1304613305
      ✓ should mint for amount=1
[FEE] 186239792722534 111534 1288325065
      ✓ should mint for amount=1
[FEE] 182166385361335 110432 1272722019
      ✓ should mint for amount=1
[FEE] 178346769929784 109399 1257801622
      ✓ should mint for amount=1
[FEE] 174765121922816 108430 1243556612
      ✓ should mint for amount=1
[FEE] 171409023248613 107522 1229975896
      ✓ should mint for amount=1
[FEE] 168261484548385 106669 1217045310
      ✓ should mint for amount=1
[FEE] 165313745989692 105870 1204748262
      ✓ should mint for amount=1
[FEE] 162554102675168 105122 1193066289
      ✓ should mint for amount=1
[FEE] 159968100624457 104420 1181979526
      ✓ should mint for amount=1
[FEE] 157546288144669 103762 1171467099
      ✓ should mint for amount=1
[FEE] 155278000735864 103145 1161507464
      ✓ should mint for amount=1
[FEE] 153154421828928 102567 1152078685
      ✓ should mint for amount=1
[FEE] 151164080902833 102024 1143158673
      ✓ should mint for amount=1
[FEE] 149301788209305 101516 1134725375
      ✓ should mint for amount=1
[FEE] 147556731304281 101039 1126756939
      ✓ should mint for amount=1
[FEE] 145924281093314 100593 1119231840
      ✓ should mint for amount=1
[FEE] 144395699167694 100175 1112128989
      ✓ should mint for amount=1
[FEE] 142963999695871 99783 1105427813
      ✓ should mint for amount=1
[FEE] 141621043364789 99414 1099108321
      ✓ should mint for amount=1
[FEE] 140363231380959 99068 1093151152
      ✓ should mint for amount=1
[FEE] 139187150878233 98745 1087537611
      ✓ should mint for amount=1
[FEE] 138085363045413 98442 1082249695
      ✓ should mint for amount=1
[FEE] 137053475790342 98158 1077270104
      ✓ should mint for amount=1
[FEE] 136085895848488 97891 1072582251
      ✓ should mint for amount=1
[FEE] 135180001443798 97641 1068170261
      ✓ should mint for amount=1
[FEE] 134331938599447 97407 1064018965
      ✓ should mint for amount=1
[FEE] 133536640950854 97187 1060113892
      ✓ should mint for amount=1
[FEE] 132791952177741 96981 1056441254
      ✓ should mint for amount=1
[FEE] 132094475635032 96788 1052987932
      ✓ should mint for amount=1
[FEE] 131440950187512 96607 1049741456
      ✓ should mint for amount=1
[FEE] 130829598855727 96438 1046689986
      ✓ should mint for amount=1
[FEE] 130256043668771 96279 1043822290
      ✓ should mint for amount=1
[FEE] 129718733072511 96130 1041127722
      ✓ should mint for amount=1
[FEE] 129214861517388 95990 1038596200
      ✓ should mint for amount=1
[FEE] 128743066252595 95859 1036218183
      ✓ should mint for amount=1
[FEE] 128300726098278 95736 1033984648
      ✓ should mint for amount=1
[FEE] 127886645437402 95621 1031887066
      ✓ should mint for amount=1
[FEE] 127498366048718 95513 1029917381
      ✓ should mint for amount=1
[FEE] 127134839901363 95412 1028067986
      ✓ should mint for amount=1
[FEE] 126793752648180 95317 1026331705
      ✓ should mint for amount=1
[FEE] 126472858165975 95227 1024701767
      ✓ should mint for amount=1
[FEE] 126173952589232 95144 1023171788
      ✓ should mint for amount=1
[FEE] 125892248032356 95065 1021735753
      ✓ should mint for amount=1
[FEE] 125629640533699 94992 1020387994
      ✓ should mint for amount=1
[FEE] 125384095832795 94924 1019123172
      ✓ should mint for amount=1
[FEE] 125153629991529 94860 1017936260
      ✓ should mint for amount=1
[FEE] 124937623860569 94800 1016822527
      ✓ should mint for amount=1
[FEE] 124735496348284 94744 1015777521
      ✓ should mint for amount=1
[FEE] 124545386835555 94691 1014797053
      ✓ should mint for amount=1
[FEE] 124365473196991 94640 1013877183
      ✓ should mint for amount=1
[FEE] 124199221067185 94594 1013014207
      ✓ should mint for amount=1
[FEE] 124042240637390 94550 1012204640
      ✓ should mint for amount=1
[FEE] 123895426495395 94509 1011445209
      ✓ should mint for amount=1
[FEE] 123758384906487 94471 1010732836
      ✓ should mint for amount=1
[FEE] 123628128333345 94434 1010064629
      ✓ should mint for amount=1
[FEE] 123506932072159 94400 1009437871
      ✓ should mint for amount=1
[FEE] 123393163495401 94368 1008850009
      ✓ should mint for amount=1
[FEE] 123285213246652 94337 1008298646
      ✓ should mint for amount=1
[FEE] 123185411895571 94309 1007781530
      ✓ should mint for amount=1
[FEE] 123092185663815 94283 1007296546
      ✓ should mint for amount=1
[FEE] 123005284902924 94259 1006841708
      ✓ should mint for amount=1
[FEE] 122923171295658 94236 1006415153
      ✓ should mint for amount=1
[FEE] 122846930737416 94215 1006015130
      ✓ should mint for amount=1
[FEE] 122775054069067 94195 1005639997
      ✓ should mint for amount=1
[FEE] 122706046597170 94175 1005288211
      ✓ should mint for amount=1
[FEE] 122643637634593 94158 1004958326
      ✓ should mint for amount=1
[FEE] 122583749550099 94141 1004648982
      ✓ should mint for amount=1
[FEE] 122527527440227 94125 1004358906
      ✓ should mint for amount=1
[FEE] 122474822972700 94110 1004086901
      ✓ should mint for amount=1
[FEE] 122426798147018 94097 1003831844
      ✓ should mint for amount=1
[FEE] 122379419556122 94083 1003592683
      ✓ should mint for amount=1
[FEE] 122336468214367 94071 1003368430
      ✓ should mint for amount=1
[FEE] 122296528350148 94060 1003158157
      ✓ should mint for amount=1
[FEE] 122259492739969 94050 1002960996
      ✓ should mint for amount=1
[FEE] 122223960823948 94040 1002776130
      ✓ should mint for amount=1
[FEE] 122191138490506 94031 1002602795
      ✓ should mint for amount=1
[FEE] 122158338509178 94021 1002440272
      ✓ should mint for amount=1
[FEE] 122129376295743 94013 1002287888
      ✓ should mint for amount=1
[FEE] 122101575699273 94005 1002145012
      ✓ should mint for amount=1
[FEE] 122076163010950 93998 1002011052
      ✓ should mint for amount=1
[FEE] 122051771185992 93991 1001885452
      ✓ should mint for amount=1
[FEE] 122029634927075 93985 1001767691
      ✓ should mint for amount=1
[FEE] 122008395777706 93979 1001657280
      ✓ should mint for amount=1
[FEE] 121989295900104 93974 1001553761
      ✓ should mint for amount=1
[FEE] 121970984516040 93969 1001456705
      ✓ should mint for amount=1
[FEE] 121953412297881 93964 1001365708
      ✓ should mint for amount=1
[FEE] 121937830979749 93960 1001280393
      ✓ should mint for amount=1
[FEE] 121922899250810 93956 1001200405
      ✓ should mint for amount=1
[FEE] 121908576600062 93952 1001125412
      ✓ should mint for amount=1
[FEE] 121896122429924 93949 1001055102
      ✓ should mint for amount=1
[FEE] 121881608699678 93944 1000989183
      ✓ should mint for amount=1
[FEE] 121870191699179 93941 1000927381
      ✓ should mint for amount=1
[FEE] 121859245147370 93938 1000869439
      ✓ should mint for amount=1
[FEE] 121848739657592 93935 1000815116
      ✓ should mint for amount=1
[FEE] 121838647673124 93932 1000764186
      ✓ should mint for amount=1
[FEE] 121830240377402 93930 1000716437
      ✓ should mint for amount=1
[FEE] 121822196480924 93928 1000671671
      ✓ should mint for amount=1
[FEE] 121814493317255 93926 1000629702
      ✓ should mint for amount=1
[FEE] 121807109439242 93924 1000590354
      ✓ should mint for amount=1
[FEE] 121800025105813 93922 1000553465
      ✓ should mint for amount=1
[FEE] 121793221429685 93920 1000518880
      ✓ should mint for amount=1
[FEE] 121787977720097 93919 1000486456
      ✓ should mint for amount=1
[FEE] 121781684019621 93917 1000456058
      ✓ should mint for amount=1
[FEE] 121776918287661 93916 1000427559
      ✓ should mint for amount=1
[FEE] 121772369419268 93915 1000400841
      ✓ should mint for amount=1
[FEE] 121768023774622 93914 1000375792
      ✓ should mint for amount=1
[FEE] 121763868688249 93913 1000352308
      ✓ should mint for amount=1
[FEE] 121759892225537 93912 1000330291
      ✓ should mint for amount=1
[FEE] 121756083304406 93911 1000309650
      ✓ should mint for amount=1
[FEE] 121752431451836 93910 1000290299
      ✓ should mint for amount=1
[FEE] 121748926803831 93909 1000272157
      ✓ should mint for amount=1
[FEE] 121745560227103 93908 1000255149
      ✓ should mint for amount=1
[FEE] 121742322953890 93907 1000239203
      ✓ should mint for amount=1
[FEE] 121737910674448 93905 1000224254
      ✓ should mint for amount=1
[FEE] 121734908523980 93904 1000210239
      ✓ should mint for amount=1
[FEE] 121733309385218 93904 1000197100
      ✓ should mint for amount=1
[FEE] 121730513826627 93903 1000184782
      ✓ should mint for amount=1
[FEE] 121727812014146 93902 1000173234
      ✓ should mint for amount=1
[FEE] 121726494295399 93902 1000162407
      ✓ should mint for amount=1
[FEE] 121725258972107 93902 1000152257
      ✓ should mint for amount=1
[FEE] 121722804522189 93901 1000142741
      ✓ should mint for amount=1
[FEE] 121719126233768 93899 1000133820
      ✓ should mint for amount=1
[FEE] 121718108311215 93899 1000125456
      ✓ should mint for amount=1
[FEE] 121715857783120 93898 1000117615
      ✓ should mint for amount=1
[FEE] 121714963155071 93898 1000110264
      ✓ should mint for amount=1
[FEE] 121714124509732 93898 1000103373
      ✓ should mint for amount=1
[FEE] 121713338196057 93898 1000096912
      ✓ should mint for amount=1
[FEE] 121712601049806 93898 1000090855
      ✓ should mint for amount=1
[FEE] 121711910028440 93898 1000085177
      ✓ should mint for amount=1
[FEE] 121711262089421 93898 1000079853
      ✓ should mint for amount=1
[FEE] 121709358476301 93897 1000074862
      ✓ should mint for amount=1
[FEE] 121708789040842 93897 1000070183
      ✓ should mint for amount=1
[FEE] 121708255263555 93897 1000065797
      ✓ should mint for amount=1
[FEE] 121707754832136 93897 1000061685
      ✓ should mint for amount=1
[FEE] 121705989499042 93896 1000057830
      ✓ should mint for amount=1
[FEE] 121705549679031 93896 1000054216
      ✓ should mint for amount=1
[FEE] 121705137362983 93896 1000050828
      ✓ should mint for amount=1
[FEE] 121704750725413 93896 1000047651
      ✓ should mint for amount=1
[FEE] 121704388305935 93896 1000044673
      ✓ should mint for amount=1
[FEE] 121704048522462 93896 1000041881
      ✓ should mint for amount=1
[FEE] 121703729914607 93896 1000039263
      ✓ should mint for amount=1
[FEE] 121703431265380 93896 1000036809
      ✓ should mint for amount=1
[FEE] 121703151236092 93896 1000034508
      ✓ should mint for amount=1
[FEE] 121702888731453 93896 1000032351
      ✓ should mint for amount=1
[FEE] 121702642656173 93896 1000030329
      ✓ should mint for amount=1
[FEE] 121701115774423 93895 1000028433
      ✓ should mint for amount=1
[FEE] 121700899517689 93895 1000026656
      ✓ should mint for amount=1
[FEE] 121700696769395 93895 1000024990
      ✓ should mint for amount=1
[FEE] 121700506677657 93895 1000023428
      ✓ should mint for amount=1
[FEE] 121700328512289 93895 1000021964
      ✓ should mint for amount=1
[FEE] 121700161421408 93895 1000020591
      ✓ should mint for amount=1
[FEE] 121698708667820 93894 1000019304
      ✓ should mint for amount=1
[FEE] 121698561902011 93894 1000018098
      ✓ should mint for amount=1
[FEE] 121697128137752 93893 1000016967
      ✓ should mint for amount=1
[FEE] 121696999140985 93893 1000015907
      ✓ should mint for amount=1
[FEE] 121696878176092 93893 1000014913
      ✓ should mint for amount=1
[FEE] 121696764756293 93893 1000013981
      ✓ should mint for amount=1
[FEE] 121696658394807 93893 1000013107
      ✓ should mint for amount=1
[FEE] 121696558726550 93893 1000012288
      ✓ should mint for amount=1
[FEE] 121696465264742 93893 1000011520
      ✓ should mint for amount=1
[FEE] 121696377644296 93893 1000010800
      ✓ should mint for amount=1
[FEE] 121696295500128 93893 1000010125
      ✓ should mint for amount=1
[FEE] 121696218467153 93893 1000009492
      ✓ should mint for amount=1
[FEE] 121696146301981 93893 1000008899
      ✓ should mint for amount=1
[FEE] 121696078639526 93893 1000008343
      ✓ should mint for amount=1
[FEE] 121696015236398 93893 1000007822
      ✓ should mint for amount=1
[FEE] 121695955727512 93893 1000007333
      ✓ should mint for amount=1
[FEE] 121694603878576 93892 1000006875
      ✓ should mint for amount=1
[FEE] 121694551550256 93892 1000006445
      ✓ should mint for amount=1
[FEE] 121694502507668 93892 1000006042
      ✓ should mint for amount=1
[FEE] 121693160396398 93891 1000005664
      ✓ should mint for amount=1
[FEE] 121693117317263 93891 1000005310
      ✓ should mint for amount=1
[FEE] 121693076915362 93891 1000004978
      ✓ should mint for amount=1
[FEE] 121691742959270 93890 1000004667
      ✓ should mint for amount=1
[FEE] 121691707425446 93890 1000004375
      ✓ should mint for amount=1
[FEE] 121691674203756 93890 1000004102
      ✓ should mint for amount=1
[FEE] 121691643050815 93890 1000003846
      ✓ should mint for amount=1
[FEE] 121691613844933 93890 1000003606
      ✓ should mint for amount=1
[FEE] 121691586464419 93890 1000003381
      ✓ should mint for amount=1
[FEE] 121691560787581 93890 1000003170
      ✓ should mint for amount=1
[FEE] 121691536692728 93890 1000002972
      ✓ should mint for amount=1
[FEE] 121691514058169 93890 1000002786
      ✓ should mint for amount=1
[FEE] 121691492883905 93890 1000002612
      ✓ should mint for amount=1
[FEE] 121691473048243 93890 1000002449
      ✓ should mint for amount=1
[FEE] 121691454429494 93890 1000002296
      ✓ should mint for amount=1
[FEE] 121691437027656 93890 1000002153
      ✓ should mint for amount=1
[FEE] 121691420599347 93890 1000002018
      ✓ should mint for amount=1
[FEE] 121691405266259 93890 1000001892
      ✓ should mint for amount=1
[FEE] 121691390906700 93890 1000001774
      ✓ should mint for amount=1
[FEE] 121691377398980 93890 1000001663
      ✓ should mint for amount=1
[FEE] 121691364743098 93890 1000001559
      ✓ should mint for amount=1
[FEE] 121691352939054 93890 1000001462
      ✓ should mint for amount=1
[FEE] 121690045759694 93889 1000001371
      ✓ should mint for amount=1
[FEE] 121690035294365 93889 1000001285
      ✓ should mint for amount=1
[FEE] 121691321664422 93890 1000001205
      ✓ should mint for amount=1
[FEE] 121691312537584 93890 1000001130
      ✓ should mint for amount=1
[FEE] 121691303897510 93890 1000001059
      ✓ should mint for amount=1
[FEE] 121691295865893 93890 1000000993
      ✓ should mint for amount=1
[FEE] 121689992216148 93889 1000000931
      ✓ should mint for amount=1
[FEE] 121689985158135 93889 1000000873
      ✓ should mint for amount=1
[FEE] 121691274569937 93890 1000000818
      ✓ should mint for amount=1
[FEE] 121691268363687 93890 1000000767
      ✓ should mint for amount=1
[FEE] 121691262522511 93890 1000000719
      ✓ should mint for amount=1
[FEE] 121691257046408 93890 1000000674
      ✓ should mint for amount=1
[FEE] 121691251935378 93890 1000000632
      ✓ should mint for amount=1
[FEE] 121691247189423 93890 1000000593
      ✓ should mint for amount=1
[FEE] 121691242686849 93890 1000000556
      ✓ should mint for amount=1
[FEE] 121691238427658 93890 1000000521
      ✓ should mint for amount=1
[FEE] 121691234411849 93890 1000000488
      ✓ should mint for amount=1
[FEE] 121691230761114 93890 1000000458
      ✓ should mint for amount=1
[FEE] 121689931127828 93889 1000000429
      ✓ should mint for amount=1
[FEE] 121689927842202 93889 1000000402
      ✓ should mint for amount=1
[FEE] 121691220904129 93890 1000000377
      ✓ should mint for amount=1
[FEE] 121691217983541 93890 1000000353
      ✓ should mint for amount=1
[FEE] 121691215306335 93890 1000000331
      ✓ should mint for amount=1
[FEE] 121691212750820 93890 1000000310
      ✓ should mint for amount=1
[FEE] 121691210438688 93890 1000000291
      ✓ should mint for amount=1
[FEE] 121691208248247 93890 1000000273
      ✓ should mint for amount=1
[FEE] 121691206179497 93890 1000000256
      ✓ should mint for amount=1
[FEE] 121691204232438 93890 1000000240
      ✓ should mint for amount=1
[FEE] 121691202407070 93890 1000000225
      ✓ should mint for amount=1
[FEE] 121691200703394 93890 1000000211
      ✓ should mint for amount=1
[FEE] 121691199121408 93890 1000000198
      ✓ should mint for amount=1
[FEE] 121689901557188 93889 1000000186
      ✓ should mint for amount=1
[FEE] 121688603992998 93888 1000000174
      ✓ should mint for amount=1
[FEE] 121687306550527 93887 1000000163
      ✓ should mint for amount=1
[FEE] 121687305333654 93887 1000000153
      ✓ should mint for amount=1
[FEE] 121688600220652 93888 1000000143
      ✓ should mint for amount=1
[FEE] 121687303021596 93887 1000000134
      ✓ should mint for amount=1
[FEE] 121687302048098 93887 1000000126
      ✓ should mint for amount=1
[FEE] 121688597178438 93888 1000000118
      ✓ should mint for amount=1
[FEE] 121687300222788 93887 1000000111
      ✓ should mint for amount=1
[FEE] 121688595474797 93888 1000000104
      ✓ should mint for amount=1
[FEE] 121687298640854 93887 1000000098
      ✓ should mint for amount=1
[FEE] 121688594014534 93888 1000000092
      ✓ should mint for amount=1
[FEE] 121688593284403 93888 1000000086
      ✓ should mint for amount=1
[FEE] 121689888779750 93889 1000000081
      ✓ should mint for amount=1
[FEE] 121688592067517 93888 1000000076
      ✓ should mint for amount=1
[FEE] 121688591459074 93888 1000000071
      ✓ should mint for amount=1
[FEE] 121689887076092 93889 1000000067
      ✓ should mint for amount=1
[FEE] 121688590485566 93888 1000000063
      ✓ should mint for amount=1
[FEE] 121689886102573 93889 1000000059
      ✓ should mint for amount=1
[FEE] 121689885615814 93889 1000000055
      ✓ should mint for amount=1
[FEE] 121689885250744 93889 1000000052
      ✓ should mint for amount=1
[FEE] 121691180989423 93890 1000000049
      ✓ should mint for amount=1
[FEE] 121689884520605 93889 1000000046
      ✓ should mint for amount=1
[FEE] 121688588051794 93888 1000000043
      ✓ should mint for amount=1
[FEE] 121689883790465 93889 1000000040
      ✓ should mint for amount=1
[FEE] 121691179650820 93890 1000000038
      ✓ should mint for amount=1
[FEE] 121689883303706 93889 1000000036
      ✓ should mint for amount=1
[FEE] 121688586956597 93888 1000000034
      ✓ should mint for amount=1
[FEE] 121689882816946 93889 1000000032
      ✓ should mint for amount=1
[FEE] 121689882573567 93889 1000000030
      ✓ should mint for amount=1
[FEE] 121691178433909 93890 1000000028
      ✓ should mint for amount=1
[FEE] 121691178190526 93890 1000000026
      ✓ should mint for amount=1
[FEE] 121691177947144 93890 1000000024
      ✓ should mint for amount=1
[FEE] 121691177825453 93890 1000000023
      ✓ should mint for amount=1
[FEE] 121691177703762 93890 1000000022
      ✓ should mint for amount=1
[FEE] 121691177582070 93890 1000000021
      ✓ should mint for amount=1
[FEE] 121691177460379 93890 1000000020
      ✓ should mint for amount=1
[FEE] 121691177338688 93890 1000000019
      ✓ should mint for amount=1
[FEE] 121689881113288 93889 1000000018
      ✓ should mint for amount=1
[FEE] 121688584887891 93888 1000000017
      ✓ should mint for amount=1
[FEE] 121688584766202 93888 1000000016
      ✓ should mint for amount=1
[FEE] 121689880748218 93889 1000000015
      ✓ should mint for amount=1
[FEE] 121688584522825 93888 1000000014
      ✓ should mint for amount=1
[FEE] 121689880504839 93889 1000000013
      ✓ should mint for amount=1
[FEE] 121688584279448 93888 1000000012
      ✓ should mint for amount=1
[FEE] 121687288054060 93887 1000000011
      ✓ should mint for amount=1
[FEE] 121688584036071 93888 1000000010
      ✓ should mint for amount=1
[FEE] 121689880018079 93889 1000000009
      ✓ should mint for amount=1
[FEE] 121689879896389 93889 1000000008
      ✓ should mint for amount=1
[FEE] 121691176000085 93890 1000000008
      ✓ should mint for amount=1
[FEE] 121691176000085 93890 1000000008
      ✓ should mint for amount=1
[FEE] 121691176000085 93890 1000000008
      ✓ should mint for amount=1
[FEE] 121689879896389 93889 1000000008
      ✓ should mint for amount=1
[FEE] 121688583792694 93888 1000000008
      ✓ should mint for amount=1
[FEE] 121687287688998 93887 1000000008
      ✓ should mint for amount=1
[FEE] 121687287688998 93887 1000000008
      ✓ should mint for amount=1
[FEE] 121688583792694 93888 1000000008
      ✓ should mint for amount=1
[FEE] 121689879896389 93889 1000000008
      ✓ should mint for amount=1
[FEE] 121688583792694 93888 1000000008
      ✓ should mint for amount=1
[FEE] 121688583792694 93888 1000000008
      ✓ should mint for amount=1
[FEE] 121688583792694 93888 1000000008
      ✓ should mint for amount=1
[FEE] 121687287688998 93887 1000000008
      ✓ should mint for amount=1
[FEE] 121688583792694 93888 1000000008
      ✓ should mint for amount=1
[FEE] 121688583792694 93888 1000000008
      ✓ should mint for amount=1
[FEE] 121689879896389 93889 1000000008
      ✓ should mint for amount=1
[FEE] 121688583792694 93888 1000000008
      ✓ should mint for amount=1
[FEE] 121689879896389 93889 1000000008
      ✓ should mint for amount=1
[FEE] 121688583792694 93888 1000000008
      ✓ should mint for amount=1
[FEE] 121688583792694 93888 1000000008
      ✓ should mint for amount=1
[FEE] 121687287688998 93887 1000000008
      ✓ should mint for amount=1
[FEE] 121688583792694 93888 1000000008
      ✓ should mint for amount=1
[FEE] 121689879896389 93889 1000000008
      ✓ should mint for amount=1
[FEE] 121688583792694 93888 1000000008
      ✓ should mint for amount=1
[FEE] 121687287688998 93887 1000000008
      ✓ should mint for amount=1
[FEE] 121687287688998 93887 1000000008
      ✓ should mint for amount=1
[FEE] 121687287688998 93887 1000000008
      ✓ should mint for amount=1
[FEE] 121688583792694 93888 1000000008
      ✓ should mint for amount=1
[FEE] 121689879896389 93889 1000000008
      ✓ should mint for amount=1
[FEE] 121691176000085 93890 1000000008
      ✓ should mint for amount=1
[FEE] 121691176000085 93890 1000000008
      ✓ should mint for amount=1
[FEE] 121689879896389 93889 1000000008
      ✓ should mint for amount=1
[FEE] 121688583792694 93888 1000000008
      ✓ should mint for amount=1
[FEE] 121689879896389 93889 1000000008
      ✓ should mint for amount=1
[FEE] 121691176000085 93890 1000000008
      ✓ should mint for amount=1
[FEE] 121691176000085 93890 1000000008
      ✓ should mint for amount=1
[FEE] 121691176000085 93890 1000000008
      ✓ should mint for amount=1
[FEE] 121691176000085 93890 1000000008
      ✓ should mint for amount=1
[FEE] 121691176000085 93890 1000000008
      ✓ should mint for amount=1
[FEE] 121691176000085 93890 1000000008
      ✓ should mint for amount=1
[FEE] 121689879896389 93889 1000000008
      ✓ should mint for amount=1
[FEE] 121691176000085 93890 1000000008
      ✓ should mint for amount=1
[FEE] 121689879896389 93889 1000000008
      ✓ should mint for amount=1
[FEE] 121688583792694 93888 1000000008
      ✓ should mint for amount=1
[FEE] 121689879896389 93889 1000000008
      ✓ should mint for amount=1
[FEE] 121691176000085 93890 1000000008
      ✓ should mint for amount=1
[FEE] 121691176000085 93890 1000000008
      ✓ should mint for amount=1
[FEE] 121691176000085 93890 1000000008
      ✓ should mint for amount=1
[FEE] 121691176000085 93890 1000000008
      ✓ should mint for amount=1
[FEE] 121691176000085 93890 1000000008
      ✓ should mint for amount=1
[FEE] 121691176000085 93890 1000000008
      ✓ should mint for amount=1
[FEE] 121691176000085 93890 1000000008
      ✓ should mint for amount=1
[FEE] 121689879896389 93889 1000000008
      ✓ should mint for amount=1

·----------------------------------------|---------------------------|-------------|----------------------------·
|          [90mSolc version: 0.8.17[39m          ·  [90mOptimizer enabled: true[39m  ·  [90mRuns: 200[39m  ·  [90mBlock limit: 8000000 gas[39m  │
·········································|···························|·············|·····························
|  [32m[1mMethods[22m[39m                                                                                                      │
···················|·····················|·············|·············|·············|··············|··············
|  [1mContract[22m        ·  [1mMethod[22m             ·  [32mMin[39m        ·  [32mMax[39m        ·  [32mAvg[39m        ·  [1m# calls[22m     ·  [1musd (avg)[22m  │
···················|·····················|·············|·············|·············|··············|··············
|  [90mXPowerThorTest[39m  ·  init               ·          -  ·          -  ·      67353  ·           [90m1[39m  ·          [32m[90m-[32m[39m  │
···················|·····················|·············|·············|·············|··············|··············
|  [90mXPowerThorTest[39m  ·  mint               ·     [36m121709[39m  ·     [31m229547[39m  ·     126156  ·         [90m346[39m  ·          [32m[90m-[32m[39m  │
···················|·····················|·············|·············|·············|··············|··············
|  [90mXPowerThorTest[39m  ·  transferOwnership  ·          -  ·          -  ·      28656  ·           [90m1[39m  ·          [32m[90m-[32m[39m  │
···················|·····················|·············|·············|·············|··············|··············
|  [32m[1mDeployments[22m[39m                           ·                                         ·  [1m% of limit[22m  ·             │
·········································|·············|·············|·············|··············|··············
|  XPowerThorTest                        ·          -  ·          -  ·    3331941  ·      [90m41.6 %[39m  ·          [32m[90m-[32m[39m  │
·----------------------------------------|-------------|-------------|-------------|--------------|-------------·

  346 passing (21s)

