
> xpower@6.0.0 test-gas
> REPORT_GAS=true npm test ./test/contracts/XPower.fees.1-thor.test.js


> xpower@6.0.0 test
> hardhat test ./test/contracts/XPower.fees.1-thor.test.js


  XPowerThor
    mint
[FEE] 348822982083776 162305 1658186771
      ✓ should mint for amount=1
[FEE] 338642451344703 158030 1653339774
      ✓ should mint for amount=1
[FEE] 328269851094044 154022 1644403885
      ✓ should mint for amount=1
[FEE] 317876967989927 150264 1632166166
      ✓ should mint for amount=1
[FEE] 307596825520860 146741 1617300159
      ✓ should mint for amount=1
[FEE] 297527623514941 143438 1600380779
      ✓ should mint for amount=1
[FEE] 287741563079246 140341 1581897305
      ✓ should mint for amount=1
[FEE] 278292311551074 137438 1562264758
      ✓ should mint for amount=1
[FEE] 269211290766592 134715 1541833826
      ✓ should mint for amount=1
[FEE] 260525450616872 132163 1520899517
      ✓ should mint for amount=1
[FEE] 252246019933746 129771 1499708751
      ✓ should mint for amount=1
[FEE] 244376993158892 127529 1478466938
      ✓ should mint for amount=1
[FEE] 236915120285696 125427 1457343736
      ✓ should mint for amount=1
[FEE] 229853404333667 123456 1436478047
      ✓ should mint for amount=1
[FEE] 223182296587333 121608 1415982385
      ✓ should mint for amount=1
[FEE] 216890641902630 119876 1395946665
      ✓ should mint for amount=1
[FEE] 210962857825624 118252 1376441505
      ✓ should mint for amount=1
[FEE] 205385043432183 116730 1357521083
      ✓ should mint for amount=1
[FEE] 200140095002810 115303 1339225620
      ✓ should mint for amount=1
[FEE] 195211707125738 113965 1321583534
      ✓ should mint for amount=1
[FEE] 190584619825294 112711 1304613300
      ✓ should mint for amount=1
[FEE] 186241462091716 111535 1288325062
      ✓ should mint for amount=1
[FEE] 182166385218204 110432 1272722018
      ✓ should mint for amount=1
[FEE] 178343509305359 109397 1257801621
      ✓ should mint for amount=1
[FEE] 174761898085132 108428 1243556610
      ✓ should mint for amount=1
[FEE] 171404240301670 107519 1229975893
      ✓ should mint for amount=1
[FEE] 168258329023305 106667 1217045305
      ✓ should mint for amount=1
[FEE] 165310622209072 105868 1204748256
      ✓ should mint for amount=1
[FEE] 162551009046215 105120 1193066282
      ✓ should mint for amount=1
[FEE] 159966567573735 104419 1181979518
      ✓ should mint for amount=1
[FEE] 157544768591479 103761 1171467090
      ✓ should mint for amount=1
[FEE] 155277999398998 103145 1161507454
      ✓ should mint for amount=1
[FEE] 153154420499553 102567 1152078675
      ✓ should mint for amount=1
[FEE] 151165561232652 102025 1143158663
      ✓ should mint for amount=1
[FEE] 149303257615280 101517 1134725365
      ✓ should mint for amount=1
[FEE] 147559650782327 101041 1126756929
      ✓ should mint for amount=1
[FEE] 145925730560405 100594 1119231831
      ✓ should mint for amount=1
[FEE] 144395697999159 100175 1112128980
      ✓ should mint for amount=1
[FEE] 142963998531909 99783 1105427804
      ✓ should mint for amount=1
[FEE] 141621042205131 99414 1099108312
      ✓ should mint for amount=1
[FEE] 140364647062563 99069 1093151143
      ✓ should mint for amount=1
[FEE] 139188559415858 98746 1087537603
      ✓ should mint for amount=1
[FEE] 138086764732493 98443 1082249687
      ✓ should mint for amount=1
[FEE] 137054871153525 98159 1077270097
      ✓ should mint for amount=1
[FEE] 136087285265028 97892 1072582245
      ✓ should mint for amount=1
[FEE] 135181385143885 97642 1068170255
      ✓ should mint for amount=1
[FEE] 134331937968199 97407 1064018960
      ✓ should mint for amount=1
[FEE] 133538014338548 97188 1060113887
      ✓ should mint for amount=1
[FEE] 132793320932349 96982 1056441250
      ✓ should mint for amount=1
[FEE] 132094475258690 96788 1052987929
      ✓ should mint for amount=1
[FEE] 131440949811873 96607 1049741453
      ✓ should mint for amount=1
[FEE] 130829598480746 96438 1046689983
      ✓ should mint for amount=1
[FEE] 130256043294408 96279 1043822287
      ✓ should mint for amount=1
[FEE] 129718732698728 96130 1041127719
      ✓ should mint for amount=1
[FEE] 129214861144149 95990 1038596197
      ✓ should mint for amount=1
[FEE] 128743065879865 95859 1036218180
      ✓ should mint for amount=1
[FEE] 128300725726027 95736 1033984645
      ✓ should mint for amount=1
[FEE] 127886645065598 95621 1031887063
      ✓ should mint for amount=1
[FEE] 127498365677334 95513 1029917378
      ✓ should mint for amount=1
[FEE] 127134839530371 95412 1028067983
      ✓ should mint for amount=1
[FEE] 126793752277558 95317 1026331702
      ✓ should mint for amount=1
[FEE] 126472857795703 95227 1024701764
      ✓ should mint for amount=1
[FEE] 126173952342600 95144 1023171786
      ✓ should mint for amount=1
[FEE] 125893572061400 95066 1021735751
      ✓ should mint for amount=1
[FEE] 125630962816097 94993 1020387992
      ✓ should mint for amount=1
[FEE] 125384095586732 94924 1019123170
      ✓ should mint for amount=1
[FEE] 125153629745632 94860 1017936258
      ✓ should mint for amount=1
[FEE] 124937623614828 94800 1016822525
      ✓ should mint for amount=1
[FEE] 124735496102687 94744 1015777519
      ✓ should mint for amount=1
[FEE] 124545386590096 94691 1014797051
      ✓ should mint for amount=1
[FEE] 124366787041616 94641 1013877181
      ✓ should mint for amount=1
[FEE] 124200533793422 94595 1013014205
      ✓ should mint for amount=1
[FEE] 124043552314458 94551 1012204638
      ✓ should mint for amount=1
[FEE] 123895426250408 94509 1011445207
      ✓ should mint for amount=1
[FEE] 123757074647047 94470 1010732834
      ✓ should mint for amount=1
[FEE] 123628128088553 94434 1010064627
      ✓ should mint for amount=1
[FEE] 123506931827455 94400 1009437869
      ✓ should mint for amount=1
[FEE] 123391855676568 94367 1008850007
      ✓ should mint for amount=1
[FEE] 123286519861699 94338 1008298644
      ✓ should mint for amount=1
[FEE] 123186717840455 94310 1007781528
      ✓ should mint for amount=1
[FEE] 123093490980177 94284 1007296544
      ✓ should mint for amount=1
[FEE] 123006589752002 94260 1006841707
      ✓ should mint for amount=1
[FEE] 122924475591906 94237 1006415152
      ✓ should mint for amount=1
[FEE] 122848234515220 94216 1006015129
      ✓ should mint for amount=1
[FEE] 122776357360685 94196 1005639996
      ✓ should mint for amount=1
[FEE] 122708652390617 94177 1005288210
      ✓ should mint for amount=1
[FEE] 122646242572932 94160 1004958325
      ✓ should mint for amount=1
[FEE] 122585051557329 94142 1004648981
      ✓ should mint for amount=1
[FEE] 122530130824788 94127 1004358905
      ✓ should mint for amount=1
[FEE] 122476124251455 94111 1004086900
      ✓ should mint for amount=1
[FEE] 122428099095209 94098 1003831843
      ✓ should mint for amount=1
[FEE] 122382020954529 94085 1003592682
      ✓ should mint for amount=1
[FEE] 122339069031479 94073 1003368429
      ✓ should mint for amount=1
[FEE] 122299128744116 94062 1003158157
      ✓ should mint for amount=1
[FEE] 122262092622855 94052 1002960996
      ✓ should mint for amount=1
[FEE] 122226560227623 94042 1002776130
      ✓ should mint for amount=1
[FEE] 122193737444861 94033 1002602795
      ✓ should mint for amount=1
[FEE] 122160937042240 94023 1002440272
      ✓ should mint for amount=1
[FEE] 122130675364769 94014 1002287888
      ✓ should mint for amount=1
[FEE] 122104173466960 94007 1002145012
      ✓ should mint for amount=1
[FEE] 122078760431384 94000 1002011052
      ✓ should mint for amount=1
[FEE] 122055666828272 93994 1001885452
      ✓ should mint for amount=1
[FEE] 122033530111464 93988 1001767691
      ✓ should mint for amount=1
[FEE] 122012290532783 93982 1001657280
      ✓ should mint for amount=1
[FEE] 121993190252666 93977 1001553761
      ✓ should mint for amount=1
[FEE] 121974878491218 93972 1001456705
      ✓ should mint for amount=1
[FEE] 121957305919235 93967 1001365708
      ✓ should mint for amount=1
[FEE] 121940426506164 93962 1001280393
      ✓ should mint for amount=1
[FEE] 121925494569879 93958 1001200405
      ✓ should mint for amount=1
[FEE] 121909874162398 93953 1001125412
      ✓ should mint for amount=1
[FEE] 121896122429924 93949 1001055102
      ✓ should mint for amount=1
[FEE] 121884203471216 93946 1000989183
      ✓ should mint for amount=1
[FEE] 121872786310514 93943 1000927381
      ✓ should mint for amount=1
[FEE] 121861839608507 93940 1000869439
      ✓ should mint for amount=1
[FEE] 121851333977913 93937 1000815116
      ✓ should mint for amount=1
[FEE] 121842538955573 93935 1000764186
      ✓ should mint for amount=1
[FEE] 121832834441926 93932 1000716437
      ✓ should mint for amount=1
[FEE] 121824790429405 93930 1000671671
      ✓ should mint for amount=1
[FEE] 121817087156944 93928 1000629702
      ✓ should mint for amount=1
[FEE] 121809703176933 93926 1000590354
      ✓ should mint for amount=1
[FEE] 121802618747880 93924 1000553465
      ✓ should mint for amount=1
[FEE] 121795814982101 93922 1000518880
      ✓ should mint for amount=1
[FEE] 121789274454280 93920 1000486456
      ✓ should mint for amount=1
[FEE] 121784277409189 93919 1000456058
      ✓ should mint for amount=1
[FEE] 121778214945507 93917 1000427559
      ✓ should mint for amount=1
[FEE] 121771072796051 93914 1000400841
      ✓ should mint for amount=1
[FEE] 121765430593120 93912 1000375792
      ✓ should mint for amount=1
[FEE] 121761275567623 93911 1000352308
      ✓ should mint for amount=1
[FEE] 121757299161983 93910 1000330291
      ✓ should mint for amount=1
[FEE] 121753490294358 93909 1000309650
      ✓ should mint for amount=1
[FEE] 121749838491950 93908 1000290299
      ✓ should mint for amount=1
[FEE] 121746333890973 93907 1000272157
      ✓ should mint for amount=1
[FEE] 121742967358333 93906 1000255149
      ✓ should mint for amount=1
[FEE] 121739730126456 93905 1000239203
      ✓ should mint for amount=1
[FEE] 121737910674448 93905 1000224254
      ✓ should mint for amount=1
[FEE] 121736204900157 93905 1000210239
      ✓ should mint for amount=1
[FEE] 121734605744366 93905 1000197100
      ✓ should mint for amount=1
[FEE] 121733106512991 93905 1000184782
      ✓ should mint for amount=1
[FEE] 121731700998790 93905 1000173234
      ✓ should mint for amount=1
[FEE] 121727790609581 93903 1000162407
      ✓ should mint for amount=1
[FEE] 121726555273134 93903 1000152257
      ✓ should mint for amount=1
[FEE] 121725397099574 93903 1000142741
      ✓ should mint for amount=1
[FEE] 121724311342288 93903 1000133820
      ✓ should mint for amount=1
[FEE] 121723293376372 93903 1000125456
      ✓ should mint for amount=1
[FEE] 121722339063753 93903 1000117615
      ✓ should mint for amount=1
[FEE] 121721444388066 93903 1000110264
      ✓ should mint for amount=1
[FEE] 121720605698070 93903 1000103373
      ✓ should mint for amount=1
[FEE] 121718523113231 93902 1000096912
      ✓ should mint for amount=1
[FEE] 121717785935578 93902 1000090855
      ✓ should mint for amount=1
[FEE] 121717094884775 93902 1000085177
      ✓ should mint for amount=1
[FEE] 121715150710971 93901 1000079853
      ✓ should mint for amount=1
[FEE] 121714543279159 93901 1000074862
      ✓ should mint for amount=1
[FEE] 121713973819441 93901 1000070183
      ✓ should mint for amount=1
[FEE] 121713440019416 93901 1000065797
      ✓ should mint for amount=1
[FEE] 121710347199408 93899 1000061685
      ✓ should mint for amount=1
[FEE] 121708581856321 93898 1000057830
      ✓ should mint for amount=1
[FEE] 121708142026941 93898 1000054216
      ✓ should mint for amount=1
[FEE] 121707729702110 93898 1000050828
      ✓ should mint for amount=1
[FEE] 121707343056306 93898 1000047651
      ✓ should mint for amount=1
[FEE] 121705684467522 93897 1000044673
      ✓ should mint for amount=1
[FEE] 121704048522462 93896 1000041881
      ✓ should mint for amount=1
[FEE] 121703729914607 93896 1000039263
      ✓ should mint for amount=1
[FEE] 121703431265380 93896 1000036809
      ✓ should mint for amount=1
[FEE] 121703151236092 93896 1000034508
      ✓ should mint for amount=1
[FEE] 121702888731453 93896 1000032351
      ✓ should mint for amount=1
[FEE] 121702642656173 93896 1000030329
      ✓ should mint for amount=1
[FEE] 121702411914961 93896 1000028433
      ✓ should mint for amount=1
[FEE] 121702195655924 93896 1000026656
      ✓ should mint for amount=1
[FEE] 121701992905470 93896 1000024990
      ✓ should mint for amount=1
[FEE] 121700506677657 93895 1000023428
      ✓ should mint for amount=1
[FEE] 121700328512289 93895 1000021964
      ✓ should mint for amount=1
[FEE] 121700161421408 93895 1000020591
      ✓ should mint for amount=1
[FEE] 121700004796526 93895 1000019304
      ✓ should mint for amount=1
[FEE] 121699858029153 93895 1000018098
      ✓ should mint for amount=1
[FEE] 121699720389105 93895 1000016967
      ✓ should mint for amount=1
[FEE] 121698295265287 93894 1000015907
      ✓ should mint for amount=1
[FEE] 121698174299106 93894 1000014913
      ✓ should mint for amount=1
[FEE] 121698060878099 93894 1000013981
      ✓ should mint for amount=1
[FEE] 121697954515481 93894 1000013107
      ✓ should mint for amount=1
[FEE] 121697854846162 93894 1000012288
      ✓ should mint for amount=1
[FEE] 121697761383358 93894 1000011520
      ✓ should mint for amount=1
[FEE] 121697673761980 93894 1000010800
      ✓ should mint for amount=1
[FEE] 121697591616937 93894 1000010125
      ✓ should mint for amount=1
[FEE] 121696218467153 93893 1000009492
      ✓ should mint for amount=1
[FEE] 121696146301981 93893 1000008899
      ✓ should mint for amount=1
[FEE] 121696078639526 93893 1000008343
      ✓ should mint for amount=1
[FEE] 121696015236398 93893 1000007822
      ✓ should mint for amount=1
[FEE] 121695955727512 93893 1000007333
      ✓ should mint for amount=1
[FEE] 121695899991173 93893 1000006875
      ✓ should mint for amount=1
[FEE] 121694551550256 93892 1000006445
      ✓ should mint for amount=1
[FEE] 121694502507668 93892 1000006042
      ✓ should mint for amount=1
[FEE] 121694456507424 93892 1000005664
      ✓ should mint for amount=1
[FEE] 121693117317263 93891 1000005310
      ✓ should mint for amount=1
[FEE] 121693076915362 93891 1000004978
      ✓ should mint for amount=1
[FEE] 121693039069004 93891 1000004667
      ✓ should mint for amount=1
[FEE] 121693003534802 93891 1000004375
      ✓ should mint for amount=1
[FEE] 121692970312758 93891 1000004102
      ✓ should mint for amount=1
[FEE] 121692939159485 93891 1000003846
      ✓ should mint for amount=1
[FEE] 121692909953292 93891 1000003606
      ✓ should mint for amount=1
[FEE] 121692882572486 93891 1000003381
      ✓ should mint for amount=1
[FEE] 121692856895375 93891 1000003170
      ✓ should mint for amount=1
[FEE] 121692832800265 93891 1000002972
      ✓ should mint for amount=1
[FEE] 121692810165466 93891 1000002786
      ✓ should mint for amount=1
[FEE] 121691492883905 93890 1000002612
      ✓ should mint for amount=1
[FEE] 121691473048243 93890 1000002449
      ✓ should mint for amount=1
[FEE] 121691454429494 93890 1000002296
      ✓ should mint for amount=1
[FEE] 121691437027656 93890 1000002153
      ✓ should mint for amount=1
[FEE] 121691420599347 93890 1000002018
      ✓ should mint for amount=1
[FEE] 121691405266259 93890 1000001892
      ✓ should mint for amount=1
[FEE] 121690094800716 93889 1000001774
      ✓ should mint for amount=1
[FEE] 121690081293139 93889 1000001663
      ✓ should mint for amount=1
[FEE] 121691364743098 93890 1000001559
      ✓ should mint for amount=1
[FEE] 121690056833473 93889 1000001462
      ✓ should mint for amount=1
[FEE] 121691341865157 93890 1000001371
      ✓ should mint for amount=1
[FEE] 121691331399716 93890 1000001285
      ✓ should mint for amount=1
[FEE] 121690025559174 93889 1000001205
      ✓ should mint for amount=1
[FEE] 121691312537584 93890 1000001130
      ✓ should mint for amount=1
[FEE] 121691303897510 93890 1000001059
      ✓ should mint for amount=1
[FEE] 121691295865893 93890 1000000993
      ✓ should mint for amount=1
[FEE] 121689992216148 93889 1000000931
      ✓ should mint for amount=1
[FEE] 121689985158135 93889 1000000873
      ✓ should mint for amount=1
[FEE] 121691274569937 93890 1000000818
      ✓ should mint for amount=1
[FEE] 121691268363687 93890 1000000767
      ✓ should mint for amount=1
[FEE] 121689966417893 93889 1000000719
      ✓ should mint for amount=1
[FEE] 121689960941849 93889 1000000674
      ✓ should mint for amount=1
[FEE] 121688659726369 93888 1000000632
      ✓ should mint for amount=1
[FEE] 121688654980514 93888 1000000593
      ✓ should mint for amount=1
[FEE] 121687354373631 93887 1000000556
      ✓ should mint for amount=1
[FEE] 121687350114576 93887 1000000521
      ✓ should mint for amount=1
[FEE] 121687346098895 93887 1000000488
      ✓ should mint for amount=1
[FEE] 121688638552556 93888 1000000458
      ✓ should mint for amount=1
[FEE] 121689931127828 93889 1000000429
      ✓ should mint for amount=1
[FEE] 121691223946408 93890 1000000402
      ✓ should mint for amount=1
[FEE] 121691220904129 93890 1000000377
      ✓ should mint for amount=1
[FEE] 121691217983541 93890 1000000353
      ✓ should mint for amount=1
[FEE] 121691215306335 93890 1000000331
      ✓ should mint for amount=1
[FEE] 121691212750820 93890 1000000310
      ✓ should mint for amount=1
[FEE] 121689914334625 93889 1000000291
      ✓ should mint for amount=1
[FEE] 121691208248247 93890 1000000273
      ✓ should mint for amount=1
[FEE] 121691206179497 93890 1000000256
      ✓ should mint for amount=1
[FEE] 121689908128441 93889 1000000240
      ✓ should mint for amount=1
[FEE] 121689906303093 93889 1000000225
      ✓ should mint for amount=1
[FEE] 121688608495476 93888 1000000211
      ✓ should mint for amount=1
[FEE] 121689903017466 93889 1000000198
      ✓ should mint for amount=1
[FEE] 121691197661114 93890 1000000186
      ✓ should mint for amount=1
[FEE] 121691196200820 93890 1000000174
      ✓ should mint for amount=1
[FEE] 121691194862217 93890 1000000163
      ✓ should mint for amount=1
[FEE] 121691193645306 93890 1000000153
      ✓ should mint for amount=1
[FEE] 121691192428394 93890 1000000143
      ✓ should mint for amount=1
[FEE] 121691191333173 93890 1000000134
      ✓ should mint for amount=1
[FEE] 121689894255795 93889 1000000126
      ✓ should mint for amount=1
[FEE] 121691189386114 93890 1000000118
      ✓ should mint for amount=1
[FEE] 121691188534276 93890 1000000111
      ✓ should mint for amount=1
[FEE] 121689891578618 93889 1000000104
      ✓ should mint for amount=1
[FEE] 121688594744666 93888 1000000098
      ✓ should mint for amount=1
[FEE] 121689890118339 93889 1000000092
      ✓ should mint for amount=1
[FEE] 121691185491997 93890 1000000086
      ✓ should mint for amount=1
[FEE] 121691184883541 93890 1000000081
      ✓ should mint for amount=1
[FEE] 121691184275085 93890 1000000076
      ✓ should mint for amount=1
[FEE] 121691183666629 93890 1000000071
      ✓ should mint for amount=1
[FEE] 121691183179864 93890 1000000067
      ✓ should mint for amount=1
[FEE] 121691182693100 93890 1000000063
      ✓ should mint for amount=1
[FEE] 121691182206335 93890 1000000059
      ✓ should mint for amount=1
[FEE] 121691181719570 93890 1000000055
      ✓ should mint for amount=1
[FEE] 121689885250744 93889 1000000052
      ✓ should mint for amount=1
[FEE] 121691180989423 93890 1000000049
      ✓ should mint for amount=1
[FEE] 121691180624350 93890 1000000046
      ✓ should mint for amount=1
[FEE] 121691180259276 93890 1000000043
      ✓ should mint for amount=1
[FEE] 121691179894203 93890 1000000040
      ✓ should mint for amount=1
[FEE] 121691179650820 93890 1000000038
      ✓ should mint for amount=1
[FEE] 121691179407438 93890 1000000036
      ✓ should mint for amount=1
[FEE] 121691179164056 93890 1000000034
      ✓ should mint for amount=1
[FEE] 121691178920673 93890 1000000032
      ✓ should mint for amount=1
[FEE] 121691178677291 93890 1000000030
      ✓ should mint for amount=1
[FEE] 121691178433909 93890 1000000028
      ✓ should mint for amount=1
[FEE] 121691178190526 93890 1000000026
      ✓ should mint for amount=1
[FEE] 121691177947144 93890 1000000024
      ✓ should mint for amount=1
[FEE] 121689881721738 93889 1000000023
      ✓ should mint for amount=1
[FEE] 121688585496334 93888 1000000022
      ✓ should mint for amount=1
[FEE] 121689881478358 93889 1000000021
      ✓ should mint for amount=1
[FEE] 121688585252957 93888 1000000020
      ✓ should mint for amount=1
[FEE] 121687289027558 93887 1000000019
      ✓ should mint for amount=1
[FEE] 121688585009579 93888 1000000018
      ✓ should mint for amount=1
[FEE] 121688584887891 93888 1000000017
      ✓ should mint for amount=1
[FEE] 121688584766202 93888 1000000016
      ✓ should mint for amount=1
[FEE] 121689880748218 93889 1000000015
      ✓ should mint for amount=1
[FEE] 121691176730232 93890 1000000014
      ✓ should mint for amount=1
[FEE] 121691176608541 93890 1000000013
      ✓ should mint for amount=1
[FEE] 121691176486850 93890 1000000012
      ✓ should mint for amount=1
[FEE] 121691176365159 93890 1000000011
      ✓ should mint for amount=1
[FEE] 121691176243468 93890 1000000010
      ✓ should mint for amount=1
[FEE] 121689880018079 93889 1000000009
      ✓ should mint for amount=1
[FEE] 121689879896389 93889 1000000008
      ✓ should mint for amount=1
[FEE] 121689879896389 93889 1000000008
      ✓ should mint for amount=1
[FEE] 121688583792694 93888 1000000008
      ✓ should mint for amount=1
[FEE] 121688583792694 93888 1000000008
      ✓ should mint for amount=1
[FEE] 121689879896389 93889 1000000008
      ✓ should mint for amount=1
[FEE] 121688583792694 93888 1000000008
      ✓ should mint for amount=1
[FEE] 121689879896389 93889 1000000008
      ✓ should mint for amount=1
[FEE] 121691176000085 93890 1000000008
      ✓ should mint for amount=1
[FEE] 121691176000085 93890 1000000008
      ✓ should mint for amount=1
[FEE] 121691176000085 93890 1000000008
      ✓ should mint for amount=1
[FEE] 121691176000085 93890 1000000008
      ✓ should mint for amount=1
[FEE] 121691176000085 93890 1000000008
      ✓ should mint for amount=1
[FEE] 121689879896389 93889 1000000008
      ✓ should mint for amount=1
[FEE] 121691176000085 93890 1000000008
      ✓ should mint for amount=1
[FEE] 121691176000085 93890 1000000008
      ✓ should mint for amount=1
[FEE] 121691176000085 93890 1000000008
      ✓ should mint for amount=1
[FEE] 121691176000085 93890 1000000008
      ✓ should mint for amount=1
[FEE] 121689879896389 93889 1000000008
      ✓ should mint for amount=1
[FEE] 121691176000085 93890 1000000008
      ✓ should mint for amount=1
[FEE] 121691176000085 93890 1000000008
      ✓ should mint for amount=1
[FEE] 121689879896389 93889 1000000008
      ✓ should mint for amount=1
[FEE] 121691176000085 93890 1000000008
      ✓ should mint for amount=1
[FEE] 121691176000085 93890 1000000008
      ✓ should mint for amount=1
[FEE] 121691176000085 93890 1000000008
      ✓ should mint for amount=1
[FEE] 121691176000085 93890 1000000008
      ✓ should mint for amount=1
[FEE] 121691176000085 93890 1000000008
      ✓ should mint for amount=1
[FEE] 121691176000085 93890 1000000008
      ✓ should mint for amount=1
[FEE] 121691176000085 93890 1000000008
      ✓ should mint for amount=1
[FEE] 121691176000085 93890 1000000008
      ✓ should mint for amount=1
[FEE] 121689879896389 93889 1000000008
      ✓ should mint for amount=1
[FEE] 121691176000085 93890 1000000008
      ✓ should mint for amount=1
[FEE] 121689879896389 93889 1000000008
      ✓ should mint for amount=1
[FEE] 121688583792694 93888 1000000008
      ✓ should mint for amount=1
[FEE] 121689879896389 93889 1000000008
      ✓ should mint for amount=1
[FEE] 121691176000085 93890 1000000008
      ✓ should mint for amount=1
[FEE] 121691176000085 93890 1000000008
      ✓ should mint for amount=1
[FEE] 121691176000085 93890 1000000008
      ✓ should mint for amount=1
[FEE] 121691176000085 93890 1000000008
      ✓ should mint for amount=1
[FEE] 121691176000085 93890 1000000008
      ✓ should mint for amount=1
[FEE] 121691176000085 93890 1000000008
      ✓ should mint for amount=1
[FEE] 121689879896389 93889 1000000008
      ✓ should mint for amount=1
[FEE] 121689879896389 93889 1000000008
      ✓ should mint for amount=1
[FEE] 121691176000085 93890 1000000008
      ✓ should mint for amount=1
[FEE] 121691176000085 93890 1000000008
      ✓ should mint for amount=1
[FEE] 121691176000085 93890 1000000008
      ✓ should mint for amount=1
[FEE] 121689879896389 93889 1000000008
      ✓ should mint for amount=1
[FEE] 121691176000085 93890 1000000008
      ✓ should mint for amount=1
[FEE] 121691176000085 93890 1000000008
      ✓ should mint for amount=1
[FEE] 121691176000085 93890 1000000008
      ✓ should mint for amount=1
[FEE] 121691176000085 93890 1000000008
      ✓ should mint for amount=1
[FEE] 121689879896389 93889 1000000008
      ✓ should mint for amount=1
[FEE] 121691176000085 93890 1000000008
      ✓ should mint for amount=1
[FEE] 121691176000085 93890 1000000008
      ✓ should mint for amount=1
[FEE] 121689879896389 93889 1000000008
      ✓ should mint for amount=1
[FEE] 121689879896389 93889 1000000008
      ✓ should mint for amount=1
[FEE] 121688583792694 93888 1000000008
      ✓ should mint for amount=1
[FEE] 121688583792694 93888 1000000008
      ✓ should mint for amount=1
[FEE] 121689879896389 93889 1000000008
      ✓ should mint for amount=1
[FEE] 121691176000085 93890 1000000008
      ✓ should mint for amount=1
[FEE] 121689879896389 93889 1000000008
      ✓ should mint for amount=1
[FEE] 121688583792694 93888 1000000008
      ✓ should mint for amount=1
[FEE] 121689879896389 93889 1000000008
      ✓ should mint for amount=1
[FEE] 121691176000085 93890 1000000008
      ✓ should mint for amount=1
[FEE] 121691176000085 93890 1000000008
      ✓ should mint for amount=1
[FEE] 121689879896389 93889 1000000008
      ✓ should mint for amount=1
[FEE] 121691176000085 93890 1000000008
      ✓ should mint for amount=1
[FEE] 121691176000085 93890 1000000008
      ✓ should mint for amount=1
[FEE] 121691176000085 93890 1000000008
      ✓ should mint for amount=1
[FEE] 121691176000085 93890 1000000008
      ✓ should mint for amount=1
[FEE] 121689879896389 93889 1000000008
      ✓ should mint for amount=1
[FEE] 121691176000085 93890 1000000008
      ✓ should mint for amount=1
[FEE] 121691176000085 93890 1000000008
      ✓ should mint for amount=1
[FEE] 121691176000085 93890 1000000008
      ✓ should mint for amount=1

·----------------------------------------|---------------------------|-------------|----------------------------·
|          [90mSolc version: 0.8.17[39m          ·  [90mOptimizer enabled: true[39m  ·  [90mRuns: 200[39m  ·  [90mBlock limit: 8000000 gas[39m  │
·········································|···························|·············|·····························
|  [32m[1mMethods[22m[39m                                                                                                      │
···················|·····················|·············|·············|·············|··············|··············
|  [1mContract[22m        ·  [1mMethod[22m             ·  [32mMin[39m        ·  [32mMax[39m        ·  [32mAvg[39m        ·  [1m# calls[22m     ·  [1musd (avg)[22m  │
···················|·····················|·············|·············|·············|··············|··············
|  [90mXPowerThorTest[39m  ·  init               ·          -  ·          -  ·      67353  ·           [90m1[39m  ·          [32m[90m-[32m[39m  │
···················|·····················|·············|·············|·············|··············|··············
|  [90mXPowerThorTest[39m  ·  mint               ·     [36m121709[39m  ·     [31m229547[39m  ·     125917  ·         [90m365[39m  ·          [32m[90m-[32m[39m  │
···················|·····················|·············|·············|·············|··············|··············
|  [90mXPowerThorTest[39m  ·  transferOwnership  ·          -  ·          -  ·      28656  ·           [90m1[39m  ·          [32m[90m-[32m[39m  │
···················|·····················|·············|·············|·············|··············|··············
|  [32m[1mDeployments[22m[39m                           ·                                         ·  [1m% of limit[22m  ·             │
·········································|·············|·············|·············|··············|··············
|  XPowerThorTest                        ·          -  ·          -  ·    3331941  ·      [90m41.6 %[39m  ·          [32m[90m-[32m[39m  │
·----------------------------------------|-------------|-------------|-------------|--------------|-------------·

  365 passing (22s)

