
> xpower@6.0.0 test-gas
> REPORT_GAS=true npm test ./test/contracts/XPower.fees.1-thor.test.js


> xpower@6.0.0 test
> hardhat test ./test/contracts/XPower.fees.1-thor.test.js


  XPowerThor
    mint
[FEE] 348822982083776 162305 1658186771
      ✓ should mint for amount=1
[FEE] 338640305167777 158029 1653339758
      ✓ should mint for amount=1
[FEE] 328267710393630 154021 1644403838
      ✓ should mint for amount=1
[FEE] 317874835979047 150263 1632166081
      ✓ should mint for amount=1
[FEE] 307594705368191 146740 1617300033
      ✓ should mint for amount=1
[FEE] 297525518022766 143437 1600380611
      ✓ should mint for amount=1
[FEE] 287739475305910 140340 1581897099
      ✓ should mint for amount=1
[FEE] 278290241982680 137437 1562264507
      ✓ should mint for amount=1
[FEE] 269213238158173 134716 1541833534
      ✓ should mint for amount=1
[FEE] 260527367216200 132164 1520899198
      ✓ should mint for amount=1
[FEE] 252247905851684 129772 1499708407
      ✓ should mint for amount=1
[FEE] 244378849569598 127530 1478466576
      ✓ should mint for amount=1
[FEE] 236916947866263 125428 1457343359
      ✓ should mint for amount=1
[FEE] 229855203593047 123457 1436477656
      ✓ should mint for amount=1
[FEE] 223184068327318 121609 1415981982
      ✓ should mint for amount=1
[FEE] 216892387025189 119877 1395946252
      ✓ should mint for amount=1
[FEE] 210964577463909 118253 1376441085
      ✓ should mint for amount=1
[FEE] 205386738619683 116731 1357520658
      ✓ should mint for amount=1
[FEE] 200141766964656 115304 1339225193
      ✓ should mint for amount=1
[FEE] 195213357109821 113966 1321583108
      ✓ should mint for amount=1
[FEE] 190584558031279 112711 1304612877
      ✓ should mint for amount=1
[FEE] 186241401231567 111535 1288324641
      ✓ should mint for amount=1
[FEE] 182167975111600 110433 1272721601
      ✓ should mint for amount=1
[FEE] 178346711653089 109399 1257801211
      ✓ should mint for amount=1
[FEE] 174765065286597 108430 1243556209
      ✓ should mint for amount=1
[FEE] 171407374165126 107521 1229975502
      ✓ should mint for amount=1
[FEE] 168259853904150 106668 1217044925
      ✓ should mint for amount=1
[FEE] 165310571576403 105868 1204747887
      ✓ should mint for amount=1
[FEE] 162550960269996 105120 1193065924
      ✓ should mint for amount=1
[FEE] 159964988643941 104418 1181979171
      ✓ should mint for amount=1
[FEE] 157543205196621 103760 1171466755
      ✓ should mint for amount=1
[FEE] 155276450784548 103144 1161507131
      ✓ should mint for amount=1
[FEE] 153151392729974 102565 1152078364
      ✓ should mint for amount=1
[FEE] 151162558258624 102023 1143158363
      ✓ should mint for amount=1
[FEE] 149300278278523 101515 1134725077
      ✓ should mint for amount=1
[FEE] 147556693719616 101039 1126756652
      ✓ should mint for amount=1
[FEE] 145922794598945 100592 1119231565
      ✓ should mint for amount=1
[FEE] 144394223456537 100174 1112128725
      ✓ should mint for amount=1
[FEE] 142961101478137 99781 1105427560
      ✓ should mint for amount=1
[FEE] 141619587624851 99413 1099108079
      ✓ should mint for amount=1
[FEE] 140363201720005 99068 1093150921
      ✓ should mint for amount=1
[FEE] 139187122721806 98745 1087537391
      ✓ should mint for amount=1
[FEE] 138083933543749 98441 1082249485
      ✓ should mint for amount=1
[FEE] 137052054219482 98157 1077269905
      ✓ should mint for amount=1
[FEE] 136085871868757 97891 1072582062
      ✓ should mint for amount=1
[FEE] 135179978790836 97641 1068170082
      ✓ should mint for amount=1
[FEE] 134331917137020 97407 1064018795
      ✓ should mint for amount=1
[FEE] 133537994687895 97188 1060113731
      ✓ should mint for amount=1
[FEE] 132793302328937 96982 1056441102
      ✓ should mint for amount=1
[FEE] 132095822351976 96789 1052987788
      ✓ should mint for amount=1
[FEE] 131442293732180 96608 1049741320
      ✓ should mint for amount=1
[FEE] 130830939350128 96439 1046689857
      ✓ should mint for amount=1
[FEE] 130257381346447 96280 1043822168
      ✓ should mint for amount=1
[FEE] 129720068028883 96131 1041127606
      ✓ should mint for amount=1
[FEE] 129216193960179 95991 1038596090
      ✓ should mint for amount=1
[FEE] 128744396377373 95860 1036218079
      ✓ should mint for amount=1
[FEE] 128302053965168 95737 1033984549
      ✓ should mint for amount=1
[FEE] 127887971220045 95622 1031886972
      ✓ should mint for amount=1
[FEE] 127499689910583 95514 1029917292
      ✓ should mint for amount=1
[FEE] 127136161996196 95413 1028067902
      ✓ should mint for amount=1
[FEE] 126795072997124 95318 1026331625
      ✓ should mint for amount=1
[FEE] 126475505025023 95229 1024701691
      ✓ should mint for amount=1
[FEE] 126175269970395 95145 1023171717
      ✓ should mint for amount=1
[FEE] 125894888327788 95067 1021735686
      ✓ should mint for amount=1
[FEE] 125629632654052 94992 1020387930
      ✓ should mint for amount=1
[FEE] 125382767438663 94923 1019123111
      ✓ should mint for amount=1
[FEE] 125152303632606 94859 1017936203
      ✓ should mint for amount=1
[FEE] 124936299318201 94799 1016822473
      ✓ should mint for amount=1
[FEE] 124734173532661 94743 1015777470
      ✓ should mint for amount=1
[FEE] 124542750380270 94689 1014797005
      ✓ should mint for amount=1
[FEE] 124365467677145 94640 1013877138
      ✓ should mint for amount=1
[FEE] 124196589852446 94592 1013014164
      ✓ should mint for amount=1
[FEE] 124039611891300 94548 1012204600
      ✓ should mint for amount=1
[FEE] 123892799965016 94507 1011445171
      ✓ should mint for amount=1
[FEE] 123755760469481 94469 1010732800
      ✓ should mint for amount=1
[FEE] 123626815023428 94433 1010064595
      ✓ should mint for amount=1
[FEE] 123506928156889 94400 1009437839
      ✓ should mint for amount=1
[FEE] 123391852251904 94367 1008849979
      ✓ should mint for amount=1
[FEE] 123286516560360 94338 1008298617
      ✓ should mint for amount=1
[FEE] 123185408473012 94309 1007781502
      ✓ should mint for amount=1
[FEE] 123092182364400 94283 1007296519
      ✓ should mint for amount=1
[FEE] 123005281848688 94259 1006841683
      ✓ should mint for amount=1
[FEE] 122923168486446 94236 1006415130
      ✓ should mint for amount=1
[FEE] 122846928173055 94215 1006015109
      ✓ should mint for amount=1
[FEE] 122775051627337 94195 1005639977
      ✓ should mint for amount=1
[FEE] 122707347357811 94176 1005288193
      ✓ should mint for amount=1
[FEE] 122643635559938 94158 1004958309
      ✓ should mint for amount=1
[FEE] 122583747597835 94141 1004648966
      ✓ should mint for amount=1
[FEE] 122528827363551 94126 1004358891
      ✓ should mint for amount=1
[FEE] 122477424066461 94112 1004086887
      ✓ should mint for amount=1
[FEE] 122429398701816 94099 1003831831
      ✓ should mint for amount=1
[FEE] 122383320373305 94086 1003592671
      ✓ should mint for amount=1
[FEE] 122340368159772 94074 1003368418
      ✓ should mint for amount=1
[FEE] 122300427600031 94063 1003158146
      ✓ should mint for amount=1
[FEE] 122263391223372 94053 1002960985
      ✓ should mint for amount=1
[FEE] 122227858710566 94043 1002776120
      ✓ should mint for amount=1
[FEE] 122195035703261 94034 1002602785
      ✓ should mint for amount=1
[FEE] 122163534478507 94025 1002440263
      ✓ should mint for amount=1
[FEE] 122134571596999 94017 1002287880
      ✓ should mint for amount=1
[FEE] 122105471497895 94008 1002145005
      ✓ should mint for amount=1
[FEE] 122080058288756 94001 1002011045
      ✓ should mint for amount=1
[FEE] 122055665975490 93994 1001885445
      ✓ should mint for amount=1
[FEE] 122033529258736 93988 1001767684
      ✓ should mint for amount=1
[FEE] 122012289801920 93982 1001657274
      ✓ should mint for amount=1
[FEE] 121991891526132 93976 1001553756
      ✓ should mint for amount=1
[FEE] 121973579890511 93971 1001456700
      ✓ should mint for amount=1
[FEE] 121954709684512 93965 1001365704
      ✓ should mint for amount=1
[FEE] 121939128255824 93961 1001280389
      ✓ should mint for amount=1
[FEE] 121922898763703 93956 1001200401
      ✓ should mint for amount=1
[FEE] 121908576112976 93952 1001125408
      ✓ should mint for amount=1
[FEE] 121896121942853 93949 1001055098
      ✓ should mint for amount=1
[FEE] 121884202984161 93946 1000989179
      ✓ should mint for amount=1
[FEE] 121871488517812 93942 1000927377
      ✓ should mint for amount=1
[FEE] 121860541890919 93939 1000869435
      ✓ should mint for amount=1
[FEE] 121848739170594 93935 1000815112
      ✓ should mint for amount=1
[FEE] 121839944280286 93933 1000764182
      ✓ should mint for amount=1
[FEE] 121830240012172 93930 1000716434
      ✓ should mint for amount=1
[FEE] 121822196115703 93928 1000671668
      ✓ should mint for amount=1
[FEE] 121814492952042 93926 1000629699
      ✓ should mint for amount=1
[FEE] 121807109195772 93924 1000590352
      ✓ should mint for amount=1
[FEE] 121800024862348 93922 1000553463
      ✓ should mint for amount=1
[FEE] 121793221186225 93920 1000518878
      ✓ should mint for amount=1
[FEE] 121787977476640 93919 1000486454
      ✓ should mint for amount=1
[FEE] 121781683776169 93917 1000456056
      ✓ should mint for amount=1
[FEE] 121775621386368 93915 1000427557
      ✓ should mint for amount=1
[FEE] 121771072552607 93914 1000400839
      ✓ should mint for amount=1
[FEE] 121765430349680 93912 1000375790
      ✓ should mint for amount=1
[FEE] 121761275324186 93911 1000352306
      ✓ should mint for amount=1
[FEE] 121757299040266 93910 1000330290
      ✓ should mint for amount=1
[FEE] 121753490172642 93909 1000309649
      ✓ should mint for amount=1
[FEE] 121749838370235 93908 1000290298
      ✓ should mint for amount=1
[FEE] 121746333769260 93907 1000272156
      ✓ should mint for amount=1
[FEE] 121742967236621 93906 1000255148
      ✓ should mint for amount=1
[FEE] 121739730126456 93905 1000239203
      ✓ should mint for amount=1
[FEE] 121737910674448 93905 1000224254
      ✓ should mint for amount=1
[FEE] 121734908523980 93904 1000210239
      ✓ should mint for amount=1
[FEE] 121733309385218 93904 1000197100
      ✓ should mint for amount=1
[FEE] 121730513826627 93903 1000184782
      ✓ should mint for amount=1
[FEE] 121729108342361 93903 1000173234
      ✓ should mint for amount=1
[FEE] 121727790609581 93903 1000162407
      ✓ should mint for amount=1
[FEE] 121726555273134 93903 1000152257
      ✓ should mint for amount=1
[FEE] 121725397099574 93903 1000142741
      ✓ should mint for amount=1
[FEE] 121724311342288 93903 1000133820
      ✓ should mint for amount=1
[FEE] 121723293376372 93903 1000125456
      ✓ should mint for amount=1
[FEE] 121722339063753 93903 1000117615
      ✓ should mint for amount=1
[FEE] 121720148141467 93902 1000110264
      ✓ should mint for amount=1
[FEE] 121716716985067 93900 1000103373
      ✓ should mint for amount=1
[FEE] 121715930654644 93900 1000096912
      ✓ should mint for amount=1
[FEE] 121715193492692 93900 1000090855
      ✓ should mint for amount=1
[FEE] 121714502456608 93900 1000085177
      ✓ should mint for amount=1
[FEE] 121713854503787 93900 1000079853
      ✓ should mint for amount=1
[FEE] 121713247078444 93900 1000074862
      ✓ should mint for amount=1
[FEE] 121712677624792 93900 1000070183
      ✓ should mint for amount=1
[FEE] 121712143830451 93900 1000065797
      ✓ should mint for amount=1
[FEE] 121711643383043 93900 1000061685
      ✓ should mint for amount=1
[FEE] 121711174213599 93900 1000057830
      ✓ should mint for amount=1
[FEE] 121710734374851 93900 1000054216
      ✓ should mint for amount=1
[FEE] 121710322041238 93900 1000050828
      ✓ should mint for amount=1
[FEE] 121709935387198 93900 1000047651
      ✓ should mint for amount=1
[FEE] 121709572952281 93900 1000044673
      ✓ should mint for amount=1
[FEE] 121709233154333 93900 1000041881
      ✓ should mint for amount=1
[FEE] 121708914532904 93900 1000039263
      ✓ should mint for amount=1
[FEE] 121708615870955 93900 1000036809
      ✓ should mint for amount=1
[FEE] 121708335829737 93900 1000034508
      ✓ should mint for amount=1
[FEE] 121708073313916 93900 1000032351
      ✓ should mint for amount=1
[FEE] 121707827228153 93900 1000030329
      ✓ should mint for amount=1
[FEE] 121707596477111 93900 1000028433
      ✓ should mint for amount=1
[FEE] 121707380208861 93900 1000026656
      ✓ should mint for amount=1
[FEE] 121704585177620 93898 1000024990
      ✓ should mint for amount=1
[FEE] 121704395079809 93898 1000023428
      ✓ should mint for amount=1
[FEE] 121704216908749 93898 1000021964
      ✓ should mint for amount=1
[FEE] 121704049812529 93898 1000020591
      ✓ should mint for amount=1
[FEE] 121703893182642 93898 1000019304
      ✓ should mint for amount=1
[FEE] 121703746410580 93898 1000018098
      ✓ should mint for amount=1
[FEE] 121703608766134 93898 1000016967
      ✓ should mint for amount=1
[FEE] 121703479762497 93898 1000015907
      ✓ should mint for amount=1
[FEE] 121703358791163 93898 1000014913
      ✓ should mint for amount=1
[FEE] 121703245365324 93898 1000013981
      ✓ should mint for amount=1
[FEE] 121703138998175 93898 1000013107
      ✓ should mint for amount=1
[FEE] 121703039324610 93898 1000012288
      ✓ should mint for amount=1
[FEE] 121701649739208 93897 1000011520
      ✓ should mint for amount=1
[FEE] 121700265997346 93896 1000010800
      ✓ should mint for amount=1
[FEE] 121700183850554 93896 1000010125
      ✓ should mint for amount=1
[FEE] 121700106815117 93896 1000009492
      ✓ should mint for amount=1
[FEE] 121700034647639 93896 1000008899
      ✓ should mint for amount=1
[FEE] 121699966983022 93896 1000008343
      ✓ should mint for amount=1
[FEE] 121699903577868 93896 1000007822
      ✓ should mint for amount=1
[FEE] 121699844067081 93896 1000007333
      ✓ should mint for amount=1
[FEE] 121699788328961 93896 1000006875
      ✓ should mint for amount=1
[FEE] 121699735998412 93896 1000006445
      ✓ should mint for amount=1
[FEE] 121699686953734 93896 1000006042
      ✓ should mint for amount=1
[FEE] 121699640951531 93896 1000005664
      ✓ should mint for amount=1
[FEE] 121698301759534 93895 1000005310
      ✓ should mint for amount=1
[FEE] 121698261355912 93895 1000004978
      ✓ should mint for amount=1
[FEE] 121696927398207 93894 1000004667
      ✓ should mint for amount=1
[FEE] 121695595753514 93893 1000004375
      ✓ should mint for amount=1
[FEE] 121695562530762 93893 1000004102
      ✓ should mint for amount=1
[FEE] 121695531376826 93893 1000003846
      ✓ should mint for amount=1
[FEE] 121695502170010 93893 1000003606
      ✓ should mint for amount=1
[FEE] 121695474788621 93893 1000003381
      ✓ should mint for amount=1
[FEE] 121695449110963 93893 1000003170
      ✓ should mint for amount=1
[FEE] 121695425015340 93893 1000002972
      ✓ should mint for amount=1
[FEE] 121695402380059 93893 1000002786
      ✓ should mint for amount=1
[FEE] 121695381205118 93893 1000002612
      ✓ should mint for amount=1
[FEE] 121694065261963 93892 1000002449
      ✓ should mint for amount=1
[FEE] 121694046642816 93892 1000002296
      ✓ should mint for amount=1
[FEE] 121694029240607 93892 1000002153
      ✓ should mint for amount=1
[FEE] 121694012811949 93892 1000002018
      ✓ should mint for amount=1
[FEE] 121693997478534 93892 1000001892
      ✓ should mint for amount=1
[FEE] 121693983118670 93892 1000001774
      ✓ should mint for amount=1
[FEE] 121692673504821 93891 1000001663
      ✓ should mint for amount=1
[FEE] 121691364743098 93890 1000001559
      ✓ should mint for amount=1
[FEE] 121691352939054 93890 1000001462
      ✓ should mint for amount=1
[FEE] 121691341865157 93890 1000001371
      ✓ should mint for amount=1
[FEE] 121691331399716 93890 1000001285
      ✓ should mint for amount=1
[FEE] 121690025559174 93889 1000001205
      ✓ should mint for amount=1
[FEE] 121690016432433 93889 1000001130
      ✓ should mint for amount=1
[FEE] 121688711687394 93888 1000001059
      ✓ should mint for amount=1
[FEE] 121688703655948 93888 1000000993
      ✓ should mint for amount=1
[FEE] 121689992216148 93889 1000000931
      ✓ should mint for amount=1
[FEE] 121691281262952 93890 1000000873
      ✓ should mint for amount=1
[FEE] 121691274569937 93890 1000000818
      ✓ should mint for amount=1
[FEE] 121691268363687 93890 1000000767
      ✓ should mint for amount=1
[FEE] 121691262522511 93890 1000000719
      ✓ should mint for amount=1
[FEE] 121689960941849 93889 1000000674
      ✓ should mint for amount=1
[FEE] 121689955830874 93889 1000000632
      ✓ should mint for amount=1
[FEE] 121688654980514 93888 1000000593
      ✓ should mint for amount=1
[FEE] 121687354373631 93887 1000000556
      ✓ should mint for amount=1
[FEE] 121687350114576 93887 1000000521
      ✓ should mint for amount=1
[FEE] 121687346098895 93887 1000000488
      ✓ should mint for amount=1
[FEE] 121688638552556 93888 1000000458
      ✓ should mint for amount=1
[FEE] 121689931127828 93889 1000000429
      ✓ should mint for amount=1
[FEE] 121691223946408 93890 1000000402
      ✓ should mint for amount=1
[FEE] 121691220904129 93890 1000000377
      ✓ should mint for amount=1
[FEE] 121691217983541 93890 1000000353
      ✓ should mint for amount=1
[FEE] 121689919202220 93889 1000000331
      ✓ should mint for amount=1
[FEE] 121688620542646 93888 1000000310
      ✓ should mint for amount=1
[FEE] 121688618230562 93888 1000000291
      ✓ should mint for amount=1
[FEE] 121689912144207 93889 1000000273
      ✓ should mint for amount=1
[FEE] 121688613971462 93888 1000000256
      ✓ should mint for amount=1
[FEE] 121689908128441 93889 1000000240
      ✓ should mint for amount=1
[FEE] 121691202407070 93890 1000000225
      ✓ should mint for amount=1
[FEE] 121691200703394 93890 1000000211
      ✓ should mint for amount=1
[FEE] 121691199121408 93890 1000000198
      ✓ should mint for amount=1
[FEE] 121691197661114 93890 1000000186
      ✓ should mint for amount=1
[FEE] 121689900096909 93889 1000000174
      ✓ should mint for amount=1
[FEE] 121688602654424 93888 1000000163
      ✓ should mint for amount=1
[FEE] 121687305333654 93887 1000000153
      ✓ should mint for amount=1
[FEE] 121686008012911 93886 1000000143
      ✓ should mint for amount=1
[FEE] 121686006917737 93886 1000000134
      ✓ should mint for amount=1
[FEE] 121686005944249 93886 1000000126
      ✓ should mint for amount=1
[FEE] 121687301074599 93887 1000000118
      ✓ should mint for amount=1
[FEE] 121688596326618 93888 1000000111
      ✓ should mint for amount=1
[FEE] 121689891578618 93889 1000000104
      ✓ should mint for amount=1
[FEE] 121691186952291 93890 1000000098
      ✓ should mint for amount=1
[FEE] 121691186222144 93890 1000000092
      ✓ should mint for amount=1
[FEE] 121691185491997 93890 1000000086
      ✓ should mint for amount=1
[FEE] 121691184883541 93890 1000000081
      ✓ should mint for amount=1
[FEE] 121691184275085 93890 1000000076
      ✓ should mint for amount=1
[FEE] 121689887562852 93889 1000000071
      ✓ should mint for amount=1
[FEE] 121691183179864 93890 1000000067
      ✓ should mint for amount=1
[FEE] 121691182693100 93890 1000000063
      ✓ should mint for amount=1
[FEE] 121691182206335 93890 1000000059
      ✓ should mint for amount=1
[FEE] 121691181719570 93890 1000000055
      ✓ should mint for amount=1
[FEE] 121691181354497 93890 1000000052
      ✓ should mint for amount=1
[FEE] 121691180989423 93890 1000000049
      ✓ should mint for amount=1
[FEE] 121691180624350 93890 1000000046
      ✓ should mint for amount=1
[FEE] 121691180259276 93890 1000000043
      ✓ should mint for amount=1
[FEE] 121691179894203 93890 1000000040
      ✓ should mint for amount=1
[FEE] 121689883547086 93889 1000000038
      ✓ should mint for amount=1
[FEE] 121688587199974 93888 1000000036
      ✓ should mint for amount=1
[FEE] 121688586956597 93888 1000000034
      ✓ should mint for amount=1
[FEE] 121689882816946 93889 1000000032
      ✓ should mint for amount=1
[FEE] 121691178677291 93890 1000000030
      ✓ should mint for amount=1
[FEE] 121691178433909 93890 1000000028
      ✓ should mint for amount=1
[FEE] 121691178190526 93890 1000000026
      ✓ should mint for amount=1
[FEE] 121691177947144 93890 1000000024
      ✓ should mint for amount=1
[FEE] 121691177825453 93890 1000000023
      ✓ should mint for amount=1
[FEE] 121691177703762 93890 1000000022
      ✓ should mint for amount=1
[FEE] 121691177582070 93890 1000000021
      ✓ should mint for amount=1
[FEE] 121691177460379 93890 1000000020
      ✓ should mint for amount=1
[FEE] 121691177338688 93890 1000000019
      ✓ should mint for amount=1
[FEE] 121691177216997 93890 1000000018
      ✓ should mint for amount=1
[FEE] 121691177095306 93890 1000000017
      ✓ should mint for amount=1
[FEE] 121691176973615 93890 1000000016
      ✓ should mint for amount=1
[FEE] 121691176851923 93890 1000000015
      ✓ should mint for amount=1
[FEE] 121691176730232 93890 1000000014
      ✓ should mint for amount=1
[FEE] 121691176608541 93890 1000000013
      ✓ should mint for amount=1
[FEE] 121691176486850 93890 1000000012
      ✓ should mint for amount=1
[FEE] 121689880261459 93889 1000000011
      ✓ should mint for amount=1
[FEE] 121691176243468 93890 1000000010
      ✓ should mint for amount=1
[FEE] 121691176121776 93890 1000000009
      ✓ should mint for amount=1
[FEE] 121691176000085 93890 1000000008
      ✓ should mint for amount=1
[FEE] 121691176000085 93890 1000000008
      ✓ should mint for amount=1
[FEE] 121691176000085 93890 1000000008
      ✓ should mint for amount=1
[FEE] 121691176000085 93890 1000000008
      ✓ should mint for amount=1
[FEE] 121691176000085 93890 1000000008
      ✓ should mint for amount=1
[FEE] 121691176000085 93890 1000000008
      ✓ should mint for amount=1
[FEE] 121691176000085 93890 1000000008
      ✓ should mint for amount=1
[FEE] 121691176000085 93890 1000000008
      ✓ should mint for amount=1
[FEE] 121691176000085 93890 1000000008
      ✓ should mint for amount=1
[FEE] 121691176000085 93890 1000000008
      ✓ should mint for amount=1
[FEE] 121689879896389 93889 1000000008
      ✓ should mint for amount=1
[FEE] 121691176000085 93890 1000000008
      ✓ should mint for amount=1
[FEE] 121691176000085 93890 1000000008
      ✓ should mint for amount=1
[FEE] 121689879896389 93889 1000000008
      ✓ should mint for amount=1
[FEE] 121691176000085 93890 1000000008
      ✓ should mint for amount=1
[FEE] 121691176000085 93890 1000000008
      ✓ should mint for amount=1
[FEE] 121691176000085 93890 1000000008
      ✓ should mint for amount=1
[FEE] 121691176000085 93890 1000000008
      ✓ should mint for amount=1
[FEE] 121689879896389 93889 1000000008
      ✓ should mint for amount=1
[FEE] 121691176000085 93890 1000000008
      ✓ should mint for amount=1
[FEE] 121691176000085 93890 1000000008
      ✓ should mint for amount=1
[FEE] 121689879896389 93889 1000000008
      ✓ should mint for amount=1
[FEE] 121689879896389 93889 1000000008
      ✓ should mint for amount=1
[FEE] 121691176000085 93890 1000000008
      ✓ should mint for amount=1
[FEE] 121691176000085 93890 1000000008
      ✓ should mint for amount=1
[FEE] 121691176000085 93890 1000000008
      ✓ should mint for amount=1
[FEE] 121689879896389 93889 1000000008
      ✓ should mint for amount=1
[FEE] 121691176000085 93890 1000000008
      ✓ should mint for amount=1
[FEE] 121689879896389 93889 1000000008
      ✓ should mint for amount=1
[FEE] 121691176000085 93890 1000000008
      ✓ should mint for amount=1
[FEE] 121691176000085 93890 1000000008
      ✓ should mint for amount=1
[FEE] 121689879896389 93889 1000000008
      ✓ should mint for amount=1
[FEE] 121691176000085 93890 1000000008
      ✓ should mint for amount=1
[FEE] 121691176000085 93890 1000000008
      ✓ should mint for amount=1
[FEE] 121691176000085 93890 1000000008
      ✓ should mint for amount=1
[FEE] 121691176000085 93890 1000000008
      ✓ should mint for amount=1
[FEE] 121691176000085 93890 1000000008
      ✓ should mint for amount=1
[FEE] 121691176000085 93890 1000000008
      ✓ should mint for amount=1
[FEE] 121691176000085 93890 1000000008
      ✓ should mint for amount=1
[FEE] 121689879896389 93889 1000000008
      ✓ should mint for amount=1
[FEE] 121689879896389 93889 1000000008
      ✓ should mint for amount=1
[FEE] 121691176000085 93890 1000000008
      ✓ should mint for amount=1
[FEE] 121691176000085 93890 1000000008
      ✓ should mint for amount=1
[FEE] 121691176000085 93890 1000000008
      ✓ should mint for amount=1
[FEE] 121691176000085 93890 1000000008
      ✓ should mint for amount=1
[FEE] 121689879896389 93889 1000000008
      ✓ should mint for amount=1
[FEE] 121691176000085 93890 1000000008
      ✓ should mint for amount=1
[FEE] 121691176000085 93890 1000000008
      ✓ should mint for amount=1
[FEE] 121691176000085 93890 1000000008
      ✓ should mint for amount=1
[FEE] 121689879896389 93889 1000000008
      ✓ should mint for amount=1
[FEE] 121689879896389 93889 1000000008
      ✓ should mint for amount=1
[FEE] 121688583792694 93888 1000000008
      ✓ should mint for amount=1
[FEE] 121689879896389 93889 1000000008
      ✓ should mint for amount=1
[FEE] 121691176000085 93890 1000000008
      ✓ should mint for amount=1
[FEE] 121691176000085 93890 1000000008
      ✓ should mint for amount=1
[FEE] 121691176000085 93890 1000000008
      ✓ should mint for amount=1
[FEE] 121691176000085 93890 1000000008
      ✓ should mint for amount=1
[FEE] 121691176000085 93890 1000000008
      ✓ should mint for amount=1
[FEE] 121691176000085 93890 1000000008
      ✓ should mint for amount=1
[FEE] 121691176000085 93890 1000000008
      ✓ should mint for amount=1
[FEE] 121691176000085 93890 1000000008
      ✓ should mint for amount=1
[FEE] 121691176000085 93890 1000000008
      ✓ should mint for amount=1
[FEE] 121691176000085 93890 1000000008
      ✓ should mint for amount=1
[FEE] 121691176000085 93890 1000000008
      ✓ should mint for amount=1
[FEE] 121691176000085 93890 1000000008
      ✓ should mint for amount=1
[FEE] 121691176000085 93890 1000000008
      ✓ should mint for amount=1
[FEE] 121691176000085 93890 1000000008
      ✓ should mint for amount=1
[FEE] 121691176000085 93890 1000000008
      ✓ should mint for amount=1
[FEE] 121691176000085 93890 1000000008
      ✓ should mint for amount=1
[FEE] 121691176000085 93890 1000000008
      ✓ should mint for amount=1
[FEE] 121689879896389 93889 1000000008
      ✓ should mint for amount=1
[FEE] 121688583792694 93888 1000000008
      ✓ should mint for amount=1
[FEE] 121689879896389 93889 1000000008
      ✓ should mint for amount=1
[FEE] 121688583792694 93888 1000000008
      ✓ should mint for amount=1
[FEE] 121689879896389 93889 1000000008
      ✓ should mint for amount=1
[FEE] 121691176000085 93890 1000000008
      ✓ should mint for amount=1

·----------------------------------------|---------------------------|-------------|----------------------------·
|          [90mSolc version: 0.8.17[39m          ·  [90mOptimizer enabled: true[39m  ·  [90mRuns: 200[39m  ·  [90mBlock limit: 8000000 gas[39m  │
·········································|···························|·············|·····························
|  [32m[1mMethods[22m[39m                                                                                                      │
···················|·····················|·············|·············|·············|··············|··············
|  [1mContract[22m        ·  [1mMethod[22m             ·  [32mMin[39m        ·  [32mMax[39m        ·  [32mAvg[39m        ·  [1m# calls[22m     ·  [1musd (avg)[22m  │
···················|·····················|·············|·············|·············|··············|··············
|  [90mXPowerThorTest[39m  ·  init               ·          -  ·          -  ·      67353  ·           [90m1[39m  ·          [32m[90m-[32m[39m  │
···················|·····················|·············|·············|·············|··············|··············
|  [90mXPowerThorTest[39m  ·  mint               ·     [36m121697[39m  ·     [31m229535[39m  ·     125779  ·         [90m368[39m  ·          [32m[90m-[32m[39m  │
···················|·····················|·············|·············|·············|··············|··············
|  [90mXPowerThorTest[39m  ·  transferOwnership  ·          -  ·          -  ·      28656  ·           [90m1[39m  ·          [32m[90m-[32m[39m  │
···················|·····················|·············|·············|·············|··············|··············
|  [32m[1mDeployments[22m[39m                           ·                                         ·  [1m% of limit[22m  ·             │
·········································|·············|·············|·············|··············|··············
|  XPowerThorTest                        ·          -  ·          -  ·    3331941  ·      [90m41.6 %[39m  ·          [32m[90m-[32m[39m  │
·----------------------------------------|-------------|-------------|-------------|--------------|-------------·

  368 passing (22s)

