
> xpower@6.0.0 test-gas
> REPORT_GAS=true npm test ./test/contracts/XPower.fees.1-thor.test.js


> xpower@6.0.0 test
> hardhat test ./test/contracts/XPower.fees.1-thor.test.js


  XPowerThor
    mint
[FEE] 348822982083776 162305 1658186771
      ✓ should mint for amount=1
[FEE] 338642448067531 158030 1653339758
      ✓ should mint for amount=1
[FEE] 328265580073885 154020 1644403843
      ✓ should mint for amount=1
[FEE] 317872717990758 150262 1632166068
      ✓ should mint for amount=1
[FEE] 307592604615123 146739 1617300009
      ✓ should mint for amount=1
[FEE] 297523437628596 143436 1600380578
      ✓ should mint for amount=1
[FEE] 287739467484417 140340 1581897056
      ✓ should mint for amount=1
[FEE] 278290234322978 137437 1562264464
      ✓ should mint for amount=1
[FEE] 269213230650119 134716 1541833491
      ✓ should mint for amount=1
[FEE] 260529331093376 132165 1520899155
      ✓ should mint for amount=1
[FEE] 252249843405905 129773 1499708370
      ✓ should mint for amount=1
[FEE] 244380760691481 127531 1478466545
      ✓ should mint for amount=1
[FEE] 236918832344999 125429 1457343332
      ✓ should mint for amount=1
[FEE] 229857061576686 123458 1436477632
      ✓ should mint for amount=1
[FEE] 223185900276781 121610 1415981961
      ✓ should mint for amount=1
[FEE] 216892384539221 119877 1395946236
      ✓ should mint for amount=1
[FEE] 210964574858351 118253 1376441068
      ✓ should mint for amount=1
[FEE] 205384976560154 116730 1357520641
      ✓ should mint for amount=1
[FEE] 200140028499944 115303 1339225175
      ✓ should mint for amount=1
[FEE] 195211641246875 113965 1321583088
      ✓ should mint for amount=1
[FEE] 190582864049960 112710 1304612856
      ✓ should mint for amount=1
[FEE] 186239728538059 111534 1288324621
      ✓ should mint for amount=1
[FEE] 182164673233814 110431 1272721582
      ✓ should mint for amount=1
[FEE] 178343448477511 109397 1257801192
      ✓ should mint for amount=1
[FEE] 174761838920348 108428 1243556189
      ✓ should mint for amount=1
[FEE] 171405777202203 107520 1229975482
      ✓ should mint for amount=1
[FEE] 168261428555481 106669 1217044905
      ✓ should mint for amount=1
[FEE] 165315253403756 105871 1204747868
      ✓ should mint for amount=1
[FEE] 162555596965164 105123 1193065907
      ✓ should mint for amount=1
[FEE] 159969582516513 104421 1181979156
      ✓ should mint for amount=1
[FEE] 157546240133056 103762 1171466742
      ✓ should mint for amount=1
[FEE] 155277954613982 103145 1161507119
      ✓ should mint for amount=1
[FEE] 153154377693689 102567 1152078353
      ✓ should mint for amount=1
[FEE] 151165520239809 102025 1143158353
      ✓ should mint for amount=1
[FEE] 149303218537043 101517 1134725068
      ✓ should mint for amount=1
[FEE] 147559613458838 101041 1126756644
      ✓ should mint for amount=1
[FEE] 145924244326448 100593 1119231558
      ✓ should mint for amount=1
[FEE] 144395664111653 100175 1112128719
      ✓ should mint for amount=1
[FEE] 142962533580232 99782 1105427555
      ✓ should mint for amount=1
[FEE] 141621011538628 99414 1099108074
      ✓ should mint for amount=1
[FEE] 140363201077993 99068 1093150916
      ✓ should mint for amount=1
[FEE] 139187122081887 98745 1087537386
      ✓ should mint for amount=1
[FEE] 138085335740931 98442 1082249481
      ✓ should mint for amount=1
[FEE] 137053449964084 98158 1077269901
      ✓ should mint for amount=1
[FEE] 136085871488126 97891 1072582059
      ✓ should mint for amount=1
[FEE] 135179978411178 97641 1068170079
      ✓ should mint for amount=1
[FEE] 134331916884521 97407 1064018793
      ✓ should mint for amount=1
[FEE] 133537994435964 97188 1060113729
      ✓ should mint for amount=1
[FEE] 132791932820336 96981 1056441100
      ✓ should mint for amount=1
[FEE] 132094457319728 96788 1052987786
      ✓ should mint for amount=1
[FEE] 131439572334569 96606 1049741318
      ✓ should mint for amount=1
[FEE] 130828225862981 96437 1046689855
      ✓ should mint for amount=1
[FEE] 130254675293357 96278 1043822166
      ✓ should mint for amount=1
[FEE] 129717369085635 96129 1041127605
      ✓ should mint for amount=1
[FEE] 129214847707546 95990 1038596089
      ✓ should mint for amount=1
[FEE] 128743053207059 95859 1036218078
      ✓ should mint for amount=1
[FEE] 128300713813984 95736 1033984549
      ✓ should mint for amount=1
[FEE] 127886633787538 95621 1031886972
      ✓ should mint for amount=1
[FEE] 127498355030985 95513 1029917292
      ✓ should mint for amount=1
[FEE] 127134829513600 95412 1028067902
      ✓ should mint for amount=1
[FEE] 126793742764923 95317 1026331625
      ✓ should mint for amount=1
[FEE] 126474176905384 95228 1024701691
      ✓ should mint for amount=1
[FEE] 126172617697129 95143 1023171717
      ✓ should mint for amount=1
[FEE] 125892239777012 95065 1021735686
      ✓ should mint for amount=1
[FEE] 125629632654052 94992 1020387930
      ✓ should mint for amount=1
[FEE] 125381446549443 94922 1019123111
      ✓ should mint for amount=1
[FEE] 125150984281742 94858 1017936203
      ✓ should mint for amount=1
[FEE] 124934981533714 94798 1016822474
      ✓ should mint for amount=1
[FEE] 124732857102534 94742 1015777471
      ✓ should mint for amount=1
[FEE] 124542750502997 94689 1014797006
      ✓ should mint for amount=1
[FEE] 124365467799808 94640 1013877139
      ✓ should mint for amount=1
[FEE] 124199215917832 94594 1013014165
      ✓ should mint for amount=1
[FEE] 124042235858072 94550 1012204601
      ✓ should mint for amount=1
[FEE] 123895421963137 94509 1011445172
      ✓ should mint for amount=1
[FEE] 123757070606431 94470 1010732801
      ✓ should mint for amount=1
[FEE] 123628124294269 94434 1010064596
      ✓ should mint for amount=1
[FEE] 123506928279241 94400 1009437840
      ✓ should mint for amount=1
[FEE] 123391852374213 94367 1008849980
      ✓ should mint for amount=1
[FEE] 123283902963522 94336 1008298618
      ✓ should mint for amount=1
[FEE] 123185408595247 94309 1007781503
      ✓ should mint for amount=1
[FEE] 123092182486601 94283 1007296520
      ✓ should mint for amount=1
[FEE] 123005281970857 94259 1006841684
      ✓ should mint for amount=1
[FEE] 122923168608586 94236 1006415131
      ✓ should mint for amount=1
[FEE] 122846928295168 94215 1006015110
      ✓ should mint for amount=1
[FEE] 122773748335742 94194 1005639978
      ✓ should mint for amount=1
[FEE] 122706044522140 94175 1005288194
      ✓ should mint for amount=1
[FEE] 122643635681977 94158 1004958310
      ✓ should mint for amount=1
[FEE] 122585049849080 94142 1004648967
      ✓ should mint for amount=1
[FEE] 122530129116811 94127 1004358891
      ✓ should mint for amount=1
[FEE] 122478725467176 94113 1004086887
      ✓ should mint for amount=1
[FEE] 122429398701816 94099 1003831831
      ✓ should mint for amount=1
[FEE] 122382019613146 94085 1003592671
      ✓ should mint for amount=1
[FEE] 122339067690267 94073 1003368418
      ✓ should mint for amount=1
[FEE] 122299127403061 94062 1003158146
      ✓ should mint for amount=1
[FEE] 122260791340514 94051 1002960985
      ✓ should mint for amount=1
[FEE] 122225259306917 94041 1002776120
      ✓ should mint for amount=1
[FEE] 122192436748931 94032 1002602785
      ✓ should mint for amount=1
[FEE] 122160935945468 94023 1002440263
      ✓ should mint for amount=1
[FEE] 122130674389954 94014 1002287880
      ✓ should mint for amount=1
[FEE] 122104172614060 94007 1002145005
      ✓ should mint for amount=1
[FEE] 122078759578548 94000 1002011045
      ✓ should mint for amount=1
[FEE] 122055665975490 93994 1001885445
      ✓ should mint for amount=1
[FEE] 122033529258736 93988 1001767684
      ✓ should mint for amount=1
[FEE] 122012289801920 93982 1001657274
      ✓ should mint for amount=1
[FEE] 121991891526132 93976 1001553756
      ✓ should mint for amount=1
[FEE] 121973579890511 93971 1001456700
      ✓ should mint for amount=1
[FEE] 121956007558291 93966 1001365704
      ✓ should mint for amount=1
[FEE] 121940426019026 93962 1001280389
      ✓ should mint for amount=1
[FEE] 121925494082762 93958 1001200401
      ✓ should mint for amount=1
[FEE] 121911171237638 93954 1001125408
      ✓ should mint for amount=1
[FEE] 121897419414055 93950 1001055098
      ✓ should mint for amount=1
[FEE] 121882905598397 93945 1000989179
      ✓ should mint for amount=1
[FEE] 121871488517812 93942 1000927377
      ✓ should mint for amount=1
[FEE] 121859244660356 93938 1000869435
      ✓ should mint for amount=1
[FEE] 121848739170594 93935 1000815112
      ✓ should mint for amount=1
[FEE] 121839944280286 93933 1000764182
      ✓ should mint for amount=1
[FEE] 121830240012172 93930 1000716434
      ✓ should mint for amount=1
[FEE] 121822196115703 93928 1000671668
      ✓ should mint for amount=1
[FEE] 121813196032201 93925 1000629699
      ✓ should mint for amount=1
[FEE] 121805812326929 93923 1000590352
      ✓ should mint for amount=1
[FEE] 121798728041317 93921 1000553463
      ✓ should mint for amount=1
[FEE] 121790627633815 93918 1000518878
      ✓ should mint for amount=1
[FEE] 121785384008279 93917 1000486454
      ✓ should mint for amount=1
[FEE] 121780387081388 93916 1000456056
      ✓ should mint for amount=1
[FEE] 121775621386368 93915 1000427557
      ✓ should mint for amount=1
[FEE] 121769775929392 93913 1000400839
      ✓ should mint for amount=1
[FEE] 121764133758932 93911 1000375790
      ✓ should mint for amount=1
[FEE] 121759978763876 93910 1000352306
      ✓ should mint for amount=1
[FEE] 121756002508490 93909 1000330290
      ✓ should mint for amount=1
[FEE] 121750897162597 93907 1000309649
      ✓ should mint for amount=1
[FEE] 121747245410352 93906 1000290298
      ✓ should mint for amount=1
[FEE] 121743740856404 93905 1000272156
      ✓ should mint for amount=1
[FEE] 121739077933470 93903 1000255148
      ✓ should mint for amount=1
[FEE] 121735840885304 93902 1000239203
      ✓ should mint for amount=1
[FEE] 121734021491423 93902 1000224254
      ✓ should mint for amount=1
[FEE] 121732315771626 93902 1000210239
      ✓ should mint for amount=1
[FEE] 121730716666923 93902 1000197100
      ✓ should mint for amount=1
[FEE] 121729217483444 93902 1000184782
      ✓ should mint for amount=1
[FEE] 121727812014146 93902 1000173234
      ✓ should mint for amount=1
[FEE] 121726494295399 93902 1000162407
      ✓ should mint for amount=1
[FEE] 121725258972107 93902 1000152257
      ✓ should mint for amount=1
[FEE] 121721508233496 93900 1000142741
      ✓ should mint for amount=1
[FEE] 121720422510898 93900 1000133820
      ✓ should mint for amount=1
[FEE] 121719404577504 93900 1000125456
      ✓ should mint for amount=1
[FEE] 121718450295373 93900 1000117615
      ✓ should mint for amount=1
[FEE] 121717555648269 93900 1000110264
      ✓ should mint for amount=1
[FEE] 121716716985067 93900 1000103373
      ✓ should mint for amount=1
[FEE] 121715930654644 93900 1000096912
      ✓ should mint for amount=1
[FEE] 121715193492692 93900 1000090855
      ✓ should mint for amount=1
[FEE] 121714502456608 93900 1000085177
      ✓ should mint for amount=1
[FEE] 121713854503787 93900 1000079853
      ✓ should mint for amount=1
[FEE] 121713247078444 93900 1000074862
      ✓ should mint for amount=1
[FEE] 121712677624792 93900 1000070183
      ✓ should mint for amount=1
[FEE] 121712143830451 93900 1000065797
      ✓ should mint for amount=1
[FEE] 121711643383043 93900 1000061685
      ✓ should mint for amount=1
[FEE] 121711174213599 93900 1000057830
      ✓ should mint for amount=1
[FEE] 121710734374851 93900 1000054216
      ✓ should mint for amount=1
[FEE] 121710322041238 93900 1000050828
      ✓ should mint for amount=1
[FEE] 121709935387198 93900 1000047651
      ✓ should mint for amount=1
[FEE] 121709572952281 93900 1000044673
      ✓ should mint for amount=1
[FEE] 121709233154333 93900 1000041881
      ✓ should mint for amount=1
[FEE] 121708914532904 93900 1000039263
      ✓ should mint for amount=1
[FEE] 121708615870955 93900 1000036809
      ✓ should mint for amount=1
[FEE] 121708335829737 93900 1000034508
      ✓ should mint for amount=1
[FEE] 121708073313916 93900 1000032351
      ✓ should mint for amount=1
[FEE] 121707827228153 93900 1000030329
      ✓ should mint for amount=1
[FEE] 121706300336573 93899 1000028433
      ✓ should mint for amount=1
[FEE] 121704787932392 93898 1000026656
      ✓ should mint for amount=1
[FEE] 121704585177620 93898 1000024990
      ✓ should mint for amount=1
[FEE] 121703098945758 93897 1000023428
      ✓ should mint for amount=1
[FEE] 121702920776596 93897 1000021964
      ✓ should mint for amount=1
[FEE] 121702753682155 93897 1000020591
      ✓ should mint for amount=1
[FEE] 121702597053936 93897 1000019304
      ✓ should mint for amount=1
[FEE] 121702450283438 93897 1000018098
      ✓ should mint for amount=1
[FEE] 121701016514781 93896 1000016967
      ✓ should mint for amount=1
[FEE] 121700887513892 93896 1000015907
      ✓ should mint for amount=1
[FEE] 121699470422120 93895 1000014913
      ✓ should mint for amount=1
[FEE] 121699356999905 93895 1000013981
      ✓ should mint for amount=1
[FEE] 121699250636154 93895 1000013107
      ✓ should mint for amount=1
[FEE] 121699150965774 93895 1000012288
      ✓ should mint for amount=1
[FEE] 121697761383358 93894 1000011520
      ✓ should mint for amount=1
[FEE] 121697673761980 93894 1000010800
      ✓ should mint for amount=1
[FEE] 121697591616937 93894 1000010125
      ✓ should mint for amount=1
[FEE] 121697514583141 93894 1000009492
      ✓ should mint for amount=1
[FEE] 121696146301981 93893 1000008899
      ✓ should mint for amount=1
[FEE] 121696078639526 93893 1000008343
      ✓ should mint for amount=1
[FEE] 121696015236398 93893 1000007822
      ✓ should mint for amount=1
[FEE] 121694659614322 93892 1000007333
      ✓ should mint for amount=1
[FEE] 121694603878576 93892 1000006875
      ✓ should mint for amount=1
[FEE] 121694551550256 93892 1000006445
      ✓ should mint for amount=1
[FEE] 121693206396152 93891 1000006042
      ✓ should mint for amount=1
[FEE] 121693160396398 93891 1000005664
      ✓ should mint for amount=1
[FEE] 121693117317263 93891 1000005310
      ✓ should mint for amount=1
[FEE] 121693076915362 93891 1000004978
      ✓ should mint for amount=1
[FEE] 121693039069004 93891 1000004667
      ✓ should mint for amount=1
[FEE] 121693003534802 93891 1000004375
      ✓ should mint for amount=1
[FEE] 121691674203756 93890 1000004102
      ✓ should mint for amount=1
[FEE] 121691643050815 93890 1000003846
      ✓ should mint for amount=1
[FEE] 121691613844933 93890 1000003606
      ✓ should mint for amount=1
[FEE] 121691586464419 93890 1000003381
      ✓ should mint for amount=1
[FEE] 121691560787581 93890 1000003170
      ✓ should mint for amount=1
[FEE] 121691536692728 93890 1000002972
      ✓ should mint for amount=1
[FEE] 121691514058169 93890 1000002786
      ✓ should mint for amount=1
[FEE] 121691492883905 93890 1000002612
      ✓ should mint for amount=1
[FEE] 121691473048243 93890 1000002449
      ✓ should mint for amount=1
[FEE] 121691454429494 93890 1000002296
      ✓ should mint for amount=1
[FEE] 121691437027656 93890 1000002153
      ✓ should mint for amount=1
[FEE] 121691420599347 93890 1000002018
      ✓ should mint for amount=1
[FEE] 121691405266259 93890 1000001892
      ✓ should mint for amount=1
[FEE] 121691390906700 93890 1000001774
      ✓ should mint for amount=1
[FEE] 121691377398980 93890 1000001663
      ✓ should mint for amount=1
[FEE] 121691364743098 93890 1000001559
      ✓ should mint for amount=1
[FEE] 121690056833473 93889 1000001462
      ✓ should mint for amount=1
[FEE] 121690045759694 93889 1000001371
      ✓ should mint for amount=1
[FEE] 121688739189014 93888 1000001285
      ✓ should mint for amount=1
[FEE] 121690025559174 93889 1000001205
      ✓ should mint for amount=1
[FEE] 121688720327283 93888 1000001130
      ✓ should mint for amount=1
[FEE] 121688711687394 93888 1000001059
      ✓ should mint for amount=1
[FEE] 121689999760920 93889 1000000993
      ✓ should mint for amount=1
[FEE] 121691288321040 93890 1000000931
      ✓ should mint for amount=1
[FEE] 121691281262952 93890 1000000873
      ✓ should mint for amount=1
[FEE] 121691274569937 93890 1000000818
      ✓ should mint for amount=1
[FEE] 121691268363687 93890 1000000767
      ✓ should mint for amount=1
[FEE] 121691262522511 93890 1000000719
      ✓ should mint for amount=1
[FEE] 121691257046408 93890 1000000674
      ✓ should mint for amount=1
[FEE] 121691251935378 93890 1000000632
      ✓ should mint for amount=1
[FEE] 121691247189423 93890 1000000593
      ✓ should mint for amount=1
[FEE] 121691242686849 93890 1000000556
      ✓ should mint for amount=1
[FEE] 121691238427658 93890 1000000521
      ✓ should mint for amount=1
[FEE] 121691234411849 93890 1000000488
      ✓ should mint for amount=1
[FEE] 121691230761114 93890 1000000458
      ✓ should mint for amount=1
[FEE] 121691227232070 93890 1000000429
      ✓ should mint for amount=1
[FEE] 121691223946408 93890 1000000402
      ✓ should mint for amount=1
[FEE] 121691220904129 93890 1000000377
      ✓ should mint for amount=1
[FEE] 121691217983541 93890 1000000353
      ✓ should mint for amount=1
[FEE] 121691215306335 93890 1000000331
      ✓ should mint for amount=1
[FEE] 121691212750820 93890 1000000310
      ✓ should mint for amount=1
[FEE] 121689914334625 93889 1000000291
      ✓ should mint for amount=1
[FEE] 121688616040168 93888 1000000273
      ✓ should mint for amount=1
[FEE] 121687317867445 93887 1000000256
      ✓ should mint for amount=1
[FEE] 121687315920448 93887 1000000240
      ✓ should mint for amount=1
[FEE] 121688610199116 93888 1000000225
      ✓ should mint for amount=1
[FEE] 121689904599435 93889 1000000211
      ✓ should mint for amount=1
[FEE] 121688606913524 93888 1000000198
      ✓ should mint for amount=1
[FEE] 121688605453261 93888 1000000186
      ✓ should mint for amount=1
[FEE] 121689900096909 93889 1000000174
      ✓ should mint for amount=1
[FEE] 121688602654424 93888 1000000163
      ✓ should mint for amount=1
[FEE] 121687305333654 93887 1000000153
      ✓ should mint for amount=1
[FEE] 121688600220652 93888 1000000143
      ✓ should mint for amount=1
[FEE] 121688599125455 93888 1000000134
      ✓ should mint for amount=1
[FEE] 121689894255795 93889 1000000126
      ✓ should mint for amount=1
[FEE] 121689893282276 93889 1000000118
      ✓ should mint for amount=1
[FEE] 121688596326618 93888 1000000111
      ✓ should mint for amount=1
[FEE] 121687299370977 93887 1000000104
      ✓ should mint for amount=1
[FEE] 121687298640854 93887 1000000098
      ✓ should mint for amount=1
[FEE] 121688594014534 93888 1000000092
      ✓ should mint for amount=1
[FEE] 121689889388200 93889 1000000086
      ✓ should mint for amount=1
[FEE] 121691184883541 93890 1000000081
      ✓ should mint for amount=1
[FEE] 121691184275085 93890 1000000076
      ✓ should mint for amount=1
[FEE] 121691183666629 93890 1000000071
      ✓ should mint for amount=1
[FEE] 121691183179864 93890 1000000067
      ✓ should mint for amount=1
[FEE] 121689886589333 93889 1000000063
      ✓ should mint for amount=1
[FEE] 121691182206335 93890 1000000059
      ✓ should mint for amount=1
[FEE] 121691181719570 93890 1000000055
      ✓ should mint for amount=1
[FEE] 121691181354497 93890 1000000052
      ✓ should mint for amount=1
[FEE] 121691180989423 93890 1000000049
      ✓ should mint for amount=1
[FEE] 121689884520605 93889 1000000046
      ✓ should mint for amount=1
[FEE] 121691180259276 93890 1000000043
      ✓ should mint for amount=1
[FEE] 121689883790465 93889 1000000040
      ✓ should mint for amount=1
[FEE] 121691179650820 93890 1000000038
      ✓ should mint for amount=1
[FEE] 121691179407438 93890 1000000036
      ✓ should mint for amount=1
[FEE] 121691179164056 93890 1000000034
      ✓ should mint for amount=1
[FEE] 121691178920673 93890 1000000032
      ✓ should mint for amount=1
[FEE] 121691178677291 93890 1000000030
      ✓ should mint for amount=1
[FEE] 121691178433909 93890 1000000028
      ✓ should mint for amount=1
[FEE] 121691178190526 93890 1000000026
      ✓ should mint for amount=1
[FEE] 121691177947144 93890 1000000024
      ✓ should mint for amount=1
[FEE] 121689881721738 93889 1000000023
      ✓ should mint for amount=1
[FEE] 121691177703762 93890 1000000022
      ✓ should mint for amount=1
[FEE] 121691177582070 93890 1000000021
      ✓ should mint for amount=1
[FEE] 121689881356668 93889 1000000020
      ✓ should mint for amount=1
[FEE] 121691177338688 93890 1000000019
      ✓ should mint for amount=1
[FEE] 121691177216997 93890 1000000018
      ✓ should mint for amount=1
[FEE] 121691177095306 93890 1000000017
      ✓ should mint for amount=1
[FEE] 121689880869908 93889 1000000016
      ✓ should mint for amount=1
[FEE] 121691176851923 93890 1000000015
      ✓ should mint for amount=1
[FEE] 121691176730232 93890 1000000014
      ✓ should mint for amount=1
[FEE] 121691176608541 93890 1000000013
      ✓ should mint for amount=1
[FEE] 121691176486850 93890 1000000012
      ✓ should mint for amount=1
[FEE] 121691176365159 93890 1000000011
      ✓ should mint for amount=1
[FEE] 121691176243468 93890 1000000010
      ✓ should mint for amount=1
[FEE] 121691176121776 93890 1000000009
      ✓ should mint for amount=1
[FEE] 121689879896389 93889 1000000008
      ✓ should mint for amount=1
[FEE] 121688583792694 93888 1000000008
      ✓ should mint for amount=1
[FEE] 121689879896389 93889 1000000008
      ✓ should mint for amount=1
[FEE] 121689879896389 93889 1000000008
      ✓ should mint for amount=1
[FEE] 121689879896389 93889 1000000008
      ✓ should mint for amount=1
[FEE] 121691176000085 93890 1000000008
      ✓ should mint for amount=1
[FEE] 121691176000085 93890 1000000008
      ✓ should mint for amount=1
[FEE] 121691176000085 93890 1000000008
      ✓ should mint for amount=1
[FEE] 121689879896389 93889 1000000008
      ✓ should mint for amount=1
[FEE] 121691176000085 93890 1000000008
      ✓ should mint for amount=1
[FEE] 121691176000085 93890 1000000008
      ✓ should mint for amount=1
[FEE] 121691176000085 93890 1000000008
      ✓ should mint for amount=1
[FEE] 121691176000085 93890 1000000008
      ✓ should mint for amount=1
[FEE] 121691176000085 93890 1000000008
      ✓ should mint for amount=1
[FEE] 121691176000085 93890 1000000008
      ✓ should mint for amount=1
[FEE] 121689879896389 93889 1000000008
      ✓ should mint for amount=1
[FEE] 121689879896389 93889 1000000008
      ✓ should mint for amount=1
[FEE] 121688583792694 93888 1000000008
      ✓ should mint for amount=1
[FEE] 121687287688998 93887 1000000008
      ✓ should mint for amount=1
[FEE] 121687287688998 93887 1000000008
      ✓ should mint for amount=1
[FEE] 121687287688998 93887 1000000008
      ✓ should mint for amount=1
[FEE] 121687287688998 93887 1000000008
      ✓ should mint for amount=1
[FEE] 121687287688998 93887 1000000008
      ✓ should mint for amount=1
[FEE] 121688583792694 93888 1000000008
      ✓ should mint for amount=1
[FEE] 121689879896389 93889 1000000008
      ✓ should mint for amount=1
[FEE] 121691176000085 93890 1000000008
      ✓ should mint for amount=1
[FEE] 121691176000085 93890 1000000008
      ✓ should mint for amount=1
[FEE] 121689879896389 93889 1000000008
      ✓ should mint for amount=1
[FEE] 121691176000085 93890 1000000008
      ✓ should mint for amount=1
[FEE] 121691176000085 93890 1000000008
      ✓ should mint for amount=1
[FEE] 121691176000085 93890 1000000008
      ✓ should mint for amount=1
[FEE] 121691176000085 93890 1000000008
      ✓ should mint for amount=1
[FEE] 121691176000085 93890 1000000008
      ✓ should mint for amount=1
[FEE] 121691176000085 93890 1000000008
      ✓ should mint for amount=1
[FEE] 121691176000085 93890 1000000008
      ✓ should mint for amount=1
[FEE] 121691176000085 93890 1000000008
      ✓ should mint for amount=1
[FEE] 121691176000085 93890 1000000008
      ✓ should mint for amount=1
[FEE] 121691176000085 93890 1000000008
      ✓ should mint for amount=1
[FEE] 121691176000085 93890 1000000008
      ✓ should mint for amount=1
[FEE] 121691176000085 93890 1000000008
      ✓ should mint for amount=1
[FEE] 121691176000085 93890 1000000008
      ✓ should mint for amount=1
[FEE] 121691176000085 93890 1000000008
      ✓ should mint for amount=1
[FEE] 121691176000085 93890 1000000008
      ✓ should mint for amount=1
[FEE] 121691176000085 93890 1000000008
      ✓ should mint for amount=1
[FEE] 121691176000085 93890 1000000008
      ✓ should mint for amount=1
[FEE] 121691176000085 93890 1000000008
      ✓ should mint for amount=1
[FEE] 121691176000085 93890 1000000008
      ✓ should mint for amount=1
[FEE] 121689879896389 93889 1000000008
      ✓ should mint for amount=1
[FEE] 121688583792694 93888 1000000008
      ✓ should mint for amount=1
[FEE] 121688583792694 93888 1000000008
      ✓ should mint for amount=1
[FEE] 121688583792694 93888 1000000008
      ✓ should mint for amount=1
[FEE] 121689879896389 93889 1000000008
      ✓ should mint for amount=1
[FEE] 121689879896389 93889 1000000008
      ✓ should mint for amount=1
[FEE] 121691176000085 93890 1000000008
      ✓ should mint for amount=1
[FEE] 121691176000085 93890 1000000008
      ✓ should mint for amount=1
[FEE] 121691176000085 93890 1000000008
      ✓ should mint for amount=1
[FEE] 121691176000085 93890 1000000008
      ✓ should mint for amount=1
[FEE] 121691176000085 93890 1000000008
      ✓ should mint for amount=1
[FEE] 121691176000085 93890 1000000008
      ✓ should mint for amount=1
[FEE] 121689879896389 93889 1000000008
      ✓ should mint for amount=1
[FEE] 121689879896389 93889 1000000008
      ✓ should mint for amount=1
[FEE] 121689879896389 93889 1000000008
      ✓ should mint for amount=1
[FEE] 121688583792694 93888 1000000008
      ✓ should mint for amount=1
[FEE] 121688583792694 93888 1000000008
      ✓ should mint for amount=1
[FEE] 121687287688998 93887 1000000008
      ✓ should mint for amount=1
[FEE] 121687287688998 93887 1000000008
      ✓ should mint for amount=1
[FEE] 121687287688998 93887 1000000008
      ✓ should mint for amount=1
[FEE] 121688583792694 93888 1000000008
      ✓ should mint for amount=1
[FEE] 121687287688998 93887 1000000008
      ✓ should mint for amount=1
[FEE] 121687287688998 93887 1000000008
      ✓ should mint for amount=1
[FEE] 121688583792694 93888 1000000008
      ✓ should mint for amount=1
[FEE] 121689879896389 93889 1000000008
      ✓ should mint for amount=1
[FEE] 121688583792694 93888 1000000008
      ✓ should mint for amount=1
[FEE] 121689879896389 93889 1000000008
      ✓ should mint for amount=1
[FEE] 121691176000085 93890 1000000008
      ✓ should mint for amount=1
[FEE] 121689879896389 93889 1000000008
      ✓ should mint for amount=1
[FEE] 121691176000085 93890 1000000008
      ✓ should mint for amount=1
[FEE] 121689879896389 93889 1000000008
      ✓ should mint for amount=1
[FEE] 121688583792694 93888 1000000008
      ✓ should mint for amount=1

·----------------------------------------|---------------------------|-------------|----------------------------·
|          [90mSolc version: 0.8.17[39m          ·  [90mOptimizer enabled: true[39m  ·  [90mRuns: 200[39m  ·  [90mBlock limit: 8000000 gas[39m  │
·········································|···························|·············|·····························
|  [32m[1mMethods[22m[39m                                                                                                      │
···················|·····················|·············|·············|·············|··············|··············
|  [1mContract[22m        ·  [1mMethod[22m             ·  [32mMin[39m        ·  [32mMax[39m        ·  [32mAvg[39m        ·  [1m# calls[22m     ·  [1musd (avg)[22m  │
···················|·····················|·············|·············|·············|··············|··············
|  [90mXPowerThorTest[39m  ·  init               ·          -  ·          -  ·      67353  ·           [90m1[39m  ·          [32m[90m-[32m[39m  │
···················|·····················|·············|·············|·············|··············|··············
|  [90mXPowerThorTest[39m  ·  mint               ·     [36m121684[39m  ·     [31m229535[39m  ·     125776  ·         [90m371[39m  ·          [32m[90m-[32m[39m  │
···················|·····················|·············|·············|·············|··············|··············
|  [90mXPowerThorTest[39m  ·  transferOwnership  ·          -  ·          -  ·      28656  ·           [90m1[39m  ·          [32m[90m-[32m[39m  │
···················|·····················|·············|·············|·············|··············|··············
|  [32m[1mDeployments[22m[39m                           ·                                         ·  [1m% of limit[22m  ·             │
·········································|·············|·············|·············|··············|··············
|  XPowerThorTest                        ·          -  ·          -  ·    3331941  ·      [90m41.6 %[39m  ·          [32m[90m-[32m[39m  │
·----------------------------------------|-------------|-------------|-------------|--------------|-------------·

  371 passing (22s)

