
> xpower@6.0.0 test-gas
> REPORT_GAS=true npm test ./test/contracts/XPower.fees.1-thor.test.js


> xpower@6.0.0 test
> hardhat test ./test/contracts/XPower.fees.1-thor.test.js


  XPowerThor
    mint
[FEE] 348822982083776 162305 1658186771
      ✓ should mint for amount=1
[FEE] 338642448067531 158030 1653339758
      ✓ should mint for amount=1
[FEE] 328269842709647 154022 1644403843
      ✓ should mint for amount=1
[FEE] 317876953383098 150264 1632166091
      ✓ should mint for amount=1
[FEE] 307596804980172 146741 1617300051
      ✓ should mint for amount=1
[FEE] 297527596186095 143438 1600380632
      ✓ should mint for amount=1
[FEE] 287741529246500 140341 1581897119
      ✓ should mint for amount=1
[FEE] 278292271470947 137438 1562264533
      ✓ should mint for amount=1
[FEE] 269211245194790 134715 1541833565
      ✓ should mint for amount=1
[FEE] 260527371327358 132164 1520899222
      ✓ should mint for amount=1
[FEE] 252247910224831 129772 1499708433
      ✓ should mint for amount=1
[FEE] 244378854197777 127530 1478466604
      ✓ should mint for amount=1
[FEE] 236916952418159 125428 1457343387
      ✓ should mint for amount=1
[FEE] 229855208233426 123457 1436477685
      ✓ should mint for amount=1
[FEE] 223184073055854 121609 1415982012
      ✓ should mint for amount=1
[FEE] 216890582550631 119876 1395946283
      ✓ should mint for amount=1
[FEE] 210962797591751 118252 1376441112
      ✓ should mint for amount=1
[FEE] 205384982763216 116730 1357520682
      ✓ should mint for amount=1
[FEE] 200140034328285 115303 1339225214
      ✓ should mint for amount=1
[FEE] 195211646859872 113965 1321583126
      ✓ should mint for amount=1
[FEE] 190581178395401 112709 1304612892
      ✓ should mint for amount=1
[FEE] 186238063361637 111533 1288324653
      ✓ should mint for amount=1
[FEE] 182164677384585 110431 1272721611
      ✓ should mint for amount=1
[FEE] 178343452305837 109397 1257801219
      ✓ should mint for amount=1
[FEE] 174761842574230 108428 1243556215
      ✓ should mint for amount=1
[FEE] 171405780686130 107520 1229975507
      ✓ should mint for amount=1
[FEE] 168261431873579 106669 1217044929
      ✓ should mint for amount=1
[FEE] 165315256559811 105871 1204747891
      ✓ should mint for amount=1
[FEE] 162555599962671 105123 1193065929
      ✓ should mint for amount=1
[FEE] 159969585358662 104421 1181979177
      ✓ should mint for amount=1
[FEE] 157547761030682 103763 1171466761
      ✓ should mint for amount=1
[FEE] 155279462454022 103146 1161507137
      ✓ should mint for amount=1
[FEE] 153155873166647 102568 1152078370
      ✓ should mint for amount=1
[FEE] 151165522487804 102025 1143158370
      ✓ should mint for amount=1
[FEE] 149303220642268 101517 1134725084
      ✓ should mint for amount=1
[FEE] 147558155029774 101040 1126756659
      ✓ should mint for amount=1
[FEE] 145925696791919 100594 1119231572
      ✓ should mint for amount=1
[FEE] 144395665799537 100175 1112128732
      ✓ should mint for amount=1
[FEE] 142962535132166 99782 1105427567
      ✓ should mint for amount=1
[FEE] 141621012955988 99414 1099108085
      ✓ should mint for amount=1
[FEE] 140364619198961 99069 1093150926
      ✓ should mint for amount=1
[FEE] 139187123361725 98745 1087537396
      ✓ should mint for amount=1
[FEE] 138085336889250 98442 1082249490
      ✓ should mint for amount=1
[FEE] 137053450981868 98158 1077269909
      ✓ should mint for amount=1
[FEE] 136085872376264 97891 1072582066
      ✓ should mint for amount=1
[FEE] 135178594711311 97640 1068170085
      ✓ should mint for amount=1
[FEE] 134330538437083 97406 1064018798
      ✓ should mint for amount=1
[FEE] 133535247031157 97186 1060113734
      ✓ should mint for amount=1
[FEE] 132790564191614 96980 1056441105
      ✓ should mint for amount=1
[FEE] 132091728384252 96786 1052987791
      ✓ should mint for amount=1
[FEE] 131438212387029 96605 1049741323
      ✓ should mint for amount=1
[FEE] 130826869869357 96436 1046689860
      ✓ should mint for amount=1
[FEE] 130251969988979 96276 1043822170
      ✓ should mint for amount=1
[FEE] 129714670640755 96127 1041127608
      ✓ should mint for amount=1
[FEE] 129212155824340 95988 1038596092
      ✓ should mint for amount=1
[FEE] 128740367487641 95857 1036218081
      ✓ should mint for amount=1
[FEE] 128296693608589 95733 1033984551
      ✓ should mint for amount=1
[FEE] 127882621737877 95618 1031886974
      ✓ should mint for amount=1
[FEE] 127494350639773 95510 1029917294
      ✓ should mint for amount=1
[FEE] 127130832313130 95409 1028067904
      ✓ should mint for amount=1
[FEE] 126789752315391 95314 1026331627
      ✓ should mint for amount=1
[FEE] 126470192793313 95225 1024701693
      ✓ should mint for amount=1
[FEE] 126169965670487 95141 1023171719
      ✓ should mint for amount=1
[FEE] 125889591472658 95063 1021735688
      ✓ should mint for amount=1
[FEE] 125626987843172 94990 1020387932
      ✓ should mint for amount=1
[FEE] 125380125906277 94921 1019123113
      ✓ should mint for amount=1
[FEE] 125148345702957 94856 1017936204
      ✓ should mint for amount=1
[FEE] 124932345719002 94796 1016822474
      ✓ should mint for amount=1
[FEE] 124730223996686 94740 1015777471
      ✓ should mint for amount=1
[FEE] 124540119938718 94687 1014797006
      ✓ should mint for amount=1
[FEE] 124362839620015 94638 1013877139
      ✓ should mint for amount=1
[FEE] 124195277003654 94591 1013014165
      ✓ should mint for amount=1
[FEE] 124039612013844 94548 1012204601
      ✓ should mint for amount=1
[FEE] 123892800087506 94507 1011445172
      ✓ should mint for amount=1
[FEE] 123755760591923 94469 1010732801
      ✓ should mint for amount=1
[FEE] 123626815145823 94433 1010064596
      ✓ should mint for amount=1
[FEE] 123506928279241 94400 1009437840
      ✓ should mint for amount=1
[FEE] 123393159948390 94368 1008849980
      ✓ should mint for amount=1
[FEE] 123285209823077 94337 1008298618
      ✓ should mint for amount=1
[FEE] 123186714784567 94310 1007781503
      ✓ should mint for amount=1
[FEE] 123093488047333 94284 1007296520
      ✓ should mint for amount=1
[FEE] 123006586942075 94260 1006841684
      ✓ should mint for amount=1
[FEE] 122924473026946 94237 1006415131
      ✓ should mint for amount=1
[FEE] 122848232195059 94216 1006015110
      ✓ should mint for amount=1
[FEE] 122776355163105 94196 1005639978
      ✓ should mint for amount=1
[FEE] 122708650437607 94177 1005288194
      ✓ should mint for amount=1
[FEE] 122644938212146 94159 1004958310
      ✓ should mint for amount=1
[FEE] 122586351978309 94143 1004648967
      ✓ should mint for amount=1
[FEE] 122531430870071 94128 1004358891
      ✓ should mint for amount=1
[FEE] 122478725467176 94113 1004086887
      ✓ should mint for amount=1
[FEE] 122430699771952 94100 1003831831
      ✓ should mint for amount=1
[FEE] 122384621133465 94087 1003592671
      ✓ should mint for amount=1
[FEE] 122341668629276 94075 1003368418
      ✓ should mint for amount=1
[FEE] 122300427600031 94063 1003158146
      ✓ should mint for amount=1
[FEE] 122262091281943 94052 1002960985
      ✓ should mint for amount=1
[FEE] 122226559008742 94042 1002776120
      ✓ should mint for amount=1
[FEE] 122192436748931 94032 1002602785
      ✓ should mint for amount=1
[FEE] 122162235211988 94024 1002440263
      ✓ should mint for amount=1
[FEE] 122133272527984 94016 1002287880
      ✓ should mint for amount=1
[FEE] 122104172614060 94007 1002145005
      ✓ should mint for amount=1
[FEE] 122078759578548 94000 1002011045
      ✓ should mint for amount=1
[FEE] 122055665975490 93994 1001885445
      ✓ should mint for amount=1
[FEE] 122033529258736 93988 1001767684
      ✓ should mint for amount=1
[FEE] 122012289801920 93982 1001657274
      ✓ should mint for amount=1
[FEE] 121993189643647 93977 1001553756
      ✓ should mint for amount=1
[FEE] 121974877882231 93972 1001456700
      ✓ should mint for amount=1
[FEE] 121957305432071 93967 1001365704
      ✓ should mint for amount=1
[FEE] 121940426019026 93962 1001280389
      ✓ should mint for amount=1
[FEE] 121925494082762 93958 1001200401
      ✓ should mint for amount=1
[FEE] 121911171237638 93954 1001125408
      ✓ should mint for amount=1
[FEE] 121897419414055 93950 1001055098
      ✓ should mint for amount=1
[FEE] 121884202984161 93946 1000989179
      ✓ should mint for amount=1
[FEE] 121871488517812 93942 1000927377
      ✓ should mint for amount=1
[FEE] 121860541890919 93939 1000869435
      ✓ should mint for amount=1
[FEE] 121850036330749 93936 1000815112
      ✓ should mint for amount=1
[FEE] 121841241374430 93934 1000764182
      ✓ should mint for amount=1
[FEE] 121831537044431 93931 1000716434
      ✓ should mint for amount=1
[FEE] 121822196115703 93928 1000671668
      ✓ should mint for amount=1
[FEE] 121814492952042 93926 1000629699
      ✓ should mint for amount=1
[FEE] 121807109195772 93924 1000590352
      ✓ should mint for amount=1
[FEE] 121800024862348 93922 1000553463
      ✓ should mint for amount=1
[FEE] 121791924410020 93919 1000518878
      ✓ should mint for amount=1
[FEE] 121786680742460 93918 1000486454
      ✓ should mint for amount=1
[FEE] 121781683776169 93917 1000456056
      ✓ should mint for amount=1
[FEE] 121775621386368 93915 1000427557
      ✓ should mint for amount=1
[FEE] 121771072552607 93914 1000400839
      ✓ should mint for amount=1
[FEE] 121766726940429 93913 1000375790
      ✓ should mint for amount=1
[FEE] 121761275324186 93911 1000352306
      ✓ should mint for amount=1
[FEE] 121756002508490 93909 1000330290
      ✓ should mint for amount=1
[FEE] 121752193667619 93908 1000309649
      ✓ should mint for amount=1
[FEE] 121748541890293 93907 1000290298
      ✓ should mint for amount=1
[FEE] 121745037312832 93906 1000272156
      ✓ should mint for amount=1
[FEE] 121741670802237 93905 1000255148
      ✓ should mint for amount=1
[FEE] 121738433712738 93904 1000239203
      ✓ should mint for amount=1
[FEE] 121736614280107 93904 1000224254
      ✓ should mint for amount=1
[FEE] 121734908523980 93904 1000210239
      ✓ should mint for amount=1
[FEE] 121733309385218 93904 1000197100
      ✓ should mint for amount=1
[FEE] 121730513826627 93903 1000184782
      ✓ should mint for amount=1
[FEE] 121729108342361 93903 1000173234
      ✓ should mint for amount=1
[FEE] 121727790609581 93903 1000162407
      ✓ should mint for amount=1
[FEE] 121726555273134 93903 1000152257
      ✓ should mint for amount=1
[FEE] 121722804522189 93901 1000142741
      ✓ should mint for amount=1
[FEE] 121720422510898 93900 1000133820
      ✓ should mint for amount=1
[FEE] 121719404577504 93900 1000125456
      ✓ should mint for amount=1
[FEE] 121718450295373 93900 1000117615
      ✓ should mint for amount=1
[FEE] 121716259401670 93899 1000110264
      ✓ should mint for amount=1
[FEE] 121715420747400 93899 1000103373
      ✓ should mint for amount=1
[FEE] 121714634425351 93899 1000096912
      ✓ should mint for amount=1
[FEE] 121713897271249 93899 1000090855
      ✓ should mint for amount=1
[FEE] 121711910028440 93898 1000085177
      ✓ should mint for amount=1
[FEE] 121711262089421 93898 1000079853
      ✓ should mint for amount=1
[FEE] 121710654677015 93898 1000074862
      ✓ should mint for amount=1
[FEE] 121708789040842 93897 1000070183
      ✓ should mint for amount=1
[FEE] 121708255263555 93897 1000065797
      ✓ should mint for amount=1
[FEE] 121707754832136 93897 1000061685
      ✓ should mint for amount=1
[FEE] 121707285677681 93897 1000057830
      ✓ should mint for amount=1
[FEE] 121706845852986 93897 1000054216
      ✓ should mint for amount=1
[FEE] 121706433532547 93897 1000050828
      ✓ should mint for amount=1
[FEE] 121706046890860 93897 1000047651
      ✓ should mint for amount=1
[FEE] 121705684467522 93897 1000044673
      ✓ should mint for amount=1
[FEE] 121705344680430 93897 1000041881
      ✓ should mint for amount=1
[FEE] 121705026069181 93897 1000039263
      ✓ should mint for amount=1
[FEE] 121703431265380 93896 1000036809
      ✓ should mint for amount=1
[FEE] 121703151236092 93896 1000034508
      ✓ should mint for amount=1
[FEE] 121701592585838 93895 1000032351
      ✓ should mint for amount=1
[FEE] 121700050370183 93894 1000030329
      ✓ should mint for amount=1
[FEE] 121699819633886 93894 1000028433
      ✓ should mint for amount=1
[FEE] 121699603379455 93894 1000026656
      ✓ should mint for amount=1
[FEE] 121699400633320 93894 1000024990
      ✓ should mint for amount=1
[FEE] 121699210543607 93894 1000023428
      ✓ should mint for amount=1
[FEE] 121699032380136 93894 1000021964
      ✓ should mint for amount=1
[FEE] 121698865291035 93894 1000020591
      ✓ should mint for amount=1
[FEE] 121698708667820 93894 1000019304
      ✓ should mint for amount=1
[FEE] 121698561902011 93894 1000018098
      ✓ should mint for amount=1
[FEE] 121697128137752 93893 1000016967
      ✓ should mint for amount=1
[FEE] 121695703016682 93892 1000015907
      ✓ should mint for amount=1
[FEE] 121695582053077 93892 1000014913
      ✓ should mint for amount=1
[FEE] 121694172512680 93891 1000013981
      ✓ should mint for amount=1
[FEE] 121694066153460 93891 1000013107
      ✓ should mint for amount=1
[FEE] 121693966487326 93891 1000012288
      ✓ should mint for amount=1
[FEE] 121693873027509 93891 1000011520
      ✓ should mint for amount=1
[FEE] 121692489291246 93890 1000010800
      ✓ should mint for amount=1
[FEE] 121692407149703 93890 1000010125
      ✓ should mint for amount=1
[FEE] 121692330119189 93890 1000009492
      ✓ should mint for amount=1
[FEE] 121692257956322 93890 1000008899
      ✓ should mint for amount=1
[FEE] 121690894181530 93889 1000008343
      ✓ should mint for amount=1
[FEE] 121689534667280 93888 1000007822
      ✓ should mint for amount=1
[FEE] 121688179048373 93887 1000007333
      ✓ should mint for amount=1
[FEE] 121689419428192 93888 1000006875
      ✓ should mint for amount=1
[FEE] 121688070990062 93887 1000006445
      ✓ should mint for amount=1
[FEE] 121689318061602 93888 1000006042
      ✓ should mint for amount=1
[FEE] 121690568174345 93889 1000005664
      ✓ should mint for amount=1
[FEE] 121691821206695 93890 1000005310
      ✓ should mint for amount=1
[FEE] 121690484695088 93889 1000004978
      ✓ should mint for amount=1
[FEE] 121691742959270 93890 1000004667
      ✓ should mint for amount=1
[FEE] 121691707425446 93890 1000004375
      ✓ should mint for amount=1
[FEE] 121691674203756 93890 1000004102
      ✓ should mint for amount=1
[FEE] 121690346942145 93889 1000003846
      ✓ should mint for amount=1
[FEE] 121690317736574 93889 1000003606
      ✓ should mint for amount=1
[FEE] 121691586464419 93890 1000003381
      ✓ should mint for amount=1
[FEE] 121691560787581 93890 1000003170
      ✓ should mint for amount=1
[FEE] 121691536692728 93890 1000002972
      ✓ should mint for amount=1
[FEE] 121691514058169 93890 1000002786
      ✓ should mint for amount=1
[FEE] 121691492883905 93890 1000002612
      ✓ should mint for amount=1
[FEE] 121691473048243 93890 1000002449
      ✓ should mint for amount=1
[FEE] 121691454429494 93890 1000002296
      ✓ should mint for amount=1
[FEE] 121690140921180 93889 1000002153
      ✓ should mint for amount=1
[FEE] 121691420599347 93890 1000002018
      ✓ should mint for amount=1
[FEE] 121691405266259 93890 1000001892
      ✓ should mint for amount=1
[FEE] 121691390906700 93890 1000001774
      ✓ should mint for amount=1
[FEE] 121691377398980 93890 1000001663
      ✓ should mint for amount=1
[FEE] 121691364743098 93890 1000001559
      ✓ should mint for amount=1
[FEE] 121691352939054 93890 1000001462
      ✓ should mint for amount=1
[FEE] 121691341865157 93890 1000001371
      ✓ should mint for amount=1
[FEE] 121691331399716 93890 1000001285
      ✓ should mint for amount=1
[FEE] 121691321664422 93890 1000001205
      ✓ should mint for amount=1
[FEE] 121691312537584 93890 1000001130
      ✓ should mint for amount=1
[FEE] 121690007792452 93889 1000001059
      ✓ should mint for amount=1
[FEE] 121691295865893 93890 1000000993
      ✓ should mint for amount=1
[FEE] 121689992216148 93889 1000000931
      ✓ should mint for amount=1
[FEE] 121691281262952 93890 1000000873
      ✓ should mint for amount=1
[FEE] 121689978465191 93889 1000000818
      ✓ should mint for amount=1
[FEE] 121689972259007 93889 1000000767
      ✓ should mint for amount=1
[FEE] 121689966417893 93889 1000000719
      ✓ should mint for amount=1
[FEE] 121691257046408 93890 1000000674
      ✓ should mint for amount=1
[FEE] 121691251935378 93890 1000000632
      ✓ should mint for amount=1
[FEE] 121691247189423 93890 1000000593
      ✓ should mint for amount=1
[FEE] 121691242686849 93890 1000000556
      ✓ should mint for amount=1
[FEE] 121691238427658 93890 1000000521
      ✓ should mint for amount=1
[FEE] 121691234411849 93890 1000000488
      ✓ should mint for amount=1
[FEE] 121691230761114 93890 1000000458
      ✓ should mint for amount=1
[FEE] 121691227232070 93890 1000000429
      ✓ should mint for amount=1
[FEE] 121691223946408 93890 1000000402
      ✓ should mint for amount=1
[FEE] 121689924799955 93889 1000000377
      ✓ should mint for amount=1
[FEE] 121691217983541 93890 1000000353
      ✓ should mint for amount=1
[FEE] 121691215306335 93890 1000000331
      ✓ should mint for amount=1
[FEE] 121689916646733 93889 1000000310
      ✓ should mint for amount=1
[FEE] 121689914334625 93889 1000000291
      ✓ should mint for amount=1
[FEE] 121688616040168 93888 1000000273
      ✓ should mint for amount=1
[FEE] 121689910075479 93889 1000000256
      ✓ should mint for amount=1
[FEE] 121688612024445 93888 1000000240
      ✓ should mint for amount=1
[FEE] 121688610199116 93888 1000000225
      ✓ should mint for amount=1
[FEE] 121688608495476 93888 1000000211
      ✓ should mint for amount=1
[FEE] 121688606913524 93888 1000000198
      ✓ should mint for amount=1
[FEE] 121689901557188 93889 1000000186
      ✓ should mint for amount=1
[FEE] 121691196200820 93890 1000000174
      ✓ should mint for amount=1
[FEE] 121691194862217 93890 1000000163
      ✓ should mint for amount=1
[FEE] 121689897541422 93889 1000000153
      ✓ should mint for amount=1
[FEE] 121691192428394 93890 1000000143
      ✓ should mint for amount=1
[FEE] 121691191333173 93890 1000000134
      ✓ should mint for amount=1
[FEE] 121691190359644 93890 1000000126
      ✓ should mint for amount=1
[FEE] 121691189386114 93890 1000000118
      ✓ should mint for amount=1
[FEE] 121691188534276 93890 1000000111
      ✓ should mint for amount=1
[FEE] 121691187682438 93890 1000000104
      ✓ should mint for amount=1
[FEE] 121691186952291 93890 1000000098
      ✓ should mint for amount=1
[FEE] 121691186222144 93890 1000000092
      ✓ should mint for amount=1
[FEE] 121691185491997 93890 1000000086
      ✓ should mint for amount=1
[FEE] 121691184883541 93890 1000000081
      ✓ should mint for amount=1
[FEE] 121689888171301 93889 1000000076
      ✓ should mint for amount=1
[FEE] 121691183666629 93890 1000000071
      ✓ should mint for amount=1
[FEE] 121691183179864 93890 1000000067
      ✓ should mint for amount=1
[FEE] 121689886589333 93889 1000000063
      ✓ should mint for amount=1
[FEE] 121688589998811 93888 1000000059
      ✓ should mint for amount=1
[FEE] 121689885615814 93889 1000000055
      ✓ should mint for amount=1
[FEE] 121689885250744 93889 1000000052
      ✓ should mint for amount=1
[FEE] 121691180989423 93890 1000000049
      ✓ should mint for amount=1
[FEE] 121691180624350 93890 1000000046
      ✓ should mint for amount=1
[FEE] 121691180259276 93890 1000000043
      ✓ should mint for amount=1
[FEE] 121691179894203 93890 1000000040
      ✓ should mint for amount=1
[FEE] 121691179650820 93890 1000000038
      ✓ should mint for amount=1
[FEE] 121691179407438 93890 1000000036
      ✓ should mint for amount=1
[FEE] 121691179164056 93890 1000000034
      ✓ should mint for amount=1
[FEE] 121691178920673 93890 1000000032
      ✓ should mint for amount=1
[FEE] 121691178677291 93890 1000000030
      ✓ should mint for amount=1
[FEE] 121691178433909 93890 1000000028
      ✓ should mint for amount=1
[FEE] 121691178190526 93890 1000000026
      ✓ should mint for amount=1
[FEE] 121691177947144 93890 1000000024
      ✓ should mint for amount=1
[FEE] 121691177825453 93890 1000000023
      ✓ should mint for amount=1
[FEE] 121691177703762 93890 1000000022
      ✓ should mint for amount=1
[FEE] 121691177582070 93890 1000000021
      ✓ should mint for amount=1
[FEE] 121691177460379 93890 1000000020
      ✓ should mint for amount=1
[FEE] 121691177338688 93890 1000000019
      ✓ should mint for amount=1
[FEE] 121691177216997 93890 1000000018
      ✓ should mint for amount=1
[FEE] 121691177095306 93890 1000000017
      ✓ should mint for amount=1
[FEE] 121691176973615 93890 1000000016
      ✓ should mint for amount=1
[FEE] 121691176851923 93890 1000000015
      ✓ should mint for amount=1
[FEE] 121689880626529 93889 1000000014
      ✓ should mint for amount=1
[FEE] 121691176608541 93890 1000000013
      ✓ should mint for amount=1
[FEE] 121691176486850 93890 1000000012
      ✓ should mint for amount=1
[FEE] 121691176365159 93890 1000000011
      ✓ should mint for amount=1
[FEE] 121691176243468 93890 1000000010
      ✓ should mint for amount=1
[FEE] 121691176121776 93890 1000000009
      ✓ should mint for amount=1
[FEE] 121689879896389 93889 1000000008
      ✓ should mint for amount=1
[FEE] 121691176000085 93890 1000000008
      ✓ should mint for amount=1
[FEE] 121689879896389 93889 1000000008
      ✓ should mint for amount=1
[FEE] 121688583792694 93888 1000000008
      ✓ should mint for amount=1
[FEE] 121689879896389 93889 1000000008
      ✓ should mint for amount=1
[FEE] 121691176000085 93890 1000000008
      ✓ should mint for amount=1
[FEE] 121691176000085 93890 1000000008
      ✓ should mint for amount=1
[FEE] 121691176000085 93890 1000000008
      ✓ should mint for amount=1
[FEE] 121691176000085 93890 1000000008
      ✓ should mint for amount=1
[FEE] 121691176000085 93890 1000000008
      ✓ should mint for amount=1
[FEE] 121691176000085 93890 1000000008
      ✓ should mint for amount=1
[FEE] 121691176000085 93890 1000000008
      ✓ should mint for amount=1
[FEE] 121691176000085 93890 1000000008
      ✓ should mint for amount=1
[FEE] 121689879896389 93889 1000000008
      ✓ should mint for amount=1
[FEE] 121689879896389 93889 1000000008
      ✓ should mint for amount=1
[FEE] 121691176000085 93890 1000000008
      ✓ should mint for amount=1
[FEE] 121691176000085 93890 1000000008
      ✓ should mint for amount=1
[FEE] 121689879896389 93889 1000000008
      ✓ should mint for amount=1
[FEE] 121689879896389 93889 1000000008
      ✓ should mint for amount=1
[FEE] 121691176000085 93890 1000000008
      ✓ should mint for amount=1
[FEE] 121689879896389 93889 1000000008
      ✓ should mint for amount=1
[FEE] 121691176000085 93890 1000000008
      ✓ should mint for amount=1
[FEE] 121691176000085 93890 1000000008
      ✓ should mint for amount=1
[FEE] 121689879896389 93889 1000000008
      ✓ should mint for amount=1
[FEE] 121691176000085 93890 1000000008
      ✓ should mint for amount=1
[FEE] 121691176000085 93890 1000000008
      ✓ should mint for amount=1
[FEE] 121691176000085 93890 1000000008
      ✓ should mint for amount=1
[FEE] 121691176000085 93890 1000000008
      ✓ should mint for amount=1
[FEE] 121691176000085 93890 1000000008
      ✓ should mint for amount=1
[FEE] 121689879896389 93889 1000000008
      ✓ should mint for amount=1
[FEE] 121689879896389 93889 1000000008
      ✓ should mint for amount=1
[FEE] 121691176000085 93890 1000000008
      ✓ should mint for amount=1
[FEE] 121691176000085 93890 1000000008
      ✓ should mint for amount=1
[FEE] 121691176000085 93890 1000000008
      ✓ should mint for amount=1
[FEE] 121691176000085 93890 1000000008
      ✓ should mint for amount=1
[FEE] 121691176000085 93890 1000000008
      ✓ should mint for amount=1
[FEE] 121689879896389 93889 1000000008
      ✓ should mint for amount=1
[FEE] 121688583792694 93888 1000000008
      ✓ should mint for amount=1
[FEE] 121689879896389 93889 1000000008
      ✓ should mint for amount=1
[FEE] 121691176000085 93890 1000000008
      ✓ should mint for amount=1
[FEE] 121691176000085 93890 1000000008
      ✓ should mint for amount=1
[FEE] 121691176000085 93890 1000000008
      ✓ should mint for amount=1
[FEE] 121689879896389 93889 1000000008
      ✓ should mint for amount=1
[FEE] 121689879896389 93889 1000000008
      ✓ should mint for amount=1
[FEE] 121688583792694 93888 1000000008
      ✓ should mint for amount=1
[FEE] 121688583792694 93888 1000000008
      ✓ should mint for amount=1
[FEE] 121689879896389 93889 1000000008
      ✓ should mint for amount=1
[FEE] 121691176000085 93890 1000000008
      ✓ should mint for amount=1
[FEE] 121691176000085 93890 1000000008
      ✓ should mint for amount=1
[FEE] 121691176000085 93890 1000000008
      ✓ should mint for amount=1
[FEE] 121691176000085 93890 1000000008
      ✓ should mint for amount=1
[FEE] 121691176000085 93890 1000000008
      ✓ should mint for amount=1
[FEE] 121691176000085 93890 1000000008
      ✓ should mint for amount=1
[FEE] 121691176000085 93890 1000000008
      ✓ should mint for amount=1
[FEE] 121691176000085 93890 1000000008
      ✓ should mint for amount=1
[FEE] 121691176000085 93890 1000000008
      ✓ should mint for amount=1
[FEE] 121691176000085 93890 1000000008
      ✓ should mint for amount=1
[FEE] 121691176000085 93890 1000000008
      ✓ should mint for amount=1
[FEE] 121691176000085 93890 1000000008
      ✓ should mint for amount=1
[FEE] 121691176000085 93890 1000000008
      ✓ should mint for amount=1
[FEE] 121691176000085 93890 1000000008
      ✓ should mint for amount=1
[FEE] 121691176000085 93890 1000000008
      ✓ should mint for amount=1
[FEE] 121691176000085 93890 1000000008
      ✓ should mint for amount=1
[FEE] 121689879896389 93889 1000000008
      ✓ should mint for amount=1
[FEE] 121689879896389 93889 1000000008
      ✓ should mint for amount=1
[FEE] 121689879896389 93889 1000000008
      ✓ should mint for amount=1
[FEE] 121689879896389 93889 1000000008
      ✓ should mint for amount=1
[FEE] 121691176000085 93890 1000000008
      ✓ should mint for amount=1
[FEE] 121691176000085 93890 1000000008
      ✓ should mint for amount=1
[FEE] 121691176000085 93890 1000000008
      ✓ should mint for amount=1
[FEE] 121691176000085 93890 1000000008
      ✓ should mint for amount=1
[FEE] 121691176000085 93890 1000000008
      ✓ should mint for amount=1
[FEE] 121691176000085 93890 1000000008
      ✓ should mint for amount=1
[FEE] 121691176000085 93890 1000000008
      ✓ should mint for amount=1
[FEE] 121691176000085 93890 1000000008
      ✓ should mint for amount=1
[FEE] 121691176000085 93890 1000000008
      ✓ should mint for amount=1
[FEE] 121691176000085 93890 1000000008
      ✓ should mint for amount=1
[FEE] 121691176000085 93890 1000000008
      ✓ should mint for amount=1
[FEE] 121691176000085 93890 1000000008
      ✓ should mint for amount=1
[FEE] 121691176000085 93890 1000000008
      ✓ should mint for amount=1

·----------------------------------------|---------------------------|-------------|----------------------------·
|          [90mSolc version: 0.8.17[39m          ·  [90mOptimizer enabled: true[39m  ·  [90mRuns: 200[39m  ·  [90mBlock limit: 8000000 gas[39m  │
·········································|···························|·············|·····························
|  [32m[1mMethods[22m[39m                                                                                                      │
···················|·····················|·············|·············|·············|··············|··············
|  [1mContract[22m        ·  [1mMethod[22m             ·  [32mMin[39m        ·  [32mMax[39m        ·  [32mAvg[39m        ·  [1m# calls[22m     ·  [1musd (avg)[22m  │
···················|·····················|·············|·············|·············|··············|··············
|  [90mXPowerThorTest[39m  ·  init               ·          -  ·          -  ·      67353  ·           [90m1[39m  ·          [32m[90m-[32m[39m  │
···················|·····················|·············|·············|·············|··············|··············
|  [90mXPowerThorTest[39m  ·  mint               ·     [36m121690[39m  ·     [31m229535[39m  ·     125765  ·         [90m372[39m  ·          [32m[90m-[32m[39m  │
···················|·····················|·············|·············|·············|··············|··············
|  [90mXPowerThorTest[39m  ·  transferOwnership  ·          -  ·          -  ·      28656  ·           [90m1[39m  ·          [32m[90m-[32m[39m  │
···················|·····················|·············|·············|·············|··············|··············
|  [32m[1mDeployments[22m[39m                           ·                                         ·  [1m% of limit[22m  ·             │
·········································|·············|·············|·············|··············|··············
|  XPowerThorTest                        ·          -  ·          -  ·    3331941  ·      [90m41.6 %[39m  ·          [32m[90m-[32m[39m  │
·----------------------------------------|-------------|-------------|-------------|--------------|-------------·

  372 passing (24s)

