
> xpower@6.0.0 test-gas
> REPORT_GAS=true npm test ./test/contracts/XPower.fees.1-thor.test.js


> xpower@6.0.0 test
> hardhat test ./test/contracts/XPower.fees.1-thor.test.js


  XPowerThor
    mint
[FEE] 348812236173851 162300 1658186771
      ✓ should mint for amount=1
[FEE] 338631732339862 158025 1653339752
      ✓ should mint for amount=1
[FEE] 328257051408808 154016 1644403826
      ✓ should mint for amount=1
[FEE] 317864251101435 150258 1632166042
      ✓ should mint for amount=1
[FEE] 307584212824315 146735 1617299972
      ✓ should mint for amount=1
[FEE] 297517206299515 143433 1600380532
      ✓ should mint for amount=1
[FEE] 287733307482039 140337 1581897006
      ✓ should mint for amount=1
[FEE] 278286175168629 137435 1562264411
      ✓ should mint for amount=1
[FEE] 269209224294797 134714 1541833436
      ✓ should mint for amount=1
[FEE] 260525378672153 132163 1520899097
      ✓ should mint for amount=1
[FEE] 252245945759014 129771 1499708310
      ✓ should mint for amount=1
[FEE] 244376918282157 127529 1478466485
      ✓ should mint for amount=1
[FEE] 236915045017455 125427 1457343273
      ✓ should mint for amount=1
[FEE] 229853328968121 123456 1436477576
      ✓ should mint for amount=1
[FEE] 223184056348359 121609 1415981906
      ✓ should mint for amount=1
[FEE] 216892376149078 119877 1395946182
      ✓ should mint for amount=1
[FEE] 210964567501480 118253 1376441020
      ✓ should mint for amount=1
[FEE] 205384970054504 116730 1357520598
      ✓ should mint for amount=1
[FEE] 200138286747525 115302 1339225135
      ✓ should mint for amount=1
[FEE] 195208209668846 113963 1321583049
      ✓ should mint for amount=1
[FEE] 190581167293128 112709 1304612816
      ✓ should mint for amount=1
[FEE] 186238052953437 111533 1288324581
      ✓ should mint for amount=1
[FEE] 182163018072661 110430 1272721543
      ✓ should mint for amount=1
[FEE] 178343443089497 109397 1257801154
      ✓ should mint for amount=1
[FEE] 174761834001660 108428 1243556154
      ✓ should mint for amount=1
[FEE] 171405772603420 107520 1229975449
      ✓ should mint for amount=1
[FEE] 168261424269605 106669 1217044874
      ✓ should mint for amount=1
[FEE] 165315249424382 105871 1204747839
      ✓ should mint for amount=1
[FEE] 162555593286406 105123 1193065880
      ✓ should mint for amount=1
[FEE] 159968047165494 104420 1181979131
      ✓ should mint for amount=1
[FEE] 157546236905384 103762 1171466718
      ✓ should mint for amount=1
[FEE] 155277951539190 103145 1161507096
      ✓ should mint for amount=1
[FEE] 153154374769065 102567 1152078331
      ✓ should mint for amount=1
[FEE] 151165517595109 102025 1143158333
      ✓ should mint for amount=1
[FEE] 149301745315770 101516 1134725049
      ✓ should mint for amount=1
[FEE] 147556690314734 101039 1126756626
      ✓ should mint for amount=1
[FEE] 145924242110006 100593 1119231541
      ✓ should mint for amount=1
[FEE] 144395662034258 100175 1112128703
      ✓ should mint for amount=1
[FEE] 142962531640315 99782 1105427540
      ✓ should mint for amount=1
[FEE] 141621009734716 99414 1099108060
      ✓ should mint for amount=1
[FEE] 140364616245676 99069 1093150903
      ✓ should mint for amount=1
[FEE] 139187120546082 98745 1087537374
      ✓ should mint for amount=1
[FEE] 138083931502313 98441 1082249469
      ✓ should mint for amount=1
[FEE] 137052052183936 98157 1077269889
      ✓ should mint for amount=1
[FEE] 136085869965604 97891 1072582047
      ✓ should mint for amount=1
[FEE] 135179976892543 97641 1068170067
      ✓ should mint for amount=1
[FEE] 134331915369526 97407 1064018781
      ✓ should mint for amount=1
[FEE] 133535245015747 97186 1060113718
      ✓ should mint for amount=1
[FEE] 132790562306172 96980 1056441090
      ✓ should mint for amount=1
[FEE] 132091726628026 96786 1052987777
      ✓ should mint for amount=1
[FEE] 131438210634088 96605 1049741309
      ✓ should mint for amount=1
[FEE] 130826868244474 96436 1046689847
      ✓ should mint for amount=1
[FEE] 130253321393320 96277 1043822158
      ✓ should mint for amount=1
[FEE] 129716018679575 96128 1041127597
      ✓ should mint for amount=1
[FEE] 129213500708445 95989 1038596082
      ✓ should mint for amount=1
[FEE] 128741709415537 95858 1036218072
      ✓ should mint for amount=1
[FEE] 128299372918304 95735 1033984543
      ✓ should mint for amount=1
[FEE] 127885295735363 95620 1031886967
      ✓ should mint for amount=1
[FEE] 127497019532420 95512 1029917287
      ✓ should mint for amount=1
[FEE] 127133496536353 95411 1028067898
      ✓ should mint for amount=1
[FEE] 126792412162103 95316 1026331622
      ✓ should mint for amount=1
[FEE] 126472848415474 95227 1024701688
      ✓ should mint for amount=1
[FEE] 126173943463812 95144 1023171714
      ✓ should mint for amount=1
[FEE] 125893563682754 95066 1021735683
      ✓ should mint for amount=1
[FEE] 125630954936367 94993 1020387928
      ✓ should mint for amount=1
[FEE] 125382767192603 94923 1019123109
      ✓ should mint for amount=1
[FEE] 125152303386712 94859 1017936201
      ✓ should mint for amount=1
[FEE] 124936299195331 94799 1016822472
      ✓ should mint for amount=1
[FEE] 124732856856943 94742 1015777469
      ✓ should mint for amount=1
[FEE] 124542750257543 94689 1014797004
      ✓ should mint for amount=1
[FEE] 124364153464588 94639 1013877137
      ✓ should mint for amount=1
[FEE] 124197902701235 94593 1013014163
      ✓ should mint for amount=1
[FEE] 124042235612979 94550 1012204599
      ✓ should mint for amount=1
[FEE] 123895421718150 94509 1011445170
      ✓ should mint for amount=1
[FEE] 123757070361545 94470 1010732799
      ✓ should mint for amount=1
[FEE] 123628124049476 94434 1010064594
      ✓ should mint for amount=1
[FEE] 123506928034537 94400 1009437838
      ✓ should mint for amount=1
[FEE] 123393159703769 94368 1008849978
      ✓ should mint for amount=1
[FEE] 123287823419913 94339 1008298617
      ✓ should mint for amount=1
[FEE] 123188020851650 94311 1007781502
      ✓ should mint for amount=1
[FEE] 123094793485862 94285 1007296519
      ✓ should mint for amount=1
[FEE] 123007891791120 94261 1006841683
      ✓ should mint for amount=1
[FEE] 122925777323164 94238 1006415130
      ✓ should mint for amount=1
[FEE] 122849535972836 94217 1006015109
      ✓ should mint for amount=1
[FEE] 122777658454698 94197 1005639977
      ✓ should mint for amount=1
[FEE] 122709953273275 94178 1005288193
      ✓ should mint for amount=1
[FEE] 122646240620275 94160 1004958309
      ✓ should mint for amount=1
[FEE] 122585049727062 94142 1004648966
      ✓ should mint for amount=1
[FEE] 122530129116811 94127 1004358891
      ✓ should mint for amount=1
[FEE] 122478725467176 94113 1004086887
      ✓ should mint for amount=1
[FEE] 122430699771952 94100 1003831831
      ✓ should mint for amount=1
[FEE] 122384621133465 94087 1003592671
      ✓ should mint for amount=1
[FEE] 122341668629276 94075 1003368418
      ✓ should mint for amount=1
[FEE] 122301727797001 94064 1003158146
      ✓ should mint for amount=1
[FEE] 122264691164801 94054 1002960985
      ✓ should mint for amount=1
[FEE] 122229158412391 94044 1002776120
      ✓ should mint for amount=1
[FEE] 122196335180425 94035 1002602785
      ✓ should mint for amount=1
[FEE] 122163534478507 94025 1002440263
      ✓ should mint for amount=1
[FEE] 122133272527984 94016 1002287880
      ✓ should mint for amount=1
[FEE] 122106770381729 94009 1002145005
      ✓ should mint for amount=1
[FEE] 122081356998965 94002 1002011045
      ✓ should mint for amount=1
[FEE] 122056964522908 93995 1001885445
      ✓ should mint for amount=1
[FEE] 122034827653524 93989 1001767684
      ✓ should mint for amount=1
[FEE] 122013588053605 93983 1001657274
      ✓ should mint for amount=1
[FEE] 121994487761161 93978 1001553756
      ✓ should mint for amount=1
[FEE] 121976175873951 93973 1001456700
      ✓ should mint for amount=1
[FEE] 121958603305850 93968 1001365704
      ✓ should mint for amount=1
[FEE] 121943021545431 93964 1001280389
      ✓ should mint for amount=1
[FEE] 121926791742292 93959 1001200401
      ✓ should mint for amount=1
[FEE] 121912468799969 93955 1001125408
      ✓ should mint for amount=1
[FEE] 121898716885257 93951 1001055098
      ✓ should mint for amount=1
[FEE] 121886797755689 93948 1000989179
      ✓ should mint for amount=1
[FEE] 121875380434799 93945 1000927377
      ✓ should mint for amount=1
[FEE] 121864433582609 93942 1000869435
      ✓ should mint for amount=1
[FEE] 121852630651059 93938 1000815112
      ✓ should mint for amount=1
[FEE] 121842538468575 93935 1000764182
      ✓ should mint for amount=1
[FEE] 121832834076689 93932 1000716434
      ✓ should mint for amount=1
[FEE] 121824790064176 93930 1000671668
      ✓ should mint for amount=1
[FEE] 121817086791723 93928 1000629699
      ✓ should mint for amount=1
[FEE] 121809702933458 93926 1000590352
      ✓ should mint for amount=1
[FEE] 121802618504409 93924 1000553463
      ✓ should mint for amount=1
[FEE] 121795814738635 93922 1000518878
      ✓ should mint for amount=1
[FEE] 121789274210820 93920 1000486454
      ✓ should mint for amount=1
[FEE] 121782980470950 93918 1000456056
      ✓ should mint for amount=1
[FEE] 121778214702055 93917 1000427557
      ✓ should mint for amount=1
[FEE] 121773665799035 93916 1000400839
      ✓ should mint for amount=1
[FEE] 121769320121925 93915 1000375790
      ✓ should mint for amount=1
[FEE] 121762571884497 93912 1000352306
      ✓ should mint for amount=1
[FEE] 121757299040266 93910 1000330290
      ✓ should mint for amount=1
[FEE] 121753490172642 93909 1000309649
      ✓ should mint for amount=1
[FEE] 121749838370235 93908 1000290298
      ✓ should mint for amount=1
[FEE] 121745037312832 93906 1000272156
      ✓ should mint for amount=1
[FEE] 121741670802237 93905 1000255148
      ✓ should mint for amount=1
[FEE] 121739730126456 93905 1000239203
      ✓ should mint for amount=1
[FEE] 121736614280107 93904 1000224254
      ✓ should mint for amount=1
[FEE] 121734908523980 93904 1000210239
      ✓ should mint for amount=1
[FEE] 121733309385218 93904 1000197100
      ✓ should mint for amount=1
[FEE] 121731810169809 93904 1000184782
      ✓ should mint for amount=1
[FEE] 121730404670576 93904 1000173234
      ✓ should mint for amount=1
[FEE] 121726494295399 93902 1000162407
      ✓ should mint for amount=1
[FEE] 121723962671081 93901 1000152257
      ✓ should mint for amount=1
[FEE] 121721508233496 93900 1000142741
      ✓ should mint for amount=1
[FEE] 121720422510898 93900 1000133820
      ✓ should mint for amount=1
[FEE] 121719404577504 93900 1000125456
      ✓ should mint for amount=1
[FEE] 121718450295373 93900 1000117615
      ✓ should mint for amount=1
[FEE] 121717555648269 93900 1000110264
      ✓ should mint for amount=1
[FEE] 121716716985067 93900 1000103373
      ✓ should mint for amount=1
[FEE] 121715930654644 93900 1000096912
      ✓ should mint for amount=1
[FEE] 121713897271249 93899 1000090855
      ✓ should mint for amount=1
[FEE] 121713206242524 93899 1000085177
      ✓ should mint for amount=1
[FEE] 121712558296604 93899 1000079853
      ✓ should mint for amount=1
[FEE] 121709358476301 93897 1000074862
      ✓ should mint for amount=1
[FEE] 121708789040842 93897 1000070183
      ✓ should mint for amount=1
[FEE] 121708255263555 93897 1000065797
      ✓ should mint for amount=1
[FEE] 121706458648501 93896 1000061685
      ✓ should mint for amount=1
[FEE] 121705989499042 93896 1000057830
      ✓ should mint for amount=1
[FEE] 121704253505076 93895 1000054216
      ✓ should mint for amount=1
[FEE] 121703841193419 93895 1000050828
      ✓ should mint for amount=1
[FEE] 121703454559967 93895 1000047651
      ✓ should mint for amount=1
[FEE] 121703092144349 93895 1000044673
      ✓ should mint for amount=1
[FEE] 121702752364495 93895 1000041881
      ✓ should mint for amount=1
[FEE] 121702433760033 93895 1000039263
      ✓ should mint for amount=1
[FEE] 121702135113986 93895 1000036809
      ✓ should mint for amount=1
[FEE] 121701855087681 93895 1000034508
      ✓ should mint for amount=1
[FEE] 121701592585838 93895 1000032351
      ✓ should mint for amount=1
[FEE] 121701346513178 93895 1000030329
      ✓ should mint for amount=1
[FEE] 121701115774423 93895 1000028433
      ✓ should mint for amount=1
[FEE] 121700899517689 93895 1000026656
      ✓ should mint for amount=1
[FEE] 121700696769395 93895 1000024990
      ✓ should mint for amount=1
[FEE] 121699210543607 93894 1000023428
      ✓ should mint for amount=1
[FEE] 121697736247983 93893 1000021964
      ✓ should mint for amount=1
[FEE] 121697569160661 93893 1000020591
      ✓ should mint for amount=1
[FEE] 121697412539115 93893 1000019304
      ✓ should mint for amount=1
[FEE] 121697265774868 93893 1000018098
      ✓ should mint for amount=1
[FEE] 121697128137752 93893 1000016967
      ✓ should mint for amount=1
[FEE] 121696999140985 93893 1000015907
      ✓ should mint for amount=1
[FEE] 121695582053077 93892 1000014913
      ✓ should mint for amount=1
[FEE] 121695468634486 93892 1000013981
      ✓ should mint for amount=1
[FEE] 121695362274134 93892 1000013107
      ✓ should mint for amount=1
[FEE] 121695262606938 93892 1000012288
      ✓ should mint for amount=1
[FEE] 121695169146125 93892 1000011520
      ✓ should mint for amount=1
[FEE] 121693785408929 93891 1000010800
      ✓ should mint for amount=1
[FEE] 121693703266511 93891 1000010125
      ✓ should mint for amount=1
[FEE] 121693626235177 93891 1000009492
      ✓ should mint for amount=1
[FEE] 121693554071542 93891 1000008899
      ✓ should mint for amount=1
[FEE] 121693486410528 93891 1000008343
      ✓ should mint for amount=1
[FEE] 121692126894927 93890 1000007822
      ✓ should mint for amount=1
[FEE] 121692067387942 93890 1000007333
      ✓ should mint for amount=1
[FEE] 121692011653384 93890 1000006875
      ✓ should mint for amount=1
[FEE] 121691959326179 93890 1000006445
      ✓ should mint for amount=1
[FEE] 121691910284635 93890 1000006042
      ✓ should mint for amount=1
[FEE] 121691864285371 93890 1000005664
      ✓ should mint for amount=1
[FEE] 121691821206695 93890 1000005310
      ✓ should mint for amount=1
[FEE] 121691780805225 93890 1000004978
      ✓ should mint for amount=1
[FEE] 121691742959270 93890 1000004667
      ✓ should mint for amount=1
[FEE] 121691707425446 93890 1000004375
      ✓ should mint for amount=1
[FEE] 121691674203756 93890 1000004102
      ✓ should mint for amount=1
[FEE] 121691643050815 93890 1000003846
      ✓ should mint for amount=1
[FEE] 121691613844933 93890 1000003606
      ✓ should mint for amount=1
[FEE] 121691586464419 93890 1000003381
      ✓ should mint for amount=1
[FEE] 121691560787581 93890 1000003170
      ✓ should mint for amount=1
[FEE] 121691536692728 93890 1000002972
      ✓ should mint for amount=1
[FEE] 121691514058169 93890 1000002786
      ✓ should mint for amount=1
[FEE] 121691492883905 93890 1000002612
      ✓ should mint for amount=1
[FEE] 121691473048243 93890 1000002449
      ✓ should mint for amount=1
[FEE] 121691454429494 93890 1000002296
      ✓ should mint for amount=1
[FEE] 121691437027656 93890 1000002153
      ✓ should mint for amount=1
[FEE] 121690124493046 93889 1000002018
      ✓ should mint for amount=1
[FEE] 121688813053984 93888 1000001892
      ✓ should mint for amount=1
[FEE] 121690094800716 93889 1000001774
      ✓ should mint for amount=1
[FEE] 121688785187298 93888 1000001663
      ✓ should mint for amount=1
[FEE] 121690068637392 93889 1000001559
      ✓ should mint for amount=1
[FEE] 121691352939054 93890 1000001462
      ✓ should mint for amount=1
[FEE] 121691341865157 93890 1000001371
      ✓ should mint for amount=1
[FEE] 121691331399716 93890 1000001285
      ✓ should mint for amount=1
[FEE] 121691321664422 93890 1000001205
      ✓ should mint for amount=1
[FEE] 121691312537584 93890 1000001130
      ✓ should mint for amount=1
[FEE] 121690007792452 93889 1000001059
      ✓ should mint for amount=1
[FEE] 121691295865893 93890 1000000993
      ✓ should mint for amount=1
[FEE] 121691288321040 93890 1000000931
      ✓ should mint for amount=1
[FEE] 121691281262952 93890 1000000873
      ✓ should mint for amount=1
[FEE] 121691274569937 93890 1000000818
      ✓ should mint for amount=1
[FEE] 121691268363687 93890 1000000767
      ✓ should mint for amount=1
[FEE] 121691262522511 93890 1000000719
      ✓ should mint for amount=1
[FEE] 121691257046408 93890 1000000674
      ✓ should mint for amount=1
[FEE] 121691251935378 93890 1000000632
      ✓ should mint for amount=1
[FEE] 121691247189423 93890 1000000593
      ✓ should mint for amount=1
[FEE] 121689946582443 93889 1000000556
      ✓ should mint for amount=1
[FEE] 121689942323297 93889 1000000521
      ✓ should mint for amount=1
[FEE] 121689938307531 93889 1000000488
      ✓ should mint for amount=1
[FEE] 121691230761114 93890 1000000458
      ✓ should mint for amount=1
[FEE] 121691227232070 93890 1000000429
      ✓ should mint for amount=1
[FEE] 121691223946408 93890 1000000402
      ✓ should mint for amount=1
[FEE] 121691220904129 93890 1000000377
      ✓ should mint for amount=1
[FEE] 121691217983541 93890 1000000353
      ✓ should mint for amount=1
[FEE] 121691215306335 93890 1000000331
      ✓ should mint for amount=1
[FEE] 121689916646733 93889 1000000310
      ✓ should mint for amount=1
[FEE] 121691210438688 93890 1000000291
      ✓ should mint for amount=1
[FEE] 121691208248247 93890 1000000273
      ✓ should mint for amount=1
[FEE] 121689910075479 93889 1000000256
      ✓ should mint for amount=1
[FEE] 121691204232438 93890 1000000240
      ✓ should mint for amount=1
[FEE] 121691202407070 93890 1000000225
      ✓ should mint for amount=1
[FEE] 121691200703394 93890 1000000211
      ✓ should mint for amount=1
[FEE] 121691199121408 93890 1000000198
      ✓ should mint for amount=1
[FEE] 121691197661114 93890 1000000186
      ✓ should mint for amount=1
[FEE] 121689900096909 93889 1000000174
      ✓ should mint for amount=1
[FEE] 121691194862217 93890 1000000163
      ✓ should mint for amount=1
[FEE] 121691193645306 93890 1000000153
      ✓ should mint for amount=1
[FEE] 121689896324523 93889 1000000143
      ✓ should mint for amount=1
[FEE] 121688599125455 93888 1000000134
      ✓ should mint for amount=1
[FEE] 121688598151946 93888 1000000126
      ✓ should mint for amount=1
[FEE] 121689893282276 93889 1000000118
      ✓ should mint for amount=1
[FEE] 121688596326618 93888 1000000111
      ✓ should mint for amount=1
[FEE] 121689891578618 93889 1000000104
      ✓ should mint for amount=1
[FEE] 121691186952291 93890 1000000098
      ✓ should mint for amount=1
[FEE] 121691186222144 93890 1000000092
      ✓ should mint for amount=1
[FEE] 121689889388200 93889 1000000086
      ✓ should mint for amount=1
[FEE] 121691184883541 93890 1000000081
      ✓ should mint for amount=1
[FEE] 121689888171301 93889 1000000076
      ✓ should mint for amount=1
[FEE] 121691183666629 93890 1000000071
      ✓ should mint for amount=1
[FEE] 121691183179864 93890 1000000067
      ✓ should mint for amount=1
[FEE] 121689886589333 93889 1000000063
      ✓ should mint for amount=1
[FEE] 121691182206335 93890 1000000059
      ✓ should mint for amount=1
[FEE] 121691181719570 93890 1000000055
      ✓ should mint for amount=1
[FEE] 121691181354497 93890 1000000052
      ✓ should mint for amount=1
[FEE] 121691180989423 93890 1000000049
      ✓ should mint for amount=1
[FEE] 121691180624350 93890 1000000046
      ✓ should mint for amount=1
[FEE] 121691180259276 93890 1000000043
      ✓ should mint for amount=1
[FEE] 121689883790465 93889 1000000040
      ✓ should mint for amount=1
[FEE] 121688587443351 93888 1000000038
      ✓ should mint for amount=1
[FEE] 121689883303706 93889 1000000036
      ✓ should mint for amount=1
[FEE] 121691179164056 93890 1000000034
      ✓ should mint for amount=1
[FEE] 121689882816946 93889 1000000032
      ✓ should mint for amount=1
[FEE] 121691178677291 93890 1000000030
      ✓ should mint for amount=1
[FEE] 121691178433909 93890 1000000028
      ✓ should mint for amount=1
[FEE] 121689882086807 93889 1000000026
      ✓ should mint for amount=1
[FEE] 121691177947144 93890 1000000024
      ✓ should mint for amount=1
[FEE] 121691177825453 93890 1000000023
      ✓ should mint for amount=1
[FEE] 121691177703762 93890 1000000022
      ✓ should mint for amount=1
[FEE] 121691177582070 93890 1000000021
      ✓ should mint for amount=1
[FEE] 121691177460379 93890 1000000020
      ✓ should mint for amount=1
[FEE] 121691177338688 93890 1000000019
      ✓ should mint for amount=1
[FEE] 121691177216997 93890 1000000018
      ✓ should mint for amount=1
[FEE] 121689880991598 93889 1000000017
      ✓ should mint for amount=1
[FEE] 121691176973615 93890 1000000016
      ✓ should mint for amount=1
[FEE] 121689880748218 93889 1000000015
      ✓ should mint for amount=1
[FEE] 121691176730232 93890 1000000014
      ✓ should mint for amount=1
[FEE] 121691176608541 93890 1000000013
      ✓ should mint for amount=1
[FEE] 121691176486850 93890 1000000012
      ✓ should mint for amount=1
[FEE] 121691176365159 93890 1000000011
      ✓ should mint for amount=1
[FEE] 121689880139769 93889 1000000010
      ✓ should mint for amount=1
[FEE] 121691176121776 93890 1000000009
      ✓ should mint for amount=1
[FEE] 121691176000085 93890 1000000008
      ✓ should mint for amount=1
[FEE] 121691176000085 93890 1000000008
      ✓ should mint for amount=1
[FEE] 121689879896389 93889 1000000008
      ✓ should mint for amount=1
[FEE] 121688583792694 93888 1000000008
      ✓ should mint for amount=1
[FEE] 121688583792694 93888 1000000008
      ✓ should mint for amount=1
[FEE] 121689879896389 93889 1000000008
      ✓ should mint for amount=1
[FEE] 121688583792694 93888 1000000008
      ✓ should mint for amount=1
[FEE] 121688583792694 93888 1000000008
      ✓ should mint for amount=1
[FEE] 121689879896389 93889 1000000008
      ✓ should mint for amount=1
[FEE] 121691176000085 93890 1000000008
      ✓ should mint for amount=1
[FEE] 121691176000085 93890 1000000008
      ✓ should mint for amount=1
[FEE] 121691176000085 93890 1000000008
      ✓ should mint for amount=1
[FEE] 121691176000085 93890 1000000008
      ✓ should mint for amount=1
[FEE] 121691176000085 93890 1000000008
      ✓ should mint for amount=1
[FEE] 121691176000085 93890 1000000008
      ✓ should mint for amount=1
[FEE] 121691176000085 93890 1000000008
      ✓ should mint for amount=1
[FEE] 121691176000085 93890 1000000008
      ✓ should mint for amount=1
[FEE] 121691176000085 93890 1000000008
      ✓ should mint for amount=1
[FEE] 121689879896389 93889 1000000008
      ✓ should mint for amount=1
[FEE] 121691176000085 93890 1000000008
      ✓ should mint for amount=1
[FEE] 121689879896389 93889 1000000008
      ✓ should mint for amount=1
[FEE] 121691176000085 93890 1000000008
      ✓ should mint for amount=1
[FEE] 121691176000085 93890 1000000008
      ✓ should mint for amount=1
[FEE] 121691176000085 93890 1000000008
      ✓ should mint for amount=1
[FEE] 121691176000085 93890 1000000008
      ✓ should mint for amount=1
[FEE] 121691176000085 93890 1000000008
      ✓ should mint for amount=1
[FEE] 121691176000085 93890 1000000008
      ✓ should mint for amount=1
[FEE] 121691176000085 93890 1000000008
      ✓ should mint for amount=1
[FEE] 121689879896389 93889 1000000008
      ✓ should mint for amount=1
[FEE] 121689879896389 93889 1000000008
      ✓ should mint for amount=1
[FEE] 121691176000085 93890 1000000008
      ✓ should mint for amount=1
[FEE] 121691176000085 93890 1000000008
      ✓ should mint for amount=1
[FEE] 121691176000085 93890 1000000008
      ✓ should mint for amount=1
[FEE] 121691176000085 93890 1000000008
      ✓ should mint for amount=1
[FEE] 121691176000085 93890 1000000008
      ✓ should mint for amount=1
[FEE] 121691176000085 93890 1000000008
      ✓ should mint for amount=1
[FEE] 121689879896389 93889 1000000008
      ✓ should mint for amount=1
[FEE] 121689879896389 93889 1000000008
      ✓ should mint for amount=1
[FEE] 121691176000085 93890 1000000008
      ✓ should mint for amount=1
[FEE] 121691176000085 93890 1000000008
      ✓ should mint for amount=1
[FEE] 121691176000085 93890 1000000008
      ✓ should mint for amount=1
[FEE] 121691176000085 93890 1000000008
      ✓ should mint for amount=1
[FEE] 121691176000085 93890 1000000008
      ✓ should mint for amount=1
[FEE] 121691176000085 93890 1000000008
      ✓ should mint for amount=1
[FEE] 121691176000085 93890 1000000008
      ✓ should mint for amount=1
[FEE] 121691176000085 93890 1000000008
      ✓ should mint for amount=1
[FEE] 121691176000085 93890 1000000008
      ✓ should mint for amount=1
[FEE] 121691176000085 93890 1000000008
      ✓ should mint for amount=1
[FEE] 121689879896389 93889 1000000008
      ✓ should mint for amount=1
[FEE] 121689879896389 93889 1000000008
      ✓ should mint for amount=1
[FEE] 121691176000085 93890 1000000008
      ✓ should mint for amount=1
[FEE] 121691176000085 93890 1000000008
      ✓ should mint for amount=1
[FEE] 121691176000085 93890 1000000008
      ✓ should mint for amount=1
[FEE] 121691176000085 93890 1000000008
      ✓ should mint for amount=1
[FEE] 121691176000085 93890 1000000008
      ✓ should mint for amount=1
[FEE] 121691176000085 93890 1000000008
      ✓ should mint for amount=1
[FEE] 121691176000085 93890 1000000008
      ✓ should mint for amount=1
[FEE] 121691176000085 93890 1000000008
      ✓ should mint for amount=1
[FEE] 121691176000085 93890 1000000008
      ✓ should mint for amount=1
[FEE] 121691176000085 93890 1000000008
      ✓ should mint for amount=1
[FEE] 121691176000085 93890 1000000008
      ✓ should mint for amount=1
[FEE] 121691176000085 93890 1000000008
      ✓ should mint for amount=1
[FEE] 121691176000085 93890 1000000008
      ✓ should mint for amount=1
[FEE] 121691176000085 93890 1000000008
      ✓ should mint for amount=1
[FEE] 121691176000085 93890 1000000008
      ✓ should mint for amount=1
[FEE] 121689879896389 93889 1000000008
      ✓ should mint for amount=1
[FEE] 121691176000085 93890 1000000008
      ✓ should mint for amount=1
[FEE] 121691176000085 93890 1000000008
      ✓ should mint for amount=1
[FEE] 121689879896389 93889 1000000008
      ✓ should mint for amount=1
[FEE] 121691176000085 93890 1000000008
      ✓ should mint for amount=1
[FEE] 121691176000085 93890 1000000008
      ✓ should mint for amount=1
[FEE] 121689879896389 93889 1000000008
      ✓ should mint for amount=1
[FEE] 121689879896389 93889 1000000008
      ✓ should mint for amount=1
[FEE] 121691176000085 93890 1000000008
      ✓ should mint for amount=1
[FEE] 121691176000085 93890 1000000008
      ✓ should mint for amount=1
[FEE] 121691176000085 93890 1000000008
      ✓ should mint for amount=1
[FEE] 121691176000085 93890 1000000008
      ✓ should mint for amount=1
[FEE] 121689879896389 93889 1000000008
      ✓ should mint for amount=1
[FEE] 121689879896389 93889 1000000008
      ✓ should mint for amount=1
[FEE] 121689879896389 93889 1000000008
      ✓ should mint for amount=1
[FEE] 121688583792694 93888 1000000008
      ✓ should mint for amount=1

·----------------------------------------|---------------------------|-------------|----------------------------·
|          [90mSolc version: 0.8.17[39m          ·  [90mOptimizer enabled: true[39m  ·  [90mRuns: 200[39m  ·  [90mBlock limit: 8000000 gas[39m  │
·········································|···························|·············|·····························
|  [32m[1mMethods[22m[39m                                                                                                      │
···················|·····················|·············|·············|·············|··············|··············
|  [1mContract[22m        ·  [1mMethod[22m             ·  [32mMin[39m        ·  [32mMax[39m        ·  [32mAvg[39m        ·  [1m# calls[22m     ·  [1musd (avg)[22m  │
···················|·····················|·············|·············|·············|··············|··············
|  [90mXPowerThorTest[39m  ·  init               ·          -  ·          -  ·      67353  ·           [90m1[39m  ·          [32m[90m-[32m[39m  │
···················|·····················|·············|·············|·············|··············|··············
|  [90mXPowerThorTest[39m  ·  mint               ·     [36m121697[39m  ·     [31m229530[39m  ·     125762  ·         [90m373[39m  ·          [32m[90m-[32m[39m  │
···················|·····················|·············|·············|·············|··············|··············
|  [90mXPowerThorTest[39m  ·  transferOwnership  ·          -  ·          -  ·      28656  ·           [90m1[39m  ·          [32m[90m-[32m[39m  │
···················|·····················|·············|·············|·············|··············|··············
|  [32m[1mDeployments[22m[39m                           ·                                         ·  [1m% of limit[22m  ·             │
·········································|·············|·············|·············|··············|··············
|  XPowerThorTest                        ·          -  ·          -  ·    3331941  ·      [90m41.6 %[39m  ·          [32m[90m-[32m[39m  │
·----------------------------------------|-------------|-------------|-------------|--------------|-------------·

  373 passing (23s)

