
> xpower@6.0.0 test-gas
> REPORT_GAS=true npm test ./test/contracts/XPower.fees.1-thor.test.js


> xpower@6.0.0 test
> hardhat test ./test/contracts/XPower.fees.1-thor.test.js


  XPowerThor
    mint
[FEE] 348784296808045 162287 1658186771
      ✓ should mint for amount=1
[FEE] 338603874438366 158012 1653339751
      ✓ should mint for amount=1
[FEE] 328233609307633 154005 1644403838
      ✓ should mint for amount=1
[FEE] 317843106663536 150248 1632166094
      ✓ should mint for amount=1
[FEE] 307565365955266 146726 1617300071
      ✓ should mint for amount=1
[FEE] 297498565293743 143424 1600380679
      ✓ should mint for amount=1
[FEE] 287716939619101 140329 1581897196
      ✓ should mint for amount=1
[FEE] 278270017995339 137427 1562264645
      ✓ should mint for amount=1
[FEE] 269193285299866 134706 1541833711
      ✓ should mint for amount=1
[FEE] 260509662512741 132155 1520899411
      ✓ should mint for amount=1
[FEE] 252232398014212 129764 1499708659
      ✓ should mint for amount=1
[FEE] 244363567202914 127522 1478466864
      ✓ should mint for amount=1
[FEE] 236899999908749 125419 1457343678
      ✓ should mint for amount=1
[FEE] 229840363562097 123449 1436477997
      ✓ should mint for amount=1
[FEE] 223169442990296 121601 1415982342
      ✓ should mint for amount=1
[FEE] 216879779783005 119870 1395946624
      ✓ should mint for amount=1
[FEE] 210950363772219 118245 1376441466
      ✓ should mint for amount=1
[FEE] 205372720812943 116723 1357521042
      ✓ should mint for amount=1
[FEE] 200127938449119 115296 1339225579
      ✓ should mint for amount=1
[FEE] 195197997795722 113957 1321583493
      ✓ should mint for amount=1
[FEE] 190569395463252 112702 1304613258
      ✓ should mint for amount=1
[FEE] 186226427361251 111526 1288325017
      ✓ should mint for amount=1
[FEE] 182153181853934 110424 1272721971
      ✓ should mint for amount=1
[FEE] 178333721193702 109391 1257801574
      ✓ should mint for amount=1
[FEE] 174753832729343 108423 1243556564
      ✓ should mint for amount=1
[FEE] 171396263288862 107514 1229975849
      ✓ should mint for amount=1
[FEE] 168250436132488 106662 1217045263
      ✓ should mint for amount=1
[FEE] 165302809190212 105863 1204748215
      ✓ should mint for amount=1
[FEE] 162543271908592 105115 1193066242
      ✓ should mint for amount=1
[FEE] 159955838519846 104412 1181979479
      ✓ should mint for amount=1
[FEE] 157535653424468 103755 1171467052
      ✓ should mint for amount=1
[FEE] 155268961848330 103139 1161507417
      ✓ should mint for amount=1
[FEE] 153143963220215 102560 1152078639
      ✓ should mint for amount=1
[FEE] 151153703255317 102017 1143158627
      ✓ should mint for amount=1
[FEE] 149291487236643 101509 1134725330
      ✓ should mint for amount=1
[FEE] 147546502785823 101032 1126756895
      ✓ should mint for amount=1
[FEE] 145914121003821 100586 1119231797
      ✓ should mint for amount=1
[FEE] 144385603673543 100168 1112128947
      ✓ should mint for amount=1
[FEE] 142953965150313 99776 1105427772
      ✓ should mint for amount=1
[FEE] 141612490860992 99408 1099108281
      ✓ should mint for amount=1
[FEE] 140356142187334 99063 1093151113
      ✓ should mint for amount=1
[FEE] 139180098335545 98740 1087537574
      ✓ should mint for amount=1
[FEE] 138076942333090 98436 1082249660
      ✓ should mint for amount=1
[FEE] 137045094069730 98152 1077270071
      ✓ should mint for amount=1
[FEE] 136078941026463 97886 1072582220
      ✓ should mint for amount=1
[FEE] 135174459936268 97637 1068170232
      ✓ should mint for amount=1
[FEE] 134326418875241 97403 1064018938
      ✓ should mint for amount=1
[FEE] 133532515623313 97184 1060113866
      ✓ should mint for amount=1
[FEE] 132786472131516 96977 1056441230
      ✓ should mint for amount=1
[FEE] 132089013623706 96784 1052987909
      ✓ should mint for amount=1
[FEE] 131436865711608 96604 1049741434
      ✓ should mint for amount=1
[FEE] 130825526374697 96435 1046689965
      ✓ should mint for amount=1
[FEE] 130250629565455 96275 1043822270
      ✓ should mint for amount=1
[FEE] 129711983657953 96125 1041127703
      ✓ should mint for amount=1
[FEE] 129208128636258 95985 1038596182
      ✓ should mint for amount=1
[FEE] 128735005863357 95853 1036218166
      ✓ should mint for amount=1
[FEE] 128294023232399 95731 1033984631
      ✓ should mint for amount=1
[FEE] 127878618858796 95615 1031887050
      ✓ should mint for amount=1
[FEE] 127491689669539 95508 1029917365
      ✓ should mint for amount=1
[FEE] 127126843150288 95406 1028067971
      ✓ should mint for amount=1
[FEE] 126784439169068 95310 1026331690
      ✓ should mint for amount=1
[FEE] 126466215716028 95222 1024701752
      ✓ should mint for amount=1
[FEE] 126165994042559 95138 1023171774
      ✓ should mint for amount=1
[FEE] 125885625053282 95060 1021735740
      ✓ should mint for amount=1
[FEE] 125623026290032 94987 1020387981
      ✓ should mint for amount=1
[FEE] 125377489786976 94919 1019123159
      ✓ should mint for amount=1
[FEE] 125147031761535 94855 1017936248
      ✓ should mint for amount=1
[FEE] 124931032971940 94795 1016822516
      ✓ should mint for amount=1
[FEE] 124728912355425 94739 1015777511
      ✓ should mint for amount=1
[FEE] 124538809320047 94686 1014797044
      ✓ should mint for amount=1
[FEE] 124360215855913 94636 1013877175
      ✓ should mint for amount=1
[FEE] 124193968200609 94590 1013014199
      ✓ should mint for amount=1
[FEE] 124038304013098 94547 1012204633
      ✓ should mint for amount=1
[FEE] 123891492824379 94506 1011445202
      ✓ should mint for amount=1
[FEE] 123753143991199 94467 1010732829
      ✓ should mint for amount=1
[FEE] 123624200031134 94431 1010064622
      ✓ should mint for amount=1
[FEE] 123504314543422 94398 1009437864
      ✓ should mint for amount=1
[FEE] 123391855065020 94367 1008850002
      ✓ should mint for amount=1
[FEE] 123286519250340 94338 1008298639
      ✓ should mint for amount=1
[FEE] 123186717229278 94310 1007781523
      ✓ should mint for amount=1
[FEE] 123093490369168 94284 1007296539
      ✓ should mint for amount=1
[FEE] 123003979198667 94258 1006841702
      ✓ should mint for amount=1
[FEE] 122921866144439 94235 1006415147
      ✓ should mint for amount=1
[FEE] 122844322327031 94213 1006015125
      ✓ should mint for amount=1
[FEE] 122772446631235 94193 1005639992
      ✓ should mint for amount=1
[FEE] 122706046108928 94175 1005288207
      ✓ should mint for amount=1
[FEE] 122642334616255 94157 1004958322
      ✓ should mint for amount=1
[FEE] 122583749184049 94141 1004648979
      ✓ should mint for amount=1
[FEE] 122528828827515 94126 1004358903
      ✓ should mint for amount=1
[FEE] 122477425408229 94112 1004086898
      ✓ should mint for amount=1
[FEE] 122429399921437 94099 1003831841
      ✓ should mint for amount=1
[FEE] 122382020710641 94085 1003592680
      ✓ should mint for amount=1
[FEE] 122339068787622 94073 1003368427
      ✓ should mint for amount=1
[FEE] 122299128500288 94062 1003158155
      ✓ should mint for amount=1
[FEE] 122262092379053 94052 1002960994
      ✓ should mint for amount=1
[FEE] 122226559983847 94042 1002776128
      ✓ should mint for amount=1
[FEE] 122193737201108 94033 1002602793
      ✓ should mint for amount=1
[FEE] 122163535331570 94025 1002440270
      ✓ should mint for amount=1
[FEE] 122134572328134 94017 1002287886
      ✓ should mint for amount=1
[FEE] 122108069874797 94010 1002145010
      ✓ should mint for amount=1
[FEE] 122082656318361 94003 1002011050
      ✓ should mint for amount=1
[FEE] 122058263679468 93996 1001885450
      ✓ should mint for amount=1
[FEE] 122034828262621 93989 1001767689
      ✓ should mint for amount=1
[FEE] 122013588540851 93983 1001657278
      ✓ should mint for amount=1
[FEE] 121994488126577 93978 1001553759
      ✓ should mint for amount=1
[FEE] 121976176239347 93973 1001456703
      ✓ should mint for amount=1
[FEE] 121958603549435 93968 1001365706
      ✓ should mint for amount=1
[FEE] 121943021789005 93964 1001280391
      ✓ should mint for amount=1
[FEE] 121928089645385 93960 1001200403
      ✓ should mint for amount=1
[FEE] 121913766605853 93956 1001125410
      ✓ should mint for amount=1
[FEE] 121900014600002 93952 1001055100
      ✓ should mint for amount=1
[FEE] 121888095384988 93949 1000989181
      ✓ should mint for amount=1
[FEE] 121876677983989 93946 1000927379
      ✓ should mint for amount=1
[FEE] 121864433826127 93942 1000869437
      ✓ should mint for amount=1
[FEE] 121853928054724 93939 1000815114
      ✓ should mint for amount=1
[FEE] 121843835806221 93936 1000764184
      ✓ should mint for amount=1
[FEE] 121835428262953 93934 1000716435
      ✓ should mint for amount=1
[FEE] 121824790185919 93930 1000671669
      ✓ should mint for amount=1
[FEE] 121817086913464 93928 1000629700
      ✓ should mint for amount=1
[FEE] 121809702933458 93926 1000590352
      ✓ should mint for amount=1
[FEE] 121802618504409 93924 1000553463
      ✓ should mint for amount=1
[FEE] 121795814738635 93922 1000518878
      ✓ should mint for amount=1
[FEE] 121789274210820 93920 1000486454
      ✓ should mint for amount=1
[FEE] 121782980470950 93918 1000456056
      ✓ should mint for amount=1
[FEE] 121778214702055 93917 1000427557
      ✓ should mint for amount=1
[FEE] 121773665799035 93916 1000400839
      ✓ should mint for amount=1
[FEE] 121769320121925 93915 1000375790
      ✓ should mint for amount=1
[FEE] 121765165005118 93914 1000352306
      ✓ should mint for amount=1
[FEE] 121761188635593 93913 1000330290
      ✓ should mint for amount=1
[FEE] 121757379687710 93912 1000309649
      ✓ should mint for amount=1
[FEE] 121753727810060 93911 1000290298
      ✓ should mint for amount=1
[FEE] 121748926682115 93909 1000272156
      ✓ should mint for amount=1
[FEE] 121745560105388 93908 1000255148
      ✓ should mint for amount=1
[FEE] 121742322953890 93907 1000239203
      ✓ should mint for amount=1
[FEE] 121739207068790 93906 1000224254
      ✓ should mint for amount=1
[FEE] 121736204900157 93905 1000210239
      ✓ should mint for amount=1
[FEE] 121732013026071 93903 1000197100
      ✓ should mint for amount=1
[FEE] 121730513826627 93903 1000184782
      ✓ should mint for amount=1
[FEE] 121729108342361 93903 1000173234
      ✓ should mint for amount=1
[FEE] 121726494295399 93902 1000162407
      ✓ should mint for amount=1
[FEE] 121723962671081 93901 1000152257
      ✓ should mint for amount=1
[FEE] 121721508233496 93900 1000142741
      ✓ should mint for amount=1
[FEE] 121719126233768 93899 1000133820
      ✓ should mint for amount=1
[FEE] 121718108311215 93899 1000125456
      ✓ should mint for amount=1
[FEE] 121717154039247 93899 1000117615
      ✓ should mint for amount=1
[FEE] 121716259401670 93899 1000110264
      ✓ should mint for amount=1
[FEE] 121715420747400 93899 1000103373
      ✓ should mint for amount=1
[FEE] 121714634425351 93899 1000096912
      ✓ should mint for amount=1
[FEE] 121713897271249 93899 1000090855
      ✓ should mint for amount=1
[FEE] 121713206242524 93899 1000085177
      ✓ should mint for amount=1
[FEE] 121712558296604 93899 1000079853
      ✓ should mint for amount=1
[FEE] 121711950877730 93899 1000074862
      ✓ should mint for amount=1
[FEE] 121711381430142 93899 1000070183
      ✓ should mint for amount=1
[FEE] 121710847641486 93899 1000065797
      ✓ should mint for amount=1
[FEE] 121710347199408 93899 1000061685
      ✓ should mint for amount=1
[FEE] 121709878034960 93899 1000057830
      ✓ should mint for amount=1
[FEE] 121709438200896 93899 1000054216
      ✓ should mint for amount=1
[FEE] 121707729702110 93898 1000050828
      ✓ should mint for amount=1
[FEE] 121707343056306 93898 1000047651
      ✓ should mint for amount=1
[FEE] 121706980629108 93898 1000044673
      ✓ should mint for amount=1
[FEE] 121706640838398 93898 1000041881
      ✓ should mint for amount=1
[FEE] 121706322223756 93898 1000039263
      ✓ should mint for amount=1
[FEE] 121706023568167 93898 1000036809
      ✓ should mint for amount=1
[FEE] 121704447384503 93897 1000034508
      ✓ should mint for amount=1
[FEE] 121704184877069 93897 1000032351
      ✓ should mint for amount=1
[FEE] 121703938799168 93897 1000030329
      ✓ should mint for amount=1
[FEE] 121703708055498 93897 1000028433
      ✓ should mint for amount=1
[FEE] 121703491794158 93897 1000026656
      ✓ should mint for amount=1
[FEE] 121703289041545 93897 1000024990
      ✓ should mint for amount=1
[FEE] 121701802811708 93896 1000023428
      ✓ should mint for amount=1
[FEE] 121701624644442 93896 1000021964
      ✓ should mint for amount=1
[FEE] 121701457551782 93896 1000020591
      ✓ should mint for amount=1
[FEE] 121701300925231 93896 1000019304
      ✓ should mint for amount=1
[FEE] 121701154156295 93896 1000018098
      ✓ should mint for amount=1
[FEE] 121701016514781 93896 1000016967
      ✓ should mint for amount=1
[FEE] 121700887513892 93896 1000015907
      ✓ should mint for amount=1
[FEE] 121700766545134 93896 1000014913
      ✓ should mint for amount=1
[FEE] 121700653121711 93896 1000013981
      ✓ should mint for amount=1
[FEE] 121700546756828 93896 1000013107
      ✓ should mint for amount=1
[FEE] 121700447085386 93896 1000012288
      ✓ should mint for amount=1
[FEE] 121700353620591 93896 1000011520
      ✓ should mint for amount=1
[FEE] 121700265997346 93896 1000010800
      ✓ should mint for amount=1
[FEE] 121700183850554 93896 1000010125
      ✓ should mint for amount=1
[FEE] 121700106815117 93896 1000009492
      ✓ should mint for amount=1
[FEE] 121700034647639 93896 1000008899
      ✓ should mint for amount=1
[FEE] 121699966983022 93896 1000008343
      ✓ should mint for amount=1
[FEE] 121698607464045 93895 1000007822
      ✓ should mint for amount=1
[FEE] 121697251840701 93894 1000007333
      ✓ should mint for amount=1
[FEE] 121697196103769 93894 1000006875
      ✓ should mint for amount=1
[FEE] 121697143774334 93894 1000006445
      ✓ should mint for amount=1
[FEE] 121697094730701 93894 1000006042
      ✓ should mint for amount=1
[FEE] 121697048729477 93894 1000005664
      ✓ should mint for amount=1
[FEE] 121697005648966 93894 1000005310
      ✓ should mint for amount=1
[FEE] 121696965245775 93894 1000004978
      ✓ should mint for amount=1
[FEE] 121696927398207 93894 1000004667
      ✓ should mint for amount=1
[FEE] 121695595753514 93893 1000004375
      ✓ should mint for amount=1
[FEE] 121694266421760 93892 1000004102
      ✓ should mint for amount=1
[FEE] 121694235268155 93892 1000003846
      ✓ should mint for amount=1
[FEE] 121694206061651 93892 1000003606
      ✓ should mint for amount=1
[FEE] 121694178680554 93892 1000003381
      ✓ should mint for amount=1
[FEE] 121694153003169 93892 1000003170
      ✓ should mint for amount=1
[FEE] 121694128907803 93892 1000002972
      ✓ should mint for amount=1
[FEE] 121694106272762 93892 1000002786
      ✓ should mint for amount=1
[FEE] 121692788990976 93891 1000002612
      ✓ should mint for amount=1
[FEE] 121692769155103 93891 1000002449
      ✓ should mint for amount=1
[FEE] 121691454429494 93890 1000002296
      ✓ should mint for amount=1
[FEE] 121691437027656 93890 1000002153
      ✓ should mint for amount=1
[FEE] 121690124493046 93889 1000002018
      ✓ should mint for amount=1
[FEE] 121691405266259 93890 1000001892
      ✓ should mint for amount=1
[FEE] 121691390906700 93890 1000001774
      ✓ should mint for amount=1
[FEE] 121691377398980 93890 1000001663
      ✓ should mint for amount=1
[FEE] 121691364743098 93890 1000001559
      ✓ should mint for amount=1
[FEE] 121690056833473 93889 1000001462
      ✓ should mint for amount=1
[FEE] 121691341865157 93890 1000001371
      ✓ should mint for amount=1
[FEE] 121691331399716 93890 1000001285
      ✓ should mint for amount=1
[FEE] 121691321664422 93890 1000001205
      ✓ should mint for amount=1
[FEE] 121691312537584 93890 1000001130
      ✓ should mint for amount=1
[FEE] 121691303897510 93890 1000001059
      ✓ should mint for amount=1
[FEE] 121691295865893 93890 1000000993
      ✓ should mint for amount=1
[FEE] 121691288321040 93890 1000000931
      ✓ should mint for amount=1
[FEE] 121691281262952 93890 1000000873
      ✓ should mint for amount=1
[FEE] 121689978465191 93889 1000000818
      ✓ should mint for amount=1
[FEE] 121691268363687 93890 1000000767
      ✓ should mint for amount=1
[FEE] 121691262522511 93890 1000000719
      ✓ should mint for amount=1
[FEE] 121691257046408 93890 1000000674
      ✓ should mint for amount=1
[FEE] 121689955830874 93889 1000000632
      ✓ should mint for amount=1
[FEE] 121688654980514 93888 1000000593
      ✓ should mint for amount=1
[FEE] 121689946582443 93889 1000000556
      ✓ should mint for amount=1
[FEE] 121689942323297 93889 1000000521
      ✓ should mint for amount=1
[FEE] 121691234411849 93890 1000000488
      ✓ should mint for amount=1
[FEE] 121691230761114 93890 1000000458
      ✓ should mint for amount=1
[FEE] 121691227232070 93890 1000000429
      ✓ should mint for amount=1
[FEE] 121691223946408 93890 1000000402
      ✓ should mint for amount=1
[FEE] 121691220904129 93890 1000000377
      ✓ should mint for amount=1
[FEE] 121691217983541 93890 1000000353
      ✓ should mint for amount=1
[FEE] 121691215306335 93890 1000000331
      ✓ should mint for amount=1
[FEE] 121691212750820 93890 1000000310
      ✓ should mint for amount=1
[FEE] 121691210438688 93890 1000000291
      ✓ should mint for amount=1
[FEE] 121691208248247 93890 1000000273
      ✓ should mint for amount=1
[FEE] 121691206179497 93890 1000000256
      ✓ should mint for amount=1
[FEE] 121691204232438 93890 1000000240
      ✓ should mint for amount=1
[FEE] 121691202407070 93890 1000000225
      ✓ should mint for amount=1
[FEE] 121691200703394 93890 1000000211
      ✓ should mint for amount=1
[FEE] 121691199121408 93890 1000000198
      ✓ should mint for amount=1
[FEE] 121691197661114 93890 1000000186
      ✓ should mint for amount=1
[FEE] 121691196200820 93890 1000000174
      ✓ should mint for amount=1
[FEE] 121691194862217 93890 1000000163
      ✓ should mint for amount=1
[FEE] 121689897541422 93889 1000000153
      ✓ should mint for amount=1
[FEE] 121688600220652 93888 1000000143
      ✓ should mint for amount=1
[FEE] 121687303021596 93887 1000000134
      ✓ should mint for amount=1
[FEE] 121688598151946 93888 1000000126
      ✓ should mint for amount=1
[FEE] 121687301074599 93887 1000000118
      ✓ should mint for amount=1
[FEE] 121688596326618 93888 1000000111
      ✓ should mint for amount=1
[FEE] 121688595474797 93888 1000000104
      ✓ should mint for amount=1
[FEE] 121688594744666 93888 1000000098
      ✓ should mint for amount=1
[FEE] 121689890118339 93889 1000000092
      ✓ should mint for amount=1
[FEE] 121688593284403 93888 1000000086
      ✓ should mint for amount=1
[FEE] 121688592675960 93888 1000000081
      ✓ should mint for amount=1
[FEE] 121688592067517 93888 1000000076
      ✓ should mint for amount=1
[FEE] 121688591459074 93888 1000000071
      ✓ should mint for amount=1
[FEE] 121689887076092 93889 1000000067
      ✓ should mint for amount=1
[FEE] 121688590485566 93888 1000000063
      ✓ should mint for amount=1
[FEE] 121689886102573 93889 1000000059
      ✓ should mint for amount=1
[FEE] 121691181719570 93890 1000000055
      ✓ should mint for amount=1
[FEE] 121689885250744 93889 1000000052
      ✓ should mint for amount=1
[FEE] 121691180989423 93890 1000000049
      ✓ should mint for amount=1
[FEE] 121691180624350 93890 1000000046
      ✓ should mint for amount=1
[FEE] 121691180259276 93890 1000000043
      ✓ should mint for amount=1
[FEE] 121691179894203 93890 1000000040
      ✓ should mint for amount=1
[FEE] 121691179650820 93890 1000000038
      ✓ should mint for amount=1
[FEE] 121691179407438 93890 1000000036
      ✓ should mint for amount=1
[FEE] 121691179164056 93890 1000000034
      ✓ should mint for amount=1
[FEE] 121691178920673 93890 1000000032
      ✓ should mint for amount=1
[FEE] 121689882573567 93889 1000000030
      ✓ should mint for amount=1
[FEE] 121691178433909 93890 1000000028
      ✓ should mint for amount=1
[FEE] 121691178190526 93890 1000000026
      ✓ should mint for amount=1
[FEE] 121691177947144 93890 1000000024
      ✓ should mint for amount=1
[FEE] 121691177825453 93890 1000000023
      ✓ should mint for amount=1
[FEE] 121691177703762 93890 1000000022
      ✓ should mint for amount=1
[FEE] 121691177582070 93890 1000000021
      ✓ should mint for amount=1
[FEE] 121691177460379 93890 1000000020
      ✓ should mint for amount=1
[FEE] 121691177338688 93890 1000000019
      ✓ should mint for amount=1
[FEE] 121691177216997 93890 1000000018
      ✓ should mint for amount=1
[FEE] 121689880991598 93889 1000000017
      ✓ should mint for amount=1
[FEE] 121688584766202 93888 1000000016
      ✓ should mint for amount=1
[FEE] 121687288540809 93887 1000000015
      ✓ should mint for amount=1
[FEE] 121688584522825 93888 1000000014
      ✓ should mint for amount=1
[FEE] 121687288297434 93887 1000000013
      ✓ should mint for amount=1
[FEE] 121688584279448 93888 1000000012
      ✓ should mint for amount=1
[FEE] 121689880261459 93889 1000000011
      ✓ should mint for amount=1
[FEE] 121691176243468 93890 1000000010
      ✓ should mint for amount=1
[FEE] 121689880018079 93889 1000000009
      ✓ should mint for amount=1
[FEE] 121691176000085 93890 1000000008
      ✓ should mint for amount=1
[FEE] 121691176000085 93890 1000000008
      ✓ should mint for amount=1
[FEE] 121691176000085 93890 1000000008
      ✓ should mint for amount=1
[FEE] 121691176000085 93890 1000000008
      ✓ should mint for amount=1
[FEE] 121691176000085 93890 1000000008
      ✓ should mint for amount=1
[FEE] 121689879896389 93889 1000000008
      ✓ should mint for amount=1
[FEE] 121688583792694 93888 1000000008
      ✓ should mint for amount=1
[FEE] 121689879896389 93889 1000000008
      ✓ should mint for amount=1
[FEE] 121691176000085 93890 1000000008
      ✓ should mint for amount=1
[FEE] 121691176000085 93890 1000000008
      ✓ should mint for amount=1
[FEE] 121691176000085 93890 1000000008
      ✓ should mint for amount=1
[FEE] 121691176000085 93890 1000000008
      ✓ should mint for amount=1
[FEE] 121691176000085 93890 1000000008
      ✓ should mint for amount=1
[FEE] 121689879896389 93889 1000000008
      ✓ should mint for amount=1
[FEE] 121691176000085 93890 1000000008
      ✓ should mint for amount=1
[FEE] 121691176000085 93890 1000000008
      ✓ should mint for amount=1
[FEE] 121691176000085 93890 1000000008
      ✓ should mint for amount=1
[FEE] 121691176000085 93890 1000000008
      ✓ should mint for amount=1
[FEE] 121689879896389 93889 1000000008
      ✓ should mint for amount=1
[FEE] 121688583792694 93888 1000000008
      ✓ should mint for amount=1
[FEE] 121688583792694 93888 1000000008
      ✓ should mint for amount=1
[FEE] 121689879896389 93889 1000000008
      ✓ should mint for amount=1
[FEE] 121691176000085 93890 1000000008
      ✓ should mint for amount=1
[FEE] 121691176000085 93890 1000000008
      ✓ should mint for amount=1
[FEE] 121691176000085 93890 1000000008
      ✓ should mint for amount=1
[FEE] 121691176000085 93890 1000000008
      ✓ should mint for amount=1
[FEE] 121691176000085 93890 1000000008
      ✓ should mint for amount=1
[FEE] 121691176000085 93890 1000000008
      ✓ should mint for amount=1
[FEE] 121691176000085 93890 1000000008
      ✓ should mint for amount=1
[FEE] 121691176000085 93890 1000000008
      ✓ should mint for amount=1
[FEE] 121691176000085 93890 1000000008
      ✓ should mint for amount=1
[FEE] 121691176000085 93890 1000000008
      ✓ should mint for amount=1
[FEE] 121691176000085 93890 1000000008
      ✓ should mint for amount=1
[FEE] 121691176000085 93890 1000000008
      ✓ should mint for amount=1
[FEE] 121691176000085 93890 1000000008
      ✓ should mint for amount=1
[FEE] 121691176000085 93890 1000000008
      ✓ should mint for amount=1
[FEE] 121691176000085 93890 1000000008
      ✓ should mint for amount=1
[FEE] 121691176000085 93890 1000000008
      ✓ should mint for amount=1
[FEE] 121691176000085 93890 1000000008
      ✓ should mint for amount=1
[FEE] 121691176000085 93890 1000000008
      ✓ should mint for amount=1
[FEE] 121691176000085 93890 1000000008
      ✓ should mint for amount=1
[FEE] 121691176000085 93890 1000000008
      ✓ should mint for amount=1
[FEE] 121691176000085 93890 1000000008
      ✓ should mint for amount=1
[FEE] 121691176000085 93890 1000000008
      ✓ should mint for amount=1
[FEE] 121689879896389 93889 1000000008
      ✓ should mint for amount=1
[FEE] 121689879896389 93889 1000000008
      ✓ should mint for amount=1
[FEE] 121688583792694 93888 1000000008
      ✓ should mint for amount=1
[FEE] 121688583792694 93888 1000000008
      ✓ should mint for amount=1
[FEE] 121688583792694 93888 1000000008
      ✓ should mint for amount=1
[FEE] 121689879896389 93889 1000000008
      ✓ should mint for amount=1
[FEE] 121689879896389 93889 1000000008
      ✓ should mint for amount=1
[FEE] 121689879896389 93889 1000000008
      ✓ should mint for amount=1
[FEE] 121689879896389 93889 1000000008
      ✓ should mint for amount=1
[FEE] 121688583792694 93888 1000000008
      ✓ should mint for amount=1
[FEE] 121687287688998 93887 1000000008
      ✓ should mint for amount=1
[FEE] 121687287688998 93887 1000000008
      ✓ should mint for amount=1
[FEE] 121688583792694 93888 1000000008
      ✓ should mint for amount=1
[FEE] 121689879896389 93889 1000000008
      ✓ should mint for amount=1
[FEE] 121691176000085 93890 1000000008
      ✓ should mint for amount=1
[FEE] 121689879896389 93889 1000000008
      ✓ should mint for amount=1
[FEE] 121688583792694 93888 1000000008
      ✓ should mint for amount=1
[FEE] 121689879896389 93889 1000000008
      ✓ should mint for amount=1
[FEE] 121691176000085 93890 1000000008
      ✓ should mint for amount=1
[FEE] 121691176000085 93890 1000000008
      ✓ should mint for amount=1
[FEE] 121691176000085 93890 1000000008
      ✓ should mint for amount=1
[FEE] 121691176000085 93890 1000000008
      ✓ should mint for amount=1
[FEE] 121691176000085 93890 1000000008
      ✓ should mint for amount=1
[FEE] 121691176000085 93890 1000000008
      ✓ should mint for amount=1
[FEE] 121691176000085 93890 1000000008
      ✓ should mint for amount=1
[FEE] 121689879896389 93889 1000000008
      ✓ should mint for amount=1
[FEE] 121689879896389 93889 1000000008
      ✓ should mint for amount=1
[FEE] 121691176000085 93890 1000000008
      ✓ should mint for amount=1
[FEE] 121691176000085 93890 1000000008
      ✓ should mint for amount=1
[FEE] 121689879896389 93889 1000000008
      ✓ should mint for amount=1
[FEE] 121689879896389 93889 1000000008
      ✓ should mint for amount=1
[FEE] 121691176000085 93890 1000000008
      ✓ should mint for amount=1
[FEE] 121691176000085 93890 1000000008
      ✓ should mint for amount=1
[FEE] 121691176000085 93890 1000000008
      ✓ should mint for amount=1
[FEE] 121691176000085 93890 1000000008
      ✓ should mint for amount=1
[FEE] 121691176000085 93890 1000000008
      ✓ should mint for amount=1
[FEE] 121691176000085 93890 1000000008
      ✓ should mint for amount=1
[FEE] 121691176000085 93890 1000000008
      ✓ should mint for amount=1
[FEE] 121691176000085 93890 1000000008
      ✓ should mint for amount=1
[FEE] 121691176000085 93890 1000000008
      ✓ should mint for amount=1
[FEE] 121691176000085 93890 1000000008
      ✓ should mint for amount=1
[FEE] 121691176000085 93890 1000000008
      ✓ should mint for amount=1
[FEE] 121689879896389 93889 1000000008
      ✓ should mint for amount=1
[FEE] 121689879896389 93889 1000000008
      ✓ should mint for amount=1

·----------------------------------------|---------------------------|-------------|----------------------------·
|          [90mSolc version: 0.8.17[39m          ·  [90mOptimizer enabled: true[39m  ·  [90mRuns: 200[39m  ·  [90mBlock limit: 8000000 gas[39m  │
·········································|···························|·············|·····························
|  [32m[1mMethods[22m[39m                                                                                                      │
···················|·····················|·············|·············|·············|··············|··············
|  [1mContract[22m        ·  [1mMethod[22m             ·  [32mMin[39m        ·  [32mMax[39m        ·  [32mAvg[39m        ·  [1m# calls[22m     ·  [1musd (avg)[22m  │
···················|·····················|·············|·············|·············|··············|··············
|  [90mXPowerThorTest[39m  ·  init               ·          -  ·          -  ·      67353  ·           [90m1[39m  ·          [32m[90m-[32m[39m  │
···················|·····················|·············|·············|·············|··············|··············
|  [90mXPowerThorTest[39m  ·  mint               ·     [36m121696[39m  ·     [31m229529[39m  ·     125706  ·         [90m380[39m  ·          [32m[90m-[32m[39m  │
···················|·····················|·············|·············|·············|··············|··············
|  [90mXPowerThorTest[39m  ·  transferOwnership  ·          -  ·          -  ·      28656  ·           [90m1[39m  ·          [32m[90m-[32m[39m  │
···················|·····················|·············|·············|·············|··············|··············
|  [32m[1mDeployments[22m[39m                           ·                                         ·  [1m% of limit[22m  ·             │
·········································|·············|·············|·············|··············|··············
|  XPowerThorTest                        ·          -  ·          -  ·    3331941  ·      [90m41.6 %[39m  ·          [32m[90m-[32m[39m  │
·----------------------------------------|-------------|-------------|-------------|--------------|-------------·

  380 passing (22s)

