
> xpower@6.0.0 test-gas
> REPORT_GAS=true npm test ./test/contracts/XPower.fees.1-thor.test.js


> xpower@6.0.0 test
> hardhat test ./test/contracts/XPower.fees.1-thor.test.js


  XPowerThor
    mint
[FEE] 348822982083776 162305 1658186771
      ✓ should mint for amount=1
[FEE] 338642451344703 158030 1653339774
      ✓ should mint for amount=1
[FEE] 328267719776108 154021 1644403885
      ✓ should mint for amount=1
[FEE] 317874851559562 150263 1632166161
      ✓ should mint for amount=1
[FEE] 307594727620451 146740 1617300150
      ✓ should mint for amount=1
[FEE] 297525546280968 143437 1600380763
      ✓ should mint for amount=1
[FEE] 287741559805110 140341 1581897287
      ✓ should mint for amount=1
[FEE] 278292308522798 137438 1562264741
      ✓ should mint for amount=1
[FEE] 269213286349402 134716 1541833810
      ✓ should mint for amount=1
[FEE] 260527420661254 132164 1520899510
      ✓ should mint for amount=1
[FEE] 252246019933746 129771 1499708751
      ✓ should mint for amount=1
[FEE] 244376994150637 127529 1478466944
      ✓ should mint for amount=1
[FEE] 236915122073927 125427 1457343747
      ✓ should mint for amount=1
[FEE] 229851544909334 123455 1436478062
      ✓ should mint for amount=1
[FEE] 223180463376344 121607 1415982398
      ✓ should mint for amount=1
[FEE] 216887024717718 119874 1395946674
      ✓ should mint for amount=1
[FEE] 210959289957074 118250 1376441506
      ✓ should mint for amount=1
[FEE] 205381523699568 116728 1357521078
      ✓ should mint for amount=1
[FEE] 200136622107308 115301 1339225611
      ✓ should mint for amount=1
[FEE] 195208279534666 113963 1321583522
      ✓ should mint for amount=1
[FEE] 190581235951926 112709 1304613286
      ✓ should mint for amount=1
[FEE] 186238120028503 111533 1288325045
      ✓ should mint for amount=1
[FEE] 182164733062165 110431 1272722000
      ✓ should mint for amount=1
[FEE] 178345136994435 109398 1257801603
      ✓ should mint for amount=1
[FEE] 174763507614874 108429 1243556594
      ✓ should mint for amount=1
[FEE] 171407426703229 107521 1229975879
      ✓ should mint for amount=1
[FEE] 168261482198066 106669 1217045293
      ✓ should mint for amount=1
[FEE] 165315305272838 105871 1204748246
      ✓ should mint for amount=1
[FEE] 162555647105278 105123 1193066275
      ✓ should mint for amount=1
[FEE] 159969630833051 104421 1181979513
      ✓ should mint for amount=1
[FEE] 157546286530833 103762 1171467087
      ✓ should mint for amount=1
[FEE] 155277999131625 103145 1161507452
      ✓ should mint for amount=1
[FEE] 153154420366616 102567 1152078674
      ✓ should mint for amount=1
[FEE] 151165561100417 102025 1143158662
      ✓ should mint for amount=1
[FEE] 149303257615280 101517 1134725365
      ✓ should mint for amount=1
[FEE] 147558190519477 101040 1126756930
      ✓ should mint for amount=1
[FEE] 145924280050283 100593 1119231832
      ✓ should mint for amount=1
[FEE] 144392815389889 100173 1112128982
      ✓ should mint for amount=1
[FEE] 142961133292461 99781 1105427806
      ✓ should mint for amount=1
[FEE] 141618193346160 99412 1099108314
      ✓ should mint for amount=1
[FEE] 140361813644915 99067 1093151145
      ✓ should mint for amount=1
[FEE] 139185740548833 98744 1087537605
      ✓ should mint for amount=1
[FEE] 138083959572057 98441 1082249689
      ✓ should mint for amount=1
[FEE] 137050682646737 98156 1077270099
      ✓ should mint for amount=1
[FEE] 136083114985374 97889 1072582247
      ✓ should mint for amount=1
[FEE] 135178616478180 97640 1068170257
      ✓ should mint for amount=1
[FEE] 134330559141800 97406 1064018962
      ✓ should mint for amount=1
[FEE] 133536640572961 97187 1060113889
      ✓ should mint for amount=1
[FEE] 132791951926346 96981 1056441252
      ✓ should mint for amount=1
[FEE] 132094475384137 96788 1052987930
      ✓ should mint for amount=1
[FEE] 131440949937086 96607 1049741454
      ✓ should mint for amount=1
[FEE] 130828241986994 96437 1046689984
      ✓ should mint for amount=1
[FEE] 130254690517282 96278 1043822288
      ✓ should mint for amount=1
[FEE] 129716034004373 96128 1041127720
      ✓ should mint for amount=1
[FEE] 129213515140202 95989 1038596198
      ✓ should mint for amount=1
[FEE] 128741722957905 95858 1036218181
      ✓ should mint for amount=1
[FEE] 128299385698800 95735 1033984646
      ✓ should mint for amount=1
[FEE] 127885307756906 95620 1031887064
      ✓ should mint for amount=1
[FEE] 127497030921418 95512 1029917379
      ✓ should mint for amount=1
[FEE] 127133507171332 95411 1028067984
      ✓ should mint for amount=1
[FEE] 126792422168796 95316 1026331703
      ✓ should mint for amount=1
[FEE] 126472857919127 95227 1024701765
      ✓ should mint for amount=1
[FEE] 126172626329192 95143 1023171787
      ✓ should mint for amount=1
[FEE] 125892247909142 95065 1021735752
      ✓ should mint for amount=1
[FEE] 125628317881941 94991 1020387993
      ✓ should mint for amount=1
[FEE] 125382774820466 94923 1019123171
      ✓ should mint for amount=1
[FEE] 125152310517644 94859 1017936259
      ✓ should mint for amount=1
[FEE] 124936305830275 94799 1016822526
      ✓ should mint for amount=1
[FEE] 124732863119511 94742 1015777520
      ✓ should mint for amount=1
[FEE] 124542756148428 94689 1014797052
      ✓ should mint for amount=1
[FEE] 124362844894424 94638 1013877182
      ✓ should mint for amount=1
[FEE] 124196595001689 94592 1013014206
      ✓ should mint for amount=1
[FEE] 124040928592680 94549 1012204639
      ✓ should mint for amount=1
[FEE] 123894115435039 94508 1011445208
      ✓ should mint for amount=1
[FEE] 123755764754938 94469 1010732835
      ✓ should mint for amount=1
[FEE] 123626819062462 94433 1010064628
      ✓ should mint for amount=1
[FEE] 123506931949807 94400 1009437870
      ✓ should mint for amount=1
[FEE] 123394470947304 94369 1008850008
      ✓ should mint for amount=1
[FEE] 123287826843561 94339 1008298645
      ✓ should mint for amount=1
[FEE] 123188024152045 94311 1007781529
      ✓ should mint for amount=1
[FEE] 123093491102379 94284 1007296545
      ✓ should mint for amount=1
[FEE] 123006589874172 94260 1006841708
      ✓ should mint for amount=1
[FEE] 122924475714047 94237 1006415153
      ✓ should mint for amount=1
[FEE] 122848234637333 94216 1006015130
      ✓ should mint for amount=1
[FEE] 122775054069067 94195 1005639997
      ✓ should mint for amount=1
[FEE] 122707349554925 94176 1005288211
      ✓ should mint for amount=1
[FEE] 122643637634593 94158 1004958326
      ✓ should mint for amount=1
[FEE] 122583749550099 94141 1004648982
      ✓ should mint for amount=1
[FEE] 122527527440227 94125 1004358906
      ✓ should mint for amount=1
[FEE] 122476124373433 94111 1004086901
      ✓ should mint for amount=1
[FEE] 122428099217170 94098 1003831844
      ✓ should mint for amount=1
[FEE] 122382021076473 94085 1003592683
      ✓ should mint for amount=1
[FEE] 122337768683887 94072 1003368430
      ✓ should mint for amount=1
[FEE] 122297828547132 94061 1003158157
      ✓ should mint for amount=1
[FEE] 122260792681412 94051 1002960996
      ✓ should mint for amount=1
[FEE] 122225260525786 94041 1002776130
      ✓ should mint for amount=1
[FEE] 122192437967684 94032 1002602795
      ✓ should mint for amount=1
[FEE] 122162236308771 94024 1002440272
      ✓ should mint for amount=1
[FEE] 122131974433794 94015 1002287888
      ✓ should mint for amount=1
[FEE] 122104173466960 94007 1002145012
      ✓ should mint for amount=1
[FEE] 122078760431384 94000 1002011052
      ✓ should mint for amount=1
[FEE] 122053069733419 93992 1001885452
      ✓ should mint for amount=1
[FEE] 122030933321871 93986 1001767691
      ✓ should mint for amount=1
[FEE] 122008395777706 93979 1001657280
      ✓ should mint for amount=1
[FEE] 121989295900104 93974 1001553761
      ✓ should mint for amount=1
[FEE] 121969686524314 93968 1001456705
      ✓ should mint for amount=1
[FEE] 121953412297881 93964 1001365708
      ✓ should mint for amount=1
[FEE] 121937830979749 93960 1001280393
      ✓ should mint for amount=1
[FEE] 121922899250810 93956 1001200405
      ✓ should mint for amount=1
[FEE] 121907279037726 93951 1001125412
      ✓ should mint for amount=1
[FEE] 121893527487510 93947 1001055102
      ✓ should mint for amount=1
[FEE] 121881608699678 93944 1000989183
      ✓ should mint for amount=1
[FEE] 121870191699179 93941 1000927381
      ✓ should mint for amount=1
[FEE] 121859245147370 93938 1000869439
      ✓ should mint for amount=1
[FEE] 121848739657592 93935 1000815116
      ✓ should mint for amount=1
[FEE] 121839944767273 93933 1000764186
      ✓ should mint for amount=1
[FEE] 121830240377402 93930 1000716437
      ✓ should mint for amount=1
[FEE] 121820899506683 93927 1000671671
      ✓ should mint for amount=1
[FEE] 121813196397411 93925 1000629702
      ✓ should mint for amount=1
[FEE] 121805812570397 93923 1000590354
      ✓ should mint for amount=1
[FEE] 121797431463746 93920 1000553465
      ✓ should mint for amount=1
[FEE] 121791924653478 93919 1000518880
      ✓ should mint for amount=1
[FEE] 121786680985915 93918 1000486456
      ✓ should mint for amount=1
[FEE] 121780387324837 93916 1000456058
      ✓ should mint for amount=1
[FEE] 121775621629815 93915 1000427559
      ✓ should mint for amount=1
[FEE] 121769776172834 93913 1000400841
      ✓ should mint for amount=1
[FEE] 121765430593120 93912 1000375792
      ✓ should mint for amount=1
[FEE] 121759979007310 93910 1000352308
      ✓ should mint for amount=1
[FEE] 121756002630206 93909 1000330291
      ✓ should mint for amount=1
[FEE] 121752193789334 93908 1000309650
      ✓ should mint for amount=1
[FEE] 121748542012007 93907 1000290299
      ✓ should mint for amount=1
[FEE] 121743740978115 93905 1000272157
      ✓ should mint for amount=1
[FEE] 121741670923948 93905 1000255149
      ✓ should mint for amount=1
[FEE] 121739730126456 93905 1000239203
      ✓ should mint for amount=1
[FEE] 121737910674448 93905 1000224254
      ✓ should mint for amount=1
[FEE] 121736204900157 93905 1000210239
      ✓ should mint for amount=1
[FEE] 121734605744366 93905 1000197100
      ✓ should mint for amount=1
[FEE] 121733106512991 93905 1000184782
      ✓ should mint for amount=1
[FEE] 121731700998790 93905 1000173234
      ✓ should mint for amount=1
[FEE] 121730383237945 93905 1000162407
      ✓ should mint for amount=1
[FEE] 121727851574160 93904 1000152257
      ✓ should mint for amount=1
[FEE] 121726693388266 93904 1000142741
      ✓ should mint for amount=1
[FEE] 121725607619418 93904 1000133820
      ✓ should mint for amount=1
[FEE] 121723293376372 93903 1000125456
      ✓ should mint for amount=1
[FEE] 121721042807627 93902 1000117615
      ✓ should mint for amount=1
[FEE] 121718851894868 93901 1000110264
      ✓ should mint for amount=1
[FEE] 121716716985067 93900 1000103373
      ✓ should mint for amount=1
[FEE] 121713338196057 93898 1000096912
      ✓ should mint for amount=1
[FEE] 121711304828363 93897 1000090855
      ✓ should mint for amount=1
[FEE] 121710613814357 93897 1000085177
      ✓ should mint for amount=1
[FEE] 121708669675054 93896 1000079853
      ✓ should mint for amount=1
[FEE] 121708062275587 93896 1000074862
      ✓ should mint for amount=1
[FEE] 121707492846192 93896 1000070183
      ✓ should mint for amount=1
[FEE] 121706959074590 93896 1000065797
      ✓ should mint for amount=1
[FEE] 121706458648501 93896 1000061685
      ✓ should mint for amount=1
[FEE] 121705989499042 93896 1000057830
      ✓ should mint for amount=1
[FEE] 121705549679031 93896 1000054216
      ✓ should mint for amount=1
[FEE] 121705137362983 93896 1000050828
      ✓ should mint for amount=1
[FEE] 121704750725413 93896 1000047651
      ✓ should mint for amount=1
[FEE] 121703092144349 93895 1000044673
      ✓ should mint for amount=1
[FEE] 121702752364495 93895 1000041881
      ✓ should mint for amount=1
[FEE] 121702433760033 93895 1000039263
      ✓ should mint for amount=1
[FEE] 121702135113986 93895 1000036809
      ✓ should mint for amount=1
[FEE] 121701855087681 93895 1000034508
      ✓ should mint for amount=1
[FEE] 121700296440222 93894 1000032351
      ✓ should mint for amount=1
[FEE] 121698754227188 93893 1000030329
      ✓ should mint for amount=1
[FEE] 121698523493348 93893 1000028433
      ✓ should mint for amount=1
[FEE] 121698307241220 93893 1000026656
      ✓ should mint for amount=1
[FEE] 121696808361170 93892 1000024990
      ✓ should mint for amount=1
[FEE] 121695322141455 93891 1000023428
      ✓ should mint for amount=1
[FEE] 121695143983677 93891 1000021964
      ✓ should mint for amount=1
[FEE] 121694976899914 93891 1000020591
      ✓ should mint for amount=1
[FEE] 121694820281704 93891 1000019304
      ✓ should mint for amount=1
[FEE] 121694673520584 93891 1000018098
      ✓ should mint for amount=1
[FEE] 121693239760722 93890 1000016967
      ✓ should mint for amount=1
[FEE] 121691814643774 93889 1000015907
      ✓ should mint for amount=1
[FEE] 121690397561020 93888 1000014913
      ✓ should mint for amount=1
[FEE] 121690284147261 93888 1000013981
      ✓ should mint for amount=1
[FEE] 121691473912113 93889 1000013107
      ✓ should mint for amount=1
[FEE] 121692670367714 93890 1000012288
      ✓ should mint for amount=1
[FEE] 121692576908892 93890 1000011520
      ✓ should mint for amount=1
[FEE] 121692489291246 93890 1000010800
      ✓ should mint for amount=1
[FEE] 121692407149703 93890 1000010125
      ✓ should mint for amount=1
[FEE] 121692330119189 93890 1000009492
      ✓ should mint for amount=1
[FEE] 121692257956322 93890 1000008899
      ✓ should mint for amount=1
[FEE] 121692190296029 93890 1000008343
      ✓ should mint for amount=1
[FEE] 121692126894927 93890 1000007822
      ✓ should mint for amount=1
[FEE] 121690771274752 93889 1000007333
      ✓ should mint for amount=1
[FEE] 121689419428192 93888 1000006875
      ✓ should mint for amount=1
[FEE] 121688070990062 93887 1000006445
      ✓ should mint for amount=1
[FEE] 121689318061602 93888 1000006042
      ✓ should mint for amount=1
[FEE] 121689272063318 93888 1000005664
      ✓ should mint for amount=1
[FEE] 121687932874992 93887 1000005310
      ✓ should mint for amount=1
[FEE] 121689188584950 93888 1000004978
      ✓ should mint for amount=1
[FEE] 121690446849535 93889 1000004667
      ✓ should mint for amount=1
[FEE] 121691707425446 93890 1000004375
      ✓ should mint for amount=1
[FEE] 121690378094754 93889 1000004102
      ✓ should mint for amount=1
[FEE] 121691643050815 93890 1000003846
      ✓ should mint for amount=1
[FEE] 121691613844933 93890 1000003606
      ✓ should mint for amount=1
[FEE] 121691586464419 93890 1000003381
      ✓ should mint for amount=1
[FEE] 121691560787581 93890 1000003170
      ✓ should mint for amount=1
[FEE] 121690240585190 93889 1000002972
      ✓ should mint for amount=1
[FEE] 121691514058169 93890 1000002786
      ✓ should mint for amount=1
[FEE] 121691492883905 93890 1000002612
      ✓ should mint for amount=1
[FEE] 121691473048243 93890 1000002449
      ✓ should mint for amount=1
[FEE] 121691454429494 93890 1000002296
      ✓ should mint for amount=1
[FEE] 121691437027656 93890 1000002153
      ✓ should mint for amount=1
[FEE] 121691420599347 93890 1000002018
      ✓ should mint for amount=1
[FEE] 121691405266259 93890 1000001892
      ✓ should mint for amount=1
[FEE] 121691390906700 93890 1000001774
      ✓ should mint for amount=1
[FEE] 121691377398980 93890 1000001663
      ✓ should mint for amount=1
[FEE] 121691364743098 93890 1000001559
      ✓ should mint for amount=1
[FEE] 121691352939054 93890 1000001462
      ✓ should mint for amount=1
[FEE] 121691341865157 93890 1000001371
      ✓ should mint for amount=1
[FEE] 121690035294365 93889 1000001285
      ✓ should mint for amount=1
[FEE] 121691321664422 93890 1000001205
      ✓ should mint for amount=1
[FEE] 121691312537584 93890 1000001130
      ✓ should mint for amount=1
[FEE] 121690007792452 93889 1000001059
      ✓ should mint for amount=1
[FEE] 121688703655948 93888 1000000993
      ✓ should mint for amount=1
[FEE] 121688696111255 93888 1000000931
      ✓ should mint for amount=1
[FEE] 121688689053318 93888 1000000873
      ✓ should mint for amount=1
[FEE] 121688682360446 93888 1000000818
      ✓ should mint for amount=1
[FEE] 121687380049648 93887 1000000767
      ✓ should mint for amount=1
[FEE] 121688670313276 93888 1000000719
      ✓ should mint for amount=1
[FEE] 121689960941849 93889 1000000674
      ✓ should mint for amount=1
[FEE] 121691251935378 93890 1000000632
      ✓ should mint for amount=1
[FEE] 121691247189423 93890 1000000593
      ✓ should mint for amount=1
[FEE] 121691242686849 93890 1000000556
      ✓ should mint for amount=1
[FEE] 121689942323297 93889 1000000521
      ✓ should mint for amount=1
[FEE] 121688642203213 93888 1000000488
      ✓ should mint for amount=1
[FEE] 121687342448277 93887 1000000458
      ✓ should mint for amount=1
[FEE] 121686042815104 93886 1000000429
      ✓ should mint for amount=1
[FEE] 121687335633789 93887 1000000402
      ✓ should mint for amount=1
[FEE] 121688628695781 93888 1000000377
      ✓ should mint for amount=1
[FEE] 121687329671112 93887 1000000353
      ✓ should mint for amount=1
[FEE] 121687326993991 93887 1000000331
      ✓ should mint for amount=1
[FEE] 121688620542646 93888 1000000310
      ✓ should mint for amount=1
[FEE] 121689914334625 93889 1000000291
      ✓ should mint for amount=1
[FEE] 121689912144207 93889 1000000273
      ✓ should mint for amount=1
[FEE] 121689910075479 93889 1000000256
      ✓ should mint for amount=1
[FEE] 121688612024445 93888 1000000240
      ✓ should mint for amount=1
[FEE] 121687314095139 93887 1000000225
      ✓ should mint for amount=1
[FEE] 121687312391517 93887 1000000211
      ✓ should mint for amount=1
[FEE] 121688606913524 93888 1000000198
      ✓ should mint for amount=1
[FEE] 121689901557188 93889 1000000186
      ✓ should mint for amount=1
[FEE] 121688603992998 93888 1000000174
      ✓ should mint for amount=1
[FEE] 121689898758321 93889 1000000163
      ✓ should mint for amount=1
[FEE] 121688601437538 93888 1000000153
      ✓ should mint for amount=1
[FEE] 121689896324523 93889 1000000143
      ✓ should mint for amount=1
[FEE] 121691191333173 93890 1000000134
      ✓ should mint for amount=1
[FEE] 121689894255795 93889 1000000126
      ✓ should mint for amount=1
[FEE] 121691189386114 93890 1000000118
      ✓ should mint for amount=1
[FEE] 121691188534276 93890 1000000111
      ✓ should mint for amount=1
[FEE] 121691187682438 93890 1000000104
      ✓ should mint for amount=1
[FEE] 121691186952291 93890 1000000098
      ✓ should mint for amount=1
[FEE] 121691186222144 93890 1000000092
      ✓ should mint for amount=1
[FEE] 121689889388200 93889 1000000086
      ✓ should mint for amount=1
[FEE] 121689888779750 93889 1000000081
      ✓ should mint for amount=1
[FEE] 121691184275085 93890 1000000076
      ✓ should mint for amount=1
[FEE] 121691183666629 93890 1000000071
      ✓ should mint for amount=1
[FEE] 121691183179864 93890 1000000067
      ✓ should mint for amount=1
[FEE] 121691182693100 93890 1000000063
      ✓ should mint for amount=1
[FEE] 121691182206335 93890 1000000059
      ✓ should mint for amount=1
[FEE] 121691181719570 93890 1000000055
      ✓ should mint for amount=1
[FEE] 121689885250744 93889 1000000052
      ✓ should mint for amount=1
[FEE] 121691180989423 93890 1000000049
      ✓ should mint for amount=1
[FEE] 121691180624350 93890 1000000046
      ✓ should mint for amount=1
[FEE] 121691180259276 93890 1000000043
      ✓ should mint for amount=1
[FEE] 121691179894203 93890 1000000040
      ✓ should mint for amount=1
[FEE] 121691179650820 93890 1000000038
      ✓ should mint for amount=1
[FEE] 121691179407438 93890 1000000036
      ✓ should mint for amount=1
[FEE] 121691179164056 93890 1000000034
      ✓ should mint for amount=1
[FEE] 121691178920673 93890 1000000032
      ✓ should mint for amount=1
[FEE] 121691178677291 93890 1000000030
      ✓ should mint for amount=1
[FEE] 121691178433909 93890 1000000028
      ✓ should mint for amount=1
[FEE] 121689882086807 93889 1000000026
      ✓ should mint for amount=1
[FEE] 121691177947144 93890 1000000024
      ✓ should mint for amount=1
[FEE] 121691177825453 93890 1000000023
      ✓ should mint for amount=1
[FEE] 121691177703762 93890 1000000022
      ✓ should mint for amount=1
[FEE] 121691177582070 93890 1000000021
      ✓ should mint for amount=1
[FEE] 121691177460379 93890 1000000020
      ✓ should mint for amount=1
[FEE] 121691177338688 93890 1000000019
      ✓ should mint for amount=1
[FEE] 121691177216997 93890 1000000018
      ✓ should mint for amount=1
[FEE] 121691177095306 93890 1000000017
      ✓ should mint for amount=1
[FEE] 121691176973615 93890 1000000016
      ✓ should mint for amount=1
[FEE] 121691176851923 93890 1000000015
      ✓ should mint for amount=1
[FEE] 121691176730232 93890 1000000014
      ✓ should mint for amount=1
[FEE] 121691176608541 93890 1000000013
      ✓ should mint for amount=1
[FEE] 121691176486850 93890 1000000012
      ✓ should mint for amount=1
[FEE] 121691176365159 93890 1000000011
      ✓ should mint for amount=1
[FEE] 121691176243468 93890 1000000010
      ✓ should mint for amount=1
[FEE] 121691176121776 93890 1000000009
      ✓ should mint for amount=1
[FEE] 121691176000085 93890 1000000008
      ✓ should mint for amount=1
[FEE] 121691176000085 93890 1000000008
      ✓ should mint for amount=1
[FEE] 121691176000085 93890 1000000008
      ✓ should mint for amount=1
[FEE] 121691176000085 93890 1000000008
      ✓ should mint for amount=1
[FEE] 121691176000085 93890 1000000008
      ✓ should mint for amount=1
[FEE] 121691176000085 93890 1000000008
      ✓ should mint for amount=1
[FEE] 121689879896389 93889 1000000008
      ✓ should mint for amount=1
[FEE] 121691176000085 93890 1000000008
      ✓ should mint for amount=1
[FEE] 121691176000085 93890 1000000008
      ✓ should mint for amount=1
[FEE] 121689879896389 93889 1000000008
      ✓ should mint for amount=1
[FEE] 121691176000085 93890 1000000008
      ✓ should mint for amount=1
[FEE] 121689879896389 93889 1000000008
      ✓ should mint for amount=1
[FEE] 121689879896389 93889 1000000008
      ✓ should mint for amount=1
[FEE] 121688583792694 93888 1000000008
      ✓ should mint for amount=1
[FEE] 121688583792694 93888 1000000008
      ✓ should mint for amount=1
[FEE] 121687287688998 93887 1000000008
      ✓ should mint for amount=1
[FEE] 121687287688998 93887 1000000008
      ✓ should mint for amount=1
[FEE] 121687287688998 93887 1000000008
      ✓ should mint for amount=1
[FEE] 121688583792694 93888 1000000008
      ✓ should mint for amount=1
[FEE] 121689879896389 93889 1000000008
      ✓ should mint for amount=1
[FEE] 121689879896389 93889 1000000008
      ✓ should mint for amount=1
[FEE] 121691176000085 93890 1000000008
      ✓ should mint for amount=1
[FEE] 121689879896389 93889 1000000008
      ✓ should mint for amount=1
[FEE] 121691176000085 93890 1000000008
      ✓ should mint for amount=1
[FEE] 121689879896389 93889 1000000008
      ✓ should mint for amount=1
[FEE] 121691176000085 93890 1000000008
      ✓ should mint for amount=1
[FEE] 121691176000085 93890 1000000008
      ✓ should mint for amount=1
[FEE] 121691176000085 93890 1000000008
      ✓ should mint for amount=1
[FEE] 121691176000085 93890 1000000008
      ✓ should mint for amount=1
[FEE] 121691176000085 93890 1000000008
      ✓ should mint for amount=1
[FEE] 121691176000085 93890 1000000008
      ✓ should mint for amount=1
[FEE] 121689879896389 93889 1000000008
      ✓ should mint for amount=1
[FEE] 121689879896389 93889 1000000008
      ✓ should mint for amount=1
[FEE] 121691176000085 93890 1000000008
      ✓ should mint for amount=1
[FEE] 121689879896389 93889 1000000008
      ✓ should mint for amount=1
[FEE] 121691176000085 93890 1000000008
      ✓ should mint for amount=1
[FEE] 121691176000085 93890 1000000008
      ✓ should mint for amount=1
[FEE] 121691176000085 93890 1000000008
      ✓ should mint for amount=1
[FEE] 121691176000085 93890 1000000008
      ✓ should mint for amount=1
[FEE] 121691176000085 93890 1000000008
      ✓ should mint for amount=1
[FEE] 121691176000085 93890 1000000008
      ✓ should mint for amount=1
[FEE] 121689879896389 93889 1000000008
      ✓ should mint for amount=1
[FEE] 121688583792694 93888 1000000008
      ✓ should mint for amount=1
[FEE] 121687287688998 93887 1000000008
      ✓ should mint for amount=1
[FEE] 121688583792694 93888 1000000008
      ✓ should mint for amount=1
[FEE] 121689879896389 93889 1000000008
      ✓ should mint for amount=1
[FEE] 121691176000085 93890 1000000008
      ✓ should mint for amount=1
[FEE] 121691176000085 93890 1000000008
      ✓ should mint for amount=1
[FEE] 121691176000085 93890 1000000008
      ✓ should mint for amount=1
[FEE] 121691176000085 93890 1000000008
      ✓ should mint for amount=1
[FEE] 121691176000085 93890 1000000008
      ✓ should mint for amount=1
[FEE] 121691176000085 93890 1000000008
      ✓ should mint for amount=1
[FEE] 121689879896389 93889 1000000008
      ✓ should mint for amount=1
[FEE] 121689879896389 93889 1000000008
      ✓ should mint for amount=1
[FEE] 121691176000085 93890 1000000008
      ✓ should mint for amount=1
[FEE] 121691176000085 93890 1000000008
      ✓ should mint for amount=1
[FEE] 121691176000085 93890 1000000008
      ✓ should mint for amount=1
[FEE] 121691176000085 93890 1000000008
      ✓ should mint for amount=1
[FEE] 121689879896389 93889 1000000008
      ✓ should mint for amount=1
[FEE] 121691176000085 93890 1000000008
      ✓ should mint for amount=1
[FEE] 121691176000085 93890 1000000008
      ✓ should mint for amount=1
[FEE] 121691176000085 93890 1000000008
      ✓ should mint for amount=1
[FEE] 121691176000085 93890 1000000008
      ✓ should mint for amount=1
[FEE] 121691176000085 93890 1000000008
      ✓ should mint for amount=1
[FEE] 121691176000085 93890 1000000008
      ✓ should mint for amount=1
[FEE] 121689879896389 93889 1000000008
      ✓ should mint for amount=1
[FEE] 121689879896389 93889 1000000008
      ✓ should mint for amount=1
[FEE] 121691176000085 93890 1000000008
      ✓ should mint for amount=1
[FEE] 121691176000085 93890 1000000008
      ✓ should mint for amount=1
[FEE] 121691176000085 93890 1000000008
      ✓ should mint for amount=1
[FEE] 121691176000085 93890 1000000008
      ✓ should mint for amount=1
[FEE] 121691176000085 93890 1000000008
      ✓ should mint for amount=1
[FEE] 121689879896389 93889 1000000008
      ✓ should mint for amount=1
[FEE] 121691176000085 93890 1000000008
      ✓ should mint for amount=1
[FEE] 121691176000085 93890 1000000008
      ✓ should mint for amount=1
[FEE] 121691176000085 93890 1000000008
      ✓ should mint for amount=1
[FEE] 121691176000085 93890 1000000008
      ✓ should mint for amount=1
[FEE] 121691176000085 93890 1000000008
      ✓ should mint for amount=1
[FEE] 121691176000085 93890 1000000008
      ✓ should mint for amount=1
[FEE] 121691176000085 93890 1000000008
      ✓ should mint for amount=1
[FEE] 121691176000085 93890 1000000008
      ✓ should mint for amount=1
[FEE] 121691176000085 93890 1000000008
      ✓ should mint for amount=1
[FEE] 121691176000085 93890 1000000008
      ✓ should mint for amount=1
[FEE] 121691176000085 93890 1000000008
      ✓ should mint for amount=1
[FEE] 121691176000085 93890 1000000008
      ✓ should mint for amount=1
[FEE] 121691176000085 93890 1000000008
      ✓ should mint for amount=1
[FEE] 121689879896389 93889 1000000008
      ✓ should mint for amount=1
[FEE] 121691176000085 93890 1000000008
      ✓ should mint for amount=1
[FEE] 121691176000085 93890 1000000008
      ✓ should mint for amount=1

·----------------------------------------|---------------------------|-------------|----------------------------·
|          [90mSolc version: 0.8.17[39m          ·  [90mOptimizer enabled: true[39m  ·  [90mRuns: 200[39m  ·  [90mBlock limit: 8000000 gas[39m  │
·········································|···························|·············|·····························
|  [32m[1mMethods[22m[39m                                                                                                      │
···················|·····················|·············|·············|·············|··············|··············
|  [1mContract[22m        ·  [1mMethod[22m             ·  [32mMin[39m        ·  [32mMax[39m        ·  [32mAvg[39m        ·  [1m# calls[22m     ·  [1musd (avg)[22m  │
···················|·····················|·············|·············|·············|··············|··············
|  [90mXPowerThorTest[39m  ·  init               ·          -  ·          -  ·      67353  ·           [90m1[39m  ·          [32m[90m-[32m[39m  │
···················|·····················|·············|·············|·············|··············|··············
|  [90mXPowerThorTest[39m  ·  mint               ·     [36m121702[39m  ·     [31m229547[39m  ·     125820  ·         [90m381[39m  ·          [32m[90m-[32m[39m  │
···················|·····················|·············|·············|·············|··············|··············
|  [90mXPowerThorTest[39m  ·  transferOwnership  ·          -  ·          -  ·      28656  ·           [90m1[39m  ·          [32m[90m-[32m[39m  │
···················|·····················|·············|·············|·············|··············|··············
|  [32m[1mDeployments[22m[39m                           ·                                         ·  [1m% of limit[22m  ·             │
·········································|·············|·············|·············|··············|··············
|  XPowerThorTest                        ·          -  ·          -  ·    3331941  ·      [90m41.6 %[39m  ·          [32m[90m-[32m[39m  │
·----------------------------------------|-------------|-------------|-------------|--------------|-------------·

  381 passing (22s)

