
> xpower@6.0.0 test-gas
> REPORT_GAS=true npm test ./test/contracts/XPower.fees.1-thor.test.js


> xpower@6.0.0 test
> hardhat test ./test/contracts/XPower.fees.1-thor.test.js


  XPowerThor
    mint
[FEE] 348822982083776 162305 1658186771
      ✓ should mint for amount=1
[FEE] 338640308444929 158029 1653339774
      ✓ should mint for amount=1
[FEE] 328267718777972 154021 1644403880
      ✓ should mint for amount=1
[FEE] 317874850585780 150263 1632166156
      ✓ should mint for amount=1
[FEE] 307594727430261 146740 1617300149
      ✓ should mint for amount=1
[FEE] 297525547582333 143437 1600380770
      ✓ should mint for amount=1
[FEE] 287741562169764 140341 1581897300
      ✓ should mint for amount=1
[FEE] 278292311729208 137438 1562264759
      ✓ should mint for amount=1
[FEE] 269215288567244 134717 1541833832
      ✓ should mint for amount=1
[FEE] 260531367944597 132166 1520899538
      ✓ should mint for amount=1
[FEE] 252251857995886 129774 1499708791
      ✓ should mint for amount=1
[FEE] 244382752146505 127532 1478467000
      ✓ should mint for amount=1
[FEE] 236920799734511 125430 1457343815
      ✓ should mint for amount=1
[FEE] 229859004688597 123459 1436478140
      ✓ should mint for amount=1
[FEE] 223187818602204 121611 1415982488
      ✓ should mint for amount=1
[FEE] 216896087179550 119879 1395946777
      ✓ should mint for amount=1
[FEE] 210968227944294 118255 1376441623
      ✓ should mint for amount=1
[FEE] 205390340203486 116733 1357521204
      ✓ should mint for amount=1
[FEE] 200145320860213 115306 1339225744
      ✓ should mint for amount=1
[FEE] 195216864465613 113968 1321583660
      ✓ should mint for amount=1
[FEE] 190589711120920 112714 1304613427
      ✓ should mint for amount=1
[FEE] 186246489715466 111538 1288325188
      ✓ should mint for amount=1
[FEE] 182171351849199 110435 1272722143
      ✓ should mint for amount=1
[FEE] 178350047995005 109401 1257801746
      ✓ should mint for amount=1
[FEE] 174768362765743 108432 1243556735
      ✓ should mint for amount=1
[FEE] 171410634287581 107523 1229976017
      ✓ should mint for amount=1
[FEE] 168264655696496 106671 1217045428
      ✓ should mint for amount=1
[FEE] 165315323248631 105871 1204748377
      ✓ should mint for amount=1
[FEE] 162555664272816 105123 1193066401
      ✓ should mint for amount=1
[FEE] 159969647209245 104421 1181979634
      ✓ should mint for amount=1
[FEE] 157547820474204 103763 1171467203
      ✓ should mint for amount=1
[FEE] 155279519405072 103146 1161507563
      ✓ should mint for amount=1
[FEE] 153155927671540 102568 1152078780
      ✓ should mint for amount=1
[FEE] 151165574588385 102025 1143158764
      ✓ should mint for amount=1
[FEE] 149303270378206 101517 1134725462
      ✓ should mint for amount=1
[FEE] 147558202567642 101040 1126757022
      ✓ should mint for amount=1
[FEE] 145924291393252 100593 1119231919
      ✓ should mint for amount=1
[FEE] 144395708905483 100175 1112129064
      ✓ should mint for amount=1
[FEE] 142964008878239 99783 1105427884
      ✓ should mint for amount=1
[FEE] 141622476556228 99415 1099108388
      ✓ should mint for amount=1
[FEE] 140366073144947 99070 1093151215
      ✓ should mint for amount=1
[FEE] 139189977680425 98747 1087537671
      ✓ should mint for amount=1
[FEE] 138088175733887 98444 1082249752
      ✓ should mint for amount=1
[FEE] 137053482787604 98158 1077270159
      ✓ should mint for amount=1
[FEE] 136087292750840 97892 1072582304
      ✓ should mint for amount=1
[FEE] 135181392230918 97642 1068170311
      ✓ should mint for amount=1
[FEE] 134333323738390 97408 1064019013
      ✓ should mint for amount=1
[FEE] 133539394780382 97189 1060113938
      ✓ should mint for amount=1
[FEE] 132794696223347 96983 1056441298
      ✓ should mint for amount=1
[FEE] 132097210467005 96790 1052987974
      ✓ should mint for amount=1
[FEE] 131443676343663 96609 1049741496
      ✓ should mint for amount=1
[FEE] 130829603605486 96438 1046690024
      ✓ should mint for amount=1
[FEE] 130254695259160 96278 1043822326
      ✓ should mint for amount=1
[FEE] 129717387899201 96129 1041127756
      ✓ should mint for amount=1
[FEE] 129214865498604 95990 1038596232
      ✓ should mint for amount=1
[FEE] 128741726933646 95858 1036218213
      ✓ should mint for amount=1
[FEE] 128299389421275 95735 1033984676
      ✓ should mint for amount=1
[FEE] 127885311227043 95620 1031887092
      ✓ should mint for amount=1
[FEE] 127495699260303 95511 1029917405
      ✓ should mint for amount=1
[FEE] 127132177780160 95410 1028068009
      ✓ should mint for amount=1
[FEE] 126791094777870 95315 1026331726
      ✓ should mint for amount=1
[FEE] 126470204271510 95225 1024701786
      ✓ should mint for amount=1
[FEE] 126171302535432 95142 1023171806
      ✓ should mint for amount=1
[FEE] 125890925851499 95064 1021735770
      ✓ should mint for amount=1
[FEE] 125626997446290 94990 1020388010
      ✓ should mint for amount=1
[FEE] 125380135010309 94921 1019123187
      ✓ should mint for amount=1
[FEE] 125149673659938 94857 1017936274
      ✓ should mint for amount=1
[FEE] 124933671735563 94797 1016822540
      ✓ should mint for amount=1
[FEE] 124731548162848 94741 1015777533
      ✓ should mint for amount=1
[FEE] 124541442338934 94688 1014797064
      ✓ should mint for amount=1
[FEE] 124362846366352 94638 1013877194
      ✓ should mint for amount=1
[FEE] 124196596350301 94592 1013014217
      ✓ should mint for amount=1
[FEE] 124039618018501 94548 1012204650
      ✓ should mint for amount=1
[FEE] 123891494784212 94506 1011445218
      ✓ should mint for amount=1
[FEE] 123754455842348 94468 1010732844
      ✓ should mint for amount=1
[FEE] 123625510893124 94432 1010064636
      ✓ should mint for amount=1
[FEE] 123504316133967 94398 1009437877
      ✓ should mint for amount=1
[FEE] 123390549080820 94366 1008850015
      ✓ should mint for amount=1
[FEE] 123283906998407 94336 1008298651
      ✓ should mint for amount=1
[FEE] 123185412384508 94309 1007781534
      ✓ should mint for amount=1
[FEE] 123092186152617 94283 1007296550
      ✓ should mint for amount=1
[FEE] 123005285391602 94259 1006841712
      ✓ should mint for amount=1
[FEE] 122923171784216 94236 1006415157
      ✓ should mint for amount=1
[FEE] 122846931225865 94215 1006015134
      ✓ should mint for amount=1
[FEE] 122773751143701 94194 1005640001
      ✓ should mint for amount=1
[FEE] 122706047085412 94175 1005288215
      ✓ should mint for amount=1
[FEE] 122643638000709 94158 1004958329
      ✓ should mint for amount=1
[FEE] 122583749916148 94141 1004648985
      ✓ should mint for amount=1
[FEE] 122528829437500 94126 1004358908
      ✓ should mint for amount=1
[FEE] 122476124617388 94111 1004086903
      ✓ should mint for amount=1
[FEE] 122428099461092 94098 1003831846
      ✓ should mint for amount=1
[FEE] 122382021320361 94085 1003592685
      ✓ should mint for amount=1
[FEE] 122339069397264 94073 1003368432
      ✓ should mint for amount=1
[FEE] 122299128987945 94062 1003158159
      ✓ should mint for amount=1
[FEE] 122262092866657 94052 1002960998
      ✓ should mint for amount=1
[FEE] 122226560471400 94042 1002776132
      ✓ should mint for amount=1
[FEE] 122193737566738 94033 1002602796
      ✓ should mint for amount=1
[FEE] 122162236430636 94024 1002440273
      ✓ should mint for amount=1
[FEE] 122133273624674 94016 1002287889
      ✓ should mint for amount=1
[FEE] 122106771356492 94009 1002145013
      ✓ should mint for amount=1
[FEE] 122081357973655 94002 1002011053
      ✓ should mint for amount=1
[FEE] 122056965497526 93995 1001885453
      ✓ should mint for amount=1
[FEE] 122033530233282 93988 1001767692
      ✓ should mint for amount=1
[FEE] 122012290654593 93982 1001657281
      ✓ should mint for amount=1
[FEE] 121991892256948 93976 1001553762
      ✓ should mint for amount=1
[FEE] 121972282629561 93970 1001456706
      ✓ should mint for amount=1
[FEE] 121954710293454 93965 1001365709
      ✓ should mint for amount=1
[FEE] 121939128864740 93961 1001280394
      ✓ should mint for amount=1
[FEE] 121924197032123 93957 1001200406
      ✓ should mint for amount=1
[FEE] 121909874284171 93953 1001125413
      ✓ should mint for amount=1
[FEE] 121897420022900 93950 1001055103
      ✓ should mint for amount=1
[FEE] 121885500978750 93947 1000989184
      ✓ should mint for amount=1
[FEE] 121874083737943 93944 1000927382
      ✓ should mint for amount=1
[FEE] 121863136960832 93941 1000869440
      ✓ should mint for amount=1
[FEE] 121852631259826 93938 1000815117
      ✓ should mint for amount=1
[FEE] 121842539077322 93935 1000764187
      ✓ should mint for amount=1
[FEE] 121832834563671 93932 1000716438
      ✓ should mint for amount=1
[FEE] 121824790551148 93930 1000671672
      ✓ should mint for amount=1
[FEE] 121817087156944 93928 1000629702
      ✓ should mint for amount=1
[FEE] 121809703176933 93926 1000590354
      ✓ should mint for amount=1
[FEE] 121802618747880 93924 1000553465
      ✓ should mint for amount=1
[FEE] 121795814982101 93922 1000518880
      ✓ should mint for amount=1
[FEE] 121789274454280 93920 1000486456
      ✓ should mint for amount=1
[FEE] 121784277409189 93919 1000456058
      ✓ should mint for amount=1
[FEE] 121779511603354 93918 1000427559
      ✓ should mint for amount=1
[FEE] 121773666042485 93916 1000400841
      ✓ should mint for amount=1
[FEE] 121768023774622 93914 1000375792
      ✓ should mint for amount=1
[FEE] 121762572127936 93912 1000352308
      ✓ should mint for amount=1
[FEE] 121758595693760 93911 1000330291
      ✓ should mint for amount=1
[FEE] 121754786799382 93910 1000309650
      ✓ should mint for amount=1
[FEE] 121751134971893 93909 1000290299
      ✓ should mint for amount=1
[FEE] 121747630347402 93908 1000272157
      ✓ should mint for amount=1
[FEE] 121744263792718 93907 1000255149
      ✓ should mint for amount=1
[FEE] 121741026540173 93906 1000239203
      ✓ should mint for amount=1
[FEE] 121737910674448 93905 1000224254
      ✓ should mint for amount=1
[FEE] 121736204900157 93905 1000210239
      ✓ should mint for amount=1
[FEE] 121734605744366 93905 1000197100
      ✓ should mint for amount=1
[FEE] 121733106512991 93905 1000184782
      ✓ should mint for amount=1
[FEE] 121730404670576 93904 1000173234
      ✓ should mint for amount=1
[FEE] 121727790609581 93903 1000162407
      ✓ should mint for amount=1
[FEE] 121725258972107 93902 1000152257
      ✓ should mint for amount=1
[FEE] 121724100810881 93902 1000142741
      ✓ should mint for amount=1
[FEE] 121720422510898 93900 1000133820
      ✓ should mint for amount=1
[FEE] 121716812044925 93898 1000125456
      ✓ should mint for amount=1
[FEE] 121715857783120 93898 1000117615
      ✓ should mint for amount=1
[FEE] 121714963155071 93898 1000110264
      ✓ should mint for amount=1
[FEE] 121714124509732 93898 1000103373
      ✓ should mint for amount=1
[FEE] 121713338196057 93898 1000096912
      ✓ should mint for amount=1
[FEE] 121712601049806 93898 1000090855
      ✓ should mint for amount=1
[FEE] 121711910028440 93898 1000085177
      ✓ should mint for amount=1
[FEE] 121709965882238 93897 1000079853
      ✓ should mint for amount=1
[FEE] 121709358476301 93897 1000074862
      ✓ should mint for amount=1
[FEE] 121708789040842 93897 1000070183
      ✓ should mint for amount=1
[FEE] 121708255263555 93897 1000065797
      ✓ should mint for amount=1
[FEE] 121707754832136 93897 1000061685
      ✓ should mint for amount=1
[FEE] 121707285677681 93897 1000057830
      ✓ should mint for amount=1
[FEE] 121706845852986 93897 1000054216
      ✓ should mint for amount=1
[FEE] 121706433532547 93897 1000050828
      ✓ should mint for amount=1
[FEE] 121706046890860 93897 1000047651
      ✓ should mint for amount=1
[FEE] 121705684467522 93897 1000044673
      ✓ should mint for amount=1
[FEE] 121705344680430 93897 1000041881
      ✓ should mint for amount=1
[FEE] 121705026069181 93897 1000039263
      ✓ should mint for amount=1
[FEE] 121704727416773 93897 1000036809
      ✓ should mint for amount=1
[FEE] 121704447384503 93897 1000034508
      ✓ should mint for amount=1
[FEE] 121704184877069 93897 1000032351
      ✓ should mint for amount=1
[FEE] 121703938799168 93897 1000030329
      ✓ should mint for amount=1
[FEE] 121703708055498 93897 1000028433
      ✓ should mint for amount=1
[FEE] 121703491794158 93897 1000026656
      ✓ should mint for amount=1
[FEE] 121703289041545 93897 1000024990
      ✓ should mint for amount=1
[FEE] 121701802811708 93896 1000023428
      ✓ should mint for amount=1
[FEE] 121701624644442 93896 1000021964
      ✓ should mint for amount=1
[FEE] 121701457551782 93896 1000020591
      ✓ should mint for amount=1
[FEE] 121701300925231 93896 1000019304
      ✓ should mint for amount=1
[FEE] 121701154156295 93896 1000018098
      ✓ should mint for amount=1
[FEE] 121701016514781 93896 1000016967
      ✓ should mint for amount=1
[FEE] 121700887513892 93896 1000015907
      ✓ should mint for amount=1
[FEE] 121699470422120 93895 1000014913
      ✓ should mint for amount=1
[FEE] 121699356999905 93895 1000013981
      ✓ should mint for amount=1
[FEE] 121699250636154 93895 1000013107
      ✓ should mint for amount=1
[FEE] 121699150965774 93895 1000012288
      ✓ should mint for amount=1
[FEE] 121699057501975 93895 1000011520
      ✓ should mint for amount=1
[FEE] 121698969879663 93895 1000010800
      ✓ should mint for amount=1
[FEE] 121698887733745 93895 1000010125
      ✓ should mint for amount=1
[FEE] 121698810699129 93895 1000009492
      ✓ should mint for amount=1
[FEE] 121698738532420 93895 1000008899
      ✓ should mint for amount=1
[FEE] 121697374754024 93894 1000008343
      ✓ should mint for amount=1
[FEE] 121697311350221 93894 1000007822
      ✓ should mint for amount=1
[FEE] 121697251840701 93894 1000007333
      ✓ should mint for amount=1
[FEE] 121695899991173 93893 1000006875
      ✓ should mint for amount=1
[FEE] 121695847662295 93893 1000006445
      ✓ should mint for amount=1
[FEE] 121695798619185 93893 1000006042
      ✓ should mint for amount=1
[FEE] 121695752618451 93893 1000005664
      ✓ should mint for amount=1
[FEE] 121694413427831 93892 1000005310
      ✓ should mint for amount=1
[FEE] 121694373025500 93892 1000004978
      ✓ should mint for amount=1
[FEE] 121694335178738 93892 1000004667
      ✓ should mint for amount=1
[FEE] 121694299644158 93892 1000004375
      ✓ should mint for amount=1
[FEE] 121692970312758 93891 1000004102
      ✓ should mint for amount=1
[FEE] 121691643050815 93890 1000003846
      ✓ should mint for amount=1
[FEE] 121691613844933 93890 1000003606
      ✓ should mint for amount=1
[FEE] 121691586464419 93890 1000003381
      ✓ should mint for amount=1
[FEE] 121690264679786 93889 1000003170
      ✓ should mint for amount=1
[FEE] 121688944477653 93888 1000002972
      ✓ should mint for amount=1
[FEE] 121690217950873 93889 1000002786
      ✓ should mint for amount=1
[FEE] 121691492883905 93890 1000002612
      ✓ should mint for amount=1
[FEE] 121690176941384 93889 1000002449
      ✓ should mint for amount=1
[FEE] 121690158322832 93889 1000002296
      ✓ should mint for amount=1
[FEE] 121691437027656 93890 1000002153
      ✓ should mint for amount=1
[FEE] 121691420599347 93890 1000002018
      ✓ should mint for amount=1
[FEE] 121690109160121 93889 1000001892
      ✓ should mint for amount=1
[FEE] 121690094800716 93889 1000001774
      ✓ should mint for amount=1
[FEE] 121688785187298 93888 1000001663
      ✓ should mint for amount=1
[FEE] 121687476425979 93887 1000001559
      ✓ should mint for amount=1
[FEE] 121688760727893 93888 1000001462
      ✓ should mint for amount=1
[FEE] 121690045759694 93889 1000001371
      ✓ should mint for amount=1
[FEE] 121691331399716 93890 1000001285
      ✓ should mint for amount=1
[FEE] 121691321664422 93890 1000001205
      ✓ should mint for amount=1
[FEE] 121690016432433 93889 1000001130
      ✓ should mint for amount=1
[FEE] 121688711687394 93888 1000001059
      ✓ should mint for amount=1
[FEE] 121687407550975 93887 1000000993
      ✓ should mint for amount=1
[FEE] 121687400006363 93887 1000000931
      ✓ should mint for amount=1
[FEE] 121686096843684 93886 1000000873
      ✓ should mint for amount=1
[FEE] 121686090150954 93886 1000000818
      ✓ should mint for amount=1
[FEE] 121687380049648 93887 1000000767
      ✓ should mint for amount=1
[FEE] 121688670313276 93888 1000000719
      ✓ should mint for amount=1
[FEE] 121688664837290 93888 1000000674
      ✓ should mint for amount=1
[FEE] 121687363621865 93887 1000000632
      ✓ should mint for amount=1
[FEE] 121688654980514 93888 1000000593
      ✓ should mint for amount=1
[FEE] 121688650478037 93888 1000000556
      ✓ should mint for amount=1
[FEE] 121689942323297 93889 1000000521
      ✓ should mint for amount=1
[FEE] 121691234411849 93890 1000000488
      ✓ should mint for amount=1
[FEE] 121691230761114 93890 1000000458
      ✓ should mint for amount=1
[FEE] 121689931127828 93889 1000000429
      ✓ should mint for amount=1
[FEE] 121691223946408 93890 1000000402
      ✓ should mint for amount=1
[FEE] 121691220904129 93890 1000000377
      ✓ should mint for amount=1
[FEE] 121691217983541 93890 1000000353
      ✓ should mint for amount=1
[FEE] 121691215306335 93890 1000000331
      ✓ should mint for amount=1
[FEE] 121689916646733 93889 1000000310
      ✓ should mint for amount=1
[FEE] 121691210438688 93890 1000000291
      ✓ should mint for amount=1
[FEE] 121691208248247 93890 1000000273
      ✓ should mint for amount=1
[FEE] 121691206179497 93890 1000000256
      ✓ should mint for amount=1
[FEE] 121691204232438 93890 1000000240
      ✓ should mint for amount=1
[FEE] 121691202407070 93890 1000000225
      ✓ should mint for amount=1
[FEE] 121691200703394 93890 1000000211
      ✓ should mint for amount=1
[FEE] 121689903017466 93889 1000000198
      ✓ should mint for amount=1
[FEE] 121688605453261 93888 1000000186
      ✓ should mint for amount=1
[FEE] 121689900096909 93889 1000000174
      ✓ should mint for amount=1
[FEE] 121691194862217 93890 1000000163
      ✓ should mint for amount=1
[FEE] 121691193645306 93890 1000000153
      ✓ should mint for amount=1
[FEE] 121691192428394 93890 1000000143
      ✓ should mint for amount=1
[FEE] 121691191333173 93890 1000000134
      ✓ should mint for amount=1
[FEE] 121691190359644 93890 1000000126
      ✓ should mint for amount=1
[FEE] 121691189386114 93890 1000000118
      ✓ should mint for amount=1
[FEE] 121691188534276 93890 1000000111
      ✓ should mint for amount=1
[FEE] 121691187682438 93890 1000000104
      ✓ should mint for amount=1
[FEE] 121691186952291 93890 1000000098
      ✓ should mint for amount=1
[FEE] 121689890118339 93889 1000000092
      ✓ should mint for amount=1
[FEE] 121688593284403 93888 1000000086
      ✓ should mint for amount=1
[FEE] 121689888779750 93889 1000000081
      ✓ should mint for amount=1
[FEE] 121691184275085 93890 1000000076
      ✓ should mint for amount=1
[FEE] 121691183666629 93890 1000000071
      ✓ should mint for amount=1
[FEE] 121689887076092 93889 1000000067
      ✓ should mint for amount=1
[FEE] 121688590485566 93888 1000000063
      ✓ should mint for amount=1
[FEE] 121689886102573 93889 1000000059
      ✓ should mint for amount=1
[FEE] 121689885615814 93889 1000000055
      ✓ should mint for amount=1
[FEE] 121688589146991 93888 1000000052
      ✓ should mint for amount=1
[FEE] 121689884885674 93889 1000000049
      ✓ should mint for amount=1
[FEE] 121691180624350 93890 1000000046
      ✓ should mint for amount=1
[FEE] 121691180259276 93890 1000000043
      ✓ should mint for amount=1
[FEE] 121689883790465 93889 1000000040
      ✓ should mint for amount=1
[FEE] 121688587443351 93888 1000000038
      ✓ should mint for amount=1
[FEE] 121689883303706 93889 1000000036
      ✓ should mint for amount=1
[FEE] 121689883060326 93889 1000000034
      ✓ should mint for amount=1
[FEE] 121688586713220 93888 1000000032
      ✓ should mint for amount=1
[FEE] 121689882573567 93889 1000000030
      ✓ should mint for amount=1
[FEE] 121691178433909 93890 1000000028
      ✓ should mint for amount=1
[FEE] 121691178190526 93890 1000000026
      ✓ should mint for amount=1
[FEE] 121689881843427 93889 1000000024
      ✓ should mint for amount=1
[FEE] 121691177825453 93890 1000000023
      ✓ should mint for amount=1
[FEE] 121691177703762 93890 1000000022
      ✓ should mint for amount=1
[FEE] 121691177582070 93890 1000000021
      ✓ should mint for amount=1
[FEE] 121689881356668 93889 1000000020
      ✓ should mint for amount=1
[FEE] 121691177338688 93890 1000000019
      ✓ should mint for amount=1
[FEE] 121691177216997 93890 1000000018
      ✓ should mint for amount=1
[FEE] 121691177095306 93890 1000000017
      ✓ should mint for amount=1
[FEE] 121691176973615 93890 1000000016
      ✓ should mint for amount=1
[FEE] 121691176851923 93890 1000000015
      ✓ should mint for amount=1
[FEE] 121691176730232 93890 1000000014
      ✓ should mint for amount=1
[FEE] 121691176608541 93890 1000000013
      ✓ should mint for amount=1
[FEE] 121691176486850 93890 1000000012
      ✓ should mint for amount=1
[FEE] 121691176365159 93890 1000000011
      ✓ should mint for amount=1
[FEE] 121691176243468 93890 1000000010
      ✓ should mint for amount=1
[FEE] 121691176121776 93890 1000000009
      ✓ should mint for amount=1
[FEE] 121691176000085 93890 1000000008
      ✓ should mint for amount=1
[FEE] 121691176000085 93890 1000000008
      ✓ should mint for amount=1
[FEE] 121691176000085 93890 1000000008
      ✓ should mint for amount=1
[FEE] 121691176000085 93890 1000000008
      ✓ should mint for amount=1
[FEE] 121691176000085 93890 1000000008
      ✓ should mint for amount=1
[FEE] 121691176000085 93890 1000000008
      ✓ should mint for amount=1
[FEE] 121691176000085 93890 1000000008
      ✓ should mint for amount=1
[FEE] 121691176000085 93890 1000000008
      ✓ should mint for amount=1
[FEE] 121691176000085 93890 1000000008
      ✓ should mint for amount=1
[FEE] 121691176000085 93890 1000000008
      ✓ should mint for amount=1
[FEE] 121689879896389 93889 1000000008
      ✓ should mint for amount=1
[FEE] 121691176000085 93890 1000000008
      ✓ should mint for amount=1
[FEE] 121689879896389 93889 1000000008
      ✓ should mint for amount=1
[FEE] 121691176000085 93890 1000000008
      ✓ should mint for amount=1
[FEE] 121691176000085 93890 1000000008
      ✓ should mint for amount=1
[FEE] 121691176000085 93890 1000000008
      ✓ should mint for amount=1
[FEE] 121689879896389 93889 1000000008
      ✓ should mint for amount=1
[FEE] 121689879896389 93889 1000000008
      ✓ should mint for amount=1
[FEE] 121691176000085 93890 1000000008
      ✓ should mint for amount=1
[FEE] 121689879896389 93889 1000000008
      ✓ should mint for amount=1
[FEE] 121688583792694 93888 1000000008
      ✓ should mint for amount=1
[FEE] 121689879896389 93889 1000000008
      ✓ should mint for amount=1
[FEE] 121688583792694 93888 1000000008
      ✓ should mint for amount=1
[FEE] 121688583792694 93888 1000000008
      ✓ should mint for amount=1
[FEE] 121689879896389 93889 1000000008
      ✓ should mint for amount=1
[FEE] 121691176000085 93890 1000000008
      ✓ should mint for amount=1
[FEE] 121691176000085 93890 1000000008
      ✓ should mint for amount=1
[FEE] 121691176000085 93890 1000000008
      ✓ should mint for amount=1
[FEE] 121691176000085 93890 1000000008
      ✓ should mint for amount=1
[FEE] 121691176000085 93890 1000000008
      ✓ should mint for amount=1
[FEE] 121691176000085 93890 1000000008
      ✓ should mint for amount=1
[FEE] 121691176000085 93890 1000000008
      ✓ should mint for amount=1
[FEE] 121691176000085 93890 1000000008
      ✓ should mint for amount=1
[FEE] 121691176000085 93890 1000000008
      ✓ should mint for amount=1
[FEE] 121691176000085 93890 1000000008
      ✓ should mint for amount=1
[FEE] 121691176000085 93890 1000000008
      ✓ should mint for amount=1
[FEE] 121691176000085 93890 1000000008
      ✓ should mint for amount=1
[FEE] 121689879896389 93889 1000000008
      ✓ should mint for amount=1
[FEE] 121691176000085 93890 1000000008
      ✓ should mint for amount=1
[FEE] 121691176000085 93890 1000000008
      ✓ should mint for amount=1
[FEE] 121689879896389 93889 1000000008
      ✓ should mint for amount=1
[FEE] 121688583792694 93888 1000000008
      ✓ should mint for amount=1
[FEE] 121688583792694 93888 1000000008
      ✓ should mint for amount=1
[FEE] 121689879896389 93889 1000000008
      ✓ should mint for amount=1
[FEE] 121689879896389 93889 1000000008
      ✓ should mint for amount=1
[FEE] 121691176000085 93890 1000000008
      ✓ should mint for amount=1
[FEE] 121691176000085 93890 1000000008
      ✓ should mint for amount=1
[FEE] 121691176000085 93890 1000000008
      ✓ should mint for amount=1
[FEE] 121691176000085 93890 1000000008
      ✓ should mint for amount=1
[FEE] 121689879896389 93889 1000000008
      ✓ should mint for amount=1
[FEE] 121689879896389 93889 1000000008
      ✓ should mint for amount=1
[FEE] 121691176000085 93890 1000000008
      ✓ should mint for amount=1
[FEE] 121689879896389 93889 1000000008
      ✓ should mint for amount=1
[FEE] 121691176000085 93890 1000000008
      ✓ should mint for amount=1
[FEE] 121691176000085 93890 1000000008
      ✓ should mint for amount=1
[FEE] 121689879896389 93889 1000000008
      ✓ should mint for amount=1
[FEE] 121689879896389 93889 1000000008
      ✓ should mint for amount=1
[FEE] 121689879896389 93889 1000000008
      ✓ should mint for amount=1
[FEE] 121691176000085 93890 1000000008
      ✓ should mint for amount=1
[FEE] 121691176000085 93890 1000000008
      ✓ should mint for amount=1
[FEE] 121691176000085 93890 1000000008
      ✓ should mint for amount=1
[FEE] 121691176000085 93890 1000000008
      ✓ should mint for amount=1
[FEE] 121691176000085 93890 1000000008
      ✓ should mint for amount=1
[FEE] 121689879896389 93889 1000000008
      ✓ should mint for amount=1
[FEE] 121691176000085 93890 1000000008
      ✓ should mint for amount=1
[FEE] 121689879896389 93889 1000000008
      ✓ should mint for amount=1
[FEE] 121691176000085 93890 1000000008
      ✓ should mint for amount=1
[FEE] 121691176000085 93890 1000000008
      ✓ should mint for amount=1
[FEE] 121691176000085 93890 1000000008
      ✓ should mint for amount=1
[FEE] 121689879896389 93889 1000000008
      ✓ should mint for amount=1
[FEE] 121689879896389 93889 1000000008
      ✓ should mint for amount=1
[FEE] 121689879896389 93889 1000000008
      ✓ should mint for amount=1
[FEE] 121689879896389 93889 1000000008
      ✓ should mint for amount=1
[FEE] 121689879896389 93889 1000000008
      ✓ should mint for amount=1
[FEE] 121691176000085 93890 1000000008
      ✓ should mint for amount=1
[FEE] 121691176000085 93890 1000000008
      ✓ should mint for amount=1
[FEE] 121691176000085 93890 1000000008
      ✓ should mint for amount=1
[FEE] 121691176000085 93890 1000000008
      ✓ should mint for amount=1
[FEE] 121691176000085 93890 1000000008
      ✓ should mint for amount=1
[FEE] 121691176000085 93890 1000000008
      ✓ should mint for amount=1
[FEE] 121691176000085 93890 1000000008
      ✓ should mint for amount=1
[FEE] 121689879896389 93889 1000000008
      ✓ should mint for amount=1
[FEE] 121688583792694 93888 1000000008
      ✓ should mint for amount=1
[FEE] 121689879896389 93889 1000000008
      ✓ should mint for amount=1
[FEE] 121689879896389 93889 1000000008
      ✓ should mint for amount=1
[FEE] 121689879896389 93889 1000000008
      ✓ should mint for amount=1
[FEE] 121691176000085 93890 1000000008
      ✓ should mint for amount=1
[FEE] 121689879896389 93889 1000000008
      ✓ should mint for amount=1
[FEE] 121689879896389 93889 1000000008
      ✓ should mint for amount=1
[FEE] 121689879896389 93889 1000000008
      ✓ should mint for amount=1
[FEE] 121691176000085 93890 1000000008
      ✓ should mint for amount=1

·----------------------------------------|---------------------------|-------------|----------------------------·
|          [90mSolc version: 0.8.17[39m          ·  [90mOptimizer enabled: true[39m  ·  [90mRuns: 200[39m  ·  [90mBlock limit: 8000000 gas[39m  │
·········································|···························|·············|·····························
|  [32m[1mMethods[22m[39m                                                                                                      │
···················|·····················|·············|·············|·············|··············|··············
|  [1mContract[22m        ·  [1mMethod[22m             ·  [32mMin[39m        ·  [32mMax[39m        ·  [32mAvg[39m        ·  [1m# calls[22m     ·  [1musd (avg)[22m  │
···················|·····················|·············|·············|·············|··············|··············
|  [90mXPowerThorTest[39m  ·  init               ·          -  ·          -  ·      67353  ·           [90m1[39m  ·          [32m[90m-[32m[39m  │
···················|·····················|·············|·············|·············|··············|··············
|  [90mXPowerThorTest[39m  ·  mint               ·     [36m121709[39m  ·     [31m229547[39m  ·     125829  ·         [90m383[39m  ·          [32m[90m-[32m[39m  │
···················|·····················|·············|·············|·············|··············|··············
|  [90mXPowerThorTest[39m  ·  transferOwnership  ·          -  ·          -  ·      28656  ·           [90m1[39m  ·          [32m[90m-[32m[39m  │
···················|·····················|·············|·············|·············|··············|··············
|  [32m[1mDeployments[22m[39m                           ·                                         ·  [1m% of limit[22m  ·             │
·········································|·············|·············|·············|··············|··············
|  XPowerThorTest                        ·          -  ·          -  ·    3331941  ·      [90m41.6 %[39m  ·          [32m[90m-[32m[39m  │
·----------------------------------------|-------------|-------------|-------------|--------------|-------------·

  383 passing (22s)

