
> xpower@6.0.0 test-gas
> REPORT_GAS=true npm test ./test/contracts/XPower.fees.1-thor.test.js


> xpower@6.0.0 test
> hardhat test ./test/contracts/XPower.fees.1-thor.test.js


  XPowerThor
    mint
[FEE] 348822982083776 162305 1658186771
      ✓ should mint for amount=1
[FEE] 338640308444929 158029 1653339774
      ✓ should mint for amount=1
[FEE] 328265587460043 154020 1644403880
      ✓ should mint for amount=1
[FEE] 317872734155434 150262 1632166151
      ✓ should mint for amount=1
[FEE] 307592629529877 146739 1617300140
      ✓ should mint for amount=1
[FEE] 297523470906115 143436 1600380757
      ✓ should mint for amount=1
[FEE] 287739508956520 140340 1581897284
      ✓ should mint for amount=1
[FEE] 278288258808621 137436 1562264741
      ✓ should mint for amount=1
[FEE] 269211286750686 134715 1541833803
      ✓ should mint for amount=1
[FEE] 260523476461377 132162 1520899500
      ✓ should mint for amount=1
[FEE] 252244073800971 129770 1499708737
      ✓ should mint for amount=1
[FEE] 244375076085998 127528 1478466933
      ✓ should mint for amount=1
[FEE] 236913231742239 125426 1457343738
      ✓ should mint for amount=1
[FEE] 229851543629250 123455 1436478054
      ✓ should mint for amount=1
[FEE] 223182298163499 121608 1415982395
      ✓ should mint for amount=1
[FEE] 216890644077834 119876 1395946679
      ✓ should mint for amount=1
[FEE] 210962860431161 118252 1376441522
      ✓ should mint for amount=1
[FEE] 205385046306773 116730 1357521102
      ✓ should mint for amount=1
[FEE] 200140098141147 115303 1339225641
      ✓ should mint for amount=1
[FEE] 195211710523079 113965 1321583557
      ✓ should mint for amount=1
[FEE] 190584623477423 112711 1304613325
      ✓ should mint for amount=1
[FEE] 186241465850300 111535 1288325088
      ✓ should mint for amount=1
[FEE] 182166389082750 110432 1272722045
      ✓ should mint for amount=1
[FEE] 178346773616388 109399 1257801648
      ✓ should mint for amount=1
[FEE] 174765125576766 108430 1243556638
      ✓ should mint for amount=1
[FEE] 171409026871964 107522 1229975922
      ✓ should mint for amount=1
[FEE] 168263065421682 106670 1217045335
      ✓ should mint for amount=1
[FEE] 165315310898849 105871 1204748287
      ✓ should mint for amount=1
[FEE] 162555652419040 105123 1193066314
      ✓ should mint for amount=1
[FEE] 159969635840647 104421 1181979550
      ✓ should mint for amount=1
[FEE] 157546291237854 103762 1171467122
      ✓ should mint for amount=1
[FEE] 155278003543283 103145 1161507485
      ✓ should mint for amount=1
[FEE] 153154424487677 102567 1152078705
      ✓ should mint for amount=1
[FEE] 151165565067467 102025 1143158692
      ✓ should mint for amount=1
[FEE] 149301790577660 101516 1134725393
      ✓ should mint for amount=1
[FEE] 147558193924394 101040 1126756956
      ✓ should mint for amount=1
[FEE] 145925733819911 100594 1119231856
      ✓ should mint for amount=1
[FEE] 144394259680751 100174 1112129004
      ✓ should mint for amount=1
[FEE] 142959703259237 99780 1105427827
      ✓ should mint for amount=1
[FEE] 141618195794277 99412 1099108333
      ✓ should mint for amount=1
[FEE] 140361815956134 99067 1093151163
      ✓ should mint for amount=1
[FEE] 139185742724534 98744 1087537622
      ✓ should mint for amount=1
[FEE] 138083961613492 98441 1082249705
      ✓ should mint for amount=1
[FEE] 137052080808807 98157 1077270114
      ✓ should mint for amount=1
[FEE] 136084506939436 97890 1072582261
      ✓ should mint for amount=1
[FEE] 135177233790477 97639 1068170271
      ✓ should mint for amount=1
[FEE] 134329181704113 97405 1064018975
      ✓ should mint for amount=1
[FEE] 133533894175428 97185 1060113902
      ✓ should mint for amount=1
[FEE] 132790584177299 96980 1056441264
      ✓ should mint for amount=1
[FEE] 132093112107952 96787 1052987942
      ✓ should mint for amount=1
[FEE] 131439590865856 96606 1049741466
      ✓ should mint for amount=1
[FEE] 130828243361910 96437 1046689995
      ✓ should mint for amount=1
[FEE] 130254691765144 96278 1043822298
      ✓ should mint for amount=1
[FEE] 129717384535186 96129 1041127729
      ✓ should mint for amount=1
[FEE] 129214862388279 95990 1038596207
      ✓ should mint for amount=1
[FEE] 128743067122297 95859 1036218190
      ✓ should mint for amount=1
[FEE] 128299386691460 95735 1033984654
      ✓ should mint for amount=1
[FEE] 127885308624440 95620 1031887071
      ✓ should mint for amount=1
[FEE] 127497031664179 95512 1029917385
      ✓ should mint for amount=1
[FEE] 127133507913307 95411 1028067990
      ✓ should mint for amount=1
[FEE] 126791092554184 95315 1026331708
      ✓ should mint for amount=1
[FEE] 126471530293084 95226 1024701769
      ✓ should mint for amount=1
[FEE] 126172626699138 95143 1023171790
      ✓ should mint for amount=1
[FEE] 125890924003307 95064 1021735755
      ✓ should mint for amount=1
[FEE] 125628318128177 94991 1020387995
      ✓ should mint for amount=1
[FEE] 125382774943496 94923 1019123172
      ✓ should mint for amount=1
[FEE] 125152310640591 94859 1017936260
      ✓ should mint for amount=1
[FEE] 124936305953145 94799 1016822527
      ✓ should mint for amount=1
[FEE] 124732863242306 94742 1015777521
      ✓ should mint for amount=1
[FEE] 124542756271154 94689 1014797053
      ✓ should mint for amount=1
[FEE] 124365473196991 94640 1013877183
      ✓ should mint for amount=1
[FEE] 124197908095737 94593 1013014207
      ✓ should mint for amount=1
[FEE] 124039616793061 94548 1012204640
      ✓ should mint for amount=1
[FEE] 123892804619669 94507 1011445209
      ✓ should mint for amount=1
[FEE] 123755764877379 94469 1010732836
      ✓ should mint for amount=1
[FEE] 123625510036369 94432 1010064629
      ✓ should mint for amount=1
[FEE] 123504315399870 94398 1009437871
      ✓ should mint for amount=1
[FEE] 123390548346972 94366 1008850009
      ✓ should mint for amount=1
[FEE] 123283906387061 94336 1008298646
      ✓ should mint for amount=1
[FEE] 123184105706216 94308 1007781530
      ✓ should mint for amount=1
[FEE] 123090880103049 94282 1007296546
      ✓ should mint for amount=1
[FEE] 123002674960427 94257 1006841708
      ✓ should mint for amount=1
[FEE] 122920562458880 94234 1006415153
      ✓ should mint for amount=1
[FEE] 122844322937581 94213 1006015130
      ✓ should mint for amount=1
[FEE] 122772447241654 94193 1005639997
      ✓ should mint for amount=1
[FEE] 122706046597170 94175 1005288211
      ✓ should mint for amount=1
[FEE] 122643637634593 94158 1004958326
      ✓ should mint for amount=1
[FEE] 122585051679347 94142 1004648982
      ✓ should mint for amount=1
[FEE] 122528829193506 94126 1004358906
      ✓ should mint for amount=1
[FEE] 122476124373433 94111 1004086901
      ✓ should mint for amount=1
[FEE] 122428099217170 94098 1003831844
      ✓ should mint for amount=1
[FEE] 122382021076473 94085 1003592683
      ✓ should mint for amount=1
[FEE] 122339069153407 94073 1003368430
      ✓ should mint for amount=1
[FEE] 122299128744116 94062 1003158157
      ✓ should mint for amount=1
[FEE] 122262092622855 94052 1002960996
      ✓ should mint for amount=1
[FEE] 122225260525786 94041 1002776130
      ✓ should mint for amount=1
[FEE] 122191138490506 94031 1002602795
      ✓ should mint for amount=1
[FEE] 122160937042240 94023 1002440272
      ✓ should mint for amount=1
[FEE] 122130675364769 94014 1002287888
      ✓ should mint for amount=1
[FEE] 122101575699273 94005 1002145012
      ✓ should mint for amount=1
[FEE] 122076163010950 93998 1002011052
      ✓ should mint for amount=1
[FEE] 122053069733419 93992 1001885452
      ✓ should mint for amount=1
[FEE] 122030933321871 93986 1001767691
      ✓ should mint for amount=1
[FEE] 122008395777706 93979 1001657280
      ✓ should mint for amount=1
[FEE] 121989295900104 93974 1001553761
      ✓ should mint for amount=1
[FEE] 121970984516040 93969 1001456705
      ✓ should mint for amount=1
[FEE] 121952114424096 93963 1001365708
      ✓ should mint for amount=1
[FEE] 121936533216541 93959 1001280393
      ✓ should mint for amount=1
[FEE] 121921601591275 93955 1001200405
      ✓ should mint for amount=1
[FEE] 121905981475390 93950 1001125412
      ✓ should mint for amount=1
[FEE] 121893527487510 93947 1001055102
      ✓ should mint for amount=1
[FEE] 121881608699678 93944 1000989183
      ✓ should mint for amount=1
[FEE] 121870191699179 93941 1000927381
      ✓ should mint for amount=1
[FEE] 121859245147370 93938 1000869439
      ✓ should mint for amount=1
[FEE] 121847442497432 93934 1000815116
      ✓ should mint for amount=1
[FEE] 121837350578974 93931 1000764186
      ✓ should mint for amount=1
[FEE] 121828943345139 93929 1000716437
      ✓ should mint for amount=1
[FEE] 121820899506683 93927 1000671671
      ✓ should mint for amount=1
[FEE] 121813196397411 93925 1000629702
      ✓ should mint for amount=1
[FEE] 121805812570397 93923 1000590354
      ✓ should mint for amount=1
[FEE] 121798728284779 93921 1000553465
      ✓ should mint for amount=1
[FEE] 121791924653478 93919 1000518880
      ✓ should mint for amount=1
[FEE] 121785384251732 93917 1000486456
      ✓ should mint for amount=1
[FEE] 121779090630054 93915 1000456058
      ✓ should mint for amount=1
[FEE] 121774324971969 93914 1000427559
      ✓ should mint for amount=1
[FEE] 121769776172834 93913 1000400841
      ✓ should mint for amount=1
[FEE] 121765430593120 93912 1000375792
      ✓ should mint for amount=1
[FEE] 121761275567623 93911 1000352308
      ✓ should mint for amount=1
[FEE] 121756002630206 93909 1000330291
      ✓ should mint for amount=1
[FEE] 121752193789334 93908 1000309650
      ✓ should mint for amount=1
[FEE] 121747245532064 93906 1000290299
      ✓ should mint for amount=1
[FEE] 121743740978115 93905 1000272157
      ✓ should mint for amount=1
[FEE] 121739078055178 93903 1000255149
      ✓ should mint for amount=1
[FEE] 121737137299021 93903 1000239203
      ✓ should mint for amount=1
[FEE] 121732725097081 93901 1000224254
      ✓ should mint for amount=1
[FEE] 121729723019272 93900 1000210239
      ✓ should mint for amount=1
[FEE] 121726827589481 93899 1000197100
      ✓ should mint for amount=1
[FEE] 121725328453898 93899 1000184782
      ✓ should mint for amount=1
[FEE] 121723923029502 93899 1000173234
      ✓ should mint for amount=1
[FEE] 121722605352854 93899 1000162407
      ✓ should mint for amount=1
[FEE] 121721370069029 93899 1000152257
      ✓ should mint for amount=1
[FEE] 121720211944803 93899 1000142741
      ✓ should mint for amount=1
[FEE] 121719126233768 93899 1000133820
      ✓ should mint for amount=1
[FEE] 121718108311215 93899 1000125456
      ✓ should mint for amount=1
[FEE] 121717154039247 93899 1000117615
      ✓ should mint for amount=1
[FEE] 121716259401670 93899 1000110264
      ✓ should mint for amount=1
[FEE] 121715420747400 93899 1000103373
      ✓ should mint for amount=1
[FEE] 121714634425351 93899 1000096912
      ✓ should mint for amount=1
[FEE] 121713897271249 93899 1000090855
      ✓ should mint for amount=1
[FEE] 121713206242524 93899 1000085177
      ✓ should mint for amount=1
[FEE] 121712558296604 93899 1000079853
      ✓ should mint for amount=1
[FEE] 121711950877730 93899 1000074862
      ✓ should mint for amount=1
[FEE] 121710085235492 93898 1000070183
      ✓ should mint for amount=1
[FEE] 121708255263555 93897 1000065797
      ✓ should mint for amount=1
[FEE] 121706458648501 93896 1000061685
      ✓ should mint for amount=1
[FEE] 121705989499042 93896 1000057830
      ✓ should mint for amount=1
[FEE] 121705549679031 93896 1000054216
      ✓ should mint for amount=1
[FEE] 121705137362983 93896 1000050828
      ✓ should mint for amount=1
[FEE] 121704750725413 93896 1000047651
      ✓ should mint for amount=1
[FEE] 121704388305935 93896 1000044673
      ✓ should mint for amount=1
[FEE] 121704048522462 93896 1000041881
      ✓ should mint for amount=1
[FEE] 121702433760033 93895 1000039263
      ✓ should mint for amount=1
[FEE] 121702135113986 93895 1000036809
      ✓ should mint for amount=1
[FEE] 121701855087681 93895 1000034508
      ✓ should mint for amount=1
[FEE] 121701592585838 93895 1000032351
      ✓ should mint for amount=1
[FEE] 121700050370183 93894 1000030329
      ✓ should mint for amount=1
[FEE] 121699819633886 93894 1000028433
      ✓ should mint for amount=1
[FEE] 121699603379455 93894 1000026656
      ✓ should mint for amount=1
[FEE] 121699400633320 93894 1000024990
      ✓ should mint for amount=1
[FEE] 121697914409556 93893 1000023428
      ✓ should mint for amount=1
[FEE] 121697736247983 93893 1000021964
      ✓ should mint for amount=1
[FEE] 121696273030288 93892 1000020591
      ✓ should mint for amount=1
[FEE] 121696116410409 93892 1000019304
      ✓ should mint for amount=1
[FEE] 121695969647726 93892 1000018098
      ✓ should mint for amount=1
[FEE] 121694535886399 93891 1000016967
      ✓ should mint for amount=1
[FEE] 121694406892379 93891 1000015907
      ✓ should mint for amount=1
[FEE] 121694285930063 93891 1000014913
      ✓ should mint for amount=1
[FEE] 121694172512680 93891 1000013981
      ✓ should mint for amount=1
[FEE] 121692770032787 93890 1000013107
      ✓ should mint for amount=1
[FEE] 121692670367714 93890 1000012288
      ✓ should mint for amount=1
[FEE] 121692576908892 93890 1000011520
      ✓ should mint for amount=1
[FEE] 121692489291246 93890 1000010800
      ✓ should mint for amount=1
[FEE] 121692407149703 93890 1000010125
      ✓ should mint for amount=1
[FEE] 121692330119189 93890 1000009492
      ✓ should mint for amount=1
[FEE] 121690961841103 93889 1000008899
      ✓ should mint for amount=1
[FEE] 121689598067031 93888 1000008343
      ✓ should mint for amount=1
[FEE] 121690830781103 93889 1000007822
      ✓ should mint for amount=1
[FEE] 121692067387942 93890 1000007333
      ✓ should mint for amount=1
[FEE] 121692011653384 93890 1000006875
      ✓ should mint for amount=1
[FEE] 121690663214140 93889 1000006445
      ✓ should mint for amount=1
[FEE] 121690614173119 93889 1000006042
      ✓ should mint for amount=1
[FEE] 121691864285371 93890 1000005664
      ✓ should mint for amount=1
[FEE] 121691821206695 93890 1000005310
      ✓ should mint for amount=1
[FEE] 121690484695088 93889 1000004978
      ✓ should mint for amount=1
[FEE] 121691742959270 93890 1000004667
      ✓ should mint for amount=1
[FEE] 121691707425446 93890 1000004375
      ✓ should mint for amount=1
[FEE] 121691674203756 93890 1000004102
      ✓ should mint for amount=1
[FEE] 121690346942145 93889 1000003846
      ✓ should mint for amount=1
[FEE] 121691613844933 93890 1000003606
      ✓ should mint for amount=1
[FEE] 121691586464419 93890 1000003381
      ✓ should mint for amount=1
[FEE] 121691560787581 93890 1000003170
      ✓ should mint for amount=1
[FEE] 121690240585190 93889 1000002972
      ✓ should mint for amount=1
[FEE] 121691514058169 93890 1000002786
      ✓ should mint for amount=1
[FEE] 121691492883905 93890 1000002612
      ✓ should mint for amount=1
[FEE] 121691473048243 93890 1000002449
      ✓ should mint for amount=1
[FEE] 121690158322832 93889 1000002296
      ✓ should mint for amount=1
[FEE] 121691437027656 93890 1000002153
      ✓ should mint for amount=1
[FEE] 121691420599347 93890 1000002018
      ✓ should mint for amount=1
[FEE] 121691405266259 93890 1000001892
      ✓ should mint for amount=1
[FEE] 121691390906700 93890 1000001774
      ✓ should mint for amount=1
[FEE] 121691377398980 93890 1000001663
      ✓ should mint for amount=1
[FEE] 121691364743098 93890 1000001559
      ✓ should mint for amount=1
[FEE] 121691352939054 93890 1000001462
      ✓ should mint for amount=1
[FEE] 121691341865157 93890 1000001371
      ✓ should mint for amount=1
[FEE] 121691331399716 93890 1000001285
      ✓ should mint for amount=1
[FEE] 121690025559174 93889 1000001205
      ✓ should mint for amount=1
[FEE] 121688720327283 93888 1000001130
      ✓ should mint for amount=1
[FEE] 121687415582336 93887 1000001059
      ✓ should mint for amount=1
[FEE] 121686111446003 93886 1000000993
      ✓ should mint for amount=1
[FEE] 121686103901471 93886 1000000931
      ✓ should mint for amount=1
[FEE] 121686096843684 93886 1000000873
      ✓ should mint for amount=1
[FEE] 121686090150954 93886 1000000818
      ✓ should mint for amount=1
[FEE] 121687380049648 93887 1000000767
      ✓ should mint for amount=1
[FEE] 121688670313276 93888 1000000719
      ✓ should mint for amount=1
[FEE] 121687368732731 93887 1000000674
      ✓ should mint for amount=1
[FEE] 121688659726369 93888 1000000632
      ✓ should mint for amount=1
[FEE] 121689951084969 93889 1000000593
      ✓ should mint for amount=1
[FEE] 121689946582443 93889 1000000556
      ✓ should mint for amount=1
[FEE] 121689942323297 93889 1000000521
      ✓ should mint for amount=1
[FEE] 121689938307531 93889 1000000488
      ✓ should mint for amount=1
[FEE] 121691230761114 93890 1000000458
      ✓ should mint for amount=1
[FEE] 121691227232070 93890 1000000429
      ✓ should mint for amount=1
[FEE] 121691223946408 93890 1000000402
      ✓ should mint for amount=1
[FEE] 121691220904129 93890 1000000377
      ✓ should mint for amount=1
[FEE] 121691217983541 93890 1000000353
      ✓ should mint for amount=1
[FEE] 121689919202220 93889 1000000331
      ✓ should mint for amount=1
[FEE] 121688620542646 93888 1000000310
      ✓ should mint for amount=1
[FEE] 121687322126500 93887 1000000291
      ✓ should mint for amount=1
[FEE] 121687319936129 93887 1000000273
      ✓ should mint for amount=1
[FEE] 121686021763428 93886 1000000256
      ✓ should mint for amount=1
[FEE] 121687315920448 93887 1000000240
      ✓ should mint for amount=1
[FEE] 121688610199116 93888 1000000225
      ✓ should mint for amount=1
[FEE] 121688608495476 93888 1000000211
      ✓ should mint for amount=1
[FEE] 121688606913524 93888 1000000198
      ✓ should mint for amount=1
[FEE] 121689901557188 93889 1000000186
      ✓ should mint for amount=1
[FEE] 121689900096909 93889 1000000174
      ✓ should mint for amount=1
[FEE] 121691194862217 93890 1000000163
      ✓ should mint for amount=1
[FEE] 121691193645306 93890 1000000153
      ✓ should mint for amount=1
[FEE] 121691192428394 93890 1000000143
      ✓ should mint for amount=1
[FEE] 121689895229314 93889 1000000134
      ✓ should mint for amount=1
[FEE] 121689894255795 93889 1000000126
      ✓ should mint for amount=1
[FEE] 121688597178438 93888 1000000118
      ✓ should mint for amount=1
[FEE] 121689892430447 93889 1000000111
      ✓ should mint for amount=1
[FEE] 121691187682438 93890 1000000104
      ✓ should mint for amount=1
[FEE] 121689890848478 93889 1000000098
      ✓ should mint for amount=1
[FEE] 121691186222144 93890 1000000092
      ✓ should mint for amount=1
[FEE] 121691185491997 93890 1000000086
      ✓ should mint for amount=1
[FEE] 121689888779750 93889 1000000081
      ✓ should mint for amount=1
[FEE] 121691184275085 93890 1000000076
      ✓ should mint for amount=1
[FEE] 121691183666629 93890 1000000071
      ✓ should mint for amount=1
[FEE] 121691183179864 93890 1000000067
      ✓ should mint for amount=1
[FEE] 121691182693100 93890 1000000063
      ✓ should mint for amount=1
[FEE] 121691182206335 93890 1000000059
      ✓ should mint for amount=1
[FEE] 121689885615814 93889 1000000055
      ✓ should mint for amount=1
[FEE] 121691181354497 93890 1000000052
      ✓ should mint for amount=1
[FEE] 121689884885674 93889 1000000049
      ✓ should mint for amount=1
[FEE] 121689884520605 93889 1000000046
      ✓ should mint for amount=1
[FEE] 121689884155535 93889 1000000043
      ✓ should mint for amount=1
[FEE] 121691179894203 93890 1000000040
      ✓ should mint for amount=1
[FEE] 121691179650820 93890 1000000038
      ✓ should mint for amount=1
[FEE] 121691179407438 93890 1000000036
      ✓ should mint for amount=1
[FEE] 121691179164056 93890 1000000034
      ✓ should mint for amount=1
[FEE] 121691178920673 93890 1000000032
      ✓ should mint for amount=1
[FEE] 121691178677291 93890 1000000030
      ✓ should mint for amount=1
[FEE] 121689882330187 93889 1000000028
      ✓ should mint for amount=1
[FEE] 121689882086807 93889 1000000026
      ✓ should mint for amount=1
[FEE] 121691177947144 93890 1000000024
      ✓ should mint for amount=1
[FEE] 121691177825453 93890 1000000023
      ✓ should mint for amount=1
[FEE] 121691177703762 93890 1000000022
      ✓ should mint for amount=1
[FEE] 121689881478358 93889 1000000021
      ✓ should mint for amount=1
[FEE] 121689881356668 93889 1000000020
      ✓ should mint for amount=1
[FEE] 121691177338688 93890 1000000019
      ✓ should mint for amount=1
[FEE] 121691177216997 93890 1000000018
      ✓ should mint for amount=1
[FEE] 121691177095306 93890 1000000017
      ✓ should mint for amount=1
[FEE] 121691176973615 93890 1000000016
      ✓ should mint for amount=1
[FEE] 121691176851923 93890 1000000015
      ✓ should mint for amount=1
[FEE] 121689880626529 93889 1000000014
      ✓ should mint for amount=1
[FEE] 121689880504839 93889 1000000013
      ✓ should mint for amount=1
[FEE] 121691176486850 93890 1000000012
      ✓ should mint for amount=1
[FEE] 121691176365159 93890 1000000011
      ✓ should mint for amount=1
[FEE] 121691176243468 93890 1000000010
      ✓ should mint for amount=1
[FEE] 121691176121776 93890 1000000009
      ✓ should mint for amount=1
[FEE] 121691176000085 93890 1000000008
      ✓ should mint for amount=1
[FEE] 121691176000085 93890 1000000008
      ✓ should mint for amount=1
[FEE] 121691176000085 93890 1000000008
      ✓ should mint for amount=1
[FEE] 121691176000085 93890 1000000008
      ✓ should mint for amount=1
[FEE] 121691176000085 93890 1000000008
      ✓ should mint for amount=1
[FEE] 121691176000085 93890 1000000008
      ✓ should mint for amount=1
[FEE] 121691176000085 93890 1000000008
      ✓ should mint for amount=1
[FEE] 121691176000085 93890 1000000008
      ✓ should mint for amount=1
[FEE] 121691176000085 93890 1000000008
      ✓ should mint for amount=1
[FEE] 121691176000085 93890 1000000008
      ✓ should mint for amount=1
[FEE] 121689879896389 93889 1000000008
      ✓ should mint for amount=1
[FEE] 121688583792694 93888 1000000008
      ✓ should mint for amount=1
[FEE] 121688583792694 93888 1000000008
      ✓ should mint for amount=1
[FEE] 121689879896389 93889 1000000008
      ✓ should mint for amount=1
[FEE] 121688583792694 93888 1000000008
      ✓ should mint for amount=1
[FEE] 121688583792694 93888 1000000008
      ✓ should mint for amount=1
[FEE] 121689879896389 93889 1000000008
      ✓ should mint for amount=1
[FEE] 121691176000085 93890 1000000008
      ✓ should mint for amount=1
[FEE] 121691176000085 93890 1000000008
      ✓ should mint for amount=1
[FEE] 121691176000085 93890 1000000008
      ✓ should mint for amount=1
[FEE] 121691176000085 93890 1000000008
      ✓ should mint for amount=1
[FEE] 121691176000085 93890 1000000008
      ✓ should mint for amount=1
[FEE] 121689879896389 93889 1000000008
      ✓ should mint for amount=1
[FEE] 121691176000085 93890 1000000008
      ✓ should mint for amount=1
[FEE] 121691176000085 93890 1000000008
      ✓ should mint for amount=1
[FEE] 121691176000085 93890 1000000008
      ✓ should mint for amount=1
[FEE] 121689879896389 93889 1000000008
      ✓ should mint for amount=1
[FEE] 121691176000085 93890 1000000008
      ✓ should mint for amount=1
[FEE] 121691176000085 93890 1000000008
      ✓ should mint for amount=1
[FEE] 121691176000085 93890 1000000008
      ✓ should mint for amount=1
[FEE] 121691176000085 93890 1000000008
      ✓ should mint for amount=1
[FEE] 121691176000085 93890 1000000008
      ✓ should mint for amount=1
[FEE] 121691176000085 93890 1000000008
      ✓ should mint for amount=1
[FEE] 121691176000085 93890 1000000008
      ✓ should mint for amount=1
[FEE] 121689879896389 93889 1000000008
      ✓ should mint for amount=1
[FEE] 121689879896389 93889 1000000008
      ✓ should mint for amount=1
[FEE] 121691176000085 93890 1000000008
      ✓ should mint for amount=1
[FEE] 121691176000085 93890 1000000008
      ✓ should mint for amount=1
[FEE] 121691176000085 93890 1000000008
      ✓ should mint for amount=1
[FEE] 121691176000085 93890 1000000008
      ✓ should mint for amount=1
[FEE] 121691176000085 93890 1000000008
      ✓ should mint for amount=1
[FEE] 121691176000085 93890 1000000008
      ✓ should mint for amount=1
[FEE] 121691176000085 93890 1000000008
      ✓ should mint for amount=1
[FEE] 121689879896389 93889 1000000008
      ✓ should mint for amount=1
[FEE] 121689879896389 93889 1000000008
      ✓ should mint for amount=1
[FEE] 121688583792694 93888 1000000008
      ✓ should mint for amount=1
[FEE] 121689879896389 93889 1000000008
      ✓ should mint for amount=1
[FEE] 121691176000085 93890 1000000008
      ✓ should mint for amount=1
[FEE] 121689879896389 93889 1000000008
      ✓ should mint for amount=1
[FEE] 121691176000085 93890 1000000008
      ✓ should mint for amount=1
[FEE] 121691176000085 93890 1000000008
      ✓ should mint for amount=1
[FEE] 121689879896389 93889 1000000008
      ✓ should mint for amount=1
[FEE] 121691176000085 93890 1000000008
      ✓ should mint for amount=1
[FEE] 121691176000085 93890 1000000008
      ✓ should mint for amount=1
[FEE] 121689879896389 93889 1000000008
      ✓ should mint for amount=1
[FEE] 121689879896389 93889 1000000008
      ✓ should mint for amount=1
[FEE] 121691176000085 93890 1000000008
      ✓ should mint for amount=1
[FEE] 121691176000085 93890 1000000008
      ✓ should mint for amount=1
[FEE] 121691176000085 93890 1000000008
      ✓ should mint for amount=1
[FEE] 121691176000085 93890 1000000008
      ✓ should mint for amount=1
[FEE] 121689879896389 93889 1000000008
      ✓ should mint for amount=1
[FEE] 121691176000085 93890 1000000008
      ✓ should mint for amount=1
[FEE] 121691176000085 93890 1000000008
      ✓ should mint for amount=1
[FEE] 121691176000085 93890 1000000008
      ✓ should mint for amount=1
[FEE] 121691176000085 93890 1000000008
      ✓ should mint for amount=1
[FEE] 121689879896389 93889 1000000008
      ✓ should mint for amount=1
[FEE] 121689879896389 93889 1000000008
      ✓ should mint for amount=1
[FEE] 121688583792694 93888 1000000008
      ✓ should mint for amount=1
[FEE] 121689879896389 93889 1000000008
      ✓ should mint for amount=1
[FEE] 121691176000085 93890 1000000008
      ✓ should mint for amount=1
[FEE] 121691176000085 93890 1000000008
      ✓ should mint for amount=1
[FEE] 121691176000085 93890 1000000008
      ✓ should mint for amount=1
[FEE] 121691176000085 93890 1000000008
      ✓ should mint for amount=1
[FEE] 121691176000085 93890 1000000008
      ✓ should mint for amount=1
[FEE] 121691176000085 93890 1000000008
      ✓ should mint for amount=1
[FEE] 121689879896389 93889 1000000008
      ✓ should mint for amount=1
[FEE] 121688583792694 93888 1000000008
      ✓ should mint for amount=1
[FEE] 121688583792694 93888 1000000008
      ✓ should mint for amount=1
[FEE] 121688583792694 93888 1000000008
      ✓ should mint for amount=1
[FEE] 121688583792694 93888 1000000008
      ✓ should mint for amount=1
[FEE] 121689879896389 93889 1000000008
      ✓ should mint for amount=1
[FEE] 121689879896389 93889 1000000008
      ✓ should mint for amount=1
[FEE] 121688583792694 93888 1000000008
      ✓ should mint for amount=1
[FEE] 121688583792694 93888 1000000008
      ✓ should mint for amount=1
[FEE] 121689879896389 93889 1000000008
      ✓ should mint for amount=1
[FEE] 121691176000085 93890 1000000008
      ✓ should mint for amount=1
[FEE] 121691176000085 93890 1000000008
      ✓ should mint for amount=1
[FEE] 121691176000085 93890 1000000008
      ✓ should mint for amount=1
[FEE] 121691176000085 93890 1000000008
      ✓ should mint for amount=1
[FEE] 121689879896389 93889 1000000008
      ✓ should mint for amount=1
[FEE] 121691176000085 93890 1000000008
      ✓ should mint for amount=1
[FEE] 121691176000085 93890 1000000008
      ✓ should mint for amount=1
[FEE] 121691176000085 93890 1000000008
      ✓ should mint for amount=1
[FEE] 121691176000085 93890 1000000008
      ✓ should mint for amount=1
[FEE] 121691176000085 93890 1000000008
      ✓ should mint for amount=1
[FEE] 121689879896389 93889 1000000008
      ✓ should mint for amount=1
[FEE] 121691176000085 93890 1000000008
      ✓ should mint for amount=1

·----------------------------------------|---------------------------|-------------|----------------------------·
|          [90mSolc version: 0.8.17[39m          ·  [90mOptimizer enabled: true[39m  ·  [90mRuns: 200[39m  ·  [90mBlock limit: 8000000 gas[39m  │
·········································|···························|·············|·····························
|  [32m[1mMethods[22m[39m                                                                                                      │
···················|·····················|·············|·············|·············|··············|··············
|  [1mContract[22m        ·  [1mMethod[22m             ·  [32mMin[39m        ·  [32mMax[39m        ·  [32mAvg[39m        ·  [1m# calls[22m     ·  [1musd (avg)[22m  │
···················|·····················|·············|·············|·············|··············|··············
|  [90mXPowerThorTest[39m  ·  init               ·          -  ·          -  ·      67353  ·           [90m1[39m  ·          [32m[90m-[32m[39m  │
···················|·····················|·············|·············|·············|··············|··············
|  [90mXPowerThorTest[39m  ·  mint               ·     [36m121709[39m  ·     [31m229547[39m  ·     125757  ·         [90m389[39m  ·          [32m[90m-[32m[39m  │
···················|·····················|·············|·············|·············|··············|··············
|  [90mXPowerThorTest[39m  ·  transferOwnership  ·          -  ·          -  ·      28656  ·           [90m1[39m  ·          [32m[90m-[32m[39m  │
···················|·····················|·············|·············|·············|··············|··············
|  [32m[1mDeployments[22m[39m                           ·                                         ·  [1m% of limit[22m  ·             │
·········································|·············|·············|·············|··············|··············
|  XPowerThorTest                        ·          -  ·          -  ·    3331941  ·      [90m41.6 %[39m  ·          [32m[90m-[32m[39m  │
·----------------------------------------|-------------|-------------|-------------|--------------|-------------·

  389 passing (21s)

