
> xpower@6.0.0 test-gas
> REPORT_GAS=true npm test ./test/contracts/XPower.fees.1-thor.test.js


> xpower@6.0.0 test
> hardhat test ./test/contracts/XPower.fees.1-thor.test.js


  XPowerThor
    mint
[FEE] 348822982083776 162305 1658186771
      ✓ should mint for amount=1
[FEE] 338642451344703 158030 1653339774
      ✓ should mint for amount=1
[FEE] 328267719776108 154021 1644403885
      ✓ should mint for amount=1
[FEE] 317874851559562 150263 1632166161
      ✓ should mint for amount=1
[FEE] 307592632192522 146739 1617300154
      ✓ should mint for amount=1
[FEE] 297523471649747 143436 1600380761
      ✓ should mint for amount=1
[FEE] 287739508047044 140340 1581897279
      ✓ should mint for amount=1
[FEE] 278290280993720 137437 1562264726
      ✓ should mint for amount=1
[FEE] 269211284306222 134715 1541833789
      ✓ should mint for amount=1
[FEE] 260527416207499 132164 1520899484
      ✓ should mint for amount=1
[FEE] 252247960011430 129772 1499708729
      ✓ should mint for amount=1
[FEE] 244378908413587 127530 1478466932
      ✓ should mint for amount=1
[FEE] 236917009967122 125428 1457343741
      ✓ should mint for amount=1
[FEE] 229855268398341 123457 1436478061
      ✓ should mint for amount=1
[FEE] 223185970417311 121610 1415982406
      ✓ should mint for amount=1
[FEE] 216894264836345 119878 1395946693
      ✓ should mint for amount=1
[FEE] 210964646894381 118253 1376441538
      ✓ should mint for amount=1
[FEE] 205385048424891 116730 1357521116
      ✓ should mint for amount=1
[FEE] 200140099785038 115303 1339225652
      ✓ should mint for amount=1
[FEE] 195209998795433 113964 1321583565
      ✓ should mint for amount=1
[FEE] 190582933147620 112710 1304613329
      ✓ should mint for amount=1
[FEE] 186239796047406 111534 1288325088
      ✓ should mint for amount=1
[FEE] 182166388653356 110432 1272722042
      ✓ should mint for amount=1
[FEE] 178343512566525 109397 1257801644
      ✓ should mint for amount=1
[FEE] 174761901176879 108428 1243556632
      ✓ should mint for amount=1
[FEE] 171405837543814 107520 1229975915
      ✓ should mint for amount=1
[FEE] 168261486898705 106669 1217045327
      ✓ should mint for amount=1
[FEE] 165313748185188 105870 1204748278
      ✓ should mint for amount=1
[FEE] 162552558517517 105121 1193066305
      ✓ should mint for amount=1
[FEE] 159966570686505 104419 1181979541
      ✓ should mint for amount=1
[FEE] 157544771684634 103761 1171467113
      ✓ should mint for amount=1
[FEE] 155278002473790 103145 1161507477
      ✓ should mint for amount=1
[FEE] 153154423557115 102567 1152078698
      ✓ should mint for amount=1
[FEE] 151164082489637 102024 1143158685
      ✓ should mint for amount=1
[FEE] 149301789656633 101516 1134725386
      ✓ should mint for amount=1
[FEE] 147555272220017 101038 1126756949
      ✓ should mint for amount=1
[FEE] 145921381116053 100591 1119231850
      ✓ should mint for amount=1
[FEE] 144389934598256 100171 1112128998
      ✓ should mint for amount=1
[FEE] 142956836985140 99778 1105427821
      ✓ should mint for amount=1
[FEE] 141613921474972 99409 1099108328
      ✓ should mint for amount=1
[FEE] 140357564802395 99064 1093151158
      ✓ should mint for amount=1
[FEE] 139181513400082 98741 1087537617
      ✓ should mint for amount=1
[FEE] 138079752852070 98438 1082249700
      ✓ should mint for amount=1
[FEE] 137047891411423 98154 1077270109
      ✓ should mint for amount=1
[FEE] 136081725949428 97888 1072582256
      ✓ should mint for amount=1
[FEE] 135177233157726 97639 1068170266
      ✓ should mint for amount=1
[FEE] 134329181072878 97405 1064018970
      ✓ should mint for amount=1
[FEE] 133535267563148 97186 1060113897
      ✓ should mint for amount=1
[FEE] 132790583548819 96980 1056441259
      ✓ should mint for amount=1
[FEE] 132093111480722 96787 1052987937
      ✓ should mint for amount=1
[FEE] 131439590239799 96606 1049741461
      ✓ should mint for amount=1
[FEE] 130826886243186 96436 1046689991
      ✓ should mint for amount=1
[FEE] 130253338364077 96277 1043822294
      ✓ should mint for amount=1
[FEE] 129716034627332 96128 1041127725
      ✓ should mint for amount=1
[FEE] 129213515762260 95989 1038596203
      ✓ should mint for amount=1
[FEE] 128741723579115 95858 1036218186
      ✓ should mint for amount=1
[FEE] 128299386195130 95735 1033984650
      ✓ should mint for amount=1
[FEE] 127885308252640 95620 1031887068
      ✓ should mint for amount=1
[FEE] 127497031292798 95512 1029917382
      ✓ should mint for amount=1
[FEE] 127133507542320 95411 1028067987
      ✓ should mint for amount=1
[FEE] 126792422539414 95316 1026331706
      ✓ should mint for amount=1
[FEE] 126471530169661 95226 1024701768
      ✓ should mint for amount=1
[FEE] 126172626575822 95143 1023171789
      ✓ should mint for amount=1
[FEE] 125892248155570 95065 1021735754
      ✓ should mint for amount=1
[FEE] 125629640656818 94992 1020387995
      ✓ should mint for amount=1
[FEE] 125384095832795 94924 1019123172
      ✓ should mint for amount=1
[FEE] 125153629991529 94860 1017936260
      ✓ should mint for amount=1
[FEE] 124937623860569 94800 1016822527
      ✓ should mint for amount=1
[FEE] 124734179795295 94743 1015777521
      ✓ should mint for amount=1
[FEE] 124544071553355 94690 1014797053
      ✓ should mint for amount=1
[FEE] 124365473196991 94640 1013877183
      ✓ should mint for amount=1
[FEE] 124199221067185 94594 1013014207
      ✓ should mint for amount=1
[FEE] 124040928715225 94549 1012204640
      ✓ should mint for amount=1
[FEE] 123894115557532 94508 1011445209
      ✓ should mint for amount=1
[FEE] 123757074891933 94470 1010732836
      ✓ should mint for amount=1
[FEE] 123628128333345 94434 1010064629
      ✓ should mint for amount=1
[FEE] 123506932072159 94400 1009437871
      ✓ should mint for amount=1
[FEE] 123393163495401 94368 1008850009
      ✓ should mint for amount=1
[FEE] 123286520106243 94338 1008298646
      ✓ should mint for amount=1
[FEE] 123186718084926 94310 1007781530
      ✓ should mint for amount=1
[FEE] 123092185663815 94283 1007296546
      ✓ should mint for amount=1
[FEE] 123005284902924 94259 1006841708
      ✓ should mint for amount=1
[FEE] 122923171295658 94236 1006415153
      ✓ should mint for amount=1
[FEE] 122844322937581 94213 1006015130
      ✓ should mint for amount=1
[FEE] 122772447241654 94193 1005639997
      ✓ should mint for amount=1
[FEE] 122706046597170 94175 1005288211
      ✓ should mint for amount=1
[FEE] 122642335104403 94157 1004958326
      ✓ should mint for amount=1
[FEE] 122583749550099 94141 1004648982
      ✓ should mint for amount=1
[FEE] 122526225686947 94124 1004358906
      ✓ should mint for amount=1
[FEE] 122473521571967 94109 1004086901
      ✓ should mint for amount=1
[FEE] 122425497076865 94096 1003831844
      ✓ should mint for amount=1
[FEE] 122379419556122 94083 1003592683
      ✓ should mint for amount=1
[FEE] 122335167744847 94070 1003368430
      ✓ should mint for amount=1
[FEE] 122295228153163 94059 1003158157
      ✓ should mint for amount=1
[FEE] 122258192798525 94049 1002960996
      ✓ should mint for amount=1
[FEE] 122223960823948 94040 1002776130
      ✓ should mint for amount=1
[FEE] 122191138368632 94031 1002602794
      ✓ should mint for amount=1
[FEE] 122159637653847 94022 1002440271
      ✓ should mint for amount=1
[FEE] 122130675242917 94014 1002287887
      ✓ should mint for amount=1
[FEE] 122104173345117 94007 1002145011
      ✓ should mint for amount=1
[FEE] 122077461599335 93999 1002011051
      ✓ should mint for amount=1
[FEE] 122053069611595 93992 1001885451
      ✓ should mint for amount=1
[FEE] 122029634805261 93985 1001767690
      ✓ should mint for amount=1
[FEE] 122009693907591 93980 1001657279
      ✓ should mint for amount=1
[FEE] 121990593895823 93975 1001553760
      ✓ should mint for amount=1
[FEE] 121970984394246 93969 1001456704
      ✓ should mint for amount=1
[FEE] 121954710049877 93965 1001365707
      ✓ should mint for amount=1
[FEE] 121937830857967 93960 1001280392
      ✓ should mint for amount=1
[FEE] 121922899129033 93956 1001200404
      ✓ should mint for amount=1
[FEE] 121908576478291 93952 1001125411
      ✓ should mint for amount=1
[FEE] 121896122308156 93949 1001055101
      ✓ should mint for amount=1
[FEE] 121882905963684 93945 1000989182
      ✓ should mint for amount=1
[FEE] 121871488883088 93942 1000927380
      ✓ should mint for amount=1
[FEE] 121860542256183 93939 1000869438
      ✓ should mint for amount=1
[FEE] 121850036696002 93936 1000815115
      ✓ should mint for amount=1
[FEE] 121839944645526 93933 1000764185
      ✓ should mint for amount=1
[FEE] 121831537287919 93931 1000716436
      ✓ should mint for amount=1
[FEE] 121823493333423 93929 1000671670
      ✓ should mint for amount=1
[FEE] 121814493195518 93926 1000629701
      ✓ should mint for amount=1
[FEE] 121807109317507 93924 1000590353
      ✓ should mint for amount=1
[FEE] 121798728163048 93921 1000553464
      ✓ should mint for amount=1
[FEE] 121793221307955 93920 1000518879
      ✓ should mint for amount=1
[FEE] 121786680864187 93918 1000486455
      ✓ should mint for amount=1
[FEE] 121781683897895 93917 1000456057
      ✓ should mint for amount=1
[FEE] 121776918165936 93916 1000427558
      ✓ should mint for amount=1
[FEE] 121772369297545 93915 1000400840
      ✓ should mint for amount=1
[FEE] 121768023652899 93914 1000375791
      ✓ should mint for amount=1
[FEE] 121763868566528 93913 1000352307
      ✓ should mint for amount=1
[FEE] 121759892103817 93912 1000330290
      ✓ should mint for amount=1
[FEE] 121756083182687 93911 1000309649
      ✓ should mint for amount=1
[FEE] 121751134850177 93909 1000290298
      ✓ should mint for amount=1
[FEE] 121747630225687 93908 1000272156
      ✓ should mint for amount=1
[FEE] 121744263671004 93907 1000255148
      ✓ should mint for amount=1
[FEE] 121741026540173 93906 1000239203
      ✓ should mint for amount=1
[FEE] 121737910674448 93905 1000224254
      ✓ should mint for amount=1
[FEE] 121736204900157 93905 1000210239
      ✓ should mint for amount=1
[FEE] 121732013026071 93903 1000197100
      ✓ should mint for amount=1
[FEE] 121729217483444 93902 1000184782
      ✓ should mint for amount=1
[FEE] 121726515685932 93901 1000173234
      ✓ should mint for amount=1
[FEE] 121725197981218 93901 1000162407
      ✓ should mint for amount=1
[FEE] 121722666370055 93900 1000152257
      ✓ should mint for amount=1
[FEE] 121721508233496 93900 1000142741
      ✓ should mint for amount=1
[FEE] 121720422510898 93900 1000133820
      ✓ should mint for amount=1
[FEE] 121719404577504 93900 1000125456
      ✓ should mint for amount=1
[FEE] 121718450295373 93900 1000117615
      ✓ should mint for amount=1
[FEE] 121717555648269 93900 1000110264
      ✓ should mint for amount=1
[FEE] 121716716985067 93900 1000103373
      ✓ should mint for amount=1
[FEE] 121714634425351 93899 1000096912
      ✓ should mint for amount=1
[FEE] 121713897271249 93899 1000090855
      ✓ should mint for amount=1
[FEE] 121711910028440 93898 1000085177
      ✓ should mint for amount=1
[FEE] 121709965882238 93897 1000079853
      ✓ should mint for amount=1
[FEE] 121709358476301 93897 1000074862
      ✓ should mint for amount=1
[FEE] 121708789040842 93897 1000070183
      ✓ should mint for amount=1
[FEE] 121708255263555 93897 1000065797
      ✓ should mint for amount=1
[FEE] 121707754832136 93897 1000061685
      ✓ should mint for amount=1
[FEE] 121705989499042 93896 1000057830
      ✓ should mint for amount=1
[FEE] 121704253505076 93895 1000054216
      ✓ should mint for amount=1
[FEE] 121703841193419 93895 1000050828
      ✓ should mint for amount=1
[FEE] 121703454559967 93895 1000047651
      ✓ should mint for amount=1
[FEE] 121703092144349 93895 1000044673
      ✓ should mint for amount=1
[FEE] 121702752364495 93895 1000041881
      ✓ should mint for amount=1
[FEE] 121702433760033 93895 1000039263
      ✓ should mint for amount=1
[FEE] 121702135113986 93895 1000036809
      ✓ should mint for amount=1
[FEE] 121701855087681 93895 1000034508
      ✓ should mint for amount=1
[FEE] 121701592585838 93895 1000032351
      ✓ should mint for amount=1
[FEE] 121701346513178 93895 1000030329
      ✓ should mint for amount=1
[FEE] 121699819633886 93894 1000028433
      ✓ should mint for amount=1
[FEE] 121698307241220 93893 1000026656
      ✓ should mint for amount=1
[FEE] 121698104497245 93893 1000024990
      ✓ should mint for amount=1
[FEE] 121696618275505 93892 1000023428
      ✓ should mint for amount=1
[FEE] 121695143983677 93891 1000021964
      ✓ should mint for amount=1
[FEE] 121694976899914 93891 1000020591
      ✓ should mint for amount=1
[FEE] 121694820281704 93891 1000019304
      ✓ should mint for amount=1
[FEE] 121694673520584 93891 1000018098
      ✓ should mint for amount=1
[FEE] 121693239760722 93890 1000016967
      ✓ should mint for amount=1
[FEE] 121693110768077 93890 1000015907
      ✓ should mint for amount=1
[FEE] 121691693684035 93889 1000014913
      ✓ should mint for amount=1
[FEE] 121691580269068 93889 1000013981
      ✓ should mint for amount=1
[FEE] 121692770032787 93890 1000013107
      ✓ should mint for amount=1
[FEE] 121692670367714 93890 1000012288
      ✓ should mint for amount=1
[FEE] 121692576908892 93890 1000011520
      ✓ should mint for amount=1
[FEE] 121692489291246 93890 1000010800
      ✓ should mint for amount=1
[FEE] 121692407149703 93890 1000010125
      ✓ should mint for amount=1
[FEE] 121692330119189 93890 1000009492
      ✓ should mint for amount=1
[FEE] 121692257956322 93890 1000008899
      ✓ should mint for amount=1
[FEE] 121692190296029 93890 1000008343
      ✓ should mint for amount=1
[FEE] 121692126894927 93890 1000007822
      ✓ should mint for amount=1
[FEE] 121692067387942 93890 1000007333
      ✓ should mint for amount=1
[FEE] 121692011653384 93890 1000006875
      ✓ should mint for amount=1
[FEE] 121691959326179 93890 1000006445
      ✓ should mint for amount=1
[FEE] 121691910284635 93890 1000006042
      ✓ should mint for amount=1
[FEE] 121690568174345 93889 1000005664
      ✓ should mint for amount=1
[FEE] 121690525096127 93889 1000005310
      ✓ should mint for amount=1
[FEE] 121689188584950 93888 1000004978
      ✓ should mint for amount=1
[FEE] 121690446849535 93889 1000004667
      ✓ should mint for amount=1
[FEE] 121690411316091 93889 1000004375
      ✓ should mint for amount=1
[FEE] 121690378094754 93889 1000004102
      ✓ should mint for amount=1
[FEE] 121691643050815 93890 1000003846
      ✓ should mint for amount=1
[FEE] 121691613844933 93890 1000003606
      ✓ should mint for amount=1
[FEE] 121691586464419 93890 1000003381
      ✓ should mint for amount=1
[FEE] 121691560787581 93890 1000003170
      ✓ should mint for amount=1
[FEE] 121691536692728 93890 1000002972
      ✓ should mint for amount=1
[FEE] 121691514058169 93890 1000002786
      ✓ should mint for amount=1
[FEE] 121691492883905 93890 1000002612
      ✓ should mint for amount=1
[FEE] 121691473048243 93890 1000002449
      ✓ should mint for amount=1
[FEE] 121691454429494 93890 1000002296
      ✓ should mint for amount=1
[FEE] 121691437027656 93890 1000002153
      ✓ should mint for amount=1
[FEE] 121690124493046 93889 1000002018
      ✓ should mint for amount=1
[FEE] 121690109160121 93889 1000001892
      ✓ should mint for amount=1
[FEE] 121691390906700 93890 1000001774
      ✓ should mint for amount=1
[FEE] 121691377398980 93890 1000001663
      ✓ should mint for amount=1
[FEE] 121691364743098 93890 1000001559
      ✓ should mint for amount=1
[FEE] 121691352939054 93890 1000001462
      ✓ should mint for amount=1
[FEE] 121691341865157 93890 1000001371
      ✓ should mint for amount=1
[FEE] 121691331399716 93890 1000001285
      ✓ should mint for amount=1
[FEE] 121690025559174 93889 1000001205
      ✓ should mint for amount=1
[FEE] 121688720327283 93888 1000001130
      ✓ should mint for amount=1
[FEE] 121690007792452 93889 1000001059
      ✓ should mint for amount=1
[FEE] 121689999760920 93889 1000000993
      ✓ should mint for amount=1
[FEE] 121691288321040 93890 1000000931
      ✓ should mint for amount=1
[FEE] 121691281262952 93890 1000000873
      ✓ should mint for amount=1
[FEE] 121689978465191 93889 1000000818
      ✓ should mint for amount=1
[FEE] 121691268363687 93890 1000000767
      ✓ should mint for amount=1
[FEE] 121689966417893 93889 1000000719
      ✓ should mint for amount=1
[FEE] 121691257046408 93890 1000000674
      ✓ should mint for amount=1
[FEE] 121689955830874 93889 1000000632
      ✓ should mint for amount=1
[FEE] 121689951084969 93889 1000000593
      ✓ should mint for amount=1
[FEE] 121691242686849 93890 1000000556
      ✓ should mint for amount=1
[FEE] 121691238427658 93890 1000000521
      ✓ should mint for amount=1
[FEE] 121691234411849 93890 1000000488
      ✓ should mint for amount=1
[FEE] 121691230761114 93890 1000000458
      ✓ should mint for amount=1
[FEE] 121691227232070 93890 1000000429
      ✓ should mint for amount=1
[FEE] 121689927842202 93889 1000000402
      ✓ should mint for amount=1
[FEE] 121691220904129 93890 1000000377
      ✓ should mint for amount=1
[FEE] 121689921879398 93889 1000000353
      ✓ should mint for amount=1
[FEE] 121691215306335 93890 1000000331
      ✓ should mint for amount=1
[FEE] 121691212750820 93890 1000000310
      ✓ should mint for amount=1
[FEE] 121691210438688 93890 1000000291
      ✓ should mint for amount=1
[FEE] 121689912144207 93889 1000000273
      ✓ should mint for amount=1
[FEE] 121689910075479 93889 1000000256
      ✓ should mint for amount=1
[FEE] 121691204232438 93890 1000000240
      ✓ should mint for amount=1
[FEE] 121691202407070 93890 1000000225
      ✓ should mint for amount=1
[FEE] 121691200703394 93890 1000000211
      ✓ should mint for amount=1
[FEE] 121689903017466 93889 1000000198
      ✓ should mint for amount=1
[FEE] 121688605453261 93888 1000000186
      ✓ should mint for amount=1
[FEE] 121689900096909 93889 1000000174
      ✓ should mint for amount=1
[FEE] 121689898758321 93889 1000000163
      ✓ should mint for amount=1
[FEE] 121689897541422 93889 1000000153
      ✓ should mint for amount=1
[FEE] 121689896324523 93889 1000000143
      ✓ should mint for amount=1
[FEE] 121691191333173 93890 1000000134
      ✓ should mint for amount=1
[FEE] 121691190359644 93890 1000000126
      ✓ should mint for amount=1
[FEE] 121691189386114 93890 1000000118
      ✓ should mint for amount=1
[FEE] 121691188534276 93890 1000000111
      ✓ should mint for amount=1
[FEE] 121689891578618 93889 1000000104
      ✓ should mint for amount=1
[FEE] 121691186952291 93890 1000000098
      ✓ should mint for amount=1
[FEE] 121689890118339 93889 1000000092
      ✓ should mint for amount=1
[FEE] 121691185491997 93890 1000000086
      ✓ should mint for amount=1
[FEE] 121691184883541 93890 1000000081
      ✓ should mint for amount=1
[FEE] 121691184275085 93890 1000000076
      ✓ should mint for amount=1
[FEE] 121691183666629 93890 1000000071
      ✓ should mint for amount=1
[FEE] 121691183179864 93890 1000000067
      ✓ should mint for amount=1
[FEE] 121691182693100 93890 1000000063
      ✓ should mint for amount=1
[FEE] 121691182206335 93890 1000000059
      ✓ should mint for amount=1
[FEE] 121691181719570 93890 1000000055
      ✓ should mint for amount=1
[FEE] 121689885250744 93889 1000000052
      ✓ should mint for amount=1
[FEE] 121691180989423 93890 1000000049
      ✓ should mint for amount=1
[FEE] 121691180624350 93890 1000000046
      ✓ should mint for amount=1
[FEE] 121691180259276 93890 1000000043
      ✓ should mint for amount=1
[FEE] 121689883790465 93889 1000000040
      ✓ should mint for amount=1
[FEE] 121691179650820 93890 1000000038
      ✓ should mint for amount=1
[FEE] 121691179407438 93890 1000000036
      ✓ should mint for amount=1
[FEE] 121691179164056 93890 1000000034
      ✓ should mint for amount=1
[FEE] 121691178920673 93890 1000000032
      ✓ should mint for amount=1
[FEE] 121691178677291 93890 1000000030
      ✓ should mint for amount=1
[FEE] 121689882330187 93889 1000000028
      ✓ should mint for amount=1
[FEE] 121689882086807 93889 1000000026
      ✓ should mint for amount=1
[FEE] 121689881843427 93889 1000000024
      ✓ should mint for amount=1
[FEE] 121689881721738 93889 1000000023
      ✓ should mint for amount=1
[FEE] 121688585496334 93888 1000000022
      ✓ should mint for amount=1
[FEE] 121688585374645 93888 1000000021
      ✓ should mint for amount=1
[FEE] 121689881356668 93889 1000000020
      ✓ should mint for amount=1
[FEE] 121691177338688 93890 1000000019
      ✓ should mint for amount=1
[FEE] 121691177216997 93890 1000000018
      ✓ should mint for amount=1
[FEE] 121691177095306 93890 1000000017
      ✓ should mint for amount=1
[FEE] 121691176973615 93890 1000000016
      ✓ should mint for amount=1
[FEE] 121689880748218 93889 1000000015
      ✓ should mint for amount=1
[FEE] 121689880626529 93889 1000000014
      ✓ should mint for amount=1
[FEE] 121688584401136 93888 1000000013
      ✓ should mint for amount=1
[FEE] 121689880383149 93889 1000000012
      ✓ should mint for amount=1
[FEE] 121691176365159 93890 1000000011
      ✓ should mint for amount=1
[FEE] 121691176243468 93890 1000000010
      ✓ should mint for amount=1
[FEE] 121691176121776 93890 1000000009
      ✓ should mint for amount=1
[FEE] 121691176000085 93890 1000000008
      ✓ should mint for amount=1
[FEE] 121691176000085 93890 1000000008
      ✓ should mint for amount=1
[FEE] 121691176000085 93890 1000000008
      ✓ should mint for amount=1
[FEE] 121691176000085 93890 1000000008
      ✓ should mint for amount=1
[FEE] 121691176000085 93890 1000000008
      ✓ should mint for amount=1
[FEE] 121691176000085 93890 1000000008
      ✓ should mint for amount=1
[FEE] 121691176000085 93890 1000000008
      ✓ should mint for amount=1
[FEE] 121691176000085 93890 1000000008
      ✓ should mint for amount=1
[FEE] 121691176000085 93890 1000000008
      ✓ should mint for amount=1
[FEE] 121691176000085 93890 1000000008
      ✓ should mint for amount=1
[FEE] 121691176000085 93890 1000000008
      ✓ should mint for amount=1
[FEE] 121691176000085 93890 1000000008
      ✓ should mint for amount=1
[FEE] 121691176000085 93890 1000000008
      ✓ should mint for amount=1
[FEE] 121691176000085 93890 1000000008
      ✓ should mint for amount=1
[FEE] 121691176000085 93890 1000000008
      ✓ should mint for amount=1
[FEE] 121691176000085 93890 1000000008
      ✓ should mint for amount=1
[FEE] 121691176000085 93890 1000000008
      ✓ should mint for amount=1
[FEE] 121691176000085 93890 1000000008
      ✓ should mint for amount=1
[FEE] 121691176000085 93890 1000000008
      ✓ should mint for amount=1
[FEE] 121691176000085 93890 1000000008
      ✓ should mint for amount=1
[FEE] 121691176000085 93890 1000000008
      ✓ should mint for amount=1
[FEE] 121691176000085 93890 1000000008
      ✓ should mint for amount=1
[FEE] 121691176000085 93890 1000000008
      ✓ should mint for amount=1
[FEE] 121691176000085 93890 1000000008
      ✓ should mint for amount=1
[FEE] 121689879896389 93889 1000000008
      ✓ should mint for amount=1
[FEE] 121688583792694 93888 1000000008
      ✓ should mint for amount=1
[FEE] 121687287688998 93887 1000000008
      ✓ should mint for amount=1
[FEE] 121687287688998 93887 1000000008
      ✓ should mint for amount=1
[FEE] 121688583792694 93888 1000000008
      ✓ should mint for amount=1
[FEE] 121689879896389 93889 1000000008
      ✓ should mint for amount=1
[FEE] 121689879896389 93889 1000000008
      ✓ should mint for amount=1
[FEE] 121689879896389 93889 1000000008
      ✓ should mint for amount=1
[FEE] 121691176000085 93890 1000000008
      ✓ should mint for amount=1
[FEE] 121689879896389 93889 1000000008
      ✓ should mint for amount=1
[FEE] 121691176000085 93890 1000000008
      ✓ should mint for amount=1
[FEE] 121691176000085 93890 1000000008
      ✓ should mint for amount=1
[FEE] 121691176000085 93890 1000000008
      ✓ should mint for amount=1
[FEE] 121689879896389 93889 1000000008
      ✓ should mint for amount=1
[FEE] 121691176000085 93890 1000000008
      ✓ should mint for amount=1
[FEE] 121691176000085 93890 1000000008
      ✓ should mint for amount=1
[FEE] 121691176000085 93890 1000000008
      ✓ should mint for amount=1
[FEE] 121689879896389 93889 1000000008
      ✓ should mint for amount=1
[FEE] 121691176000085 93890 1000000008
      ✓ should mint for amount=1
[FEE] 121691176000085 93890 1000000008
      ✓ should mint for amount=1
[FEE] 121691176000085 93890 1000000008
      ✓ should mint for amount=1
[FEE] 121691176000085 93890 1000000008
      ✓ should mint for amount=1
[FEE] 121689879896389 93889 1000000008
      ✓ should mint for amount=1
[FEE] 121688583792694 93888 1000000008
      ✓ should mint for amount=1
[FEE] 121688583792694 93888 1000000008
      ✓ should mint for amount=1
[FEE] 121689879896389 93889 1000000008
      ✓ should mint for amount=1
[FEE] 121691176000085 93890 1000000008
      ✓ should mint for amount=1
[FEE] 121691176000085 93890 1000000008
      ✓ should mint for amount=1
[FEE] 121691176000085 93890 1000000008
      ✓ should mint for amount=1
[FEE] 121691176000085 93890 1000000008
      ✓ should mint for amount=1
[FEE] 121691176000085 93890 1000000008
      ✓ should mint for amount=1
[FEE] 121691176000085 93890 1000000008
      ✓ should mint for amount=1
[FEE] 121691176000085 93890 1000000008
      ✓ should mint for amount=1
[FEE] 121691176000085 93890 1000000008
      ✓ should mint for amount=1
[FEE] 121689879896389 93889 1000000008
      ✓ should mint for amount=1
[FEE] 121691176000085 93890 1000000008
      ✓ should mint for amount=1
[FEE] 121691176000085 93890 1000000008
      ✓ should mint for amount=1
[FEE] 121691176000085 93890 1000000008
      ✓ should mint for amount=1
[FEE] 121691176000085 93890 1000000008
      ✓ should mint for amount=1
[FEE] 121691176000085 93890 1000000008
      ✓ should mint for amount=1
[FEE] 121689879896389 93889 1000000008
      ✓ should mint for amount=1
[FEE] 121689879896389 93889 1000000008
      ✓ should mint for amount=1
[FEE] 121691176000085 93890 1000000008
      ✓ should mint for amount=1
[FEE] 121691176000085 93890 1000000008
      ✓ should mint for amount=1
[FEE] 121691176000085 93890 1000000008
      ✓ should mint for amount=1
[FEE] 121691176000085 93890 1000000008
      ✓ should mint for amount=1
[FEE] 121691176000085 93890 1000000008
      ✓ should mint for amount=1
[FEE] 121691176000085 93890 1000000008
      ✓ should mint for amount=1
[FEE] 121691176000085 93890 1000000008
      ✓ should mint for amount=1
[FEE] 121691176000085 93890 1000000008
      ✓ should mint for amount=1
[FEE] 121691176000085 93890 1000000008
      ✓ should mint for amount=1
[FEE] 121689879896389 93889 1000000008
      ✓ should mint for amount=1
[FEE] 121689879896389 93889 1000000008
      ✓ should mint for amount=1
[FEE] 121688583792694 93888 1000000008
      ✓ should mint for amount=1
[FEE] 121688583792694 93888 1000000008
      ✓ should mint for amount=1
[FEE] 121689879896389 93889 1000000008
      ✓ should mint for amount=1
[FEE] 121691176000085 93890 1000000008
      ✓ should mint for amount=1
[FEE] 121691176000085 93890 1000000008
      ✓ should mint for amount=1
[FEE] 121691176000085 93890 1000000008
      ✓ should mint for amount=1
[FEE] 121691176000085 93890 1000000008
      ✓ should mint for amount=1
[FEE] 121691176000085 93890 1000000008
      ✓ should mint for amount=1
[FEE] 121689879896389 93889 1000000008
      ✓ should mint for amount=1
[FEE] 121691176000085 93890 1000000008
      ✓ should mint for amount=1
[FEE] 121689879896389 93889 1000000008
      ✓ should mint for amount=1
[FEE] 121691176000085 93890 1000000008
      ✓ should mint for amount=1
[FEE] 121691176000085 93890 1000000008
      ✓ should mint for amount=1
[FEE] 121689879896389 93889 1000000008
      ✓ should mint for amount=1
[FEE] 121691176000085 93890 1000000008
      ✓ should mint for amount=1
[FEE] 121691176000085 93890 1000000008
      ✓ should mint for amount=1
[FEE] 121691176000085 93890 1000000008
      ✓ should mint for amount=1
[FEE] 121691176000085 93890 1000000008
      ✓ should mint for amount=1
[FEE] 121691176000085 93890 1000000008
      ✓ should mint for amount=1
[FEE] 121691176000085 93890 1000000008
      ✓ should mint for amount=1
[FEE] 121691176000085 93890 1000000008
      ✓ should mint for amount=1
[FEE] 121691176000085 93890 1000000008
      ✓ should mint for amount=1

·----------------------------------------|---------------------------|-------------|----------------------------·
|          [90mSolc version: 0.8.17[39m          ·  [90mOptimizer enabled: true[39m  ·  [90mRuns: 200[39m  ·  [90mBlock limit: 8000000 gas[39m  │
·········································|···························|·············|·····························
|  [32m[1mMethods[22m[39m                                                                                                      │
···················|·····················|·············|·············|·············|··············|··············
|  [1mContract[22m        ·  [1mMethod[22m             ·  [32mMin[39m        ·  [32mMax[39m        ·  [32mAvg[39m        ·  [1m# calls[22m     ·  [1musd (avg)[22m  │
···················|·····················|·············|·············|·············|··············|··············
|  [90mXPowerThorTest[39m  ·  init               ·          -  ·          -  ·      67353  ·           [90m1[39m  ·          [32m[90m-[32m[39m  │
···················|·····················|·············|·············|·············|··············|··············
|  [90mXPowerThorTest[39m  ·  mint               ·     [36m121696[39m  ·     [31m229547[39m  ·     125665  ·         [90m391[39m  ·          [32m[90m-[32m[39m  │
···················|·····················|·············|·············|·············|··············|··············
|  [90mXPowerThorTest[39m  ·  transferOwnership  ·          -  ·          -  ·      28656  ·           [90m1[39m  ·          [32m[90m-[32m[39m  │
···················|·····················|·············|·············|·············|··············|··············
|  [32m[1mDeployments[22m[39m                           ·                                         ·  [1m% of limit[22m  ·             │
·········································|·············|·············|·············|··············|··············
|  XPowerThorTest                        ·          -  ·          -  ·    3331941  ·      [90m41.6 %[39m  ·          [32m[90m-[32m[39m  │
·----------------------------------------|-------------|-------------|-------------|--------------|-------------·

  391 passing (24s)

