
> xpower@6.0.0 test-gas
> REPORT_GAS=true npm test ./test/contracts/XPower.fees.1-thor.test.js


> xpower@6.0.0 test
> hardhat test ./test/contracts/XPower.fees.1-thor.test.js


  XPowerThor
    mint
[FEE] 348822982083776 162305 1658186771
      ✓ should mint for amount=1
[FEE] 338640305167777 158029 1653339758
      ✓ should mint for amount=1
[FEE] 328267710393630 154021 1644403838
      ✓ should mint for amount=1
[FEE] 317872720522575 150262 1632166081
      ✓ should mint for amount=1
[FEE] 307592606897391 146739 1617300021
      ✓ should mint for amount=1
[FEE] 297523439115860 143436 1600380586
      ✓ should mint for amount=1
[FEE] 287739468211998 140340 1581897060
      ✓ should mint for amount=1
[FEE] 278288210000643 137436 1562264467
      ✓ should mint for amount=1
[FEE] 269211231051816 134715 1541833484
      ✓ should mint for amount=1
[FEE] 260525386209218 132163 1520899141
      ✓ should mint for amount=1
[FEE] 252244007700189 129770 1499708344
      ✓ should mint for amount=1
[FEE] 244375005342087 127528 1478466505
      ✓ should mint for amount=1
[FEE] 236913157449988 125426 1457343281
      ✓ should mint for amount=1
[FEE] 229849604840333 123454 1436477573
      ✓ should mint for amount=1
[FEE] 223178548206049 121606 1415981891
      ✓ should mint for amount=1
[FEE] 216886944236507 119874 1395946156
      ✓ should mint for amount=1
[FEE] 210959210106394 118250 1376440985
      ✓ should mint for amount=1
[FEE] 205381444725357 116728 1357520556
      ✓ should mint for amount=1
[FEE] 200136544098557 115301 1339225089
      ✓ should mint for amount=1
[FEE] 195208202726576 113963 1321583002
      ✓ should mint for amount=1
[FEE] 190581160719413 112709 1304612771
      ✓ should mint for amount=1
[FEE] 186238046592870 111533 1288324537
      ✓ should mint for amount=1
[FEE] 182164661497152 110431 1272721500
      ✓ should mint for amount=1
[FEE] 178345067516771 109398 1257801113
      ✓ should mint for amount=1
[FEE] 174763440298500 108429 1243556115
      ✓ should mint for amount=1
[FEE] 171407361622873 107521 1229975412
      ✓ should mint for amount=1
[FEE] 168261419430712 106669 1217044839
      ✓ should mint for amount=1
[FEE] 165315244758909 105871 1204747805
      ✓ should mint for amount=1
[FEE] 162555588926396 105123 1193065848
      ✓ should mint for amount=1
[FEE] 159969574937448 104421 1181979100
      ✓ should mint for amount=1
[FEE] 157547751213087 103763 1171466688
      ✓ should mint for amount=1
[FEE] 155279453229556 103146 1161507068
      ✓ should mint for amount=1
[FEE] 153155864525627 102568 1152078305
      ✓ should mint for amount=1
[FEE] 151166995940931 102026 1143158308
      ✓ should mint for amount=1
[FEE] 149304683732115 101518 1134725026
      ✓ should mint for amount=1
[FEE] 147561068744801 101042 1126756605
      ✓ should mint for amount=1
[FEE] 145927140782625 100595 1119231521
      ✓ should mint for amount=1
[FEE] 144397101131276 100176 1112128685
      ✓ should mint for amount=1
[FEE] 142963962190428 99783 1105427523
      ✓ should mint for amount=1
[FEE] 141622432231089 99415 1099108044
      ✓ should mint for amount=1
[FEE] 140366031156515 99070 1093150888
      ✓ should mint for amount=1
[FEE] 139189937876670 98747 1087537360
      ✓ should mint for amount=1
[FEE] 138088138093766 98444 1082249457
      ✓ should mint for amount=1
[FEE] 137056239672100 98160 1077269879
      ✓ should mint for amount=1
[FEE] 136090039356309 97894 1072582038
      ✓ should mint for amount=1
[FEE] 135184129257571 97644 1068170059
      ✓ should mint for amount=1
[FEE] 134336051721742 97410 1064018774
      ✓ should mint for amount=1
[FEE] 133539366185868 97189 1060113711
      ✓ should mint for amount=1
[FEE] 132793299940661 96982 1056441083
      ✓ should mint for amount=1
[FEE] 132095820219350 96789 1052987771
      ✓ should mint for amount=1
[FEE] 131442291728756 96608 1049741304
      ✓ should mint for amount=1
[FEE] 130830937475204 96439 1046689842
      ✓ should mint for amount=1
[FEE] 130257379599403 96280 1043822154
      ✓ should mint for amount=1
[FEE] 129720066409138 96131 1041127593
      ✓ should mint for amount=1
[FEE] 129214846339003 95990 1038596078
      ✓ should mint for amount=1
[FEE] 128741708918570 95858 1036218068
      ✓ should mint for amount=1
[FEE] 128299372421974 95735 1033984539
      ✓ should mint for amount=1
[FEE] 127885295239629 95620 1031886963
      ✓ should mint for amount=1
[FEE] 127497019037246 95512 1029917283
      ✓ should mint for amount=1
[FEE] 127133496041703 95411 1028067894
      ✓ should mint for amount=1
[FEE] 126792411667945 95316 1026331618
      ✓ should mint for amount=1
[FEE] 126472848045202 95227 1024701685
      ✓ should mint for amount=1
[FEE] 126173943093863 95144 1023171711
      ✓ should mint for amount=1
[FEE] 125893563436323 95066 1021735681
      ✓ should mint for amount=1
[FEE] 125630954690126 94993 1020387926
      ✓ should mint for amount=1
[FEE] 125382767069572 94923 1019123108
      ✓ should mint for amount=1
[FEE] 125152303263765 94859 1017936200
      ✓ should mint for amount=1
[FEE] 124934981165110 94798 1016822471
      ✓ should mint for amount=1
[FEE] 124731540181227 94741 1015777468
      ✓ should mint for amount=1
[FEE] 124541434852681 94688 1014797003
      ✓ should mint for amount=1
[FEE] 124364153341926 94639 1013877136
      ✓ should mint for amount=1
[FEE] 124197902578632 94593 1013014162
      ✓ should mint for amount=1
[FEE] 124042235490432 94550 1012204598
      ✓ should mint for amount=1
[FEE] 123894110657845 94508 1011445169
      ✓ should mint for amount=1
[FEE] 123757070239102 94470 1010732798
      ✓ should mint for amount=1
[FEE] 123626814778639 94433 1010064593
      ✓ should mint for amount=1
[FEE] 123504311239983 94398 1009437837
      ✓ should mint for amount=1
[FEE] 123391852007285 94367 1008849977
      ✓ should mint for amount=1
[FEE] 123285209578536 94337 1008298616
      ✓ should mint for amount=1
[FEE] 123186714540096 94310 1007781501
      ✓ should mint for amount=1
[FEE] 123093487925131 94284 1007296519
      ✓ should mint for amount=1
[FEE] 123006586819904 94260 1006841683
      ✓ should mint for amount=1
[FEE] 122924472904805 94237 1006415130
      ✓ should mint for amount=1
[FEE] 122848232072946 94216 1006015109
      ✓ should mint for amount=1
[FEE] 122776355041018 94196 1005639977
      ✓ should mint for amount=1
[FEE] 122707347357811 94176 1005288193
      ✓ should mint for amount=1
[FEE] 122644938090106 94159 1004958309
      ✓ should mint for amount=1
[FEE] 122586351856290 94143 1004648966
      ✓ should mint for amount=1
[FEE] 122531430870071 94128 1004358891
      ✓ should mint for amount=1
[FEE] 122480026867890 94114 1004086887
      ✓ should mint for amount=1
[FEE] 122429398701816 94099 1003831831
      ✓ should mint for amount=1
[FEE] 122383320373305 94086 1003592671
      ✓ should mint for amount=1
[FEE] 122340368159772 94074 1003368418
      ✓ should mint for amount=1
[FEE] 122300427600031 94063 1003158146
      ✓ should mint for amount=1
[FEE] 122263391223372 94053 1002960985
      ✓ should mint for amount=1
[FEE] 122226559008742 94042 1002776120
      ✓ should mint for amount=1
[FEE] 122193736226096 94033 1002602785
      ✓ should mint for amount=1
[FEE] 122162235211988 94024 1002440263
      ✓ should mint for amount=1
[FEE] 122131973458969 94015 1002287880
      ✓ should mint for amount=1
[FEE] 122104172614060 94007 1002145005
      ✓ should mint for amount=1
[FEE] 122078759578548 94000 1002011045
      ✓ should mint for amount=1
[FEE] 122053068880655 93992 1001885445
      ✓ should mint for amount=1
[FEE] 122030932469162 93986 1001767684
      ✓ should mint for amount=1
[FEE] 122008395046867 93979 1001657274
      ✓ should mint for amount=1
[FEE] 121987997173589 93973 1001553756
      ✓ should mint for amount=1
[FEE] 121969685915352 93968 1001456700
      ✓ should mint for amount=1
[FEE] 121952113936953 93963 1001365704
      ✓ should mint for amount=1
[FEE] 121936532729419 93959 1001280389
      ✓ should mint for amount=1
[FEE] 121921601104173 93955 1001200401
      ✓ should mint for amount=1
[FEE] 121905980988314 93950 1001125408
      ✓ should mint for amount=1
[FEE] 121893527000450 93947 1001055098
      ✓ should mint for amount=1
[FEE] 121881608212633 93944 1000989179
      ✓ should mint for amount=1
[FEE] 121870191212150 93941 1000927377
      ✓ should mint for amount=1
[FEE] 121859244660356 93938 1000869435
      ✓ should mint for amount=1
[FEE] 121848739170594 93935 1000815112
      ✓ should mint for amount=1
[FEE] 121838647186141 93932 1000764182
      ✓ should mint for amount=1
[FEE] 121830240012172 93930 1000716434
      ✓ should mint for amount=1
[FEE] 121822196115703 93928 1000671668
      ✓ should mint for amount=1
[FEE] 121814492952042 93926 1000629699
      ✓ should mint for amount=1
[FEE] 121807109195772 93924 1000590352
      ✓ should mint for amount=1
[FEE] 121800024862348 93922 1000553463
      ✓ should mint for amount=1
[FEE] 121791924410020 93919 1000518878
      ✓ should mint for amount=1
[FEE] 121786680742460 93918 1000486454
      ✓ should mint for amount=1
[FEE] 121781683776169 93917 1000456056
      ✓ should mint for amount=1
[FEE] 121776918044211 93916 1000427557
      ✓ should mint for amount=1
[FEE] 121771072552607 93914 1000400839
      ✓ should mint for amount=1
[FEE] 121766726940429 93913 1000375790
      ✓ should mint for amount=1
[FEE] 121762571884497 93912 1000352306
      ✓ should mint for amount=1
[FEE] 121758595572041 93911 1000330290
      ✓ should mint for amount=1
[FEE] 121753490172642 93909 1000309649
      ✓ should mint for amount=1
[FEE] 121749838370235 93908 1000290298
      ✓ should mint for amount=1
[FEE] 121745037312832 93906 1000272156
      ✓ should mint for amount=1
[FEE] 121741670802237 93905 1000255148
      ✓ should mint for amount=1
[FEE] 121739730126456 93905 1000239203
      ✓ should mint for amount=1
[FEE] 121736614280107 93904 1000224254
      ✓ should mint for amount=1
[FEE] 121734908523980 93904 1000210239
      ✓ should mint for amount=1
[FEE] 121730716666923 93902 1000197100
      ✓ should mint for amount=1
[FEE] 121729217483444 93902 1000184782
      ✓ should mint for amount=1
[FEE] 121727812014146 93902 1000173234
      ✓ should mint for amount=1
[FEE] 121725197981218 93901 1000162407
      ✓ should mint for amount=1
[FEE] 121723962671081 93901 1000152257
      ✓ should mint for amount=1
[FEE] 121721508233496 93900 1000142741
      ✓ should mint for amount=1
[FEE] 121720422510898 93900 1000133820
      ✓ should mint for amount=1
[FEE] 121719404577504 93900 1000125456
      ✓ should mint for amount=1
[FEE] 121718450295373 93900 1000117615
      ✓ should mint for amount=1
[FEE] 121717555648269 93900 1000110264
      ✓ should mint for amount=1
[FEE] 121716716985067 93900 1000103373
      ✓ should mint for amount=1
[FEE] 121715930654644 93900 1000096912
      ✓ should mint for amount=1
[FEE] 121713897271249 93899 1000090855
      ✓ should mint for amount=1
[FEE] 121713206242524 93899 1000085177
      ✓ should mint for amount=1
[FEE] 121712558296604 93899 1000079853
      ✓ should mint for amount=1
[FEE] 121710654677015 93898 1000074862
      ✓ should mint for amount=1
[FEE] 121710085235492 93898 1000070183
      ✓ should mint for amount=1
[FEE] 121709551452520 93898 1000065797
      ✓ should mint for amount=1
[FEE] 121709051015772 93898 1000061685
      ✓ should mint for amount=1
[FEE] 121708581856321 93898 1000057830
      ✓ should mint for amount=1
[FEE] 121708142026941 93898 1000054216
      ✓ should mint for amount=1
[FEE] 121707729702110 93898 1000050828
      ✓ should mint for amount=1
[FEE] 121707343056306 93898 1000047651
      ✓ should mint for amount=1
[FEE] 121706980629108 93898 1000044673
      ✓ should mint for amount=1
[FEE] 121706640838398 93898 1000041881
      ✓ should mint for amount=1
[FEE] 121706322223756 93898 1000039263
      ✓ should mint for amount=1
[FEE] 121706023568167 93898 1000036809
      ✓ should mint for amount=1
[FEE] 121705743532915 93898 1000034508
      ✓ should mint for amount=1
[FEE] 121704184877069 93897 1000032351
      ✓ should mint for amount=1
[FEE] 121703938799168 93897 1000030329
      ✓ should mint for amount=1
[FEE] 121703708055498 93897 1000028433
      ✓ should mint for amount=1
[FEE] 121703491794158 93897 1000026656
      ✓ should mint for amount=1
[FEE] 121703289041545 93897 1000024990
      ✓ should mint for amount=1
[FEE] 121703098945758 93897 1000023428
      ✓ should mint for amount=1
[FEE] 121701624644442 93896 1000021964
      ✓ should mint for amount=1
[FEE] 121700161421408 93895 1000020591
      ✓ should mint for amount=1
[FEE] 121700004796526 93895 1000019304
      ✓ should mint for amount=1
[FEE] 121699858029153 93895 1000018098
      ✓ should mint for amount=1
[FEE] 121698424263428 93894 1000016967
      ✓ should mint for amount=1
[FEE] 121698295265287 93894 1000015907
      ✓ should mint for amount=1
[FEE] 121698174299106 93894 1000014913
      ✓ should mint for amount=1
[FEE] 121698060878099 93894 1000013981
      ✓ should mint for amount=1
[FEE] 121697954515481 93894 1000013107
      ✓ should mint for amount=1
[FEE] 121697854846162 93894 1000012288
      ✓ should mint for amount=1
[FEE] 121697761383358 93894 1000011520
      ✓ should mint for amount=1
[FEE] 121697673761980 93894 1000010800
      ✓ should mint for amount=1
[FEE] 121697591616937 93894 1000010125
      ✓ should mint for amount=1
[FEE] 121697514583141 93894 1000009492
      ✓ should mint for amount=1
[FEE] 121697442417200 93894 1000008899
      ✓ should mint for amount=1
[FEE] 121697374754024 93894 1000008343
      ✓ should mint for amount=1
[FEE] 121696015236398 93893 1000007822
      ✓ should mint for amount=1
[FEE] 121695955727512 93893 1000007333
      ✓ should mint for amount=1
[FEE] 121694603878576 93892 1000006875
      ✓ should mint for amount=1
[FEE] 121693255438218 93891 1000006445
      ✓ should mint for amount=1
[FEE] 121693206396152 93891 1000006042
      ✓ should mint for amount=1
[FEE] 121693160396398 93891 1000005664
      ✓ should mint for amount=1
[FEE] 121691821206695 93890 1000005310
      ✓ should mint for amount=1
[FEE] 121691780805225 93890 1000004978
      ✓ should mint for amount=1
[FEE] 121691742959270 93890 1000004667
      ✓ should mint for amount=1
[FEE] 121691707425446 93890 1000004375
      ✓ should mint for amount=1
[FEE] 121690378094754 93889 1000004102
      ✓ should mint for amount=1
[FEE] 121691643050815 93890 1000003846
      ✓ should mint for amount=1
[FEE] 121691613844933 93890 1000003606
      ✓ should mint for amount=1
[FEE] 121691586464419 93890 1000003381
      ✓ should mint for amount=1
[FEE] 121691560787581 93890 1000003170
      ✓ should mint for amount=1
[FEE] 121691536692728 93890 1000002972
      ✓ should mint for amount=1
[FEE] 121691514058169 93890 1000002786
      ✓ should mint for amount=1
[FEE] 121691492883905 93890 1000002612
      ✓ should mint for amount=1
[FEE] 121691473048243 93890 1000002449
      ✓ should mint for amount=1
[FEE] 121691454429494 93890 1000002296
      ✓ should mint for amount=1
[FEE] 121691437027656 93890 1000002153
      ✓ should mint for amount=1
[FEE] 121691420599347 93890 1000002018
      ✓ should mint for amount=1
[FEE] 121691405266259 93890 1000001892
      ✓ should mint for amount=1
[FEE] 121691390906700 93890 1000001774
      ✓ should mint for amount=1
[FEE] 121691377398980 93890 1000001663
      ✓ should mint for amount=1
[FEE] 121691364743098 93890 1000001559
      ✓ should mint for amount=1
[FEE] 121691352939054 93890 1000001462
      ✓ should mint for amount=1
[FEE] 121690045759694 93889 1000001371
      ✓ should mint for amount=1
[FEE] 121688739189014 93888 1000001285
      ✓ should mint for amount=1
[FEE] 121690025559174 93889 1000001205
      ✓ should mint for amount=1
[FEE] 121691312537584 93890 1000001130
      ✓ should mint for amount=1
[FEE] 121691303897510 93890 1000001059
      ✓ should mint for amount=1
[FEE] 121691295865893 93890 1000000993
      ✓ should mint for amount=1
[FEE] 121691288321040 93890 1000000931
      ✓ should mint for amount=1
[FEE] 121691281262952 93890 1000000873
      ✓ should mint for amount=1
[FEE] 121691274569937 93890 1000000818
      ✓ should mint for amount=1
[FEE] 121691268363687 93890 1000000767
      ✓ should mint for amount=1
[FEE] 121689966417893 93889 1000000719
      ✓ should mint for amount=1
[FEE] 121691257046408 93890 1000000674
      ✓ should mint for amount=1
[FEE] 121691251935378 93890 1000000632
      ✓ should mint for amount=1
[FEE] 121691247189423 93890 1000000593
      ✓ should mint for amount=1
[FEE] 121689946582443 93889 1000000556
      ✓ should mint for amount=1
[FEE] 121688646218937 93888 1000000521
      ✓ should mint for amount=1
[FEE] 121687346098895 93887 1000000488
      ✓ should mint for amount=1
[FEE] 121688638552556 93888 1000000458
      ✓ should mint for amount=1
[FEE] 121688635023587 93888 1000000429
      ✓ should mint for amount=1
[FEE] 121689927842202 93889 1000000402
      ✓ should mint for amount=1
[FEE] 121691220904129 93890 1000000377
      ✓ should mint for amount=1
[FEE] 121689921879398 93889 1000000353
      ✓ should mint for amount=1
[FEE] 121689919202220 93889 1000000331
      ✓ should mint for amount=1
[FEE] 121689916646733 93889 1000000310
      ✓ should mint for amount=1
[FEE] 121691210438688 93890 1000000291
      ✓ should mint for amount=1
[FEE] 121691208248247 93890 1000000273
      ✓ should mint for amount=1
[FEE] 121691206179497 93890 1000000256
      ✓ should mint for amount=1
[FEE] 121691204232438 93890 1000000240
      ✓ should mint for amount=1
[FEE] 121691202407070 93890 1000000225
      ✓ should mint for amount=1
[FEE] 121691200703394 93890 1000000211
      ✓ should mint for amount=1
[FEE] 121691199121408 93890 1000000198
      ✓ should mint for amount=1
[FEE] 121691197661114 93890 1000000186
      ✓ should mint for amount=1
[FEE] 121691196200820 93890 1000000174
      ✓ should mint for amount=1
[FEE] 121691194862217 93890 1000000163
      ✓ should mint for amount=1
[FEE] 121689897541422 93889 1000000153
      ✓ should mint for amount=1
[FEE] 121691192428394 93890 1000000143
      ✓ should mint for amount=1
[FEE] 121691191333173 93890 1000000134
      ✓ should mint for amount=1
[FEE] 121691190359644 93890 1000000126
      ✓ should mint for amount=1
[FEE] 121691189386114 93890 1000000118
      ✓ should mint for amount=1
[FEE] 121689892430447 93889 1000000111
      ✓ should mint for amount=1
[FEE] 121691187682438 93890 1000000104
      ✓ should mint for amount=1
[FEE] 121691186952291 93890 1000000098
      ✓ should mint for amount=1
[FEE] 121691186222144 93890 1000000092
      ✓ should mint for amount=1
[FEE] 121691185491997 93890 1000000086
      ✓ should mint for amount=1
[FEE] 121689888779750 93889 1000000081
      ✓ should mint for amount=1
[FEE] 121689888171301 93889 1000000076
      ✓ should mint for amount=1
[FEE] 121691183666629 93890 1000000071
      ✓ should mint for amount=1
[FEE] 121691183179864 93890 1000000067
      ✓ should mint for amount=1
[FEE] 121691182693100 93890 1000000063
      ✓ should mint for amount=1
[FEE] 121691182206335 93890 1000000059
      ✓ should mint for amount=1
[FEE] 121691181719570 93890 1000000055
      ✓ should mint for amount=1
[FEE] 121691181354497 93890 1000000052
      ✓ should mint for amount=1
[FEE] 121691180989423 93890 1000000049
      ✓ should mint for amount=1
[FEE] 121691180624350 93890 1000000046
      ✓ should mint for amount=1
[FEE] 121689884155535 93889 1000000043
      ✓ should mint for amount=1
[FEE] 121691179894203 93890 1000000040
      ✓ should mint for amount=1
[FEE] 121691179650820 93890 1000000038
      ✓ should mint for amount=1
[FEE] 121691179407438 93890 1000000036
      ✓ should mint for amount=1
[FEE] 121691179164056 93890 1000000034
      ✓ should mint for amount=1
[FEE] 121689882816946 93889 1000000032
      ✓ should mint for amount=1
[FEE] 121691178677291 93890 1000000030
      ✓ should mint for amount=1
[FEE] 121691178433909 93890 1000000028
      ✓ should mint for amount=1
[FEE] 121691178190526 93890 1000000026
      ✓ should mint for amount=1
[FEE] 121689881843427 93889 1000000024
      ✓ should mint for amount=1
[FEE] 121688585618022 93888 1000000023
      ✓ should mint for amount=1
[FEE] 121689881600048 93889 1000000022
      ✓ should mint for amount=1
[FEE] 121691177582070 93890 1000000021
      ✓ should mint for amount=1
[FEE] 121691177460379 93890 1000000020
      ✓ should mint for amount=1
[FEE] 121691177338688 93890 1000000019
      ✓ should mint for amount=1
[FEE] 121691177216997 93890 1000000018
      ✓ should mint for amount=1
[FEE] 121689880991598 93889 1000000017
      ✓ should mint for amount=1
[FEE] 121691176973615 93890 1000000016
      ✓ should mint for amount=1
[FEE] 121691176851923 93890 1000000015
      ✓ should mint for amount=1
[FEE] 121689880626529 93889 1000000014
      ✓ should mint for amount=1
[FEE] 121689880504839 93889 1000000013
      ✓ should mint for amount=1
[FEE] 121688584279448 93888 1000000012
      ✓ should mint for amount=1
[FEE] 121688584157759 93888 1000000011
      ✓ should mint for amount=1
[FEE] 121688584036071 93888 1000000010
      ✓ should mint for amount=1
[FEE] 121688583914382 93888 1000000009
      ✓ should mint for amount=1
[FEE] 121689879896389 93889 1000000008
      ✓ should mint for amount=1
[FEE] 121691176000085 93890 1000000008
      ✓ should mint for amount=1
[FEE] 121691176000085 93890 1000000008
      ✓ should mint for amount=1
[FEE] 121689879896389 93889 1000000008
      ✓ should mint for amount=1
[FEE] 121688583792694 93888 1000000008
      ✓ should mint for amount=1
[FEE] 121688583792694 93888 1000000008
      ✓ should mint for amount=1
[FEE] 121687287688998 93887 1000000008
      ✓ should mint for amount=1
[FEE] 121688583792694 93888 1000000008
      ✓ should mint for amount=1
[FEE] 121689879896389 93889 1000000008
      ✓ should mint for amount=1
[FEE] 121688583792694 93888 1000000008
      ✓ should mint for amount=1
[FEE] 121689879896389 93889 1000000008
      ✓ should mint for amount=1
[FEE] 121688583792694 93888 1000000008
      ✓ should mint for amount=1
[FEE] 121687287688998 93887 1000000008
      ✓ should mint for amount=1
[FEE] 121687287688998 93887 1000000008
      ✓ should mint for amount=1
[FEE] 121687287688998 93887 1000000008
      ✓ should mint for amount=1
[FEE] 121688583792694 93888 1000000008
      ✓ should mint for amount=1
[FEE] 121689879896389 93889 1000000008
      ✓ should mint for amount=1
[FEE] 121691176000085 93890 1000000008
      ✓ should mint for amount=1
[FEE] 121691176000085 93890 1000000008
      ✓ should mint for amount=1
[FEE] 121691176000085 93890 1000000008
      ✓ should mint for amount=1
[FEE] 121691176000085 93890 1000000008
      ✓ should mint for amount=1
[FEE] 121691176000085 93890 1000000008
      ✓ should mint for amount=1
[FEE] 121689879896389 93889 1000000008
      ✓ should mint for amount=1
[FEE] 121691176000085 93890 1000000008
      ✓ should mint for amount=1
[FEE] 121691176000085 93890 1000000008
      ✓ should mint for amount=1
[FEE] 121689879896389 93889 1000000008
      ✓ should mint for amount=1
[FEE] 121691176000085 93890 1000000008
      ✓ should mint for amount=1
[FEE] 121691176000085 93890 1000000008
      ✓ should mint for amount=1
[FEE] 121691176000085 93890 1000000008
      ✓ should mint for amount=1
[FEE] 121691176000085 93890 1000000008
      ✓ should mint for amount=1
[FEE] 121691176000085 93890 1000000008
      ✓ should mint for amount=1
[FEE] 121689879896389 93889 1000000008
      ✓ should mint for amount=1
[FEE] 121691176000085 93890 1000000008
      ✓ should mint for amount=1
[FEE] 121691176000085 93890 1000000008
      ✓ should mint for amount=1
[FEE] 121691176000085 93890 1000000008
      ✓ should mint for amount=1
[FEE] 121691176000085 93890 1000000008
      ✓ should mint for amount=1
[FEE] 121691176000085 93890 1000000008
      ✓ should mint for amount=1
[FEE] 121691176000085 93890 1000000008
      ✓ should mint for amount=1
[FEE] 121689879896389 93889 1000000008
      ✓ should mint for amount=1
[FEE] 121691176000085 93890 1000000008
      ✓ should mint for amount=1
[FEE] 121691176000085 93890 1000000008
      ✓ should mint for amount=1
[FEE] 121691176000085 93890 1000000008
      ✓ should mint for amount=1
[FEE] 121691176000085 93890 1000000008
      ✓ should mint for amount=1
[FEE] 121691176000085 93890 1000000008
      ✓ should mint for amount=1
[FEE] 121691176000085 93890 1000000008
      ✓ should mint for amount=1
[FEE] 121691176000085 93890 1000000008
      ✓ should mint for amount=1
[FEE] 121689879896389 93889 1000000008
      ✓ should mint for amount=1
[FEE] 121688583792694 93888 1000000008
      ✓ should mint for amount=1
[FEE] 121687287688998 93887 1000000008
      ✓ should mint for amount=1
[FEE] 121688583792694 93888 1000000008
      ✓ should mint for amount=1
[FEE] 121689879896389 93889 1000000008
      ✓ should mint for amount=1
[FEE] 121689879896389 93889 1000000008
      ✓ should mint for amount=1
[FEE] 121689879896389 93889 1000000008
      ✓ should mint for amount=1
[FEE] 121691176000085 93890 1000000008
      ✓ should mint for amount=1
[FEE] 121689879896389 93889 1000000008
      ✓ should mint for amount=1
[FEE] 121689879896389 93889 1000000008
      ✓ should mint for amount=1
[FEE] 121689879896389 93889 1000000008
      ✓ should mint for amount=1
[FEE] 121689879896389 93889 1000000008
      ✓ should mint for amount=1
[FEE] 121691176000085 93890 1000000008
      ✓ should mint for amount=1
[FEE] 121691176000085 93890 1000000008
      ✓ should mint for amount=1
[FEE] 121691176000085 93890 1000000008
      ✓ should mint for amount=1
[FEE] 121691176000085 93890 1000000008
      ✓ should mint for amount=1
[FEE] 121691176000085 93890 1000000008
      ✓ should mint for amount=1
[FEE] 121689879896389 93889 1000000008
      ✓ should mint for amount=1
[FEE] 121691176000085 93890 1000000008
      ✓ should mint for amount=1
[FEE] 121691176000085 93890 1000000008
      ✓ should mint for amount=1
[FEE] 121691176000085 93890 1000000008
      ✓ should mint for amount=1
[FEE] 121691176000085 93890 1000000008
      ✓ should mint for amount=1
[FEE] 121691176000085 93890 1000000008
      ✓ should mint for amount=1
[FEE] 121691176000085 93890 1000000008
      ✓ should mint for amount=1
[FEE] 121691176000085 93890 1000000008
      ✓ should mint for amount=1
[FEE] 121691176000085 93890 1000000008
      ✓ should mint for amount=1
[FEE] 121691176000085 93890 1000000008
      ✓ should mint for amount=1
[FEE] 121689879896389 93889 1000000008
      ✓ should mint for amount=1
[FEE] 121691176000085 93890 1000000008
      ✓ should mint for amount=1
[FEE] 121691176000085 93890 1000000008
      ✓ should mint for amount=1
[FEE] 121691176000085 93890 1000000008
      ✓ should mint for amount=1
[FEE] 121691176000085 93890 1000000008
      ✓ should mint for amount=1
[FEE] 121691176000085 93890 1000000008
      ✓ should mint for amount=1
[FEE] 121689879896389 93889 1000000008
      ✓ should mint for amount=1
[FEE] 121689879896389 93889 1000000008
      ✓ should mint for amount=1
[FEE] 121689879896389 93889 1000000008
      ✓ should mint for amount=1
[FEE] 121691176000085 93890 1000000008
      ✓ should mint for amount=1
[FEE] 121689879896389 93889 1000000008
      ✓ should mint for amount=1
[FEE] 121688583792694 93888 1000000008
      ✓ should mint for amount=1
[FEE] 121688583792694 93888 1000000008
      ✓ should mint for amount=1
[FEE] 121687287688998 93887 1000000008
      ✓ should mint for amount=1
[FEE] 121688583792694 93888 1000000008
      ✓ should mint for amount=1
[FEE] 121689879896389 93889 1000000008
      ✓ should mint for amount=1
[FEE] 121691176000085 93890 1000000008
      ✓ should mint for amount=1
[FEE] 121691176000085 93890 1000000008
      ✓ should mint for amount=1
[FEE] 121689879896389 93889 1000000008
      ✓ should mint for amount=1
[FEE] 121691176000085 93890 1000000008
      ✓ should mint for amount=1
[FEE] 121691176000085 93890 1000000008
      ✓ should mint for amount=1
[FEE] 121691176000085 93890 1000000008
      ✓ should mint for amount=1
[FEE] 121691176000085 93890 1000000008
      ✓ should mint for amount=1
[FEE] 121691176000085 93890 1000000008
      ✓ should mint for amount=1
[FEE] 121691176000085 93890 1000000008
      ✓ should mint for amount=1
[FEE] 121689879896389 93889 1000000008
      ✓ should mint for amount=1
[FEE] 121689879896389 93889 1000000008
      ✓ should mint for amount=1
[FEE] 121691176000085 93890 1000000008
      ✓ should mint for amount=1
[FEE] 121689879896389 93889 1000000008
      ✓ should mint for amount=1
[FEE] 121688583792694 93888 1000000008
      ✓ should mint for amount=1

·----------------------------------------|---------------------------|-------------|----------------------------·
|          [90mSolc version: 0.8.17[39m          ·  [90mOptimizer enabled: true[39m  ·  [90mRuns: 200[39m  ·  [90mBlock limit: 8000000 gas[39m  │
·········································|···························|·············|·····························
|  [32m[1mMethods[22m[39m                                                                                                      │
···················|·····················|·············|·············|·············|··············|··············
|  [1mContract[22m        ·  [1mMethod[22m             ·  [32mMin[39m        ·  [32mMax[39m        ·  [32mAvg[39m        ·  [1m# calls[22m     ·  [1musd (avg)[22m  │
···················|·····················|·············|·············|·············|··············|··············
|  [90mXPowerThorTest[39m  ·  init               ·          -  ·          -  ·      67353  ·           [90m1[39m  ·          [32m[90m-[32m[39m  │
···················|·····················|·············|·············|·············|··············|··············
|  [90mXPowerThorTest[39m  ·  mint               ·     [36m121685[39m  ·     [31m229535[39m  ·     125656  ·         [90m395[39m  ·          [32m[90m-[32m[39m  │
···················|·····················|·············|·············|·············|··············|··············
|  [90mXPowerThorTest[39m  ·  transferOwnership  ·          -  ·          -  ·      28656  ·           [90m1[39m  ·          [32m[90m-[32m[39m  │
···················|·····················|·············|·············|·············|··············|··············
|  [32m[1mDeployments[22m[39m                           ·                                         ·  [1m% of limit[22m  ·             │
·········································|·············|·············|·············|··············|··············
|  XPowerThorTest                        ·          -  ·          -  ·    3331941  ·      [90m41.6 %[39m  ·          [32m[90m-[32m[39m  │
·----------------------------------------|-------------|-------------|-------------|--------------|-------------·

  395 passing (25s)

