
> xpower@6.0.0 test-gas
> REPORT_GAS=true npm test ./test/contracts/XPower.fees.1-thor.test.js


> xpower@6.0.0 test
> hardhat test ./test/contracts/XPower.fees.1-thor.test.js


  XPowerThor
    mint
[FEE] 348773550898120 162282 1658186771
      ✓ should mint for amount=1
[FEE] 338595301405824 158008 1653339744
      ✓ should mint for amount=1
[FEE] 328225082638925 154001 1644403831
      ✓ should mint for amount=1
[FEE] 317836759125668 150245 1632166088
      ✓ should mint for amount=1
[FEE] 307559076438677 146723 1617300066
      ✓ should mint for amount=1
[FEE] 297492341586412 143421 1600380674
      ✓ should mint for amount=1
[FEE] 287708738044206 140325 1581897194
      ✓ should mint for amount=1
[FEE] 278261918211254 137423 1562264643
      ✓ should mint for amount=1
[FEE] 269187289297855 134703 1541833706
      ✓ should mint for amount=1
[FEE] 260505718827090 132153 1520899404
      ✓ should mint for amount=1
[FEE] 252228509281077 129762 1499708652
      ✓ should mint for amount=1
[FEE] 244359733387978 127520 1478466856
      ✓ should mint for amount=1
[FEE] 236896220708744 125417 1457343669
      ✓ should mint for amount=1
[FEE] 229834776648830 123446 1436477988
      ✓ should mint for amount=1
[FEE] 223165770106359 121599 1415982327
      ✓ should mint for amount=1
[FEE] 216876158869456 119868 1395946609
      ✓ should mint for amount=1
[FEE] 210950361473352 118245 1376441451
      ✓ should mint for amount=1
[FEE] 205372719148806 116723 1357521031
      ✓ should mint for amount=1
[FEE] 200127937253635 115296 1339225571
      ✓ should mint for amount=1
[FEE] 195197997057222 113957 1321583488
      ✓ should mint for amount=1
[FEE] 190571085939080 112703 1304613255
      ✓ should mint for amount=1
[FEE] 186228097308605 111527 1288325018
      ✓ should mint for amount=1
[FEE] 182154831862938 110425 1272721974
      ✓ should mint for amount=1
[FEE] 178335352143874 109392 1257801579
      ✓ should mint for amount=1
[FEE] 174755445350761 108424 1243556570
      ✓ should mint for amount=1
[FEE] 171397858440547 107515 1229975856
      ✓ should mint for amount=1
[FEE] 168253591933923 106664 1217045270
      ✓ should mint for amount=1
[FEE] 165305933245111 105865 1204748223
      ✓ should mint for amount=1
[FEE] 162546365809881 105117 1193066251
      ✓ should mint for amount=1
[FEE] 159960435777050 104415 1181979489
      ✓ should mint for amount=1
[FEE] 157538691589273 103757 1171467063
      ✓ should mint for amount=1
[FEE] 155270468752856 103140 1161507428
      ✓ should mint for amount=1
[FEE] 153146951109195 102562 1152078650
      ✓ should mint for amount=1
[FEE] 151158149798388 102020 1143158639
      ✓ should mint for amount=1
[FEE] 149294430258833 101511 1134725342
      ✓ should mint for amount=1
[FEE] 147550885538537 101035 1126756907
      ✓ should mint for amount=1
[FEE] 145918474489677 100589 1119231809
      ✓ should mint for amount=1
[FEE] 144389929534808 100171 1112128959
      ✓ should mint for amount=1
[FEE] 142958264949228 99779 1105427784
      ✓ should mint for amount=1
[FEE] 141616766082037 99411 1099108293
      ✓ should mint for amount=1
[FEE] 140358977402489 99065 1093151125
      ✓ should mint for amount=1
[FEE] 139182918994219 98742 1087537586
      ✓ should mint for amount=1
[FEE] 138081151859867 98439 1082249671
      ✓ should mint for amount=1
[FEE] 137049284230267 98155 1077270082
      ✓ should mint for amount=1
[FEE] 136081722777603 97888 1072582231
      ✓ should mint for amount=1
[FEE] 135175845661132 97638 1068170242
      ✓ should mint for amount=1
[FEE] 134326420011440 97403 1064018947
      ✓ should mint for amount=1
[FEE] 133529768721957 97182 1060113875
      ✓ should mint for amount=1
[FEE] 132785103879672 96976 1056441238
      ✓ should mint for amount=1
[FEE] 132089014627243 96784 1052987917
      ✓ should mint for amount=1
[FEE] 131434145565775 96602 1049741442
      ✓ should mint for amount=1
[FEE] 130822814137152 96433 1046689973
      ✓ should mint for amount=1
[FEE] 130250630438932 96275 1043822277
      ✓ should mint for amount=1
[FEE] 129713333814941 96126 1041127709
      ✓ should mint for amount=1
[FEE] 129209475511044 95986 1038596188
      ✓ should mint for amount=1
[FEE] 128737692701153 95855 1036218172
      ✓ should mint for amount=1
[FEE] 128296704279460 95733 1033984637
      ✓ should mint for amount=1
[FEE] 127882631776276 95618 1031887055
      ✓ should mint for amount=1
[FEE] 127494360047879 95510 1029917370
      ✓ should mint for amount=1
[FEE] 127130841216646 95409 1028067976
      ✓ should mint for amount=1
[FEE] 126791090948188 95315 1026331695
      ✓ should mint for amount=1
[FEE] 126471528812011 95226 1024701757
      ✓ should mint for amount=1
[FEE] 126172625342670 95143 1023171779
      ✓ should mint for amount=1
[FEE] 125892247046643 95065 1021735745
      ✓ should mint for amount=1
[FEE] 125629639548743 94992 1020387986
      ✓ should mint for amount=1
[FEE] 125384094848544 94924 1019123164
      ✓ should mint for amount=1
[FEE] 125153629007942 94860 1017936252
      ✓ should mint for amount=1
[FEE] 124937623000475 94800 1016822520
      ✓ should mint for amount=1
[FEE] 124732862382738 94742 1015777514
      ✓ should mint for amount=1
[FEE] 124542755412067 94689 1014797046
      ✓ should mint for amount=1
[FEE] 124364158371066 94639 1013877177
      ✓ should mint for amount=1
[FEE] 124196594388684 94592 1013014201
      ✓ should mint for amount=1
[FEE] 124039616180341 94548 1012204635
      ✓ should mint for amount=1
[FEE] 123891493069358 94506 1011445204
      ✓ should mint for amount=1
[FEE] 123754454250624 94468 1010732831
      ✓ should mint for amount=1
[FEE] 123624200275919 94431 1010064624
      ✓ should mint for amount=1
[FEE] 123504314788122 94398 1009437866
      ✓ should mint for amount=1
[FEE] 123391855309639 94367 1008850004
      ✓ should mint for amount=1
[FEE] 123283905775715 94336 1008298641
      ✓ should mint for amount=1
[FEE] 123184105095051 94308 1007781525
      ✓ should mint for amount=1
[FEE] 123090879492053 94282 1007296541
      ✓ should mint for amount=1
[FEE] 123002674471760 94257 1006841704
      ✓ should mint for amount=1
[FEE] 122921866388715 94235 1006415149
      ✓ should mint for amount=1
[FEE] 122845626471165 94214 1006015127
      ✓ should mint for amount=1
[FEE] 122773750289105 94194 1005639994
      ✓ should mint for amount=1
[FEE] 122706046353049 94175 1005288209
      ✓ should mint for amount=1
[FEE] 122642334860329 94157 1004958324
      ✓ should mint for amount=1
[FEE] 122582447298835 94140 1004648981
      ✓ should mint for amount=1
[FEE] 122527527318231 94125 1004358905
      ✓ should mint for amount=1
[FEE] 122474822850723 94110 1004086900
      ✓ should mint for amount=1
[FEE] 122426798025058 94097 1003831843
      ✓ should mint for amount=1
[FEE] 122382020954529 94085 1003592682
      ✓ should mint for amount=1
[FEE] 122339069031479 94073 1003368429
      ✓ should mint for amount=1
[FEE] 122299128744116 94062 1003158157
      ✓ should mint for amount=1
[FEE] 122262092622855 94052 1002960996
      ✓ should mint for amount=1
[FEE] 122225260525786 94041 1002776130
      ✓ should mint for amount=1
[FEE] 122191138490506 94031 1002602795
      ✓ should mint for amount=1
[FEE] 122159637775709 94022 1002440272
      ✓ should mint for amount=1
[FEE] 122130675364769 94014 1002287888
      ✓ should mint for amount=1
[FEE] 122104173466960 94007 1002145012
      ✓ should mint for amount=1
[FEE] 122077461721167 93999 1002011052
      ✓ should mint for amount=1
[FEE] 122051771185992 93991 1001885452
      ✓ should mint for amount=1
[FEE] 122029634927075 93985 1001767691
      ✓ should mint for amount=1
[FEE] 122009694029398 93980 1001657280
      ✓ should mint for amount=1
[FEE] 121990594017625 93975 1001553761
      ✓ should mint for amount=1
[FEE] 121970984516040 93969 1001456705
      ✓ should mint for amount=1
[FEE] 121952114424096 93963 1001365708
      ✓ should mint for amount=1
[FEE] 121935235453334 93958 1001280393
      ✓ should mint for amount=1
[FEE] 121920303931740 93954 1001200405
      ✓ should mint for amount=1
[FEE] 121905981475390 93950 1001125412
      ✓ should mint for amount=1
[FEE] 121892230016303 93946 1001055102
      ✓ should mint for amount=1
[FEE] 121880311313908 93943 1000989183
      ✓ should mint for amount=1
[FEE] 121868894393512 93940 1000927381
      ✓ should mint for amount=1
[FEE] 121857947916801 93937 1000869439
      ✓ should mint for amount=1
[FEE] 121848739657592 93935 1000815116
      ✓ should mint for amount=1
[FEE] 121839944767273 93933 1000764186
      ✓ should mint for amount=1
[FEE] 121831537409664 93931 1000716437
      ✓ should mint for amount=1
[FEE] 121820899506683 93927 1000671671
      ✓ should mint for amount=1
[FEE] 121813196397411 93925 1000629702
      ✓ should mint for amount=1
[FEE] 121804515701552 93922 1000590354
      ✓ should mint for amount=1
[FEE] 121797431463746 93920 1000553465
      ✓ should mint for amount=1
[FEE] 121789331101062 93917 1000518880
      ✓ should mint for amount=1
[FEE] 121782790783366 93915 1000486456
      ✓ should mint for amount=1
[FEE] 121777793935270 93914 1000456058
      ✓ should mint for amount=1
[FEE] 121773028314122 93913 1000427559
      ✓ should mint for amount=1
[FEE] 121768479549617 93912 1000400841
      ✓ should mint for amount=1
[FEE] 121764134002369 93911 1000375792
      ✓ should mint for amount=1
[FEE] 121759979007310 93910 1000352308
      ✓ should mint for amount=1
[FEE] 121756002630206 93909 1000330291
      ✓ should mint for amount=1
[FEE] 121752193789334 93908 1000309650
      ✓ should mint for amount=1
[FEE] 121748542012007 93907 1000290299
      ✓ should mint for amount=1
[FEE] 121745037434544 93906 1000272157
      ✓ should mint for amount=1
[FEE] 121741670923948 93905 1000255149
      ✓ should mint for amount=1
[FEE] 121739730126456 93905 1000239203
      ✓ should mint for amount=1
[FEE] 121735317885765 93903 1000224254
      ✓ should mint for amount=1
[FEE] 121732315771626 93902 1000210239
      ✓ should mint for amount=1
[FEE] 121729420307776 93901 1000197100
      ✓ should mint for amount=1
[FEE] 121727921140262 93901 1000184782
      ✓ should mint for amount=1
[FEE] 121725219357717 93900 1000173234
      ✓ should mint for amount=1
[FEE] 121722605352854 93899 1000162407
      ✓ should mint for amount=1
[FEE] 121720073768002 93898 1000152257
      ✓ should mint for amount=1
[FEE] 121718915656111 93898 1000142741
      ✓ should mint for amount=1
[FEE] 121717829956638 93898 1000133820
      ✓ should mint for amount=1
[FEE] 121716812044925 93898 1000125456
      ✓ should mint for amount=1
[FEE] 121714561526993 93897 1000117615
      ✓ should mint for amount=1
[FEE] 121713666908472 93897 1000110264
      ✓ should mint for amount=1
[FEE] 121711532034397 93896 1000103373
      ✓ should mint for amount=1
[FEE] 121710745737471 93896 1000096912
      ✓ should mint for amount=1
[FEE] 121710008606920 93896 1000090855
      ✓ should mint for amount=1
[FEE] 121709317600273 93896 1000085177
      ✓ should mint for amount=1
[FEE] 121708669675054 93896 1000079853
      ✓ should mint for amount=1
[FEE] 121708062275587 93896 1000074862
      ✓ should mint for amount=1
[FEE] 121707492846192 93896 1000070183
      ✓ should mint for amount=1
[FEE] 121705662885625 93895 1000065797
      ✓ should mint for amount=1
[FEE] 121703866281230 93894 1000061685
      ✓ should mint for amount=1
[FEE] 121703397141764 93894 1000057830
      ✓ should mint for amount=1
[FEE] 121702957331121 93894 1000054216
      ✓ should mint for amount=1
[FEE] 121702545023855 93894 1000050828
      ✓ should mint for amount=1
[FEE] 121702158394521 93894 1000047651
      ✓ should mint for amount=1
[FEE] 121700499821177 93893 1000044673
      ✓ should mint for amount=1
[FEE] 121698863890592 93892 1000041881
      ✓ should mint for amount=1
[FEE] 121698545296310 93892 1000039263
      ✓ should mint for amount=1
[FEE] 121698246659805 93892 1000036809
      ✓ should mint for amount=1
[FEE] 121697966642446 93892 1000034508
      ✓ should mint for amount=1
[FEE] 121696408003375 93891 1000032351
      ✓ should mint for amount=1
[FEE] 121696161941198 93891 1000030329
      ✓ should mint for amount=1
[FEE] 121694635071735 93890 1000028433
      ✓ should mint for amount=1
[FEE] 121694418826517 93890 1000026656
      ✓ should mint for amount=1
[FEE] 121694216089020 93890 1000024990
      ✓ should mint for amount=1
[FEE] 121694026007404 93890 1000023428
      ✓ should mint for amount=1
[FEE] 121693847851524 93890 1000021964
      ✓ should mint for amount=1
[FEE] 121693680769541 93890 1000020591
      ✓ should mint for amount=1
[FEE] 121693524152998 93890 1000019304
      ✓ should mint for amount=1
[FEE] 121692081266299 93889 1000018098
      ✓ should mint for amount=1
[FEE] 121691943635046 93889 1000016967
      ✓ should mint for amount=1
[FEE] 121691814643774 93889 1000015907
      ✓ should mint for amount=1
[FEE] 121692989807049 93890 1000014913
      ✓ should mint for amount=1
[FEE] 121692876390874 93890 1000013981
      ✓ should mint for amount=1
[FEE] 121692770032787 93890 1000013107
      ✓ should mint for amount=1
[FEE] 121692670367714 93890 1000012288
      ✓ should mint for amount=1
[FEE] 121692576908892 93890 1000011520
      ✓ should mint for amount=1
[FEE] 121692489291246 93890 1000010800
      ✓ should mint for amount=1
[FEE] 121692407149703 93890 1000010125
      ✓ should mint for amount=1
[FEE] 121692330119189 93890 1000009492
      ✓ should mint for amount=1
[FEE] 121690961841103 93889 1000008899
      ✓ should mint for amount=1
[FEE] 121689598067031 93888 1000008343
      ✓ should mint for amount=1
[FEE] 121690830781103 93889 1000007822
      ✓ should mint for amount=1
[FEE] 121692067387942 93890 1000007333
      ✓ should mint for amount=1
[FEE] 121692011653384 93890 1000006875
      ✓ should mint for amount=1
[FEE] 121691959326179 93890 1000006445
      ✓ should mint for amount=1
[FEE] 121691910284635 93890 1000006042
      ✓ should mint for amount=1
[FEE] 121690568174345 93889 1000005664
      ✓ should mint for amount=1
[FEE] 121690525096127 93889 1000005310
      ✓ should mint for amount=1
[FEE] 121690484695088 93889 1000004978
      ✓ should mint for amount=1
[FEE] 121690446849535 93889 1000004667
      ✓ should mint for amount=1
[FEE] 121691707425446 93890 1000004375
      ✓ should mint for amount=1
[FEE] 121691674203756 93890 1000004102
      ✓ should mint for amount=1
[FEE] 121691643050815 93890 1000003846
      ✓ should mint for amount=1
[FEE] 121691613844933 93890 1000003606
      ✓ should mint for amount=1
[FEE] 121691586464419 93890 1000003381
      ✓ should mint for amount=1
[FEE] 121691560787581 93890 1000003170
      ✓ should mint for amount=1
[FEE] 121691536692728 93890 1000002972
      ✓ should mint for amount=1
[FEE] 121691514058169 93890 1000002786
      ✓ should mint for amount=1
[FEE] 121691492883905 93890 1000002612
      ✓ should mint for amount=1
[FEE] 121691473048243 93890 1000002449
      ✓ should mint for amount=1
[FEE] 121691454429494 93890 1000002296
      ✓ should mint for amount=1
[FEE] 121691437027656 93890 1000002153
      ✓ should mint for amount=1
[FEE] 121691420599347 93890 1000002018
      ✓ should mint for amount=1
[FEE] 121691405266259 93890 1000001892
      ✓ should mint for amount=1
[FEE] 121691390906700 93890 1000001774
      ✓ should mint for amount=1
[FEE] 121691377398980 93890 1000001663
      ✓ should mint for amount=1
[FEE] 121691364743098 93890 1000001559
      ✓ should mint for amount=1
[FEE] 121691352939054 93890 1000001462
      ✓ should mint for amount=1
[FEE] 121691341865157 93890 1000001371
      ✓ should mint for amount=1
[FEE] 121690035294365 93889 1000001285
      ✓ should mint for amount=1
[FEE] 121691321664422 93890 1000001205
      ✓ should mint for amount=1
[FEE] 121690016432433 93889 1000001130
      ✓ should mint for amount=1
[FEE] 121691303897510 93890 1000001059
      ✓ should mint for amount=1
[FEE] 121691295865893 93890 1000000993
      ✓ should mint for amount=1
[FEE] 121691288321040 93890 1000000931
      ✓ should mint for amount=1
[FEE] 121689985158135 93889 1000000873
      ✓ should mint for amount=1
[FEE] 121689978465191 93889 1000000818
      ✓ should mint for amount=1
[FEE] 121688676154328 93888 1000000767
      ✓ should mint for amount=1
[FEE] 121688670313276 93888 1000000719
      ✓ should mint for amount=1
[FEE] 121687368732731 93887 1000000674
      ✓ should mint for amount=1
[FEE] 121687363621865 93887 1000000632
      ✓ should mint for amount=1
[FEE] 121688654980514 93888 1000000593
      ✓ should mint for amount=1
[FEE] 121689946582443 93889 1000000556
      ✓ should mint for amount=1
[FEE] 121688646218937 93888 1000000521
      ✓ should mint for amount=1
[FEE] 121688642203213 93888 1000000488
      ✓ should mint for amount=1
[FEE] 121689934656835 93889 1000000458
      ✓ should mint for amount=1
[FEE] 121691227232070 93890 1000000429
      ✓ should mint for amount=1
[FEE] 121689927842202 93889 1000000402
      ✓ should mint for amount=1
[FEE] 121691220904129 93890 1000000377
      ✓ should mint for amount=1
[FEE] 121691217983541 93890 1000000353
      ✓ should mint for amount=1
[FEE] 121691215306335 93890 1000000331
      ✓ should mint for amount=1
[FEE] 121689916646733 93889 1000000310
      ✓ should mint for amount=1
[FEE] 121691210438688 93890 1000000291
      ✓ should mint for amount=1
[FEE] 121691208248247 93890 1000000273
      ✓ should mint for amount=1
[FEE] 121691206179497 93890 1000000256
      ✓ should mint for amount=1
[FEE] 121691204232438 93890 1000000240
      ✓ should mint for amount=1
[FEE] 121691202407070 93890 1000000225
      ✓ should mint for amount=1
[FEE] 121691200703394 93890 1000000211
      ✓ should mint for amount=1
[FEE] 121691199121408 93890 1000000198
      ✓ should mint for amount=1
[FEE] 121691197661114 93890 1000000186
      ✓ should mint for amount=1
[FEE] 121691196200820 93890 1000000174
      ✓ should mint for amount=1
[FEE] 121691194862217 93890 1000000163
      ✓ should mint for amount=1
[FEE] 121691193645306 93890 1000000153
      ✓ should mint for amount=1
[FEE] 121689896324523 93889 1000000143
      ✓ should mint for amount=1
[FEE] 121691191333173 93890 1000000134
      ✓ should mint for amount=1
[FEE] 121691190359644 93890 1000000126
      ✓ should mint for amount=1
[FEE] 121691189386114 93890 1000000118
      ✓ should mint for amount=1
[FEE] 121691188534276 93890 1000000111
      ✓ should mint for amount=1
[FEE] 121689891578618 93889 1000000104
      ✓ should mint for amount=1
[FEE] 121689890848478 93889 1000000098
      ✓ should mint for amount=1
[FEE] 121689890118339 93889 1000000092
      ✓ should mint for amount=1
[FEE] 121691185491997 93890 1000000086
      ✓ should mint for amount=1
[FEE] 121691184883541 93890 1000000081
      ✓ should mint for amount=1
[FEE] 121689888171301 93889 1000000076
      ✓ should mint for amount=1
[FEE] 121691183666629 93890 1000000071
      ✓ should mint for amount=1
[FEE] 121689887076092 93889 1000000067
      ✓ should mint for amount=1
[FEE] 121691182693100 93890 1000000063
      ✓ should mint for amount=1
[FEE] 121691182206335 93890 1000000059
      ✓ should mint for amount=1
[FEE] 121691181719570 93890 1000000055
      ✓ should mint for amount=1
[FEE] 121689885250744 93889 1000000052
      ✓ should mint for amount=1
[FEE] 121689884885674 93889 1000000049
      ✓ should mint for amount=1
[FEE] 121691180624350 93890 1000000046
      ✓ should mint for amount=1
[FEE] 121689884155535 93889 1000000043
      ✓ should mint for amount=1
[FEE] 121688587686728 93888 1000000040
      ✓ should mint for amount=1
[FEE] 121689883547086 93889 1000000038
      ✓ should mint for amount=1
[FEE] 121689883303706 93889 1000000036
      ✓ should mint for amount=1
[FEE] 121691179164056 93890 1000000034
      ✓ should mint for amount=1
[FEE] 121691178920673 93890 1000000032
      ✓ should mint for amount=1
[FEE] 121691178677291 93890 1000000030
      ✓ should mint for amount=1
[FEE] 121691178433909 93890 1000000028
      ✓ should mint for amount=1
[FEE] 121691178190526 93890 1000000026
      ✓ should mint for amount=1
[FEE] 121691177947144 93890 1000000024
      ✓ should mint for amount=1
[FEE] 121691177825453 93890 1000000023
      ✓ should mint for amount=1
[FEE] 121689881600048 93889 1000000022
      ✓ should mint for amount=1
[FEE] 121688585374645 93888 1000000021
      ✓ should mint for amount=1
[FEE] 121687289149245 93887 1000000020
      ✓ should mint for amount=1
[FEE] 121687289027558 93887 1000000019
      ✓ should mint for amount=1
[FEE] 121687288905871 93887 1000000018
      ✓ should mint for amount=1
[FEE] 121688584887891 93888 1000000017
      ✓ should mint for amount=1
[FEE] 121689880869908 93889 1000000016
      ✓ should mint for amount=1
[FEE] 121691176851923 93890 1000000015
      ✓ should mint for amount=1
[FEE] 121691176730232 93890 1000000014
      ✓ should mint for amount=1
[FEE] 121689880504839 93889 1000000013
      ✓ should mint for amount=1
[FEE] 121691176486850 93890 1000000012
      ✓ should mint for amount=1
[FEE] 121691176365159 93890 1000000011
      ✓ should mint for amount=1
[FEE] 121691176243468 93890 1000000010
      ✓ should mint for amount=1
[FEE] 121691176121776 93890 1000000009
      ✓ should mint for amount=1
[FEE] 121691176000085 93890 1000000008
      ✓ should mint for amount=1
[FEE] 121691176000085 93890 1000000008
      ✓ should mint for amount=1
[FEE] 121691176000085 93890 1000000008
      ✓ should mint for amount=1
[FEE] 121691176000085 93890 1000000008
      ✓ should mint for amount=1
[FEE] 121691176000085 93890 1000000008
      ✓ should mint for amount=1
[FEE] 121691176000085 93890 1000000008
      ✓ should mint for amount=1
[FEE] 121689879896389 93889 1000000008
      ✓ should mint for amount=1
[FEE] 121691176000085 93890 1000000008
      ✓ should mint for amount=1
[FEE] 121691176000085 93890 1000000008
      ✓ should mint for amount=1
[FEE] 121691176000085 93890 1000000008
      ✓ should mint for amount=1
[FEE] 121691176000085 93890 1000000008
      ✓ should mint for amount=1
[FEE] 121689879896389 93889 1000000008
      ✓ should mint for amount=1
[FEE] 121689879896389 93889 1000000008
      ✓ should mint for amount=1
[FEE] 121688583792694 93888 1000000008
      ✓ should mint for amount=1
[FEE] 121689879896389 93889 1000000008
      ✓ should mint for amount=1
[FEE] 121689879896389 93889 1000000008
      ✓ should mint for amount=1
[FEE] 121688583792694 93888 1000000008
      ✓ should mint for amount=1
[FEE] 121689879896389 93889 1000000008
      ✓ should mint for amount=1
[FEE] 121691176000085 93890 1000000008
      ✓ should mint for amount=1
[FEE] 121691176000085 93890 1000000008
      ✓ should mint for amount=1
[FEE] 121691176000085 93890 1000000008
      ✓ should mint for amount=1
[FEE] 121691176000085 93890 1000000008
      ✓ should mint for amount=1
[FEE] 121689879896389 93889 1000000008
      ✓ should mint for amount=1
[FEE] 121691176000085 93890 1000000008
      ✓ should mint for amount=1
[FEE] 121691176000085 93890 1000000008
      ✓ should mint for amount=1
[FEE] 121691176000085 93890 1000000008
      ✓ should mint for amount=1
[FEE] 121691176000085 93890 1000000008
      ✓ should mint for amount=1
[FEE] 121691176000085 93890 1000000008
      ✓ should mint for amount=1
[FEE] 121691176000085 93890 1000000008
      ✓ should mint for amount=1
[FEE] 121691176000085 93890 1000000008
      ✓ should mint for amount=1
[FEE] 121691176000085 93890 1000000008
      ✓ should mint for amount=1
[FEE] 121691176000085 93890 1000000008
      ✓ should mint for amount=1
[FEE] 121691176000085 93890 1000000008
      ✓ should mint for amount=1
[FEE] 121689879896389 93889 1000000008
      ✓ should mint for amount=1
[FEE] 121688583792694 93888 1000000008
      ✓ should mint for amount=1
[FEE] 121688583792694 93888 1000000008
      ✓ should mint for amount=1
[FEE] 121688583792694 93888 1000000008
      ✓ should mint for amount=1
[FEE] 121688583792694 93888 1000000008
      ✓ should mint for amount=1
[FEE] 121689879896389 93889 1000000008
      ✓ should mint for amount=1
[FEE] 121688583792694 93888 1000000008
      ✓ should mint for amount=1
[FEE] 121687287688998 93887 1000000008
      ✓ should mint for amount=1
[FEE] 121687287688998 93887 1000000008
      ✓ should mint for amount=1
[FEE] 121687287688998 93887 1000000008
      ✓ should mint for amount=1
[FEE] 121688583792694 93888 1000000008
      ✓ should mint for amount=1
[FEE] 121689879896389 93889 1000000008
      ✓ should mint for amount=1
[FEE] 121688583792694 93888 1000000008
      ✓ should mint for amount=1
[FEE] 121688583792694 93888 1000000008
      ✓ should mint for amount=1
[FEE] 121689879896389 93889 1000000008
      ✓ should mint for amount=1
[FEE] 121689879896389 93889 1000000008
      ✓ should mint for amount=1
[FEE] 121689879896389 93889 1000000008
      ✓ should mint for amount=1
[FEE] 121691176000085 93890 1000000008
      ✓ should mint for amount=1
[FEE] 121691176000085 93890 1000000008
      ✓ should mint for amount=1
[FEE] 121691176000085 93890 1000000008
      ✓ should mint for amount=1
[FEE] 121691176000085 93890 1000000008
      ✓ should mint for amount=1
[FEE] 121691176000085 93890 1000000008
      ✓ should mint for amount=1
[FEE] 121689879896389 93889 1000000008
      ✓ should mint for amount=1
[FEE] 121691176000085 93890 1000000008
      ✓ should mint for amount=1
[FEE] 121689879896389 93889 1000000008
      ✓ should mint for amount=1
[FEE] 121691176000085 93890 1000000008
      ✓ should mint for amount=1
[FEE] 121691176000085 93890 1000000008
      ✓ should mint for amount=1
[FEE] 121691176000085 93890 1000000008
      ✓ should mint for amount=1
[FEE] 121691176000085 93890 1000000008
      ✓ should mint for amount=1
[FEE] 121689879896389 93889 1000000008
      ✓ should mint for amount=1
[FEE] 121689879896389 93889 1000000008
      ✓ should mint for amount=1
[FEE] 121689879896389 93889 1000000008
      ✓ should mint for amount=1
[FEE] 121689879896389 93889 1000000008
      ✓ should mint for amount=1
[FEE] 121689879896389 93889 1000000008
      ✓ should mint for amount=1
[FEE] 121691176000085 93890 1000000008
      ✓ should mint for amount=1
[FEE] 121691176000085 93890 1000000008
      ✓ should mint for amount=1
[FEE] 121691176000085 93890 1000000008
      ✓ should mint for amount=1
[FEE] 121691176000085 93890 1000000008
      ✓ should mint for amount=1
[FEE] 121691176000085 93890 1000000008
      ✓ should mint for amount=1
[FEE] 121691176000085 93890 1000000008
      ✓ should mint for amount=1
[FEE] 121691176000085 93890 1000000008
      ✓ should mint for amount=1
[FEE] 121691176000085 93890 1000000008
      ✓ should mint for amount=1
[FEE] 121691176000085 93890 1000000008
      ✓ should mint for amount=1
[FEE] 121691176000085 93890 1000000008
      ✓ should mint for amount=1
[FEE] 121691176000085 93890 1000000008
      ✓ should mint for amount=1
[FEE] 121691176000085 93890 1000000008
      ✓ should mint for amount=1
[FEE] 121689879896389 93889 1000000008
      ✓ should mint for amount=1
[FEE] 121691176000085 93890 1000000008
      ✓ should mint for amount=1
[FEE] 121691176000085 93890 1000000008
      ✓ should mint for amount=1
[FEE] 121691176000085 93890 1000000008
      ✓ should mint for amount=1
[FEE] 121691176000085 93890 1000000008
      ✓ should mint for amount=1
[FEE] 121691176000085 93890 1000000008
      ✓ should mint for amount=1
[FEE] 121691176000085 93890 1000000008
      ✓ should mint for amount=1
[FEE] 121691176000085 93890 1000000008
      ✓ should mint for amount=1
[FEE] 121691176000085 93890 1000000008
      ✓ should mint for amount=1
[FEE] 121689879896389 93889 1000000008
      ✓ should mint for amount=1
[FEE] 121688583792694 93888 1000000008
      ✓ should mint for amount=1
[FEE] 121688583792694 93888 1000000008
      ✓ should mint for amount=1
[FEE] 121687287688998 93887 1000000008
      ✓ should mint for amount=1
[FEE] 121685991585302 93886 1000000008
      ✓ should mint for amount=1
[FEE] 121685991585302 93886 1000000008
      ✓ should mint for amount=1
[FEE] 121685991585302 93886 1000000008
      ✓ should mint for amount=1
[FEE] 121685991585302 93886 1000000008
      ✓ should mint for amount=1
[FEE] 121685991585302 93886 1000000008
      ✓ should mint for amount=1
[FEE] 121687287688998 93887 1000000008
      ✓ should mint for amount=1
[FEE] 121688583792694 93888 1000000008
      ✓ should mint for amount=1
[FEE] 121689879896389 93889 1000000008
      ✓ should mint for amount=1
[FEE] 121689879896389 93889 1000000008
      ✓ should mint for amount=1
[FEE] 121691176000085 93890 1000000008
      ✓ should mint for amount=1
[FEE] 121691176000085 93890 1000000008
      ✓ should mint for amount=1
[FEE] 121691176000085 93890 1000000008
      ✓ should mint for amount=1

·----------------------------------------|---------------------------|-------------|----------------------------·
|          [90mSolc version: 0.8.17[39m          ·  [90mOptimizer enabled: true[39m  ·  [90mRuns: 200[39m  ·  [90mBlock limit: 8000000 gas[39m  │
·········································|···························|·············|·····························
|  [32m[1mMethods[22m[39m                                                                                                      │
···················|·····················|·············|·············|·············|··············|··············
|  [1mContract[22m        ·  [1mMethod[22m             ·  [32mMin[39m        ·  [32mMax[39m        ·  [32mAvg[39m        ·  [1m# calls[22m     ·  [1musd (avg)[22m  │
···················|·····················|·············|·············|·············|··············|··············
|  [90mXPowerThorTest[39m  ·  init               ·          -  ·          -  ·      67353  ·           [90m1[39m  ·          [32m[90m-[32m[39m  │
···················|·····················|·············|·············|·············|··············|··············
|  [90mXPowerThorTest[39m  ·  mint               ·     [36m121696[39m  ·     [31m229524[39m  ·     125657  ·         [90m396[39m  ·          [32m[90m-[32m[39m  │
···················|·····················|·············|·············|·············|··············|··············
|  [90mXPowerThorTest[39m  ·  transferOwnership  ·          -  ·          -  ·      28656  ·           [90m1[39m  ·          [32m[90m-[32m[39m  │
···················|·····················|·············|·············|·············|··············|··············
|  [32m[1mDeployments[22m[39m                           ·                                         ·  [1m% of limit[22m  ·             │
·········································|·············|·············|·············|··············|··············
|  XPowerThorTest                        ·          -  ·          -  ·    3331941  ·      [90m41.6 %[39m  ·          [32m[90m-[32m[39m  │
·----------------------------------------|-------------|-------------|-------------|--------------|-------------·

  396 passing (22s)

