
> xpower@6.0.0 test-gas
> REPORT_GAS=true npm test ./test/contracts/XPower.fees.1-thor.test.js


> xpower@6.0.0 test
> hardhat test ./test/contracts/XPower.fees.1-thor.test.js


  XPowerThor
    mint
[FEE] 348822982083776 162305 1658186771
      ✓ should mint for amount=1
[FEE] 338642451344703 158030 1653339774
      ✓ should mint for amount=1
[FEE] 328269851094044 154022 1644403885
      ✓ should mint for amount=1
[FEE] 317876967989927 150264 1632166166
      ✓ should mint for amount=1
[FEE] 307596826281626 146741 1617300163
      ✓ should mint for amount=1
[FEE] 297527625002226 143438 1600380787
      ✓ should mint for amount=1
[FEE] 287743615928742 140342 1581897319
      ✓ should mint for amount=1
[FEE] 278292315470020 137438 1562264780
      ✓ should mint for amount=1
[FEE] 269215290837138 134717 1541833845
      ✓ should mint for amount=1
[FEE] 260531368972402 132166 1520899544
      ✓ should mint for amount=1
[FEE] 252251857995886 129774 1499708791
      ✓ should mint for amount=1
[FEE] 244380835073510 127531 1478466995
      ✓ should mint for amount=1
[FEE] 236918909240131 125429 1457343805
      ✓ should mint for amount=1
[FEE] 229857140623784 123458 1436478126
      ✓ should mint for amount=1
[FEE] 223184145087222 121609 1415982469
      ✓ should mint for amount=1
[FEE] 216892464400954 119877 1395946750
      ✓ should mint for amount=1
[FEE] 210964654864325 118253 1376441590
      ✓ should mint for amount=1
[FEE] 205386815780378 116731 1357521168
      ✓ should mint for amount=1
[FEE] 200140107705605 115303 1339225705
      ✓ should mint for amount=1
[FEE] 195210006328600 113964 1321583616
      ✓ should mint for amount=1
[FEE] 190582940305728 112710 1304613378
      ✓ should mint for amount=1
[FEE] 186239802841708 111534 1288325135
      ✓ should mint for amount=1
[FEE] 182164745514478 110431 1272722087
      ✓ should mint for amount=1
[FEE] 178343518663489 109397 1257801687
      ✓ should mint for amount=1
[FEE] 174761907079304 108428 1243556674
      ✓ should mint for amount=1
[FEE] 171405843118097 107520 1229975955
      ✓ should mint for amount=1
[FEE] 168261492152360 106669 1217045365
      ✓ should mint for amount=1
[FEE] 165312191783541 105869 1204748315
      ✓ should mint for amount=1
[FEE] 162551016948507 105120 1193066340
      ✓ should mint for amount=1
[FEE] 159965043049236 104418 1181979573
      ✓ should mint for amount=1
[FEE] 157543257376303 103760 1171467143
      ✓ should mint for amount=1
[FEE] 155276500649172 103144 1161507504
      ✓ should mint for amount=1
[FEE] 153151440453594 102565 1152078723
      ✓ should mint for amount=1
[FEE] 151161122226583 102022 1143158708
      ✓ should mint for amount=1
[FEE] 149298850976150 101514 1134725407
      ✓ should mint for amount=1
[FEE] 147555274708176 101038 1126756968
      ✓ should mint for amount=1
[FEE] 145921383332451 100591 1119231867
      ✓ should mint for amount=1
[FEE] 144391378110082 100172 1112129014
      ✓ should mint for amount=1
[FEE] 142959704423164 99780 1105427836
      ✓ should mint for amount=1
[FEE] 141618196953911 99412 1099108342
      ✓ should mint for amount=1
[FEE] 140360400146082 99066 1093151171
      ✓ should mint for amount=1
[FEE] 139184334058883 98743 1087537629
      ✓ should mint for amount=1
[FEE] 138082559798780 98440 1082249712
      ✓ should mint for amount=1
[FEE] 137050685318364 98156 1077270120
      ✓ should mint for amount=1
[FEE] 136084507573814 97890 1072582266
      ✓ should mint for amount=1
[FEE] 135178618756108 97640 1068170275
      ✓ should mint for amount=1
[FEE] 134330561161773 97406 1064018978
      ✓ should mint for amount=1
[FEE] 133536642462428 97187 1060113904
      ✓ should mint for amount=1
[FEE] 132790584428692 96980 1056441266
      ✓ should mint for amount=1
[FEE] 132091747451845 96786 1052987943
      ✓ should mint for amount=1
[FEE] 131438230292073 96605 1049741466
      ✓ should mint for amount=1
[FEE] 130826886743150 96436 1046689995
      ✓ should mint for amount=1
[FEE] 130253338863217 96277 1043822298
      ✓ should mint for amount=1
[FEE] 129716035125699 96128 1041127729
      ✓ should mint for amount=1
[FEE] 129213516135496 95989 1038596206
      ✓ should mint for amount=1
[FEE] 128741723951840 95858 1036218189
      ✓ should mint for amount=1
[FEE] 128298046416058 95734 1033984653
      ✓ should mint for amount=1
[FEE] 127883971067873 95619 1031887070
      ✓ should mint for amount=1
[FEE] 127495696660668 95511 1029917384
      ✓ should mint for amount=1
[FEE] 127132175306935 95410 1028067989
      ✓ should mint for amount=1
[FEE] 126789762198338 95314 1026331707
      ✓ should mint for amount=1
[FEE] 126468873930185 95224 1024701768
      ✓ should mint for amount=1
[FEE] 126169974302369 95141 1023171789
      ✓ should mint for amount=1
[FEE] 125889599604618 95063 1021735754
      ✓ should mint for amount=1
[FEE] 125626995476420 94990 1020387994
      ✓ should mint for amount=1
[FEE] 125381453931168 94922 1019123171
      ✓ should mint for amount=1
[FEE] 125150991166707 94858 1017936259
      ✓ should mint for amount=1
[FEE] 124934987922852 94798 1016822526
      ✓ should mint for amount=1
[FEE] 124730230013536 94740 1015777520
      ✓ should mint for amount=1
[FEE] 124540125584029 94687 1014797052
      ✓ should mint for amount=1
[FEE] 124362844894424 94638 1013877182
      ✓ should mint for amount=1
[FEE] 124193969058798 94590 1013014206
      ✓ should mint for amount=1
[FEE] 124036992826191 94546 1012204639
      ✓ should mint for amount=1
[FEE] 123890182621454 94505 1011445208
      ✓ should mint for amount=1
[FEE] 123753144725833 94467 1010732835
      ✓ should mint for amount=1
[FEE] 123624200765488 94431 1010064628
      ✓ should mint for amount=1
[FEE] 123504315277520 94398 1009437870
      ✓ should mint for amount=1
[FEE] 123390548224664 94366 1008850008
      ✓ should mint for amount=1
[FEE] 123283906264792 94336 1008298645
      ✓ should mint for amount=1
[FEE] 123184105583983 94308 1007781529
      ✓ should mint for amount=1
[FEE] 123090879980850 94282 1007296545
      ✓ should mint for amount=1
[FEE] 123003979931675 94258 1006841708
      ✓ should mint for amount=1
[FEE] 122921866877269 94235 1006415153
      ✓ should mint for amount=1
[FEE] 122845626837498 94214 1006015130
      ✓ should mint for amount=1
[FEE] 122773750655361 94194 1005639997
      ✓ should mint for amount=1
[FEE] 122706046597170 94175 1005288211
      ✓ should mint for amount=1
[FEE] 122641032574213 94156 1004958326
      ✓ should mint for amount=1
[FEE] 122582447420851 94140 1004648982
      ✓ should mint for amount=1
[FEE] 122527527440227 94125 1004358906
      ✓ should mint for amount=1
[FEE] 122476124373433 94111 1004086901
      ✓ should mint for amount=1
[FEE] 122426798147018 94097 1003831844
      ✓ should mint for amount=1
[FEE] 122382021076473 94085 1003592683
      ✓ should mint for amount=1
[FEE] 122339069153407 94073 1003368430
      ✓ should mint for amount=1
[FEE] 122299128744116 94062 1003158157
      ✓ should mint for amount=1
[FEE] 122262092622855 94052 1002960996
      ✓ should mint for amount=1
[FEE] 122225260525786 94041 1002776130
      ✓ should mint for amount=1
[FEE] 122192437967684 94032 1002602795
      ✓ should mint for amount=1
[FEE] 122162236308771 94024 1002440272
      ✓ should mint for amount=1
[FEE] 122131974433794 94015 1002287888
      ✓ should mint for amount=1
[FEE] 122105472350804 94008 1002145012
      ✓ should mint for amount=1
[FEE] 122078760431384 94000 1002011052
      ✓ should mint for amount=1
[FEE] 122054368280845 93993 1001885452
      ✓ should mint for amount=1
[FEE] 122032231716667 93987 1001767691
      ✓ should mint for amount=1
[FEE] 122010992281091 93981 1001657280
      ✓ should mint for amount=1
[FEE] 121991892135145 93976 1001553761
      ✓ should mint for amount=1
[FEE] 121973580499492 93971 1001456705
      ✓ should mint for amount=1
[FEE] 121956008045450 93966 1001365708
      ✓ should mint for amount=1
[FEE] 121940426506164 93962 1001280393
      ✓ should mint for amount=1
[FEE] 121925494569879 93958 1001200405
      ✓ should mint for amount=1
[FEE] 121911171724734 93954 1001125412
      ✓ should mint for amount=1
[FEE] 121897419901131 93950 1001055102
      ✓ should mint for amount=1
[FEE] 121884203471216 93946 1000989183
      ✓ should mint for amount=1
[FEE] 121872786310514 93943 1000927381
      ✓ should mint for amount=1
[FEE] 121861839608507 93940 1000869439
      ✓ should mint for amount=1
[FEE] 121850036817752 93936 1000815116
      ✓ should mint for amount=1
[FEE] 121841241861423 93934 1000764186
      ✓ should mint for amount=1
[FEE] 121831537409664 93931 1000716437
      ✓ should mint for amount=1
[FEE] 121823493455165 93929 1000671671
      ✓ should mint for amount=1
[FEE] 121815790237100 93927 1000629702
      ✓ should mint for amount=1
[FEE] 121807109439242 93924 1000590354
      ✓ should mint for amount=1
[FEE] 121800025105813 93922 1000553465
      ✓ should mint for amount=1
[FEE] 121793221429685 93920 1000518880
      ✓ should mint for amount=1
[FEE] 121786680985915 93918 1000486456
      ✓ should mint for amount=1
[FEE] 121781684019621 93917 1000456058
      ✓ should mint for amount=1
[FEE] 121776918287661 93916 1000427559
      ✓ should mint for amount=1
[FEE] 121769776172834 93913 1000400841
      ✓ should mint for amount=1
[FEE] 121764134002369 93911 1000375792
      ✓ should mint for amount=1
[FEE] 121759979007310 93910 1000352308
      ✓ should mint for amount=1
[FEE] 121756002630206 93909 1000330291
      ✓ should mint for amount=1
[FEE] 121752193789334 93908 1000309650
      ✓ should mint for amount=1
[FEE] 121748542012007 93907 1000290299
      ✓ should mint for amount=1
[FEE] 121745037434544 93906 1000272157
      ✓ should mint for amount=1
[FEE] 121741670923948 93905 1000255149
      ✓ should mint for amount=1
[FEE] 121738433712738 93904 1000239203
      ✓ should mint for amount=1
[FEE] 121736614280107 93904 1000224254
      ✓ should mint for amount=1
[FEE] 121732315771626 93902 1000210239
      ✓ should mint for amount=1
[FEE] 121730716666923 93902 1000197100
      ✓ should mint for amount=1
[FEE] 121729217483444 93902 1000184782
      ✓ should mint for amount=1
[FEE] 121726515685932 93901 1000173234
      ✓ should mint for amount=1
[FEE] 121723901667036 93900 1000162407
      ✓ should mint for amount=1
[FEE] 121722666370055 93900 1000152257
      ✓ should mint for amount=1
[FEE] 121721508233496 93900 1000142741
      ✓ should mint for amount=1
[FEE] 121720422510898 93900 1000133820
      ✓ should mint for amount=1
[FEE] 121719404577504 93900 1000125456
      ✓ should mint for amount=1
[FEE] 121718450295373 93900 1000117615
      ✓ should mint for amount=1
[FEE] 121717555648269 93900 1000110264
      ✓ should mint for amount=1
[FEE] 121716716985067 93900 1000103373
      ✓ should mint for amount=1
[FEE] 121715930654644 93900 1000096912
      ✓ should mint for amount=1
[FEE] 121715193492692 93900 1000090855
      ✓ should mint for amount=1
[FEE] 121714502456608 93900 1000085177
      ✓ should mint for amount=1
[FEE] 121713854503787 93900 1000079853
      ✓ should mint for amount=1
[FEE] 121713247078444 93900 1000074862
      ✓ should mint for amount=1
[FEE] 121710085235492 93898 1000070183
      ✓ should mint for amount=1
[FEE] 121708255263555 93897 1000065797
      ✓ should mint for amount=1
[FEE] 121707754832136 93897 1000061685
      ✓ should mint for amount=1
[FEE] 121707285677681 93897 1000057830
      ✓ should mint for amount=1
[FEE] 121706845852986 93897 1000054216
      ✓ should mint for amount=1
[FEE] 121706433532547 93897 1000050828
      ✓ should mint for amount=1
[FEE] 121706046890860 93897 1000047651
      ✓ should mint for amount=1
[FEE] 121705684467522 93897 1000044673
      ✓ should mint for amount=1
[FEE] 121705344680430 93897 1000041881
      ✓ should mint for amount=1
[FEE] 121705026069181 93897 1000039263
      ✓ should mint for amount=1
[FEE] 121704727416773 93897 1000036809
      ✓ should mint for amount=1
[FEE] 121704447384503 93897 1000034508
      ✓ should mint for amount=1
[FEE] 121704184877069 93897 1000032351
      ✓ should mint for amount=1
[FEE] 121703938799168 93897 1000030329
      ✓ should mint for amount=1
[FEE] 121702411914961 93896 1000028433
      ✓ should mint for amount=1
[FEE] 121702195655924 93896 1000026656
      ✓ should mint for amount=1
[FEE] 121701992905470 93896 1000024990
      ✓ should mint for amount=1
[FEE] 121701802811708 93896 1000023428
      ✓ should mint for amount=1
[FEE] 121701624644442 93896 1000021964
      ✓ should mint for amount=1
[FEE] 121701457551782 93896 1000020591
      ✓ should mint for amount=1
[FEE] 121700004796526 93895 1000019304
      ✓ should mint for amount=1
[FEE] 121699858029153 93895 1000018098
      ✓ should mint for amount=1
[FEE] 121699720389105 93895 1000016967
      ✓ should mint for amount=1
[FEE] 121699591389590 93895 1000015907
      ✓ should mint for amount=1
[FEE] 121698174299106 93894 1000014913
      ✓ should mint for amount=1
[FEE] 121698060878099 93894 1000013981
      ✓ should mint for amount=1
[FEE] 121697954515481 93894 1000013107
      ✓ should mint for amount=1
[FEE] 121697854846162 93894 1000012288
      ✓ should mint for amount=1
[FEE] 121697761383358 93894 1000011520
      ✓ should mint for amount=1
[FEE] 121696377644296 93893 1000010800
      ✓ should mint for amount=1
[FEE] 121696295500128 93893 1000010125
      ✓ should mint for amount=1
[FEE] 121696218467153 93893 1000009492
      ✓ should mint for amount=1
[FEE] 121696146301981 93893 1000008899
      ✓ should mint for amount=1
[FEE] 121696078639526 93893 1000008343
      ✓ should mint for amount=1
[FEE] 121696015236398 93893 1000007822
      ✓ should mint for amount=1
[FEE] 121695955727512 93893 1000007333
      ✓ should mint for amount=1
[FEE] 121695899991173 93893 1000006875
      ✓ should mint for amount=1
[FEE] 121695847662295 93893 1000006445
      ✓ should mint for amount=1
[FEE] 121695798619185 93893 1000006042
      ✓ should mint for amount=1
[FEE] 121695752618451 93893 1000005664
      ✓ should mint for amount=1
[FEE] 121695709538398 93893 1000005310
      ✓ should mint for amount=1
[FEE] 121695669135637 93893 1000004978
      ✓ should mint for amount=1
[FEE] 121695631288473 93893 1000004667
      ✓ should mint for amount=1
[FEE] 121695595753514 93893 1000004375
      ✓ should mint for amount=1
[FEE] 121694266421760 93892 1000004102
      ✓ should mint for amount=1
[FEE] 121692939159485 93891 1000003846
      ✓ should mint for amount=1
[FEE] 121692909953292 93891 1000003606
      ✓ should mint for amount=1
[FEE] 121691586464419 93890 1000003381
      ✓ should mint for amount=1
[FEE] 121690264679786 93889 1000003170
      ✓ should mint for amount=1
[FEE] 121690240585190 93889 1000002972
      ✓ should mint for amount=1
[FEE] 121688921843577 93888 1000002786
      ✓ should mint for amount=1
[FEE] 121688900669763 93888 1000002612
      ✓ should mint for amount=1
[FEE] 121687584727665 93887 1000002449
      ✓ should mint for amount=1
[FEE] 121687566109510 93887 1000002296
      ✓ should mint for amount=1
[FEE] 121688844814704 93888 1000002153
      ✓ should mint for amount=1
[FEE] 121690124493046 93889 1000002018
      ✓ should mint for amount=1
[FEE] 121691405266259 93890 1000001892
      ✓ should mint for amount=1
[FEE] 121691390906700 93890 1000001774
      ✓ should mint for amount=1
[FEE] 121691377398980 93890 1000001663
      ✓ should mint for amount=1
[FEE] 121691364743098 93890 1000001559
      ✓ should mint for amount=1
[FEE] 121690056833473 93889 1000001462
      ✓ should mint for amount=1
[FEE] 121691341865157 93890 1000001371
      ✓ should mint for amount=1
[FEE] 121690035294365 93889 1000001285
      ✓ should mint for amount=1
[FEE] 121691321664422 93890 1000001205
      ✓ should mint for amount=1
[FEE] 121691312537584 93890 1000001130
      ✓ should mint for amount=1
[FEE] 121690007792452 93889 1000001059
      ✓ should mint for amount=1
[FEE] 121691295865893 93890 1000000993
      ✓ should mint for amount=1
[FEE] 121691288321040 93890 1000000931
      ✓ should mint for amount=1
[FEE] 121691281262952 93890 1000000873
      ✓ should mint for amount=1
[FEE] 121691274569937 93890 1000000818
      ✓ should mint for amount=1
[FEE] 121691268363687 93890 1000000767
      ✓ should mint for amount=1
[FEE] 121691262522511 93890 1000000719
      ✓ should mint for amount=1
[FEE] 121691257046408 93890 1000000674
      ✓ should mint for amount=1
[FEE] 121691251935378 93890 1000000632
      ✓ should mint for amount=1
[FEE] 121691247189423 93890 1000000593
      ✓ should mint for amount=1
[FEE] 121691242686849 93890 1000000556
      ✓ should mint for amount=1
[FEE] 121691238427658 93890 1000000521
      ✓ should mint for amount=1
[FEE] 121691234411849 93890 1000000488
      ✓ should mint for amount=1
[FEE] 121691230761114 93890 1000000458
      ✓ should mint for amount=1
[FEE] 121689931127828 93889 1000000429
      ✓ should mint for amount=1
[FEE] 121691223946408 93890 1000000402
      ✓ should mint for amount=1
[FEE] 121689924799955 93889 1000000377
      ✓ should mint for amount=1
[FEE] 121691217983541 93890 1000000353
      ✓ should mint for amount=1
[FEE] 121691215306335 93890 1000000331
      ✓ should mint for amount=1
[FEE] 121689916646733 93889 1000000310
      ✓ should mint for amount=1
[FEE] 121689914334625 93889 1000000291
      ✓ should mint for amount=1
[FEE] 121689912144207 93889 1000000273
      ✓ should mint for amount=1
[FEE] 121688613971462 93888 1000000256
      ✓ should mint for amount=1
[FEE] 121687315920448 93887 1000000240
      ✓ should mint for amount=1
[FEE] 121687314095139 93887 1000000225
      ✓ should mint for amount=1
[FEE] 121687312391517 93887 1000000211
      ✓ should mint for amount=1
[FEE] 121688606913524 93888 1000000198
      ✓ should mint for amount=1
[FEE] 121689901557188 93889 1000000186
      ✓ should mint for amount=1
[FEE] 121688603992998 93888 1000000174
      ✓ should mint for amount=1
[FEE] 121689898758321 93889 1000000163
      ✓ should mint for amount=1
[FEE] 121691193645306 93890 1000000153
      ✓ should mint for amount=1
[FEE] 121689896324523 93889 1000000143
      ✓ should mint for amount=1
[FEE] 121691191333173 93890 1000000134
      ✓ should mint for amount=1
[FEE] 121689894255795 93889 1000000126
      ✓ should mint for amount=1
[FEE] 121691189386114 93890 1000000118
      ✓ should mint for amount=1
[FEE] 121691188534276 93890 1000000111
      ✓ should mint for amount=1
[FEE] 121691187682438 93890 1000000104
      ✓ should mint for amount=1
[FEE] 121691186952291 93890 1000000098
      ✓ should mint for amount=1
[FEE] 121691186222144 93890 1000000092
      ✓ should mint for amount=1
[FEE] 121691185491997 93890 1000000086
      ✓ should mint for amount=1
[FEE] 121691184883541 93890 1000000081
      ✓ should mint for amount=1
[FEE] 121689888171301 93889 1000000076
      ✓ should mint for amount=1
[FEE] 121688591459074 93888 1000000071
      ✓ should mint for amount=1
[FEE] 121689887076092 93889 1000000067
      ✓ should mint for amount=1
[FEE] 121688590485566 93888 1000000063
      ✓ should mint for amount=1
[FEE] 121688589998811 93888 1000000059
      ✓ should mint for amount=1
[FEE] 121688589512057 93888 1000000055
      ✓ should mint for amount=1
[FEE] 121689885250744 93889 1000000052
      ✓ should mint for amount=1
[FEE] 121689884885674 93889 1000000049
      ✓ should mint for amount=1
[FEE] 121691180624350 93890 1000000046
      ✓ should mint for amount=1
[FEE] 121691180259276 93890 1000000043
      ✓ should mint for amount=1
[FEE] 121689883790465 93889 1000000040
      ✓ should mint for amount=1
[FEE] 121691179650820 93890 1000000038
      ✓ should mint for amount=1
[FEE] 121691179407438 93890 1000000036
      ✓ should mint for amount=1
[FEE] 121691179164056 93890 1000000034
      ✓ should mint for amount=1
[FEE] 121691178920673 93890 1000000032
      ✓ should mint for amount=1
[FEE] 121689882573567 93889 1000000030
      ✓ should mint for amount=1
[FEE] 121691178433909 93890 1000000028
      ✓ should mint for amount=1
[FEE] 121689882086807 93889 1000000026
      ✓ should mint for amount=1
[FEE] 121688585739711 93888 1000000024
      ✓ should mint for amount=1
[FEE] 121687289514307 93887 1000000023
      ✓ should mint for amount=1
[FEE] 121687289392620 93887 1000000022
      ✓ should mint for amount=1
[FEE] 121687289270932 93887 1000000021
      ✓ should mint for amount=1
[FEE] 121688585252957 93888 1000000020
      ✓ should mint for amount=1
[FEE] 121687289027558 93887 1000000019
      ✓ should mint for amount=1
[FEE] 121688585009579 93888 1000000018
      ✓ should mint for amount=1
[FEE] 121687288784183 93887 1000000017
      ✓ should mint for amount=1
[FEE] 121687288662496 93887 1000000016
      ✓ should mint for amount=1
[FEE] 121687288540809 93887 1000000015
      ✓ should mint for amount=1
[FEE] 121687288419121 93887 1000000014
      ✓ should mint for amount=1
[FEE] 121688584401136 93888 1000000013
      ✓ should mint for amount=1
[FEE] 121689880383149 93889 1000000012
      ✓ should mint for amount=1
[FEE] 121691176365159 93890 1000000011
      ✓ should mint for amount=1
[FEE] 121691176243468 93890 1000000010
      ✓ should mint for amount=1
[FEE] 121691176121776 93890 1000000009
      ✓ should mint for amount=1
[FEE] 121691176000085 93890 1000000008
      ✓ should mint for amount=1
[FEE] 121691176000085 93890 1000000008
      ✓ should mint for amount=1
[FEE] 121691176000085 93890 1000000008
      ✓ should mint for amount=1
[FEE] 121691176000085 93890 1000000008
      ✓ should mint for amount=1
[FEE] 121691176000085 93890 1000000008
      ✓ should mint for amount=1
[FEE] 121691176000085 93890 1000000008
      ✓ should mint for amount=1
[FEE] 121691176000085 93890 1000000008
      ✓ should mint for amount=1
[FEE] 121691176000085 93890 1000000008
      ✓ should mint for amount=1
[FEE] 121691176000085 93890 1000000008
      ✓ should mint for amount=1
[FEE] 121691176000085 93890 1000000008
      ✓ should mint for amount=1
[FEE] 121689879896389 93889 1000000008
      ✓ should mint for amount=1
[FEE] 121691176000085 93890 1000000008
      ✓ should mint for amount=1
[FEE] 121691176000085 93890 1000000008
      ✓ should mint for amount=1
[FEE] 121691176000085 93890 1000000008
      ✓ should mint for amount=1
[FEE] 121691176000085 93890 1000000008
      ✓ should mint for amount=1
[FEE] 121691176000085 93890 1000000008
      ✓ should mint for amount=1
[FEE] 121691176000085 93890 1000000008
      ✓ should mint for amount=1
[FEE] 121691176000085 93890 1000000008
      ✓ should mint for amount=1
[FEE] 121689879896389 93889 1000000008
      ✓ should mint for amount=1
[FEE] 121688583792694 93888 1000000008
      ✓ should mint for amount=1
[FEE] 121689879896389 93889 1000000008
      ✓ should mint for amount=1
[FEE] 121688583792694 93888 1000000008
      ✓ should mint for amount=1
[FEE] 121688583792694 93888 1000000008
      ✓ should mint for amount=1
[FEE] 121687287688998 93887 1000000008
      ✓ should mint for amount=1
[FEE] 121688583792694 93888 1000000008
      ✓ should mint for amount=1
[FEE] 121689879896389 93889 1000000008
      ✓ should mint for amount=1
[FEE] 121691176000085 93890 1000000008
      ✓ should mint for amount=1
[FEE] 121691176000085 93890 1000000008
      ✓ should mint for amount=1
[FEE] 121691176000085 93890 1000000008
      ✓ should mint for amount=1
[FEE] 121689879896389 93889 1000000008
      ✓ should mint for amount=1
[FEE] 121691176000085 93890 1000000008
      ✓ should mint for amount=1
[FEE] 121691176000085 93890 1000000008
      ✓ should mint for amount=1
[FEE] 121691176000085 93890 1000000008
      ✓ should mint for amount=1
[FEE] 121691176000085 93890 1000000008
      ✓ should mint for amount=1
[FEE] 121689879896389 93889 1000000008
      ✓ should mint for amount=1
[FEE] 121691176000085 93890 1000000008
      ✓ should mint for amount=1
[FEE] 121691176000085 93890 1000000008
      ✓ should mint for amount=1
[FEE] 121691176000085 93890 1000000008
      ✓ should mint for amount=1
[FEE] 121691176000085 93890 1000000008
      ✓ should mint for amount=1
[FEE] 121691176000085 93890 1000000008
      ✓ should mint for amount=1
[FEE] 121691176000085 93890 1000000008
      ✓ should mint for amount=1
[FEE] 121691176000085 93890 1000000008
      ✓ should mint for amount=1
[FEE] 121691176000085 93890 1000000008
      ✓ should mint for amount=1
[FEE] 121691176000085 93890 1000000008
      ✓ should mint for amount=1
[FEE] 121691176000085 93890 1000000008
      ✓ should mint for amount=1
[FEE] 121691176000085 93890 1000000008
      ✓ should mint for amount=1
[FEE] 121689879896389 93889 1000000008
      ✓ should mint for amount=1
[FEE] 121691176000085 93890 1000000008
      ✓ should mint for amount=1
[FEE] 121691176000085 93890 1000000008
      ✓ should mint for amount=1
[FEE] 121689879896389 93889 1000000008
      ✓ should mint for amount=1
[FEE] 121688583792694 93888 1000000008
      ✓ should mint for amount=1
[FEE] 121687287688998 93887 1000000008
      ✓ should mint for amount=1
[FEE] 121688583792694 93888 1000000008
      ✓ should mint for amount=1
[FEE] 121689879896389 93889 1000000008
      ✓ should mint for amount=1
[FEE] 121691176000085 93890 1000000008
      ✓ should mint for amount=1
[FEE] 121691176000085 93890 1000000008
      ✓ should mint for amount=1
[FEE] 121691176000085 93890 1000000008
      ✓ should mint for amount=1
[FEE] 121689879896389 93889 1000000008
      ✓ should mint for amount=1
[FEE] 121688583792694 93888 1000000008
      ✓ should mint for amount=1
[FEE] 121689879896389 93889 1000000008
      ✓ should mint for amount=1
[FEE] 121689879896389 93889 1000000008
      ✓ should mint for amount=1
[FEE] 121691176000085 93890 1000000008
      ✓ should mint for amount=1
[FEE] 121691176000085 93890 1000000008
      ✓ should mint for amount=1
[FEE] 121691176000085 93890 1000000008
      ✓ should mint for amount=1
[FEE] 121691176000085 93890 1000000008
      ✓ should mint for amount=1
[FEE] 121691176000085 93890 1000000008
      ✓ should mint for amount=1
[FEE] 121691176000085 93890 1000000008
      ✓ should mint for amount=1
[FEE] 121691176000085 93890 1000000008
      ✓ should mint for amount=1
[FEE] 121691176000085 93890 1000000008
      ✓ should mint for amount=1
[FEE] 121691176000085 93890 1000000008
      ✓ should mint for amount=1
[FEE] 121691176000085 93890 1000000008
      ✓ should mint for amount=1
[FEE] 121691176000085 93890 1000000008
      ✓ should mint for amount=1
[FEE] 121691176000085 93890 1000000008
      ✓ should mint for amount=1
[FEE] 121691176000085 93890 1000000008
      ✓ should mint for amount=1
[FEE] 121691176000085 93890 1000000008
      ✓ should mint for amount=1
[FEE] 121691176000085 93890 1000000008
      ✓ should mint for amount=1
[FEE] 121691176000085 93890 1000000008
      ✓ should mint for amount=1
[FEE] 121691176000085 93890 1000000008
      ✓ should mint for amount=1
[FEE] 121691176000085 93890 1000000008
      ✓ should mint for amount=1
[FEE] 121691176000085 93890 1000000008
      ✓ should mint for amount=1
[FEE] 121691176000085 93890 1000000008
      ✓ should mint for amount=1
[FEE] 121691176000085 93890 1000000008
      ✓ should mint for amount=1
[FEE] 121691176000085 93890 1000000008
      ✓ should mint for amount=1
[FEE] 121689879896389 93889 1000000008
      ✓ should mint for amount=1
[FEE] 121691176000085 93890 1000000008
      ✓ should mint for amount=1
[FEE] 121689879896389 93889 1000000008
      ✓ should mint for amount=1
[FEE] 121688583792694 93888 1000000008
      ✓ should mint for amount=1
[FEE] 121687287688998 93887 1000000008
      ✓ should mint for amount=1
[FEE] 121687287688998 93887 1000000008
      ✓ should mint for amount=1
[FEE] 121687287688998 93887 1000000008
      ✓ should mint for amount=1
[FEE] 121688583792694 93888 1000000008
      ✓ should mint for amount=1
[FEE] 121689879896389 93889 1000000008
      ✓ should mint for amount=1
[FEE] 121689879896389 93889 1000000008
      ✓ should mint for amount=1
[FEE] 121691176000085 93890 1000000008
      ✓ should mint for amount=1
[FEE] 121691176000085 93890 1000000008
      ✓ should mint for amount=1
[FEE] 121691176000085 93890 1000000008
      ✓ should mint for amount=1
[FEE] 121691176000085 93890 1000000008
      ✓ should mint for amount=1
[FEE] 121691176000085 93890 1000000008
      ✓ should mint for amount=1
[FEE] 121691176000085 93890 1000000008
      ✓ should mint for amount=1
[FEE] 121691176000085 93890 1000000008
      ✓ should mint for amount=1
[FEE] 121691176000085 93890 1000000008
      ✓ should mint for amount=1
[FEE] 121691176000085 93890 1000000008
      ✓ should mint for amount=1
[FEE] 121691176000085 93890 1000000008
      ✓ should mint for amount=1
[FEE] 121689879896389 93889 1000000008
      ✓ should mint for amount=1
[FEE] 121688583792694 93888 1000000008
      ✓ should mint for amount=1
[FEE] 121688583792694 93888 1000000008
      ✓ should mint for amount=1
[FEE] 121689879896389 93889 1000000008
      ✓ should mint for amount=1
[FEE] 121691176000085 93890 1000000008
      ✓ should mint for amount=1
[FEE] 121691176000085 93890 1000000008
      ✓ should mint for amount=1
[FEE] 121691176000085 93890 1000000008
      ✓ should mint for amount=1

·----------------------------------------|---------------------------|-------------|----------------------------·
|          [90mSolc version: 0.8.17[39m          ·  [90mOptimizer enabled: true[39m  ·  [90mRuns: 200[39m  ·  [90mBlock limit: 8000000 gas[39m  │
·········································|···························|·············|·····························
|  [32m[1mMethods[22m[39m                                                                                                      │
···················|·····················|·············|·············|·············|··············|··············
|  [1mContract[22m        ·  [1mMethod[22m             ·  [32mMin[39m        ·  [32mMax[39m        ·  [32mAvg[39m        ·  [1m# calls[22m     ·  [1musd (avg)[22m  │
···················|·····················|·············|·············|·············|··············|··············
|  [90mXPowerThorTest[39m  ·  init               ·          -  ·          -  ·      67353  ·           [90m1[39m  ·          [32m[90m-[32m[39m  │
···················|·····················|·············|·············|·············|··············|··············
|  [90mXPowerThorTest[39m  ·  mint               ·     [36m121702[39m  ·     [31m229547[39m  ·     125619  ·         [90m402[39m  ·          [32m[90m-[32m[39m  │
···················|·····················|·············|·············|·············|··············|··············
|  [90mXPowerThorTest[39m  ·  transferOwnership  ·          -  ·          -  ·      28656  ·           [90m1[39m  ·          [32m[90m-[32m[39m  │
···················|·····················|·············|·············|·············|··············|··············
|  [32m[1mDeployments[22m[39m                           ·                                         ·  [1m% of limit[22m  ·             │
·········································|·············|·············|·············|··············|··············
|  XPowerThorTest                        ·          -  ·          -  ·    3331941  ·      [90m41.6 %[39m  ·          [32m[90m-[32m[39m  │
·----------------------------------------|-------------|-------------|-------------|--------------|-------------·

  402 passing (26s)

