
> xpower@6.0.0 test-gas
> REPORT_GAS=true npm test ./test/contracts/XPower.fees.1-thor.test.js


> xpower@6.0.0 test
> hardhat test ./test/contracts/XPower.fees.1-thor.test.js


  XPowerThor
    mint
[FEE] 348812236173851 162300 1658186771
      ✓ should mint for amount=1
[FEE] 338627446540370 158023 1653339752
      ✓ should mint for amount=1
[FEE] 328254916098560 154015 1644403806
      ✓ should mint for amount=1
[FEE] 317864247401186 150258 1632166023
      ✓ should mint for amount=1
[FEE] 307584210161742 146735 1617299958
      ✓ should mint for amount=1
[FEE] 297515129623673 143432 1600380519
      ✓ should mint for amount=1
[FEE] 287731254269259 140336 1581896990
      ✓ should mint for amount=1
[FEE] 278282122783396 137433 1562264396
      ✓ should mint for amount=1
[FEE] 269205224574587 134712 1541833419
      ✓ should mint for amount=1
[FEE] 260521433103005 132161 1520899079
      ✓ should mint for amount=1
[FEE] 252243999122224 129770 1499708293
      ✓ should mint for amount=1
[FEE] 244374999391665 127528 1478466469
      ✓ should mint for amount=1
[FEE] 236913153385861 125426 1457343256
      ✓ should mint for amount=1
[FEE] 229851464104041 123455 1436477557
      ✓ should mint for amount=1
[FEE] 223182218094278 121608 1415981887
      ✓ should mint for amount=1
[FEE] 216890563906024 119876 1395946163
      ✓ should mint for amount=1
[FEE] 210962780579131 118252 1376441001
      ✓ should mint for amount=1
[FEE] 205384967179915 116730 1357520579
      ✓ should mint for amount=1
[FEE] 200140020131044 115303 1339225119
      ✓ should mint for amount=1
[FEE] 195211633861352 113965 1321583038
      ✓ should mint for amount=1
[FEE] 190582857476187 112710 1304612811
      ✓ should mint for amount=1
[FEE] 186239722611115 111534 1288324580
      ✓ should mint for amount=1
[FEE] 182166317517088 110432 1272721545
      ✓ should mint for amount=1
[FEE] 178346704421674 109399 1257801160
      ✓ should mint for amount=1
[FEE] 174765058681381 108430 1243556162
      ✓ should mint for amount=1
[FEE] 171407368172716 107521 1229975459
      ✓ should mint for amount=1
[FEE] 168263003206760 106670 1217044885
      ✓ should mint for amount=1
[FEE] 165316812549149 105872 1204747851
      ✓ should mint for amount=1
[FEE] 162554048720559 105122 1193065893
      ✓ should mint for amount=1
[FEE] 159968048924903 104420 1181979144
      ✓ should mint for amount=1
[FEE] 157546238653706 103762 1171466731
      ✓ should mint for amount=1
[FEE] 155277953277116 103145 1161507109
      ✓ should mint for amount=1
[FEE] 153154376497252 102567 1152078344
      ✓ should mint for amount=1
[FEE] 151165519314164 102025 1143158346
      ✓ should mint for amount=1
[FEE] 149303217747583 101517 1134725062
      ✓ should mint for amount=1
[FEE] 147556692017175 101039 1126756639
      ✓ should mint for amount=1
[FEE] 145924243674554 100593 1119231553
      ✓ should mint for amount=1
[FEE] 144394222158178 100174 1112128715
      ✓ should mint for amount=1
[FEE] 142962533062921 99782 1105427551
      ✓ should mint for amount=1
[FEE] 141621011152076 99414 1099108071
      ✓ should mint for amount=1
[FEE] 140363200821188 99068 1093150914
      ✓ should mint for amount=1
[FEE] 139184302831478 98743 1087537385
      ✓ should mint for amount=1
[FEE] 138081127490721 98439 1082249480
      ✓ should mint for amount=1
[FEE] 137049261076399 98155 1077269900
      ✓ should mint for amount=1
[FEE] 136083091006133 97889 1072582058
      ✓ should mint for amount=1
[FEE] 135177209366275 97639 1068170078
      ✓ should mint for amount=1
[FEE] 134327779522238 97404 1064018792
      ✓ should mint for amount=1
[FEE] 133532498240759 97184 1060113728
      ✓ should mint for amount=1
[FEE] 132786455665831 96977 1056441099
      ✓ should mint for amount=1
[FEE] 132090362850235 96785 1052987785
      ✓ should mint for amount=1
[FEE] 131435490488589 96603 1049741317
      ✓ should mint for amount=1
[FEE] 130824155882257 96434 1046689854
      ✓ should mint for amount=1
[FEE] 130250616463305 96275 1043822165
      ✓ should mint for amount=1
[FEE] 129713320608479 96126 1041127603
      ✓ should mint for amount=1
[FEE] 129210809074072 95987 1038596087
      ✓ should mint for amount=1
[FEE] 128737680774303 95855 1036218076
      ✓ should mint for amount=1
[FEE] 128296692988190 95733 1033984546
      ✓ should mint for amount=1
[FEE] 127882621118223 95618 1031886969
      ✓ should mint for amount=1
[FEE] 127494350020819 95510 1029917289
      ✓ should mint for amount=1
[FEE] 127129499212237 95408 1028067899
      ✓ should mint for amount=1
[FEE] 126788421465509 95313 1026331622
      ✓ should mint for amount=1
[FEE] 126468864056571 95224 1024701688
      ✓ should mint for amount=1
[FEE] 126169965053924 95141 1023171714
      ✓ should mint for amount=1
[FEE] 125889590856601 95063 1021735683
      ✓ should mint for amount=1
[FEE] 125626987350705 94990 1020387928
      ✓ should mint for amount=1
[FEE] 125381446303385 94922 1019123109
      ✓ should mint for amount=1
[FEE] 125150984035850 94858 1017936201
      ✓ should mint for amount=1
[FEE] 124934981287978 94798 1016822472
      ✓ should mint for amount=1
[FEE] 124732856856943 94742 1015777469
      ✓ should mint for amount=1
[FEE] 124542750257543 94689 1014797004
      ✓ should mint for amount=1
[FEE] 124364153464588 94639 1013877137
      ✓ should mint for amount=1
[FEE] 124197902701235 94593 1013014163
      ✓ should mint for amount=1
[FEE] 124042235612979 94550 1012204599
      ✓ should mint for amount=1
[FEE] 123895421718150 94509 1011445170
      ✓ should mint for amount=1
[FEE] 123757070361545 94470 1010732799
      ✓ should mint for amount=1
[FEE] 123628124049476 94434 1010064594
      ✓ should mint for amount=1
[FEE] 123506928034537 94400 1009437838
      ✓ should mint for amount=1
[FEE] 123394467277944 94369 1008849978
      ✓ should mint for amount=1
[FEE] 123286516560360 94338 1008298617
      ✓ should mint for amount=1
[FEE] 123185408473012 94309 1007781502
      ✓ should mint for amount=1
[FEE] 123092182364400 94283 1007296519
      ✓ should mint for amount=1
[FEE] 123005281848688 94259 1006841683
      ✓ should mint for amount=1
[FEE] 122923168486446 94236 1006415130
      ✓ should mint for amount=1
[FEE] 122846928173055 94215 1006015109
      ✓ should mint for amount=1
[FEE] 122775051627337 94195 1005639977
      ✓ should mint for amount=1
[FEE] 122707347357811 94176 1005288193
      ✓ should mint for amount=1
[FEE] 122642333029770 94157 1004958309
      ✓ should mint for amount=1
[FEE] 122582445468607 94140 1004648966
      ✓ should mint for amount=1
[FEE] 122527525610290 94125 1004358891
      ✓ should mint for amount=1
[FEE] 122474821265031 94110 1004086887
      ✓ should mint for amount=1
[FEE] 122425495491409 94096 1003831831
      ✓ should mint for amount=1
[FEE] 122380718852986 94084 1003592671
      ✓ should mint for amount=1
[FEE] 122337767220763 94072 1003368418
      ✓ should mint for amount=1
[FEE] 122297827206091 94061 1003158146
      ✓ should mint for amount=1
[FEE] 122259491399085 94050 1002960985
      ✓ should mint for amount=1
[FEE] 122223959605092 94040 1002776120
      ✓ should mint for amount=1
[FEE] 122191137271767 94031 1002602785
      ✓ should mint for amount=1
[FEE] 122159636678949 94022 1002440263
      ✓ should mint for amount=1
[FEE] 122130674389954 94014 1002287880
      ✓ should mint for amount=1
[FEE] 122104172614060 94007 1002145005
      ✓ should mint for amount=1
[FEE] 122078759578548 94000 1002011045
      ✓ should mint for amount=1
[FEE] 122054367428073 93993 1001885445
      ✓ should mint for amount=1
[FEE] 122032230863949 93987 1001767684
      ✓ should mint for amount=1
[FEE] 122010991550236 93981 1001657274
      ✓ should mint for amount=1
[FEE] 121991891526132 93976 1001553756
      ✓ should mint for amount=1
[FEE] 121973579890511 93971 1001456700
      ✓ should mint for amount=1
[FEE] 121956007558291 93966 1001365704
      ✓ should mint for amount=1
[FEE] 121940426019026 93962 1001280389
      ✓ should mint for amount=1
[FEE] 121925494082762 93958 1001200401
      ✓ should mint for amount=1
[FEE] 121909873675307 93953 1001125408
      ✓ should mint for amount=1
[FEE] 121896121942853 93949 1001055098
      ✓ should mint for amount=1
[FEE] 121884202984161 93946 1000989179
      ✓ should mint for amount=1
[FEE] 121872785823475 93943 1000927377
      ✓ should mint for amount=1
[FEE] 121861839121483 93940 1000869435
      ✓ should mint for amount=1
[FEE] 121851333490904 93937 1000815112
      ✓ should mint for amount=1
[FEE] 121842538468575 93935 1000764182
      ✓ should mint for amount=1
[FEE] 121832834076689 93932 1000716434
      ✓ should mint for amount=1
[FEE] 121824790064176 93930 1000671668
      ✓ should mint for amount=1
[FEE] 121817086791723 93928 1000629699
      ✓ should mint for amount=1
[FEE] 121809702933458 93926 1000590352
      ✓ should mint for amount=1
[FEE] 121802618504409 93924 1000553463
      ✓ should mint for amount=1
[FEE] 121795814738635 93922 1000518878
      ✓ should mint for amount=1
[FEE] 121789274210820 93920 1000486454
      ✓ should mint for amount=1
[FEE] 121782980470950 93918 1000456056
      ✓ should mint for amount=1
[FEE] 121778214702055 93917 1000427557
      ✓ should mint for amount=1
[FEE] 121773665799035 93916 1000400839
      ✓ should mint for amount=1
[FEE] 121769320121925 93915 1000375790
      ✓ should mint for amount=1
[FEE] 121762571884497 93912 1000352306
      ✓ should mint for amount=1
[FEE] 121758595572041 93911 1000330290
      ✓ should mint for amount=1
[FEE] 121754786677665 93910 1000309649
      ✓ should mint for amount=1
[FEE] 121751134850177 93909 1000290298
      ✓ should mint for amount=1
[FEE] 121747630225687 93908 1000272156
      ✓ should mint for amount=1
[FEE] 121744263671004 93907 1000255148
      ✓ should mint for amount=1
[FEE] 121741026540173 93906 1000239203
      ✓ should mint for amount=1
[FEE] 121737910674448 93905 1000224254
      ✓ should mint for amount=1
[FEE] 121734908523980 93904 1000210239
      ✓ should mint for amount=1
[FEE] 121733309385218 93904 1000197100
      ✓ should mint for amount=1
[FEE] 121730513826627 93903 1000184782
      ✓ should mint for amount=1
[FEE] 121727812014146 93902 1000173234
      ✓ should mint for amount=1
[FEE] 121726494295399 93902 1000162407
      ✓ should mint for amount=1
[FEE] 121725258972107 93902 1000152257
      ✓ should mint for amount=1
[FEE] 121721508233496 93900 1000142741
      ✓ should mint for amount=1
[FEE] 121719126233768 93899 1000133820
      ✓ should mint for amount=1
[FEE] 121718108311215 93899 1000125456
      ✓ should mint for amount=1
[FEE] 121717154039247 93899 1000117615
      ✓ should mint for amount=1
[FEE] 121716259401670 93899 1000110264
      ✓ should mint for amount=1
[FEE] 121714124509732 93898 1000103373
      ✓ should mint for amount=1
[FEE] 121713338196057 93898 1000096912
      ✓ should mint for amount=1
[FEE] 121712601049806 93898 1000090855
      ✓ should mint for amount=1
[FEE] 121711910028440 93898 1000085177
      ✓ should mint for amount=1
[FEE] 121711262089421 93898 1000079853
      ✓ should mint for amount=1
[FEE] 121710654677015 93898 1000074862
      ✓ should mint for amount=1
[FEE] 121710085235492 93898 1000070183
      ✓ should mint for amount=1
[FEE] 121709551452520 93898 1000065797
      ✓ should mint for amount=1
[FEE] 121709051015772 93898 1000061685
      ✓ should mint for amount=1
[FEE] 121708581856321 93898 1000057830
      ✓ should mint for amount=1
[FEE] 121708142026941 93898 1000054216
      ✓ should mint for amount=1
[FEE] 121707729702110 93898 1000050828
      ✓ should mint for amount=1
[FEE] 121707343056306 93898 1000047651
      ✓ should mint for amount=1
[FEE] 121706980629108 93898 1000044673
      ✓ should mint for amount=1
[FEE] 121706640838398 93898 1000041881
      ✓ should mint for amount=1
[FEE] 121706322223756 93898 1000039263
      ✓ should mint for amount=1
[FEE] 121704727416773 93897 1000036809
      ✓ should mint for amount=1
[FEE] 121704447384503 93897 1000034508
      ✓ should mint for amount=1
[FEE] 121704184877069 93897 1000032351
      ✓ should mint for amount=1
[FEE] 121703938799168 93897 1000030329
      ✓ should mint for amount=1
[FEE] 121702411914961 93896 1000028433
      ✓ should mint for amount=1
[FEE] 121702195655924 93896 1000026656
      ✓ should mint for amount=1
[FEE] 121701992905470 93896 1000024990
      ✓ should mint for amount=1
[FEE] 121701802811708 93896 1000023428
      ✓ should mint for amount=1
[FEE] 121700328512289 93895 1000021964
      ✓ should mint for amount=1
[FEE] 121700161421408 93895 1000020591
      ✓ should mint for amount=1
[FEE] 121700004796526 93895 1000019304
      ✓ should mint for amount=1
[FEE] 121698561902011 93894 1000018098
      ✓ should mint for amount=1
[FEE] 121698424263428 93894 1000016967
      ✓ should mint for amount=1
[FEE] 121698295265287 93894 1000015907
      ✓ should mint for amount=1
[FEE] 121698174299106 93894 1000014913
      ✓ should mint for amount=1
[FEE] 121696764756293 93893 1000013981
      ✓ should mint for amount=1
[FEE] 121696658394807 93893 1000013107
      ✓ should mint for amount=1
[FEE] 121696558726550 93893 1000012288
      ✓ should mint for amount=1
[FEE] 121696465264742 93893 1000011520
      ✓ should mint for amount=1
[FEE] 121695081526613 93892 1000010800
      ✓ should mint for amount=1
[FEE] 121693703266511 93891 1000010125
      ✓ should mint for amount=1
[FEE] 121693626235177 93891 1000009492
      ✓ should mint for amount=1
[FEE] 121693554071542 93891 1000008899
      ✓ should mint for amount=1
[FEE] 121693486410528 93891 1000008343
      ✓ should mint for amount=1
[FEE] 121692126894927 93890 1000007822
      ✓ should mint for amount=1
[FEE] 121692067387942 93890 1000007333
      ✓ should mint for amount=1
[FEE] 121692011653384 93890 1000006875
      ✓ should mint for amount=1
[FEE] 121691959326179 93890 1000006445
      ✓ should mint for amount=1
[FEE] 121690614173119 93889 1000006042
      ✓ should mint for amount=1
[FEE] 121691864285371 93890 1000005664
      ✓ should mint for amount=1
[FEE] 121691821206695 93890 1000005310
      ✓ should mint for amount=1
[FEE] 121691780805225 93890 1000004978
      ✓ should mint for amount=1
[FEE] 121691742959270 93890 1000004667
      ✓ should mint for amount=1
[FEE] 121690411316091 93889 1000004375
      ✓ should mint for amount=1
[FEE] 121689081985752 93888 1000004102
      ✓ should mint for amount=1
[FEE] 121687754724804 93887 1000003846
      ✓ should mint for amount=1
[FEE] 121687725519855 93887 1000003606
      ✓ should mint for amount=1
[FEE] 121688994248283 93888 1000003381
      ✓ should mint for amount=1
[FEE] 121687672464198 93887 1000003170
      ✓ should mint for amount=1
[FEE] 121688944477653 93888 1000002972
      ✓ should mint for amount=1
[FEE] 121688921843577 93888 1000002786
      ✓ should mint for amount=1
[FEE] 121687604562692 93887 1000002612
      ✓ should mint for amount=1
[FEE] 121688880834524 93888 1000002449
      ✓ should mint for amount=1
[FEE] 121690158322832 93889 1000002296
      ✓ should mint for amount=1
[FEE] 121691437027656 93890 1000002153
      ✓ should mint for amount=1
[FEE] 121691420599347 93890 1000002018
      ✓ should mint for amount=1
[FEE] 121691405266259 93890 1000001892
      ✓ should mint for amount=1
[FEE] 121691390906700 93890 1000001774
      ✓ should mint for amount=1
[FEE] 121690081293139 93889 1000001663
      ✓ should mint for amount=1
[FEE] 121688772531685 93888 1000001559
      ✓ should mint for amount=1
[FEE] 121690056833473 93889 1000001462
      ✓ should mint for amount=1
[FEE] 121688749654232 93888 1000001371
      ✓ should mint for amount=1
[FEE] 121690035294365 93889 1000001285
      ✓ should mint for amount=1
[FEE] 121691321664422 93890 1000001205
      ✓ should mint for amount=1
[FEE] 121691312537584 93890 1000001130
      ✓ should mint for amount=1
[FEE] 121690007792452 93889 1000001059
      ✓ should mint for amount=1
[FEE] 121691295865893 93890 1000000993
      ✓ should mint for amount=1
[FEE] 121691288321040 93890 1000000931
      ✓ should mint for amount=1
[FEE] 121691281262952 93890 1000000873
      ✓ should mint for amount=1
[FEE] 121691274569937 93890 1000000818
      ✓ should mint for amount=1
[FEE] 121691268363687 93890 1000000767
      ✓ should mint for amount=1
[FEE] 121691262522511 93890 1000000719
      ✓ should mint for amount=1
[FEE] 121691257046408 93890 1000000674
      ✓ should mint for amount=1
[FEE] 121691251935378 93890 1000000632
      ✓ should mint for amount=1
[FEE] 121691247189423 93890 1000000593
      ✓ should mint for amount=1
[FEE] 121691242686849 93890 1000000556
      ✓ should mint for amount=1
[FEE] 121689942323297 93889 1000000521
      ✓ should mint for amount=1
[FEE] 121689938307531 93889 1000000488
      ✓ should mint for amount=1
[FEE] 121689934656835 93889 1000000458
      ✓ should mint for amount=1
[FEE] 121689931127828 93889 1000000429
      ✓ should mint for amount=1
[FEE] 121691223946408 93890 1000000402
      ✓ should mint for amount=1
[FEE] 121689924799955 93889 1000000377
      ✓ should mint for amount=1
[FEE] 121691217983541 93890 1000000353
      ✓ should mint for amount=1
[FEE] 121689919202220 93889 1000000331
      ✓ should mint for amount=1
[FEE] 121691212750820 93890 1000000310
      ✓ should mint for amount=1
[FEE] 121691210438688 93890 1000000291
      ✓ should mint for amount=1
[FEE] 121691208248247 93890 1000000273
      ✓ should mint for amount=1
[FEE] 121689910075479 93889 1000000256
      ✓ should mint for amount=1
[FEE] 121688612024445 93888 1000000240
      ✓ should mint for amount=1
[FEE] 121689906303093 93889 1000000225
      ✓ should mint for amount=1
[FEE] 121689904599435 93889 1000000211
      ✓ should mint for amount=1
[FEE] 121691199121408 93890 1000000198
      ✓ should mint for amount=1
[FEE] 121691197661114 93890 1000000186
      ✓ should mint for amount=1
[FEE] 121691196200820 93890 1000000174
      ✓ should mint for amount=1
[FEE] 121691194862217 93890 1000000163
      ✓ should mint for amount=1
[FEE] 121691193645306 93890 1000000153
      ✓ should mint for amount=1
[FEE] 121691192428394 93890 1000000143
      ✓ should mint for amount=1
[FEE] 121689895229314 93889 1000000134
      ✓ should mint for amount=1
[FEE] 121689894255795 93889 1000000126
      ✓ should mint for amount=1
[FEE] 121691189386114 93890 1000000118
      ✓ should mint for amount=1
[FEE] 121691188534276 93890 1000000111
      ✓ should mint for amount=1
[FEE] 121691187682438 93890 1000000104
      ✓ should mint for amount=1
[FEE] 121691186952291 93890 1000000098
      ✓ should mint for amount=1
[FEE] 121691186222144 93890 1000000092
      ✓ should mint for amount=1
[FEE] 121691185491997 93890 1000000086
      ✓ should mint for amount=1
[FEE] 121689888779750 93889 1000000081
      ✓ should mint for amount=1
[FEE] 121688592067517 93888 1000000076
      ✓ should mint for amount=1
[FEE] 121687295355297 93887 1000000071
      ✓ should mint for amount=1
[FEE] 121688590972320 93888 1000000067
      ✓ should mint for amount=1
[FEE] 121687294381798 93887 1000000063
      ✓ should mint for amount=1
[FEE] 121687293895049 93887 1000000059
      ✓ should mint for amount=1
[FEE] 121688589512057 93888 1000000055
      ✓ should mint for amount=1
[FEE] 121689885250744 93889 1000000052
      ✓ should mint for amount=1
[FEE] 121691180989423 93890 1000000049
      ✓ should mint for amount=1
[FEE] 121691180624350 93890 1000000046
      ✓ should mint for amount=1
[FEE] 121691180259276 93890 1000000043
      ✓ should mint for amount=1
[FEE] 121691179894203 93890 1000000040
      ✓ should mint for amount=1
[FEE] 121691179650820 93890 1000000038
      ✓ should mint for amount=1
[FEE] 121689883303706 93889 1000000036
      ✓ should mint for amount=1
[FEE] 121688586956597 93888 1000000034
      ✓ should mint for amount=1
[FEE] 121688586713220 93888 1000000032
      ✓ should mint for amount=1
[FEE] 121688586469842 93888 1000000030
      ✓ should mint for amount=1
[FEE] 121689882330187 93889 1000000028
      ✓ should mint for amount=1
[FEE] 121691178190526 93890 1000000026
      ✓ should mint for amount=1
[FEE] 121691177947144 93890 1000000024
      ✓ should mint for amount=1
[FEE] 121691177825453 93890 1000000023
      ✓ should mint for amount=1
[FEE] 121691177703762 93890 1000000022
      ✓ should mint for amount=1
[FEE] 121691177582070 93890 1000000021
      ✓ should mint for amount=1
[FEE] 121689881356668 93889 1000000020
      ✓ should mint for amount=1
[FEE] 121691177338688 93890 1000000019
      ✓ should mint for amount=1
[FEE] 121691177216997 93890 1000000018
      ✓ should mint for amount=1
[FEE] 121691177095306 93890 1000000017
      ✓ should mint for amount=1
[FEE] 121689880869908 93889 1000000016
      ✓ should mint for amount=1
[FEE] 121691176851923 93890 1000000015
      ✓ should mint for amount=1
[FEE] 121691176730232 93890 1000000014
      ✓ should mint for amount=1
[FEE] 121689880504839 93889 1000000013
      ✓ should mint for amount=1
[FEE] 121691176486850 93890 1000000012
      ✓ should mint for amount=1
[FEE] 121691176365159 93890 1000000011
      ✓ should mint for amount=1
[FEE] 121691176243468 93890 1000000010
      ✓ should mint for amount=1
[FEE] 121689880018079 93889 1000000009
      ✓ should mint for amount=1
[FEE] 121689879896389 93889 1000000008
      ✓ should mint for amount=1
[FEE] 121688583792694 93888 1000000008
      ✓ should mint for amount=1
[FEE] 121689879896389 93889 1000000008
      ✓ should mint for amount=1
[FEE] 121691176000085 93890 1000000008
      ✓ should mint for amount=1
[FEE] 121691176000085 93890 1000000008
      ✓ should mint for amount=1
[FEE] 121691176000085 93890 1000000008
      ✓ should mint for amount=1
[FEE] 121689879896389 93889 1000000008
      ✓ should mint for amount=1
[FEE] 121688583792694 93888 1000000008
      ✓ should mint for amount=1
[FEE] 121689879896389 93889 1000000008
      ✓ should mint for amount=1
[FEE] 121688583792694 93888 1000000008
      ✓ should mint for amount=1
[FEE] 121687287688998 93887 1000000008
      ✓ should mint for amount=1
[FEE] 121688583792694 93888 1000000008
      ✓ should mint for amount=1
[FEE] 121689879896389 93889 1000000008
      ✓ should mint for amount=1
[FEE] 121691176000085 93890 1000000008
      ✓ should mint for amount=1
[FEE] 121691176000085 93890 1000000008
      ✓ should mint for amount=1
[FEE] 121691176000085 93890 1000000008
      ✓ should mint for amount=1
[FEE] 121691176000085 93890 1000000008
      ✓ should mint for amount=1
[FEE] 121691176000085 93890 1000000008
      ✓ should mint for amount=1
[FEE] 121691176000085 93890 1000000008
      ✓ should mint for amount=1
[FEE] 121691176000085 93890 1000000008
      ✓ should mint for amount=1
[FEE] 121691176000085 93890 1000000008
      ✓ should mint for amount=1
[FEE] 121691176000085 93890 1000000008
      ✓ should mint for amount=1
[FEE] 121691176000085 93890 1000000008
      ✓ should mint for amount=1
[FEE] 121689879896389 93889 1000000008
      ✓ should mint for amount=1
[FEE] 121691176000085 93890 1000000008
      ✓ should mint for amount=1
[FEE] 121691176000085 93890 1000000008
      ✓ should mint for amount=1
[FEE] 121689879896389 93889 1000000008
      ✓ should mint for amount=1
[FEE] 121689879896389 93889 1000000008
      ✓ should mint for amount=1
[FEE] 121691176000085 93890 1000000008
      ✓ should mint for amount=1
[FEE] 121691176000085 93890 1000000008
      ✓ should mint for amount=1
[FEE] 121691176000085 93890 1000000008
      ✓ should mint for amount=1
[FEE] 121691176000085 93890 1000000008
      ✓ should mint for amount=1
[FEE] 121689879896389 93889 1000000008
      ✓ should mint for amount=1
[FEE] 121691176000085 93890 1000000008
      ✓ should mint for amount=1
[FEE] 121689879896389 93889 1000000008
      ✓ should mint for amount=1
[FEE] 121691176000085 93890 1000000008
      ✓ should mint for amount=1
[FEE] 121691176000085 93890 1000000008
      ✓ should mint for amount=1
[FEE] 121691176000085 93890 1000000008
      ✓ should mint for amount=1
[FEE] 121691176000085 93890 1000000008
      ✓ should mint for amount=1
[FEE] 121689879896389 93889 1000000008
      ✓ should mint for amount=1
[FEE] 121689879896389 93889 1000000008
      ✓ should mint for amount=1
[FEE] 121691176000085 93890 1000000008
      ✓ should mint for amount=1
[FEE] 121689879896389 93889 1000000008
      ✓ should mint for amount=1
[FEE] 121688583792694 93888 1000000008
      ✓ should mint for amount=1
[FEE] 121689879896389 93889 1000000008
      ✓ should mint for amount=1
[FEE] 121691176000085 93890 1000000008
      ✓ should mint for amount=1
[FEE] 121689879896389 93889 1000000008
      ✓ should mint for amount=1
[FEE] 121691176000085 93890 1000000008
      ✓ should mint for amount=1
[FEE] 121689879896389 93889 1000000008
      ✓ should mint for amount=1
[FEE] 121691176000085 93890 1000000008
      ✓ should mint for amount=1
[FEE] 121691176000085 93890 1000000008
      ✓ should mint for amount=1
[FEE] 121691176000085 93890 1000000008
      ✓ should mint for amount=1
[FEE] 121691176000085 93890 1000000008
      ✓ should mint for amount=1
[FEE] 121691176000085 93890 1000000008
      ✓ should mint for amount=1
[FEE] 121691176000085 93890 1000000008
      ✓ should mint for amount=1
[FEE] 121691176000085 93890 1000000008
      ✓ should mint for amount=1
[FEE] 121691176000085 93890 1000000008
      ✓ should mint for amount=1
[FEE] 121691176000085 93890 1000000008
      ✓ should mint for amount=1
[FEE] 121689879896389 93889 1000000008
      ✓ should mint for amount=1
[FEE] 121691176000085 93890 1000000008
      ✓ should mint for amount=1
[FEE] 121691176000085 93890 1000000008
      ✓ should mint for amount=1
[FEE] 121691176000085 93890 1000000008
      ✓ should mint for amount=1
[FEE] 121691176000085 93890 1000000008
      ✓ should mint for amount=1
[FEE] 121691176000085 93890 1000000008
      ✓ should mint for amount=1
[FEE] 121689879896389 93889 1000000008
      ✓ should mint for amount=1
[FEE] 121691176000085 93890 1000000008
      ✓ should mint for amount=1
[FEE] 121689879896389 93889 1000000008
      ✓ should mint for amount=1
[FEE] 121689879896389 93889 1000000008
      ✓ should mint for amount=1
[FEE] 121691176000085 93890 1000000008
      ✓ should mint for amount=1
[FEE] 121689879896389 93889 1000000008
      ✓ should mint for amount=1
[FEE] 121691176000085 93890 1000000008
      ✓ should mint for amount=1
[FEE] 121691176000085 93890 1000000008
      ✓ should mint for amount=1
[FEE] 121691176000085 93890 1000000008
      ✓ should mint for amount=1
[FEE] 121689879896389 93889 1000000008
      ✓ should mint for amount=1
[FEE] 121691176000085 93890 1000000008
      ✓ should mint for amount=1
[FEE] 121691176000085 93890 1000000008
      ✓ should mint for amount=1
[FEE] 121691176000085 93890 1000000008
      ✓ should mint for amount=1
[FEE] 121691176000085 93890 1000000008
      ✓ should mint for amount=1
[FEE] 121691176000085 93890 1000000008
      ✓ should mint for amount=1
[FEE] 121691176000085 93890 1000000008
      ✓ should mint for amount=1
[FEE] 121691176000085 93890 1000000008
      ✓ should mint for amount=1
[FEE] 121691176000085 93890 1000000008
      ✓ should mint for amount=1
[FEE] 121691176000085 93890 1000000008
      ✓ should mint for amount=1
[FEE] 121689879896389 93889 1000000008
      ✓ should mint for amount=1
[FEE] 121691176000085 93890 1000000008
      ✓ should mint for amount=1
[FEE] 121689879896389 93889 1000000008
      ✓ should mint for amount=1
[FEE] 121691176000085 93890 1000000008
      ✓ should mint for amount=1
[FEE] 121689879896389 93889 1000000008
      ✓ should mint for amount=1
[FEE] 121689879896389 93889 1000000008
      ✓ should mint for amount=1
[FEE] 121691176000085 93890 1000000008
      ✓ should mint for amount=1
[FEE] 121691176000085 93890 1000000008
      ✓ should mint for amount=1
[FEE] 121691176000085 93890 1000000008
      ✓ should mint for amount=1
[FEE] 121691176000085 93890 1000000008
      ✓ should mint for amount=1
[FEE] 121689879896389 93889 1000000008
      ✓ should mint for amount=1
[FEE] 121691176000085 93890 1000000008
      ✓ should mint for amount=1
[FEE] 121691176000085 93890 1000000008
      ✓ should mint for amount=1
[FEE] 121691176000085 93890 1000000008
      ✓ should mint for amount=1
[FEE] 121691176000085 93890 1000000008
      ✓ should mint for amount=1
[FEE] 121691176000085 93890 1000000008
      ✓ should mint for amount=1
[FEE] 121689879896389 93889 1000000008
      ✓ should mint for amount=1
[FEE] 121688583792694 93888 1000000008
      ✓ should mint for amount=1
[FEE] 121687287688998 93887 1000000008
      ✓ should mint for amount=1
[FEE] 121688583792694 93888 1000000008
      ✓ should mint for amount=1
[FEE] 121687287688998 93887 1000000008
      ✓ should mint for amount=1
[FEE] 121688583792694 93888 1000000008
      ✓ should mint for amount=1
[FEE] 121687287688998 93887 1000000008
      ✓ should mint for amount=1
[FEE] 121688583792694 93888 1000000008
      ✓ should mint for amount=1
[FEE] 121688583792694 93888 1000000008
      ✓ should mint for amount=1
[FEE] 121689879896389 93889 1000000008
      ✓ should mint for amount=1
[FEE] 121691176000085 93890 1000000008
      ✓ should mint for amount=1
[FEE] 121691176000085 93890 1000000008
      ✓ should mint for amount=1
[FEE] 121691176000085 93890 1000000008
      ✓ should mint for amount=1
[FEE] 121691176000085 93890 1000000008
      ✓ should mint for amount=1
[FEE] 121691176000085 93890 1000000008
      ✓ should mint for amount=1
[FEE] 121691176000085 93890 1000000008
      ✓ should mint for amount=1
[FEE] 121691176000085 93890 1000000008
      ✓ should mint for amount=1
[FEE] 121689879896389 93889 1000000008
      ✓ should mint for amount=1
[FEE] 121688583792694 93888 1000000008
      ✓ should mint for amount=1
[FEE] 121689879896389 93889 1000000008
      ✓ should mint for amount=1
[FEE] 121688583792694 93888 1000000008
      ✓ should mint for amount=1
[FEE] 121688583792694 93888 1000000008
      ✓ should mint for amount=1
[FEE] 121689879896389 93889 1000000008
      ✓ should mint for amount=1
[FEE] 121691176000085 93890 1000000008
      ✓ should mint for amount=1
[FEE] 121691176000085 93890 1000000008
      ✓ should mint for amount=1

·----------------------------------------|---------------------------|-------------|----------------------------·
|          [90mSolc version: 0.8.17[39m          ·  [90mOptimizer enabled: true[39m  ·  [90mRuns: 200[39m  ·  [90mBlock limit: 8000000 gas[39m  │
·········································|···························|·············|·····························
|  [32m[1mMethods[22m[39m                                                                                                      │
···················|·····················|·············|·············|·············|··············|··············
|  [1mContract[22m        ·  [1mMethod[22m             ·  [32mMin[39m        ·  [32mMax[39m        ·  [32mAvg[39m        ·  [1m# calls[22m     ·  [1musd (avg)[22m  │
···················|·····················|·············|·············|·············|··············|··············
|  [90mXPowerThorTest[39m  ·  init               ·          -  ·          -  ·      67353  ·           [90m1[39m  ·          [32m[90m-[32m[39m  │
···················|·····················|·············|·············|·············|··············|··············
|  [90mXPowerThorTest[39m  ·  mint               ·     [36m121697[39m  ·     [31m229530[39m  ·     125684  ·         [90m416[39m  ·          [32m[90m-[32m[39m  │
···················|·····················|·············|·············|·············|··············|··············
|  [90mXPowerThorTest[39m  ·  transferOwnership  ·          -  ·          -  ·      28656  ·           [90m1[39m  ·          [32m[90m-[32m[39m  │
···················|·····················|·············|·············|·············|··············|··············
|  [32m[1mDeployments[22m[39m                           ·                                         ·  [1m% of limit[22m  ·             │
·········································|·············|·············|·············|··············|··············
|  XPowerThorTest                        ·          -  ·          -  ·    3331941  ·      [90m41.6 %[39m  ·          [32m[90m-[32m[39m  │
·----------------------------------------|-------------|-------------|-------------|--------------|-------------·

  416 passing (22s)

