
> xpower@6.0.0 test-gas
> REPORT_GAS=true npm test ./test/contracts/XPower.fees.1-thor.test.js


> xpower@6.0.0 test
> hardhat test ./test/contracts/XPower.fees.1-thor.test.js


  XPowerThor
    mint
[FEE] 348822982083776 162305 1658186771
      ✓ should mint for amount=1
[FEE] 338640308444929 158029 1653339774
      ✓ should mint for amount=1
[FEE] 328267718777972 154021 1644403880
      ✓ should mint for amount=1
[FEE] 317874850585780 150263 1632166156
      ✓ should mint for amount=1
[FEE] 307594727430261 146740 1617300149
      ✓ should mint for amount=1
[FEE] 297525546838696 143437 1600380766
      ✓ should mint for amount=1
[FEE] 287741560896489 140341 1581897293
      ✓ should mint for amount=1
[FEE] 278292309947869 137438 1562264749
      ✓ should mint for amount=1
[FEE] 269213288095461 134716 1541833820
      ✓ should mint for amount=1
[FEE] 260529392932511 132165 1520899516
      ✓ should mint for amount=1
[FEE] 252249909171817 129773 1499708761
      ✓ should mint for amount=1
[FEE] 244380829784122 127531 1478466963
      ✓ should mint for amount=1
[FEE] 236918904037923 125429 1457343773
      ✓ should mint for amount=1
[FEE] 229857135343310 123458 1436478093
      ✓ should mint for amount=1
[FEE] 223185975303505 121610 1415982437
      ✓ should mint for amount=1
[FEE] 216894269342200 119878 1395946722
      ✓ should mint for amount=1
[FEE] 210964651185889 118253 1376441566
      ✓ should mint for amount=1
[FEE] 205383293021678 116729 1357521143
      ✓ should mint for amount=1
[FEE] 200138367745819 115302 1339225677
      ✓ should mint for amount=1
[FEE] 195208289283385 113963 1321583588
      ✓ should mint for amount=1
[FEE] 190581245155127 112709 1304613349
      ✓ should mint for amount=1
[FEE] 186238128846561 111533 1288325106
      ✓ should mint for amount=1
[FEE] 182164741363707 110431 1272722058
      ✓ should mint for amount=1
[FEE] 178343514693373 109397 1257801659
      ✓ should mint for amount=1
[FEE] 174760291506535 108427 1243556647
      ✓ should mint for amount=1
[FEE] 171404245179123 107519 1229975928
      ✓ should mint for amount=1
[FEE] 168258333723855 106667 1217045339
      ✓ should mint for amount=1
[FEE] 165310626737196 105868 1204748289
      ✓ should mint for amount=1
[FEE] 162551013406100 105120 1193066314
      ✓ should mint for amount=1
[FEE] 159963507833109 104417 1181979549
      ✓ should mint for amount=1
[FEE] 157543254283178 103760 1171467120
      ✓ should mint for amount=1
[FEE] 155273486973522 103142 1161507483
      ✓ should mint for amount=1
[FEE] 153149944448510 102564 1152078702
      ✓ should mint for amount=1
[FEE] 151159637929773 102021 1143158688
      ✓ should mint for amount=1
[FEE] 149295907032754 101512 1134725388
      ✓ should mint for amount=1
[FEE] 147552351563302 101036 1126756950
      ✓ should mint for amount=1
[FEE] 145919930475527 100590 1119231850
      ✓ should mint for amount=1
[FEE] 144389934598256 100171 1112128998
      ✓ should mint for amount=1
[FEE] 142958269604889 99779 1105427820
      ✓ should mint for amount=1
[FEE] 141616770333987 99411 1099108326
      ✓ should mint for amount=1
[FEE] 140360398220085 99066 1093151156
      ✓ should mint for amount=1
[FEE] 139184332267146 98743 1087537615
      ✓ should mint for amount=1
[FEE] 138082558012542 98440 1082249698
      ✓ should mint for amount=1
[FEE] 137050683664499 98156 1077270107
      ✓ should mint for amount=1
[FEE] 136084506051307 97890 1072582254
      ✓ should mint for amount=1
[FEE] 135178617364041 97640 1068170264
      ✓ should mint for amount=1
[FEE] 134330559899290 97406 1064018968
      ✓ should mint for amount=1
[FEE] 133535267311221 97186 1060113895
      ✓ should mint for amount=1
[FEE] 132790583297426 96980 1056441257
      ✓ should mint for amount=1
[FEE] 132091746448287 96786 1052987935
      ✓ should mint for amount=1
[FEE] 131438229415602 96605 1049741459
      ✓ should mint for amount=1
[FEE] 130826885993204 96436 1046689989
      ✓ should mint for amount=1
[FEE] 130253338114507 96277 1043822292
      ✓ should mint for amount=1
[FEE] 129716034502740 96128 1041127724
      ✓ should mint for amount=1
[FEE] 129213515637849 95989 1038596202
      ✓ should mint for amount=1
[FEE] 128741723454873 95858 1036218185
      ✓ should mint for amount=1
[FEE] 128299386071048 95735 1033984649
      ✓ should mint for amount=1
[FEE] 127883970696076 95619 1031887067
      ✓ should mint for amount=1
[FEE] 127495696289291 95511 1029917381
      ✓ should mint for amount=1
[FEE] 127132174935952 95410 1028067986
      ✓ should mint for amount=1
[FEE] 126791092183569 95315 1026331705
      ✓ should mint for amount=1
[FEE] 126471530046239 95226 1024701767
      ✓ should mint for amount=1
[FEE] 126171300315782 95142 1023171788
      ✓ should mint for amount=1
[FEE] 125890923756881 95064 1021735753
      ✓ should mint for amount=1
[FEE] 125628318005059 94991 1020387994
      ✓ should mint for amount=1
[FEE] 125382774820466 94923 1019123171
      ✓ should mint for amount=1
[FEE] 125152310517644 94859 1017936259
      ✓ should mint for amount=1
[FEE] 124936305830275 94799 1016822526
      ✓ should mint for amount=1
[FEE] 124731546566524 94741 1015777520
      ✓ should mint for amount=1
[FEE] 124541440866228 94688 1014797052
      ✓ should mint for amount=1
[FEE] 124364158984376 94639 1013877182
      ✓ should mint for amount=1
[FEE] 124196595001689 94592 1013014206
      ✓ should mint for amount=1
[FEE] 124038304748354 94547 1012204639
      ✓ should mint for amount=1
[FEE] 123891493559316 94506 1011445208
      ✓ should mint for amount=1
[FEE] 123753144725833 94467 1010732835
      ✓ should mint for amount=1
[FEE] 123624200765488 94431 1010064628
      ✓ should mint for amount=1
[FEE] 123503006941376 94397 1009437870
      ✓ should mint for amount=1
[FEE] 123389240650450 94365 1008850008
      ✓ should mint for amount=1
[FEE] 123283906264792 94336 1008298645
      ✓ should mint for amount=1
[FEE] 123185411773337 94309 1007781529
      ✓ should mint for amount=1
[FEE] 123092185541614 94283 1007296545
      ✓ should mint for amount=1
[FEE] 123005284902924 94259 1006841708
      ✓ should mint for amount=1
[FEE] 122923171295658 94236 1006415153
      ✓ should mint for amount=1
[FEE] 122846930737416 94215 1006015130
      ✓ should mint for amount=1
[FEE] 122775054069067 94195 1005639997
      ✓ should mint for amount=1
[FEE] 122707349554925 94176 1005288211
      ✓ should mint for amount=1
[FEE] 122643637634593 94158 1004958326
      ✓ should mint for amount=1
[FEE] 122585051679347 94142 1004648982
      ✓ should mint for amount=1
[FEE] 122530130946786 94127 1004358906
      ✓ should mint for amount=1
[FEE] 122478727174898 94113 1004086901
      ✓ should mint for amount=1
[FEE] 122430701357475 94100 1003831844
      ✓ should mint for amount=1
[FEE] 122383321836648 94086 1003592683
      ✓ should mint for amount=1
[FEE] 122339069153407 94073 1003368430
      ✓ should mint for amount=1
[FEE] 122299128744116 94062 1003158157
      ✓ should mint for amount=1
[FEE] 122262092622855 94052 1002960996
      ✓ should mint for amount=1
[FEE] 122226560227623 94042 1002776130
      ✓ should mint for amount=1
[FEE] 122193737444861 94033 1002602795
      ✓ should mint for amount=1
[FEE] 122163535575302 94025 1002440272
      ✓ should mint for amount=1
[FEE] 122134572571845 94017 1002287888
      ✓ should mint for amount=1
[FEE] 122105472350804 94008 1002145012
      ✓ should mint for amount=1
[FEE] 122080059141602 94001 1002011052
      ✓ should mint for amount=1
[FEE] 122055666828272 93994 1001885452
      ✓ should mint for amount=1
[FEE] 122032231716667 93987 1001767691
      ✓ should mint for amount=1
[FEE] 122010992281091 93981 1001657280
      ✓ should mint for amount=1
[FEE] 121989295900104 93974 1001553761
      ✓ should mint for amount=1
[FEE] 121970984516040 93969 1001456705
      ✓ should mint for amount=1
[FEE] 121952114424096 93963 1001365708
      ✓ should mint for amount=1
[FEE] 121936533216541 93959 1001280393
      ✓ should mint for amount=1
[FEE] 121921601591275 93955 1001200405
      ✓ should mint for amount=1
[FEE] 121905981475390 93950 1001125412
      ✓ should mint for amount=1
[FEE] 121890932545096 93945 1001055102
      ✓ should mint for amount=1
[FEE] 121879013928139 93942 1000989183
      ✓ should mint for amount=1
[FEE] 121867597087845 93939 1000927381
      ✓ should mint for amount=1
[FEE] 121856650686232 93936 1000869439
      ✓ should mint for amount=1
[FEE] 121847442497432 93934 1000815116
      ✓ should mint for amount=1
[FEE] 121838647673124 93932 1000764186
      ✓ should mint for amount=1
[FEE] 121830240377402 93930 1000716437
      ✓ should mint for amount=1
[FEE] 121822196480924 93928 1000671671
      ✓ should mint for amount=1
[FEE] 121814493317255 93926 1000629702
      ✓ should mint for amount=1
[FEE] 121807109439242 93924 1000590354
      ✓ should mint for amount=1
[FEE] 121800025105813 93922 1000553465
      ✓ should mint for amount=1
[FEE] 121793221429685 93920 1000518880
      ✓ should mint for amount=1
[FEE] 121785384251732 93917 1000486456
      ✓ should mint for amount=1
[FEE] 121780387324837 93916 1000456058
      ✓ should mint for amount=1
[FEE] 121774324971969 93914 1000427559
      ✓ should mint for amount=1
[FEE] 121769776172834 93913 1000400841
      ✓ should mint for amount=1
[FEE] 121765430593120 93912 1000375792
      ✓ should mint for amount=1
[FEE] 121761275567623 93911 1000352308
      ✓ should mint for amount=1
[FEE] 121757299161983 93910 1000330291
      ✓ should mint for amount=1
[FEE] 121752193789334 93908 1000309650
      ✓ should mint for amount=1
[FEE] 121748542012007 93907 1000290299
      ✓ should mint for amount=1
[FEE] 121745037434544 93906 1000272157
      ✓ should mint for amount=1
[FEE] 121741670923948 93905 1000255149
      ✓ should mint for amount=1
[FEE] 121738433712738 93904 1000239203
      ✓ should mint for amount=1
[FEE] 121735317885765 93903 1000224254
      ✓ should mint for amount=1
[FEE] 121732315771626 93902 1000210239
      ✓ should mint for amount=1
[FEE] 121730716666923 93902 1000197100
      ✓ should mint for amount=1
[FEE] 121727921140262 93901 1000184782
      ✓ should mint for amount=1
[FEE] 121726515685932 93901 1000173234
      ✓ should mint for amount=1
[FEE] 121725197981218 93901 1000162407
      ✓ should mint for amount=1
[FEE] 121723962671081 93901 1000152257
      ✓ should mint for amount=1
[FEE] 121722804522189 93901 1000142741
      ✓ should mint for amount=1
[FEE] 121721718788028 93901 1000133820
      ✓ should mint for amount=1
[FEE] 121718108311215 93899 1000125456
      ✓ should mint for amount=1
[FEE] 121714561526993 93897 1000117615
      ✓ should mint for amount=1
[FEE] 121713666908472 93897 1000110264
      ✓ should mint for amount=1
[FEE] 121712828272065 93897 1000103373
      ✓ should mint for amount=1
[FEE] 121712041966764 93897 1000096912
      ✓ should mint for amount=1
[FEE] 121711304828363 93897 1000090855
      ✓ should mint for amount=1
[FEE] 121709317600273 93896 1000085177
      ✓ should mint for amount=1
[FEE] 121708669675054 93896 1000079853
      ✓ should mint for amount=1
[FEE] 121708062275587 93896 1000074862
      ✓ should mint for amount=1
[FEE] 121707492846192 93896 1000070183
      ✓ should mint for amount=1
[FEE] 121706959074590 93896 1000065797
      ✓ should mint for amount=1
[FEE] 121705162464865 93895 1000061685
      ✓ should mint for amount=1
[FEE] 121704693320403 93895 1000057830
      ✓ should mint for amount=1
[FEE] 121704253505076 93895 1000054216
      ✓ should mint for amount=1
[FEE] 121703841193419 93895 1000050828
      ✓ should mint for amount=1
[FEE] 121702158394521 93894 1000047651
      ✓ should mint for amount=1
[FEE] 121700499821177 93893 1000044673
      ✓ should mint for amount=1
[FEE] 121700160048560 93893 1000041881
      ✓ should mint for amount=1
[FEE] 121698545296310 93892 1000039263
      ✓ should mint for amount=1
[FEE] 121698246659805 93892 1000036809
      ✓ should mint for amount=1
[FEE] 121697966642446 93892 1000034508
      ✓ should mint for amount=1
[FEE] 121697704148990 93892 1000032351
      ✓ should mint for amount=1
[FEE] 121697458084193 93892 1000030329
      ✓ should mint for amount=1
[FEE] 121697227352810 93892 1000028433
      ✓ should mint for amount=1
[FEE] 121697011102986 93892 1000026656
      ✓ should mint for amount=1
[FEE] 121696808361170 93892 1000024990
      ✓ should mint for amount=1
[FEE] 121696618275505 93892 1000023428
      ✓ should mint for amount=1
[FEE] 121696440115830 93892 1000021964
      ✓ should mint for amount=1
[FEE] 121696273030288 93892 1000020591
      ✓ should mint for amount=1
[FEE] 121694820281704 93891 1000019304
      ✓ should mint for amount=1
[FEE] 121694673520584 93891 1000018098
      ✓ should mint for amount=1
[FEE] 121693239760722 93890 1000016967
      ✓ should mint for amount=1
[FEE] 121693110768077 93890 1000015907
      ✓ should mint for amount=1
[FEE] 121692989807049 93890 1000014913
      ✓ should mint for amount=1
[FEE] 121692876390874 93890 1000013981
      ✓ should mint for amount=1
[FEE] 121692770032787 93890 1000013107
      ✓ should mint for amount=1
[FEE] 121692670367714 93890 1000012288
      ✓ should mint for amount=1
[FEE] 121692576908892 93890 1000011520
      ✓ should mint for amount=1
[FEE] 121691193173563 93889 1000010800
      ✓ should mint for amount=1
[FEE] 121691111032894 93889 1000010125
      ✓ should mint for amount=1
[FEE] 121691034003201 93889 1000009492
      ✓ should mint for amount=1
[FEE] 121692257956322 93890 1000008899
      ✓ should mint for amount=1
[FEE] 121692190296029 93890 1000008343
      ✓ should mint for amount=1
[FEE] 121692126894927 93890 1000007822
      ✓ should mint for amount=1
[FEE] 121690771274752 93889 1000007333
      ✓ should mint for amount=1
[FEE] 121689419428192 93888 1000006875
      ✓ should mint for amount=1
[FEE] 121688070990062 93887 1000006445
      ✓ should mint for amount=1
[FEE] 121688021950086 93887 1000006042
      ✓ should mint for amount=1
[FEE] 121689272063318 93888 1000005664
      ✓ should mint for amount=1
[FEE] 121689228985560 93888 1000005310
      ✓ should mint for amount=1
[FEE] 121689188584950 93888 1000004978
      ✓ should mint for amount=1
[FEE] 121690446849535 93889 1000004667
      ✓ should mint for amount=1
[FEE] 121689115206735 93888 1000004375
      ✓ should mint for amount=1
[FEE] 121689081985752 93888 1000004102
      ✓ should mint for amount=1
[FEE] 121689050833474 93888 1000003846
      ✓ should mint for amount=1
[FEE] 121687725519855 93887 1000003606
      ✓ should mint for amount=1
[FEE] 121688994248283 93888 1000003381
      ✓ should mint for amount=1
[FEE] 121687672464198 93887 1000003170
      ✓ should mint for amount=1
[FEE] 121687648370116 93887 1000002972
      ✓ should mint for amount=1
[FEE] 121687625736280 93887 1000002786
      ✓ should mint for amount=1
[FEE] 121687604562692 93887 1000002612
      ✓ should mint for amount=1
[FEE] 121686288620805 93886 1000002449
      ✓ should mint for amount=1
[FEE] 121687566109510 93887 1000002296
      ✓ should mint for amount=1
[FEE] 121688844814704 93888 1000002153
      ✓ should mint for amount=1
[FEE] 121690124493046 93889 1000002018
      ✓ should mint for amount=1
[FEE] 121690109160121 93889 1000001892
      ✓ should mint for amount=1
[FEE] 121691390906700 93890 1000001774
      ✓ should mint for amount=1
[FEE] 121691377398980 93890 1000001663
      ✓ should mint for amount=1
[FEE] 121691364743098 93890 1000001559
      ✓ should mint for amount=1
[FEE] 121691352939054 93890 1000001462
      ✓ should mint for amount=1
[FEE] 121691341865157 93890 1000001371
      ✓ should mint for amount=1
[FEE] 121690035294365 93889 1000001285
      ✓ should mint for amount=1
[FEE] 121690025559174 93889 1000001205
      ✓ should mint for amount=1
[FEE] 121688720327283 93888 1000001130
      ✓ should mint for amount=1
[FEE] 121690007792452 93889 1000001059
      ✓ should mint for amount=1
[FEE] 121688703655948 93888 1000000993
      ✓ should mint for amount=1
[FEE] 121689992216148 93889 1000000931
      ✓ should mint for amount=1
[FEE] 121691281262952 93890 1000000873
      ✓ should mint for amount=1
[FEE] 121691274569937 93890 1000000818
      ✓ should mint for amount=1
[FEE] 121689972259007 93889 1000000767
      ✓ should mint for amount=1
[FEE] 121689966417893 93889 1000000719
      ✓ should mint for amount=1
[FEE] 121689960941849 93889 1000000674
      ✓ should mint for amount=1
[FEE] 121689955830874 93889 1000000632
      ✓ should mint for amount=1
[FEE] 121691247189423 93890 1000000593
      ✓ should mint for amount=1
[FEE] 121691242686849 93890 1000000556
      ✓ should mint for amount=1
[FEE] 121691238427658 93890 1000000521
      ✓ should mint for amount=1
[FEE] 121691234411849 93890 1000000488
      ✓ should mint for amount=1
[FEE] 121691230761114 93890 1000000458
      ✓ should mint for amount=1
[FEE] 121691227232070 93890 1000000429
      ✓ should mint for amount=1
[FEE] 121691223946408 93890 1000000402
      ✓ should mint for amount=1
[FEE] 121691220904129 93890 1000000377
      ✓ should mint for amount=1
[FEE] 121691217983541 93890 1000000353
      ✓ should mint for amount=1
[FEE] 121691215306335 93890 1000000331
      ✓ should mint for amount=1
[FEE] 121689916646733 93889 1000000310
      ✓ should mint for amount=1
[FEE] 121691210438688 93890 1000000291
      ✓ should mint for amount=1
[FEE] 121691208248247 93890 1000000273
      ✓ should mint for amount=1
[FEE] 121691206179497 93890 1000000256
      ✓ should mint for amount=1
[FEE] 121691204232438 93890 1000000240
      ✓ should mint for amount=1
[FEE] 121691202407070 93890 1000000225
      ✓ should mint for amount=1
[FEE] 121691200703394 93890 1000000211
      ✓ should mint for amount=1
[FEE] 121691199121408 93890 1000000198
      ✓ should mint for amount=1
[FEE] 121691197661114 93890 1000000186
      ✓ should mint for amount=1
[FEE] 121691196200820 93890 1000000174
      ✓ should mint for amount=1
[FEE] 121689898758321 93889 1000000163
      ✓ should mint for amount=1
[FEE] 121689897541422 93889 1000000153
      ✓ should mint for amount=1
[FEE] 121689896324523 93889 1000000143
      ✓ should mint for amount=1
[FEE] 121691191333173 93890 1000000134
      ✓ should mint for amount=1
[FEE] 121691190359644 93890 1000000126
      ✓ should mint for amount=1
[FEE] 121691189386114 93890 1000000118
      ✓ should mint for amount=1
[FEE] 121691188534276 93890 1000000111
      ✓ should mint for amount=1
[FEE] 121689891578618 93889 1000000104
      ✓ should mint for amount=1
[FEE] 121689890848478 93889 1000000098
      ✓ should mint for amount=1
[FEE] 121689890118339 93889 1000000092
      ✓ should mint for amount=1
[FEE] 121688593284403 93888 1000000086
      ✓ should mint for amount=1
[FEE] 121687296572170 93887 1000000081
      ✓ should mint for amount=1
[FEE] 121687295963733 93887 1000000076
      ✓ should mint for amount=1
[FEE] 121687295355297 93887 1000000071
      ✓ should mint for amount=1
[FEE] 121688590972320 93888 1000000067
      ✓ should mint for amount=1
[FEE] 121689886589333 93889 1000000063
      ✓ should mint for amount=1
[FEE] 121691182206335 93890 1000000059
      ✓ should mint for amount=1
[FEE] 121691181719570 93890 1000000055
      ✓ should mint for amount=1
[FEE] 121691181354497 93890 1000000052
      ✓ should mint for amount=1
[FEE] 121691180989423 93890 1000000049
      ✓ should mint for amount=1
[FEE] 121689884520605 93889 1000000046
      ✓ should mint for amount=1
[FEE] 121689884155535 93889 1000000043
      ✓ should mint for amount=1
[FEE] 121691179894203 93890 1000000040
      ✓ should mint for amount=1
[FEE] 121689883547086 93889 1000000038
      ✓ should mint for amount=1
[FEE] 121688587199974 93888 1000000036
      ✓ should mint for amount=1
[FEE] 121689883060326 93889 1000000034
      ✓ should mint for amount=1
[FEE] 121688586713220 93888 1000000032
      ✓ should mint for amount=1
[FEE] 121689882573567 93889 1000000030
      ✓ should mint for amount=1
[FEE] 121691178433909 93890 1000000028
      ✓ should mint for amount=1
[FEE] 121691178190526 93890 1000000026
      ✓ should mint for amount=1
[FEE] 121691177947144 93890 1000000024
      ✓ should mint for amount=1
[FEE] 121691177825453 93890 1000000023
      ✓ should mint for amount=1
[FEE] 121691177703762 93890 1000000022
      ✓ should mint for amount=1
[FEE] 121691177582070 93890 1000000021
      ✓ should mint for amount=1
[FEE] 121691177460379 93890 1000000020
      ✓ should mint for amount=1
[FEE] 121691177338688 93890 1000000019
      ✓ should mint for amount=1
[FEE] 121691177216997 93890 1000000018
      ✓ should mint for amount=1
[FEE] 121691177095306 93890 1000000017
      ✓ should mint for amount=1
[FEE] 121689880869908 93889 1000000016
      ✓ should mint for amount=1
[FEE] 121688584644514 93888 1000000015
      ✓ should mint for amount=1
[FEE] 121688584522825 93888 1000000014
      ✓ should mint for amount=1
[FEE] 121688584401136 93888 1000000013
      ✓ should mint for amount=1
[FEE] 121689880383149 93889 1000000012
      ✓ should mint for amount=1
[FEE] 121691176365159 93890 1000000011
      ✓ should mint for amount=1
[FEE] 121691176243468 93890 1000000010
      ✓ should mint for amount=1
[FEE] 121691176121776 93890 1000000009
      ✓ should mint for amount=1
[FEE] 121691176000085 93890 1000000008
      ✓ should mint for amount=1
[FEE] 121691176000085 93890 1000000008
      ✓ should mint for amount=1
[FEE] 121691176000085 93890 1000000008
      ✓ should mint for amount=1
[FEE] 121691176000085 93890 1000000008
      ✓ should mint for amount=1
[FEE] 121691176000085 93890 1000000008
      ✓ should mint for amount=1
[FEE] 121691176000085 93890 1000000008
      ✓ should mint for amount=1
[FEE] 121691176000085 93890 1000000008
      ✓ should mint for amount=1
[FEE] 121689879896389 93889 1000000008
      ✓ should mint for amount=1
[FEE] 121689879896389 93889 1000000008
      ✓ should mint for amount=1
[FEE] 121689879896389 93889 1000000008
      ✓ should mint for amount=1
[FEE] 121689879896389 93889 1000000008
      ✓ should mint for amount=1
[FEE] 121691176000085 93890 1000000008
      ✓ should mint for amount=1
[FEE] 121689879896389 93889 1000000008
      ✓ should mint for amount=1
[FEE] 121689879896389 93889 1000000008
      ✓ should mint for amount=1
[FEE] 121691176000085 93890 1000000008
      ✓ should mint for amount=1
[FEE] 121691176000085 93890 1000000008
      ✓ should mint for amount=1
[FEE] 121691176000085 93890 1000000008
      ✓ should mint for amount=1
[FEE] 121691176000085 93890 1000000008
      ✓ should mint for amount=1
[FEE] 121691176000085 93890 1000000008
      ✓ should mint for amount=1
[FEE] 121691176000085 93890 1000000008
      ✓ should mint for amount=1
[FEE] 121691176000085 93890 1000000008
      ✓ should mint for amount=1
[FEE] 121689879896389 93889 1000000008
      ✓ should mint for amount=1
[FEE] 121689879896389 93889 1000000008
      ✓ should mint for amount=1
[FEE] 121691176000085 93890 1000000008
      ✓ should mint for amount=1
[FEE] 121691176000085 93890 1000000008
      ✓ should mint for amount=1
[FEE] 121689879896389 93889 1000000008
      ✓ should mint for amount=1
[FEE] 121691176000085 93890 1000000008
      ✓ should mint for amount=1
[FEE] 121691176000085 93890 1000000008
      ✓ should mint for amount=1
[FEE] 121691176000085 93890 1000000008
      ✓ should mint for amount=1
[FEE] 121691176000085 93890 1000000008
      ✓ should mint for amount=1
[FEE] 121691176000085 93890 1000000008
      ✓ should mint for amount=1
[FEE] 121689879896389 93889 1000000008
      ✓ should mint for amount=1
[FEE] 121691176000085 93890 1000000008
      ✓ should mint for amount=1
[FEE] 121691176000085 93890 1000000008
      ✓ should mint for amount=1
[FEE] 121689879896389 93889 1000000008
      ✓ should mint for amount=1
[FEE] 121691176000085 93890 1000000008
      ✓ should mint for amount=1
[FEE] 121691176000085 93890 1000000008
      ✓ should mint for amount=1
[FEE] 121691176000085 93890 1000000008
      ✓ should mint for amount=1
[FEE] 121691176000085 93890 1000000008
      ✓ should mint for amount=1
[FEE] 121691176000085 93890 1000000008
      ✓ should mint for amount=1
[FEE] 121691176000085 93890 1000000008
      ✓ should mint for amount=1
[FEE] 121691176000085 93890 1000000008
      ✓ should mint for amount=1
[FEE] 121691176000085 93890 1000000008
      ✓ should mint for amount=1
[FEE] 121689879896389 93889 1000000008
      ✓ should mint for amount=1
[FEE] 121688583792694 93888 1000000008
      ✓ should mint for amount=1
[FEE] 121688583792694 93888 1000000008
      ✓ should mint for amount=1
[FEE] 121687287688998 93887 1000000008
      ✓ should mint for amount=1
[FEE] 121688583792694 93888 1000000008
      ✓ should mint for amount=1
[FEE] 121689879896389 93889 1000000008
      ✓ should mint for amount=1
[FEE] 121688583792694 93888 1000000008
      ✓ should mint for amount=1
[FEE] 121688583792694 93888 1000000008
      ✓ should mint for amount=1
[FEE] 121689879896389 93889 1000000008
      ✓ should mint for amount=1
[FEE] 121689879896389 93889 1000000008
      ✓ should mint for amount=1
[FEE] 121691176000085 93890 1000000008
      ✓ should mint for amount=1
[FEE] 121691176000085 93890 1000000008
      ✓ should mint for amount=1
[FEE] 121691176000085 93890 1000000008
      ✓ should mint for amount=1
[FEE] 121691176000085 93890 1000000008
      ✓ should mint for amount=1
[FEE] 121691176000085 93890 1000000008
      ✓ should mint for amount=1
[FEE] 121691176000085 93890 1000000008
      ✓ should mint for amount=1
[FEE] 121691176000085 93890 1000000008
      ✓ should mint for amount=1
[FEE] 121691176000085 93890 1000000008
      ✓ should mint for amount=1
[FEE] 121691176000085 93890 1000000008
      ✓ should mint for amount=1
[FEE] 121691176000085 93890 1000000008
      ✓ should mint for amount=1
[FEE] 121691176000085 93890 1000000008
      ✓ should mint for amount=1
[FEE] 121691176000085 93890 1000000008
      ✓ should mint for amount=1
[FEE] 121691176000085 93890 1000000008
      ✓ should mint for amount=1
[FEE] 121691176000085 93890 1000000008
      ✓ should mint for amount=1
[FEE] 121691176000085 93890 1000000008
      ✓ should mint for amount=1
[FEE] 121691176000085 93890 1000000008
      ✓ should mint for amount=1
[FEE] 121691176000085 93890 1000000008
      ✓ should mint for amount=1
[FEE] 121691176000085 93890 1000000008
      ✓ should mint for amount=1
[FEE] 121689879896389 93889 1000000008
      ✓ should mint for amount=1
[FEE] 121689879896389 93889 1000000008
      ✓ should mint for amount=1
[FEE] 121689879896389 93889 1000000008
      ✓ should mint for amount=1
[FEE] 121691176000085 93890 1000000008
      ✓ should mint for amount=1
[FEE] 121691176000085 93890 1000000008
      ✓ should mint for amount=1
[FEE] 121691176000085 93890 1000000008
      ✓ should mint for amount=1
[FEE] 121691176000085 93890 1000000008
      ✓ should mint for amount=1
[FEE] 121689879896389 93889 1000000008
      ✓ should mint for amount=1
[FEE] 121688583792694 93888 1000000008
      ✓ should mint for amount=1
[FEE] 121688583792694 93888 1000000008
      ✓ should mint for amount=1
[FEE] 121689879896389 93889 1000000008
      ✓ should mint for amount=1
[FEE] 121689879896389 93889 1000000008
      ✓ should mint for amount=1
[FEE] 121688583792694 93888 1000000008
      ✓ should mint for amount=1
[FEE] 121688583792694 93888 1000000008
      ✓ should mint for amount=1
[FEE] 121688583792694 93888 1000000008
      ✓ should mint for amount=1
[FEE] 121687287688998 93887 1000000008
      ✓ should mint for amount=1
[FEE] 121688583792694 93888 1000000008
      ✓ should mint for amount=1
[FEE] 121689879896389 93889 1000000008
      ✓ should mint for amount=1
[FEE] 121688583792694 93888 1000000008
      ✓ should mint for amount=1
[FEE] 121689879896389 93889 1000000008
      ✓ should mint for amount=1
[FEE] 121691176000085 93890 1000000008
      ✓ should mint for amount=1
[FEE] 121689879896389 93889 1000000008
      ✓ should mint for amount=1
[FEE] 121689879896389 93889 1000000008
      ✓ should mint for amount=1
[FEE] 121689879896389 93889 1000000008
      ✓ should mint for amount=1
[FEE] 121691176000085 93890 1000000008
      ✓ should mint for amount=1
[FEE] 121691176000085 93890 1000000008
      ✓ should mint for amount=1
[FEE] 121689879896389 93889 1000000008
      ✓ should mint for amount=1
[FEE] 121688583792694 93888 1000000008
      ✓ should mint for amount=1
[FEE] 121688583792694 93888 1000000008
      ✓ should mint for amount=1
[FEE] 121689879896389 93889 1000000008
      ✓ should mint for amount=1
[FEE] 121691176000085 93890 1000000008
      ✓ should mint for amount=1
[FEE] 121691176000085 93890 1000000008
      ✓ should mint for amount=1
[FEE] 121691176000085 93890 1000000008
      ✓ should mint for amount=1
[FEE] 121691176000085 93890 1000000008
      ✓ should mint for amount=1
[FEE] 121691176000085 93890 1000000008
      ✓ should mint for amount=1
[FEE] 121691176000085 93890 1000000008
      ✓ should mint for amount=1
[FEE] 121689879896389 93889 1000000008
      ✓ should mint for amount=1
[FEE] 121691176000085 93890 1000000008
      ✓ should mint for amount=1
[FEE] 121691176000085 93890 1000000008
      ✓ should mint for amount=1
[FEE] 121691176000085 93890 1000000008
      ✓ should mint for amount=1
[FEE] 121691176000085 93890 1000000008
      ✓ should mint for amount=1
[FEE] 121691176000085 93890 1000000008
      ✓ should mint for amount=1
[FEE] 121691176000085 93890 1000000008
      ✓ should mint for amount=1
[FEE] 121691176000085 93890 1000000008
      ✓ should mint for amount=1
[FEE] 121691176000085 93890 1000000008
      ✓ should mint for amount=1
[FEE] 121691176000085 93890 1000000008
      ✓ should mint for amount=1
[FEE] 121691176000085 93890 1000000008
      ✓ should mint for amount=1
[FEE] 121691176000085 93890 1000000008
      ✓ should mint for amount=1
[FEE] 121691176000085 93890 1000000008
      ✓ should mint for amount=1
[FEE] 121689879896389 93889 1000000008
      ✓ should mint for amount=1
[FEE] 121689879896389 93889 1000000008
      ✓ should mint for amount=1
[FEE] 121691176000085 93890 1000000008
      ✓ should mint for amount=1
[FEE] 121691176000085 93890 1000000008
      ✓ should mint for amount=1
[FEE] 121691176000085 93890 1000000008
      ✓ should mint for amount=1
[FEE] 121691176000085 93890 1000000008
      ✓ should mint for amount=1
[FEE] 121691176000085 93890 1000000008
      ✓ should mint for amount=1
[FEE] 121691176000085 93890 1000000008
      ✓ should mint for amount=1
[FEE] 121691176000085 93890 1000000008
      ✓ should mint for amount=1
[FEE] 121691176000085 93890 1000000008
      ✓ should mint for amount=1
[FEE] 121691176000085 93890 1000000008
      ✓ should mint for amount=1
[FEE] 121689879896389 93889 1000000008
      ✓ should mint for amount=1
[FEE] 121691176000085 93890 1000000008
      ✓ should mint for amount=1
[FEE] 121689879896389 93889 1000000008
      ✓ should mint for amount=1
[FEE] 121691176000085 93890 1000000008
      ✓ should mint for amount=1
[FEE] 121691176000085 93890 1000000008
      ✓ should mint for amount=1
[FEE] 121691176000085 93890 1000000008
      ✓ should mint for amount=1
[FEE] 121689879896389 93889 1000000008
      ✓ should mint for amount=1
[FEE] 121691176000085 93890 1000000008
      ✓ should mint for amount=1
[FEE] 121691176000085 93890 1000000008
      ✓ should mint for amount=1
[FEE] 121691176000085 93890 1000000008
      ✓ should mint for amount=1
[FEE] 121691176000085 93890 1000000008
      ✓ should mint for amount=1
[FEE] 121691176000085 93890 1000000008
      ✓ should mint for amount=1
[FEE] 121691176000085 93890 1000000008
      ✓ should mint for amount=1
[FEE] 121691176000085 93890 1000000008
      ✓ should mint for amount=1

·----------------------------------------|---------------------------|-------------|----------------------------·
|          [90mSolc version: 0.8.17[39m          ·  [90mOptimizer enabled: true[39m  ·  [90mRuns: 200[39m  ·  [90mBlock limit: 8000000 gas[39m  │
·········································|···························|·············|·····························
|  [32m[1mMethods[22m[39m                                                                                                      │
···················|·····················|·············|·············|·············|··············|··············
|  [1mContract[22m        ·  [1mMethod[22m             ·  [32mMin[39m        ·  [32mMax[39m        ·  [32mAvg[39m        ·  [1m# calls[22m     ·  [1musd (avg)[22m  │
···················|·····················|·············|·············|·············|··············|··············
|  [90mXPowerThorTest[39m  ·  init               ·          -  ·          -  ·      67353  ·           [90m1[39m  ·          [32m[90m-[32m[39m  │
···················|·····················|·············|·············|·············|··············|··············
|  [90mXPowerThorTest[39m  ·  mint               ·     [36m121702[39m  ·     [31m229547[39m  ·     125357  ·         [90m437[39m  ·          [32m[90m-[32m[39m  │
···················|·····················|·············|·············|·············|··············|··············
|  [90mXPowerThorTest[39m  ·  transferOwnership  ·          -  ·          -  ·      28656  ·           [90m1[39m  ·          [32m[90m-[32m[39m  │
···················|·····················|·············|·············|·············|··············|··············
|  [32m[1mDeployments[22m[39m                           ·                                         ·  [1m% of limit[22m  ·             │
·········································|·············|·············|·············|··············|··············
|  XPowerThorTest                        ·          -  ·          -  ·    3331941  ·      [90m41.6 %[39m  ·          [32m[90m-[32m[39m  │
·----------------------------------------|-------------|-------------|-------------|--------------|-------------·

  437 passing (26s)

