
> xpower@6.0.0 test-gas
> REPORT_GAS=true npm test ./test/contracts/XPower.fees.1-thor.test.js


> xpower@6.0.0 test
> hardhat test ./test/contracts/XPower.fees.1-thor.test.js


  XPowerThor
    mint
[FEE] 348812236173851 162300 1658186771
      ✓ should mint for amount=1
[FEE] 338631735412114 158025 1653339767
      ✓ should mint for amount=1
[FEE] 328259192108901 154017 1644403873
      ✓ should mint for amount=1
[FEE] 317866384280221 150259 1632166133
      ✓ should mint for amount=1
[FEE] 307586335068124 146736 1617300109
      ✓ should mint for amount=1
[FEE] 297515166060611 143432 1600380715
      ✓ should mint for amount=1
[FEE] 287731296285851 140336 1581897221
      ✓ should mint for amount=1
[FEE] 278280145130177 137432 1562264661
      ✓ should mint for amount=1
[FEE] 269203277007042 134711 1541833710
      ✓ should mint for amount=1
[FEE] 260519516331297 132160 1520899397
      ✓ should mint for amount=1
[FEE] 252240168752879 129768 1499708633
      ✓ should mint for amount=1
[FEE] 244371226072703 127526 1478466827
      ✓ should mint for amount=1
[FEE] 236909436773434 125424 1457343632
      ✓ should mint for amount=1
[FEE] 229849664843777 123454 1436477948
      ✓ should mint for amount=1
[FEE] 223180446511509 121607 1415982291
      ✓ should mint for amount=1
[FEE] 216887009646912 119874 1395946577
      ✓ should mint for amount=1
[FEE] 210959276623083 118250 1376441419
      ✓ should mint for amount=1
[FEE] 205379752259562 116727 1357520999
      ✓ should mint for amount=1
[FEE] 200133139498288 115299 1339225537
      ✓ should mint for amount=1
[FEE] 195204843081339 113961 1321583450
      ✓ should mint for amount=1
[FEE] 190576153130234 112706 1304613217
      ✓ should mint for amount=1
[FEE] 186233100934839 111530 1288324978
      ✓ should mint for amount=1
[FEE] 182159774876816 110428 1272721934
      ✓ should mint for amount=1
[FEE] 178336976713750 109393 1257801539
      ✓ should mint for amount=1
[FEE] 174757051507813 108425 1243556530
      ✓ should mint for amount=1
[FEE] 171401041218900 107517 1229975816
      ✓ should mint for amount=1
[FEE] 168256741375885 106666 1217045231
      ✓ should mint for amount=1
[FEE] 165310612466742 105868 1204748185
      ✓ should mint for amount=1
[FEE] 162551000053951 105120 1193066216
      ✓ should mint for amount=1
[FEE] 159966559182788 104419 1181979456
      ✓ should mint for amount=1
[FEE] 157544760791348 103761 1171467032
      ✓ should mint for amount=1
[FEE] 155274981311877 103143 1161507400
      ✓ should mint for amount=1
[FEE] 153151427293041 102565 1152078624
      ✓ should mint for amount=1
[FEE] 151162591448953 102023 1143158614
      ✓ should mint for amount=1
[FEE] 149300310119423 101515 1134725319
      ✓ should mint for amount=1
[FEE] 147553803576054 101037 1126756886
      ✓ should mint for amount=1
[FEE] 145921373293471 100591 1119231790
      ✓ should mint for amount=1
[FEE] 144391368632251 100172 1112128941
      ✓ should mint for amount=1
[FEE] 142956830001718 99778 1105427767
      ✓ should mint for amount=1
[FEE] 141615339462197 99410 1099108277
      ✓ should mint for amount=1
[FEE] 140358975476511 99065 1093151110
      ✓ should mint for amount=1
[FEE] 139182917202501 98742 1087537572
      ✓ should mint for amount=1
[FEE] 138079747493464 98438 1082249658
      ✓ should mint for amount=1
[FEE] 137047886322713 98154 1077270069
      ✓ should mint for amount=1
[FEE] 136081721128254 97888 1072582218
      ✓ should mint for amount=1
[FEE] 135177228601916 97639 1068170230
      ✓ should mint for amount=1
[FEE] 134329176780481 97405 1064018936
      ✓ should mint for amount=1
[FEE] 133533889514840 97185 1060113865
      ✓ should mint for amount=1
[FEE] 132790579777935 96980 1056441229
      ✓ should mint for amount=1
[FEE] 132093107968235 96787 1052987909
      ✓ should mint for amount=1
[FEE] 131439586984302 96606 1049741435
      ✓ should mint for amount=1
[FEE] 130828239737132 96437 1046689966
      ✓ should mint for amount=1
[FEE] 130254688395915 96278 1043822271
      ✓ should mint for amount=1
[FEE] 129717381420357 96129 1041127704
      ✓ should mint for amount=1
[FEE] 129213513274027 95989 1038596183
      ✓ should mint for amount=1
[FEE] 128740378172333 95857 1036218167
      ✓ should mint for amount=1
[FEE] 128296703783141 95733 1033984633
      ✓ should mint for amount=1
[FEE] 127882631404483 95618 1031887052
      ✓ should mint for amount=1
[FEE] 127494359676506 95510 1029917367
      ✓ should mint for amount=1
[FEE] 127130840845667 95409 1028067973
      ✓ should mint for amount=1
[FEE] 126791090577574 95315 1026331692
      ✓ should mint for amount=1
[FEE] 126470200322023 95225 1024701754
      ✓ should mint for amount=1
[FEE] 126171298836015 95142 1023171776
      ✓ should mint for amount=1
[FEE] 125890922401540 95064 1021735742
      ✓ should mint for amount=1
[FEE] 125628316650759 94991 1020387983
      ✓ should mint for amount=1
[FEE] 125381452700880 94922 1019123161
      ✓ should mint for amount=1
[FEE] 125149670709269 94857 1017936250
      ✓ should mint for amount=1
[FEE] 124932351125081 94796 1016822518
      ✓ should mint for amount=1
[FEE] 124730229153986 94740 1015777513
      ✓ should mint for amount=1
[FEE] 124540124847684 94687 1014797046
      ✓ should mint for amount=1
[FEE] 124362844281121 94638 1013877177
      ✓ should mint for amount=1
[FEE] 124196594388684 94592 1013014201
      ✓ should mint for amount=1
[FEE] 124038304258183 94547 1012204635
      ✓ should mint for amount=1
[FEE] 123890182131501 94505 1011445204
      ✓ should mint for amount=1
[FEE] 123753144236077 94467 1010732831
      ✓ should mint for amount=1
[FEE] 123624200275919 94431 1010064624
      ✓ should mint for amount=1
[FEE] 123504314788122 94398 1009437866
      ✓ should mint for amount=1
[FEE] 123390547735431 94366 1008850004
      ✓ should mint for amount=1
[FEE] 123285212635299 94337 1008298641
      ✓ should mint for amount=1
[FEE] 123186717473749 94310 1007781525
      ✓ should mint for amount=1
[FEE] 123093490613571 94284 1007296541
      ✓ should mint for amount=1
[FEE] 123006589385489 94260 1006841704
      ✓ should mint for amount=1
[FEE] 122924475225483 94237 1006415149
      ✓ should mint for amount=1
[FEE] 122846930371079 94215 1006015127
      ✓ should mint for amount=1
[FEE] 122773750289105 94194 1005639994
      ✓ should mint for amount=1
[FEE] 122706046353049 94175 1005288209
      ✓ should mint for amount=1
[FEE] 122643637390516 94158 1004958324
      ✓ should mint for amount=1
[FEE] 122585051435311 94142 1004648980
      ✓ should mint for amount=1
[FEE] 122528828949512 94126 1004358904
      ✓ should mint for amount=1
[FEE] 122477425530208 94112 1004086899
      ✓ should mint for amount=1
[FEE] 122429400043399 94099 1003831842
      ✓ should mint for amount=1
[FEE] 122383321592757 94086 1003592681
      ✓ should mint for amount=1
[FEE] 122340369379068 94074 1003368428
      ✓ should mint for amount=1
[FEE] 122300428819185 94063 1003158156
      ✓ should mint for amount=1
[FEE] 122262092500954 94052 1002960995
      ✓ should mint for amount=1
[FEE] 122225260403899 94041 1002776129
      ✓ should mint for amount=1
[FEE] 122192437845808 94032 1002602794
      ✓ should mint for amount=1
[FEE] 122159637653847 94022 1002440271
      ✓ should mint for amount=1
[FEE] 122129376173893 94013 1002287887
      ✓ should mint for amount=1
[FEE] 122102874461275 94006 1002145011
      ✓ should mint for amount=1
[FEE] 122077461599335 93999 1002011051
      ✓ should mint for amount=1
[FEE] 122053069611595 93992 1001885451
      ✓ should mint for amount=1
[FEE] 122030933200056 93986 1001767690
      ✓ should mint for amount=1
[FEE] 122009693907591 93980 1001657279
      ✓ should mint for amount=1
[FEE] 121990593895823 93975 1001553760
      ✓ should mint for amount=1
[FEE] 121972282385971 93970 1001456704
      ✓ should mint for amount=1
[FEE] 121953412176094 93964 1001365707
      ✓ should mint for amount=1
[FEE] 121937830857967 93960 1001280392
      ✓ should mint for amount=1
[FEE] 121922899129033 93956 1001200404
      ✓ should mint for amount=1
[FEE] 121908576478291 93952 1001125411
      ✓ should mint for amount=1
[FEE] 121894824836950 93948 1001055101
      ✓ should mint for amount=1
[FEE] 121882905963684 93945 1000989182
      ✓ should mint for amount=1
[FEE] 121871488883088 93942 1000927380
      ✓ should mint for amount=1
[FEE] 121860542256183 93939 1000869438
      ✓ should mint for amount=1
[FEE] 121848739535843 93935 1000815115
      ✓ should mint for amount=1
[FEE] 121839944645526 93933 1000764185
      ✓ should mint for amount=1
[FEE] 121831537287919 93931 1000716436
      ✓ should mint for amount=1
[FEE] 121823493333423 93929 1000671670
      ✓ should mint for amount=1
[FEE] 121815790115361 93927 1000629701
      ✓ should mint for amount=1
[FEE] 121808406186351 93925 1000590353
      ✓ should mint for amount=1
[FEE] 121801321805112 93923 1000553464
      ✓ should mint for amount=1
[FEE] 121794518084162 93921 1000518879
      ✓ should mint for amount=1
[FEE] 121787977598369 93919 1000486455
      ✓ should mint for amount=1
[FEE] 121781683897895 93917 1000456057
      ✓ should mint for amount=1
[FEE] 121775621508091 93915 1000427558
      ✓ should mint for amount=1
[FEE] 121771072674329 93914 1000400840
      ✓ should mint for amount=1
[FEE] 121766727062150 93913 1000375791
      ✓ should mint for amount=1
[FEE] 121762572006216 93912 1000352307
      ✓ should mint for amount=1
[FEE] 121758595572041 93911 1000330290
      ✓ should mint for amount=1
[FEE] 121754786677665 93910 1000309649
      ✓ should mint for amount=1
[FEE] 121749838370235 93908 1000290298
      ✓ should mint for amount=1
[FEE] 121746333769260 93907 1000272156
      ✓ should mint for amount=1
[FEE] 121742967236621 93906 1000255148
      ✓ should mint for amount=1
[FEE] 121739730126456 93905 1000239203
      ✓ should mint for amount=1
[FEE] 121736614280107 93904 1000224254
      ✓ should mint for amount=1
[FEE] 121734908523980 93904 1000210239
      ✓ should mint for amount=1
[FEE] 121732013026071 93903 1000197100
      ✓ should mint for amount=1
[FEE] 121729217483444 93902 1000184782
      ✓ should mint for amount=1
[FEE] 121725219357717 93900 1000173234
      ✓ should mint for amount=1
[FEE] 121723901667036 93900 1000162407
      ✓ should mint for amount=1
[FEE] 121721370069029 93899 1000152257
      ✓ should mint for amount=1
[FEE] 121717619367418 93897 1000142741
      ✓ should mint for amount=1
[FEE] 121716533679508 93897 1000133820
      ✓ should mint for amount=1
[FEE] 121715515778636 93897 1000125456
      ✓ should mint for amount=1
[FEE] 121714561526993 93897 1000117615
      ✓ should mint for amount=1
[FEE] 121713666908472 93897 1000110264
      ✓ should mint for amount=1
[FEE] 121711532034397 93896 1000103373
      ✓ should mint for amount=1
[FEE] 121710745737471 93896 1000096912
      ✓ should mint for amount=1
[FEE] 121710008606920 93896 1000090855
      ✓ should mint for amount=1
[FEE] 121709317600273 93896 1000085177
      ✓ should mint for amount=1
[FEE] 121708669675054 93896 1000079853
      ✓ should mint for amount=1
[FEE] 121708062275587 93896 1000074862
      ✓ should mint for amount=1
[FEE] 121707492846192 93896 1000070183
      ✓ should mint for amount=1
[FEE] 121706959074590 93896 1000065797
      ✓ should mint for amount=1
[FEE] 121706458648501 93896 1000061685
      ✓ should mint for amount=1
[FEE] 121705989499042 93896 1000057830
      ✓ should mint for amount=1
[FEE] 121705549679031 93896 1000054216
      ✓ should mint for amount=1
[FEE] 121705137362983 93896 1000050828
      ✓ should mint for amount=1
[FEE] 121703454559967 93895 1000047651
      ✓ should mint for amount=1
[FEE] 121703092144349 93895 1000044673
      ✓ should mint for amount=1
[FEE] 121701456206527 93894 1000041881
      ✓ should mint for amount=1
[FEE] 121701137605458 93894 1000039263
      ✓ should mint for amount=1
[FEE] 121699542811198 93893 1000036809
      ✓ should mint for amount=1
[FEE] 121699262790858 93893 1000034508
      ✓ should mint for amount=1
[FEE] 121699000294606 93893 1000032351
      ✓ should mint for amount=1
[FEE] 121698754227188 93893 1000030329
      ✓ should mint for amount=1
[FEE] 121698523493348 93893 1000028433
      ✓ should mint for amount=1
[FEE] 121697011102986 93892 1000026656
      ✓ should mint for amount=1
[FEE] 121695512225095 93891 1000024990
      ✓ should mint for amount=1
[FEE] 121695322141455 93891 1000023428
      ✓ should mint for amount=1
[FEE] 121695143983677 93891 1000021964
      ✓ should mint for amount=1
[FEE] 121694976899914 93891 1000020591
      ✓ should mint for amount=1
[FEE] 121694820281704 93891 1000019304
      ✓ should mint for amount=1
[FEE] 121693377393441 93890 1000018098
      ✓ should mint for amount=1
[FEE] 121693239760722 93890 1000016967
      ✓ should mint for amount=1
[FEE] 121693110768077 93890 1000015907
      ✓ should mint for amount=1
[FEE] 121692989807049 93890 1000014913
      ✓ should mint for amount=1
[FEE] 121691580269068 93889 1000013981
      ✓ should mint for amount=1
[FEE] 121692770032787 93890 1000013107
      ✓ should mint for amount=1
[FEE] 121692670367714 93890 1000012288
      ✓ should mint for amount=1
[FEE] 121691280790275 93889 1000011520
      ✓ should mint for amount=1
[FEE] 121692489291246 93890 1000010800
      ✓ should mint for amount=1
[FEE] 121692407149703 93890 1000010125
      ✓ should mint for amount=1
[FEE] 121692330119189 93890 1000009492
      ✓ should mint for amount=1
[FEE] 121692257956322 93890 1000008899
      ✓ should mint for amount=1
[FEE] 121692190296029 93890 1000008343
      ✓ should mint for amount=1
[FEE] 121690830781103 93889 1000007822
      ✓ should mint for amount=1
[FEE] 121692067387942 93890 1000007333
      ✓ should mint for amount=1
[FEE] 121692011653384 93890 1000006875
      ✓ should mint for amount=1
[FEE] 121691959326179 93890 1000006445
      ✓ should mint for amount=1
[FEE] 121691910284635 93890 1000006042
      ✓ should mint for amount=1
[FEE] 121691864285371 93890 1000005664
      ✓ should mint for amount=1
[FEE] 121691821206695 93890 1000005310
      ✓ should mint for amount=1
[FEE] 121690484695088 93889 1000004978
      ✓ should mint for amount=1
[FEE] 121691742959270 93890 1000004667
      ✓ should mint for amount=1
[FEE] 121691707425446 93890 1000004375
      ✓ should mint for amount=1
[FEE] 121691674203756 93890 1000004102
      ✓ should mint for amount=1
[FEE] 121691643050815 93890 1000003846
      ✓ should mint for amount=1
[FEE] 121691613844933 93890 1000003606
      ✓ should mint for amount=1
[FEE] 121691586464419 93890 1000003381
      ✓ should mint for amount=1
[FEE] 121690264679786 93889 1000003170
      ✓ should mint for amount=1
[FEE] 121688944477653 93888 1000002972
      ✓ should mint for amount=1
[FEE] 121688921843577 93888 1000002786
      ✓ should mint for amount=1
[FEE] 121687604562692 93887 1000002612
      ✓ should mint for amount=1
[FEE] 121688880834524 93888 1000002449
      ✓ should mint for amount=1
[FEE] 121690158322832 93889 1000002296
      ✓ should mint for amount=1
[FEE] 121691437027656 93890 1000002153
      ✓ should mint for amount=1
[FEE] 121691420599347 93890 1000002018
      ✓ should mint for amount=1
[FEE] 121691405266259 93890 1000001892
      ✓ should mint for amount=1
[FEE] 121691390906700 93890 1000001774
      ✓ should mint for amount=1
[FEE] 121691377398980 93890 1000001663
      ✓ should mint for amount=1
[FEE] 121690068637392 93889 1000001559
      ✓ should mint for amount=1
[FEE] 121690056833473 93889 1000001462
      ✓ should mint for amount=1
[FEE] 121691341865157 93890 1000001371
      ✓ should mint for amount=1
[FEE] 121690035294365 93889 1000001285
      ✓ should mint for amount=1
[FEE] 121690025559174 93889 1000001205
      ✓ should mint for amount=1
[FEE] 121690016432433 93889 1000001130
      ✓ should mint for amount=1
[FEE] 121688711687394 93888 1000001059
      ✓ should mint for amount=1
[FEE] 121688703655948 93888 1000000993
      ✓ should mint for amount=1
[FEE] 121688696111255 93888 1000000931
      ✓ should mint for amount=1
[FEE] 121689985158135 93889 1000000873
      ✓ should mint for amount=1
[FEE] 121689978465191 93889 1000000818
      ✓ should mint for amount=1
[FEE] 121689972259007 93889 1000000767
      ✓ should mint for amount=1
[FEE] 121691262522511 93890 1000000719
      ✓ should mint for amount=1
[FEE] 121689960941849 93889 1000000674
      ✓ should mint for amount=1
[FEE] 121689955830874 93889 1000000632
      ✓ should mint for amount=1
[FEE] 121691247189423 93890 1000000593
      ✓ should mint for amount=1
[FEE] 121691242686849 93890 1000000556
      ✓ should mint for amount=1
[FEE] 121691238427658 93890 1000000521
      ✓ should mint for amount=1
[FEE] 121691234411849 93890 1000000488
      ✓ should mint for amount=1
[FEE] 121691230761114 93890 1000000458
      ✓ should mint for amount=1
[FEE] 121689931127828 93889 1000000429
      ✓ should mint for amount=1
[FEE] 121691223946408 93890 1000000402
      ✓ should mint for amount=1
[FEE] 121689924799955 93889 1000000377
      ✓ should mint for amount=1
[FEE] 121689921879398 93889 1000000353
      ✓ should mint for amount=1
[FEE] 121689919202220 93889 1000000331
      ✓ should mint for amount=1
[FEE] 121689916646733 93889 1000000310
      ✓ should mint for amount=1
[FEE] 121691210438688 93890 1000000291
      ✓ should mint for amount=1
[FEE] 121691208248247 93890 1000000273
      ✓ should mint for amount=1
[FEE] 121691206179497 93890 1000000256
      ✓ should mint for amount=1
[FEE] 121691204232438 93890 1000000240
      ✓ should mint for amount=1
[FEE] 121691202407070 93890 1000000225
      ✓ should mint for amount=1
[FEE] 121689904599435 93889 1000000211
      ✓ should mint for amount=1
[FEE] 121689903017466 93889 1000000198
      ✓ should mint for amount=1
[FEE] 121691197661114 93890 1000000186
      ✓ should mint for amount=1
[FEE] 121691196200820 93890 1000000174
      ✓ should mint for amount=1
[FEE] 121691194862217 93890 1000000163
      ✓ should mint for amount=1
[FEE] 121691193645306 93890 1000000153
      ✓ should mint for amount=1
[FEE] 121691192428394 93890 1000000143
      ✓ should mint for amount=1
[FEE] 121691191333173 93890 1000000134
      ✓ should mint for amount=1
[FEE] 121691190359644 93890 1000000126
      ✓ should mint for amount=1
[FEE] 121691189386114 93890 1000000118
      ✓ should mint for amount=1
[FEE] 121691188534276 93890 1000000111
      ✓ should mint for amount=1
[FEE] 121691187682438 93890 1000000104
      ✓ should mint for amount=1
[FEE] 121691186952291 93890 1000000098
      ✓ should mint for amount=1
[FEE] 121689890118339 93889 1000000092
      ✓ should mint for amount=1
[FEE] 121691185491997 93890 1000000086
      ✓ should mint for amount=1
[FEE] 121691184883541 93890 1000000081
      ✓ should mint for amount=1
[FEE] 121691184275085 93890 1000000076
      ✓ should mint for amount=1
[FEE] 121691183666629 93890 1000000071
      ✓ should mint for amount=1
[FEE] 121691183179864 93890 1000000067
      ✓ should mint for amount=1
[FEE] 121689886589333 93889 1000000063
      ✓ should mint for amount=1
[FEE] 121691182206335 93890 1000000059
      ✓ should mint for amount=1
[FEE] 121691181719570 93890 1000000055
      ✓ should mint for amount=1
[FEE] 121691181354497 93890 1000000052
      ✓ should mint for amount=1
[FEE] 121689884885674 93889 1000000049
      ✓ should mint for amount=1
[FEE] 121688588416860 93888 1000000046
      ✓ should mint for amount=1
[FEE] 121689884155535 93889 1000000043
      ✓ should mint for amount=1
[FEE] 121689883790465 93889 1000000040
      ✓ should mint for amount=1
[FEE] 121689883547086 93889 1000000038
      ✓ should mint for amount=1
[FEE] 121689883303706 93889 1000000036
      ✓ should mint for amount=1
[FEE] 121689883060326 93889 1000000034
      ✓ should mint for amount=1
[FEE] 121691178920673 93890 1000000032
      ✓ should mint for amount=1
[FEE] 121691178677291 93890 1000000030
      ✓ should mint for amount=1
[FEE] 121691178433909 93890 1000000028
      ✓ should mint for amount=1
[FEE] 121691178190526 93890 1000000026
      ✓ should mint for amount=1
[FEE] 121691177947144 93890 1000000024
      ✓ should mint for amount=1
[FEE] 121691177825453 93890 1000000023
      ✓ should mint for amount=1
[FEE] 121691177703762 93890 1000000022
      ✓ should mint for amount=1
[FEE] 121691177582070 93890 1000000021
      ✓ should mint for amount=1
[FEE] 121691177460379 93890 1000000020
      ✓ should mint for amount=1
[FEE] 121691177338688 93890 1000000019
      ✓ should mint for amount=1
[FEE] 121691177216997 93890 1000000018
      ✓ should mint for amount=1
[FEE] 121691177095306 93890 1000000017
      ✓ should mint for amount=1
[FEE] 121689880869908 93889 1000000016
      ✓ should mint for amount=1
[FEE] 121688584644514 93888 1000000015
      ✓ should mint for amount=1
[FEE] 121688584522825 93888 1000000014
      ✓ should mint for amount=1
[FEE] 121687288297434 93887 1000000013
      ✓ should mint for amount=1
[FEE] 121687288175747 93887 1000000012
      ✓ should mint for amount=1
[FEE] 121688584157759 93888 1000000011
      ✓ should mint for amount=1
[FEE] 121688584036071 93888 1000000010
      ✓ should mint for amount=1
[FEE] 121689880018079 93889 1000000009
      ✓ should mint for amount=1
[FEE] 121689879896389 93889 1000000008
      ✓ should mint for amount=1
[FEE] 121688583792694 93888 1000000008
      ✓ should mint for amount=1
[FEE] 121689879896389 93889 1000000008
      ✓ should mint for amount=1
[FEE] 121691176000085 93890 1000000008
      ✓ should mint for amount=1
[FEE] 121691176000085 93890 1000000008
      ✓ should mint for amount=1
[FEE] 121691176000085 93890 1000000008
      ✓ should mint for amount=1
[FEE] 121691176000085 93890 1000000008
      ✓ should mint for amount=1
[FEE] 121689879896389 93889 1000000008
      ✓ should mint for amount=1
[FEE] 121689879896389 93889 1000000008
      ✓ should mint for amount=1
[FEE] 121691176000085 93890 1000000008
      ✓ should mint for amount=1
[FEE] 121691176000085 93890 1000000008
      ✓ should mint for amount=1
[FEE] 121691176000085 93890 1000000008
      ✓ should mint for amount=1
[FEE] 121691176000085 93890 1000000008
      ✓ should mint for amount=1
[FEE] 121689879896389 93889 1000000008
      ✓ should mint for amount=1
[FEE] 121689879896389 93889 1000000008
      ✓ should mint for amount=1
[FEE] 121691176000085 93890 1000000008
      ✓ should mint for amount=1
[FEE] 121689879896389 93889 1000000008
      ✓ should mint for amount=1
[FEE] 121691176000085 93890 1000000008
      ✓ should mint for amount=1
[FEE] 121691176000085 93890 1000000008
      ✓ should mint for amount=1
[FEE] 121691176000085 93890 1000000008
      ✓ should mint for amount=1
[FEE] 121691176000085 93890 1000000008
      ✓ should mint for amount=1
[FEE] 121691176000085 93890 1000000008
      ✓ should mint for amount=1
[FEE] 121691176000085 93890 1000000008
      ✓ should mint for amount=1
[FEE] 121691176000085 93890 1000000008
      ✓ should mint for amount=1
[FEE] 121691176000085 93890 1000000008
      ✓ should mint for amount=1
[FEE] 121691176000085 93890 1000000008
      ✓ should mint for amount=1
[FEE] 121691176000085 93890 1000000008
      ✓ should mint for amount=1
[FEE] 121691176000085 93890 1000000008
      ✓ should mint for amount=1
[FEE] 121691176000085 93890 1000000008
      ✓ should mint for amount=1
[FEE] 121691176000085 93890 1000000008
      ✓ should mint for amount=1
[FEE] 121691176000085 93890 1000000008
      ✓ should mint for amount=1
[FEE] 121691176000085 93890 1000000008
      ✓ should mint for amount=1
[FEE] 121691176000085 93890 1000000008
      ✓ should mint for amount=1
[FEE] 121691176000085 93890 1000000008
      ✓ should mint for amount=1
[FEE] 121691176000085 93890 1000000008
      ✓ should mint for amount=1
[FEE] 121691176000085 93890 1000000008
      ✓ should mint for amount=1
[FEE] 121691176000085 93890 1000000008
      ✓ should mint for amount=1
[FEE] 121691176000085 93890 1000000008
      ✓ should mint for amount=1
[FEE] 121691176000085 93890 1000000008
      ✓ should mint for amount=1
[FEE] 121689879896389 93889 1000000008
      ✓ should mint for amount=1
[FEE] 121688583792694 93888 1000000008
      ✓ should mint for amount=1
[FEE] 121688583792694 93888 1000000008
      ✓ should mint for amount=1
[FEE] 121689879896389 93889 1000000008
      ✓ should mint for amount=1
[FEE] 121688583792694 93888 1000000008
      ✓ should mint for amount=1
[FEE] 121689879896389 93889 1000000008
      ✓ should mint for amount=1
[FEE] 121688583792694 93888 1000000008
      ✓ should mint for amount=1
[FEE] 121689879896389 93889 1000000008
      ✓ should mint for amount=1
[FEE] 121691176000085 93890 1000000008
      ✓ should mint for amount=1
[FEE] 121691176000085 93890 1000000008
      ✓ should mint for amount=1
[FEE] 121691176000085 93890 1000000008
      ✓ should mint for amount=1
[FEE] 121689879896389 93889 1000000008
      ✓ should mint for amount=1
[FEE] 121691176000085 93890 1000000008
      ✓ should mint for amount=1
[FEE] 121691176000085 93890 1000000008
      ✓ should mint for amount=1
[FEE] 121689879896389 93889 1000000008
      ✓ should mint for amount=1
[FEE] 121691176000085 93890 1000000008
      ✓ should mint for amount=1
[FEE] 121689879896389 93889 1000000008
      ✓ should mint for amount=1
[FEE] 121691176000085 93890 1000000008
      ✓ should mint for amount=1
[FEE] 121691176000085 93890 1000000008
      ✓ should mint for amount=1
[FEE] 121691176000085 93890 1000000008
      ✓ should mint for amount=1
[FEE] 121691176000085 93890 1000000008
      ✓ should mint for amount=1
[FEE] 121689879896389 93889 1000000008
      ✓ should mint for amount=1
[FEE] 121689879896389 93889 1000000008
      ✓ should mint for amount=1
[FEE] 121691176000085 93890 1000000008
      ✓ should mint for amount=1
[FEE] 121691176000085 93890 1000000008
      ✓ should mint for amount=1
[FEE] 121691176000085 93890 1000000008
      ✓ should mint for amount=1
[FEE] 121691176000085 93890 1000000008
      ✓ should mint for amount=1
[FEE] 121691176000085 93890 1000000008
      ✓ should mint for amount=1
[FEE] 121691176000085 93890 1000000008
      ✓ should mint for amount=1
[FEE] 121691176000085 93890 1000000008
      ✓ should mint for amount=1
[FEE] 121691176000085 93890 1000000008
      ✓ should mint for amount=1
[FEE] 121691176000085 93890 1000000008
      ✓ should mint for amount=1
[FEE] 121691176000085 93890 1000000008
      ✓ should mint for amount=1
[FEE] 121691176000085 93890 1000000008
      ✓ should mint for amount=1
[FEE] 121691176000085 93890 1000000008
      ✓ should mint for amount=1
[FEE] 121691176000085 93890 1000000008
      ✓ should mint for amount=1
[FEE] 121691176000085 93890 1000000008
      ✓ should mint for amount=1
[FEE] 121691176000085 93890 1000000008
      ✓ should mint for amount=1
[FEE] 121689879896389 93889 1000000008
      ✓ should mint for amount=1
[FEE] 121689879896389 93889 1000000008
      ✓ should mint for amount=1
[FEE] 121691176000085 93890 1000000008
      ✓ should mint for amount=1
[FEE] 121691176000085 93890 1000000008
      ✓ should mint for amount=1
[FEE] 121691176000085 93890 1000000008
      ✓ should mint for amount=1
[FEE] 121691176000085 93890 1000000008
      ✓ should mint for amount=1
[FEE] 121691176000085 93890 1000000008
      ✓ should mint for amount=1
[FEE] 121691176000085 93890 1000000008
      ✓ should mint for amount=1
[FEE] 121691176000085 93890 1000000008
      ✓ should mint for amount=1
[FEE] 121691176000085 93890 1000000008
      ✓ should mint for amount=1
[FEE] 121691176000085 93890 1000000008
      ✓ should mint for amount=1
[FEE] 121691176000085 93890 1000000008
      ✓ should mint for amount=1
[FEE] 121691176000085 93890 1000000008
      ✓ should mint for amount=1
[FEE] 121689879896389 93889 1000000008
      ✓ should mint for amount=1
[FEE] 121689879896389 93889 1000000008
      ✓ should mint for amount=1
[FEE] 121691176000085 93890 1000000008
      ✓ should mint for amount=1
[FEE] 121691176000085 93890 1000000008
      ✓ should mint for amount=1
[FEE] 121691176000085 93890 1000000008
      ✓ should mint for amount=1
[FEE] 121691176000085 93890 1000000008
      ✓ should mint for amount=1
[FEE] 121691176000085 93890 1000000008
      ✓ should mint for amount=1
[FEE] 121691176000085 93890 1000000008
      ✓ should mint for amount=1
[FEE] 121691176000085 93890 1000000008
      ✓ should mint for amount=1
[FEE] 121691176000085 93890 1000000008
      ✓ should mint for amount=1
[FEE] 121691176000085 93890 1000000008
      ✓ should mint for amount=1
[FEE] 121691176000085 93890 1000000008
      ✓ should mint for amount=1
[FEE] 121689879896389 93889 1000000008
      ✓ should mint for amount=1
[FEE] 121688583792694 93888 1000000008
      ✓ should mint for amount=1
[FEE] 121689879896389 93889 1000000008
      ✓ should mint for amount=1
[FEE] 121691176000085 93890 1000000008
      ✓ should mint for amount=1
[FEE] 121691176000085 93890 1000000008
      ✓ should mint for amount=1
[FEE] 121689879896389 93889 1000000008
      ✓ should mint for amount=1
[FEE] 121691176000085 93890 1000000008
      ✓ should mint for amount=1
[FEE] 121691176000085 93890 1000000008
      ✓ should mint for amount=1
[FEE] 121691176000085 93890 1000000008
      ✓ should mint for amount=1
[FEE] 121691176000085 93890 1000000008
      ✓ should mint for amount=1
[FEE] 121691176000085 93890 1000000008
      ✓ should mint for amount=1
[FEE] 121691176000085 93890 1000000008
      ✓ should mint for amount=1
[FEE] 121691176000085 93890 1000000008
      ✓ should mint for amount=1
[FEE] 121691176000085 93890 1000000008
      ✓ should mint for amount=1
[FEE] 121691176000085 93890 1000000008
      ✓ should mint for amount=1
[FEE] 121691176000085 93890 1000000008
      ✓ should mint for amount=1
[FEE] 121691176000085 93890 1000000008
      ✓ should mint for amount=1
[FEE] 121691176000085 93890 1000000008
      ✓ should mint for amount=1
[FEE] 121691176000085 93890 1000000008
      ✓ should mint for amount=1
[FEE] 121691176000085 93890 1000000008
      ✓ should mint for amount=1
[FEE] 121691176000085 93890 1000000008
      ✓ should mint for amount=1
[FEE] 121691176000085 93890 1000000008
      ✓ should mint for amount=1
[FEE] 121691176000085 93890 1000000008
      ✓ should mint for amount=1
[FEE] 121691176000085 93890 1000000008
      ✓ should mint for amount=1
[FEE] 121691176000085 93890 1000000008
      ✓ should mint for amount=1
[FEE] 121689879896389 93889 1000000008
      ✓ should mint for amount=1
[FEE] 121691176000085 93890 1000000008
      ✓ should mint for amount=1
[FEE] 121691176000085 93890 1000000008
      ✓ should mint for amount=1
[FEE] 121691176000085 93890 1000000008
      ✓ should mint for amount=1
[FEE] 121691176000085 93890 1000000008
      ✓ should mint for amount=1
[FEE] 121691176000085 93890 1000000008
      ✓ should mint for amount=1
[FEE] 121691176000085 93890 1000000008
      ✓ should mint for amount=1
[FEE] 121691176000085 93890 1000000008
      ✓ should mint for amount=1
[FEE] 121689879896389 93889 1000000008
      ✓ should mint for amount=1
[FEE] 121689879896389 93889 1000000008
      ✓ should mint for amount=1
[FEE] 121689879896389 93889 1000000008
      ✓ should mint for amount=1
[FEE] 121689879896389 93889 1000000008
      ✓ should mint for amount=1
[FEE] 121691176000085 93890 1000000008
      ✓ should mint for amount=1
[FEE] 121689879896389 93889 1000000008
      ✓ should mint for amount=1
[FEE] 121691176000085 93890 1000000008
      ✓ should mint for amount=1
[FEE] 121691176000085 93890 1000000008
      ✓ should mint for amount=1
[FEE] 121691176000085 93890 1000000008
      ✓ should mint for amount=1
[FEE] 121691176000085 93890 1000000008
      ✓ should mint for amount=1
[FEE] 121691176000085 93890 1000000008
      ✓ should mint for amount=1
[FEE] 121689879896389 93889 1000000008
      ✓ should mint for amount=1
[FEE] 121689879896389 93889 1000000008
      ✓ should mint for amount=1
[FEE] 121691176000085 93890 1000000008
      ✓ should mint for amount=1
[FEE] 121691176000085 93890 1000000008
      ✓ should mint for amount=1
[FEE] 121691176000085 93890 1000000008
      ✓ should mint for amount=1
[FEE] 121691176000085 93890 1000000008
      ✓ should mint for amount=1

·----------------------------------------|---------------------------|-------------|----------------------------·
|          [90mSolc version: 0.8.17[39m          ·  [90mOptimizer enabled: true[39m  ·  [90mRuns: 200[39m  ·  [90mBlock limit: 8000000 gas[39m  │
·········································|···························|·············|·····························
|  [32m[1mMethods[22m[39m                                                                                                      │
···················|·····················|·············|·············|·············|··············|··············
|  [1mContract[22m        ·  [1mMethod[22m             ·  [32mMin[39m        ·  [32mMax[39m        ·  [32mAvg[39m        ·  [1m# calls[22m     ·  [1musd (avg)[22m  │
···················|·····················|·············|·············|·············|··············|··············
|  [90mXPowerThorTest[39m  ·  init               ·          -  ·          -  ·      67353  ·           [90m1[39m  ·          [32m[90m-[32m[39m  │
···················|·····················|·············|·············|·············|··············|··············
|  [90mXPowerThorTest[39m  ·  mint               ·     [36m121697[39m  ·     [31m229542[39m  ·     125244  ·         [90m444[39m  ·          [32m[90m-[32m[39m  │
···················|·····················|·············|·············|·············|··············|··············
|  [90mXPowerThorTest[39m  ·  transferOwnership  ·          -  ·          -  ·      28656  ·           [90m1[39m  ·          [32m[90m-[32m[39m  │
···················|·····················|·············|·············|·············|··············|··············
|  [32m[1mDeployments[22m[39m                           ·                                         ·  [1m% of limit[22m  ·             │
·········································|·············|·············|·············|··············|··············
|  XPowerThorTest                        ·          -  ·          -  ·    3331941  ·      [90m41.6 %[39m  ·          [32m[90m-[32m[39m  │
·----------------------------------------|-------------|-------------|-------------|--------------|-------------·

  444 passing (24s)

