
> xpower@6.0.0 test-gas
> REPORT_GAS=true npm test ./test/contracts/XPower.fees.1-thor.test.js


> xpower@6.0.0 test
> hardhat test ./test/contracts/XPower.fees.1-thor.test.js


  XPowerThor
    mint
[FEE] 348822982083776 162305 1658186771
      ✓ should mint for amount=1
[FEE] 338642451344703 158030 1653339774
      ✓ should mint for amount=1
[FEE] 328269851094044 154022 1644403885
      ✓ should mint for amount=1
[FEE] 317874852533344 150263 1632166166
      ✓ should mint for amount=1
[FEE] 307594727049880 146740 1617300147
      ✓ should mint for amount=1
[FEE] 297525545351422 143437 1600380758
      ✓ should mint for amount=1
[FEE] 287739508228940 140340 1581897280
      ✓ should mint for amount=1
[FEE] 278290281528118 137437 1562264729
      ✓ should mint for amount=1
[FEE] 269213283206496 134716 1541833792
      ✓ should mint for amount=1
[FEE] 260529388307423 132165 1520899489
      ✓ should mint for amount=1
[FEE] 252249904630437 129773 1499708734
      ✓ should mint for amount=1
[FEE] 244380825321200 127531 1478466936
      ✓ should mint for amount=1
[FEE] 236918899811130 125429 1457343747
      ✓ should mint for amount=1
[FEE] 229857131342951 123458 1436478068
      ✓ should mint for amount=1
[FEE] 223185971520645 121610 1415982413
      ✓ should mint for amount=1
[FEE] 216894265923965 119878 1395946700
      ✓ should mint for amount=1
[FEE] 210966431978217 118254 1376441545
      ✓ should mint for amount=1
[FEE] 205386809274672 116731 1357521125
      ✓ should mint for amount=1
[FEE] 200141836905355 115304 1339225661
      ✓ should mint for amount=1
[FEE] 195213425943497 113966 1321583574
      ✓ should mint for amount=1
[FEE] 190584625522615 112711 1304613339
      ✓ should mint for amount=1
[FEE] 186241467440471 111535 1288325099
      ✓ should mint for amount=1
[FEE] 182166390370931 110432 1272722054
      ✓ should mint for amount=1
[FEE] 178343514268004 109397 1257801656
      ✓ should mint for amount=1
[FEE] 174761902722752 108428 1243556643
      ✓ should mint for amount=1
[FEE] 171405838937385 107520 1229975925
      ✓ should mint for amount=1
[FEE] 168258333309101 106667 1217045336
      ✓ should mint for amount=1
[FEE] 165312187667025 105869 1204748285
      ✓ should mint for amount=1
[FEE] 162551012861114 105120 1193066310
      ✓ should mint for amount=1
[FEE] 159965039259812 104418 1181979545
      ✓ should mint for amount=1
[FEE] 157541735402397 103759 1171467116
      ✓ should mint for amount=1
[FEE] 155274991739231 103143 1161507478
      ✓ should mint for amount=1
[FEE] 153151437130222 102565 1152078698
      ✓ should mint for amount=1
[FEE] 151162600705220 102023 1143158684
      ✓ should mint for amount=1
[FEE] 149300318803305 101515 1134725385
      ✓ should mint for amount=1
[FEE] 147555272089061 101038 1126756948
      ✓ should mint for amount=1
[FEE] 145922831495823 100592 1119231848
      ✓ should mint for amount=1
[FEE] 144392817207573 100173 1112128996
      ✓ should mint for amount=1
[FEE] 142961134973706 99781 1105427819
      ✓ should mint for amount=1
[FEE] 141618194892339 99412 1099108326
      ✓ should mint for amount=1
[FEE] 140361815057327 99067 1093151156
      ✓ should mint for amount=1
[FEE] 139185741828657 98744 1087537615
      ✓ should mint for amount=1
[FEE] 138083960847954 98441 1082249699
      ✓ should mint for amount=1
[FEE] 137052080045477 98157 1077270108
      ✓ should mint for amount=1
[FEE] 136083116000369 97889 1072582255
      ✓ should mint for amount=1
[FEE] 135177233031175 97639 1068170265
      ✓ should mint for amount=1
[FEE] 134329180946631 97405 1064018969
      ✓ should mint for amount=1
[FEE] 133535267437185 97186 1060113896
      ✓ should mint for amount=1
[FEE] 132789214165715 96979 1056441258
      ✓ should mint for amount=1
[FEE] 132091746573732 96786 1052987936
      ✓ should mint for amount=1
[FEE] 131438229540812 96605 1049741460
      ✓ should mint for amount=1
[FEE] 130826886118195 96436 1046689990
      ✓ should mint for amount=1
[FEE] 130253338239292 96277 1043822293
      ✓ should mint for amount=1
[FEE] 129716034627332 96128 1041127725
      ✓ should mint for amount=1
[FEE] 129213515762260 95989 1038596203
      ✓ should mint for amount=1
[FEE] 128741723579115 95858 1036218186
      ✓ should mint for amount=1
[FEE] 128299386195130 95735 1033984650
      ✓ should mint for amount=1
[FEE] 127883970820008 95619 1031887068
      ✓ should mint for amount=1
[FEE] 127495696413084 95511 1029917382
      ✓ should mint for amount=1
[FEE] 127132175059613 95410 1028067987
      ✓ should mint for amount=1
[FEE] 126791092307107 95315 1026331706
      ✓ should mint for amount=1
[FEE] 126471530169661 95226 1024701768
      ✓ should mint for amount=1
[FEE] 126172626575822 95143 1023171789
      ✓ should mint for amount=1
[FEE] 125890923880094 95064 1021735754
      ✓ should mint for amount=1
[FEE] 125628318128177 94991 1020387995
      ✓ should mint for amount=1
[FEE] 125381454054197 94922 1019123172
      ✓ should mint for amount=1
[FEE] 125150991289653 94858 1017936260
      ✓ should mint for amount=1
[FEE] 124933670138295 94797 1016822527
      ✓ should mint for amount=1
[FEE] 124731546689318 94741 1015777521
      ✓ should mint for amount=1
[FEE] 124541440988954 94688 1014797053
      ✓ should mint for amount=1
[FEE] 124364159107038 94639 1013877183
      ✓ should mint for amount=1
[FEE] 124196595124290 94592 1013014207
      ✓ should mint for amount=1
[FEE] 124038304870897 94547 1012204640
      ✓ should mint for amount=1
[FEE] 123890182743943 94505 1011445209
      ✓ should mint for amount=1
[FEE] 123753144848272 94467 1010732836
      ✓ should mint for amount=1
[FEE] 123624200887881 94431 1010064629
      ✓ should mint for amount=1
[FEE] 123503007063725 94397 1009437871
      ✓ should mint for amount=1
[FEE] 123387933198542 94364 1008850009
      ✓ should mint for amount=1
[FEE] 123282599527470 94335 1008298646
      ✓ should mint for amount=1
[FEE] 123184105706216 94308 1007781530
      ✓ should mint for amount=1
[FEE] 123090880103049 94282 1007296546
      ✓ should mint for amount=1
[FEE] 123003979931675 94258 1006841708
      ✓ should mint for amount=1
[FEE] 122920562458880 94234 1006415153
      ✓ should mint for amount=1
[FEE] 122844322937581 94213 1006015130
      ✓ should mint for amount=1
[FEE] 122772447241654 94193 1005639997
      ✓ should mint for amount=1
[FEE] 122704743639415 94174 1005288211
      ✓ should mint for amount=1
[FEE] 122641032574213 94156 1004958326
      ✓ should mint for amount=1
[FEE] 122582447420851 94140 1004648982
      ✓ should mint for amount=1
[FEE] 122527527440227 94125 1004358906
      ✓ should mint for amount=1
[FEE] 122474822972700 94110 1004086901
      ✓ should mint for amount=1
[FEE] 122426798147018 94097 1003831844
      ✓ should mint for amount=1
[FEE] 122382021076473 94085 1003592683
      ✓ should mint for amount=1
[FEE] 122339069153407 94073 1003368430
      ✓ should mint for amount=1
[FEE] 122299128744116 94062 1003158157
      ✓ should mint for amount=1
[FEE] 122262092622855 94052 1002960996
      ✓ should mint for amount=1
[FEE] 122226560227623 94042 1002776130
      ✓ should mint for amount=1
[FEE] 122193737444861 94033 1002602795
      ✓ should mint for amount=1
[FEE] 122162236308771 94024 1002440272
      ✓ should mint for amount=1
[FEE] 122133273502820 94016 1002287888
      ✓ should mint for amount=1
[FEE] 122106771234647 94009 1002145012
      ✓ should mint for amount=1
[FEE] 122081357851819 94002 1002011052
      ✓ should mint for amount=1
[FEE] 122056965375699 93995 1001885452
      ✓ should mint for amount=1
[FEE] 122034828506260 93989 1001767691
      ✓ should mint for amount=1
[FEE] 122013588784475 93983 1001657280
      ✓ should mint for amount=1
[FEE] 121994488370187 93978 1001553761
      ✓ should mint for amount=1
[FEE] 121976176482945 93973 1001456705
      ✓ should mint for amount=1
[FEE] 121957305919235 93967 1001365708
      ✓ should mint for amount=1
[FEE] 121940426506164 93962 1001280393
      ✓ should mint for amount=1
[FEE] 121925494569879 93958 1001200405
      ✓ should mint for amount=1
[FEE] 121911171724734 93954 1001125412
      ✓ should mint for amount=1
[FEE] 121897419901131 93950 1001055102
      ✓ should mint for amount=1
[FEE] 121884203471216 93946 1000989183
      ✓ should mint for amount=1
[FEE] 121872786310514 93943 1000927381
      ✓ should mint for amount=1
[FEE] 121861839608507 93940 1000869439
      ✓ should mint for amount=1
[FEE] 121851333977913 93937 1000815116
      ✓ should mint for amount=1
[FEE] 121842538955573 93935 1000764186
      ✓ should mint for amount=1
[FEE] 121832834441926 93932 1000716437
      ✓ should mint for amount=1
[FEE] 121822196480924 93928 1000671671
      ✓ should mint for amount=1
[FEE] 121813196397411 93925 1000629702
      ✓ should mint for amount=1
[FEE] 121805812570397 93923 1000590354
      ✓ should mint for amount=1
[FEE] 121798728284779 93921 1000553465
      ✓ should mint for amount=1
[FEE] 121791924653478 93919 1000518880
      ✓ should mint for amount=1
[FEE] 121786680985915 93918 1000486456
      ✓ should mint for amount=1
[FEE] 121781684019621 93917 1000456058
      ✓ should mint for amount=1
[FEE] 121776918287661 93916 1000427559
      ✓ should mint for amount=1
[FEE] 121769776172834 93913 1000400841
      ✓ should mint for amount=1
[FEE] 121765430593120 93912 1000375792
      ✓ should mint for amount=1
[FEE] 121759979007310 93910 1000352308
      ✓ should mint for amount=1
[FEE] 121754706098429 93908 1000330291
      ✓ should mint for amount=1
[FEE] 121750897284310 93907 1000309650
      ✓ should mint for amount=1
[FEE] 121747245532064 93906 1000290299
      ✓ should mint for amount=1
[FEE] 121743740978115 93905 1000272157
      ✓ should mint for amount=1
[FEE] 121740374489563 93904 1000255149
      ✓ should mint for amount=1
[FEE] 121735840885304 93902 1000239203
      ✓ should mint for amount=1
[FEE] 121732725097081 93901 1000224254
      ✓ should mint for amount=1
[FEE] 121731019395449 93901 1000210239
      ✓ should mint for amount=1
[FEE] 121729420307776 93901 1000197100
      ✓ should mint for amount=1
[FEE] 121726624797080 93900 1000184782
      ✓ should mint for amount=1
[FEE] 121725219357717 93900 1000173234
      ✓ should mint for amount=1
[FEE] 121721309038672 93898 1000162407
      ✓ should mint for amount=1
[FEE] 121720073768002 93898 1000152257
      ✓ should mint for amount=1
[FEE] 121718915656111 93898 1000142741
      ✓ should mint for amount=1
[FEE] 121717829956638 93898 1000133820
      ✓ should mint for amount=1
[FEE] 121716812044925 93898 1000125456
      ✓ should mint for amount=1
[FEE] 121715857783120 93898 1000117615
      ✓ should mint for amount=1
[FEE] 121714963155071 93898 1000110264
      ✓ should mint for amount=1
[FEE] 121714124509732 93898 1000103373
      ✓ should mint for amount=1
[FEE] 121712041966764 93897 1000096912
      ✓ should mint for amount=1
[FEE] 121711304828363 93897 1000090855
      ✓ should mint for amount=1
[FEE] 121710613814357 93897 1000085177
      ✓ should mint for amount=1
[FEE] 121709965882238 93897 1000079853
      ✓ should mint for amount=1
[FEE] 121709358476301 93897 1000074862
      ✓ should mint for amount=1
[FEE] 121707492846192 93896 1000070183
      ✓ should mint for amount=1
[FEE] 121706959074590 93896 1000065797
      ✓ should mint for amount=1
[FEE] 121706458648501 93896 1000061685
      ✓ should mint for amount=1
[FEE] 121704693320403 93895 1000057830
      ✓ should mint for amount=1
[FEE] 121702957331121 93894 1000054216
      ✓ should mint for amount=1
[FEE] 121701248854291 93893 1000050828
      ✓ should mint for amount=1
[FEE] 121700862229075 93893 1000047651
      ✓ should mint for amount=1
[FEE] 121700499821177 93893 1000044673
      ✓ should mint for amount=1
[FEE] 121700160048560 93893 1000041881
      ✓ should mint for amount=1
[FEE] 121699841450884 93893 1000039263
      ✓ should mint for amount=1
[FEE] 121698246659805 93892 1000036809
      ✓ should mint for amount=1
[FEE] 121696670494035 93891 1000034508
      ✓ should mint for amount=1
[FEE] 121696408003375 93891 1000032351
      ✓ should mint for amount=1
[FEE] 121696161941198 93891 1000030329
      ✓ should mint for amount=1
[FEE] 121695931212273 93891 1000028433
      ✓ should mint for amount=1
[FEE] 121695714964752 93891 1000026656
      ✓ should mint for amount=1
[FEE] 121695512225095 93891 1000024990
      ✓ should mint for amount=1
[FEE] 121695322141455 93891 1000023428
      ✓ should mint for amount=1
[FEE] 121695143983677 93891 1000021964
      ✓ should mint for amount=1
[FEE] 121694976899914 93891 1000020591
      ✓ should mint for amount=1
[FEE] 121694820281704 93891 1000019304
      ✓ should mint for amount=1
[FEE] 121694673520584 93891 1000018098
      ✓ should mint for amount=1
[FEE] 121694535886399 93891 1000016967
      ✓ should mint for amount=1
[FEE] 121694406892379 93891 1000015907
      ✓ should mint for amount=1
[FEE] 121694285930063 93891 1000014913
      ✓ should mint for amount=1
[FEE] 121692876390874 93890 1000013981
      ✓ should mint for amount=1
[FEE] 121692770032787 93890 1000013107
      ✓ should mint for amount=1
[FEE] 121691374248103 93889 1000012288
      ✓ should mint for amount=1
[FEE] 121692576908892 93890 1000011520
      ✓ should mint for amount=1
[FEE] 121692489291246 93890 1000010800
      ✓ should mint for amount=1
[FEE] 121691111032894 93889 1000010125
      ✓ should mint for amount=1
[FEE] 121692330119189 93890 1000009492
      ✓ should mint for amount=1
[FEE] 121692257956322 93890 1000008899
      ✓ should mint for amount=1
[FEE] 121692190296029 93890 1000008343
      ✓ should mint for amount=1
[FEE] 121692126894927 93890 1000007822
      ✓ should mint for amount=1
[FEE] 121692067387942 93890 1000007333
      ✓ should mint for amount=1
[FEE] 121692011653384 93890 1000006875
      ✓ should mint for amount=1
[FEE] 121691959326179 93890 1000006445
      ✓ should mint for amount=1
[FEE] 121691910284635 93890 1000006042
      ✓ should mint for amount=1
[FEE] 121691864285371 93890 1000005664
      ✓ should mint for amount=1
[FEE] 121691821206695 93890 1000005310
      ✓ should mint for amount=1
[FEE] 121690484695088 93889 1000004978
      ✓ should mint for amount=1
[FEE] 121691742959270 93890 1000004667
      ✓ should mint for amount=1
[FEE] 121691707425446 93890 1000004375
      ✓ should mint for amount=1
[FEE] 121691674203756 93890 1000004102
      ✓ should mint for amount=1
[FEE] 121691643050815 93890 1000003846
      ✓ should mint for amount=1
[FEE] 121691613844933 93890 1000003606
      ✓ should mint for amount=1
[FEE] 121690290356351 93889 1000003381
      ✓ should mint for amount=1
[FEE] 121688968571992 93888 1000003170
      ✓ should mint for amount=1
[FEE] 121688944477653 93888 1000002972
      ✓ should mint for amount=1
[FEE] 121688921843577 93888 1000002786
      ✓ should mint for amount=1
[FEE] 121687604562692 93887 1000002612
      ✓ should mint for amount=1
[FEE] 121687584727665 93887 1000002449
      ✓ should mint for amount=1
[FEE] 121688862216171 93888 1000002296
      ✓ should mint for amount=1
[FEE] 121690140921180 93889 1000002153
      ✓ should mint for amount=1
[FEE] 121691420599347 93890 1000002018
      ✓ should mint for amount=1
[FEE] 121691405266259 93890 1000001892
      ✓ should mint for amount=1
[FEE] 121691390906700 93890 1000001774
      ✓ should mint for amount=1
[FEE] 121691377398980 93890 1000001663
      ✓ should mint for amount=1
[FEE] 121691364743098 93890 1000001559
      ✓ should mint for amount=1
[FEE] 121691352939054 93890 1000001462
      ✓ should mint for amount=1
[FEE] 121691341865157 93890 1000001371
      ✓ should mint for amount=1
[FEE] 121691331399716 93890 1000001285
      ✓ should mint for amount=1
[FEE] 121691321664422 93890 1000001205
      ✓ should mint for amount=1
[FEE] 121691312537584 93890 1000001130
      ✓ should mint for amount=1
[FEE] 121691303897510 93890 1000001059
      ✓ should mint for amount=1
[FEE] 121691295865893 93890 1000000993
      ✓ should mint for amount=1
[FEE] 121691288321040 93890 1000000931
      ✓ should mint for amount=1
[FEE] 121691281262952 93890 1000000873
      ✓ should mint for amount=1
[FEE] 121691274569937 93890 1000000818
      ✓ should mint for amount=1
[FEE] 121691268363687 93890 1000000767
      ✓ should mint for amount=1
[FEE] 121691262522511 93890 1000000719
      ✓ should mint for amount=1
[FEE] 121689960941849 93889 1000000674
      ✓ should mint for amount=1
[FEE] 121691251935378 93890 1000000632
      ✓ should mint for amount=1
[FEE] 121691247189423 93890 1000000593
      ✓ should mint for amount=1
[FEE] 121691242686849 93890 1000000556
      ✓ should mint for amount=1
[FEE] 121689942323297 93889 1000000521
      ✓ should mint for amount=1
[FEE] 121689938307531 93889 1000000488
      ✓ should mint for amount=1
[FEE] 121691230761114 93890 1000000458
      ✓ should mint for amount=1
[FEE] 121691227232070 93890 1000000429
      ✓ should mint for amount=1
[FEE] 121691223946408 93890 1000000402
      ✓ should mint for amount=1
[FEE] 121691220904129 93890 1000000377
      ✓ should mint for amount=1
[FEE] 121689921879398 93889 1000000353
      ✓ should mint for amount=1
[FEE] 121691215306335 93890 1000000331
      ✓ should mint for amount=1
[FEE] 121689916646733 93889 1000000310
      ✓ should mint for amount=1
[FEE] 121691210438688 93890 1000000291
      ✓ should mint for amount=1
[FEE] 121691208248247 93890 1000000273
      ✓ should mint for amount=1
[FEE] 121691206179497 93890 1000000256
      ✓ should mint for amount=1
[FEE] 121689908128441 93889 1000000240
      ✓ should mint for amount=1
[FEE] 121688610199116 93888 1000000225
      ✓ should mint for amount=1
[FEE] 121687312391517 93887 1000000211
      ✓ should mint for amount=1
[FEE] 121688606913524 93888 1000000198
      ✓ should mint for amount=1
[FEE] 121688605453261 93888 1000000186
      ✓ should mint for amount=1
[FEE] 121688603992998 93888 1000000174
      ✓ should mint for amount=1
[FEE] 121687306550527 93887 1000000163
      ✓ should mint for amount=1
[FEE] 121688601437538 93888 1000000153
      ✓ should mint for amount=1
[FEE] 121689896324523 93889 1000000143
      ✓ should mint for amount=1
[FEE] 121688599125455 93888 1000000134
      ✓ should mint for amount=1
[FEE] 121689894255795 93889 1000000126
      ✓ should mint for amount=1
[FEE] 121691189386114 93890 1000000118
      ✓ should mint for amount=1
[FEE] 121691188534276 93890 1000000111
      ✓ should mint for amount=1
[FEE] 121689891578618 93889 1000000104
      ✓ should mint for amount=1
[FEE] 121691186952291 93890 1000000098
      ✓ should mint for amount=1
[FEE] 121691186222144 93890 1000000092
      ✓ should mint for amount=1
[FEE] 121691185491997 93890 1000000086
      ✓ should mint for amount=1
[FEE] 121691184883541 93890 1000000081
      ✓ should mint for amount=1
[FEE] 121691184275085 93890 1000000076
      ✓ should mint for amount=1
[FEE] 121689887562852 93889 1000000071
      ✓ should mint for amount=1
[FEE] 121689887076092 93889 1000000067
      ✓ should mint for amount=1
[FEE] 121691182693100 93890 1000000063
      ✓ should mint for amount=1
[FEE] 121691182206335 93890 1000000059
      ✓ should mint for amount=1
[FEE] 121691181719570 93890 1000000055
      ✓ should mint for amount=1
[FEE] 121691181354497 93890 1000000052
      ✓ should mint for amount=1
[FEE] 121691180989423 93890 1000000049
      ✓ should mint for amount=1
[FEE] 121691180624350 93890 1000000046
      ✓ should mint for amount=1
[FEE] 121691180259276 93890 1000000043
      ✓ should mint for amount=1
[FEE] 121691179894203 93890 1000000040
      ✓ should mint for amount=1
[FEE] 121691179650820 93890 1000000038
      ✓ should mint for amount=1
[FEE] 121691179407438 93890 1000000036
      ✓ should mint for amount=1
[FEE] 121691179164056 93890 1000000034
      ✓ should mint for amount=1
[FEE] 121691178920673 93890 1000000032
      ✓ should mint for amount=1
[FEE] 121691178677291 93890 1000000030
      ✓ should mint for amount=1
[FEE] 121691178433909 93890 1000000028
      ✓ should mint for amount=1
[FEE] 121689882086807 93889 1000000026
      ✓ should mint for amount=1
[FEE] 121688585739711 93888 1000000024
      ✓ should mint for amount=1
[FEE] 121689881721738 93889 1000000023
      ✓ should mint for amount=1
[FEE] 121689881600048 93889 1000000022
      ✓ should mint for amount=1
[FEE] 121688585374645 93888 1000000021
      ✓ should mint for amount=1
[FEE] 121689881356668 93889 1000000020
      ✓ should mint for amount=1
[FEE] 121691177338688 93890 1000000019
      ✓ should mint for amount=1
[FEE] 121691177216997 93890 1000000018
      ✓ should mint for amount=1
[FEE] 121691177095306 93890 1000000017
      ✓ should mint for amount=1
[FEE] 121691176973615 93890 1000000016
      ✓ should mint for amount=1
[FEE] 121691176851923 93890 1000000015
      ✓ should mint for amount=1
[FEE] 121691176730232 93890 1000000014
      ✓ should mint for amount=1
[FEE] 121691176608541 93890 1000000013
      ✓ should mint for amount=1
[FEE] 121691176486850 93890 1000000012
      ✓ should mint for amount=1
[FEE] 121691176365159 93890 1000000011
      ✓ should mint for amount=1
[FEE] 121689880139769 93889 1000000010
      ✓ should mint for amount=1
[FEE] 121689880018079 93889 1000000009
      ✓ should mint for amount=1
[FEE] 121689879896389 93889 1000000008
      ✓ should mint for amount=1
[FEE] 121691176000085 93890 1000000008
      ✓ should mint for amount=1
[FEE] 121691176000085 93890 1000000008
      ✓ should mint for amount=1
[FEE] 121691176000085 93890 1000000008
      ✓ should mint for amount=1
[FEE] 121691176000085 93890 1000000008
      ✓ should mint for amount=1
[FEE] 121691176000085 93890 1000000008
      ✓ should mint for amount=1
[FEE] 121691176000085 93890 1000000008
      ✓ should mint for amount=1
[FEE] 121689879896389 93889 1000000008
      ✓ should mint for amount=1
[FEE] 121688583792694 93888 1000000008
      ✓ should mint for amount=1
[FEE] 121688583792694 93888 1000000008
      ✓ should mint for amount=1
[FEE] 121688583792694 93888 1000000008
      ✓ should mint for amount=1
[FEE] 121688583792694 93888 1000000008
      ✓ should mint for amount=1
[FEE] 121689879896389 93889 1000000008
      ✓ should mint for amount=1
[FEE] 121688583792694 93888 1000000008
      ✓ should mint for amount=1
[FEE] 121688583792694 93888 1000000008
      ✓ should mint for amount=1
[FEE] 121688583792694 93888 1000000008
      ✓ should mint for amount=1
[FEE] 121689879896389 93889 1000000008
      ✓ should mint for amount=1
[FEE] 121689879896389 93889 1000000008
      ✓ should mint for amount=1
[FEE] 121691176000085 93890 1000000008
      ✓ should mint for amount=1
[FEE] 121691176000085 93890 1000000008
      ✓ should mint for amount=1
[FEE] 121691176000085 93890 1000000008
      ✓ should mint for amount=1
[FEE] 121691176000085 93890 1000000008
      ✓ should mint for amount=1
[FEE] 121691176000085 93890 1000000008
      ✓ should mint for amount=1
[FEE] 121691176000085 93890 1000000008
      ✓ should mint for amount=1
[FEE] 121689879896389 93889 1000000008
      ✓ should mint for amount=1
[FEE] 121688583792694 93888 1000000008
      ✓ should mint for amount=1
[FEE] 121687287688998 93887 1000000008
      ✓ should mint for amount=1
[FEE] 121687287688998 93887 1000000008
      ✓ should mint for amount=1
[FEE] 121688583792694 93888 1000000008
      ✓ should mint for amount=1
[FEE] 121687287688998 93887 1000000008
      ✓ should mint for amount=1
[FEE] 121688583792694 93888 1000000008
      ✓ should mint for amount=1
[FEE] 121687287688998 93887 1000000008
      ✓ should mint for amount=1
[FEE] 121687287688998 93887 1000000008
      ✓ should mint for amount=1
[FEE] 121688583792694 93888 1000000008
      ✓ should mint for amount=1
[FEE] 121689879896389 93889 1000000008
      ✓ should mint for amount=1
[FEE] 121689879896389 93889 1000000008
      ✓ should mint for amount=1
[FEE] 121689879896389 93889 1000000008
      ✓ should mint for amount=1
[FEE] 121691176000085 93890 1000000008
      ✓ should mint for amount=1
[FEE] 121691176000085 93890 1000000008
      ✓ should mint for amount=1
[FEE] 121691176000085 93890 1000000008
      ✓ should mint for amount=1
[FEE] 121691176000085 93890 1000000008
      ✓ should mint for amount=1
[FEE] 121691176000085 93890 1000000008
      ✓ should mint for amount=1
[FEE] 121691176000085 93890 1000000008
      ✓ should mint for amount=1
[FEE] 121691176000085 93890 1000000008
      ✓ should mint for amount=1
[FEE] 121691176000085 93890 1000000008
      ✓ should mint for amount=1
[FEE] 121689879896389 93889 1000000008
      ✓ should mint for amount=1
[FEE] 121689879896389 93889 1000000008
      ✓ should mint for amount=1
[FEE] 121688583792694 93888 1000000008
      ✓ should mint for amount=1
[FEE] 121687287688998 93887 1000000008
      ✓ should mint for amount=1
[FEE] 121688583792694 93888 1000000008
      ✓ should mint for amount=1
[FEE] 121689879896389 93889 1000000008
      ✓ should mint for amount=1
[FEE] 121691176000085 93890 1000000008
      ✓ should mint for amount=1
[FEE] 121691176000085 93890 1000000008
      ✓ should mint for amount=1
[FEE] 121691176000085 93890 1000000008
      ✓ should mint for amount=1
[FEE] 121691176000085 93890 1000000008
      ✓ should mint for amount=1
[FEE] 121689879896389 93889 1000000008
      ✓ should mint for amount=1
[FEE] 121691176000085 93890 1000000008
      ✓ should mint for amount=1
[FEE] 121691176000085 93890 1000000008
      ✓ should mint for amount=1
[FEE] 121691176000085 93890 1000000008
      ✓ should mint for amount=1
[FEE] 121691176000085 93890 1000000008
      ✓ should mint for amount=1
[FEE] 121691176000085 93890 1000000008
      ✓ should mint for amount=1
[FEE] 121691176000085 93890 1000000008
      ✓ should mint for amount=1
[FEE] 121691176000085 93890 1000000008
      ✓ should mint for amount=1
[FEE] 121691176000085 93890 1000000008
      ✓ should mint for amount=1
[FEE] 121689879896389 93889 1000000008
      ✓ should mint for amount=1
[FEE] 121691176000085 93890 1000000008
      ✓ should mint for amount=1
[FEE] 121691176000085 93890 1000000008
      ✓ should mint for amount=1
[FEE] 121691176000085 93890 1000000008
      ✓ should mint for amount=1
[FEE] 121689879896389 93889 1000000008
      ✓ should mint for amount=1
[FEE] 121691176000085 93890 1000000008
      ✓ should mint for amount=1
[FEE] 121691176000085 93890 1000000008
      ✓ should mint for amount=1
[FEE] 121689879896389 93889 1000000008
      ✓ should mint for amount=1
[FEE] 121688583792694 93888 1000000008
      ✓ should mint for amount=1
[FEE] 121689879896389 93889 1000000008
      ✓ should mint for amount=1
[FEE] 121688583792694 93888 1000000008
      ✓ should mint for amount=1
[FEE] 121687287688998 93887 1000000008
      ✓ should mint for amount=1
[FEE] 121688583792694 93888 1000000008
      ✓ should mint for amount=1
[FEE] 121688583792694 93888 1000000008
      ✓ should mint for amount=1
[FEE] 121688583792694 93888 1000000008
      ✓ should mint for amount=1
[FEE] 121688583792694 93888 1000000008
      ✓ should mint for amount=1
[FEE] 121689879896389 93889 1000000008
      ✓ should mint for amount=1
[FEE] 121688583792694 93888 1000000008
      ✓ should mint for amount=1
[FEE] 121689879896389 93889 1000000008
      ✓ should mint for amount=1
[FEE] 121691176000085 93890 1000000008
      ✓ should mint for amount=1
[FEE] 121691176000085 93890 1000000008
      ✓ should mint for amount=1
[FEE] 121691176000085 93890 1000000008
      ✓ should mint for amount=1
[FEE] 121689879896389 93889 1000000008
      ✓ should mint for amount=1
[FEE] 121691176000085 93890 1000000008
      ✓ should mint for amount=1
[FEE] 121691176000085 93890 1000000008
      ✓ should mint for amount=1
[FEE] 121689879896389 93889 1000000008
      ✓ should mint for amount=1
[FEE] 121691176000085 93890 1000000008
      ✓ should mint for amount=1
[FEE] 121691176000085 93890 1000000008
      ✓ should mint for amount=1
[FEE] 121691176000085 93890 1000000008
      ✓ should mint for amount=1
[FEE] 121691176000085 93890 1000000008
      ✓ should mint for amount=1
[FEE] 121689879896389 93889 1000000008
      ✓ should mint for amount=1
[FEE] 121688583792694 93888 1000000008
      ✓ should mint for amount=1
[FEE] 121689879896389 93889 1000000008
      ✓ should mint for amount=1
[FEE] 121689879896389 93889 1000000008
      ✓ should mint for amount=1
[FEE] 121691176000085 93890 1000000008
      ✓ should mint for amount=1
[FEE] 121691176000085 93890 1000000008
      ✓ should mint for amount=1
[FEE] 121691176000085 93890 1000000008
      ✓ should mint for amount=1
[FEE] 121689879896389 93889 1000000008
      ✓ should mint for amount=1
[FEE] 121689879896389 93889 1000000008
      ✓ should mint for amount=1
[FEE] 121691176000085 93890 1000000008
      ✓ should mint for amount=1
[FEE] 121691176000085 93890 1000000008
      ✓ should mint for amount=1
[FEE] 121689879896389 93889 1000000008
      ✓ should mint for amount=1
[FEE] 121689879896389 93889 1000000008
      ✓ should mint for amount=1
[FEE] 121688583792694 93888 1000000008
      ✓ should mint for amount=1
[FEE] 121689879896389 93889 1000000008
      ✓ should mint for amount=1
[FEE] 121688583792694 93888 1000000008
      ✓ should mint for amount=1
[FEE] 121688583792694 93888 1000000008
      ✓ should mint for amount=1
[FEE] 121689879896389 93889 1000000008
      ✓ should mint for amount=1
[FEE] 121691176000085 93890 1000000008
      ✓ should mint for amount=1
[FEE] 121691176000085 93890 1000000008
      ✓ should mint for amount=1
[FEE] 121691176000085 93890 1000000008
      ✓ should mint for amount=1
[FEE] 121689879896389 93889 1000000008
      ✓ should mint for amount=1
[FEE] 121689879896389 93889 1000000008
      ✓ should mint for amount=1
[FEE] 121691176000085 93890 1000000008
      ✓ should mint for amount=1
[FEE] 121691176000085 93890 1000000008
      ✓ should mint for amount=1
[FEE] 121689879896389 93889 1000000008
      ✓ should mint for amount=1
[FEE] 121691176000085 93890 1000000008
      ✓ should mint for amount=1
[FEE] 121691176000085 93890 1000000008
      ✓ should mint for amount=1
[FEE] 121691176000085 93890 1000000008
      ✓ should mint for amount=1
[FEE] 121689879896389 93889 1000000008
      ✓ should mint for amount=1
[FEE] 121691176000085 93890 1000000008
      ✓ should mint for amount=1
[FEE] 121691176000085 93890 1000000008
      ✓ should mint for amount=1
[FEE] 121691176000085 93890 1000000008
      ✓ should mint for amount=1
[FEE] 121689879896389 93889 1000000008
      ✓ should mint for amount=1
[FEE] 121689879896389 93889 1000000008
      ✓ should mint for amount=1
[FEE] 121689879896389 93889 1000000008
      ✓ should mint for amount=1
[FEE] 121691176000085 93890 1000000008
      ✓ should mint for amount=1
[FEE] 121691176000085 93890 1000000008
      ✓ should mint for amount=1
[FEE] 121691176000085 93890 1000000008
      ✓ should mint for amount=1
[FEE] 121691176000085 93890 1000000008
      ✓ should mint for amount=1
[FEE] 121691176000085 93890 1000000008
      ✓ should mint for amount=1
[FEE] 121689879896389 93889 1000000008
      ✓ should mint for amount=1
[FEE] 121691176000085 93890 1000000008
      ✓ should mint for amount=1
[FEE] 121691176000085 93890 1000000008
      ✓ should mint for amount=1
[FEE] 121691176000085 93890 1000000008
      ✓ should mint for amount=1
[FEE] 121691176000085 93890 1000000008
      ✓ should mint for amount=1
[FEE] 121691176000085 93890 1000000008
      ✓ should mint for amount=1
[FEE] 121689879896389 93889 1000000008
      ✓ should mint for amount=1
[FEE] 121689879896389 93889 1000000008
      ✓ should mint for amount=1
[FEE] 121689879896389 93889 1000000008
      ✓ should mint for amount=1
[FEE] 121689879896389 93889 1000000008
      ✓ should mint for amount=1
[FEE] 121688583792694 93888 1000000008
      ✓ should mint for amount=1
[FEE] 121689879896389 93889 1000000008
      ✓ should mint for amount=1
[FEE] 121691176000085 93890 1000000008
      ✓ should mint for amount=1
[FEE] 121691176000085 93890 1000000008
      ✓ should mint for amount=1
[FEE] 121691176000085 93890 1000000008
      ✓ should mint for amount=1
[FEE] 121691176000085 93890 1000000008
      ✓ should mint for amount=1
[FEE] 121691176000085 93890 1000000008
      ✓ should mint for amount=1
[FEE] 121691176000085 93890 1000000008
      ✓ should mint for amount=1
[FEE] 121691176000085 93890 1000000008
      ✓ should mint for amount=1
[FEE] 121691176000085 93890 1000000008
      ✓ should mint for amount=1

·----------------------------------------|---------------------------|-------------|----------------------------·
|          [90mSolc version: 0.8.17[39m          ·  [90mOptimizer enabled: true[39m  ·  [90mRuns: 200[39m  ·  [90mBlock limit: 8000000 gas[39m  │
·········································|···························|·············|·····························
|  [32m[1mMethods[22m[39m                                                                                                      │
···················|·····················|·············|·············|·············|··············|··············
|  [1mContract[22m        ·  [1mMethod[22m             ·  [32mMin[39m        ·  [32mMax[39m        ·  [32mAvg[39m        ·  [1m# calls[22m     ·  [1musd (avg)[22m  │
···················|·····················|·············|·············|·············|··············|··············
|  [90mXPowerThorTest[39m  ·  init               ·          -  ·          -  ·      67353  ·           [90m1[39m  ·          [32m[90m-[32m[39m  │
···················|·····················|·············|·············|·············|··············|··············
|  [90mXPowerThorTest[39m  ·  mint               ·     [36m121709[39m  ·     [31m229547[39m  ·     125370  ·         [90m447[39m  ·          [32m[90m-[32m[39m  │
···················|·····················|·············|·············|·············|··············|··············
|  [90mXPowerThorTest[39m  ·  transferOwnership  ·          -  ·          -  ·      28656  ·           [90m1[39m  ·          [32m[90m-[32m[39m  │
···················|·····················|·············|·············|·············|··············|··············
|  [32m[1mDeployments[22m[39m                           ·                                         ·  [1m% of limit[22m  ·             │
·········································|·············|·············|·············|··············|··············
|  XPowerThorTest                        ·          -  ·          -  ·    3331941  ·      [90m41.6 %[39m  ·          [32m[90m-[32m[39m  │
·----------------------------------------|-------------|-------------|-------------|--------------|-------------·

  447 passing (24s)

