
> xpower@6.0.0 test-gas
> REPORT_GAS=true npm test ./test/contracts/XPower.fees.1-thor.test.js


> xpower@6.0.0 test
> hardhat test ./test/contracts/XPower.fees.1-thor.test.js


  XPowerThor
    mint
[FEE] 348784296808045 162287 1658186771
      ✓ should mint for amount=1
[FEE] 338603871161567 158012 1653339735
      ✓ should mint for amount=1
[FEE] 328233597930066 154005 1644403781
      ✓ should mint for amount=1
[FEE] 317843087774048 150248 1632165997
      ✓ should mint for amount=1
[FEE] 307565338570482 146726 1617299927
      ✓ should mint for amount=1
[FEE] 297496455529251 143423 1600380488
      ✓ should mint for amount=1
[FEE] 287714844573924 140328 1581896950
      ✓ should mint for amount=1
[FEE] 278267940415345 137426 1562264349
      ✓ should mint for amount=1
[FEE] 269189228837256 134704 1541833369
      ✓ should mint for amount=1
[FEE] 260505652882753 132153 1520899019
      ✓ should mint for amount=1
[FEE] 252228437129709 129762 1499708223
      ✓ should mint for amount=1
[FEE] 244357740287439 127519 1478466391
      ✓ should mint for amount=1
[FEE] 236898028137324 125418 1457343168
      ✓ should mint for amount=1
[FEE] 229838416296919 123448 1436477463
      ✓ should mint for amount=1
[FEE] 223169355675739 121601 1415981788
      ✓ should mint for amount=1
[FEE] 216876073576071 119868 1395946060
      ✓ should mint for amount=1
[FEE] 210950275955511 118245 1376440893
      ✓ should mint for amount=1
[FEE] 205370874336724 116722 1357520467
      ✓ should mint for amount=1
[FEE] 200126116450334 115295 1339225002
      ✓ should mint for amount=1
[FEE] 195197912868172 113957 1321582918
      ✓ should mint for amount=1
[FEE] 190571003260758 112703 1304612689
      ✓ should mint for amount=1
[FEE] 186226346558215 111526 1288324458
      ✓ should mint for amount=1
[FEE] 182153103280531 110424 1272721422
      ✓ should mint for amount=1
[FEE] 178332014674385 109390 1257801036
      ✓ should mint for amount=1
[FEE] 174748923479213 108420 1243556038
      ✓ should mint for amount=1
[FEE] 171393003172850 107512 1229975334
      ✓ should mint for amount=1
[FEE] 168248789317293 106661 1217044761
      ✓ should mint for amount=1
[FEE] 165302742369222 105863 1204747728
      ✓ should mint for amount=1
[FEE] 162543207875820 105115 1193065772
      ✓ should mint for amount=1
[FEE] 159958841150653 104414 1181979026
      ✓ should mint for amount=1
[FEE] 157538631476789 103757 1171466616
      ✓ should mint for amount=1
[FEE] 155271916703899 103141 1161506998
      ✓ should mint for amount=1
[FEE] 153146896208698 102562 1152078237
      ✓ should mint for amount=1
[FEE] 151158097303674 102020 1143158242
      ✓ should mint for amount=1
[FEE] 149295850983901 101512 1134724962
      ✓ should mint for amount=1
[FEE] 147550837872069 101035 1126756543
      ✓ should mint for amount=1
[FEE] 145916978479582 100588 1119231461
      ✓ should mint for amount=1
[FEE] 144388444996571 100170 1112128627
      ✓ should mint for amount=1
[FEE] 142956791204928 99778 1105427467
      ✓ should mint for amount=1
[FEE] 141613878054418 99409 1099107991
      ✓ should mint for amount=1
[FEE] 140358940423717 99065 1093150837
      ✓ should mint for amount=1
[FEE] 139182883927735 98742 1087537312
      ✓ should mint for amount=1
[FEE] 138081118687208 98439 1082249411
      ✓ should mint for amount=1
[FEE] 137047856553757 98154 1077269835
      ✓ should mint for amount=1
[FEE] 136081692962449 97888 1072581996
      ✓ should mint for amount=1
[FEE] 135175817440711 97638 1068170019
      ✓ should mint for amount=1
[FEE] 134327772452480 97404 1064018736
      ✓ should mint for amount=1
[FEE] 133533865582091 97185 1060113675
      ✓ should mint for amount=1
[FEE] 132790557152630 96980 1056441049
      ✓ should mint for amount=1
[FEE] 132093086516971 96787 1052987738
      ✓ should mint for amount=1
[FEE] 131439566700057 96606 1049741273
      ✓ should mint for amount=1
[FEE] 130825507376254 96435 1046689813
      ✓ should mint for amount=1
[FEE] 130251964498497 96276 1043822126
      ✓ should mint for amount=1
[FEE] 129714665532542 96127 1041127567
      ✓ should mint for amount=1
[FEE] 129210804968571 95987 1038596054
      ✓ should mint for amount=1
[FEE] 128737676922925 95855 1036218045
      ✓ should mint for amount=1
[FEE] 128296689389873 95733 1033984517
      ✓ should mint for amount=1
[FEE] 127882617772090 95618 1031886942
      ✓ should mint for amount=1
[FEE] 127494346802256 95510 1029917263
      ✓ should mint for amount=1
[FEE] 127130828726991 95409 1028067875
      ✓ should mint for amount=1
[FEE] 126791079212066 95315 1026331600
      ✓ should mint for amount=1
[FEE] 126471517827384 95226 1024701668
      ✓ should mint for amount=1
[FEE] 126172614984194 95143 1023171695
      ✓ should mint for amount=1
[FEE] 125892237189516 95065 1021735665
      ✓ should mint for amount=1
[FEE] 125629630314782 94992 1020387911
      ✓ should mint for amount=1
[FEE] 125382765224122 94923 1019123093
      ✓ should mint for amount=1
[FEE] 125152301542505 94859 1017936186
      ✓ should mint for amount=1
[FEE] 124936297352291 94799 1016822457
      ✓ should mint for amount=1
[FEE] 124732855137806 94742 1015777455
      ✓ should mint for amount=1
[FEE] 124542748662095 94689 1014796991
      ✓ should mint for amount=1
[FEE] 124364151992645 94639 1013877125
      ✓ should mint for amount=1
[FEE] 124196588381233 94592 1013014152
      ✓ should mint for amount=1
[FEE] 124039610543316 94548 1012204589
      ✓ should mint for amount=1
[FEE] 123892798740107 94507 1011445161
      ✓ should mint for amount=1
[FEE] 123755759367506 94469 1010732791
      ✓ should mint for amount=1
[FEE] 123625504773441 94432 1010064586
      ✓ should mint for amount=1
[FEE] 123505618719628 94399 1009437830
      ✓ should mint for amount=1
[FEE] 123391851151119 94367 1008849970
      ✓ should mint for amount=1
[FEE] 123283901863099 94336 1008298609
      ✓ should mint for amount=1
[FEE] 123185407617373 94309 1007781495
      ✓ should mint for amount=1
[FEE] 123092181631197 94283 1007296513
      ✓ should mint for amount=1
[FEE] 123005281237841 94259 1006841678
      ✓ should mint for amount=1
[FEE] 122923167875748 94236 1006415125
      ✓ should mint for amount=1
[FEE] 122846927562493 94215 1006015104
      ✓ should mint for amount=1
[FEE] 122775051138991 94195 1005639973
      ✓ should mint for amount=1
[FEE] 122707346869564 94176 1005288189
      ✓ should mint for amount=1
[FEE] 122644937601947 94159 1004958305
      ✓ should mint for amount=1
[FEE] 122586351490232 94143 1004648963
      ✓ should mint for amount=1
[FEE] 122530128750816 94127 1004358888
      ✓ should mint for amount=1
[FEE] 122477423700524 94112 1004086884
      ✓ should mint for amount=1
[FEE] 122429398335930 94099 1003831828
      ✓ should mint for amount=1
[FEE] 122383320007470 94086 1003592668
      ✓ should mint for amount=1
[FEE] 122339067446410 94073 1003368416
      ✓ should mint for amount=1
[FEE] 122299127159233 94062 1003158144
      ✓ should mint for amount=1
[FEE] 122262091038140 94052 1002960983
      ✓ should mint for amount=1
[FEE] 122225259063143 94041 1002776118
      ✓ should mint for amount=1
[FEE] 122192436505181 94032 1002602783
      ✓ should mint for amount=1
[FEE] 122162234968258 94024 1002440261
      ✓ should mint for amount=1
[FEE] 122131973215262 94015 1002287878
      ✓ should mint for amount=1
[FEE] 122104172370375 94007 1002145003
      ✓ should mint for amount=1
[FEE] 122078759334881 94000 1002011043
      ✓ should mint for amount=1
[FEE] 122053068637008 93992 1001885443
      ✓ should mint for amount=1
[FEE] 122030932225531 93986 1001767682
      ✓ should mint for amount=1
[FEE] 122009693054936 93980 1001657272
      ✓ should mint for amount=1
[FEE] 121990593165015 93975 1001553754
      ✓ should mint for amount=1
[FEE] 121972281655202 93970 1001456698
      ✓ should mint for amount=1
[FEE] 121954709440935 93965 1001365702
      ✓ should mint for amount=1
[FEE] 121936532485858 93959 1001280387
      ✓ should mint for amount=1
[FEE] 121920303201095 93954 1001200399
      ✓ should mint for amount=1
[FEE] 121904683182448 93949 1001125406
      ✓ should mint for amount=1
[FEE] 121890931814521 93945 1001055096
      ✓ should mint for amount=1
[FEE] 121879013197588 93942 1000989177
      ✓ should mint for amount=1
[FEE] 121867596357316 93939 1000927375
      ✓ should mint for amount=1
[FEE] 121856649955728 93936 1000869433
      ✓ should mint for amount=1
[FEE] 121847441766943 93934 1000815110
      ✓ should mint for amount=1
[FEE] 121837349848508 93931 1000764180
      ✓ should mint for amount=1
[FEE] 121827645704175 93928 1000716432
      ✓ should mint for amount=1
[FEE] 121818304949519 93925 1000671666
      ✓ should mint for amount=1
[FEE] 121810601949052 93923 1000629697
      ✓ should mint for amount=1
[FEE] 121803218345781 93921 1000590350
      ✓ should mint for amount=1
[FEE] 121796134155797 93919 1000553461
      ✓ should mint for amount=1
[FEE] 121790627390360 93918 1000518876
      ✓ should mint for amount=1
[FEE] 121784087030649 93916 1000486452
      ✓ should mint for amount=1
[FEE] 121779090143159 93915 1000456054
      ✓ should mint for amount=1
[FEE] 121771731169397 93912 1000427555
      ✓ should mint for amount=1
[FEE] 121767182439527 93911 1000400837
      ✓ should mint for amount=1
[FEE] 121762836924750 93910 1000375788
      ✓ should mint for amount=1
[FEE] 121758681960134 93909 1000352304
      ✓ should mint for amount=1
[FEE] 121754705733286 93908 1000330288
      ✓ should mint for amount=1
[FEE] 121750896919170 93907 1000309647
      ✓ should mint for amount=1
[FEE] 121747245166928 93906 1000290296
      ✓ should mint for amount=1
[FEE] 121743740612983 93905 1000272154
      ✓ should mint for amount=1
[FEE] 121740374124435 93904 1000255146
      ✓ should mint for amount=1
[FEE] 121738433469320 93904 1000239201
      ✓ should mint for amount=1
[FEE] 121734021248009 93902 1000224252
      ✓ should mint for amount=1
[FEE] 121731019152038 93901 1000210237
      ✓ should mint for amount=1
[FEE] 121728123705220 93900 1000197098
      ✓ should mint for amount=1
[FEE] 121725328210493 93899 1000184780
      ✓ should mint for amount=1
[FEE] 121723922786097 93899 1000173232
      ✓ should mint for amount=1
[FEE] 121722605109448 93899 1000162405
      ✓ should mint for amount=1
[FEE] 121721369825623 93899 1000152255
      ✓ should mint for amount=1
[FEE] 121718915412708 93898 1000142739
      ✓ should mint for amount=1
[FEE] 121716533436108 93897 1000133818
      ✓ should mint for amount=1
[FEE] 121715515656936 93897 1000125455
      ✓ should mint for amount=1
[FEE] 121714561405293 93897 1000117614
      ✓ should mint for amount=1
[FEE] 121713666786772 93897 1000110263
      ✓ should mint for amount=1
[FEE] 121711531912698 93896 1000103372
      ✓ should mint for amount=1
[FEE] 121710745615772 93896 1000096911
      ✓ should mint for amount=1
[FEE] 121710008485222 93896 1000090854
      ✓ should mint for amount=1
[FEE] 121708021264492 93895 1000085176
      ✓ should mint for amount=1
[FEE] 121707373467871 93895 1000079853
      ✓ should mint for amount=1
[FEE] 121706766074872 93895 1000074862
      ✓ should mint for amount=1
[FEE] 121706196651542 93895 1000070183
      ✓ should mint for amount=1
[FEE] 121705662885625 93895 1000065797
      ✓ should mint for amount=1
[FEE] 121703866281230 93894 1000061685
      ✓ should mint for amount=1
[FEE] 121702100963125 93893 1000057830
      ✓ should mint for amount=1
[FEE] 121701661157166 93893 1000054216
      ✓ should mint for amount=1
[FEE] 121701248854291 93893 1000050828
      ✓ should mint for amount=1
[FEE] 121700862229075 93893 1000047651
      ✓ should mint for amount=1
[FEE] 121700499821177 93893 1000044673
      ✓ should mint for amount=1
[FEE] 121700160048560 93893 1000041881
      ✓ should mint for amount=1
[FEE] 121698545296310 93892 1000039263
      ✓ should mint for amount=1
[FEE] 121696950508411 93891 1000036809
      ✓ should mint for amount=1
[FEE] 121696670494035 93891 1000034508
      ✓ should mint for amount=1
[FEE] 121695111857759 93890 1000032351
      ✓ should mint for amount=1
[FEE] 121694865798203 93890 1000030329
      ✓ should mint for amount=1
[FEE] 121694635071735 93890 1000028433
      ✓ should mint for amount=1
[FEE] 121694418826517 93890 1000026656
      ✓ should mint for amount=1
[FEE] 121694216089020 93890 1000024990
      ✓ should mint for amount=1
[FEE] 121694026007404 93890 1000023428
      ✓ should mint for amount=1
[FEE] 121693847851524 93890 1000021964
      ✓ should mint for amount=1
[FEE] 121693680769541 93890 1000020591
      ✓ should mint for amount=1
[FEE] 121693524152998 93890 1000019304
      ✓ should mint for amount=1
[FEE] 121693377393441 93890 1000018098
      ✓ should mint for amount=1
[FEE] 121693239760722 93890 1000016967
      ✓ should mint for amount=1
[FEE] 121693110768077 93890 1000015907
      ✓ should mint for amount=1
[FEE] 121692989807049 93890 1000014913
      ✓ should mint for amount=1
[FEE] 121692876390874 93890 1000013981
      ✓ should mint for amount=1
[FEE] 121692770032787 93890 1000013107
      ✓ should mint for amount=1
[FEE] 121692670367714 93890 1000012288
      ✓ should mint for amount=1
[FEE] 121692576908892 93890 1000011520
      ✓ should mint for amount=1
[FEE] 121692489291246 93890 1000010800
      ✓ should mint for amount=1
[FEE] 121691111032894 93889 1000010125
      ✓ should mint for amount=1
[FEE] 121689737887213 93888 1000009492
      ✓ should mint for amount=1
[FEE] 121690961841103 93889 1000008899
      ✓ should mint for amount=1
[FEE] 121692190296029 93890 1000008343
      ✓ should mint for amount=1
[FEE] 121692126894927 93890 1000007822
      ✓ should mint for amount=1
[FEE] 121692067387942 93890 1000007333
      ✓ should mint for amount=1
[FEE] 121692011653384 93890 1000006875
      ✓ should mint for amount=1
[FEE] 121691959326179 93890 1000006445
      ✓ should mint for amount=1
[FEE] 121691910284635 93890 1000006042
      ✓ should mint for amount=1
[FEE] 121690568174345 93889 1000005664
      ✓ should mint for amount=1
[FEE] 121690525096127 93889 1000005310
      ✓ should mint for amount=1
[FEE] 121689188584950 93888 1000004978
      ✓ should mint for amount=1
[FEE] 121690446849535 93889 1000004667
      ✓ should mint for amount=1
[FEE] 121691707425446 93890 1000004375
      ✓ should mint for amount=1
[FEE] 121691674203756 93890 1000004102
      ✓ should mint for amount=1
[FEE] 121691643050815 93890 1000003846
      ✓ should mint for amount=1
[FEE] 121691613844933 93890 1000003606
      ✓ should mint for amount=1
[FEE] 121690290356351 93889 1000003381
      ✓ should mint for amount=1
[FEE] 121691560787581 93890 1000003170
      ✓ should mint for amount=1
[FEE] 121690240585190 93889 1000002972
      ✓ should mint for amount=1
[FEE] 121691514058169 93890 1000002786
      ✓ should mint for amount=1
[FEE] 121691492883905 93890 1000002612
      ✓ should mint for amount=1
[FEE] 121690176941384 93889 1000002449
      ✓ should mint for amount=1
[FEE] 121688862216171 93888 1000002296
      ✓ should mint for amount=1
[FEE] 121690140921180 93889 1000002153
      ✓ should mint for amount=1
[FEE] 121688828386745 93888 1000002018
      ✓ should mint for amount=1
[FEE] 121690109160121 93889 1000001892
      ✓ should mint for amount=1
[FEE] 121688798694731 93888 1000001774
      ✓ should mint for amount=1
[FEE] 121690081293139 93889 1000001663
      ✓ should mint for amount=1
[FEE] 121691364743098 93890 1000001559
      ✓ should mint for amount=1
[FEE] 121691352939054 93890 1000001462
      ✓ should mint for amount=1
[FEE] 121691341865157 93890 1000001371
      ✓ should mint for amount=1
[FEE] 121691331399716 93890 1000001285
      ✓ should mint for amount=1
[FEE] 121690025559174 93889 1000001205
      ✓ should mint for amount=1
[FEE] 121690016432433 93889 1000001130
      ✓ should mint for amount=1
[FEE] 121688711687394 93888 1000001059
      ✓ should mint for amount=1
[FEE] 121688703655948 93888 1000000993
      ✓ should mint for amount=1
[FEE] 121689992216148 93889 1000000931
      ✓ should mint for amount=1
[FEE] 121689985158135 93889 1000000873
      ✓ should mint for amount=1
[FEE] 121691274569937 93890 1000000818
      ✓ should mint for amount=1
[FEE] 121691268363687 93890 1000000767
      ✓ should mint for amount=1
[FEE] 121689966417893 93889 1000000719
      ✓ should mint for amount=1
[FEE] 121689960941849 93889 1000000674
      ✓ should mint for amount=1
[FEE] 121691251935378 93890 1000000632
      ✓ should mint for amount=1
[FEE] 121691247189423 93890 1000000593
      ✓ should mint for amount=1
[FEE] 121689946582443 93889 1000000556
      ✓ should mint for amount=1
[FEE] 121691238427658 93890 1000000521
      ✓ should mint for amount=1
[FEE] 121689938307531 93889 1000000488
      ✓ should mint for amount=1
[FEE] 121691230761114 93890 1000000458
      ✓ should mint for amount=1
[FEE] 121691227232070 93890 1000000429
      ✓ should mint for amount=1
[FEE] 121691223946408 93890 1000000402
      ✓ should mint for amount=1
[FEE] 121691220904129 93890 1000000377
      ✓ should mint for amount=1
[FEE] 121691217983541 93890 1000000353
      ✓ should mint for amount=1
[FEE] 121691215306335 93890 1000000331
      ✓ should mint for amount=1
[FEE] 121691212750820 93890 1000000310
      ✓ should mint for amount=1
[FEE] 121689914334625 93889 1000000291
      ✓ should mint for amount=1
[FEE] 121688616040168 93888 1000000273
      ✓ should mint for amount=1
[FEE] 121687317867445 93887 1000000256
      ✓ should mint for amount=1
[FEE] 121688612024445 93888 1000000240
      ✓ should mint for amount=1
[FEE] 121689906303093 93889 1000000225
      ✓ should mint for amount=1
[FEE] 121688608495476 93888 1000000211
      ✓ should mint for amount=1
[FEE] 121688606913524 93888 1000000198
      ✓ should mint for amount=1
[FEE] 121688605453261 93888 1000000186
      ✓ should mint for amount=1
[FEE] 121688603992998 93888 1000000174
      ✓ should mint for amount=1
[FEE] 121689898758321 93889 1000000163
      ✓ should mint for amount=1
[FEE] 121689897541422 93889 1000000153
      ✓ should mint for amount=1
[FEE] 121689896324523 93889 1000000143
      ✓ should mint for amount=1
[FEE] 121691191333173 93890 1000000134
      ✓ should mint for amount=1
[FEE] 121691190359644 93890 1000000126
      ✓ should mint for amount=1
[FEE] 121691189386114 93890 1000000118
      ✓ should mint for amount=1
[FEE] 121691188534276 93890 1000000111
      ✓ should mint for amount=1
[FEE] 121689891578618 93889 1000000104
      ✓ should mint for amount=1
[FEE] 121691186952291 93890 1000000098
      ✓ should mint for amount=1
[FEE] 121691186222144 93890 1000000092
      ✓ should mint for amount=1
[FEE] 121691185491997 93890 1000000086
      ✓ should mint for amount=1
[FEE] 121691184883541 93890 1000000081
      ✓ should mint for amount=1
[FEE] 121689888171301 93889 1000000076
      ✓ should mint for amount=1
[FEE] 121691183666629 93890 1000000071
      ✓ should mint for amount=1
[FEE] 121691183179864 93890 1000000067
      ✓ should mint for amount=1
[FEE] 121689886589333 93889 1000000063
      ✓ should mint for amount=1
[FEE] 121689886102573 93889 1000000059
      ✓ should mint for amount=1
[FEE] 121689885615814 93889 1000000055
      ✓ should mint for amount=1
[FEE] 121691181354497 93890 1000000052
      ✓ should mint for amount=1
[FEE] 121691180989423 93890 1000000049
      ✓ should mint for amount=1
[FEE] 121691180624350 93890 1000000046
      ✓ should mint for amount=1
[FEE] 121691180259276 93890 1000000043
      ✓ should mint for amount=1
[FEE] 121691179894203 93890 1000000040
      ✓ should mint for amount=1
[FEE] 121691179650820 93890 1000000038
      ✓ should mint for amount=1
[FEE] 121689883303706 93889 1000000036
      ✓ should mint for amount=1
[FEE] 121691179164056 93890 1000000034
      ✓ should mint for amount=1
[FEE] 121691178920673 93890 1000000032
      ✓ should mint for amount=1
[FEE] 121691178677291 93890 1000000030
      ✓ should mint for amount=1
[FEE] 121691178433909 93890 1000000028
      ✓ should mint for amount=1
[FEE] 121691178190526 93890 1000000026
      ✓ should mint for amount=1
[FEE] 121691177947144 93890 1000000024
      ✓ should mint for amount=1
[FEE] 121689881721738 93889 1000000023
      ✓ should mint for amount=1
[FEE] 121688585496334 93888 1000000022
      ✓ should mint for amount=1
[FEE] 121689881478358 93889 1000000021
      ✓ should mint for amount=1
[FEE] 121691177460379 93890 1000000020
      ✓ should mint for amount=1
[FEE] 121691177338688 93890 1000000019
      ✓ should mint for amount=1
[FEE] 121689881113288 93889 1000000018
      ✓ should mint for amount=1
[FEE] 121689880991598 93889 1000000017
      ✓ should mint for amount=1
[FEE] 121688584766202 93888 1000000016
      ✓ should mint for amount=1
[FEE] 121689880748218 93889 1000000015
      ✓ should mint for amount=1
[FEE] 121691176730232 93890 1000000014
      ✓ should mint for amount=1
[FEE] 121689880504839 93889 1000000013
      ✓ should mint for amount=1
[FEE] 121691176486850 93890 1000000012
      ✓ should mint for amount=1
[FEE] 121691176365159 93890 1000000011
      ✓ should mint for amount=1
[FEE] 121691176243468 93890 1000000010
      ✓ should mint for amount=1
[FEE] 121691176121776 93890 1000000009
      ✓ should mint for amount=1
[FEE] 121691176000085 93890 1000000008
      ✓ should mint for amount=1
[FEE] 121691176000085 93890 1000000008
      ✓ should mint for amount=1
[FEE] 121691176000085 93890 1000000008
      ✓ should mint for amount=1
[FEE] 121691176000085 93890 1000000008
      ✓ should mint for amount=1
[FEE] 121691176000085 93890 1000000008
      ✓ should mint for amount=1
[FEE] 121691176000085 93890 1000000008
      ✓ should mint for amount=1
[FEE] 121691176000085 93890 1000000008
      ✓ should mint for amount=1
[FEE] 121691176000085 93890 1000000008
      ✓ should mint for amount=1
[FEE] 121691176000085 93890 1000000008
      ✓ should mint for amount=1
[FEE] 121691176000085 93890 1000000008
      ✓ should mint for amount=1
[FEE] 121691176000085 93890 1000000008
      ✓ should mint for amount=1
[FEE] 121689879896389 93889 1000000008
      ✓ should mint for amount=1
[FEE] 121691176000085 93890 1000000008
      ✓ should mint for amount=1
[FEE] 121691176000085 93890 1000000008
      ✓ should mint for amount=1
[FEE] 121689879896389 93889 1000000008
      ✓ should mint for amount=1
[FEE] 121689879896389 93889 1000000008
      ✓ should mint for amount=1
[FEE] 121691176000085 93890 1000000008
      ✓ should mint for amount=1
[FEE] 121689879896389 93889 1000000008
      ✓ should mint for amount=1
[FEE] 121689879896389 93889 1000000008
      ✓ should mint for amount=1
[FEE] 121691176000085 93890 1000000008
      ✓ should mint for amount=1
[FEE] 121689879896389 93889 1000000008
      ✓ should mint for amount=1
[FEE] 121691176000085 93890 1000000008
      ✓ should mint for amount=1
[FEE] 121689879896389 93889 1000000008
      ✓ should mint for amount=1
[FEE] 121689879896389 93889 1000000008
      ✓ should mint for amount=1
[FEE] 121689879896389 93889 1000000008
      ✓ should mint for amount=1
[FEE] 121691176000085 93890 1000000008
      ✓ should mint for amount=1
[FEE] 121691176000085 93890 1000000008
      ✓ should mint for amount=1
[FEE] 121691176000085 93890 1000000008
      ✓ should mint for amount=1
[FEE] 121689879896389 93889 1000000008
      ✓ should mint for amount=1
[FEE] 121691176000085 93890 1000000008
      ✓ should mint for amount=1
[FEE] 121691176000085 93890 1000000008
      ✓ should mint for amount=1
[FEE] 121691176000085 93890 1000000008
      ✓ should mint for amount=1
[FEE] 121691176000085 93890 1000000008
      ✓ should mint for amount=1
[FEE] 121691176000085 93890 1000000008
      ✓ should mint for amount=1
[FEE] 121691176000085 93890 1000000008
      ✓ should mint for amount=1
[FEE] 121689879896389 93889 1000000008
      ✓ should mint for amount=1
[FEE] 121691176000085 93890 1000000008
      ✓ should mint for amount=1
[FEE] 121691176000085 93890 1000000008
      ✓ should mint for amount=1
[FEE] 121691176000085 93890 1000000008
      ✓ should mint for amount=1
[FEE] 121689879896389 93889 1000000008
      ✓ should mint for amount=1
[FEE] 121689879896389 93889 1000000008
      ✓ should mint for amount=1
[FEE] 121691176000085 93890 1000000008
      ✓ should mint for amount=1
[FEE] 121691176000085 93890 1000000008
      ✓ should mint for amount=1
[FEE] 121691176000085 93890 1000000008
      ✓ should mint for amount=1
[FEE] 121691176000085 93890 1000000008
      ✓ should mint for amount=1
[FEE] 121689879896389 93889 1000000008
      ✓ should mint for amount=1
[FEE] 121689879896389 93889 1000000008
      ✓ should mint for amount=1
[FEE] 121688583792694 93888 1000000008
      ✓ should mint for amount=1
[FEE] 121689879896389 93889 1000000008
      ✓ should mint for amount=1
[FEE] 121689879896389 93889 1000000008
      ✓ should mint for amount=1
[FEE] 121691176000085 93890 1000000008
      ✓ should mint for amount=1
[FEE] 121691176000085 93890 1000000008
      ✓ should mint for amount=1
[FEE] 121691176000085 93890 1000000008
      ✓ should mint for amount=1
[FEE] 121691176000085 93890 1000000008
      ✓ should mint for amount=1
[FEE] 121691176000085 93890 1000000008
      ✓ should mint for amount=1
[FEE] 121691176000085 93890 1000000008
      ✓ should mint for amount=1
[FEE] 121691176000085 93890 1000000008
      ✓ should mint for amount=1
[FEE] 121689879896389 93889 1000000008
      ✓ should mint for amount=1
[FEE] 121691176000085 93890 1000000008
      ✓ should mint for amount=1
[FEE] 121691176000085 93890 1000000008
      ✓ should mint for amount=1
[FEE] 121689879896389 93889 1000000008
      ✓ should mint for amount=1
[FEE] 121691176000085 93890 1000000008
      ✓ should mint for amount=1
[FEE] 121691176000085 93890 1000000008
      ✓ should mint for amount=1
[FEE] 121691176000085 93890 1000000008
      ✓ should mint for amount=1
[FEE] 121691176000085 93890 1000000008
      ✓ should mint for amount=1
[FEE] 121691176000085 93890 1000000008
      ✓ should mint for amount=1
[FEE] 121691176000085 93890 1000000008
      ✓ should mint for amount=1
[FEE] 121691176000085 93890 1000000008
      ✓ should mint for amount=1
[FEE] 121691176000085 93890 1000000008
      ✓ should mint for amount=1
[FEE] 121691176000085 93890 1000000008
      ✓ should mint for amount=1
[FEE] 121691176000085 93890 1000000008
      ✓ should mint for amount=1
[FEE] 121691176000085 93890 1000000008
      ✓ should mint for amount=1
[FEE] 121689879896389 93889 1000000008
      ✓ should mint for amount=1
[FEE] 121691176000085 93890 1000000008
      ✓ should mint for amount=1
[FEE] 121689879896389 93889 1000000008
      ✓ should mint for amount=1
[FEE] 121689879896389 93889 1000000008
      ✓ should mint for amount=1
[FEE] 121688583792694 93888 1000000008
      ✓ should mint for amount=1
[FEE] 121687287688998 93887 1000000008
      ✓ should mint for amount=1
[FEE] 121688583792694 93888 1000000008
      ✓ should mint for amount=1
[FEE] 121688583792694 93888 1000000008
      ✓ should mint for amount=1
[FEE] 121689879896389 93889 1000000008
      ✓ should mint for amount=1
[FEE] 121689879896389 93889 1000000008
      ✓ should mint for amount=1
[FEE] 121691176000085 93890 1000000008
      ✓ should mint for amount=1
[FEE] 121691176000085 93890 1000000008
      ✓ should mint for amount=1
[FEE] 121689879896389 93889 1000000008
      ✓ should mint for amount=1
[FEE] 121691176000085 93890 1000000008
      ✓ should mint for amount=1
[FEE] 121691176000085 93890 1000000008
      ✓ should mint for amount=1
[FEE] 121689879896389 93889 1000000008
      ✓ should mint for amount=1
[FEE] 121691176000085 93890 1000000008
      ✓ should mint for amount=1
[FEE] 121691176000085 93890 1000000008
      ✓ should mint for amount=1
[FEE] 121691176000085 93890 1000000008
      ✓ should mint for amount=1
[FEE] 121691176000085 93890 1000000008
      ✓ should mint for amount=1
[FEE] 121691176000085 93890 1000000008
      ✓ should mint for amount=1
[FEE] 121691176000085 93890 1000000008
      ✓ should mint for amount=1
[FEE] 121689879896389 93889 1000000008
      ✓ should mint for amount=1
[FEE] 121688583792694 93888 1000000008
      ✓ should mint for amount=1
[FEE] 121689879896389 93889 1000000008
      ✓ should mint for amount=1
[FEE] 121691176000085 93890 1000000008
      ✓ should mint for amount=1
[FEE] 121691176000085 93890 1000000008
      ✓ should mint for amount=1
[FEE] 121691176000085 93890 1000000008
      ✓ should mint for amount=1
[FEE] 121689879896389 93889 1000000008
      ✓ should mint for amount=1
[FEE] 121691176000085 93890 1000000008
      ✓ should mint for amount=1
[FEE] 121691176000085 93890 1000000008
      ✓ should mint for amount=1
[FEE] 121691176000085 93890 1000000008
      ✓ should mint for amount=1
[FEE] 121691176000085 93890 1000000008
      ✓ should mint for amount=1
[FEE] 121691176000085 93890 1000000008
      ✓ should mint for amount=1
[FEE] 121691176000085 93890 1000000008
      ✓ should mint for amount=1
[FEE] 121689879896389 93889 1000000008
      ✓ should mint for amount=1
[FEE] 121689879896389 93889 1000000008
      ✓ should mint for amount=1
[FEE] 121691176000085 93890 1000000008
      ✓ should mint for amount=1
[FEE] 121691176000085 93890 1000000008
      ✓ should mint for amount=1
[FEE] 121691176000085 93890 1000000008
      ✓ should mint for amount=1
[FEE] 121691176000085 93890 1000000008
      ✓ should mint for amount=1
[FEE] 121691176000085 93890 1000000008
      ✓ should mint for amount=1
[FEE] 121691176000085 93890 1000000008
      ✓ should mint for amount=1
[FEE] 121691176000085 93890 1000000008
      ✓ should mint for amount=1
[FEE] 121689879896389 93889 1000000008
      ✓ should mint for amount=1
[FEE] 121691176000085 93890 1000000008
      ✓ should mint for amount=1
[FEE] 121691176000085 93890 1000000008
      ✓ should mint for amount=1
[FEE] 121689879896389 93889 1000000008
      ✓ should mint for amount=1
[FEE] 121689879896389 93889 1000000008
      ✓ should mint for amount=1
[FEE] 121691176000085 93890 1000000008
      ✓ should mint for amount=1
[FEE] 121689879896389 93889 1000000008
      ✓ should mint for amount=1
[FEE] 121689879896389 93889 1000000008
      ✓ should mint for amount=1
[FEE] 121689879896389 93889 1000000008
      ✓ should mint for amount=1
[FEE] 121689879896389 93889 1000000008
      ✓ should mint for amount=1
[FEE] 121691176000085 93890 1000000008
      ✓ should mint for amount=1
[FEE] 121691176000085 93890 1000000008
      ✓ should mint for amount=1
[FEE] 121691176000085 93890 1000000008
      ✓ should mint for amount=1
[FEE] 121691176000085 93890 1000000008
      ✓ should mint for amount=1
[FEE] 121691176000085 93890 1000000008
      ✓ should mint for amount=1
[FEE] 121691176000085 93890 1000000008
      ✓ should mint for amount=1
[FEE] 121689879896389 93889 1000000008
      ✓ should mint for amount=1
[FEE] 121691176000085 93890 1000000008
      ✓ should mint for amount=1
[FEE] 121691176000085 93890 1000000008
      ✓ should mint for amount=1
[FEE] 121691176000085 93890 1000000008
      ✓ should mint for amount=1
[FEE] 121691176000085 93890 1000000008
      ✓ should mint for amount=1
[FEE] 121691176000085 93890 1000000008
      ✓ should mint for amount=1
[FEE] 121691176000085 93890 1000000008
      ✓ should mint for amount=1
[FEE] 121691176000085 93890 1000000008
      ✓ should mint for amount=1
[FEE] 121691176000085 93890 1000000008
      ✓ should mint for amount=1
[FEE] 121691176000085 93890 1000000008
      ✓ should mint for amount=1
[FEE] 121691176000085 93890 1000000008
      ✓ should mint for amount=1
[FEE] 121691176000085 93890 1000000008
      ✓ should mint for amount=1
[FEE] 121691176000085 93890 1000000008
      ✓ should mint for amount=1
[FEE] 121691176000085 93890 1000000008
      ✓ should mint for amount=1
[FEE] 121691176000085 93890 1000000008
      ✓ should mint for amount=1
[FEE] 121691176000085 93890 1000000008
      ✓ should mint for amount=1
[FEE] 121689879896389 93889 1000000008
      ✓ should mint for amount=1
[FEE] 121688583792694 93888 1000000008
      ✓ should mint for amount=1
[FEE] 121688583792694 93888 1000000008
      ✓ should mint for amount=1
[FEE] 121688583792694 93888 1000000008
      ✓ should mint for amount=1
[FEE] 121688583792694 93888 1000000008
      ✓ should mint for amount=1
[FEE] 121689879896389 93889 1000000008
      ✓ should mint for amount=1
[FEE] 121689879896389 93889 1000000008
      ✓ should mint for amount=1
[FEE] 121688583792694 93888 1000000008
      ✓ should mint for amount=1
[FEE] 121688583792694 93888 1000000008
      ✓ should mint for amount=1
[FEE] 121689879896389 93889 1000000008
      ✓ should mint for amount=1
[FEE] 121691176000085 93890 1000000008
      ✓ should mint for amount=1
[FEE] 121691176000085 93890 1000000008
      ✓ should mint for amount=1
[FEE] 121691176000085 93890 1000000008
      ✓ should mint for amount=1
[FEE] 121691176000085 93890 1000000008
      ✓ should mint for amount=1
[FEE] 121691176000085 93890 1000000008
      ✓ should mint for amount=1
[FEE] 121691176000085 93890 1000000008
      ✓ should mint for amount=1
[FEE] 121691176000085 93890 1000000008
      ✓ should mint for amount=1

·----------------------------------------|---------------------------|-------------|----------------------------·
|          [90mSolc version: 0.8.17[39m          ·  [90mOptimizer enabled: true[39m  ·  [90mRuns: 200[39m  ·  [90mBlock limit: 8000000 gas[39m  │
·········································|···························|·············|·····························
|  [32m[1mMethods[22m[39m                                                                                                      │
···················|·····················|·············|·············|·············|··············|··············
|  [1mContract[22m        ·  [1mMethod[22m             ·  [32mMin[39m        ·  [32mMax[39m        ·  [32mAvg[39m        ·  [1m# calls[22m     ·  [1musd (avg)[22m  │
···················|·····················|·············|·············|·············|··············|··············
|  [90mXPowerThorTest[39m  ·  init               ·          -  ·          -  ·      67353  ·           [90m1[39m  ·          [32m[90m-[32m[39m  │
···················|·····················|·············|·············|·············|··············|··············
|  [90mXPowerThorTest[39m  ·  mint               ·     [36m121697[39m  ·     [31m229517[39m  ·     125308  ·         [90m457[39m  ·          [32m[90m-[32m[39m  │
···················|·····················|·············|·············|·············|··············|··············
|  [90mXPowerThorTest[39m  ·  transferOwnership  ·          -  ·          -  ·      28656  ·           [90m1[39m  ·          [32m[90m-[32m[39m  │
···················|·····················|·············|·············|·············|··············|··············
|  [32m[1mDeployments[22m[39m                           ·                                         ·  [1m% of limit[22m  ·             │
·········································|·············|·············|·············|··············|··············
|  XPowerThorTest                        ·          -  ·          -  ·    3331941  ·      [90m41.6 %[39m  ·          [32m[90m-[32m[39m  │
·----------------------------------------|-------------|-------------|-------------|--------------|-------------·

  457 passing (26s)

