
> xpower@6.0.0 test-gas
> REPORT_GAS=true npm test ./test/contracts/XPower.fees.1-thor.test.js


> xpower@6.0.0 test
> hardhat test ./test/contracts/XPower.fees.1-thor.test.js


  XPowerThor
    mint
[FEE] 348822982083776 162305 1658186771
      ✓ should mint for amount=1
[FEE] 338642451344703 158030 1653339774
      ✓ should mint for amount=1
[FEE] 328269851094044 154022 1644403885
      ✓ should mint for amount=1
[FEE] 317876967989927 150264 1632166166
      ✓ should mint for amount=1
[FEE] 307594729332163 146740 1617300159
      ✓ should mint for amount=1
[FEE] 297525546652786 143437 1600380765
      ✓ should mint for amount=1
[FEE] 287741559077524 140341 1581897283
      ✓ should mint for amount=1
[FEE] 278292306919593 137438 1562264732
      ✓ should mint for amount=1
[FEE] 269215282106778 134717 1541833795
      ✓ should mint for amount=1
[FEE] 260529388821322 132165 1520899492
      ✓ should mint for amount=1
[FEE] 252249904125839 129773 1499708731
      ✓ should mint for amount=1
[FEE] 244378907917711 127530 1478466929
      ✓ should mint for amount=1
[FEE] 236917008178877 125428 1457343730
      ✓ should mint for amount=1
[FEE] 229855265678119 123457 1436478044
      ✓ should mint for amount=1
[FEE] 223185966949689 121610 1415982384
      ✓ should mint for amount=1
[FEE] 216894260796613 119878 1395946667
      ✓ should mint for amount=1
[FEE] 210966426460517 118254 1376441509
      ✓ should mint for amount=1
[FEE] 205385044188654 116730 1357521088
      ✓ should mint for amount=1
[FEE] 200140095451144 115303 1339225623
      ✓ should mint for amount=1
[FEE] 195209994511868 113964 1321583536
      ✓ should mint for amount=1
[FEE] 190582928911188 112710 1304613300
      ✓ should mint for amount=1
[FEE] 186239791855177 111534 1288325059
      ✓ should mint for amount=1
[FEE] 182166384645679 110432 1272722014
      ✓ should mint for amount=1
[FEE] 178346769220822 109399 1257801617
      ✓ should mint for amount=1
[FEE] 174765121220133 108430 1243556607
      ✓ should mint for amount=1
[FEE] 171405834199244 107520 1229975891
      ✓ should mint for amount=1
[FEE] 168259906301957 106668 1217045304
      ✓ should mint for amount=1
[FEE] 165313745029162 105870 1204748255
      ✓ should mint for amount=1
[FEE] 162552555383820 105121 1193066282
      ✓ should mint for amount=1
[FEE] 159965035741062 104418 1181979519
      ✓ should mint for amount=1
[FEE] 157543250383150 103760 1171467091
      ✓ should mint for amount=1
[FEE] 155276494098592 103144 1161507455
      ✓ should mint for amount=1
[FEE] 153152927419073 102566 1152078676
      ✓ should mint for amount=1
[FEE] 151164079712730 102024 1143158664
      ✓ should mint for amount=1
[FEE] 149300316303399 101515 1134725366
      ✓ should mint for amount=1
[FEE] 147556730125668 101039 1126756930
      ✓ should mint for amount=1
[FEE] 145924279919904 100593 1119231831
      ✓ should mint for amount=1
[FEE] 144394256564689 100174 1112128980
      ✓ should mint for amount=1
[FEE] 142962565782859 99782 1105427804
      ✓ should mint for amount=1
[FEE] 141619617646797 99413 1099108312
      ✓ should mint for amount=1
[FEE] 140363230225338 99068 1093151143
      ✓ should mint for amount=1
[FEE] 139185740292868 98744 1087537603
      ✓ should mint for amount=1
[FEE] 138083959316877 98441 1082249687
      ✓ should mint for amount=1
[FEE] 137052078646039 98157 1077270097
      ✓ should mint for amount=1
[FEE] 136083114731626 97889 1072582245
      ✓ should mint for amount=1
[FEE] 135178616225077 97640 1068170255
      ✓ should mint for amount=1
[FEE] 134329179684161 97405 1064018959
      ✓ should mint for amount=1
[FEE] 133535266177553 97186 1060113886
      ✓ should mint for amount=1
[FEE] 132790582291857 96980 1056441249
      ✓ should mint for amount=1
[FEE] 132093110226262 96787 1052987927
      ✓ should mint for amount=1
[FEE] 131438228413921 96605 1049741451
      ✓ should mint for amount=1
[FEE] 130826884993275 96436 1046689981
      ✓ should mint for amount=1
[FEE] 130253337241012 96277 1043822285
      ✓ should mint for amount=1
[FEE] 129716033630597 96128 1041127717
      ✓ should mint for amount=1
[FEE] 129213514766967 95989 1038596195
      ✓ should mint for amount=1
[FEE] 128741722585179 95858 1036218178
      ✓ should mint for amount=1
[FEE] 128299385326553 95735 1033984643
      ✓ should mint for amount=1
[FEE] 127885307385106 95620 1031887061
      ✓ should mint for amount=1
[FEE] 127497030550037 95512 1029917376
      ✓ should mint for amount=1
[FEE] 127133506924007 95411 1028067982
      ✓ should mint for amount=1
[FEE] 126791091689417 95315 1026331701
      ✓ should mint for amount=1
[FEE] 126471529552547 95226 1024701763
      ✓ should mint for amount=1
[FEE] 126172626082562 95143 1023171785
      ✓ should mint for amount=1
[FEE] 125892247662714 95065 1021735750
      ✓ should mint for amount=1
[FEE] 125629640164340 94992 1020387991
      ✓ should mint for amount=1
[FEE] 125382774574406 94923 1019123169
      ✓ should mint for amount=1
[FEE] 125152310271750 94859 1017936257
      ✓ should mint for amount=1
[FEE] 124936305584537 94799 1016822524
      ✓ should mint for amount=1
[FEE] 124734179426905 94743 1015777518
      ✓ should mint for amount=1
[FEE] 124544071185171 94690 1014797050
      ✓ should mint for amount=1
[FEE] 124365472829002 94640 1013877180
      ✓ should mint for amount=1
[FEE] 124196594756487 94592 1013014204
      ✓ should mint for amount=1
[FEE] 124038304625811 94547 1012204638
      ✓ should mint for amount=1
[FEE] 123890182498966 94505 1011445207
      ✓ should mint for amount=1
[FEE] 123753144603394 94467 1010732834
      ✓ should mint for amount=1
[FEE] 123624200643096 94431 1010064627
      ✓ should mint for amount=1
[FEE] 123503006819028 94397 1009437869
      ✓ should mint for amount=1
[FEE] 123390548102355 94366 1008850007
      ✓ should mint for amount=1
[FEE] 123285213002111 94337 1008298644
      ✓ should mint for amount=1
[FEE] 123186717840455 94310 1007781528
      ✓ should mint for amount=1
[FEE] 123093490980177 94284 1007296544
      ✓ should mint for amount=1
[FEE] 123006589752002 94260 1006841707
      ✓ should mint for amount=1
[FEE] 122923171173518 94236 1006415152
      ✓ should mint for amount=1
[FEE] 122846930615303 94215 1006015129
      ✓ should mint for amount=1
[FEE] 122775053946980 94195 1005639996
      ✓ should mint for amount=1
[FEE] 122707349432863 94176 1005288210
      ✓ should mint for amount=1
[FEE] 122642334982366 94157 1004958325
      ✓ should mint for amount=1
[FEE] 122583749428082 94141 1004648981
      ✓ should mint for amount=1
[FEE] 122528829071509 94126 1004358905
      ✓ should mint for amount=1
[FEE] 122476124251455 94111 1004086900
      ✓ should mint for amount=1
[FEE] 122426798025058 94097 1003831843
      ✓ should mint for amount=1
[FEE] 122382020954529 94085 1003592682
      ✓ should mint for amount=1
[FEE] 122339069031479 94073 1003368429
      ✓ should mint for amount=1
[FEE] 122299128744116 94062 1003158157
      ✓ should mint for amount=1
[FEE] 122260792681412 94051 1002960996
      ✓ should mint for amount=1
[FEE] 122225260525786 94041 1002776130
      ✓ should mint for amount=1
[FEE] 122192437967684 94032 1002602795
      ✓ should mint for amount=1
[FEE] 122159637775709 94022 1002440272
      ✓ should mint for amount=1
[FEE] 122130675364769 94014 1002287888
      ✓ should mint for amount=1
[FEE] 122102874583117 94006 1002145012
      ✓ should mint for amount=1
[FEE] 122076163010950 93998 1002011052
      ✓ should mint for amount=1
[FEE] 122053069733419 93992 1001885452
      ✓ should mint for amount=1
[FEE] 122030933321871 93986 1001767691
      ✓ should mint for amount=1
[FEE] 122009694029398 93980 1001657280
      ✓ should mint for amount=1
[FEE] 121990594017625 93975 1001553761
      ✓ should mint for amount=1
[FEE] 121970984516040 93969 1001456705
      ✓ should mint for amount=1
[FEE] 121954710171665 93965 1001365708
      ✓ should mint for amount=1
[FEE] 121937830979749 93960 1001280393
      ✓ should mint for amount=1
[FEE] 121922899250810 93956 1001200405
      ✓ should mint for amount=1
[FEE] 121908576600062 93952 1001125412
      ✓ should mint for amount=1
[FEE] 121896122429924 93949 1001055102
      ✓ should mint for amount=1
[FEE] 121884203471216 93946 1000989183
      ✓ should mint for amount=1
[FEE] 121872786310514 93943 1000927381
      ✓ should mint for amount=1
[FEE] 121861839608507 93940 1000869439
      ✓ should mint for amount=1
[FEE] 121851333977913 93937 1000815116
      ✓ should mint for amount=1
[FEE] 121842538955573 93935 1000764186
      ✓ should mint for amount=1
[FEE] 121834131474188 93933 1000716437
      ✓ should mint for amount=1
[FEE] 121824790429405 93930 1000671671
      ✓ should mint for amount=1
[FEE] 121817087156944 93928 1000629702
      ✓ should mint for amount=1
[FEE] 121809703176933 93926 1000590354
      ✓ should mint for amount=1
[FEE] 121802618747880 93924 1000553465
      ✓ should mint for amount=1
[FEE] 121794518205893 93921 1000518880
      ✓ should mint for amount=1
[FEE] 121789274454280 93920 1000486456
      ✓ should mint for amount=1
[FEE] 121782980714405 93918 1000456058
      ✓ should mint for amount=1
[FEE] 121778214945507 93917 1000427559
      ✓ should mint for amount=1
[FEE] 121773666042485 93916 1000400841
      ✓ should mint for amount=1
[FEE] 121769320365372 93915 1000375792
      ✓ should mint for amount=1
[FEE] 121765165248562 93914 1000352308
      ✓ should mint for amount=1
[FEE] 121761188757314 93913 1000330291
      ✓ should mint for amount=1
[FEE] 121757379809430 93912 1000309650
      ✓ should mint for amount=1
[FEE] 121753727931779 93911 1000290299
      ✓ should mint for amount=1
[FEE] 121750223260260 93910 1000272157
      ✓ should mint for amount=1
[FEE] 121746856661488 93909 1000255149
      ✓ should mint for amount=1
[FEE] 121743619367608 93908 1000239203
      ✓ should mint for amount=1
[FEE] 121740503463132 93907 1000224254
      ✓ should mint for amount=1
[FEE] 121737501276334 93906 1000210239
      ✓ should mint for amount=1
[FEE] 121734605744366 93905 1000197100
      ✓ should mint for amount=1
[FEE] 121730513826627 93903 1000184782
      ✓ should mint for amount=1
[FEE] 121727812014146 93902 1000173234
      ✓ should mint for amount=1
[FEE] 121725197981218 93901 1000162407
      ✓ should mint for amount=1
[FEE] 121722666370055 93900 1000152257
      ✓ should mint for amount=1
[FEE] 121721508233496 93900 1000142741
      ✓ should mint for amount=1
[FEE] 121719126233768 93899 1000133820
      ✓ should mint for amount=1
[FEE] 121718108311215 93899 1000125456
      ✓ should mint for amount=1
[FEE] 121717154039247 93899 1000117615
      ✓ should mint for amount=1
[FEE] 121716259401670 93899 1000110264
      ✓ should mint for amount=1
[FEE] 121715420747400 93899 1000103373
      ✓ should mint for amount=1
[FEE] 121714634425351 93899 1000096912
      ✓ should mint for amount=1
[FEE] 121713897271249 93899 1000090855
      ✓ should mint for amount=1
[FEE] 121713206242524 93899 1000085177
      ✓ should mint for amount=1
[FEE] 121712558296604 93899 1000079853
      ✓ should mint for amount=1
[FEE] 121711950877730 93899 1000074862
      ✓ should mint for amount=1
[FEE] 121708789040842 93897 1000070183
      ✓ should mint for amount=1
[FEE] 121706959074590 93896 1000065797
      ✓ should mint for amount=1
[FEE] 121706458648501 93896 1000061685
      ✓ should mint for amount=1
[FEE] 121705989499042 93896 1000057830
      ✓ should mint for amount=1
[FEE] 121704253505076 93895 1000054216
      ✓ should mint for amount=1
[FEE] 121702545023855 93894 1000050828
      ✓ should mint for amount=1
[FEE] 121702158394521 93894 1000047651
      ✓ should mint for amount=1
[FEE] 121701795982763 93894 1000044673
      ✓ should mint for amount=1
[FEE] 121701456206527 93894 1000041881
      ✓ should mint for amount=1
[FEE] 121701137605458 93894 1000039263
      ✓ should mint for amount=1
[FEE] 121699542811198 93893 1000036809
      ✓ should mint for amount=1
[FEE] 121699262790858 93893 1000034508
      ✓ should mint for amount=1
[FEE] 121699000294606 93893 1000032351
      ✓ should mint for amount=1
[FEE] 121697458084193 93892 1000030329
      ✓ should mint for amount=1
[FEE] 121697227352810 93892 1000028433
      ✓ should mint for amount=1
[FEE] 121697011102986 93892 1000026656
      ✓ should mint for amount=1
[FEE] 121696808361170 93892 1000024990
      ✓ should mint for amount=1
[FEE] 121696618275505 93892 1000023428
      ✓ should mint for amount=1
[FEE] 121696440115830 93892 1000021964
      ✓ should mint for amount=1
[FEE] 121696273030288 93892 1000020591
      ✓ should mint for amount=1
[FEE] 121696116410409 93892 1000019304
      ✓ should mint for amount=1
[FEE] 121695969647726 93892 1000018098
      ✓ should mint for amount=1
[FEE] 121695832012075 93892 1000016967
      ✓ should mint for amount=1
[FEE] 121695703016682 93892 1000015907
      ✓ should mint for amount=1
[FEE] 121695582053077 93892 1000014913
      ✓ should mint for amount=1
[FEE] 121695468634486 93892 1000013981
      ✓ should mint for amount=1
[FEE] 121695362274134 93892 1000013107
      ✓ should mint for amount=1
[FEE] 121695262606938 93892 1000012288
      ✓ should mint for amount=1
[FEE] 121693873027509 93891 1000011520
      ✓ should mint for amount=1
[FEE] 121693785408929 93891 1000010800
      ✓ should mint for amount=1
[FEE] 121693703266511 93891 1000010125
      ✓ should mint for amount=1
[FEE] 121693626235177 93891 1000009492
      ✓ should mint for amount=1
[FEE] 121693554071542 93891 1000008899
      ✓ should mint for amount=1
[FEE] 121693486410528 93891 1000008343
      ✓ should mint for amount=1
[FEE] 121693423008750 93891 1000007822
      ✓ should mint for amount=1
[FEE] 121693363501132 93891 1000007333
      ✓ should mint for amount=1
[FEE] 121693307765980 93891 1000006875
      ✓ should mint for amount=1
[FEE] 121691959326179 93890 1000006445
      ✓ should mint for amount=1
[FEE] 121691910284635 93890 1000006042
      ✓ should mint for amount=1
[FEE] 121691864285371 93890 1000005664
      ✓ should mint for amount=1
[FEE] 121691821206695 93890 1000005310
      ✓ should mint for amount=1
[FEE] 121691780805225 93890 1000004978
      ✓ should mint for amount=1
[FEE] 121691742959270 93890 1000004667
      ✓ should mint for amount=1
[FEE] 121691707425446 93890 1000004375
      ✓ should mint for amount=1
[FEE] 121691674203756 93890 1000004102
      ✓ should mint for amount=1
[FEE] 121691643050815 93890 1000003846
      ✓ should mint for amount=1
[FEE] 121690317736574 93889 1000003606
      ✓ should mint for amount=1
[FEE] 121690290356351 93889 1000003381
      ✓ should mint for amount=1
[FEE] 121690264679786 93889 1000003170
      ✓ should mint for amount=1
[FEE] 121688944477653 93888 1000002972
      ✓ should mint for amount=1
[FEE] 121690217950873 93889 1000002786
      ✓ should mint for amount=1
[FEE] 121691492883905 93890 1000002612
      ✓ should mint for amount=1
[FEE] 121691473048243 93890 1000002449
      ✓ should mint for amount=1
[FEE] 121691454429494 93890 1000002296
      ✓ should mint for amount=1
[FEE] 121691437027656 93890 1000002153
      ✓ should mint for amount=1
[FEE] 121691420599347 93890 1000002018
      ✓ should mint for amount=1
[FEE] 121691405266259 93890 1000001892
      ✓ should mint for amount=1
[FEE] 121690094800716 93889 1000001774
      ✓ should mint for amount=1
[FEE] 121688785187298 93888 1000001663
      ✓ should mint for amount=1
[FEE] 121687476425979 93887 1000001559
      ✓ should mint for amount=1
[FEE] 121687464622313 93887 1000001462
      ✓ should mint for amount=1
[FEE] 121688749654232 93888 1000001371
      ✓ should mint for amount=1
[FEE] 121687443083663 93887 1000001285
      ✓ should mint for amount=1
[FEE] 121687433348680 93887 1000001205
      ✓ should mint for amount=1
[FEE] 121687424222133 93887 1000001130
      ✓ should mint for amount=1
[FEE] 121688711687394 93888 1000001059
      ✓ should mint for amount=1
[FEE] 121687407550975 93887 1000000993
      ✓ should mint for amount=1
[FEE] 121688696111255 93888 1000000931
      ✓ should mint for amount=1
[FEE] 121687392948501 93887 1000000873
      ✓ should mint for amount=1
[FEE] 121687386255700 93887 1000000818
      ✓ should mint for amount=1
[FEE] 121687380049648 93887 1000000767
      ✓ should mint for amount=1
[FEE] 121686078104041 93886 1000000719
      ✓ should mint for amount=1
[FEE] 121687368732731 93887 1000000674
      ✓ should mint for amount=1
[FEE] 121687363621865 93887 1000000632
      ✓ should mint for amount=1
[FEE] 121687358876060 93887 1000000593
      ✓ should mint for amount=1
[FEE] 121687354373631 93887 1000000556
      ✓ should mint for amount=1
[FEE] 121688646218937 93888 1000000521
      ✓ should mint for amount=1
[FEE] 121688642203213 93888 1000000488
      ✓ should mint for amount=1
[FEE] 121688638552556 93888 1000000458
      ✓ should mint for amount=1
[FEE] 121689931127828 93889 1000000429
      ✓ should mint for amount=1
[FEE] 121691223946408 93890 1000000402
      ✓ should mint for amount=1
[FEE] 121691220904129 93890 1000000377
      ✓ should mint for amount=1
[FEE] 121691217983541 93890 1000000353
      ✓ should mint for amount=1
[FEE] 121691215306335 93890 1000000331
      ✓ should mint for amount=1
[FEE] 121691212750820 93890 1000000310
      ✓ should mint for amount=1
[FEE] 121689914334625 93889 1000000291
      ✓ should mint for amount=1
[FEE] 121688616040168 93888 1000000273
      ✓ should mint for amount=1
[FEE] 121687317867445 93887 1000000256
      ✓ should mint for amount=1
[FEE] 121688612024445 93888 1000000240
      ✓ should mint for amount=1
[FEE] 121687314095139 93887 1000000225
      ✓ should mint for amount=1
[FEE] 121687312391517 93887 1000000211
      ✓ should mint for amount=1
[FEE] 121687310809582 93887 1000000198
      ✓ should mint for amount=1
[FEE] 121688605453261 93888 1000000186
      ✓ should mint for amount=1
[FEE] 121689900096909 93889 1000000174
      ✓ should mint for amount=1
[FEE] 121691194862217 93890 1000000163
      ✓ should mint for amount=1
[FEE] 121691193645306 93890 1000000153
      ✓ should mint for amount=1
[FEE] 121689896324523 93889 1000000143
      ✓ should mint for amount=1
[FEE] 121689895229314 93889 1000000134
      ✓ should mint for amount=1
[FEE] 121688598151946 93888 1000000126
      ✓ should mint for amount=1
[FEE] 121689893282276 93889 1000000118
      ✓ should mint for amount=1
[FEE] 121689892430447 93889 1000000111
      ✓ should mint for amount=1
[FEE] 121691187682438 93890 1000000104
      ✓ should mint for amount=1
[FEE] 121689890848478 93889 1000000098
      ✓ should mint for amount=1
[FEE] 121691186222144 93890 1000000092
      ✓ should mint for amount=1
[FEE] 121691185491997 93890 1000000086
      ✓ should mint for amount=1
[FEE] 121691184883541 93890 1000000081
      ✓ should mint for amount=1
[FEE] 121689888171301 93889 1000000076
      ✓ should mint for amount=1
[FEE] 121691183666629 93890 1000000071
      ✓ should mint for amount=1
[FEE] 121691183179864 93890 1000000067
      ✓ should mint for amount=1
[FEE] 121691182693100 93890 1000000063
      ✓ should mint for amount=1
[FEE] 121689886102573 93889 1000000059
      ✓ should mint for amount=1
[FEE] 121688589512057 93888 1000000055
      ✓ should mint for amount=1
[FEE] 121689885250744 93889 1000000052
      ✓ should mint for amount=1
[FEE] 121688588781925 93888 1000000049
      ✓ should mint for amount=1
[FEE] 121687292313115 93887 1000000046
      ✓ should mint for amount=1
[FEE] 121688588051794 93888 1000000043
      ✓ should mint for amount=1
[FEE] 121689883790465 93889 1000000040
      ✓ should mint for amount=1
[FEE] 121691179650820 93890 1000000038
      ✓ should mint for amount=1
[FEE] 121691179407438 93890 1000000036
      ✓ should mint for amount=1
[FEE] 121691179164056 93890 1000000034
      ✓ should mint for amount=1
[FEE] 121689882816946 93889 1000000032
      ✓ should mint for amount=1
[FEE] 121691178677291 93890 1000000030
      ✓ should mint for amount=1
[FEE] 121691178433909 93890 1000000028
      ✓ should mint for amount=1
[FEE] 121691178190526 93890 1000000026
      ✓ should mint for amount=1
[FEE] 121691177947144 93890 1000000024
      ✓ should mint for amount=1
[FEE] 121691177825453 93890 1000000023
      ✓ should mint for amount=1
[FEE] 121691177703762 93890 1000000022
      ✓ should mint for amount=1
[FEE] 121691177582070 93890 1000000021
      ✓ should mint for amount=1
[FEE] 121691177460379 93890 1000000020
      ✓ should mint for amount=1
[FEE] 121691177338688 93890 1000000019
      ✓ should mint for amount=1
[FEE] 121689881113288 93889 1000000018
      ✓ should mint for amount=1
[FEE] 121689880991598 93889 1000000017
      ✓ should mint for amount=1
[FEE] 121691176973615 93890 1000000016
      ✓ should mint for amount=1
[FEE] 121691176851923 93890 1000000015
      ✓ should mint for amount=1
[FEE] 121691176730232 93890 1000000014
      ✓ should mint for amount=1
[FEE] 121689880504839 93889 1000000013
      ✓ should mint for amount=1
[FEE] 121691176486850 93890 1000000012
      ✓ should mint for amount=1
[FEE] 121689880261459 93889 1000000011
      ✓ should mint for amount=1
[FEE] 121691176243468 93890 1000000010
      ✓ should mint for amount=1
[FEE] 121691176121776 93890 1000000009
      ✓ should mint for amount=1
[FEE] 121691176000085 93890 1000000008
      ✓ should mint for amount=1
[FEE] 121691176000085 93890 1000000008
      ✓ should mint for amount=1
[FEE] 121691176000085 93890 1000000008
      ✓ should mint for amount=1
[FEE] 121691176000085 93890 1000000008
      ✓ should mint for amount=1
[FEE] 121691176000085 93890 1000000008
      ✓ should mint for amount=1
[FEE] 121691176000085 93890 1000000008
      ✓ should mint for amount=1
[FEE] 121691176000085 93890 1000000008
      ✓ should mint for amount=1
[FEE] 121691176000085 93890 1000000008
      ✓ should mint for amount=1
[FEE] 121691176000085 93890 1000000008
      ✓ should mint for amount=1
[FEE] 121691176000085 93890 1000000008
      ✓ should mint for amount=1
[FEE] 121691176000085 93890 1000000008
      ✓ should mint for amount=1
[FEE] 121691176000085 93890 1000000008
      ✓ should mint for amount=1
[FEE] 121689879896389 93889 1000000008
      ✓ should mint for amount=1
[FEE] 121691176000085 93890 1000000008
      ✓ should mint for amount=1
[FEE] 121691176000085 93890 1000000008
      ✓ should mint for amount=1
[FEE] 121689879896389 93889 1000000008
      ✓ should mint for amount=1
[FEE] 121689879896389 93889 1000000008
      ✓ should mint for amount=1
[FEE] 121691176000085 93890 1000000008
      ✓ should mint for amount=1
[FEE] 121691176000085 93890 1000000008
      ✓ should mint for amount=1
[FEE] 121691176000085 93890 1000000008
      ✓ should mint for amount=1
[FEE] 121691176000085 93890 1000000008
      ✓ should mint for amount=1
[FEE] 121691176000085 93890 1000000008
      ✓ should mint for amount=1
[FEE] 121691176000085 93890 1000000008
      ✓ should mint for amount=1
[FEE] 121691176000085 93890 1000000008
      ✓ should mint for amount=1
[FEE] 121689879896389 93889 1000000008
      ✓ should mint for amount=1
[FEE] 121691176000085 93890 1000000008
      ✓ should mint for amount=1
[FEE] 121691176000085 93890 1000000008
      ✓ should mint for amount=1
[FEE] 121691176000085 93890 1000000008
      ✓ should mint for amount=1
[FEE] 121691176000085 93890 1000000008
      ✓ should mint for amount=1
[FEE] 121691176000085 93890 1000000008
      ✓ should mint for amount=1
[FEE] 121691176000085 93890 1000000008
      ✓ should mint for amount=1
[FEE] 121691176000085 93890 1000000008
      ✓ should mint for amount=1
[FEE] 121691176000085 93890 1000000008
      ✓ should mint for amount=1
[FEE] 121691176000085 93890 1000000008
      ✓ should mint for amount=1
[FEE] 121691176000085 93890 1000000008
      ✓ should mint for amount=1
[FEE] 121691176000085 93890 1000000008
      ✓ should mint for amount=1
[FEE] 121691176000085 93890 1000000008
      ✓ should mint for amount=1
[FEE] 121691176000085 93890 1000000008
      ✓ should mint for amount=1
[FEE] 121691176000085 93890 1000000008
      ✓ should mint for amount=1
[FEE] 121691176000085 93890 1000000008
      ✓ should mint for amount=1
[FEE] 121691176000085 93890 1000000008
      ✓ should mint for amount=1
[FEE] 121691176000085 93890 1000000008
      ✓ should mint for amount=1
[FEE] 121691176000085 93890 1000000008
      ✓ should mint for amount=1
[FEE] 121689879896389 93889 1000000008
      ✓ should mint for amount=1
[FEE] 121691176000085 93890 1000000008
      ✓ should mint for amount=1
[FEE] 121691176000085 93890 1000000008
      ✓ should mint for amount=1
[FEE] 121689879896389 93889 1000000008
      ✓ should mint for amount=1
[FEE] 121691176000085 93890 1000000008
      ✓ should mint for amount=1
[FEE] 121691176000085 93890 1000000008
      ✓ should mint for amount=1
[FEE] 121691176000085 93890 1000000008
      ✓ should mint for amount=1
[FEE] 121691176000085 93890 1000000008
      ✓ should mint for amount=1
[FEE] 121691176000085 93890 1000000008
      ✓ should mint for amount=1
[FEE] 121691176000085 93890 1000000008
      ✓ should mint for amount=1
[FEE] 121691176000085 93890 1000000008
      ✓ should mint for amount=1
[FEE] 121691176000085 93890 1000000008
      ✓ should mint for amount=1
[FEE] 121691176000085 93890 1000000008
      ✓ should mint for amount=1
[FEE] 121691176000085 93890 1000000008
      ✓ should mint for amount=1
[FEE] 121691176000085 93890 1000000008
      ✓ should mint for amount=1
[FEE] 121691176000085 93890 1000000008
      ✓ should mint for amount=1
[FEE] 121691176000085 93890 1000000008
      ✓ should mint for amount=1
[FEE] 121691176000085 93890 1000000008
      ✓ should mint for amount=1
[FEE] 121691176000085 93890 1000000008
      ✓ should mint for amount=1
[FEE] 121691176000085 93890 1000000008
      ✓ should mint for amount=1
[FEE] 121691176000085 93890 1000000008
      ✓ should mint for amount=1
[FEE] 121691176000085 93890 1000000008
      ✓ should mint for amount=1
[FEE] 121691176000085 93890 1000000008
      ✓ should mint for amount=1
[FEE] 121689879896389 93889 1000000008
      ✓ should mint for amount=1
[FEE] 121689879896389 93889 1000000008
      ✓ should mint for amount=1
[FEE] 121691176000085 93890 1000000008
      ✓ should mint for amount=1
[FEE] 121691176000085 93890 1000000008
      ✓ should mint for amount=1
[FEE] 121689879896389 93889 1000000008
      ✓ should mint for amount=1
[FEE] 121691176000085 93890 1000000008
      ✓ should mint for amount=1
[FEE] 121691176000085 93890 1000000008
      ✓ should mint for amount=1
[FEE] 121691176000085 93890 1000000008
      ✓ should mint for amount=1
[FEE] 121689879896389 93889 1000000008
      ✓ should mint for amount=1
[FEE] 121691176000085 93890 1000000008
      ✓ should mint for amount=1
[FEE] 121691176000085 93890 1000000008
      ✓ should mint for amount=1
[FEE] 121691176000085 93890 1000000008
      ✓ should mint for amount=1
[FEE] 121691176000085 93890 1000000008
      ✓ should mint for amount=1
[FEE] 121691176000085 93890 1000000008
      ✓ should mint for amount=1
[FEE] 121691176000085 93890 1000000008
      ✓ should mint for amount=1
[FEE] 121691176000085 93890 1000000008
      ✓ should mint for amount=1
[FEE] 121691176000085 93890 1000000008
      ✓ should mint for amount=1
[FEE] 121691176000085 93890 1000000008
      ✓ should mint for amount=1
[FEE] 121689879896389 93889 1000000008
      ✓ should mint for amount=1
[FEE] 121689879896389 93889 1000000008
      ✓ should mint for amount=1
[FEE] 121691176000085 93890 1000000008
      ✓ should mint for amount=1
[FEE] 121691176000085 93890 1000000008
      ✓ should mint for amount=1
[FEE] 121691176000085 93890 1000000008
      ✓ should mint for amount=1
[FEE] 121691176000085 93890 1000000008
      ✓ should mint for amount=1
[FEE] 121691176000085 93890 1000000008
      ✓ should mint for amount=1
[FEE] 121691176000085 93890 1000000008
      ✓ should mint for amount=1
[FEE] 121691176000085 93890 1000000008
      ✓ should mint for amount=1
[FEE] 121689879896389 93889 1000000008
      ✓ should mint for amount=1
[FEE] 121691176000085 93890 1000000008
      ✓ should mint for amount=1
[FEE] 121691176000085 93890 1000000008
      ✓ should mint for amount=1
[FEE] 121691176000085 93890 1000000008
      ✓ should mint for amount=1
[FEE] 121691176000085 93890 1000000008
      ✓ should mint for amount=1
[FEE] 121691176000085 93890 1000000008
      ✓ should mint for amount=1
[FEE] 121689879896389 93889 1000000008
      ✓ should mint for amount=1
[FEE] 121691176000085 93890 1000000008
      ✓ should mint for amount=1
[FEE] 121689879896389 93889 1000000008
      ✓ should mint for amount=1
[FEE] 121691176000085 93890 1000000008
      ✓ should mint for amount=1
[FEE] 121691176000085 93890 1000000008
      ✓ should mint for amount=1
[FEE] 121691176000085 93890 1000000008
      ✓ should mint for amount=1
[FEE] 121691176000085 93890 1000000008
      ✓ should mint for amount=1
[FEE] 121691176000085 93890 1000000008
      ✓ should mint for amount=1
[FEE] 121691176000085 93890 1000000008
      ✓ should mint for amount=1
[FEE] 121691176000085 93890 1000000008
      ✓ should mint for amount=1
[FEE] 121691176000085 93890 1000000008
      ✓ should mint for amount=1
[FEE] 121689879896389 93889 1000000008
      ✓ should mint for amount=1
[FEE] 121689879896389 93889 1000000008
      ✓ should mint for amount=1
[FEE] 121691176000085 93890 1000000008
      ✓ should mint for amount=1
[FEE] 121691176000085 93890 1000000008
      ✓ should mint for amount=1
[FEE] 121691176000085 93890 1000000008
      ✓ should mint for amount=1
[FEE] 121691176000085 93890 1000000008
      ✓ should mint for amount=1
[FEE] 121691176000085 93890 1000000008
      ✓ should mint for amount=1
[FEE] 121689879896389 93889 1000000008
      ✓ should mint for amount=1
[FEE] 121689879896389 93889 1000000008
      ✓ should mint for amount=1
[FEE] 121691176000085 93890 1000000008
      ✓ should mint for amount=1
[FEE] 121691176000085 93890 1000000008
      ✓ should mint for amount=1
[FEE] 121691176000085 93890 1000000008
      ✓ should mint for amount=1
[FEE] 121691176000085 93890 1000000008
      ✓ should mint for amount=1
[FEE] 121691176000085 93890 1000000008
      ✓ should mint for amount=1
[FEE] 121691176000085 93890 1000000008
      ✓ should mint for amount=1
[FEE] 121691176000085 93890 1000000008
      ✓ should mint for amount=1
[FEE] 121689879896389 93889 1000000008
      ✓ should mint for amount=1
[FEE] 121691176000085 93890 1000000008
      ✓ should mint for amount=1
[FEE] 121691176000085 93890 1000000008
      ✓ should mint for amount=1
[FEE] 121691176000085 93890 1000000008
      ✓ should mint for amount=1
[FEE] 121689879896389 93889 1000000008
      ✓ should mint for amount=1
[FEE] 121689879896389 93889 1000000008
      ✓ should mint for amount=1
[FEE] 121691176000085 93890 1000000008
      ✓ should mint for amount=1
[FEE] 121691176000085 93890 1000000008
      ✓ should mint for amount=1
[FEE] 121691176000085 93890 1000000008
      ✓ should mint for amount=1
[FEE] 121691176000085 93890 1000000008
      ✓ should mint for amount=1
[FEE] 121691176000085 93890 1000000008
      ✓ should mint for amount=1
[FEE] 121691176000085 93890 1000000008
      ✓ should mint for amount=1
[FEE] 121691176000085 93890 1000000008
      ✓ should mint for amount=1
[FEE] 121691176000085 93890 1000000008
      ✓ should mint for amount=1
[FEE] 121689879896389 93889 1000000008
      ✓ should mint for amount=1
[FEE] 121691176000085 93890 1000000008
      ✓ should mint for amount=1
[FEE] 121691176000085 93890 1000000008
      ✓ should mint for amount=1
[FEE] 121691176000085 93890 1000000008
      ✓ should mint for amount=1
[FEE] 121691176000085 93890 1000000008
      ✓ should mint for amount=1
[FEE] 121691176000085 93890 1000000008
      ✓ should mint for amount=1
[FEE] 121691176000085 93890 1000000008
      ✓ should mint for amount=1
[FEE] 121691176000085 93890 1000000008
      ✓ should mint for amount=1
[FEE] 121689879896389 93889 1000000008
      ✓ should mint for amount=1
[FEE] 121691176000085 93890 1000000008
      ✓ should mint for amount=1
[FEE] 121691176000085 93890 1000000008
      ✓ should mint for amount=1
[FEE] 121691176000085 93890 1000000008
      ✓ should mint for amount=1
[FEE] 121691176000085 93890 1000000008
      ✓ should mint for amount=1
[FEE] 121691176000085 93890 1000000008
      ✓ should mint for amount=1
[FEE] 121691176000085 93890 1000000008
      ✓ should mint for amount=1
[FEE] 121691176000085 93890 1000000008
      ✓ should mint for amount=1
[FEE] 121691176000085 93890 1000000008
      ✓ should mint for amount=1
[FEE] 121689879896389 93889 1000000008
      ✓ should mint for amount=1
[FEE] 121688583792694 93888 1000000008
      ✓ should mint for amount=1
[FEE] 121688583792694 93888 1000000008
      ✓ should mint for amount=1
[FEE] 121688583792694 93888 1000000008
      ✓ should mint for amount=1
[FEE] 121688583792694 93888 1000000008
      ✓ should mint for amount=1
[FEE] 121689879896389 93889 1000000008
      ✓ should mint for amount=1
[FEE] 121689879896389 93889 1000000008
      ✓ should mint for amount=1
[FEE] 121691176000085 93890 1000000008
      ✓ should mint for amount=1
[FEE] 121689879896389 93889 1000000008
      ✓ should mint for amount=1
[FEE] 121688583792694 93888 1000000008
      ✓ should mint for amount=1
[FEE] 121689879896389 93889 1000000008
      ✓ should mint for amount=1

·----------------------------------------|---------------------------|-------------|----------------------------·
|          [90mSolc version: 0.8.17[39m          ·  [90mOptimizer enabled: true[39m  ·  [90mRuns: 200[39m  ·  [90mBlock limit: 8000000 gas[39m  │
·········································|···························|·············|·····························
|  [32m[1mMethods[22m[39m                                                                                                      │
···················|·····················|·············|·············|·············|··············|··············
|  [1mContract[22m        ·  [1mMethod[22m             ·  [32mMin[39m        ·  [32mMax[39m        ·  [32mAvg[39m        ·  [1m# calls[22m     ·  [1musd (avg)[22m  │
···················|·····················|·············|·············|·············|··············|··············
|  [90mXPowerThorTest[39m  ·  init               ·          -  ·          -  ·      67353  ·           [90m1[39m  ·          [32m[90m-[32m[39m  │
···················|·····················|·············|·············|·············|··············|··············
|  [90mXPowerThorTest[39m  ·  mint               ·     [36m121697[39m  ·     [31m229547[39m  ·     125193  ·         [90m460[39m  ·          [32m[90m-[32m[39m  │
···················|·····················|·············|·············|·············|··············|··············
|  [90mXPowerThorTest[39m  ·  transferOwnership  ·          -  ·          -  ·      28656  ·           [90m1[39m  ·          [32m[90m-[32m[39m  │
···················|·····················|·············|·············|·············|··············|··············
|  [32m[1mDeployments[22m[39m                           ·                                         ·  [1m% of limit[22m  ·             │
·········································|·············|·············|·············|··············|··············
|  XPowerThorTest                        ·          -  ·          -  ·    3331941  ·      [90m41.6 %[39m  ·          [32m[90m-[32m[39m  │
·----------------------------------------|-------------|-------------|-------------|--------------|-------------·

  460 passing (18s)

