
> xpower@6.0.0 test-gas
> REPORT_GAS=true npm test ./test/contracts/XPower.fees.1-thor.test.js


> xpower@6.0.0 test
> hardhat test ./test/contracts/XPower.fees.1-thor.test.js


  XPowerThor
    mint
[FEE] 348822982083776 162305 1658186771
      ✓ should mint for amount=1
[FEE] 338640299023118 158029 1653339728
      ✓ should mint for amount=1
[FEE] 328267693824574 154021 1644403755
      ✓ should mint for amount=1
[FEE] 317874806960340 150263 1632165932
      ✓ should mint for amount=1
[FEE] 307594663526335 146740 1617299813
      ✓ should mint for amount=1
[FEE] 297525463179545 143437 1600380316
      ✓ should mint for amount=1
[FEE] 287739407822794 140340 1581896728
      ✓ should mint for amount=1
[FEE] 278290164138733 137437 1562264070
      ✓ should mint for amount=1
[FEE] 269213150680615 134716 1541833033
      ✓ should mint for amount=1
[FEE] 260527271117884 132164 1520898637
      ✓ should mint for amount=1
[FEE] 252247802409934 129772 1499707792
      ✓ should mint for amount=1
[FEE] 244378740146226 127530 1478465914
      ✓ should mint for amount=1
[FEE] 236916833418607 125428 1457342655
      ✓ should mint for amount=1
[FEE] 229855085183373 123457 1436476916
      ✓ should mint for amount=1
[FEE] 223185782220023 121610 1415981212
      ✓ should mint for amount=1
[FEE] 216894073259811 119878 1395945460
      ✓ should mint for amount=1
[FEE] 210966237326022 118254 1376440275
      ✓ should mint for amount=1
[FEE] 205388373741262 116732 1357519836
      ✓ should mint for amount=1
[FEE] 200143378847606 115305 1339224364
      ✓ should mint for amount=1
[FEE] 195214946973588 113967 1321582275
      ✓ should mint for amount=1
[FEE] 190587818313400 112713 1304612045
      ✓ should mint for amount=1
[FEE] 186244621571296 111537 1288323816
      ✓ should mint for amount=1
[FEE] 182169508036617 110434 1272720786
      ✓ should mint for amount=1
[FEE] 178346597793754 109399 1257800408
      ✓ should mint for amount=1
[FEE] 174764954262744 108430 1243555419
      ✓ should mint for amount=1
[FEE] 171407266301752 107521 1229974728
      ✓ should mint for amount=1
[FEE] 168261326800476 106669 1217044169
      ✓ should mint for amount=1
[FEE] 165315155017164 105871 1204747151
      ✓ should mint for amount=1
[FEE] 162553955662484 105122 1193065210
      ✓ should mint for amount=1
[FEE] 159967959059709 104420 1181978480
      ✓ should mint for amount=1
[FEE] 157546152044522 103762 1171466087
      ✓ should mint for amount=1
[FEE] 155277869990355 103145 1161506486
      ✓ should mint for amount=1
[FEE] 153154296601834 102567 1152077743
      ✓ should mint for amount=1
[FEE] 151165442617877 102025 1143157766
      ✓ should mint for amount=1
[FEE] 149303144327864 101517 1134724504
      ✓ should mint for amount=1
[FEE] 147558082216950 101040 1126756103
      ✓ should mint for amount=1
[FEE] 145925627299244 100594 1119231039
      ✓ should mint for amount=1
[FEE] 144395599582571 100175 1112128222
      ✓ should mint for amount=1
[FEE] 142963904897631 99783 1105427080
      ✓ should mint for amount=1
[FEE] 141622377726631 99415 1099107621
      ✓ should mint for amount=1
[FEE] 140365979280898 99070 1093150484
      ✓ should mint for amount=1
[FEE] 139189888601925 98747 1087536975
      ✓ should mint for amount=1
[FEE] 138088091266903 98444 1082249090
      ✓ should mint for amount=1
[FEE] 137053402637149 98158 1077269529
      ✓ should mint for amount=1
[FEE] 136085826573709 97891 1072581705
      ✓ should mint for amount=1
[FEE] 135179935889417 97641 1068169743
      ✓ should mint for amount=1
[FEE] 134331876610907 97407 1064018474
      ✓ should mint for amount=1
[FEE] 133536582251431 97187 1060113426
      ✓ should mint for amount=1
[FEE] 132791896745173 96981 1056440813
      ✓ should mint for amount=1
[FEE] 132094423323515 96788 1052987515
      ✓ should mint for amount=1
[FEE] 131440900728500 96607 1049741061
      ✓ should mint for amount=1
[FEE] 130828195489839 96437 1046689612
      ✓ should mint for amount=1
[FEE] 130254646592514 96278 1043821936
      ✓ should mint for amount=1
[FEE] 129715992515285 96128 1041127387
      ✓ should mint for amount=1
[FEE] 129213475950518 95989 1038595883
      ✓ should mint for amount=1
[FEE] 128741686058059 95858 1036217884
      ✓ should mint for amount=1
[FEE] 128299350831621 95735 1033984365
      ✓ should mint for amount=1
[FEE] 127885274914546 95620 1031886799
      ✓ should mint for amount=1
[FEE] 127496999973054 95512 1029917129
      ✓ should mint for amount=1
[FEE] 127132145628235 95410 1028067749
      ✓ should mint for amount=1
[FEE] 126791064511030 95315 1026331481
      ✓ should mint for amount=1
[FEE] 126471503880611 95226 1024701555
      ✓ should mint for amount=1
[FEE] 126172601912784 95143 1023171589
      ✓ should mint for amount=1
[FEE] 125892224991320 95065 1021735566
      ✓ should mint for amount=1
[FEE] 125629618741551 94992 1020387817
      ✓ should mint for amount=1
[FEE] 125384075286560 94924 1019123005
      ✓ should mint for amount=1
[FEE] 125153610688631 94860 1017936103
      ✓ should mint for amount=1
[FEE] 124937605675716 94800 1016822379
      ✓ should mint for amount=1
[FEE] 124735479279355 94744 1015777382
      ✓ should mint for amount=1
[FEE] 124544055475979 94690 1014796922
      ✓ should mint for amount=1
[FEE] 124365458109411 94640 1013877060
      ✓ should mint for amount=1
[FEE] 124196580902570 94592 1013014091
      ✓ should mint for amount=1
[FEE] 124039603435764 94548 1012204531
      ✓ should mint for amount=1
[FEE] 123891481065379 94506 1011445106
      ✓ should mint for amount=1
[FEE] 123754442986114 94468 1010732739
      ✓ should mint for amount=1
[FEE] 123625498898546 94432 1010064538
      ✓ should mint for amount=1
[FEE] 123505613213838 94399 1009437785
      ✓ should mint for amount=1
[FEE] 123393153588233 94368 1008849928
      ✓ should mint for amount=1
[FEE] 123285203831821 94337 1008298569
      ✓ should mint for amount=1
[FEE] 123185402972472 94309 1007781457
      ✓ should mint for amount=1
[FEE] 123092177231977 94283 1007296477
      ✓ should mint for amount=1
[FEE] 123005277084080 94259 1006841644
      ✓ should mint for amount=1
[FEE] 122923163967280 94236 1006415093
      ✓ should mint for amount=1
[FEE] 122846923899121 94215 1006015074
      ✓ should mint for amount=1
[FEE] 122775047598483 94195 1005639944
      ✓ should mint for amount=1
[FEE] 122707343573894 94176 1005288162
      ✓ should mint for amount=1
[FEE] 122644934550952 94159 1004958280
      ✓ should mint for amount=1
[FEE] 122586348561774 94143 1004648939
      ✓ should mint for amount=1
[FEE] 122531427698080 94128 1004358865
      ✓ should mint for amount=1
[FEE] 122480023818353 94114 1004086862
      ✓ should mint for amount=1
[FEE] 122430696966794 94100 1003831808
      ✓ should mint for amount=1
[FEE] 122384618450642 94087 1003592649
      ✓ should mint for amount=1
[FEE] 122341666190657 94075 1003368398
      ✓ should mint for amount=1
[FEE] 122301725480584 94064 1003158127
      ✓ should mint for amount=1
[FEE] 122264689092437 94054 1002960968
      ✓ should mint for amount=1
[FEE] 122229156462139 94044 1002776104
      ✓ should mint for amount=1
[FEE] 122196333352239 94035 1002602770
      ✓ should mint for amount=1
[FEE] 122163532772381 94025 1002440249
      ✓ should mint for amount=1
[FEE] 122134570012874 94017 1002287867
      ✓ should mint for amount=1
[FEE] 122105469913921 94008 1002144992
      ✓ should mint for amount=1
[FEE] 122080056826736 94001 1002011033
      ✓ should mint for amount=1
[FEE] 122054366088001 93993 1001885434
      ✓ should mint for amount=1
[FEE] 122030931251006 93986 1001767674
      ✓ should mint for amount=1
[FEE] 122008393828802 93979 1001657264
      ✓ should mint for amount=1
[FEE] 121989294073103 93974 1001553746
      ✓ should mint for amount=1
[FEE] 121970982810930 93969 1001456691
      ✓ should mint for amount=1
[FEE] 121954708588416 93965 1001365695
      ✓ should mint for amount=1
[FEE] 121937829518366 93960 1001280381
      ✓ should mint for amount=1
[FEE] 121921600251745 93955 1001200394
      ✓ should mint for amount=1
[FEE] 121907277698253 93951 1001125401
      ✓ should mint for amount=1
[FEE] 121894823741053 93948 1001055092
      ✓ should mint for amount=1
[FEE] 121882904867822 93945 1000989173
      ✓ should mint for amount=1
[FEE] 121871487787261 93942 1000927371
      ✓ should mint for amount=1
[FEE] 121860541160391 93939 1000869429
      ✓ should mint for amount=1
[FEE] 121848738440097 93935 1000815106
      ✓ should mint for amount=1
[FEE] 121839943671551 93933 1000764177
      ✓ should mint for amount=1
[FEE] 121830239403457 93930 1000716429
      ✓ should mint for amount=1
[FEE] 121822195628741 93928 1000671664
      ✓ should mint for amount=1
[FEE] 121814492465091 93926 1000629695
      ✓ should mint for amount=1
[FEE] 121807108708831 93924 1000590348
      ✓ should mint for amount=1
[FEE] 121800024375417 93922 1000553459
      ✓ should mint for amount=1
[FEE] 121793220821035 93920 1000518875
      ✓ should mint for amount=1
[FEE] 121787977111454 93919 1000486451
      ✓ should mint for amount=1
[FEE] 121782980105768 93918 1000456053
      ✓ should mint for amount=1
[FEE] 121778214336877 93917 1000427554
      ✓ should mint for amount=1
[FEE] 121772368810650 93915 1000400836
      ✓ should mint for amount=1
[FEE] 121766726575266 93913 1000375787
      ✓ should mint for amount=1
[FEE] 121762571519338 93912 1000352303
      ✓ should mint for amount=1
[FEE] 121758595206886 93911 1000330287
      ✓ should mint for amount=1
[FEE] 121754786312513 93910 1000309646
      ✓ should mint for amount=1
[FEE] 121751134485030 93909 1000290295
      ✓ should mint for amount=1
[FEE] 121747629860544 93908 1000272153
      ✓ should mint for amount=1
[FEE] 121742966871485 93906 1000255145
      ✓ should mint for amount=1
[FEE] 121739729761324 93905 1000239200
      ✓ should mint for amount=1
[FEE] 121735317520641 93903 1000224251
      ✓ should mint for amount=1
[FEE] 121732315406506 93902 1000210236
      ✓ should mint for amount=1
[FEE] 121730716301803 93902 1000197097
      ✓ should mint for amount=1
[FEE] 121729217118324 93902 1000184779
      ✓ should mint for amount=1
[FEE] 121727811649026 93902 1000173231
      ✓ should mint for amount=1
[FEE] 121726494051986 93902 1000162405
      ✓ should mint for amount=1
[FEE] 121723962427670 93901 1000152255
      ✓ should mint for amount=1
[FEE] 121720211701398 93899 1000142739
      ✓ should mint for amount=1
[FEE] 121719125990362 93899 1000133818
      ✓ should mint for amount=1
[FEE] 121718108189512 93899 1000125455
      ✓ should mint for amount=1
[FEE] 121717153917544 93899 1000117614
      ✓ should mint for amount=1
[FEE] 121716259279967 93899 1000110263
      ✓ should mint for amount=1
[FEE] 121714124388031 93898 1000103372
      ✓ should mint for amount=1
[FEE] 121713338074356 93898 1000096911
      ✓ should mint for amount=1
[FEE] 121712600928105 93898 1000090854
      ✓ should mint for amount=1
[FEE] 121710613692656 93897 1000085176
      ✓ should mint for amount=1
[FEE] 121709965882238 93897 1000079853
      ✓ should mint for amount=1
[FEE] 121708062275587 93896 1000074862
      ✓ should mint for amount=1
[FEE] 121707492846192 93896 1000070183
      ✓ should mint for amount=1
[FEE] 121706959074590 93896 1000065797
      ✓ should mint for amount=1
[FEE] 121706458648501 93896 1000061685
      ✓ should mint for amount=1
[FEE] 121705989499042 93896 1000057830
      ✓ should mint for amount=1
[FEE] 121705549679031 93896 1000054216
      ✓ should mint for amount=1
[FEE] 121705137362983 93896 1000050828
      ✓ should mint for amount=1
[FEE] 121704750725413 93896 1000047651
      ✓ should mint for amount=1
[FEE] 121704388305935 93896 1000044673
      ✓ should mint for amount=1
[FEE] 121704048522462 93896 1000041881
      ✓ should mint for amount=1
[FEE] 121703729914607 93896 1000039263
      ✓ should mint for amount=1
[FEE] 121703431265380 93896 1000036809
      ✓ should mint for amount=1
[FEE] 121703151236092 93896 1000034508
      ✓ should mint for amount=1
[FEE] 121702888731453 93896 1000032351
      ✓ should mint for amount=1
[FEE] 121702642656173 93896 1000030329
      ✓ should mint for amount=1
[FEE] 121701115774423 93895 1000028433
      ✓ should mint for amount=1
[FEE] 121699603379455 93894 1000026656
      ✓ should mint for amount=1
[FEE] 121699400633320 93894 1000024990
      ✓ should mint for amount=1
[FEE] 121699210543607 93894 1000023428
      ✓ should mint for amount=1
[FEE] 121699032380136 93894 1000021964
      ✓ should mint for amount=1
[FEE] 121698865291035 93894 1000020591
      ✓ should mint for amount=1
[FEE] 121697412539115 93893 1000019304
      ✓ should mint for amount=1
[FEE] 121697265774868 93893 1000018098
      ✓ should mint for amount=1
[FEE] 121695832012075 93892 1000016967
      ✓ should mint for amount=1
[FEE] 121694406892379 93891 1000015907
      ✓ should mint for amount=1
[FEE] 121694285930063 93891 1000014913
      ✓ should mint for amount=1
[FEE] 121694172512680 93891 1000013981
      ✓ should mint for amount=1
[FEE] 121694066153460 93891 1000013107
      ✓ should mint for amount=1
[FEE] 121693966487326 93891 1000012288
      ✓ should mint for amount=1
[FEE] 121693873027509 93891 1000011520
      ✓ should mint for amount=1
[FEE] 121693785408929 93891 1000010800
      ✓ should mint for amount=1
[FEE] 121693703266511 93891 1000010125
      ✓ should mint for amount=1
[FEE] 121693626235177 93891 1000009492
      ✓ should mint for amount=1
[FEE] 121693554071542 93891 1000008899
      ✓ should mint for amount=1
[FEE] 121693486410528 93891 1000008343
      ✓ should mint for amount=1
[FEE] 121693423008750 93891 1000007822
      ✓ should mint for amount=1
[FEE] 121693363501132 93891 1000007333
      ✓ should mint for amount=1
[FEE] 121693307765980 93891 1000006875
      ✓ should mint for amount=1
[FEE] 121693255438218 93891 1000006445
      ✓ should mint for amount=1
[FEE] 121691910284635 93890 1000006042
      ✓ should mint for amount=1
[FEE] 121691864285371 93890 1000005664
      ✓ should mint for amount=1
[FEE] 121691821206695 93890 1000005310
      ✓ should mint for amount=1
[FEE] 121691780805225 93890 1000004978
      ✓ should mint for amount=1
[FEE] 121691742959270 93890 1000004667
      ✓ should mint for amount=1
[FEE] 121690411316091 93889 1000004375
      ✓ should mint for amount=1
[FEE] 121689081985752 93888 1000004102
      ✓ should mint for amount=1
[FEE] 121690346942145 93889 1000003846
      ✓ should mint for amount=1
[FEE] 121690317736574 93889 1000003606
      ✓ should mint for amount=1
[FEE] 121690290356351 93889 1000003381
      ✓ should mint for amount=1
[FEE] 121691560787581 93890 1000003170
      ✓ should mint for amount=1
[FEE] 121690240585190 93889 1000002972
      ✓ should mint for amount=1
[FEE] 121690217950873 93889 1000002786
      ✓ should mint for amount=1
[FEE] 121691492883905 93890 1000002612
      ✓ should mint for amount=1
[FEE] 121690176941384 93889 1000002449
      ✓ should mint for amount=1
[FEE] 121691454429494 93890 1000002296
      ✓ should mint for amount=1
[FEE] 121691437027656 93890 1000002153
      ✓ should mint for amount=1
[FEE] 121690124493046 93889 1000002018
      ✓ should mint for amount=1
[FEE] 121690109160121 93889 1000001892
      ✓ should mint for amount=1
[FEE] 121691390906700 93890 1000001774
      ✓ should mint for amount=1
[FEE] 121691377398980 93890 1000001663
      ✓ should mint for amount=1
[FEE] 121691364743098 93890 1000001559
      ✓ should mint for amount=1
[FEE] 121691352939054 93890 1000001462
      ✓ should mint for amount=1
[FEE] 121691341865157 93890 1000001371
      ✓ should mint for amount=1
[FEE] 121691331399716 93890 1000001285
      ✓ should mint for amount=1
[FEE] 121691321664422 93890 1000001205
      ✓ should mint for amount=1
[FEE] 121690016432433 93889 1000001130
      ✓ should mint for amount=1
[FEE] 121690007792452 93889 1000001059
      ✓ should mint for amount=1
[FEE] 121691295865893 93890 1000000993
      ✓ should mint for amount=1
[FEE] 121691288321040 93890 1000000931
      ✓ should mint for amount=1
[FEE] 121691281262952 93890 1000000873
      ✓ should mint for amount=1
[FEE] 121691274569937 93890 1000000818
      ✓ should mint for amount=1
[FEE] 121689972259007 93889 1000000767
      ✓ should mint for amount=1
[FEE] 121688670313276 93888 1000000719
      ✓ should mint for amount=1
[FEE] 121689960941849 93889 1000000674
      ✓ should mint for amount=1
[FEE] 121688659726369 93888 1000000632
      ✓ should mint for amount=1
[FEE] 121689951084969 93889 1000000593
      ✓ should mint for amount=1
[FEE] 121688650478037 93888 1000000556
      ✓ should mint for amount=1
[FEE] 121688646218937 93888 1000000521
      ✓ should mint for amount=1
[FEE] 121689938307531 93889 1000000488
      ✓ should mint for amount=1
[FEE] 121689934656835 93889 1000000458
      ✓ should mint for amount=1
[FEE] 121691227232070 93890 1000000429
      ✓ should mint for amount=1
[FEE] 121691223946408 93890 1000000402
      ✓ should mint for amount=1
[FEE] 121691220904129 93890 1000000377
      ✓ should mint for amount=1
[FEE] 121691217983541 93890 1000000353
      ✓ should mint for amount=1
[FEE] 121691215306335 93890 1000000331
      ✓ should mint for amount=1
[FEE] 121691212750820 93890 1000000310
      ✓ should mint for amount=1
[FEE] 121689914334625 93889 1000000291
      ✓ should mint for amount=1
[FEE] 121688616040168 93888 1000000273
      ✓ should mint for amount=1
[FEE] 121688613971462 93888 1000000256
      ✓ should mint for amount=1
[FEE] 121688612024445 93888 1000000240
      ✓ should mint for amount=1
[FEE] 121689906303093 93889 1000000225
      ✓ should mint for amount=1
[FEE] 121691200703394 93890 1000000211
      ✓ should mint for amount=1
[FEE] 121691199121408 93890 1000000198
      ✓ should mint for amount=1
[FEE] 121689901557188 93889 1000000186
      ✓ should mint for amount=1
[FEE] 121691196200820 93890 1000000174
      ✓ should mint for amount=1
[FEE] 121691194862217 93890 1000000163
      ✓ should mint for amount=1
[FEE] 121689897541422 93889 1000000153
      ✓ should mint for amount=1
[FEE] 121691192428394 93890 1000000143
      ✓ should mint for amount=1
[FEE] 121691191333173 93890 1000000134
      ✓ should mint for amount=1
[FEE] 121691190359644 93890 1000000126
      ✓ should mint for amount=1
[FEE] 121691189386114 93890 1000000118
      ✓ should mint for amount=1
[FEE] 121691188534276 93890 1000000111
      ✓ should mint for amount=1
[FEE] 121691187682438 93890 1000000104
      ✓ should mint for amount=1
[FEE] 121691186952291 93890 1000000098
      ✓ should mint for amount=1
[FEE] 121689890118339 93889 1000000092
      ✓ should mint for amount=1
[FEE] 121689889388200 93889 1000000086
      ✓ should mint for amount=1
[FEE] 121689888779750 93889 1000000081
      ✓ should mint for amount=1
[FEE] 121689888171301 93889 1000000076
      ✓ should mint for amount=1
[FEE] 121688591459074 93888 1000000071
      ✓ should mint for amount=1
[FEE] 121688590972320 93888 1000000067
      ✓ should mint for amount=1
[FEE] 121687294381798 93887 1000000063
      ✓ should mint for amount=1
[FEE] 121685997791287 93886 1000000059
      ✓ should mint for amount=1
[FEE] 121684701200787 93885 1000000055
      ✓ should mint for amount=1
[FEE] 121684700835733 93885 1000000052
      ✓ should mint for amount=1
[FEE] 121684700470679 93885 1000000049
      ✓ should mint for amount=1
[FEE] 121684700105624 93885 1000000046
      ✓ should mint for amount=1
[FEE] 121684699740570 93885 1000000043
      ✓ should mint for amount=1
[FEE] 121685995479254 93886 1000000040
      ✓ should mint for amount=1
[FEE] 121685995235882 93886 1000000038
      ✓ should mint for amount=1
[FEE] 121685994992510 93886 1000000036
      ✓ should mint for amount=1
[FEE] 121685994749138 93886 1000000034
      ✓ should mint for amount=1
[FEE] 121687290609493 93887 1000000032
      ✓ should mint for amount=1
[FEE] 121688586469842 93888 1000000030
      ✓ should mint for amount=1
[FEE] 121689882330187 93889 1000000028
      ✓ should mint for amount=1
[FEE] 121688585983088 93888 1000000026
      ✓ should mint for amount=1
[FEE] 121688585739711 93888 1000000024
      ✓ should mint for amount=1
[FEE] 121688585618022 93888 1000000023
      ✓ should mint for amount=1
[FEE] 121688585496334 93888 1000000022
      ✓ should mint for amount=1
[FEE] 121689881478358 93889 1000000021
      ✓ should mint for amount=1
[FEE] 121691177460379 93890 1000000020
      ✓ should mint for amount=1
[FEE] 121691177338688 93890 1000000019
      ✓ should mint for amount=1
[FEE] 121691177216997 93890 1000000018
      ✓ should mint for amount=1
[FEE] 121691177095306 93890 1000000017
      ✓ should mint for amount=1
[FEE] 121691176973615 93890 1000000016
      ✓ should mint for amount=1
[FEE] 121691176851923 93890 1000000015
      ✓ should mint for amount=1
[FEE] 121691176730232 93890 1000000014
      ✓ should mint for amount=1
[FEE] 121689880504839 93889 1000000013
      ✓ should mint for amount=1
[FEE] 121691176486850 93890 1000000012
      ✓ should mint for amount=1
[FEE] 121689880261459 93889 1000000011
      ✓ should mint for amount=1
[FEE] 121691176243468 93890 1000000010
      ✓ should mint for amount=1
[FEE] 121691176121776 93890 1000000009
      ✓ should mint for amount=1
[FEE] 121691176000085 93890 1000000008
      ✓ should mint for amount=1
[FEE] 121691176000085 93890 1000000008
      ✓ should mint for amount=1
[FEE] 121691176000085 93890 1000000008
      ✓ should mint for amount=1
[FEE] 121691176000085 93890 1000000008
      ✓ should mint for amount=1
[FEE] 121691176000085 93890 1000000008
      ✓ should mint for amount=1
[FEE] 121691176000085 93890 1000000008
      ✓ should mint for amount=1
[FEE] 121691176000085 93890 1000000008
      ✓ should mint for amount=1
[FEE] 121691176000085 93890 1000000008
      ✓ should mint for amount=1
[FEE] 121691176000085 93890 1000000008
      ✓ should mint for amount=1
[FEE] 121691176000085 93890 1000000008
      ✓ should mint for amount=1
[FEE] 121691176000085 93890 1000000008
      ✓ should mint for amount=1
[FEE] 121691176000085 93890 1000000008
      ✓ should mint for amount=1
[FEE] 121691176000085 93890 1000000008
      ✓ should mint for amount=1
[FEE] 121689879896389 93889 1000000008
      ✓ should mint for amount=1
[FEE] 121691176000085 93890 1000000008
      ✓ should mint for amount=1
[FEE] 121691176000085 93890 1000000008
      ✓ should mint for amount=1
[FEE] 121691176000085 93890 1000000008
      ✓ should mint for amount=1
[FEE] 121691176000085 93890 1000000008
      ✓ should mint for amount=1
[FEE] 121691176000085 93890 1000000008
      ✓ should mint for amount=1
[FEE] 121689879896389 93889 1000000008
      ✓ should mint for amount=1
[FEE] 121689879896389 93889 1000000008
      ✓ should mint for amount=1
[FEE] 121691176000085 93890 1000000008
      ✓ should mint for amount=1
[FEE] 121691176000085 93890 1000000008
      ✓ should mint for amount=1
[FEE] 121691176000085 93890 1000000008
      ✓ should mint for amount=1
[FEE] 121691176000085 93890 1000000008
      ✓ should mint for amount=1
[FEE] 121691176000085 93890 1000000008
      ✓ should mint for amount=1
[FEE] 121689879896389 93889 1000000008
      ✓ should mint for amount=1
[FEE] 121688583792694 93888 1000000008
      ✓ should mint for amount=1
[FEE] 121687287688998 93887 1000000008
      ✓ should mint for amount=1
[FEE] 121688583792694 93888 1000000008
      ✓ should mint for amount=1
[FEE] 121688583792694 93888 1000000008
      ✓ should mint for amount=1
[FEE] 121687287688998 93887 1000000008
      ✓ should mint for amount=1
[FEE] 121688583792694 93888 1000000008
      ✓ should mint for amount=1
[FEE] 121688583792694 93888 1000000008
      ✓ should mint for amount=1
[FEE] 121689879896389 93889 1000000008
      ✓ should mint for amount=1
[FEE] 121691176000085 93890 1000000008
      ✓ should mint for amount=1
[FEE] 121691176000085 93890 1000000008
      ✓ should mint for amount=1
[FEE] 121689879896389 93889 1000000008
      ✓ should mint for amount=1
[FEE] 121688583792694 93888 1000000008
      ✓ should mint for amount=1
[FEE] 121689879896389 93889 1000000008
      ✓ should mint for amount=1
[FEE] 121688583792694 93888 1000000008
      ✓ should mint for amount=1
[FEE] 121689879896389 93889 1000000008
      ✓ should mint for amount=1
[FEE] 121689879896389 93889 1000000008
      ✓ should mint for amount=1
[FEE] 121689879896389 93889 1000000008
      ✓ should mint for amount=1
[FEE] 121688583792694 93888 1000000008
      ✓ should mint for amount=1
[FEE] 121689879896389 93889 1000000008
      ✓ should mint for amount=1
[FEE] 121688583792694 93888 1000000008
      ✓ should mint for amount=1
[FEE] 121688583792694 93888 1000000008
      ✓ should mint for amount=1
[FEE] 121687287688998 93887 1000000008
      ✓ should mint for amount=1
[FEE] 121688583792694 93888 1000000008
      ✓ should mint for amount=1
[FEE] 121688583792694 93888 1000000008
      ✓ should mint for amount=1
[FEE] 121689879896389 93889 1000000008
      ✓ should mint for amount=1
[FEE] 121688583792694 93888 1000000008
      ✓ should mint for amount=1
[FEE] 121688583792694 93888 1000000008
      ✓ should mint for amount=1
[FEE] 121688583792694 93888 1000000008
      ✓ should mint for amount=1
[FEE] 121689879896389 93889 1000000008
      ✓ should mint for amount=1
[FEE] 121689879896389 93889 1000000008
      ✓ should mint for amount=1
[FEE] 121691176000085 93890 1000000008
      ✓ should mint for amount=1
[FEE] 121691176000085 93890 1000000008
      ✓ should mint for amount=1
[FEE] 121691176000085 93890 1000000008
      ✓ should mint for amount=1
[FEE] 121691176000085 93890 1000000008
      ✓ should mint for amount=1
[FEE] 121689879896389 93889 1000000008
      ✓ should mint for amount=1
[FEE] 121688583792694 93888 1000000008
      ✓ should mint for amount=1
[FEE] 121689879896389 93889 1000000008
      ✓ should mint for amount=1
[FEE] 121691176000085 93890 1000000008
      ✓ should mint for amount=1
[FEE] 121691176000085 93890 1000000008
      ✓ should mint for amount=1
[FEE] 121691176000085 93890 1000000008
      ✓ should mint for amount=1
[FEE] 121691176000085 93890 1000000008
      ✓ should mint for amount=1
[FEE] 121691176000085 93890 1000000008
      ✓ should mint for amount=1
[FEE] 121689879896389 93889 1000000008
      ✓ should mint for amount=1
[FEE] 121691176000085 93890 1000000008
      ✓ should mint for amount=1
[FEE] 121691176000085 93890 1000000008
      ✓ should mint for amount=1
[FEE] 121691176000085 93890 1000000008
      ✓ should mint for amount=1
[FEE] 121691176000085 93890 1000000008
      ✓ should mint for amount=1
[FEE] 121691176000085 93890 1000000008
      ✓ should mint for amount=1
[FEE] 121691176000085 93890 1000000008
      ✓ should mint for amount=1
[FEE] 121691176000085 93890 1000000008
      ✓ should mint for amount=1
[FEE] 121689879896389 93889 1000000008
      ✓ should mint for amount=1
[FEE] 121688583792694 93888 1000000008
      ✓ should mint for amount=1
[FEE] 121688583792694 93888 1000000008
      ✓ should mint for amount=1
[FEE] 121688583792694 93888 1000000008
      ✓ should mint for amount=1
[FEE] 121689879896389 93889 1000000008
      ✓ should mint for amount=1
[FEE] 121691176000085 93890 1000000008
      ✓ should mint for amount=1
[FEE] 121691176000085 93890 1000000008
      ✓ should mint for amount=1
[FEE] 121691176000085 93890 1000000008
      ✓ should mint for amount=1
[FEE] 121691176000085 93890 1000000008
      ✓ should mint for amount=1
[FEE] 121691176000085 93890 1000000008
      ✓ should mint for amount=1
[FEE] 121691176000085 93890 1000000008
      ✓ should mint for amount=1
[FEE] 121691176000085 93890 1000000008
      ✓ should mint for amount=1
[FEE] 121691176000085 93890 1000000008
      ✓ should mint for amount=1
[FEE] 121691176000085 93890 1000000008
      ✓ should mint for amount=1
[FEE] 121691176000085 93890 1000000008
      ✓ should mint for amount=1
[FEE] 121691176000085 93890 1000000008
      ✓ should mint for amount=1
[FEE] 121691176000085 93890 1000000008
      ✓ should mint for amount=1
[FEE] 121691176000085 93890 1000000008
      ✓ should mint for amount=1
[FEE] 121691176000085 93890 1000000008
      ✓ should mint for amount=1
[FEE] 121691176000085 93890 1000000008
      ✓ should mint for amount=1
[FEE] 121691176000085 93890 1000000008
      ✓ should mint for amount=1
[FEE] 121691176000085 93890 1000000008
      ✓ should mint for amount=1
[FEE] 121689879896389 93889 1000000008
      ✓ should mint for amount=1
[FEE] 121689879896389 93889 1000000008
      ✓ should mint for amount=1
[FEE] 121691176000085 93890 1000000008
      ✓ should mint for amount=1
[FEE] 121691176000085 93890 1000000008
      ✓ should mint for amount=1
[FEE] 121691176000085 93890 1000000008
      ✓ should mint for amount=1
[FEE] 121691176000085 93890 1000000008
      ✓ should mint for amount=1
[FEE] 121691176000085 93890 1000000008
      ✓ should mint for amount=1
[FEE] 121691176000085 93890 1000000008
      ✓ should mint for amount=1
[FEE] 121689879896389 93889 1000000008
      ✓ should mint for amount=1
[FEE] 121691176000085 93890 1000000008
      ✓ should mint for amount=1
[FEE] 121691176000085 93890 1000000008
      ✓ should mint for amount=1
[FEE] 121689879896389 93889 1000000008
      ✓ should mint for amount=1
[FEE] 121691176000085 93890 1000000008
      ✓ should mint for amount=1
[FEE] 121691176000085 93890 1000000008
      ✓ should mint for amount=1
[FEE] 121691176000085 93890 1000000008
      ✓ should mint for amount=1
[FEE] 121691176000085 93890 1000000008
      ✓ should mint for amount=1
[FEE] 121691176000085 93890 1000000008
      ✓ should mint for amount=1
[FEE] 121689879896389 93889 1000000008
      ✓ should mint for amount=1
[FEE] 121691176000085 93890 1000000008
      ✓ should mint for amount=1
[FEE] 121691176000085 93890 1000000008
      ✓ should mint for amount=1
[FEE] 121691176000085 93890 1000000008
      ✓ should mint for amount=1
[FEE] 121691176000085 93890 1000000008
      ✓ should mint for amount=1
[FEE] 121689879896389 93889 1000000008
      ✓ should mint for amount=1
[FEE] 121691176000085 93890 1000000008
      ✓ should mint for amount=1
[FEE] 121691176000085 93890 1000000008
      ✓ should mint for amount=1
[FEE] 121691176000085 93890 1000000008
      ✓ should mint for amount=1
[FEE] 121691176000085 93890 1000000008
      ✓ should mint for amount=1
[FEE] 121691176000085 93890 1000000008
      ✓ should mint for amount=1
[FEE] 121689879896389 93889 1000000008
      ✓ should mint for amount=1
[FEE] 121689879896389 93889 1000000008
      ✓ should mint for amount=1
[FEE] 121691176000085 93890 1000000008
      ✓ should mint for amount=1
[FEE] 121691176000085 93890 1000000008
      ✓ should mint for amount=1
[FEE] 121691176000085 93890 1000000008
      ✓ should mint for amount=1
[FEE] 121691176000085 93890 1000000008
      ✓ should mint for amount=1
[FEE] 121689879896389 93889 1000000008
      ✓ should mint for amount=1
[FEE] 121688583792694 93888 1000000008
      ✓ should mint for amount=1
[FEE] 121689879896389 93889 1000000008
      ✓ should mint for amount=1
[FEE] 121691176000085 93890 1000000008
      ✓ should mint for amount=1
[FEE] 121691176000085 93890 1000000008
      ✓ should mint for amount=1
[FEE] 121691176000085 93890 1000000008
      ✓ should mint for amount=1
[FEE] 121689879896389 93889 1000000008
      ✓ should mint for amount=1
[FEE] 121689879896389 93889 1000000008
      ✓ should mint for amount=1
[FEE] 121689879896389 93889 1000000008
      ✓ should mint for amount=1
[FEE] 121691176000085 93890 1000000008
      ✓ should mint for amount=1
[FEE] 121691176000085 93890 1000000008
      ✓ should mint for amount=1
[FEE] 121691176000085 93890 1000000008
      ✓ should mint for amount=1
[FEE] 121691176000085 93890 1000000008
      ✓ should mint for amount=1
[FEE] 121691176000085 93890 1000000008
      ✓ should mint for amount=1
[FEE] 121689879896389 93889 1000000008
      ✓ should mint for amount=1
[FEE] 121691176000085 93890 1000000008
      ✓ should mint for amount=1
[FEE] 121691176000085 93890 1000000008
      ✓ should mint for amount=1
[FEE] 121689879896389 93889 1000000008
      ✓ should mint for amount=1
[FEE] 121688583792694 93888 1000000008
      ✓ should mint for amount=1
[FEE] 121688583792694 93888 1000000008
      ✓ should mint for amount=1
[FEE] 121688583792694 93888 1000000008
      ✓ should mint for amount=1
[FEE] 121688583792694 93888 1000000008
      ✓ should mint for amount=1
[FEE] 121687287688998 93887 1000000008
      ✓ should mint for amount=1
[FEE] 121688583792694 93888 1000000008
      ✓ should mint for amount=1
[FEE] 121689879896389 93889 1000000008
      ✓ should mint for amount=1
[FEE] 121691176000085 93890 1000000008
      ✓ should mint for amount=1
[FEE] 121691176000085 93890 1000000008
      ✓ should mint for amount=1
[FEE] 121689879896389 93889 1000000008
      ✓ should mint for amount=1
[FEE] 121689879896389 93889 1000000008
      ✓ should mint for amount=1
[FEE] 121691176000085 93890 1000000008
      ✓ should mint for amount=1
[FEE] 121691176000085 93890 1000000008
      ✓ should mint for amount=1
[FEE] 121691176000085 93890 1000000008
      ✓ should mint for amount=1
[FEE] 121691176000085 93890 1000000008
      ✓ should mint for amount=1
[FEE] 121691176000085 93890 1000000008
      ✓ should mint for amount=1
[FEE] 121691176000085 93890 1000000008
      ✓ should mint for amount=1
[FEE] 121691176000085 93890 1000000008
      ✓ should mint for amount=1
[FEE] 121689879896389 93889 1000000008
      ✓ should mint for amount=1
[FEE] 121691176000085 93890 1000000008
      ✓ should mint for amount=1
[FEE] 121691176000085 93890 1000000008
      ✓ should mint for amount=1
[FEE] 121689879896389 93889 1000000008
      ✓ should mint for amount=1
[FEE] 121688583792694 93888 1000000008
      ✓ should mint for amount=1
[FEE] 121689879896389 93889 1000000008
      ✓ should mint for amount=1
[FEE] 121691176000085 93890 1000000008
      ✓ should mint for amount=1
[FEE] 121691176000085 93890 1000000008
      ✓ should mint for amount=1
[FEE] 121689879896389 93889 1000000008
      ✓ should mint for amount=1
[FEE] 121689879896389 93889 1000000008
      ✓ should mint for amount=1
[FEE] 121689879896389 93889 1000000008
      ✓ should mint for amount=1
[FEE] 121691176000085 93890 1000000008
      ✓ should mint for amount=1
[FEE] 121691176000085 93890 1000000008
      ✓ should mint for amount=1
[FEE] 121689879896389 93889 1000000008
      ✓ should mint for amount=1
[FEE] 121689879896389 93889 1000000008
      ✓ should mint for amount=1
[FEE] 121691176000085 93890 1000000008
      ✓ should mint for amount=1
[FEE] 121691176000085 93890 1000000008
      ✓ should mint for amount=1
[FEE] 121691176000085 93890 1000000008
      ✓ should mint for amount=1
[FEE] 121689879896389 93889 1000000008
      ✓ should mint for amount=1
[FEE] 121689879896389 93889 1000000008
      ✓ should mint for amount=1

·----------------------------------------|---------------------------|-------------|----------------------------·
|          [90mSolc version: 0.8.17[39m          ·  [90mOptimizer enabled: true[39m  ·  [90mRuns: 200[39m  ·  [90mBlock limit: 8000000 gas[39m  │
·········································|···························|·············|·····························
|  [32m[1mMethods[22m[39m                                                                                                      │
···················|·····················|·············|·············|·············|··············|··············
|  [1mContract[22m        ·  [1mMethod[22m             ·  [32mMin[39m        ·  [32mMax[39m        ·  [32mAvg[39m        ·  [1m# calls[22m     ·  [1musd (avg)[22m  │
···················|·····················|·············|·············|·············|··············|··············
|  [90mXPowerThorTest[39m  ·  init               ·          -  ·          -  ·      67353  ·           [90m1[39m  ·          [32m[90m-[32m[39m  │
···················|·····················|·············|·············|·············|··············|··············
|  [90mXPowerThorTest[39m  ·  mint               ·     [36m121673[39m  ·     [31m229511[39m  ·     125139  ·         [90m481[39m  ·          [32m[90m-[32m[39m  │
···················|·····················|·············|·············|·············|··············|··············
|  [90mXPowerThorTest[39m  ·  transferOwnership  ·          -  ·          -  ·      28656  ·           [90m1[39m  ·          [32m[90m-[32m[39m  │
···················|·····················|·············|·············|·············|··············|··············
|  [32m[1mDeployments[22m[39m                           ·                                         ·  [1m% of limit[22m  ·             │
·········································|·············|·············|·············|··············|··············
|  XPowerThorTest                        ·          -  ·          -  ·    3331941  ·      [90m41.6 %[39m  ·          [32m[90m-[32m[39m  │
·----------------------------------------|-------------|-------------|-------------|--------------|-------------·

  481 passing (24s)

