
> xpower@6.0.0 test-gas
> REPORT_GAS=true npm test ./test/contracts/XPower.fees.1-thor.test.js


> xpower@6.0.0 test
> hardhat test ./test/contracts/XPower.fees.1-thor.test.js


  XPowerThor
    mint
[FEE] 348822982083776 162305 1658186771
      ✓ should mint for amount=1
[FEE] 338642451344703 158030 1653339774
      ✓ should mint for amount=1
[FEE] 328265588458172 154020 1644403885
      ✓ should mint for amount=1
[FEE] 317872732597393 150262 1632166143
      ✓ should mint for amount=1
[FEE] 307592625916286 146739 1617300121
      ✓ should mint for amount=1
[FEE] 297523465142970 143436 1600380726
      ✓ should mint for amount=1
[FEE] 287737450650289 140339 1581897240
      ✓ should mint for amount=1
[FEE] 278288247051955 137436 1562264675
      ✓ should mint for amount=1
[FEE] 269209275104360 134714 1541833727
      ✓ should mint for amount=1
[FEE] 260525431774208 132163 1520899407
      ✓ should mint for amount=1
[FEE] 252244057486020 129770 1499708640
      ✓ should mint for amount=1
[FEE] 244375058565309 127528 1478466827
      ✓ should mint for amount=1
[FEE] 236913213534948 125426 1457343626
      ✓ should mint for amount=1
[FEE] 229851525228045 123455 1436477939
      ✓ should mint for amount=1
[FEE] 223180444620125 121607 1415982279
      ✓ should mint for amount=1
[FEE] 216888816452488 119875 1395946561
      ✓ should mint for amount=1
[FEE] 210961058181630 118251 1376441403
      ✓ should mint for amount=1
[FEE] 205383268814816 116729 1357520983
      ✓ should mint for amount=1
[FEE] 200138344731543 115302 1339225523
      ✓ should mint for amount=1
[FEE] 195209980331788 113964 1321583440
      ✓ should mint for amount=1
[FEE] 190582915763642 112710 1304613210
      ✓ should mint for amount=1
[FEE] 186239779712168 111534 1288324975
      ✓ should mint for amount=1
[FEE] 182166373195173 110432 1272721934
      ✓ should mint for amount=1
[FEE] 178345128345174 109398 1257801542
      ✓ should mint for amount=1
[FEE] 174763499463831 108429 1243556536
      ✓ should mint for amount=1
[FEE] 171407419038519 107521 1229975824
      ✓ should mint for amount=1
[FEE] 168261475008854 106669 1217045241
      ✓ should mint for amount=1
[FEE] 165315298549068 105871 1204748197
      ✓ should mint for amount=1
[FEE] 162554094500227 105122 1193066229
      ✓ should mint for amount=1
[FEE] 159968093045465 104420 1181979470
      ✓ should mint for amount=1
[FEE] 157546281016894 103762 1171467046
      ✓ should mint for amount=1
[FEE] 155277994051533 103145 1161507414
      ✓ should mint for amount=1
[FEE] 153154415580867 102567 1152078638
      ✓ should mint for amount=1
[FEE] 151165556736663 102025 1143158629
      ✓ should mint for amount=1
[FEE] 149303253536407 101517 1134725334
      ✓ should mint for amount=1
[FEE] 147559647115458 101041 1126756901
      ✓ should mint for amount=1
[FEE] 145927177810986 100595 1119231805
      ✓ should mint for amount=1
[FEE] 144397136317505 100176 1112128956
      ✓ should mint for amount=1
[FEE] 142962562937647 99782 1105427782
      ✓ should mint for amount=1
[FEE] 141621039628114 99414 1099108292
      ✓ should mint for amount=1
[FEE] 140363227914094 99068 1093151125
      ✓ should mint for amount=1
[FEE] 139187147678639 98745 1087537586
      ✓ should mint for amount=1
[FEE] 138083957403031 98441 1082249672
      ✓ should mint for amount=1
[FEE] 137052076864936 98157 1077270083
      ✓ should mint for amount=1
[FEE] 136084503260044 97890 1072582232
      ✓ should mint for amount=1
[FEE] 135178614706458 97640 1068170243
      ✓ should mint for amount=1
[FEE] 134330557500573 97406 1064018949
      ✓ should mint for amount=1
[FEE] 133536639061388 97187 1060113877
      ✓ should mint for amount=1
[FEE] 132791950543674 96981 1056441241
      ✓ should mint for amount=1
[FEE] 132093109348141 96787 1052987920
      ✓ should mint for amount=1
[FEE] 131438227662661 96605 1049741445
      ✓ should mint for amount=1
[FEE] 130826884368320 96436 1046689976
      ✓ should mint for amount=1
[FEE] 130253336617087 96277 1043822280
      ✓ should mint for amount=1
[FEE] 129716033007638 96128 1041127712
      ✓ should mint for amount=1
[FEE] 129213514269320 95989 1038596191
      ✓ should mint for amount=1
[FEE] 128741722212454 95858 1036218175
      ✓ should mint for amount=1
[FEE] 128299384954305 95735 1033984640
      ✓ should mint for amount=1
[FEE] 127885307013306 95620 1031887058
      ✓ should mint for amount=1
[FEE] 127497030178657 95512 1029917373
      ✓ should mint for amount=1
[FEE] 127132174070323 95410 1028067979
      ✓ should mint for amount=1
[FEE] 126789761086506 95314 1026331698
      ✓ should mint for amount=1
[FEE] 126470201062552 95225 1024701760
      ✓ should mint for amount=1
[FEE] 126171299575899 95142 1023171782
      ✓ should mint for amount=1
[FEE] 125890923017604 95064 1021735747
      ✓ should mint for amount=1
[FEE] 125628317266350 94991 1020387988
      ✓ should mint for amount=1
[FEE] 125381453316024 94922 1019123166
      ✓ should mint for amount=1
[FEE] 125149671201048 94857 1017936254
      ✓ should mint for amount=1
[FEE] 124932351616543 94796 1016822522
      ✓ should mint for amount=1
[FEE] 124730229522365 94740 1015777516
      ✓ should mint for amount=1
[FEE] 124540125093133 94687 1014797048
      ✓ should mint for amount=1
[FEE] 124361530436494 94637 1013877179
      ✓ should mint for amount=1
[FEE] 124195281662444 94591 1013014203
      ✓ should mint for amount=1
[FEE] 124038304503268 94547 1012204637
      ✓ should mint for amount=1
[FEE] 123891493314337 94506 1011445206
      ✓ should mint for amount=1
[FEE] 123754454495505 94468 1010732833
      ✓ should mint for amount=1
[FEE] 123624200520704 94431 1010064626
      ✓ should mint for amount=1
[FEE] 123503006696680 94397 1009437868
      ✓ should mint for amount=1
[FEE] 123390547980047 94366 1008850006
      ✓ should mint for amount=1
[FEE] 123283906020253 94336 1008298643
      ✓ should mint for amount=1
[FEE] 123185411528869 94309 1007781527
      ✓ should mint for amount=1
[FEE] 123092185297213 94283 1007296543
      ✓ should mint for amount=1
[FEE] 123005284658585 94259 1006841706
      ✓ should mint for amount=1
[FEE] 122923171051378 94236 1006415151
      ✓ should mint for amount=1
[FEE] 122846930615303 94215 1006015129
      ✓ should mint for amount=1
[FEE] 122775053946980 94195 1005639996
      ✓ should mint for amount=1
[FEE] 122707349432863 94176 1005288210
      ✓ should mint for amount=1
[FEE] 122642334982366 94157 1004958325
      ✓ should mint for amount=1
[FEE] 122582447298835 94140 1004648981
      ✓ should mint for amount=1
[FEE] 122527527318231 94125 1004358905
      ✓ should mint for amount=1
[FEE] 122476124251455 94111 1004086900
      ✓ should mint for amount=1
[FEE] 122428099095209 94098 1003831843
      ✓ should mint for amount=1
[FEE] 122382020954529 94085 1003592682
      ✓ should mint for amount=1
[FEE] 122339069031479 94073 1003368429
      ✓ should mint for amount=1
[FEE] 122299128744116 94062 1003158157
      ✓ should mint for amount=1
[FEE] 122262092622855 94052 1002960996
      ✓ should mint for amount=1
[FEE] 122226560227623 94042 1002776130
      ✓ should mint for amount=1
[FEE] 122193737444861 94033 1002602795
      ✓ should mint for amount=1
[FEE] 122162236308771 94024 1002440272
      ✓ should mint for amount=1
[FEE] 122133273502820 94016 1002287888
      ✓ should mint for amount=1
[FEE] 122106771234647 94009 1002145012
      ✓ should mint for amount=1
[FEE] 122081357851819 94002 1002011052
      ✓ should mint for amount=1
[FEE] 122056965375699 93995 1001885452
      ✓ should mint for amount=1
[FEE] 122034828506260 93989 1001767691
      ✓ should mint for amount=1
[FEE] 122013588784475 93983 1001657280
      ✓ should mint for amount=1
[FEE] 121994488370187 93978 1001553761
      ✓ should mint for amount=1
[FEE] 121974878491218 93972 1001456705
      ✓ should mint for amount=1
[FEE] 121957305919235 93967 1001365708
      ✓ should mint for amount=1
[FEE] 121941724269371 93963 1001280393
      ✓ should mint for amount=1
[FEE] 121926792229414 93959 1001200405
      ✓ should mint for amount=1
[FEE] 121912469287070 93955 1001125412
      ✓ should mint for amount=1
[FEE] 121897419901131 93950 1001055102
      ✓ should mint for amount=1
[FEE] 121885500856985 93947 1000989183
      ✓ should mint for amount=1
[FEE] 121874083616181 93944 1000927381
      ✓ should mint for amount=1
[FEE] 121863136839075 93941 1000869439
      ✓ should mint for amount=1
[FEE] 121852631138073 93938 1000815116
      ✓ should mint for amount=1
[FEE] 121842538955573 93935 1000764186
      ✓ should mint for amount=1
[FEE] 121832834441926 93932 1000716437
      ✓ should mint for amount=1
[FEE] 121824790429405 93930 1000671671
      ✓ should mint for amount=1
[FEE] 121817087156944 93928 1000629702
      ✓ should mint for amount=1
[FEE] 121809703176933 93926 1000590354
      ✓ should mint for amount=1
[FEE] 121802618747880 93924 1000553465
      ✓ should mint for amount=1
[FEE] 121795814982101 93922 1000518880
      ✓ should mint for amount=1
[FEE] 121787977720097 93919 1000486456
      ✓ should mint for amount=1
[FEE] 121782980714405 93918 1000456058
      ✓ should mint for amount=1
[FEE] 121778214945507 93917 1000427559
      ✓ should mint for amount=1
[FEE] 121773666042485 93916 1000400841
      ✓ should mint for amount=1
[FEE] 121769320365372 93915 1000375792
      ✓ should mint for amount=1
[FEE] 121765165248562 93914 1000352308
      ✓ should mint for amount=1
[FEE] 121761188757314 93913 1000330291
      ✓ should mint for amount=1
[FEE] 121757379809430 93912 1000309650
      ✓ should mint for amount=1
[FEE] 121753727931779 93911 1000290299
      ✓ should mint for amount=1
[FEE] 121750223260260 93910 1000272157
      ✓ should mint for amount=1
[FEE] 121746856661488 93909 1000255149
      ✓ should mint for amount=1
[FEE] 121743619367608 93908 1000239203
      ✓ should mint for amount=1
[FEE] 121740503463132 93907 1000224254
      ✓ should mint for amount=1
[FEE] 121737501276334 93906 1000210239
      ✓ should mint for amount=1
[FEE] 121733309385218 93904 1000197100
      ✓ should mint for amount=1
[FEE] 121729217483444 93902 1000184782
      ✓ should mint for amount=1
[FEE] 121727812014146 93902 1000173234
      ✓ should mint for amount=1
[FEE] 121726494295399 93902 1000162407
      ✓ should mint for amount=1
[FEE] 121725258972107 93902 1000152257
      ✓ should mint for amount=1
[FEE] 121724100810881 93902 1000142741
      ✓ should mint for amount=1
[FEE] 121723015065158 93902 1000133820
      ✓ should mint for amount=1
[FEE] 121721997110083 93902 1000125456
      ✓ should mint for amount=1
[FEE] 121718450295373 93900 1000117615
      ✓ should mint for amount=1
[FEE] 121717555648269 93900 1000110264
      ✓ should mint for amount=1
[FEE] 121716716985067 93900 1000103373
      ✓ should mint for amount=1
[FEE] 121715930654644 93900 1000096912
      ✓ should mint for amount=1
[FEE] 121715193492692 93900 1000090855
      ✓ should mint for amount=1
[FEE] 121714502456608 93900 1000085177
      ✓ should mint for amount=1
[FEE] 121713854503787 93900 1000079853
      ✓ should mint for amount=1
[FEE] 121713247078444 93900 1000074862
      ✓ should mint for amount=1
[FEE] 121712677624792 93900 1000070183
      ✓ should mint for amount=1
[FEE] 121712143830451 93900 1000065797
      ✓ should mint for amount=1
[FEE] 121711643383043 93900 1000061685
      ✓ should mint for amount=1
[FEE] 121711174213599 93900 1000057830
      ✓ should mint for amount=1
[FEE] 121708142026941 93898 1000054216
      ✓ should mint for amount=1
[FEE] 121707729702110 93898 1000050828
      ✓ should mint for amount=1
[FEE] 121707343056306 93898 1000047651
      ✓ should mint for amount=1
[FEE] 121706980629108 93898 1000044673
      ✓ should mint for amount=1
[FEE] 121706640838398 93898 1000041881
      ✓ should mint for amount=1
[FEE] 121706322223756 93898 1000039263
      ✓ should mint for amount=1
[FEE] 121706023568167 93898 1000036809
      ✓ should mint for amount=1
[FEE] 121705743532915 93898 1000034508
      ✓ should mint for amount=1
[FEE] 121705481022685 93898 1000032351
      ✓ should mint for amount=1
[FEE] 121703938799168 93897 1000030329
      ✓ should mint for amount=1
[FEE] 121702411914961 93896 1000028433
      ✓ should mint for amount=1
[FEE] 121702195655924 93896 1000026656
      ✓ should mint for amount=1
[FEE] 121701992905470 93896 1000024990
      ✓ should mint for amount=1
[FEE] 121701802811708 93896 1000023428
      ✓ should mint for amount=1
[FEE] 121701624644442 93896 1000021964
      ✓ should mint for amount=1
[FEE] 121700161421408 93895 1000020591
      ✓ should mint for amount=1
[FEE] 121700004796526 93895 1000019304
      ✓ should mint for amount=1
[FEE] 121699858029153 93895 1000018098
      ✓ should mint for amount=1
[FEE] 121698424263428 93894 1000016967
      ✓ should mint for amount=1
[FEE] 121698295265287 93894 1000015907
      ✓ should mint for amount=1
[FEE] 121698174299106 93894 1000014913
      ✓ should mint for amount=1
[FEE] 121698060878099 93894 1000013981
      ✓ should mint for amount=1
[FEE] 121697954515481 93894 1000013107
      ✓ should mint for amount=1
[FEE] 121697854846162 93894 1000012288
      ✓ should mint for amount=1
[FEE] 121697761383358 93894 1000011520
      ✓ should mint for amount=1
[FEE] 121697673761980 93894 1000010800
      ✓ should mint for amount=1
[FEE] 121697591616937 93894 1000010125
      ✓ should mint for amount=1
[FEE] 121697514583141 93894 1000009492
      ✓ should mint for amount=1
[FEE] 121696146301981 93893 1000008899
      ✓ should mint for amount=1
[FEE] 121696078639526 93893 1000008343
      ✓ should mint for amount=1
[FEE] 121696015236398 93893 1000007822
      ✓ should mint for amount=1
[FEE] 121695955727512 93893 1000007333
      ✓ should mint for amount=1
[FEE] 121695899991173 93893 1000006875
      ✓ should mint for amount=1
[FEE] 121695847662295 93893 1000006445
      ✓ should mint for amount=1
[FEE] 121695798619185 93893 1000006042
      ✓ should mint for amount=1
[FEE] 121694456507424 93892 1000005664
      ✓ should mint for amount=1
[FEE] 121694413427831 93892 1000005310
      ✓ should mint for amount=1
[FEE] 121694373025500 93892 1000004978
      ✓ should mint for amount=1
[FEE] 121693039069004 93891 1000004667
      ✓ should mint for amount=1
[FEE] 121693003534802 93891 1000004375
      ✓ should mint for amount=1
[FEE] 121692970312758 93891 1000004102
      ✓ should mint for amount=1
[FEE] 121691643050815 93890 1000003846
      ✓ should mint for amount=1
[FEE] 121691613844933 93890 1000003606
      ✓ should mint for amount=1
[FEE] 121691586464419 93890 1000003381
      ✓ should mint for amount=1
[FEE] 121691560787581 93890 1000003170
      ✓ should mint for amount=1
[FEE] 121691536692728 93890 1000002972
      ✓ should mint for amount=1
[FEE] 121691514058169 93890 1000002786
      ✓ should mint for amount=1
[FEE] 121691492883905 93890 1000002612
      ✓ should mint for amount=1
[FEE] 121691473048243 93890 1000002449
      ✓ should mint for amount=1
[FEE] 121691454429494 93890 1000002296
      ✓ should mint for amount=1
[FEE] 121690140921180 93889 1000002153
      ✓ should mint for amount=1
[FEE] 121691420599347 93890 1000002018
      ✓ should mint for amount=1
[FEE] 121690109160121 93889 1000001892
      ✓ should mint for amount=1
[FEE] 121691390906700 93890 1000001774
      ✓ should mint for amount=1
[FEE] 121690081293139 93889 1000001663
      ✓ should mint for amount=1
[FEE] 121688772531685 93888 1000001559
      ✓ should mint for amount=1
[FEE] 121687464622313 93887 1000001462
      ✓ should mint for amount=1
[FEE] 121688749654232 93888 1000001371
      ✓ should mint for amount=1
[FEE] 121690035294365 93889 1000001285
      ✓ should mint for amount=1
[FEE] 121691321664422 93890 1000001205
      ✓ should mint for amount=1
[FEE] 121691312537584 93890 1000001130
      ✓ should mint for amount=1
[FEE] 121691303897510 93890 1000001059
      ✓ should mint for amount=1
[FEE] 121691295865893 93890 1000000993
      ✓ should mint for amount=1
[FEE] 121691288321040 93890 1000000931
      ✓ should mint for amount=1
[FEE] 121691281262952 93890 1000000873
      ✓ should mint for amount=1
[FEE] 121691274569937 93890 1000000818
      ✓ should mint for amount=1
[FEE] 121691268363687 93890 1000000767
      ✓ should mint for amount=1
[FEE] 121689966417893 93889 1000000719
      ✓ should mint for amount=1
[FEE] 121691257046408 93890 1000000674
      ✓ should mint for amount=1
[FEE] 121691251935378 93890 1000000632
      ✓ should mint for amount=1
[FEE] 121691247189423 93890 1000000593
      ✓ should mint for amount=1
[FEE] 121691242686849 93890 1000000556
      ✓ should mint for amount=1
[FEE] 121691238427658 93890 1000000521
      ✓ should mint for amount=1
[FEE] 121689938307531 93889 1000000488
      ✓ should mint for amount=1
[FEE] 121691230761114 93890 1000000458
      ✓ should mint for amount=1
[FEE] 121691227232070 93890 1000000429
      ✓ should mint for amount=1
[FEE] 121691223946408 93890 1000000402
      ✓ should mint for amount=1
[FEE] 121691220904129 93890 1000000377
      ✓ should mint for amount=1
[FEE] 121691217983541 93890 1000000353
      ✓ should mint for amount=1
[FEE] 121691215306335 93890 1000000331
      ✓ should mint for amount=1
[FEE] 121691212750820 93890 1000000310
      ✓ should mint for amount=1
[FEE] 121691210438688 93890 1000000291
      ✓ should mint for amount=1
[FEE] 121691208248247 93890 1000000273
      ✓ should mint for amount=1
[FEE] 121691206179497 93890 1000000256
      ✓ should mint for amount=1
[FEE] 121691204232438 93890 1000000240
      ✓ should mint for amount=1
[FEE] 121691202407070 93890 1000000225
      ✓ should mint for amount=1
[FEE] 121691200703394 93890 1000000211
      ✓ should mint for amount=1
[FEE] 121691199121408 93890 1000000198
      ✓ should mint for amount=1
[FEE] 121691197661114 93890 1000000186
      ✓ should mint for amount=1
[FEE] 121691196200820 93890 1000000174
      ✓ should mint for amount=1
[FEE] 121689898758321 93889 1000000163
      ✓ should mint for amount=1
[FEE] 121688601437538 93888 1000000153
      ✓ should mint for amount=1
[FEE] 121689896324523 93889 1000000143
      ✓ should mint for amount=1
[FEE] 121689895229314 93889 1000000134
      ✓ should mint for amount=1
[FEE] 121691190359644 93890 1000000126
      ✓ should mint for amount=1
[FEE] 121689893282276 93889 1000000118
      ✓ should mint for amount=1
[FEE] 121689892430447 93889 1000000111
      ✓ should mint for amount=1
[FEE] 121689891578618 93889 1000000104
      ✓ should mint for amount=1
[FEE] 121689890848478 93889 1000000098
      ✓ should mint for amount=1
[FEE] 121689890118339 93889 1000000092
      ✓ should mint for amount=1
[FEE] 121691185491997 93890 1000000086
      ✓ should mint for amount=1
[FEE] 121691184883541 93890 1000000081
      ✓ should mint for amount=1
[FEE] 121691184275085 93890 1000000076
      ✓ should mint for amount=1
[FEE] 121691183666629 93890 1000000071
      ✓ should mint for amount=1
[FEE] 121691183179864 93890 1000000067
      ✓ should mint for amount=1
[FEE] 121691182693100 93890 1000000063
      ✓ should mint for amount=1
[FEE] 121689886102573 93889 1000000059
      ✓ should mint for amount=1
[FEE] 121691181719570 93890 1000000055
      ✓ should mint for amount=1
[FEE] 121691181354497 93890 1000000052
      ✓ should mint for amount=1
[FEE] 121691180989423 93890 1000000049
      ✓ should mint for amount=1
[FEE] 121689884520605 93889 1000000046
      ✓ should mint for amount=1
[FEE] 121691180259276 93890 1000000043
      ✓ should mint for amount=1
[FEE] 121689883790465 93889 1000000040
      ✓ should mint for amount=1
[FEE] 121691179650820 93890 1000000038
      ✓ should mint for amount=1
[FEE] 121689883303706 93889 1000000036
      ✓ should mint for amount=1
[FEE] 121691179164056 93890 1000000034
      ✓ should mint for amount=1
[FEE] 121691178920673 93890 1000000032
      ✓ should mint for amount=1
[FEE] 121691178677291 93890 1000000030
      ✓ should mint for amount=1
[FEE] 121689882330187 93889 1000000028
      ✓ should mint for amount=1
[FEE] 121691178190526 93890 1000000026
      ✓ should mint for amount=1
[FEE] 121691177947144 93890 1000000024
      ✓ should mint for amount=1
[FEE] 121691177825453 93890 1000000023
      ✓ should mint for amount=1
[FEE] 121691177703762 93890 1000000022
      ✓ should mint for amount=1
[FEE] 121689881478358 93889 1000000021
      ✓ should mint for amount=1
[FEE] 121691177460379 93890 1000000020
      ✓ should mint for amount=1
[FEE] 121691177338688 93890 1000000019
      ✓ should mint for amount=1
[FEE] 121691177216997 93890 1000000018
      ✓ should mint for amount=1
[FEE] 121691177095306 93890 1000000017
      ✓ should mint for amount=1
[FEE] 121691176973615 93890 1000000016
      ✓ should mint for amount=1
[FEE] 121689880748218 93889 1000000015
      ✓ should mint for amount=1
[FEE] 121691176730232 93890 1000000014
      ✓ should mint for amount=1
[FEE] 121691176608541 93890 1000000013
      ✓ should mint for amount=1
[FEE] 121691176486850 93890 1000000012
      ✓ should mint for amount=1
[FEE] 121691176365159 93890 1000000011
      ✓ should mint for amount=1
[FEE] 121691176243468 93890 1000000010
      ✓ should mint for amount=1
[FEE] 121689880018079 93889 1000000009
      ✓ should mint for amount=1
[FEE] 121691176000085 93890 1000000008
      ✓ should mint for amount=1
[FEE] 121691176000085 93890 1000000008
      ✓ should mint for amount=1
[FEE] 121689879896389 93889 1000000008
      ✓ should mint for amount=1
[FEE] 121691176000085 93890 1000000008
      ✓ should mint for amount=1
[FEE] 121691176000085 93890 1000000008
      ✓ should mint for amount=1
[FEE] 121691176000085 93890 1000000008
      ✓ should mint for amount=1
[FEE] 121691176000085 93890 1000000008
      ✓ should mint for amount=1
[FEE] 121691176000085 93890 1000000008
      ✓ should mint for amount=1
[FEE] 121691176000085 93890 1000000008
      ✓ should mint for amount=1
[FEE] 121689879896389 93889 1000000008
      ✓ should mint for amount=1
[FEE] 121688583792694 93888 1000000008
      ✓ should mint for amount=1
[FEE] 121688583792694 93888 1000000008
      ✓ should mint for amount=1
[FEE] 121688583792694 93888 1000000008
      ✓ should mint for amount=1
[FEE] 121688583792694 93888 1000000008
      ✓ should mint for amount=1
[FEE] 121689879896389 93889 1000000008
      ✓ should mint for amount=1
[FEE] 121691176000085 93890 1000000008
      ✓ should mint for amount=1
[FEE] 121691176000085 93890 1000000008
      ✓ should mint for amount=1
[FEE] 121689879896389 93889 1000000008
      ✓ should mint for amount=1
[FEE] 121689879896389 93889 1000000008
      ✓ should mint for amount=1
[FEE] 121688583792694 93888 1000000008
      ✓ should mint for amount=1
[FEE] 121689879896389 93889 1000000008
      ✓ should mint for amount=1
[FEE] 121691176000085 93890 1000000008
      ✓ should mint for amount=1
[FEE] 121691176000085 93890 1000000008
      ✓ should mint for amount=1
[FEE] 121691176000085 93890 1000000008
      ✓ should mint for amount=1
[FEE] 121691176000085 93890 1000000008
      ✓ should mint for amount=1
[FEE] 121691176000085 93890 1000000008
      ✓ should mint for amount=1
[FEE] 121691176000085 93890 1000000008
      ✓ should mint for amount=1
[FEE] 121691176000085 93890 1000000008
      ✓ should mint for amount=1
[FEE] 121691176000085 93890 1000000008
      ✓ should mint for amount=1
[FEE] 121691176000085 93890 1000000008
      ✓ should mint for amount=1
[FEE] 121691176000085 93890 1000000008
      ✓ should mint for amount=1
[FEE] 121691176000085 93890 1000000008
      ✓ should mint for amount=1
[FEE] 121689879896389 93889 1000000008
      ✓ should mint for amount=1
[FEE] 121691176000085 93890 1000000008
      ✓ should mint for amount=1
[FEE] 121691176000085 93890 1000000008
      ✓ should mint for amount=1
[FEE] 121691176000085 93890 1000000008
      ✓ should mint for amount=1
[FEE] 121691176000085 93890 1000000008
      ✓ should mint for amount=1
[FEE] 121691176000085 93890 1000000008
      ✓ should mint for amount=1
[FEE] 121691176000085 93890 1000000008
      ✓ should mint for amount=1
[FEE] 121691176000085 93890 1000000008
      ✓ should mint for amount=1
[FEE] 121691176000085 93890 1000000008
      ✓ should mint for amount=1
[FEE] 121689879896389 93889 1000000008
      ✓ should mint for amount=1
[FEE] 121691176000085 93890 1000000008
      ✓ should mint for amount=1
[FEE] 121691176000085 93890 1000000008
      ✓ should mint for amount=1
[FEE] 121691176000085 93890 1000000008
      ✓ should mint for amount=1
[FEE] 121691176000085 93890 1000000008
      ✓ should mint for amount=1
[FEE] 121689879896389 93889 1000000008
      ✓ should mint for amount=1
[FEE] 121691176000085 93890 1000000008
      ✓ should mint for amount=1
[FEE] 121691176000085 93890 1000000008
      ✓ should mint for amount=1
[FEE] 121691176000085 93890 1000000008
      ✓ should mint for amount=1
[FEE] 121691176000085 93890 1000000008
      ✓ should mint for amount=1
[FEE] 121689879896389 93889 1000000008
      ✓ should mint for amount=1
[FEE] 121688583792694 93888 1000000008
      ✓ should mint for amount=1
[FEE] 121689879896389 93889 1000000008
      ✓ should mint for amount=1
[FEE] 121691176000085 93890 1000000008
      ✓ should mint for amount=1
[FEE] 121689879896389 93889 1000000008
      ✓ should mint for amount=1
[FEE] 121691176000085 93890 1000000008
      ✓ should mint for amount=1
[FEE] 121691176000085 93890 1000000008
      ✓ should mint for amount=1
[FEE] 121691176000085 93890 1000000008
      ✓ should mint for amount=1
[FEE] 121691176000085 93890 1000000008
      ✓ should mint for amount=1
[FEE] 121691176000085 93890 1000000008
      ✓ should mint for amount=1
[FEE] 121689879896389 93889 1000000008
      ✓ should mint for amount=1
[FEE] 121688583792694 93888 1000000008
      ✓ should mint for amount=1
[FEE] 121687287688998 93887 1000000008
      ✓ should mint for amount=1
[FEE] 121688583792694 93888 1000000008
      ✓ should mint for amount=1
[FEE] 121689879896389 93889 1000000008
      ✓ should mint for amount=1
[FEE] 121691176000085 93890 1000000008
      ✓ should mint for amount=1
[FEE] 121691176000085 93890 1000000008
      ✓ should mint for amount=1
[FEE] 121691176000085 93890 1000000008
      ✓ should mint for amount=1
[FEE] 121691176000085 93890 1000000008
      ✓ should mint for amount=1
[FEE] 121691176000085 93890 1000000008
      ✓ should mint for amount=1
[FEE] 121689879896389 93889 1000000008
      ✓ should mint for amount=1
[FEE] 121688583792694 93888 1000000008
      ✓ should mint for amount=1
[FEE] 121689879896389 93889 1000000008
      ✓ should mint for amount=1
[FEE] 121691176000085 93890 1000000008
      ✓ should mint for amount=1
[FEE] 121689879896389 93889 1000000008
      ✓ should mint for amount=1
[FEE] 121688583792694 93888 1000000008
      ✓ should mint for amount=1
[FEE] 121689879896389 93889 1000000008
      ✓ should mint for amount=1
[FEE] 121688583792694 93888 1000000008
      ✓ should mint for amount=1
[FEE] 121687287688998 93887 1000000008
      ✓ should mint for amount=1
[FEE] 121687287688998 93887 1000000008
      ✓ should mint for amount=1
[FEE] 121687287688998 93887 1000000008
      ✓ should mint for amount=1
[FEE] 121687287688998 93887 1000000008
      ✓ should mint for amount=1
[FEE] 121687287688998 93887 1000000008
      ✓ should mint for amount=1
[FEE] 121688583792694 93888 1000000008
      ✓ should mint for amount=1
[FEE] 121689879896389 93889 1000000008
      ✓ should mint for amount=1
[FEE] 121691176000085 93890 1000000008
      ✓ should mint for amount=1
[FEE] 121691176000085 93890 1000000008
      ✓ should mint for amount=1
[FEE] 121691176000085 93890 1000000008
      ✓ should mint for amount=1
[FEE] 121689879896389 93889 1000000008
      ✓ should mint for amount=1
[FEE] 121688583792694 93888 1000000008
      ✓ should mint for amount=1
[FEE] 121689879896389 93889 1000000008
      ✓ should mint for amount=1
[FEE] 121691176000085 93890 1000000008
      ✓ should mint for amount=1
[FEE] 121691176000085 93890 1000000008
      ✓ should mint for amount=1
[FEE] 121691176000085 93890 1000000008
      ✓ should mint for amount=1
[FEE] 121691176000085 93890 1000000008
      ✓ should mint for amount=1
[FEE] 121691176000085 93890 1000000008
      ✓ should mint for amount=1
[FEE] 121691176000085 93890 1000000008
      ✓ should mint for amount=1
[FEE] 121691176000085 93890 1000000008
      ✓ should mint for amount=1
[FEE] 121691176000085 93890 1000000008
      ✓ should mint for amount=1
[FEE] 121691176000085 93890 1000000008
      ✓ should mint for amount=1
[FEE] 121691176000085 93890 1000000008
      ✓ should mint for amount=1
[FEE] 121691176000085 93890 1000000008
      ✓ should mint for amount=1
[FEE] 121689879896389 93889 1000000008
      ✓ should mint for amount=1
[FEE] 121691176000085 93890 1000000008
      ✓ should mint for amount=1
[FEE] 121689879896389 93889 1000000008
      ✓ should mint for amount=1
[FEE] 121689879896389 93889 1000000008
      ✓ should mint for amount=1
[FEE] 121691176000085 93890 1000000008
      ✓ should mint for amount=1
[FEE] 121691176000085 93890 1000000008
      ✓ should mint for amount=1
[FEE] 121689879896389 93889 1000000008
      ✓ should mint for amount=1
[FEE] 121689879896389 93889 1000000008
      ✓ should mint for amount=1
[FEE] 121688583792694 93888 1000000008
      ✓ should mint for amount=1
[FEE] 121688583792694 93888 1000000008
      ✓ should mint for amount=1
[FEE] 121689879896389 93889 1000000008
      ✓ should mint for amount=1
[FEE] 121691176000085 93890 1000000008
      ✓ should mint for amount=1
[FEE] 121691176000085 93890 1000000008
      ✓ should mint for amount=1
[FEE] 121691176000085 93890 1000000008
      ✓ should mint for amount=1
[FEE] 121691176000085 93890 1000000008
      ✓ should mint for amount=1
[FEE] 121689879896389 93889 1000000008
      ✓ should mint for amount=1
[FEE] 121691176000085 93890 1000000008
      ✓ should mint for amount=1
[FEE] 121691176000085 93890 1000000008
      ✓ should mint for amount=1
[FEE] 121691176000085 93890 1000000008
      ✓ should mint for amount=1
[FEE] 121691176000085 93890 1000000008
      ✓ should mint for amount=1
[FEE] 121691176000085 93890 1000000008
      ✓ should mint for amount=1
[FEE] 121689879896389 93889 1000000008
      ✓ should mint for amount=1
[FEE] 121691176000085 93890 1000000008
      ✓ should mint for amount=1
[FEE] 121691176000085 93890 1000000008
      ✓ should mint for amount=1
[FEE] 121691176000085 93890 1000000008
      ✓ should mint for amount=1
[FEE] 121691176000085 93890 1000000008
      ✓ should mint for amount=1
[FEE] 121689879896389 93889 1000000008
      ✓ should mint for amount=1
[FEE] 121691176000085 93890 1000000008
      ✓ should mint for amount=1
[FEE] 121691176000085 93890 1000000008
      ✓ should mint for amount=1
[FEE] 121691176000085 93890 1000000008
      ✓ should mint for amount=1
[FEE] 121689879896389 93889 1000000008
      ✓ should mint for amount=1
[FEE] 121691176000085 93890 1000000008
      ✓ should mint for amount=1
[FEE] 121689879896389 93889 1000000008
      ✓ should mint for amount=1
[FEE] 121689879896389 93889 1000000008
      ✓ should mint for amount=1
[FEE] 121691176000085 93890 1000000008
      ✓ should mint for amount=1
[FEE] 121691176000085 93890 1000000008
      ✓ should mint for amount=1
[FEE] 121691176000085 93890 1000000008
      ✓ should mint for amount=1
[FEE] 121691176000085 93890 1000000008
      ✓ should mint for amount=1
[FEE] 121691176000085 93890 1000000008
      ✓ should mint for amount=1
[FEE] 121691176000085 93890 1000000008
      ✓ should mint for amount=1
[FEE] 121691176000085 93890 1000000008
      ✓ should mint for amount=1
[FEE] 121691176000085 93890 1000000008
      ✓ should mint for amount=1
[FEE] 121691176000085 93890 1000000008
      ✓ should mint for amount=1
[FEE] 121691176000085 93890 1000000008
      ✓ should mint for amount=1
[FEE] 121691176000085 93890 1000000008
      ✓ should mint for amount=1
[FEE] 121691176000085 93890 1000000008
      ✓ should mint for amount=1
[FEE] 121691176000085 93890 1000000008
      ✓ should mint for amount=1
[FEE] 121691176000085 93890 1000000008
      ✓ should mint for amount=1
[FEE] 121689879896389 93889 1000000008
      ✓ should mint for amount=1
[FEE] 121691176000085 93890 1000000008
      ✓ should mint for amount=1
[FEE] 121689879896389 93889 1000000008
      ✓ should mint for amount=1
[FEE] 121691176000085 93890 1000000008
      ✓ should mint for amount=1
[FEE] 121691176000085 93890 1000000008
      ✓ should mint for amount=1
[FEE] 121691176000085 93890 1000000008
      ✓ should mint for amount=1
[FEE] 121691176000085 93890 1000000008
      ✓ should mint for amount=1
[FEE] 121691176000085 93890 1000000008
      ✓ should mint for amount=1
[FEE] 121691176000085 93890 1000000008
      ✓ should mint for amount=1
[FEE] 121691176000085 93890 1000000008
      ✓ should mint for amount=1
[FEE] 121691176000085 93890 1000000008
      ✓ should mint for amount=1
[FEE] 121689879896389 93889 1000000008
      ✓ should mint for amount=1
[FEE] 121689879896389 93889 1000000008
      ✓ should mint for amount=1
[FEE] 121689879896389 93889 1000000008
      ✓ should mint for amount=1
[FEE] 121691176000085 93890 1000000008
      ✓ should mint for amount=1
[FEE] 121691176000085 93890 1000000008
      ✓ should mint for amount=1
[FEE] 121691176000085 93890 1000000008
      ✓ should mint for amount=1
[FEE] 121691176000085 93890 1000000008
      ✓ should mint for amount=1
[FEE] 121691176000085 93890 1000000008
      ✓ should mint for amount=1
[FEE] 121691176000085 93890 1000000008
      ✓ should mint for amount=1
[FEE] 121691176000085 93890 1000000008
      ✓ should mint for amount=1
[FEE] 121691176000085 93890 1000000008
      ✓ should mint for amount=1
[FEE] 121691176000085 93890 1000000008
      ✓ should mint for amount=1
[FEE] 121691176000085 93890 1000000008
      ✓ should mint for amount=1
[FEE] 121689879896389 93889 1000000008
      ✓ should mint for amount=1
[FEE] 121691176000085 93890 1000000008
      ✓ should mint for amount=1
[FEE] 121689879896389 93889 1000000008
      ✓ should mint for amount=1
[FEE] 121691176000085 93890 1000000008
      ✓ should mint for amount=1
[FEE] 121689879896389 93889 1000000008
      ✓ should mint for amount=1
[FEE] 121691176000085 93890 1000000008
      ✓ should mint for amount=1
[FEE] 121691176000085 93890 1000000008
      ✓ should mint for amount=1
[FEE] 121691176000085 93890 1000000008
      ✓ should mint for amount=1
[FEE] 121689879896389 93889 1000000008
      ✓ should mint for amount=1
[FEE] 121691176000085 93890 1000000008
      ✓ should mint for amount=1
[FEE] 121691176000085 93890 1000000008
      ✓ should mint for amount=1
[FEE] 121691176000085 93890 1000000008
      ✓ should mint for amount=1
[FEE] 121691176000085 93890 1000000008
      ✓ should mint for amount=1
[FEE] 121691176000085 93890 1000000008
      ✓ should mint for amount=1
[FEE] 121691176000085 93890 1000000008
      ✓ should mint for amount=1
[FEE] 121689879896389 93889 1000000008
      ✓ should mint for amount=1
[FEE] 121691176000085 93890 1000000008
      ✓ should mint for amount=1
[FEE] 121691176000085 93890 1000000008
      ✓ should mint for amount=1
[FEE] 121689879896389 93889 1000000008
      ✓ should mint for amount=1
[FEE] 121691176000085 93890 1000000008
      ✓ should mint for amount=1
[FEE] 121691176000085 93890 1000000008
      ✓ should mint for amount=1
[FEE] 121689879896389 93889 1000000008
      ✓ should mint for amount=1
[FEE] 121689879896389 93889 1000000008
      ✓ should mint for amount=1

·----------------------------------------|---------------------------|-------------|----------------------------·
|          [90mSolc version: 0.8.17[39m          ·  [90mOptimizer enabled: true[39m  ·  [90mRuns: 200[39m  ·  [90mBlock limit: 8000000 gas[39m  │
·········································|···························|·············|·····························
|  [32m[1mMethods[22m[39m                                                                                                      │
···················|·····················|·············|·············|·············|··············|··············
|  [1mContract[22m        ·  [1mMethod[22m             ·  [32mMin[39m        ·  [32mMax[39m        ·  [32mAvg[39m        ·  [1m# calls[22m     ·  [1musd (avg)[22m  │
···················|·····················|·············|·············|·············|··············|··············
|  [90mXPowerThorTest[39m  ·  init               ·          -  ·          -  ·      67353  ·           [90m1[39m  ·          [32m[90m-[32m[39m  │
···················|·····················|·············|·············|·············|··············|··············
|  [90mXPowerThorTest[39m  ·  mint               ·     [36m121709[39m  ·     [31m229547[39m  ·     125106  ·         [90m490[39m  ·          [32m[90m-[32m[39m  │
···················|·····················|·············|·············|·············|··············|··············
|  [90mXPowerThorTest[39m  ·  transferOwnership  ·          -  ·          -  ·      28656  ·           [90m1[39m  ·          [32m[90m-[32m[39m  │
···················|·····················|·············|·············|·············|··············|··············
|  [32m[1mDeployments[22m[39m                           ·                                         ·  [1m% of limit[22m  ·             │
·········································|·············|·············|·············|··············|··············
|  XPowerThorTest                        ·          -  ·          -  ·    3331941  ·      [90m41.6 %[39m  ·          [32m[90m-[32m[39m  │
·----------------------------------------|-------------|-------------|-------------|--------------|-------------·

  490 passing (26s)

