
> xpower@6.0.0 test-gas
> REPORT_GAS=true npm test ./test/contracts/XPower.fees.1-thor.test.js


> xpower@6.0.0 test
> hardhat test ./test/contracts/XPower.fees.1-thor.test.js


  XPowerThor
    mint
[FEE] 348822982083776 162305 1658186771
      ✓ should mint for amount=1
[FEE] 338638159195714 158028 1653339743
      ✓ should mint for amount=1
[FEE] 328265567896705 154020 1644403782
      ✓ should mint for amount=1
[FEE] 317872700852306 150262 1632165980
      ✓ should mint for amount=1
[FEE] 307592581792448 146739 1617299889
      ✓ should mint for amount=1
[FEE] 297523408998775 143436 1600380424
      ✓ should mint for amount=1
[FEE] 287739433470016 140340 1581896869
      ✓ should mint for amount=1
[FEE] 278290195668204 137437 1562264247
      ✓ should mint for amount=1
[FEE] 269213187697066 134716 1541833245
      ✓ should mint for amount=1
[FEE] 260529284328600 132165 1520898882
      ✓ should mint for amount=1
[FEE] 252249793618923 129773 1499708074
      ✓ should mint for amount=1
[FEE] 244380708458767 127531 1478466229
      ✓ should mint for amount=1
[FEE] 236918778209526 125429 1457342999
      ✓ should mint for amount=1
[FEE] 229857006211714 123458 1436477286
      ✓ should mint for amount=1
[FEE] 223185843849118 121610 1415981603
      ✓ should mint for amount=1
[FEE] 216894136652533 119878 1395945868
      ✓ should mint for amount=1
[FEE] 210966302005728 118254 1376440697
      ✓ should mint for amount=1
[FEE] 205386679463151 116731 1357520267
      ✓ should mint for amount=1
[FEE] 200141708082955 115304 1339224799
      ✓ should mint for amount=1
[FEE] 195211585560033 113965 1321582711
      ✓ should mint for amount=1
[FEE] 190582808684183 112710 1304612477
      ✓ should mint for amount=1
[FEE] 186239673749960 111534 1288324242
      ✓ should mint for amount=1
[FEE] 182166268852439 110432 1272721205
      ✓ should mint for amount=1
[FEE] 178346656212242 109399 1257800820
      ✓ should mint for amount=1
[FEE] 174765011180036 108430 1243555824
      ✓ should mint for amount=1
[FEE] 171408915802315 107522 1229975125
      ✓ should mint for amount=1
[FEE] 168262957858996 106670 1217044557
      ✓ should mint for amount=1
[FEE] 165316768363958 105872 1204747529
      ✓ should mint for amount=1
[FEE] 162557098475506 105124 1193065578
      ✓ should mint for amount=1
[FEE] 159969539342912 104421 1181978837
      ✓ should mint for amount=1
[FEE] 157547716784259 103763 1171466432
      ✓ should mint for amount=1
[FEE] 155277914507998 103145 1161506819
      ✓ should mint for amount=1
[FEE] 153154339141823 102567 1152078063
      ✓ should mint for amount=1
[FEE] 151165483346250 102025 1143158074
      ✓ should mint for amount=1
[FEE] 149301712421955 101516 1134724799
      ✓ should mint for amount=1
[FEE] 147558119278153 101040 1126756386
      ✓ should mint for amount=1
[FEE] 145925662632292 100594 1119231310
      ✓ should mint for amount=1
[FEE] 144395633340240 100175 1112128482
      ✓ should mint for amount=1
[FEE] 142962504222817 99782 1105427328
      ✓ should mint for amount=1
[FEE] 141620983577993 99414 1099107857
      ✓ should mint for amount=1
[FEE] 140364591335359 99069 1093150709
      ✓ should mint for amount=1
[FEE] 139187096869087 98745 1087537189
      ✓ should mint for amount=1
[FEE] 138083909046518 98441 1082249293
      ✓ should mint for amount=1
[FEE] 137052030937920 98157 1077269722
      ✓ should mint for amount=1
[FEE] 136084459614841 97890 1072581888
      ✓ should mint for amount=1
[FEE] 135178573324097 97640 1068169916
      ✓ should mint for amount=1
[FEE] 134330518237359 97406 1064018638
      ✓ should mint for amount=1
[FEE] 133536601901881 97187 1060113582
      ✓ should mint for amount=1
[FEE] 132791915348393 96981 1056440961
      ✓ should mint for amount=1
[FEE] 132094440886134 96788 1052987655
      ✓ should mint for amount=1
[FEE] 131439556808357 96606 1049741194
      ✓ should mint for amount=1
[FEE] 130828211238876 96437 1046689738
      ✓ should mint for amount=1
[FEE] 130254661442080 96278 1043822055
      ✓ should mint for amount=1
[FEE] 129717356003354 96129 1041127500
      ✓ should mint for amount=1
[FEE] 129214835390659 95990 1038595990
      ✓ should mint for amount=1
[FEE] 128743041652441 95859 1036217985
      ✓ should mint for amount=1
[FEE] 128300702894611 95736 1033984461
      ✓ should mint for amount=1
[FEE] 127886623500955 95621 1031886889
      ✓ should mint for amount=1
[FEE] 127498345251200 95513 1029917213
      ✓ should mint for amount=1
[FEE] 127134820362475 95412 1028067828
      ✓ should mint for amount=1
[FEE] 126793734240613 95317 1026331556
      ✓ should mint for amount=1
[FEE] 126474168882736 95228 1024701626
      ✓ should mint for amount=1
[FEE] 126175262448010 95145 1023171656
      ✓ should mint for amount=1
[FEE] 125894881304437 95067 1021735629
      ✓ should mint for amount=1
[FEE] 125632271185695 94994 1020387877
      ✓ should mint for amount=1
[FEE] 125385403065471 94925 1019123061
      ✓ should mint for amount=1
[FEE] 125152297731145 94859 1017936155
      ✓ should mint for amount=1
[FEE] 124936293789081 94799 1016822428
      ✓ should mint for amount=1
[FEE] 124732851822329 94742 1015777428
      ✓ should mint for amount=1
[FEE] 124541430311838 94688 1014796966
      ✓ should mint for amount=1
[FEE] 124364149048758 94639 1013877101
      ✓ should mint for amount=1
[FEE] 124196585561409 94592 1013014129
      ✓ should mint for amount=1
[FEE] 124038295925278 94547 1012204567
      ✓ should mint for amount=1
[FEE] 123890174292251 94505 1011445140
      ✓ should mint for amount=1
[FEE] 123753136889735 94467 1010732771
      ✓ should mint for amount=1
[FEE] 123622884273537 94430 1010064568
      ✓ should mint for amount=1
[FEE] 123502999967523 94397 1009437813
      ✓ should mint for amount=1
[FEE] 123390541620025 94366 1008849954
      ✓ should mint for amount=1
[FEE] 123282593169537 94335 1008298594
      ✓ should mint for amount=1
[FEE] 123182793527510 94307 1007781481
      ✓ should mint for amount=1
[FEE] 123089568921178 94281 1007296500
      ✓ should mint for amount=1
[FEE] 123002669707253 94257 1006841665
      ✓ should mint for amount=1
[FEE] 122921861991736 94235 1006415113
      ✓ should mint for amount=1
[FEE] 122844318419517 94213 1006015093
      ✓ should mint for amount=1
[FEE] 122772442968718 94193 1005639962
      ✓ should mint for amount=1
[FEE] 122704739733518 94174 1005288179
      ✓ should mint for amount=1
[FEE] 122642331443286 94157 1004958296
      ✓ should mint for amount=1
[FEE] 122582444004425 94140 1004648954
      ✓ should mint for amount=1
[FEE] 122527524146341 94125 1004358879
      ✓ should mint for amount=1
[FEE] 122476121202015 94111 1004086875
      ✓ should mint for amount=1
[FEE] 122428096290112 94098 1003831820
      ✓ should mint for amount=1
[FEE] 122382018271763 94085 1003592660
      ✓ should mint for amount=1
[FEE] 122339066470983 94073 1003368408
      ✓ should mint for amount=1
[FEE] 122299126305834 94062 1003158137
      ✓ should mint for amount=1
[FEE] 122260790365315 94051 1002960977
      ✓ should mint for amount=1
[FEE] 122225258331822 94041 1002776112
      ✓ should mint for amount=1
[FEE] 122191136418649 94031 1002602778
      ✓ should mint for amount=1
[FEE] 122159635825913 94022 1002440256
      ✓ should mint for amount=1
[FEE] 122130673536990 94014 1002287873
      ✓ should mint for amount=1
[FEE] 122102872877335 94006 1002144998
      ✓ should mint for amount=1
[FEE] 122077460137345 93999 1002011039
      ✓ should mint for amount=1
[FEE] 122054366818949 93993 1001885440
      ✓ should mint for amount=1
[FEE] 122030931860084 93986 1001767679
      ✓ should mint for amount=1
[FEE] 122009692689512 93980 1001657269
      ✓ should mint for amount=1
[FEE] 121990592799611 93975 1001553751
      ✓ should mint for amount=1
[FEE] 121970983298104 93969 1001456695
      ✓ should mint for amount=1
[FEE] 121953411201797 93964 1001365699
      ✓ should mint for amount=1
[FEE] 121937829883712 93960 1001280384
      ✓ should mint for amount=1
[FEE] 121921600617072 93955 1001200397
      ✓ should mint for amount=1
[FEE] 121907278063564 93951 1001125404
      ✓ should mint for amount=1
[FEE] 121894823984586 93948 1001055094
      ✓ should mint for amount=1
[FEE] 121880310339830 93943 1000989175
      ✓ should mint for amount=1
[FEE] 121868893419464 93940 1000927373
      ✓ should mint for amount=1
[FEE] 121857946942784 93937 1000869431
      ✓ should mint for amount=1
[FEE] 121848738683596 93935 1000815108
      ✓ should mint for amount=1
[FEE] 121838646699159 93932 1000764178
      ✓ should mint for amount=1
[FEE] 121828942492947 93929 1000716430
      ✓ should mint for amount=1
[FEE] 121820898654509 93927 1000671664
      ✓ should mint for amount=1
[FEE] 121813195545255 93925 1000629695
      ✓ should mint for amount=1
[FEE] 121805811839993 93923 1000590348
      ✓ should mint for amount=1
[FEE] 121798727554391 93921 1000553459
      ✓ should mint for amount=1
[FEE] 121793220821035 93920 1000518875
      ✓ should mint for amount=1
[FEE] 121786680377277 93918 1000486451
      ✓ should mint for amount=1
[FEE] 121781683410990 93917 1000456053
      ✓ should mint for amount=1
[FEE] 121775621021197 93915 1000427554
      ✓ should mint for amount=1
[FEE] 121771072187440 93914 1000400836
      ✓ should mint for amount=1
[FEE] 121766726575266 93913 1000375787
      ✓ should mint for amount=1
[FEE] 121761274959031 93911 1000352303
      ✓ should mint for amount=1
[FEE] 121757298675115 93910 1000330287
      ✓ should mint for amount=1
[FEE] 121753489807495 93909 1000309646
      ✓ should mint for amount=1
[FEE] 121749838005092 93908 1000290295
      ✓ should mint for amount=1
[FEE] 121746333404120 93907 1000272153
      ✓ should mint for amount=1
[FEE] 121742966871485 93906 1000255145
      ✓ should mint for amount=1
[FEE] 121738433347610 93904 1000239200
      ✓ should mint for amount=1
[FEE] 121736613914979 93904 1000224251
      ✓ should mint for amount=1
[FEE] 121733611782679 93903 1000210236
      ✓ should mint for amount=1
[FEE] 121730716301803 93902 1000197097
      ✓ should mint for amount=1
[FEE] 121727920775146 93901 1000184779
      ✓ should mint for amount=1
[FEE] 121726515320815 93901 1000173231
      ✓ should mint for amount=1
[FEE] 121723901423628 93900 1000162405
      ✓ should mint for amount=1
[FEE] 121722666126647 93900 1000152255
      ✓ should mint for amount=1
[FEE] 121721507990088 93900 1000142739
      ✓ should mint for amount=1
[FEE] 121720422267490 93900 1000133818
      ✓ should mint for amount=1
[FEE] 121719404455800 93900 1000125455
      ✓ should mint for amount=1
[FEE] 121718450173669 93900 1000117614
      ✓ should mint for amount=1
[FEE] 121717555526565 93900 1000110263
      ✓ should mint for amount=1
[FEE] 121716716863363 93900 1000103372
      ✓ should mint for amount=1
[FEE] 121715930532940 93900 1000096911
      ✓ should mint for amount=1
[FEE] 121715193370988 93900 1000090854
      ✓ should mint for amount=1
[FEE] 121714502334904 93900 1000085176
      ✓ should mint for amount=1
[FEE] 121713854503787 93900 1000079853
      ✓ should mint for amount=1
[FEE] 121713247078444 93900 1000074862
      ✓ should mint for amount=1
[FEE] 121712677624792 93900 1000070183
      ✓ should mint for amount=1
[FEE] 121712143830451 93900 1000065797
      ✓ should mint for amount=1
[FEE] 121711643383043 93900 1000061685
      ✓ should mint for amount=1
[FEE] 121708581856321 93898 1000057830
      ✓ should mint for amount=1
[FEE] 121708142026941 93898 1000054216
      ✓ should mint for amount=1
[FEE] 121707729702110 93898 1000050828
      ✓ should mint for amount=1
[FEE] 121707343056306 93898 1000047651
      ✓ should mint for amount=1
[FEE] 121706980629108 93898 1000044673
      ✓ should mint for amount=1
[FEE] 121705344680430 93897 1000041881
      ✓ should mint for amount=1
[FEE] 121705026069181 93897 1000039263
      ✓ should mint for amount=1
[FEE] 121704727416773 93897 1000036809
      ✓ should mint for amount=1
[FEE] 121703151236092 93896 1000034508
      ✓ should mint for amount=1
[FEE] 121702888731453 93896 1000032351
      ✓ should mint for amount=1
[FEE] 121702642656173 93896 1000030329
      ✓ should mint for amount=1
[FEE] 121702411914961 93896 1000028433
      ✓ should mint for amount=1
[FEE] 121702195655924 93896 1000026656
      ✓ should mint for amount=1
[FEE] 121701992905470 93896 1000024990
      ✓ should mint for amount=1
[FEE] 121701802811708 93896 1000023428
      ✓ should mint for amount=1
[FEE] 121701624644442 93896 1000021964
      ✓ should mint for amount=1
[FEE] 121700161421408 93895 1000020591
      ✓ should mint for amount=1
[FEE] 121698708667820 93894 1000019304
      ✓ should mint for amount=1
[FEE] 121698561902011 93894 1000018098
      ✓ should mint for amount=1
[FEE] 121698424263428 93894 1000016967
      ✓ should mint for amount=1
[FEE] 121698295265287 93894 1000015907
      ✓ should mint for amount=1
[FEE] 121698174299106 93894 1000014913
      ✓ should mint for amount=1
[FEE] 121698060878099 93894 1000013981
      ✓ should mint for amount=1
[FEE] 121697954515481 93894 1000013107
      ✓ should mint for amount=1
[FEE] 121697854846162 93894 1000012288
      ✓ should mint for amount=1
[FEE] 121697761383358 93894 1000011520
      ✓ should mint for amount=1
[FEE] 121697673761980 93894 1000010800
      ✓ should mint for amount=1
[FEE] 121697591616937 93894 1000010125
      ✓ should mint for amount=1
[FEE] 121697514583141 93894 1000009492
      ✓ should mint for amount=1
[FEE] 121697442417200 93894 1000008899
      ✓ should mint for amount=1
[FEE] 121696078639526 93893 1000008343
      ✓ should mint for amount=1
[FEE] 121696015236398 93893 1000007822
      ✓ should mint for amount=1
[FEE] 121694659614322 93892 1000007333
      ✓ should mint for amount=1
[FEE] 121694603878576 93892 1000006875
      ✓ should mint for amount=1
[FEE] 121694551550256 93892 1000006445
      ✓ should mint for amount=1
[FEE] 121693206396152 93891 1000006042
      ✓ should mint for amount=1
[FEE] 121693160396398 93891 1000005664
      ✓ should mint for amount=1
[FEE] 121693117317263 93891 1000005310
      ✓ should mint for amount=1
[FEE] 121693076915362 93891 1000004978
      ✓ should mint for amount=1
[FEE] 121693039069004 93891 1000004667
      ✓ should mint for amount=1
[FEE] 121693003534802 93891 1000004375
      ✓ should mint for amount=1
[FEE] 121691674203756 93890 1000004102
      ✓ should mint for amount=1
[FEE] 121691643050815 93890 1000003846
      ✓ should mint for amount=1
[FEE] 121691613844933 93890 1000003606
      ✓ should mint for amount=1
[FEE] 121691586464419 93890 1000003381
      ✓ should mint for amount=1
[FEE] 121691560787581 93890 1000003170
      ✓ should mint for amount=1
[FEE] 121691536692728 93890 1000002972
      ✓ should mint for amount=1
[FEE] 121691514058169 93890 1000002786
      ✓ should mint for amount=1
[FEE] 121691492883905 93890 1000002612
      ✓ should mint for amount=1
[FEE] 121691473048243 93890 1000002449
      ✓ should mint for amount=1
[FEE] 121690158322832 93889 1000002296
      ✓ should mint for amount=1
[FEE] 121691437027656 93890 1000002153
      ✓ should mint for amount=1
[FEE] 121690124493046 93889 1000002018
      ✓ should mint for amount=1
[FEE] 121691405266259 93890 1000001892
      ✓ should mint for amount=1
[FEE] 121691390906700 93890 1000001774
      ✓ should mint for amount=1
[FEE] 121691377398980 93890 1000001663
      ✓ should mint for amount=1
[FEE] 121691364743098 93890 1000001559
      ✓ should mint for amount=1
[FEE] 121691352939054 93890 1000001462
      ✓ should mint for amount=1
[FEE] 121691341865157 93890 1000001371
      ✓ should mint for amount=1
[FEE] 121691331399716 93890 1000001285
      ✓ should mint for amount=1
[FEE] 121691321664422 93890 1000001205
      ✓ should mint for amount=1
[FEE] 121691312537584 93890 1000001130
      ✓ should mint for amount=1
[FEE] 121691303897510 93890 1000001059
      ✓ should mint for amount=1
[FEE] 121691295865893 93890 1000000993
      ✓ should mint for amount=1
[FEE] 121691288321040 93890 1000000931
      ✓ should mint for amount=1
[FEE] 121691281262952 93890 1000000873
      ✓ should mint for amount=1
[FEE] 121689978465191 93889 1000000818
      ✓ should mint for amount=1
[FEE] 121691268363687 93890 1000000767
      ✓ should mint for amount=1
[FEE] 121689966417893 93889 1000000719
      ✓ should mint for amount=1
[FEE] 121688664837290 93888 1000000674
      ✓ should mint for amount=1
[FEE] 121688659726369 93888 1000000632
      ✓ should mint for amount=1
[FEE] 121689951084969 93889 1000000593
      ✓ should mint for amount=1
[FEE] 121691242686849 93890 1000000556
      ✓ should mint for amount=1
[FEE] 121691238427658 93890 1000000521
      ✓ should mint for amount=1
[FEE] 121691234411849 93890 1000000488
      ✓ should mint for amount=1
[FEE] 121689934656835 93889 1000000458
      ✓ should mint for amount=1
[FEE] 121688635023587 93888 1000000429
      ✓ should mint for amount=1
[FEE] 121687335633789 93887 1000000402
      ✓ should mint for amount=1
[FEE] 121688628695781 93888 1000000377
      ✓ should mint for amount=1
[FEE] 121687329671112 93887 1000000353
      ✓ should mint for amount=1
[FEE] 121688623098106 93888 1000000331
      ✓ should mint for amount=1
[FEE] 121689916646733 93889 1000000310
      ✓ should mint for amount=1
[FEE] 121691210438688 93890 1000000291
      ✓ should mint for amount=1
[FEE] 121691208248247 93890 1000000273
      ✓ should mint for amount=1
[FEE] 121691206179497 93890 1000000256
      ✓ should mint for amount=1
[FEE] 121691204232438 93890 1000000240
      ✓ should mint for amount=1
[FEE] 121691202407070 93890 1000000225
      ✓ should mint for amount=1
[FEE] 121691200703394 93890 1000000211
      ✓ should mint for amount=1
[FEE] 121691199121408 93890 1000000198
      ✓ should mint for amount=1
[FEE] 121691197661114 93890 1000000186
      ✓ should mint for amount=1
[FEE] 121689900096909 93889 1000000174
      ✓ should mint for amount=1
[FEE] 121689898758321 93889 1000000163
      ✓ should mint for amount=1
[FEE] 121691193645306 93890 1000000153
      ✓ should mint for amount=1
[FEE] 121691192428394 93890 1000000143
      ✓ should mint for amount=1
[FEE] 121689895229314 93889 1000000134
      ✓ should mint for amount=1
[FEE] 121688598151946 93888 1000000126
      ✓ should mint for amount=1
[FEE] 121687301074599 93887 1000000118
      ✓ should mint for amount=1
[FEE] 121686004118959 93886 1000000111
      ✓ should mint for amount=1
[FEE] 121687299370977 93887 1000000104
      ✓ should mint for amount=1
[FEE] 121687298640854 93887 1000000098
      ✓ should mint for amount=1
[FEE] 121686001806925 93886 1000000092
      ✓ should mint for amount=1
[FEE] 121686001076809 93886 1000000086
      ✓ should mint for amount=1
[FEE] 121686000468379 93886 1000000081
      ✓ should mint for amount=1
[FEE] 121685999859949 93886 1000000076
      ✓ should mint for amount=1
[FEE] 121687295355297 93887 1000000071
      ✓ should mint for amount=1
[FEE] 121688590972320 93888 1000000067
      ✓ should mint for amount=1
[FEE] 121689886589333 93889 1000000063
      ✓ should mint for amount=1
[FEE] 121689886102573 93889 1000000059
      ✓ should mint for amount=1
[FEE] 121691181719570 93890 1000000055
      ✓ should mint for amount=1
[FEE] 121691181354497 93890 1000000052
      ✓ should mint for amount=1
[FEE] 121691180989423 93890 1000000049
      ✓ should mint for amount=1
[FEE] 121689884520605 93889 1000000046
      ✓ should mint for amount=1
[FEE] 121691180259276 93890 1000000043
      ✓ should mint for amount=1
[FEE] 121691179894203 93890 1000000040
      ✓ should mint for amount=1
[FEE] 121691179650820 93890 1000000038
      ✓ should mint for amount=1
[FEE] 121691179407438 93890 1000000036
      ✓ should mint for amount=1
[FEE] 121691179164056 93890 1000000034
      ✓ should mint for amount=1
[FEE] 121689882816946 93889 1000000032
      ✓ should mint for amount=1
[FEE] 121688586469842 93888 1000000030
      ✓ should mint for amount=1
[FEE] 121687290122743 93887 1000000028
      ✓ should mint for amount=1
[FEE] 121687289879369 93887 1000000026
      ✓ should mint for amount=1
[FEE] 121688585739711 93888 1000000024
      ✓ should mint for amount=1
[FEE] 121688585618022 93888 1000000023
      ✓ should mint for amount=1
[FEE] 121688585496334 93888 1000000022
      ✓ should mint for amount=1
[FEE] 121688585374645 93888 1000000021
      ✓ should mint for amount=1
[FEE] 121688585252957 93888 1000000020
      ✓ should mint for amount=1
[FEE] 121689881234978 93889 1000000019
      ✓ should mint for amount=1
[FEE] 121691177216997 93890 1000000018
      ✓ should mint for amount=1
[FEE] 121691177095306 93890 1000000017
      ✓ should mint for amount=1
[FEE] 121689880869908 93889 1000000016
      ✓ should mint for amount=1
[FEE] 121691176851923 93890 1000000015
      ✓ should mint for amount=1
[FEE] 121689880626529 93889 1000000014
      ✓ should mint for amount=1
[FEE] 121691176608541 93890 1000000013
      ✓ should mint for amount=1
[FEE] 121691176486850 93890 1000000012
      ✓ should mint for amount=1
[FEE] 121689880261459 93889 1000000011
      ✓ should mint for amount=1
[FEE] 121691176243468 93890 1000000010
      ✓ should mint for amount=1
[FEE] 121689880018079 93889 1000000009
      ✓ should mint for amount=1
[FEE] 121688583792694 93888 1000000008
      ✓ should mint for amount=1
[FEE] 121689879896389 93889 1000000008
      ✓ should mint for amount=1
[FEE] 121691176000085 93890 1000000008
      ✓ should mint for amount=1
[FEE] 121691176000085 93890 1000000008
      ✓ should mint for amount=1
[FEE] 121691176000085 93890 1000000008
      ✓ should mint for amount=1
[FEE] 121691176000085 93890 1000000008
      ✓ should mint for amount=1
[FEE] 121691176000085 93890 1000000008
      ✓ should mint for amount=1
[FEE] 121691176000085 93890 1000000008
      ✓ should mint for amount=1
[FEE] 121689879896389 93889 1000000008
      ✓ should mint for amount=1
[FEE] 121689879896389 93889 1000000008
      ✓ should mint for amount=1
[FEE] 121688583792694 93888 1000000008
      ✓ should mint for amount=1
[FEE] 121689879896389 93889 1000000008
      ✓ should mint for amount=1
[FEE] 121689879896389 93889 1000000008
      ✓ should mint for amount=1
[FEE] 121689879896389 93889 1000000008
      ✓ should mint for amount=1
[FEE] 121691176000085 93890 1000000008
      ✓ should mint for amount=1
[FEE] 121691176000085 93890 1000000008
      ✓ should mint for amount=1
[FEE] 121689879896389 93889 1000000008
      ✓ should mint for amount=1
[FEE] 121691176000085 93890 1000000008
      ✓ should mint for amount=1
[FEE] 121691176000085 93890 1000000008
      ✓ should mint for amount=1
[FEE] 121691176000085 93890 1000000008
      ✓ should mint for amount=1
[FEE] 121691176000085 93890 1000000008
      ✓ should mint for amount=1
[FEE] 121691176000085 93890 1000000008
      ✓ should mint for amount=1
[FEE] 121689879896389 93889 1000000008
      ✓ should mint for amount=1
[FEE] 121688583792694 93888 1000000008
      ✓ should mint for amount=1
[FEE] 121689879896389 93889 1000000008
      ✓ should mint for amount=1
[FEE] 121691176000085 93890 1000000008
      ✓ should mint for amount=1
[FEE] 121691176000085 93890 1000000008
      ✓ should mint for amount=1
[FEE] 121691176000085 93890 1000000008
      ✓ should mint for amount=1
[FEE] 121689879896389 93889 1000000008
      ✓ should mint for amount=1
[FEE] 121691176000085 93890 1000000008
      ✓ should mint for amount=1
[FEE] 121689879896389 93889 1000000008
      ✓ should mint for amount=1
[FEE] 121688583792694 93888 1000000008
      ✓ should mint for amount=1
[FEE] 121688583792694 93888 1000000008
      ✓ should mint for amount=1
[FEE] 121689879896389 93889 1000000008
      ✓ should mint for amount=1
[FEE] 121691176000085 93890 1000000008
      ✓ should mint for amount=1
[FEE] 121691176000085 93890 1000000008
      ✓ should mint for amount=1
[FEE] 121691176000085 93890 1000000008
      ✓ should mint for amount=1
[FEE] 121691176000085 93890 1000000008
      ✓ should mint for amount=1
[FEE] 121691176000085 93890 1000000008
      ✓ should mint for amount=1
[FEE] 121689879896389 93889 1000000008
      ✓ should mint for amount=1
[FEE] 121691176000085 93890 1000000008
      ✓ should mint for amount=1
[FEE] 121691176000085 93890 1000000008
      ✓ should mint for amount=1
[FEE] 121691176000085 93890 1000000008
      ✓ should mint for amount=1
[FEE] 121689879896389 93889 1000000008
      ✓ should mint for amount=1
[FEE] 121691176000085 93890 1000000008
      ✓ should mint for amount=1
[FEE] 121691176000085 93890 1000000008
      ✓ should mint for amount=1
[FEE] 121691176000085 93890 1000000008
      ✓ should mint for amount=1
[FEE] 121691176000085 93890 1000000008
      ✓ should mint for amount=1
[FEE] 121691176000085 93890 1000000008
      ✓ should mint for amount=1
[FEE] 121691176000085 93890 1000000008
      ✓ should mint for amount=1
[FEE] 121691176000085 93890 1000000008
      ✓ should mint for amount=1
[FEE] 121691176000085 93890 1000000008
      ✓ should mint for amount=1
[FEE] 121691176000085 93890 1000000008
      ✓ should mint for amount=1
[FEE] 121691176000085 93890 1000000008
      ✓ should mint for amount=1
[FEE] 121691176000085 93890 1000000008
      ✓ should mint for amount=1
[FEE] 121689879896389 93889 1000000008
      ✓ should mint for amount=1
[FEE] 121691176000085 93890 1000000008
      ✓ should mint for amount=1
[FEE] 121691176000085 93890 1000000008
      ✓ should mint for amount=1
[FEE] 121689879896389 93889 1000000008
      ✓ should mint for amount=1
[FEE] 121691176000085 93890 1000000008
      ✓ should mint for amount=1
[FEE] 121689879896389 93889 1000000008
      ✓ should mint for amount=1
[FEE] 121689879896389 93889 1000000008
      ✓ should mint for amount=1
[FEE] 121689879896389 93889 1000000008
      ✓ should mint for amount=1
[FEE] 121689879896389 93889 1000000008
      ✓ should mint for amount=1
[FEE] 121691176000085 93890 1000000008
      ✓ should mint for amount=1
[FEE] 121691176000085 93890 1000000008
      ✓ should mint for amount=1
[FEE] 121691176000085 93890 1000000008
      ✓ should mint for amount=1
[FEE] 121691176000085 93890 1000000008
      ✓ should mint for amount=1
[FEE] 121691176000085 93890 1000000008
      ✓ should mint for amount=1
[FEE] 121691176000085 93890 1000000008
      ✓ should mint for amount=1
[FEE] 121691176000085 93890 1000000008
      ✓ should mint for amount=1
[FEE] 121691176000085 93890 1000000008
      ✓ should mint for amount=1
[FEE] 121689879896389 93889 1000000008
      ✓ should mint for amount=1
[FEE] 121691176000085 93890 1000000008
      ✓ should mint for amount=1
[FEE] 121691176000085 93890 1000000008
      ✓ should mint for amount=1
[FEE] 121689879896389 93889 1000000008
      ✓ should mint for amount=1
[FEE] 121691176000085 93890 1000000008
      ✓ should mint for amount=1
[FEE] 121691176000085 93890 1000000008
      ✓ should mint for amount=1
[FEE] 121691176000085 93890 1000000008
      ✓ should mint for amount=1
[FEE] 121689879896389 93889 1000000008
      ✓ should mint for amount=1
[FEE] 121691176000085 93890 1000000008
      ✓ should mint for amount=1
[FEE] 121691176000085 93890 1000000008
      ✓ should mint for amount=1
[FEE] 121691176000085 93890 1000000008
      ✓ should mint for amount=1
[FEE] 121691176000085 93890 1000000008
      ✓ should mint for amount=1
[FEE] 121691176000085 93890 1000000008
      ✓ should mint for amount=1
[FEE] 121691176000085 93890 1000000008
      ✓ should mint for amount=1
[FEE] 121691176000085 93890 1000000008
      ✓ should mint for amount=1
[FEE] 121691176000085 93890 1000000008
      ✓ should mint for amount=1
[FEE] 121691176000085 93890 1000000008
      ✓ should mint for amount=1
[FEE] 121691176000085 93890 1000000008
      ✓ should mint for amount=1
[FEE] 121691176000085 93890 1000000008
      ✓ should mint for amount=1
[FEE] 121691176000085 93890 1000000008
      ✓ should mint for amount=1
[FEE] 121689879896389 93889 1000000008
      ✓ should mint for amount=1
[FEE] 121689879896389 93889 1000000008
      ✓ should mint for amount=1
[FEE] 121691176000085 93890 1000000008
      ✓ should mint for amount=1
[FEE] 121691176000085 93890 1000000008
      ✓ should mint for amount=1
[FEE] 121689879896389 93889 1000000008
      ✓ should mint for amount=1
[FEE] 121688583792694 93888 1000000008
      ✓ should mint for amount=1
[FEE] 121687287688998 93887 1000000008
      ✓ should mint for amount=1
[FEE] 121687287688998 93887 1000000008
      ✓ should mint for amount=1
[FEE] 121687287688998 93887 1000000008
      ✓ should mint for amount=1
[FEE] 121687287688998 93887 1000000008
      ✓ should mint for amount=1
[FEE] 121687287688998 93887 1000000008
      ✓ should mint for amount=1
[FEE] 121687287688998 93887 1000000008
      ✓ should mint for amount=1
[FEE] 121688583792694 93888 1000000008
      ✓ should mint for amount=1
[FEE] 121689879896389 93889 1000000008
      ✓ should mint for amount=1
[FEE] 121688583792694 93888 1000000008
      ✓ should mint for amount=1
[FEE] 121689879896389 93889 1000000008
      ✓ should mint for amount=1
[FEE] 121691176000085 93890 1000000008
      ✓ should mint for amount=1
[FEE] 121691176000085 93890 1000000008
      ✓ should mint for amount=1
[FEE] 121689879896389 93889 1000000008
      ✓ should mint for amount=1
[FEE] 121691176000085 93890 1000000008
      ✓ should mint for amount=1
[FEE] 121689879896389 93889 1000000008
      ✓ should mint for amount=1
[FEE] 121691176000085 93890 1000000008
      ✓ should mint for amount=1
[FEE] 121691176000085 93890 1000000008
      ✓ should mint for amount=1
[FEE] 121691176000085 93890 1000000008
      ✓ should mint for amount=1
[FEE] 121689879896389 93889 1000000008
      ✓ should mint for amount=1
[FEE] 121689879896389 93889 1000000008
      ✓ should mint for amount=1
[FEE] 121691176000085 93890 1000000008
      ✓ should mint for amount=1
[FEE] 121691176000085 93890 1000000008
      ✓ should mint for amount=1
[FEE] 121691176000085 93890 1000000008
      ✓ should mint for amount=1
[FEE] 121691176000085 93890 1000000008
      ✓ should mint for amount=1
[FEE] 121691176000085 93890 1000000008
      ✓ should mint for amount=1
[FEE] 121689879896389 93889 1000000008
      ✓ should mint for amount=1
[FEE] 121689879896389 93889 1000000008
      ✓ should mint for amount=1
[FEE] 121689879896389 93889 1000000008
      ✓ should mint for amount=1
[FEE] 121688583792694 93888 1000000008
      ✓ should mint for amount=1
[FEE] 121689879896389 93889 1000000008
      ✓ should mint for amount=1
[FEE] 121689879896389 93889 1000000008
      ✓ should mint for amount=1
[FEE] 121691176000085 93890 1000000008
      ✓ should mint for amount=1
[FEE] 121691176000085 93890 1000000008
      ✓ should mint for amount=1
[FEE] 121691176000085 93890 1000000008
      ✓ should mint for amount=1
[FEE] 121689879896389 93889 1000000008
      ✓ should mint for amount=1
[FEE] 121691176000085 93890 1000000008
      ✓ should mint for amount=1
[FEE] 121689879896389 93889 1000000008
      ✓ should mint for amount=1
[FEE] 121689879896389 93889 1000000008
      ✓ should mint for amount=1
[FEE] 121691176000085 93890 1000000008
      ✓ should mint for amount=1
[FEE] 121691176000085 93890 1000000008
      ✓ should mint for amount=1
[FEE] 121691176000085 93890 1000000008
      ✓ should mint for amount=1
[FEE] 121691176000085 93890 1000000008
      ✓ should mint for amount=1
[FEE] 121691176000085 93890 1000000008
      ✓ should mint for amount=1
[FEE] 121691176000085 93890 1000000008
      ✓ should mint for amount=1
[FEE] 121691176000085 93890 1000000008
      ✓ should mint for amount=1
[FEE] 121691176000085 93890 1000000008
      ✓ should mint for amount=1
[FEE] 121691176000085 93890 1000000008
      ✓ should mint for amount=1
[FEE] 121691176000085 93890 1000000008
      ✓ should mint for amount=1
[FEE] 121691176000085 93890 1000000008
      ✓ should mint for amount=1
[FEE] 121691176000085 93890 1000000008
      ✓ should mint for amount=1
[FEE] 121691176000085 93890 1000000008
      ✓ should mint for amount=1
[FEE] 121691176000085 93890 1000000008
      ✓ should mint for amount=1
[FEE] 121691176000085 93890 1000000008
      ✓ should mint for amount=1
[FEE] 121691176000085 93890 1000000008
      ✓ should mint for amount=1
[FEE] 121691176000085 93890 1000000008
      ✓ should mint for amount=1
[FEE] 121691176000085 93890 1000000008
      ✓ should mint for amount=1
[FEE] 121691176000085 93890 1000000008
      ✓ should mint for amount=1
[FEE] 121691176000085 93890 1000000008
      ✓ should mint for amount=1
[FEE] 121691176000085 93890 1000000008
      ✓ should mint for amount=1
[FEE] 121691176000085 93890 1000000008
      ✓ should mint for amount=1
[FEE] 121691176000085 93890 1000000008
      ✓ should mint for amount=1
[FEE] 121689879896389 93889 1000000008
      ✓ should mint for amount=1
[FEE] 121689879896389 93889 1000000008
      ✓ should mint for amount=1
[FEE] 121688583792694 93888 1000000008
      ✓ should mint for amount=1
[FEE] 121688583792694 93888 1000000008
      ✓ should mint for amount=1
[FEE] 121688583792694 93888 1000000008
      ✓ should mint for amount=1
[FEE] 121688583792694 93888 1000000008
      ✓ should mint for amount=1
[FEE] 121688583792694 93888 1000000008
      ✓ should mint for amount=1
[FEE] 121688583792694 93888 1000000008
      ✓ should mint for amount=1
[FEE] 121689879896389 93889 1000000008
      ✓ should mint for amount=1
[FEE] 121688583792694 93888 1000000008
      ✓ should mint for amount=1
[FEE] 121689879896389 93889 1000000008
      ✓ should mint for amount=1
[FEE] 121691176000085 93890 1000000008
      ✓ should mint for amount=1
[FEE] 121691176000085 93890 1000000008
      ✓ should mint for amount=1
[FEE] 121691176000085 93890 1000000008
      ✓ should mint for amount=1
[FEE] 121689879896389 93889 1000000008
      ✓ should mint for amount=1
[FEE] 121689879896389 93889 1000000008
      ✓ should mint for amount=1
[FEE] 121691176000085 93890 1000000008
      ✓ should mint for amount=1
[FEE] 121689879896389 93889 1000000008
      ✓ should mint for amount=1
[FEE] 121688583792694 93888 1000000008
      ✓ should mint for amount=1
[FEE] 121688583792694 93888 1000000008
      ✓ should mint for amount=1
[FEE] 121689879896389 93889 1000000008
      ✓ should mint for amount=1
[FEE] 121691176000085 93890 1000000008
      ✓ should mint for amount=1
[FEE] 121689879896389 93889 1000000008
      ✓ should mint for amount=1
[FEE] 121691176000085 93890 1000000008
      ✓ should mint for amount=1
[FEE] 121689879896389 93889 1000000008
      ✓ should mint for amount=1
[FEE] 121689879896389 93889 1000000008
      ✓ should mint for amount=1
[FEE] 121691176000085 93890 1000000008
      ✓ should mint for amount=1
[FEE] 121691176000085 93890 1000000008
      ✓ should mint for amount=1
[FEE] 121691176000085 93890 1000000008
      ✓ should mint for amount=1
[FEE] 121689879896389 93889 1000000008
      ✓ should mint for amount=1
[FEE] 121688583792694 93888 1000000008
      ✓ should mint for amount=1
[FEE] 121688583792694 93888 1000000008
      ✓ should mint for amount=1
[FEE] 121688583792694 93888 1000000008
      ✓ should mint for amount=1
[FEE] 121689879896389 93889 1000000008
      ✓ should mint for amount=1
[FEE] 121691176000085 93890 1000000008
      ✓ should mint for amount=1
[FEE] 121691176000085 93890 1000000008
      ✓ should mint for amount=1
[FEE] 121691176000085 93890 1000000008
      ✓ should mint for amount=1
[FEE] 121691176000085 93890 1000000008
      ✓ should mint for amount=1
[FEE] 121689879896389 93889 1000000008
      ✓ should mint for amount=1
[FEE] 121691176000085 93890 1000000008
      ✓ should mint for amount=1
[FEE] 121691176000085 93890 1000000008
      ✓ should mint for amount=1
[FEE] 121691176000085 93890 1000000008
      ✓ should mint for amount=1
[FEE] 121689879896389 93889 1000000008
      ✓ should mint for amount=1

·----------------------------------------|---------------------------|-------------|----------------------------·
|          [90mSolc version: 0.8.17[39m          ·  [90mOptimizer enabled: true[39m  ·  [90mRuns: 200[39m  ·  [90mBlock limit: 8000000 gas[39m  │
·········································|···························|·············|·····························
|  [32m[1mMethods[22m[39m                                                                                                      │
···················|·····················|·············|·············|·············|··············|··············
|  [1mContract[22m        ·  [1mMethod[22m             ·  [32mMin[39m        ·  [32mMax[39m        ·  [32mAvg[39m        ·  [1m# calls[22m     ·  [1musd (avg)[22m  │
···················|·····················|·············|·············|·············|··············|··············
|  [90mXPowerThorTest[39m  ·  init               ·          -  ·          -  ·      67353  ·           [90m1[39m  ·          [32m[90m-[32m[39m  │
···················|·····················|·············|·············|·············|··············|··············
|  [90mXPowerThorTest[39m  ·  mint               ·     [36m121672[39m  ·     [31m229523[39m  ·     125105  ·         [90m494[39m  ·          [32m[90m-[32m[39m  │
···················|·····················|·············|·············|·············|··············|··············
|  [90mXPowerThorTest[39m  ·  transferOwnership  ·          -  ·          -  ·      28656  ·           [90m1[39m  ·          [32m[90m-[32m[39m  │
···················|·····················|·············|·············|·············|··············|··············
|  [32m[1mDeployments[22m[39m                           ·                                         ·  [1m% of limit[22m  ·             │
·········································|·············|·············|·············|··············|··············
|  XPowerThorTest                        ·          -  ·          -  ·    3331941  ·      [90m41.6 %[39m  ·          [32m[90m-[32m[39m  │
·----------------------------------------|-------------|-------------|-------------|--------------|-------------·

  494 passing (24s)

