
> xpower@6.0.0 test-gas
> REPORT_GAS=true npm test ./test/contracts/XPower.fees.1-thor.test.js


> xpower@6.0.0 test
> hardhat test ./test/contracts/XPower.fees.1-thor.test.js


  XPowerThor
    mint
[FEE] 348784296808045 162287 1658186771
      ✓ should mint for amount=1
[FEE] 338606017338111 158013 1653339751
      ✓ should mint for amount=1
[FEE] 328233610505272 154005 1644403844
      ✓ should mint for amount=1
[FEE] 317840990817575 150247 1632166092
      ✓ should mint for amount=1
[FEE] 307561168063185 146724 1617300042
      ✓ should mint for amount=1
[FEE] 297494404692315 143422 1600380614
      ✓ should mint for amount=1
[FEE] 287712822462600 140327 1581897105
      ✓ should mint for amount=1
[FEE] 278265948332302 137425 1562264533
      ✓ should mint for amount=1
[FEE] 269191264575780 134705 1541833583
      ✓ should mint for amount=1
[FEE] 260509638532619 132155 1520899271
      ✓ should mint for amount=1
[FEE] 252232373290635 129764 1499708512
      ✓ should mint for amount=1
[FEE] 244361625668656 127521 1478466711
      ✓ should mint for amount=1
[FEE] 236901862280417 125420 1457343515
      ✓ should mint for amount=1
[FEE] 229842199145867 123450 1436477833
      ✓ should mint for amount=1
[FEE] 223173087504494 121603 1415982177
      ✓ should mint for amount=1
[FEE] 216881564216130 119871 1395946464
      ✓ should mint for amount=1
[FEE] 210953908038575 118247 1376441311
      ✓ should mint for amount=1
[FEE] 205376217700989 116725 1357520896
      ✓ should mint for amount=1
[FEE] 200131389377070 115298 1339225441
      ✓ should mint for amount=1
[FEE] 195201404412846 113959 1321583363
      ✓ should mint for amount=1
[FEE] 190572759323999 112704 1304613135
      ✓ should mint for amount=1
[FEE] 186231420001494 111529 1288324901
      ✓ should mint for amount=1
[FEE] 182158114992238 110427 1272721862
      ✓ should mint for amount=1
[FEE] 178338597455300 109394 1257801472
      ✓ should mint for amount=1
[FEE] 174757042794951 108425 1243556468
      ✓ should mint for amount=1
[FEE] 171401033275769 107517 1229975759
      ✓ should mint for amount=1
[FEE] 168255156770133 106665 1217045179
      ✓ should mint for amount=1
[FEE] 165309044401879 105867 1204748137
      ✓ should mint for amount=1
[FEE] 162549447585401 105119 1193066171
      ✓ should mint for amount=1
[FEE] 159965021530723 104418 1181979414
      ✓ should mint for amount=1
[FEE] 157543237203746 103760 1171466993
      ✓ should mint for amount=1
[FEE] 155276481933228 103144 1161507364
      ✓ should mint for amount=1
[FEE] 153152916119498 102566 1152078591
      ✓ should mint for amount=1
[FEE] 151164069134035 102024 1143158584
      ✓ should mint for amount=1
[FEE] 149301777288559 101516 1134725292
      ✓ should mint for amount=1
[FEE] 147558181483354 101040 1126756861
      ✓ should mint for amount=1
[FEE] 145925722216069 100594 1119231767
      ✓ should mint for amount=1
[FEE] 144395690338765 100175 1112128921
      ✓ should mint for amount=1
[FEE] 142963991418808 99783 1105427749
      ✓ should mint for amount=1
[FEE] 141622460192005 99415 1099108261
      ✓ should mint for amount=1
[FEE] 140364640899185 99069 1093151095
      ✓ should mint for amount=1
[FEE] 139188553656531 98746 1087537558
      ✓ should mint for amount=1
[FEE] 138086759373615 98443 1082249645
      ✓ should mint for amount=1
[FEE] 137054866191779 98159 1077270058
      ✓ should mint for amount=1
[FEE] 136088670748288 97893 1072582208
      ✓ should mint for amount=1
[FEE] 135182765300404 97643 1068170221
      ✓ should mint for amount=1
[FEE] 134334692085921 97409 1064018928
      ✓ should mint for amount=1
[FEE] 133538010685542 97188 1060113858
      ✓ should mint for amount=1
[FEE] 132791948281120 96981 1056441223
      ✓ should mint for amount=1
[FEE] 132094471997061 96788 1052987903
      ✓ should mint for amount=1
[FEE] 131440946806769 96607 1049741429
      ✓ should mint for amount=1
[FEE] 130828239112170 96437 1046689961
      ✓ should mint for amount=1
[FEE] 130253334870098 96277 1043822266
      ✓ should mint for amount=1
[FEE] 129716031387944 96128 1041127699
      ✓ should mint for amount=1
[FEE] 129213512651968 95989 1038596178
      ✓ should mint for amount=1
[FEE] 128741720597309 95858 1036218162
      ✓ should mint for amount=1
[FEE] 128299383465315 95735 1033984628
      ✓ should mint for amount=1
[FEE] 127885305650038 95620 1031887047
      ✓ should mint for amount=1
[FEE] 127495694061033 95511 1029917363
      ✓ should mint for amount=1
[FEE] 127132172833710 95410 1028067969
      ✓ should mint for amount=1
[FEE] 126791090206959 95315 1026331689
      ✓ should mint for amount=1
[FEE] 126470200075180 95225 1024701752
      ✓ should mint for amount=1
[FEE] 126171298589387 95142 1023171774
      ✓ should mint for amount=1
[FEE] 125890922155115 95064 1021735740
      ✓ should mint for amount=1
[FEE] 125626993875900 94990 1020387981
      ✓ should mint for amount=1
[FEE] 125381452454823 94922 1019123159
      ✓ should mint for amount=1
[FEE] 125150989814303 94858 1017936248
      ✓ should mint for amount=1
[FEE] 124934986694171 94798 1016822516
      ✓ should mint for amount=1
[FEE] 124730228908401 94740 1015777511
      ✓ should mint for amount=1
[FEE] 124538809320047 94686 1014797044
      ✓ should mint for amount=1
[FEE] 124361529945856 94637 1013877175
      ✓ should mint for amount=1
[FEE] 124193968200609 94590 1013014199
      ✓ should mint for amount=1
[FEE] 124036992090942 94546 1012204633
      ✓ should mint for amount=1
[FEE] 123890181886525 94505 1011445202
      ✓ should mint for amount=1
[FEE] 123753143991199 94467 1010732829
      ✓ should mint for amount=1
[FEE] 123624200031134 94431 1010064622
      ✓ should mint for amount=1
[FEE] 123503006207287 94397 1009437864
      ✓ should mint for amount=1
[FEE] 123390547490815 94366 1008850002
      ✓ should mint for amount=1
[FEE] 123285212390758 94337 1008298639
      ✓ should mint for amount=1
[FEE] 123186717229278 94310 1007781523
      ✓ should mint for amount=1
[FEE] 123093490369168 94284 1007296539
      ✓ should mint for amount=1
[FEE] 123006589141148 94260 1006841702
      ✓ should mint for amount=1
[FEE] 122924474981201 94237 1006415147
      ✓ should mint for amount=1
[FEE] 122845626226943 94214 1006015125
      ✓ should mint for amount=1
[FEE] 122773750044935 94194 1005639992
      ✓ should mint for amount=1
[FEE] 122706046108928 94175 1005288207
      ✓ should mint for amount=1
[FEE] 122642334616255 94157 1004958322
      ✓ should mint for amount=1
[FEE] 122582447054805 94140 1004648979
      ✓ should mint for amount=1
[FEE] 122527527074239 94125 1004358903
      ✓ should mint for amount=1
[FEE] 122476124007500 94111 1004086898
      ✓ should mint for amount=1
[FEE] 122426797781139 94097 1003831841
      ✓ should mint for amount=1
[FEE] 122379419190299 94083 1003592680
      ✓ should mint for amount=1
[FEE] 122336467848590 94071 1003368427
      ✓ should mint for amount=1
[FEE] 122295227909343 94059 1003158155
      ✓ should mint for amount=1
[FEE] 122256892613290 94048 1002960994
      ✓ should mint for amount=1
[FEE] 122222660878341 94039 1002776128
      ✓ should mint for amount=1
[FEE] 122189838769583 94030 1002602793
      ✓ should mint for amount=1
[FEE] 122158338265456 94021 1002440270
      ✓ should mint for amount=1
[FEE] 122129376052042 94013 1002287886
      ✓ should mint for amount=1
[FEE] 122102874339434 94006 1002145010
      ✓ should mint for amount=1
[FEE] 122076162767287 93998 1002011050
      ✓ should mint for amount=1
[FEE] 122050472394924 93990 1001885450
      ✓ should mint for amount=1
[FEE] 122028336288653 93984 1001767689
      ✓ should mint for amount=1
[FEE] 122005799030714 93977 1001657278
      ✓ should mint for amount=1
[FEE] 121986699421467 93972 1001553759
      ✓ should mint for amount=1
[FEE] 121967090297282 93966 1001456703
      ✓ should mint for amount=1
[FEE] 121950816306742 93962 1001365706
      ✓ should mint for amount=1
[FEE] 121935235209775 93958 1001280391
      ✓ should mint for amount=1
[FEE] 121920303688192 93954 1001200403
      ✓ should mint for amount=1
[FEE] 121904683669519 93949 1001125410
      ✓ should mint for amount=1
[FEE] 121892229772775 93946 1001055100
      ✓ should mint for amount=1
[FEE] 121879013684622 93942 1000989181
      ✓ should mint for amount=1
[FEE] 121867596844335 93939 1000927379
      ✓ should mint for amount=1
[FEE] 121856650442731 93936 1000869437
      ✓ should mint for amount=1
[FEE] 121846145093778 93933 1000815114
      ✓ should mint for amount=1
[FEE] 121837350335485 93931 1000764184
      ✓ should mint for amount=1
[FEE] 121828943101656 93929 1000716435
      ✓ should mint for amount=1
[FEE] 121820899263205 93927 1000671669
      ✓ should mint for amount=1
[FEE] 121813196153938 93925 1000629700
      ✓ should mint for amount=1
[FEE] 121805812326929 93923 1000590352
      ✓ should mint for amount=1
[FEE] 121798728041317 93921 1000553463
      ✓ should mint for amount=1
[FEE] 121793221186225 93920 1000518878
      ✓ should mint for amount=1
[FEE] 121786680742460 93918 1000486454
      ✓ should mint for amount=1
[FEE] 121781683776169 93917 1000456056
      ✓ should mint for amount=1
[FEE] 121776918044211 93916 1000427557
      ✓ should mint for amount=1
[FEE] 121772369175821 93915 1000400839
      ✓ should mint for amount=1
[FEE] 121768023531177 93914 1000375790
      ✓ should mint for amount=1
[FEE] 121763868444807 93913 1000352306
      ✓ should mint for amount=1
[FEE] 121758595572041 93911 1000330290
      ✓ should mint for amount=1
[FEE] 121754786677665 93910 1000309649
      ✓ should mint for amount=1
[FEE] 121751134850177 93909 1000290298
      ✓ should mint for amount=1
[FEE] 121746333769260 93907 1000272156
      ✓ should mint for amount=1
[FEE] 121742967236621 93906 1000255148
      ✓ should mint for amount=1
[FEE] 121738433712738 93904 1000239203
      ✓ should mint for amount=1
[FEE] 121734021491423 93902 1000224254
      ✓ should mint for amount=1
[FEE] 121732315771626 93902 1000210239
      ✓ should mint for amount=1
[FEE] 121729420307776 93901 1000197100
      ✓ should mint for amount=1
[FEE] 121726624797080 93900 1000184782
      ✓ should mint for amount=1
[FEE] 121725219357717 93900 1000173234
      ✓ should mint for amount=1
[FEE] 121723901667036 93900 1000162407
      ✓ should mint for amount=1
[FEE] 121722666370055 93900 1000152257
      ✓ should mint for amount=1
[FEE] 121721508233496 93900 1000142741
      ✓ should mint for amount=1
[FEE] 121720422510898 93900 1000133820
      ✓ should mint for amount=1
[FEE] 121719404577504 93900 1000125456
      ✓ should mint for amount=1
[FEE] 121718450295373 93900 1000117615
      ✓ should mint for amount=1
[FEE] 121717555648269 93900 1000110264
      ✓ should mint for amount=1
[FEE] 121716716985067 93900 1000103373
      ✓ should mint for amount=1
[FEE] 121715930654644 93900 1000096912
      ✓ should mint for amount=1
[FEE] 121715193492692 93900 1000090855
      ✓ should mint for amount=1
[FEE] 121714502456608 93900 1000085177
      ✓ should mint for amount=1
[FEE] 121713854503787 93900 1000079853
      ✓ should mint for amount=1
[FEE] 121713247078444 93900 1000074862
      ✓ should mint for amount=1
[FEE] 121712677624792 93900 1000070183
      ✓ should mint for amount=1
[FEE] 121712143830451 93900 1000065797
      ✓ should mint for amount=1
[FEE] 121710347199408 93899 1000061685
      ✓ should mint for amount=1
[FEE] 121709878034960 93899 1000057830
      ✓ should mint for amount=1
[FEE] 121709438200896 93899 1000054216
      ✓ should mint for amount=1
[FEE] 121709025871674 93899 1000050828
      ✓ should mint for amount=1
[FEE] 121708639221752 93899 1000047651
      ✓ should mint for amount=1
[FEE] 121708276790694 93899 1000044673
      ✓ should mint for amount=1
[FEE] 121707936996365 93899 1000041881
      ✓ should mint for amount=1
[FEE] 121707618378330 93899 1000039263
      ✓ should mint for amount=1
[FEE] 121704727416773 93897 1000036809
      ✓ should mint for amount=1
[FEE] 121704447384503 93897 1000034508
      ✓ should mint for amount=1
[FEE] 121702888731453 93896 1000032351
      ✓ should mint for amount=1
[FEE] 121702642656173 93896 1000030329
      ✓ should mint for amount=1
[FEE] 121702411914961 93896 1000028433
      ✓ should mint for amount=1
[FEE] 121702195655924 93896 1000026656
      ✓ should mint for amount=1
[FEE] 121700696769395 93895 1000024990
      ✓ should mint for amount=1
[FEE] 121700506677657 93895 1000023428
      ✓ should mint for amount=1
[FEE] 121700328512289 93895 1000021964
      ✓ should mint for amount=1
[FEE] 121698865291035 93894 1000020591
      ✓ should mint for amount=1
[FEE] 121698708667820 93894 1000019304
      ✓ should mint for amount=1
[FEE] 121698561902011 93894 1000018098
      ✓ should mint for amount=1
[FEE] 121698424263428 93894 1000016967
      ✓ should mint for amount=1
[FEE] 121696999140985 93893 1000015907
      ✓ should mint for amount=1
[FEE] 121696878176092 93893 1000014913
      ✓ should mint for amount=1
[FEE] 121696764756293 93893 1000013981
      ✓ should mint for amount=1
[FEE] 121696658394807 93893 1000013107
      ✓ should mint for amount=1
[FEE] 121696558726550 93893 1000012288
      ✓ should mint for amount=1
[FEE] 121696465264742 93893 1000011520
      ✓ should mint for amount=1
[FEE] 121696377644296 93893 1000010800
      ✓ should mint for amount=1
[FEE] 121696295500128 93893 1000010125
      ✓ should mint for amount=1
[FEE] 121696218467153 93893 1000009492
      ✓ should mint for amount=1
[FEE] 121696146301981 93893 1000008899
      ✓ should mint for amount=1
[FEE] 121694782525027 93892 1000008343
      ✓ should mint for amount=1
[FEE] 121694719122574 93892 1000007822
      ✓ should mint for amount=1
[FEE] 121694659614322 93892 1000007333
      ✓ should mint for amount=1
[FEE] 121694603878576 93892 1000006875
      ✓ should mint for amount=1
[FEE] 121693255438218 93891 1000006445
      ✓ should mint for amount=1
[FEE] 121693206396152 93891 1000006042
      ✓ should mint for amount=1
[FEE] 121693160396398 93891 1000005664
      ✓ should mint for amount=1
[FEE] 121693117317263 93891 1000005310
      ✓ should mint for amount=1
[FEE] 121693076915362 93891 1000004978
      ✓ should mint for amount=1
[FEE] 121693039069004 93891 1000004667
      ✓ should mint for amount=1
[FEE] 121693003534802 93891 1000004375
      ✓ should mint for amount=1
[FEE] 121692970312758 93891 1000004102
      ✓ should mint for amount=1
[FEE] 121692939159485 93891 1000003846
      ✓ should mint for amount=1
[FEE] 121691613844933 93890 1000003606
      ✓ should mint for amount=1
[FEE] 121691586464419 93890 1000003381
      ✓ should mint for amount=1
[FEE] 121691560787581 93890 1000003170
      ✓ should mint for amount=1
[FEE] 121690240585190 93889 1000002972
      ✓ should mint for amount=1
[FEE] 121691514058169 93890 1000002786
      ✓ should mint for amount=1
[FEE] 121690196776834 93889 1000002612
      ✓ should mint for amount=1
[FEE] 121688880834524 93888 1000002449
      ✓ should mint for amount=1
[FEE] 121690158322832 93889 1000002296
      ✓ should mint for amount=1
[FEE] 121688844814704 93888 1000002153
      ✓ should mint for amount=1
[FEE] 121690124493046 93889 1000002018
      ✓ should mint for amount=1
[FEE] 121688813053984 93888 1000001892
      ✓ should mint for amount=1
[FEE] 121690094800716 93889 1000001774
      ✓ should mint for amount=1
[FEE] 121690081293139 93889 1000001663
      ✓ should mint for amount=1
[FEE] 121691364743098 93890 1000001559
      ✓ should mint for amount=1
[FEE] 121691352939054 93890 1000001462
      ✓ should mint for amount=1
[FEE] 121691341865157 93890 1000001371
      ✓ should mint for amount=1
[FEE] 121691331399716 93890 1000001285
      ✓ should mint for amount=1
[FEE] 121691321664422 93890 1000001205
      ✓ should mint for amount=1
[FEE] 121690016432433 93889 1000001130
      ✓ should mint for amount=1
[FEE] 121691303897510 93890 1000001059
      ✓ should mint for amount=1
[FEE] 121691295865893 93890 1000000993
      ✓ should mint for amount=1
[FEE] 121691288321040 93890 1000000931
      ✓ should mint for amount=1
[FEE] 121691281262952 93890 1000000873
      ✓ should mint for amount=1
[FEE] 121691274569937 93890 1000000818
      ✓ should mint for amount=1
[FEE] 121691268363687 93890 1000000767
      ✓ should mint for amount=1
[FEE] 121689966417893 93889 1000000719
      ✓ should mint for amount=1
[FEE] 121691257046408 93890 1000000674
      ✓ should mint for amount=1
[FEE] 121691251935378 93890 1000000632
      ✓ should mint for amount=1
[FEE] 121691247189423 93890 1000000593
      ✓ should mint for amount=1
[FEE] 121691242686849 93890 1000000556
      ✓ should mint for amount=1
[FEE] 121691238427658 93890 1000000521
      ✓ should mint for amount=1
[FEE] 121691234411849 93890 1000000488
      ✓ should mint for amount=1
[FEE] 121691230761114 93890 1000000458
      ✓ should mint for amount=1
[FEE] 121691227232070 93890 1000000429
      ✓ should mint for amount=1
[FEE] 121691223946408 93890 1000000402
      ✓ should mint for amount=1
[FEE] 121691220904129 93890 1000000377
      ✓ should mint for amount=1
[FEE] 121691217983541 93890 1000000353
      ✓ should mint for amount=1
[FEE] 121691215306335 93890 1000000331
      ✓ should mint for amount=1
[FEE] 121691212750820 93890 1000000310
      ✓ should mint for amount=1
[FEE] 121691210438688 93890 1000000291
      ✓ should mint for amount=1
[FEE] 121691208248247 93890 1000000273
      ✓ should mint for amount=1
[FEE] 121691206179497 93890 1000000256
      ✓ should mint for amount=1
[FEE] 121689908128441 93889 1000000240
      ✓ should mint for amount=1
[FEE] 121688610199116 93888 1000000225
      ✓ should mint for amount=1
[FEE] 121689904599435 93889 1000000211
      ✓ should mint for amount=1
[FEE] 121691199121408 93890 1000000198
      ✓ should mint for amount=1
[FEE] 121691197661114 93890 1000000186
      ✓ should mint for amount=1
[FEE] 121691196200820 93890 1000000174
      ✓ should mint for amount=1
[FEE] 121691194862217 93890 1000000163
      ✓ should mint for amount=1
[FEE] 121691193645306 93890 1000000153
      ✓ should mint for amount=1
[FEE] 121691192428394 93890 1000000143
      ✓ should mint for amount=1
[FEE] 121691191333173 93890 1000000134
      ✓ should mint for amount=1
[FEE] 121691190359644 93890 1000000126
      ✓ should mint for amount=1
[FEE] 121691189386114 93890 1000000118
      ✓ should mint for amount=1
[FEE] 121691188534276 93890 1000000111
      ✓ should mint for amount=1
[FEE] 121691187682438 93890 1000000104
      ✓ should mint for amount=1
[FEE] 121689890848478 93889 1000000098
      ✓ should mint for amount=1
[FEE] 121691186222144 93890 1000000092
      ✓ should mint for amount=1
[FEE] 121689889388200 93889 1000000086
      ✓ should mint for amount=1
[FEE] 121689888779750 93889 1000000081
      ✓ should mint for amount=1
[FEE] 121689888171301 93889 1000000076
      ✓ should mint for amount=1
[FEE] 121688591459074 93888 1000000071
      ✓ should mint for amount=1
[FEE] 121689887076092 93889 1000000067
      ✓ should mint for amount=1
[FEE] 121688590485566 93888 1000000063
      ✓ should mint for amount=1
[FEE] 121689886102573 93889 1000000059
      ✓ should mint for amount=1
[FEE] 121688589512057 93888 1000000055
      ✓ should mint for amount=1
[FEE] 121688589146991 93888 1000000052
      ✓ should mint for amount=1
[FEE] 121689884885674 93889 1000000049
      ✓ should mint for amount=1
[FEE] 121691180624350 93890 1000000046
      ✓ should mint for amount=1
[FEE] 121689884155535 93889 1000000043
      ✓ should mint for amount=1
[FEE] 121691179894203 93890 1000000040
      ✓ should mint for amount=1
[FEE] 121691179650820 93890 1000000038
      ✓ should mint for amount=1
[FEE] 121691179407438 93890 1000000036
      ✓ should mint for amount=1
[FEE] 121691179164056 93890 1000000034
      ✓ should mint for amount=1
[FEE] 121691178920673 93890 1000000032
      ✓ should mint for amount=1
[FEE] 121691178677291 93890 1000000030
      ✓ should mint for amount=1
[FEE] 121691178433909 93890 1000000028
      ✓ should mint for amount=1
[FEE] 121691178190526 93890 1000000026
      ✓ should mint for amount=1
[FEE] 121691177947144 93890 1000000024
      ✓ should mint for amount=1
[FEE] 121691177825453 93890 1000000023
      ✓ should mint for amount=1
[FEE] 121691177703762 93890 1000000022
      ✓ should mint for amount=1
[FEE] 121691177582070 93890 1000000021
      ✓ should mint for amount=1
[FEE] 121689881356668 93889 1000000020
      ✓ should mint for amount=1
[FEE] 121689881234978 93889 1000000019
      ✓ should mint for amount=1
[FEE] 121689881113288 93889 1000000018
      ✓ should mint for amount=1
[FEE] 121688584887891 93888 1000000017
      ✓ should mint for amount=1
[FEE] 121689880869908 93889 1000000016
      ✓ should mint for amount=1
[FEE] 121689880748218 93889 1000000015
      ✓ should mint for amount=1
[FEE] 121691176730232 93890 1000000014
      ✓ should mint for amount=1
[FEE] 121691176608541 93890 1000000013
      ✓ should mint for amount=1
[FEE] 121691176486850 93890 1000000012
      ✓ should mint for amount=1
[FEE] 121691176365159 93890 1000000011
      ✓ should mint for amount=1
[FEE] 121691176243468 93890 1000000010
      ✓ should mint for amount=1
[FEE] 121689880018079 93889 1000000009
      ✓ should mint for amount=1
[FEE] 121688583792694 93888 1000000008
      ✓ should mint for amount=1
[FEE] 121688583792694 93888 1000000008
      ✓ should mint for amount=1
[FEE] 121689879896389 93889 1000000008
      ✓ should mint for amount=1
[FEE] 121688583792694 93888 1000000008
      ✓ should mint for amount=1
[FEE] 121689879896389 93889 1000000008
      ✓ should mint for amount=1
[FEE] 121688583792694 93888 1000000008
      ✓ should mint for amount=1
[FEE] 121688583792694 93888 1000000008
      ✓ should mint for amount=1
[FEE] 121689879896389 93889 1000000008
      ✓ should mint for amount=1
[FEE] 121691176000085 93890 1000000008
      ✓ should mint for amount=1
[FEE] 121691176000085 93890 1000000008
      ✓ should mint for amount=1
[FEE] 121691176000085 93890 1000000008
      ✓ should mint for amount=1
[FEE] 121689879896389 93889 1000000008
      ✓ should mint for amount=1
[FEE] 121691176000085 93890 1000000008
      ✓ should mint for amount=1
[FEE] 121691176000085 93890 1000000008
      ✓ should mint for amount=1
[FEE] 121691176000085 93890 1000000008
      ✓ should mint for amount=1
[FEE] 121689879896389 93889 1000000008
      ✓ should mint for amount=1
[FEE] 121689879896389 93889 1000000008
      ✓ should mint for amount=1
[FEE] 121688583792694 93888 1000000008
      ✓ should mint for amount=1
[FEE] 121689879896389 93889 1000000008
      ✓ should mint for amount=1
[FEE] 121691176000085 93890 1000000008
      ✓ should mint for amount=1
[FEE] 121689879896389 93889 1000000008
      ✓ should mint for amount=1
[FEE] 121691176000085 93890 1000000008
      ✓ should mint for amount=1
[FEE] 121689879896389 93889 1000000008
      ✓ should mint for amount=1
[FEE] 121689879896389 93889 1000000008
      ✓ should mint for amount=1
[FEE] 121691176000085 93890 1000000008
      ✓ should mint for amount=1
[FEE] 121691176000085 93890 1000000008
      ✓ should mint for amount=1
[FEE] 121691176000085 93890 1000000008
      ✓ should mint for amount=1
[FEE] 121689879896389 93889 1000000008
      ✓ should mint for amount=1
[FEE] 121688583792694 93888 1000000008
      ✓ should mint for amount=1
[FEE] 121687287688998 93887 1000000008
      ✓ should mint for amount=1
[FEE] 121688583792694 93888 1000000008
      ✓ should mint for amount=1
[FEE] 121689879896389 93889 1000000008
      ✓ should mint for amount=1
[FEE] 121689879896389 93889 1000000008
      ✓ should mint for amount=1
[FEE] 121691176000085 93890 1000000008
      ✓ should mint for amount=1
[FEE] 121691176000085 93890 1000000008
      ✓ should mint for amount=1
[FEE] 121689879896389 93889 1000000008
      ✓ should mint for amount=1
[FEE] 121691176000085 93890 1000000008
      ✓ should mint for amount=1
[FEE] 121691176000085 93890 1000000008
      ✓ should mint for amount=1
[FEE] 121691176000085 93890 1000000008
      ✓ should mint for amount=1
[FEE] 121691176000085 93890 1000000008
      ✓ should mint for amount=1
[FEE] 121689879896389 93889 1000000008
      ✓ should mint for amount=1
[FEE] 121689879896389 93889 1000000008
      ✓ should mint for amount=1
[FEE] 121689879896389 93889 1000000008
      ✓ should mint for amount=1
[FEE] 121691176000085 93890 1000000008
      ✓ should mint for amount=1
[FEE] 121691176000085 93890 1000000008
      ✓ should mint for amount=1
[FEE] 121691176000085 93890 1000000008
      ✓ should mint for amount=1
[FEE] 121689879896389 93889 1000000008
      ✓ should mint for amount=1
[FEE] 121688583792694 93888 1000000008
      ✓ should mint for amount=1
[FEE] 121688583792694 93888 1000000008
      ✓ should mint for amount=1
[FEE] 121688583792694 93888 1000000008
      ✓ should mint for amount=1
[FEE] 121688583792694 93888 1000000008
      ✓ should mint for amount=1
[FEE] 121687287688998 93887 1000000008
      ✓ should mint for amount=1
[FEE] 121687287688998 93887 1000000008
      ✓ should mint for amount=1
[FEE] 121687287688998 93887 1000000008
      ✓ should mint for amount=1
[FEE] 121687287688998 93887 1000000008
      ✓ should mint for amount=1
[FEE] 121687287688998 93887 1000000008
      ✓ should mint for amount=1
[FEE] 121688583792694 93888 1000000008
      ✓ should mint for amount=1
[FEE] 121688583792694 93888 1000000008
      ✓ should mint for amount=1
[FEE] 121689879896389 93889 1000000008
      ✓ should mint for amount=1
[FEE] 121688583792694 93888 1000000008
      ✓ should mint for amount=1
[FEE] 121688583792694 93888 1000000008
      ✓ should mint for amount=1
[FEE] 121687287688998 93887 1000000008
      ✓ should mint for amount=1
[FEE] 121687287688998 93887 1000000008
      ✓ should mint for amount=1
[FEE] 121688583792694 93888 1000000008
      ✓ should mint for amount=1
[FEE] 121689879896389 93889 1000000008
      ✓ should mint for amount=1
[FEE] 121689879896389 93889 1000000008
      ✓ should mint for amount=1
[FEE] 121689879896389 93889 1000000008
      ✓ should mint for amount=1
[FEE] 121689879896389 93889 1000000008
      ✓ should mint for amount=1
[FEE] 121691176000085 93890 1000000008
      ✓ should mint for amount=1
[FEE] 121691176000085 93890 1000000008
      ✓ should mint for amount=1
[FEE] 121691176000085 93890 1000000008
      ✓ should mint for amount=1
[FEE] 121691176000085 93890 1000000008
      ✓ should mint for amount=1
[FEE] 121691176000085 93890 1000000008
      ✓ should mint for amount=1
[FEE] 121689879896389 93889 1000000008
      ✓ should mint for amount=1
[FEE] 121689879896389 93889 1000000008
      ✓ should mint for amount=1
[FEE] 121689879896389 93889 1000000008
      ✓ should mint for amount=1
[FEE] 121691176000085 93890 1000000008
      ✓ should mint for amount=1
[FEE] 121691176000085 93890 1000000008
      ✓ should mint for amount=1
[FEE] 121691176000085 93890 1000000008
      ✓ should mint for amount=1
[FEE] 121691176000085 93890 1000000008
      ✓ should mint for amount=1
[FEE] 121691176000085 93890 1000000008
      ✓ should mint for amount=1
[FEE] 121689879896389 93889 1000000008
      ✓ should mint for amount=1
[FEE] 121691176000085 93890 1000000008
      ✓ should mint for amount=1
[FEE] 121691176000085 93890 1000000008
      ✓ should mint for amount=1
[FEE] 121691176000085 93890 1000000008
      ✓ should mint for amount=1
[FEE] 121691176000085 93890 1000000008
      ✓ should mint for amount=1
[FEE] 121689879896389 93889 1000000008
      ✓ should mint for amount=1
[FEE] 121688583792694 93888 1000000008
      ✓ should mint for amount=1
[FEE] 121688583792694 93888 1000000008
      ✓ should mint for amount=1
[FEE] 121689879896389 93889 1000000008
      ✓ should mint for amount=1
[FEE] 121689879896389 93889 1000000008
      ✓ should mint for amount=1
[FEE] 121689879896389 93889 1000000008
      ✓ should mint for amount=1
[FEE] 121691176000085 93890 1000000008
      ✓ should mint for amount=1
[FEE] 121691176000085 93890 1000000008
      ✓ should mint for amount=1
[FEE] 121691176000085 93890 1000000008
      ✓ should mint for amount=1
[FEE] 121691176000085 93890 1000000008
      ✓ should mint for amount=1
[FEE] 121691176000085 93890 1000000008
      ✓ should mint for amount=1
[FEE] 121689879896389 93889 1000000008
      ✓ should mint for amount=1
[FEE] 121688583792694 93888 1000000008
      ✓ should mint for amount=1
[FEE] 121688583792694 93888 1000000008
      ✓ should mint for amount=1
[FEE] 121687287688998 93887 1000000008
      ✓ should mint for amount=1
[FEE] 121688583792694 93888 1000000008
      ✓ should mint for amount=1
[FEE] 121689879896389 93889 1000000008
      ✓ should mint for amount=1
[FEE] 121691176000085 93890 1000000008
      ✓ should mint for amount=1
[FEE] 121691176000085 93890 1000000008
      ✓ should mint for amount=1
[FEE] 121691176000085 93890 1000000008
      ✓ should mint for amount=1
[FEE] 121691176000085 93890 1000000008
      ✓ should mint for amount=1
[FEE] 121689879896389 93889 1000000008
      ✓ should mint for amount=1
[FEE] 121688583792694 93888 1000000008
      ✓ should mint for amount=1
[FEE] 121689879896389 93889 1000000008
      ✓ should mint for amount=1
[FEE] 121691176000085 93890 1000000008
      ✓ should mint for amount=1
[FEE] 121691176000085 93890 1000000008
      ✓ should mint for amount=1
[FEE] 121689879896389 93889 1000000008
      ✓ should mint for amount=1
[FEE] 121691176000085 93890 1000000008
      ✓ should mint for amount=1
[FEE] 121689879896389 93889 1000000008
      ✓ should mint for amount=1
[FEE] 121691176000085 93890 1000000008
      ✓ should mint for amount=1
[FEE] 121691176000085 93890 1000000008
      ✓ should mint for amount=1
[FEE] 121691176000085 93890 1000000008
      ✓ should mint for amount=1
[FEE] 121691176000085 93890 1000000008
      ✓ should mint for amount=1
[FEE] 121691176000085 93890 1000000008
      ✓ should mint for amount=1
[FEE] 121691176000085 93890 1000000008
      ✓ should mint for amount=1
[FEE] 121691176000085 93890 1000000008
      ✓ should mint for amount=1
[FEE] 121691176000085 93890 1000000008
      ✓ should mint for amount=1
[FEE] 121691176000085 93890 1000000008
      ✓ should mint for amount=1
[FEE] 121691176000085 93890 1000000008
      ✓ should mint for amount=1
[FEE] 121691176000085 93890 1000000008
      ✓ should mint for amount=1
[FEE] 121691176000085 93890 1000000008
      ✓ should mint for amount=1
[FEE] 121691176000085 93890 1000000008
      ✓ should mint for amount=1
[FEE] 121691176000085 93890 1000000008
      ✓ should mint for amount=1
[FEE] 121691176000085 93890 1000000008
      ✓ should mint for amount=1
[FEE] 121691176000085 93890 1000000008
      ✓ should mint for amount=1
[FEE] 121689879896389 93889 1000000008
      ✓ should mint for amount=1
[FEE] 121691176000085 93890 1000000008
      ✓ should mint for amount=1
[FEE] 121691176000085 93890 1000000008
      ✓ should mint for amount=1
[FEE] 121691176000085 93890 1000000008
      ✓ should mint for amount=1
[FEE] 121691176000085 93890 1000000008
      ✓ should mint for amount=1
[FEE] 121691176000085 93890 1000000008
      ✓ should mint for amount=1
[FEE] 121691176000085 93890 1000000008
      ✓ should mint for amount=1
[FEE] 121689879896389 93889 1000000008
      ✓ should mint for amount=1
[FEE] 121691176000085 93890 1000000008
      ✓ should mint for amount=1
[FEE] 121691176000085 93890 1000000008
      ✓ should mint for amount=1
[FEE] 121689879896389 93889 1000000008
      ✓ should mint for amount=1
[FEE] 121688583792694 93888 1000000008
      ✓ should mint for amount=1
[FEE] 121689879896389 93889 1000000008
      ✓ should mint for amount=1
[FEE] 121691176000085 93890 1000000008
      ✓ should mint for amount=1
[FEE] 121691176000085 93890 1000000008
      ✓ should mint for amount=1
[FEE] 121691176000085 93890 1000000008
      ✓ should mint for amount=1
[FEE] 121691176000085 93890 1000000008
      ✓ should mint for amount=1
[FEE] 121691176000085 93890 1000000008
      ✓ should mint for amount=1
[FEE] 121691176000085 93890 1000000008
      ✓ should mint for amount=1
[FEE] 121691176000085 93890 1000000008
      ✓ should mint for amount=1
[FEE] 121691176000085 93890 1000000008
      ✓ should mint for amount=1
[FEE] 121691176000085 93890 1000000008
      ✓ should mint for amount=1
[FEE] 121689879896389 93889 1000000008
      ✓ should mint for amount=1
[FEE] 121691176000085 93890 1000000008
      ✓ should mint for amount=1
[FEE] 121691176000085 93890 1000000008
      ✓ should mint for amount=1
[FEE] 121689879896389 93889 1000000008
      ✓ should mint for amount=1
[FEE] 121691176000085 93890 1000000008
      ✓ should mint for amount=1
[FEE] 121691176000085 93890 1000000008
      ✓ should mint for amount=1
[FEE] 121691176000085 93890 1000000008
      ✓ should mint for amount=1
[FEE] 121689879896389 93889 1000000008
      ✓ should mint for amount=1
[FEE] 121691176000085 93890 1000000008
      ✓ should mint for amount=1
[FEE] 121691176000085 93890 1000000008
      ✓ should mint for amount=1
[FEE] 121691176000085 93890 1000000008
      ✓ should mint for amount=1
[FEE] 121689879896389 93889 1000000008
      ✓ should mint for amount=1
[FEE] 121691176000085 93890 1000000008
      ✓ should mint for amount=1
[FEE] 121689879896389 93889 1000000008
      ✓ should mint for amount=1
[FEE] 121691176000085 93890 1000000008
      ✓ should mint for amount=1
[FEE] 121689879896389 93889 1000000008
      ✓ should mint for amount=1
[FEE] 121691176000085 93890 1000000008
      ✓ should mint for amount=1
[FEE] 121689879896389 93889 1000000008
      ✓ should mint for amount=1
[FEE] 121688583792694 93888 1000000008
      ✓ should mint for amount=1
[FEE] 121687287688998 93887 1000000008
      ✓ should mint for amount=1
[FEE] 121685991585302 93886 1000000008
      ✓ should mint for amount=1
[FEE] 121685991585302 93886 1000000008
      ✓ should mint for amount=1
[FEE] 121685991585302 93886 1000000008
      ✓ should mint for amount=1
[FEE] 121687287688998 93887 1000000008
      ✓ should mint for amount=1
[FEE] 121687287688998 93887 1000000008
      ✓ should mint for amount=1
[FEE] 121688583792694 93888 1000000008
      ✓ should mint for amount=1
[FEE] 121689879896389 93889 1000000008
      ✓ should mint for amount=1
[FEE] 121689879896389 93889 1000000008
      ✓ should mint for amount=1
[FEE] 121689879896389 93889 1000000008
      ✓ should mint for amount=1
[FEE] 121691176000085 93890 1000000008
      ✓ should mint for amount=1
[FEE] 121691176000085 93890 1000000008
      ✓ should mint for amount=1
[FEE] 121691176000085 93890 1000000008
      ✓ should mint for amount=1
[FEE] 121691176000085 93890 1000000008
      ✓ should mint for amount=1
[FEE] 121691176000085 93890 1000000008
      ✓ should mint for amount=1
[FEE] 121691176000085 93890 1000000008
      ✓ should mint for amount=1
[FEE] 121691176000085 93890 1000000008
      ✓ should mint for amount=1
[FEE] 121691176000085 93890 1000000008
      ✓ should mint for amount=1
[FEE] 121691176000085 93890 1000000008
      ✓ should mint for amount=1
[FEE] 121689879896389 93889 1000000008
      ✓ should mint for amount=1
[FEE] 121689879896389 93889 1000000008
      ✓ should mint for amount=1
[FEE] 121689879896389 93889 1000000008
      ✓ should mint for amount=1
[FEE] 121691176000085 93890 1000000008
      ✓ should mint for amount=1
[FEE] 121691176000085 93890 1000000008
      ✓ should mint for amount=1
[FEE] 121691176000085 93890 1000000008
      ✓ should mint for amount=1
[FEE] 121691176000085 93890 1000000008
      ✓ should mint for amount=1
[FEE] 121689879896389 93889 1000000008
      ✓ should mint for amount=1
[FEE] 121689879896389 93889 1000000008
      ✓ should mint for amount=1
[FEE] 121691176000085 93890 1000000008
      ✓ should mint for amount=1
[FEE] 121691176000085 93890 1000000008
      ✓ should mint for amount=1
[FEE] 121691176000085 93890 1000000008
      ✓ should mint for amount=1
[FEE] 121691176000085 93890 1000000008
      ✓ should mint for amount=1

·----------------------------------------|---------------------------|-------------|----------------------------·
|          [90mSolc version: 0.8.17[39m          ·  [90mOptimizer enabled: true[39m  ·  [90mRuns: 200[39m  ·  [90mBlock limit: 8000000 gas[39m  │
·········································|···························|·············|·····························
|  [32m[1mMethods[22m[39m                                                                                                      │
···················|·····················|·············|·············|·············|··············|··············
|  [1mContract[22m        ·  [1mMethod[22m             ·  [32mMin[39m        ·  [32mMax[39m        ·  [32mAvg[39m        ·  [1m# calls[22m     ·  [1musd (avg)[22m  │
···················|·····················|·············|·············|·············|··············|··············
|  [90mXPowerThorTest[39m  ·  init               ·          -  ·          -  ·      67353  ·           [90m1[39m  ·          [32m[90m-[32m[39m  │
···················|·····················|·············|·············|·············|··············|··············
|  [90mXPowerThorTest[39m  ·  mint               ·     [36m121696[39m  ·     [31m229529[39m  ·     125104  ·         [90m496[39m  ·          [32m[90m-[32m[39m  │
···················|·····················|·············|·············|·············|··············|··············
|  [90mXPowerThorTest[39m  ·  transferOwnership  ·          -  ·          -  ·      28656  ·           [90m1[39m  ·          [32m[90m-[32m[39m  │
···················|·····················|·············|·············|·············|··············|··············
|  [32m[1mDeployments[22m[39m                           ·                                         ·  [1m% of limit[22m  ·             │
·········································|·············|·············|·············|··············|··············
|  XPowerThorTest                        ·          -  ·          -  ·    3331941  ·      [90m41.6 %[39m  ·          [32m[90m-[32m[39m  │
·----------------------------------------|-------------|-------------|-------------|--------------|-------------·

  496 passing (25s)

