
> xpower@6.0.0 test-gas
> REPORT_GAS=true npm test ./test/contracts/XPower.fees.1-thor.test.js


> xpower@6.0.0 test
> hardhat test ./test/contracts/XPower.fees.1-thor.test.js


  XPowerThor
    mint
[FEE] 348822982083776 162305 1658186771
      ✓ should mint for amount=1
[FEE] 338640305167777 158029 1653339758
      ✓ should mint for amount=1
[FEE] 328265579075755 154020 1644403838
      ✓ should mint for amount=1
[FEE] 317872719548799 150262 1632166076
      ✓ should mint for amount=1
[FEE] 307592608228713 146739 1617300028
      ✓ should mint for amount=1
[FEE] 297523442834018 143436 1600380606
      ✓ should mint for amount=1
[FEE] 287739474396434 140340 1581897094
      ✓ should mint for amount=1
[FEE] 278290242517078 137437 1562264510
      ✓ should mint for amount=1
[FEE] 269211241353488 134715 1541833543
      ✓ should mint for amount=1
[FEE] 260527369271779 132164 1520899210
      ✓ should mint for amount=1
[FEE] 252247909552039 129772 1499708429
      ✓ should mint for amount=1
[FEE] 244378854528361 127530 1478466606
      ✓ should mint for amount=1
[FEE] 236916953393565 125428 1457343393
      ✓ should mint for amount=1
[FEE] 229855209513531 123457 1436477693
      ✓ should mint for amount=1
[FEE] 223185909733931 121610 1415982021
      ✓ should mint for amount=1
[FEE] 216894202997367 119878 1395946295
      ✓ should mint for amount=1
[FEE] 210966368371397 118254 1376441130
      ✓ should mint for amount=1
[FEE] 205388505066863 116732 1357520704
      ✓ should mint for amount=1
[FEE] 200141773988615 115304 1339225240
      ✓ should mint for amount=1
[FEE] 195211650700344 113965 1321583152
      ✓ should mint for amount=1
[FEE] 190581181901383 112709 1304612916
      ✓ should mint for amount=1
[FEE] 186238066541920 111533 1288324675
      ✓ should mint for amount=1
[FEE] 182163030667989 110430 1272721631
      ✓ should mint for amount=1
[FEE] 178341824759024 109396 1257801238
      ✓ should mint for amount=1
[FEE] 174760233185491 108427 1243556232
      ✓ should mint for amount=1
[FEE] 171404188461323 107519 1229975521
      ✓ should mint for amount=1
[FEE] 168259856116195 106668 1217044941
      ✓ should mint for amount=1
[FEE] 165313696453814 105870 1204747901
      ✓ should mint for amount=1
[FEE] 162554054851765 105122 1193065938
      ✓ should mint for amount=1
[FEE] 159968054473808 104420 1181979185
      ✓ should mint for amount=1
[FEE] 157546243629700 103762 1171466768
      ✓ should mint for amount=1
[FEE] 155277957822461 103145 1161507143
      ✓ should mint for amount=1
[FEE] 153154380618313 102567 1152078375
      ✓ should mint for amount=1
[FEE] 151165523016744 102025 1143158374
      ✓ should mint for amount=1
[FEE] 149301750447205 101516 1134725088
      ✓ should mint for amount=1
[FEE] 147558155553607 101040 1126756663
      ✓ should mint for amount=1
[FEE] 145925697313440 100594 1119231576
      ✓ should mint for amount=1
[FEE] 144395666318885 100175 1112128736
      ✓ should mint for amount=1
[FEE] 142963968398226 99783 1105427571
      ✓ should mint for amount=1
[FEE] 141622438029436 99415 1099108089
      ✓ should mint for amount=1
[FEE] 140366036549525 99070 1093150930
      ✓ should mint for amount=1
[FEE] 139189942996124 98747 1087537400
      ✓ should mint for amount=1
[FEE] 138088142814730 98444 1082249494
      ✓ should mint for amount=1
[FEE] 137056243997769 98160 1077269913
      ✓ should mint for amount=1
[FEE] 136087263061346 97892 1072582070
      ✓ should mint for amount=1
[FEE] 135181364135895 97642 1068170089
      ✓ should mint for amount=1
[FEE] 134333297099457 97408 1064018802
      ✓ should mint for amount=1
[FEE] 133539369461011 97189 1060113737
      ✓ should mint for amount=1
[FEE] 132794672340343 96983 1056441108
      ✓ should mint for amount=1
[FEE] 132097187886028 96790 1052987794
      ✓ should mint for amount=1
[FEE] 131443655057065 96609 1049741326
      ✓ should mint for amount=1
[FEE] 130830940100097 96439 1046689863
      ✓ should mint for amount=1
[FEE] 130257381970391 96280 1043822173
      ✓ should mint for amount=1
[FEE] 129720068651861 96131 1041127611
      ✓ should mint for amount=1
[FEE] 129216194582250 95991 1038596095
      ✓ should mint for amount=1
[FEE] 128744396998595 95860 1036218084
      ✓ should mint for amount=1
[FEE] 128302054585594 95737 1033984554
      ✓ should mint for amount=1
[FEE] 127886634407211 95621 1031886977
      ✓ should mint for amount=1
[FEE] 127498355649959 95513 1029917297
      ✓ should mint for amount=1
[FEE] 127134830131919 95412 1028067907
      ✓ should mint for amount=1
[FEE] 126792413150418 95316 1026331630
      ✓ should mint for amount=1
[FEE] 126471521283222 95226 1024701696
      ✓ should mint for amount=1
[FEE] 126172618190389 95143 1023171721
      ✓ should mint for amount=1
[FEE] 125892240269868 95065 1021735690
      ✓ should mint for amount=1
[FEE] 125629633146530 94992 1020387934
      ✓ should mint for amount=1
[FEE] 125381447041558 94922 1019123115
      ✓ should mint for amount=1
[FEE] 125150984650579 94858 1017936206
      ✓ should mint for amount=1
[FEE] 124933663872091 94797 1016822476
      ✓ should mint for amount=1
[FEE] 124730224242272 94740 1015777473
      ✓ should mint for amount=1
[FEE] 124540120184166 94687 1014797008
      ✓ should mint for amount=1
[FEE] 124362839865337 94638 1013877141
      ✓ should mint for amount=1
[FEE] 124196590220249 94592 1013014167
      ✓ should mint for amount=1
[FEE] 124040924181049 94549 1012204603
      ✓ should mint for amount=1
[FEE] 123894111270306 94508 1011445174
      ✓ should mint for amount=1
[FEE] 123757070851317 94470 1010732803
      ✓ should mint for amount=1
[FEE] 123628124539061 94434 1010064598
      ✓ should mint for amount=1
[FEE] 123506928401594 94400 1009437841
      ✓ should mint for amount=1
[FEE] 123394467644880 94369 1008849981
      ✓ should mint for amount=1
[FEE] 123287823664460 94339 1008298619
      ✓ should mint for amount=1
[FEE] 123188021096124 94311 1007781504
      ✓ should mint for amount=1
[FEE] 123094793730268 94285 1007296521
      ✓ should mint for amount=1
[FEE] 123006587064245 94260 1006841685
      ✓ should mint for amount=1
[FEE] 122924473026946 94237 1006415131
      ✓ should mint for amount=1
[FEE] 122845624395276 94214 1006015110
      ✓ should mint for amount=1
[FEE] 122773748335742 94194 1005639978
      ✓ should mint for amount=1
[FEE] 122704741564407 94174 1005288194
      ✓ should mint for amount=1
[FEE] 122641030621638 94156 1004958310
      ✓ should mint for amount=1
[FEE] 122582445590623 94140 1004648967
      ✓ should mint for amount=1
[FEE] 122527525610290 94125 1004358891
      ✓ should mint for amount=1
[FEE] 122476122665746 94111 1004086887
      ✓ should mint for amount=1
[FEE] 122426796561545 94097 1003831831
      ✓ should mint for amount=1
[FEE] 122382019613146 94085 1003592671
      ✓ should mint for amount=1
[FEE] 122339067690267 94073 1003368418
      ✓ should mint for amount=1
[FEE] 122299127403061 94062 1003158146
      ✓ should mint for amount=1
[FEE] 122262091281943 94052 1002960985
      ✓ should mint for amount=1
[FEE] 122225259306917 94041 1002776120
      ✓ should mint for amount=1
[FEE] 122191137271767 94031 1002602785
      ✓ should mint for amount=1
[FEE] 122160935945468 94023 1002440263
      ✓ should mint for amount=1
[FEE] 122131973458969 94015 1002287880
      ✓ should mint for amount=1
[FEE] 122104172614060 94007 1002145005
      ✓ should mint for amount=1
[FEE] 122078759578548 94000 1002011045
      ✓ should mint for amount=1
[FEE] 122054367428073 93993 1001885445
      ✓ should mint for amount=1
[FEE] 122032230863949 93987 1001767684
      ✓ should mint for amount=1
[FEE] 122010991550236 93981 1001657274
      ✓ should mint for amount=1
[FEE] 121990593408618 93975 1001553756
      ✓ should mint for amount=1
[FEE] 121970983907072 93969 1001456700
      ✓ should mint for amount=1
[FEE] 121953411810732 93964 1001365704
      ✓ should mint for amount=1
[FEE] 121937830492621 93960 1001280389
      ✓ should mint for amount=1
[FEE] 121922898763703 93956 1001200401
      ✓ should mint for amount=1
[FEE] 121908576112976 93952 1001125408
      ✓ should mint for amount=1
[FEE] 121896121942853 93949 1001055098
      ✓ should mint for amount=1
[FEE] 121884202984161 93946 1000989179
      ✓ should mint for amount=1
[FEE] 121871488517812 93942 1000927377
      ✓ should mint for amount=1
[FEE] 121860541890919 93939 1000869435
      ✓ should mint for amount=1
[FEE] 121848739170594 93935 1000815112
      ✓ should mint for amount=1
[FEE] 121839944280286 93933 1000764182
      ✓ should mint for amount=1
[FEE] 121828942979914 93929 1000716434
      ✓ should mint for amount=1
[FEE] 121820899141466 93927 1000671668
      ✓ should mint for amount=1
[FEE] 121813196032201 93925 1000629699
      ✓ should mint for amount=1
[FEE] 121805812326929 93923 1000590352
      ✓ should mint for amount=1
[FEE] 121797431220286 93920 1000553463
      ✓ should mint for amount=1
[FEE] 121790627633815 93918 1000518878
      ✓ should mint for amount=1
[FEE] 121784087274099 93916 1000486454
      ✓ should mint for amount=1
[FEE] 121779090386606 93915 1000456056
      ✓ should mint for amount=1
[FEE] 121774324728524 93914 1000427557
      ✓ should mint for amount=1
[FEE] 121768479306178 93912 1000400839
      ✓ should mint for amount=1
[FEE] 121762837168184 93910 1000375790
      ✓ should mint for amount=1
[FEE] 121758682203565 93909 1000352306
      ✓ should mint for amount=1
[FEE] 121754705976715 93908 1000330290
      ✓ should mint for amount=1
[FEE] 121750897162597 93907 1000309649
      ✓ should mint for amount=1
[FEE] 121745948930410 93905 1000290298
      ✓ should mint for amount=1
[FEE] 121742444399976 93904 1000272156
      ✓ should mint for amount=1
[FEE] 121740374367853 93904 1000255148
      ✓ should mint for amount=1
[FEE] 121737137299021 93903 1000239203
      ✓ should mint for amount=1
[FEE] 121735317885765 93903 1000224254
      ✓ should mint for amount=1
[FEE] 121732315771626 93902 1000210239
      ✓ should mint for amount=1
[FEE] 121730716666923 93902 1000197100
      ✓ should mint for amount=1
[FEE] 121729217483444 93902 1000184782
      ✓ should mint for amount=1
[FEE] 121727812014146 93902 1000173234
      ✓ should mint for amount=1
[FEE] 121726494295399 93902 1000162407
      ✓ should mint for amount=1
[FEE] 121725258972107 93902 1000152257
      ✓ should mint for amount=1
[FEE] 121722804522189 93901 1000142741
      ✓ should mint for amount=1
[FEE] 121720422510898 93900 1000133820
      ✓ should mint for amount=1
[FEE] 121719404577504 93900 1000125456
      ✓ should mint for amount=1
[FEE] 121718450295373 93900 1000117615
      ✓ should mint for amount=1
[FEE] 121717555648269 93900 1000110264
      ✓ should mint for amount=1
[FEE] 121716716985067 93900 1000103373
      ✓ should mint for amount=1
[FEE] 121715930654644 93900 1000096912
      ✓ should mint for amount=1
[FEE] 121715193492692 93900 1000090855
      ✓ should mint for amount=1
[FEE] 121714502456608 93900 1000085177
      ✓ should mint for amount=1
[FEE] 121713854503787 93900 1000079853
      ✓ should mint for amount=1
[FEE] 121713247078444 93900 1000074862
      ✓ should mint for amount=1
[FEE] 121712677624792 93900 1000070183
      ✓ should mint for amount=1
[FEE] 121712143830451 93900 1000065797
      ✓ should mint for amount=1
[FEE] 121711643383043 93900 1000061685
      ✓ should mint for amount=1
[FEE] 121711174213599 93900 1000057830
      ✓ should mint for amount=1
[FEE] 121710734374851 93900 1000054216
      ✓ should mint for amount=1
[FEE] 121710322041238 93900 1000050828
      ✓ should mint for amount=1
[FEE] 121708639221752 93899 1000047651
      ✓ should mint for amount=1
[FEE] 121708276790694 93899 1000044673
      ✓ should mint for amount=1
[FEE] 121707936996365 93899 1000041881
      ✓ should mint for amount=1
[FEE] 121707618378330 93899 1000039263
      ✓ should mint for amount=1
[FEE] 121707319719561 93899 1000036809
      ✓ should mint for amount=1
[FEE] 121705743532915 93898 1000034508
      ✓ should mint for amount=1
[FEE] 121704184877069 93897 1000032351
      ✓ should mint for amount=1
[FEE] 121703938799168 93897 1000030329
      ✓ should mint for amount=1
[FEE] 121703708055498 93897 1000028433
      ✓ should mint for amount=1
[FEE] 121703491794158 93897 1000026656
      ✓ should mint for amount=1
[FEE] 121701992905470 93896 1000024990
      ✓ should mint for amount=1
[FEE] 121701802811708 93896 1000023428
      ✓ should mint for amount=1
[FEE] 121701624644442 93896 1000021964
      ✓ should mint for amount=1
[FEE] 121701457551782 93896 1000020591
      ✓ should mint for amount=1
[FEE] 121701300925231 93896 1000019304
      ✓ should mint for amount=1
[FEE] 121701154156295 93896 1000018098
      ✓ should mint for amount=1
[FEE] 121701016514781 93896 1000016967
      ✓ should mint for amount=1
[FEE] 121700887513892 93896 1000015907
      ✓ should mint for amount=1
[FEE] 121700766545134 93896 1000014913
      ✓ should mint for amount=1
[FEE] 121700653121711 93896 1000013981
      ✓ should mint for amount=1
[FEE] 121700546756828 93896 1000013107
      ✓ should mint for amount=1
[FEE] 121700447085386 93896 1000012288
      ✓ should mint for amount=1
[FEE] 121700353620591 93896 1000011520
      ✓ should mint for amount=1
[FEE] 121700265997346 93896 1000010800
      ✓ should mint for amount=1
[FEE] 121700183850554 93896 1000010125
      ✓ should mint for amount=1
[FEE] 121698810699129 93895 1000009492
      ✓ should mint for amount=1
[FEE] 121698738532420 93895 1000008899
      ✓ should mint for amount=1
[FEE] 121697374754024 93894 1000008343
      ✓ should mint for amount=1
[FEE] 121697311350221 93894 1000007822
      ✓ should mint for amount=1
[FEE] 121695955727512 93893 1000007333
      ✓ should mint for amount=1
[FEE] 121694603878576 93892 1000006875
      ✓ should mint for amount=1
[FEE] 121694551550256 93892 1000006445
      ✓ should mint for amount=1
[FEE] 121693206396152 93891 1000006042
      ✓ should mint for amount=1
[FEE] 121693160396398 93891 1000005664
      ✓ should mint for amount=1
[FEE] 121691821206695 93890 1000005310
      ✓ should mint for amount=1
[FEE] 121690484695088 93889 1000004978
      ✓ should mint for amount=1
[FEE] 121691742959270 93890 1000004667
      ✓ should mint for amount=1
[FEE] 121691707425446 93890 1000004375
      ✓ should mint for amount=1
[FEE] 121691674203756 93890 1000004102
      ✓ should mint for amount=1
[FEE] 121691643050815 93890 1000003846
      ✓ should mint for amount=1
[FEE] 121691613844933 93890 1000003606
      ✓ should mint for amount=1
[FEE] 121691586464419 93890 1000003381
      ✓ should mint for amount=1
[FEE] 121691560787581 93890 1000003170
      ✓ should mint for amount=1
[FEE] 121690240585190 93889 1000002972
      ✓ should mint for amount=1
[FEE] 121688921843577 93888 1000002786
      ✓ should mint for amount=1
[FEE] 121688900669763 93888 1000002612
      ✓ should mint for amount=1
[FEE] 121688880834524 93888 1000002449
      ✓ should mint for amount=1
[FEE] 121690158322832 93889 1000002296
      ✓ should mint for amount=1
[FEE] 121691437027656 93890 1000002153
      ✓ should mint for amount=1
[FEE] 121691420599347 93890 1000002018
      ✓ should mint for amount=1
[FEE] 121691405266259 93890 1000001892
      ✓ should mint for amount=1
[FEE] 121691390906700 93890 1000001774
      ✓ should mint for amount=1
[FEE] 121691377398980 93890 1000001663
      ✓ should mint for amount=1
[FEE] 121690068637392 93889 1000001559
      ✓ should mint for amount=1
[FEE] 121691352939054 93890 1000001462
      ✓ should mint for amount=1
[FEE] 121691341865157 93890 1000001371
      ✓ should mint for amount=1
[FEE] 121691331399716 93890 1000001285
      ✓ should mint for amount=1
[FEE] 121691321664422 93890 1000001205
      ✓ should mint for amount=1
[FEE] 121690016432433 93889 1000001130
      ✓ should mint for amount=1
[FEE] 121691303897510 93890 1000001059
      ✓ should mint for amount=1
[FEE] 121691295865893 93890 1000000993
      ✓ should mint for amount=1
[FEE] 121691288321040 93890 1000000931
      ✓ should mint for amount=1
[FEE] 121689985158135 93889 1000000873
      ✓ should mint for amount=1
[FEE] 121691274569937 93890 1000000818
      ✓ should mint for amount=1
[FEE] 121691268363687 93890 1000000767
      ✓ should mint for amount=1
[FEE] 121689966417893 93889 1000000719
      ✓ should mint for amount=1
[FEE] 121691257046408 93890 1000000674
      ✓ should mint for amount=1
[FEE] 121691251935378 93890 1000000632
      ✓ should mint for amount=1
[FEE] 121691247189423 93890 1000000593
      ✓ should mint for amount=1
[FEE] 121691242686849 93890 1000000556
      ✓ should mint for amount=1
[FEE] 121691238427658 93890 1000000521
      ✓ should mint for amount=1
[FEE] 121691234411849 93890 1000000488
      ✓ should mint for amount=1
[FEE] 121689934656835 93889 1000000458
      ✓ should mint for amount=1
[FEE] 121689931127828 93889 1000000429
      ✓ should mint for amount=1
[FEE] 121691223946408 93890 1000000402
      ✓ should mint for amount=1
[FEE] 121691220904129 93890 1000000377
      ✓ should mint for amount=1
[FEE] 121689921879398 93889 1000000353
      ✓ should mint for amount=1
[FEE] 121689919202220 93889 1000000331
      ✓ should mint for amount=1
[FEE] 121691212750820 93890 1000000310
      ✓ should mint for amount=1
[FEE] 121691210438688 93890 1000000291
      ✓ should mint for amount=1
[FEE] 121691208248247 93890 1000000273
      ✓ should mint for amount=1
[FEE] 121691206179497 93890 1000000256
      ✓ should mint for amount=1
[FEE] 121691204232438 93890 1000000240
      ✓ should mint for amount=1
[FEE] 121691202407070 93890 1000000225
      ✓ should mint for amount=1
[FEE] 121691200703394 93890 1000000211
      ✓ should mint for amount=1
[FEE] 121691199121408 93890 1000000198
      ✓ should mint for amount=1
[FEE] 121691197661114 93890 1000000186
      ✓ should mint for amount=1
[FEE] 121691196200820 93890 1000000174
      ✓ should mint for amount=1
[FEE] 121691194862217 93890 1000000163
      ✓ should mint for amount=1
[FEE] 121691193645306 93890 1000000153
      ✓ should mint for amount=1
[FEE] 121691192428394 93890 1000000143
      ✓ should mint for amount=1
[FEE] 121691191333173 93890 1000000134
      ✓ should mint for amount=1
[FEE] 121689894255795 93889 1000000126
      ✓ should mint for amount=1
[FEE] 121691189386114 93890 1000000118
      ✓ should mint for amount=1
[FEE] 121689892430447 93889 1000000111
      ✓ should mint for amount=1
[FEE] 121689891578618 93889 1000000104
      ✓ should mint for amount=1
[FEE] 121691186952291 93890 1000000098
      ✓ should mint for amount=1
[FEE] 121691186222144 93890 1000000092
      ✓ should mint for amount=1
[FEE] 121691185491997 93890 1000000086
      ✓ should mint for amount=1
[FEE] 121691184883541 93890 1000000081
      ✓ should mint for amount=1
[FEE] 121691184275085 93890 1000000076
      ✓ should mint for amount=1
[FEE] 121691183666629 93890 1000000071
      ✓ should mint for amount=1
[FEE] 121689887076092 93889 1000000067
      ✓ should mint for amount=1
[FEE] 121691182693100 93890 1000000063
      ✓ should mint for amount=1
[FEE] 121689886102573 93889 1000000059
      ✓ should mint for amount=1
[FEE] 121689885615814 93889 1000000055
      ✓ should mint for amount=1
[FEE] 121689885250744 93889 1000000052
      ✓ should mint for amount=1
[FEE] 121689884885674 93889 1000000049
      ✓ should mint for amount=1
[FEE] 121691180624350 93890 1000000046
      ✓ should mint for amount=1
[FEE] 121691180259276 93890 1000000043
      ✓ should mint for amount=1
[FEE] 121691179894203 93890 1000000040
      ✓ should mint for amount=1
[FEE] 121691179650820 93890 1000000038
      ✓ should mint for amount=1
[FEE] 121691179407438 93890 1000000036
      ✓ should mint for amount=1
[FEE] 121689883060326 93889 1000000034
      ✓ should mint for amount=1
[FEE] 121691178920673 93890 1000000032
      ✓ should mint for amount=1
[FEE] 121691178677291 93890 1000000030
      ✓ should mint for amount=1
[FEE] 121691178433909 93890 1000000028
      ✓ should mint for amount=1
[FEE] 121691178190526 93890 1000000026
      ✓ should mint for amount=1
[FEE] 121691177947144 93890 1000000024
      ✓ should mint for amount=1
[FEE] 121691177825453 93890 1000000023
      ✓ should mint for amount=1
[FEE] 121691177703762 93890 1000000022
      ✓ should mint for amount=1
[FEE] 121691177582070 93890 1000000021
      ✓ should mint for amount=1
[FEE] 121691177460379 93890 1000000020
      ✓ should mint for amount=1
[FEE] 121691177338688 93890 1000000019
      ✓ should mint for amount=1
[FEE] 121691177216997 93890 1000000018
      ✓ should mint for amount=1
[FEE] 121691177095306 93890 1000000017
      ✓ should mint for amount=1
[FEE] 121691176973615 93890 1000000016
      ✓ should mint for amount=1
[FEE] 121691176851923 93890 1000000015
      ✓ should mint for amount=1
[FEE] 121691176730232 93890 1000000014
      ✓ should mint for amount=1
[FEE] 121691176608541 93890 1000000013
      ✓ should mint for amount=1
[FEE] 121691176486850 93890 1000000012
      ✓ should mint for amount=1
[FEE] 121691176365159 93890 1000000011
      ✓ should mint for amount=1
[FEE] 121691176243468 93890 1000000010
      ✓ should mint for amount=1
[FEE] 121689880018079 93889 1000000009
      ✓ should mint for amount=1
[FEE] 121689879896389 93889 1000000008
      ✓ should mint for amount=1
[FEE] 121688583792694 93888 1000000008
      ✓ should mint for amount=1
[FEE] 121688583792694 93888 1000000008
      ✓ should mint for amount=1
[FEE] 121689879896389 93889 1000000008
      ✓ should mint for amount=1
[FEE] 121689879896389 93889 1000000008
      ✓ should mint for amount=1
[FEE] 121691176000085 93890 1000000008
      ✓ should mint for amount=1
[FEE] 121689879896389 93889 1000000008
      ✓ should mint for amount=1
[FEE] 121691176000085 93890 1000000008
      ✓ should mint for amount=1
[FEE] 121691176000085 93890 1000000008
      ✓ should mint for amount=1
[FEE] 121691176000085 93890 1000000008
      ✓ should mint for amount=1
[FEE] 121689879896389 93889 1000000008
      ✓ should mint for amount=1
[FEE] 121688583792694 93888 1000000008
      ✓ should mint for amount=1
[FEE] 121687287688998 93887 1000000008
      ✓ should mint for amount=1
[FEE] 121687287688998 93887 1000000008
      ✓ should mint for amount=1
[FEE] 121687287688998 93887 1000000008
      ✓ should mint for amount=1
[FEE] 121688583792694 93888 1000000008
      ✓ should mint for amount=1
[FEE] 121689879896389 93889 1000000008
      ✓ should mint for amount=1
[FEE] 121691176000085 93890 1000000008
      ✓ should mint for amount=1
[FEE] 121689879896389 93889 1000000008
      ✓ should mint for amount=1
[FEE] 121688583792694 93888 1000000008
      ✓ should mint for amount=1
[FEE] 121689879896389 93889 1000000008
      ✓ should mint for amount=1
[FEE] 121689879896389 93889 1000000008
      ✓ should mint for amount=1
[FEE] 121688583792694 93888 1000000008
      ✓ should mint for amount=1
[FEE] 121689879896389 93889 1000000008
      ✓ should mint for amount=1
[FEE] 121691176000085 93890 1000000008
      ✓ should mint for amount=1
[FEE] 121691176000085 93890 1000000008
      ✓ should mint for amount=1
[FEE] 121691176000085 93890 1000000008
      ✓ should mint for amount=1
[FEE] 121689879896389 93889 1000000008
      ✓ should mint for amount=1
[FEE] 121689879896389 93889 1000000008
      ✓ should mint for amount=1
[FEE] 121691176000085 93890 1000000008
      ✓ should mint for amount=1
[FEE] 121691176000085 93890 1000000008
      ✓ should mint for amount=1
[FEE] 121689879896389 93889 1000000008
      ✓ should mint for amount=1
[FEE] 121691176000085 93890 1000000008
      ✓ should mint for amount=1
[FEE] 121691176000085 93890 1000000008
      ✓ should mint for amount=1
[FEE] 121691176000085 93890 1000000008
      ✓ should mint for amount=1
[FEE] 121691176000085 93890 1000000008
      ✓ should mint for amount=1
[FEE] 121691176000085 93890 1000000008
      ✓ should mint for amount=1
[FEE] 121691176000085 93890 1000000008
      ✓ should mint for amount=1
[FEE] 121691176000085 93890 1000000008
      ✓ should mint for amount=1
[FEE] 121689879896389 93889 1000000008
      ✓ should mint for amount=1
[FEE] 121688583792694 93888 1000000008
      ✓ should mint for amount=1
[FEE] 121689879896389 93889 1000000008
      ✓ should mint for amount=1
[FEE] 121691176000085 93890 1000000008
      ✓ should mint for amount=1
[FEE] 121691176000085 93890 1000000008
      ✓ should mint for amount=1
[FEE] 121689879896389 93889 1000000008
      ✓ should mint for amount=1
[FEE] 121691176000085 93890 1000000008
      ✓ should mint for amount=1
[FEE] 121691176000085 93890 1000000008
      ✓ should mint for amount=1
[FEE] 121689879896389 93889 1000000008
      ✓ should mint for amount=1
[FEE] 121691176000085 93890 1000000008
      ✓ should mint for amount=1
[FEE] 121691176000085 93890 1000000008
      ✓ should mint for amount=1
[FEE] 121689879896389 93889 1000000008
      ✓ should mint for amount=1
[FEE] 121691176000085 93890 1000000008
      ✓ should mint for amount=1
[FEE] 121691176000085 93890 1000000008
      ✓ should mint for amount=1
[FEE] 121691176000085 93890 1000000008
      ✓ should mint for amount=1
[FEE] 121691176000085 93890 1000000008
      ✓ should mint for amount=1
[FEE] 121691176000085 93890 1000000008
      ✓ should mint for amount=1
[FEE] 121691176000085 93890 1000000008
      ✓ should mint for amount=1
[FEE] 121689879896389 93889 1000000008
      ✓ should mint for amount=1
[FEE] 121691176000085 93890 1000000008
      ✓ should mint for amount=1
[FEE] 121691176000085 93890 1000000008
      ✓ should mint for amount=1
[FEE] 121691176000085 93890 1000000008
      ✓ should mint for amount=1
[FEE] 121691176000085 93890 1000000008
      ✓ should mint for amount=1
[FEE] 121691176000085 93890 1000000008
      ✓ should mint for amount=1
[FEE] 121691176000085 93890 1000000008
      ✓ should mint for amount=1
[FEE] 121689879896389 93889 1000000008
      ✓ should mint for amount=1
[FEE] 121688583792694 93888 1000000008
      ✓ should mint for amount=1
[FEE] 121687287688998 93887 1000000008
      ✓ should mint for amount=1
[FEE] 121688583792694 93888 1000000008
      ✓ should mint for amount=1
[FEE] 121689879896389 93889 1000000008
      ✓ should mint for amount=1
[FEE] 121688583792694 93888 1000000008
      ✓ should mint for amount=1
[FEE] 121689879896389 93889 1000000008
      ✓ should mint for amount=1
[FEE] 121688583792694 93888 1000000008
      ✓ should mint for amount=1
[FEE] 121687287688998 93887 1000000008
      ✓ should mint for amount=1
[FEE] 121688583792694 93888 1000000008
      ✓ should mint for amount=1
[FEE] 121688583792694 93888 1000000008
      ✓ should mint for amount=1
[FEE] 121689879896389 93889 1000000008
      ✓ should mint for amount=1
[FEE] 121691176000085 93890 1000000008
      ✓ should mint for amount=1
[FEE] 121689879896389 93889 1000000008
      ✓ should mint for amount=1
[FEE] 121689879896389 93889 1000000008
      ✓ should mint for amount=1
[FEE] 121688583792694 93888 1000000008
      ✓ should mint for amount=1
[FEE] 121689879896389 93889 1000000008
      ✓ should mint for amount=1
[FEE] 121689879896389 93889 1000000008
      ✓ should mint for amount=1
[FEE] 121691176000085 93890 1000000008
      ✓ should mint for amount=1
[FEE] 121691176000085 93890 1000000008
      ✓ should mint for amount=1
[FEE] 121691176000085 93890 1000000008
      ✓ should mint for amount=1
[FEE] 121691176000085 93890 1000000008
      ✓ should mint for amount=1
[FEE] 121691176000085 93890 1000000008
      ✓ should mint for amount=1
[FEE] 121691176000085 93890 1000000008
      ✓ should mint for amount=1
[FEE] 121691176000085 93890 1000000008
      ✓ should mint for amount=1
[FEE] 121691176000085 93890 1000000008
      ✓ should mint for amount=1
[FEE] 121689879896389 93889 1000000008
      ✓ should mint for amount=1
[FEE] 121691176000085 93890 1000000008
      ✓ should mint for amount=1
[FEE] 121691176000085 93890 1000000008
      ✓ should mint for amount=1
[FEE] 121691176000085 93890 1000000008
      ✓ should mint for amount=1
[FEE] 121691176000085 93890 1000000008
      ✓ should mint for amount=1
[FEE] 121691176000085 93890 1000000008
      ✓ should mint for amount=1
[FEE] 121691176000085 93890 1000000008
      ✓ should mint for amount=1
[FEE] 121691176000085 93890 1000000008
      ✓ should mint for amount=1
[FEE] 121691176000085 93890 1000000008
      ✓ should mint for amount=1
[FEE] 121691176000085 93890 1000000008
      ✓ should mint for amount=1
[FEE] 121691176000085 93890 1000000008
      ✓ should mint for amount=1
[FEE] 121691176000085 93890 1000000008
      ✓ should mint for amount=1
[FEE] 121689879896389 93889 1000000008
      ✓ should mint for amount=1
[FEE] 121691176000085 93890 1000000008
      ✓ should mint for amount=1
[FEE] 121691176000085 93890 1000000008
      ✓ should mint for amount=1
[FEE] 121689879896389 93889 1000000008
      ✓ should mint for amount=1
[FEE] 121689879896389 93889 1000000008
      ✓ should mint for amount=1
[FEE] 121691176000085 93890 1000000008
      ✓ should mint for amount=1
[FEE] 121691176000085 93890 1000000008
      ✓ should mint for amount=1
[FEE] 121691176000085 93890 1000000008
      ✓ should mint for amount=1
[FEE] 121691176000085 93890 1000000008
      ✓ should mint for amount=1
[FEE] 121691176000085 93890 1000000008
      ✓ should mint for amount=1
[FEE] 121691176000085 93890 1000000008
      ✓ should mint for amount=1
[FEE] 121691176000085 93890 1000000008
      ✓ should mint for amount=1
[FEE] 121691176000085 93890 1000000008
      ✓ should mint for amount=1
[FEE] 121691176000085 93890 1000000008
      ✓ should mint for amount=1
[FEE] 121691176000085 93890 1000000008
      ✓ should mint for amount=1
[FEE] 121691176000085 93890 1000000008
      ✓ should mint for amount=1
[FEE] 121689879896389 93889 1000000008
      ✓ should mint for amount=1
[FEE] 121688583792694 93888 1000000008
      ✓ should mint for amount=1
[FEE] 121689879896389 93889 1000000008
      ✓ should mint for amount=1
[FEE] 121691176000085 93890 1000000008
      ✓ should mint for amount=1
[FEE] 121691176000085 93890 1000000008
      ✓ should mint for amount=1
[FEE] 121691176000085 93890 1000000008
      ✓ should mint for amount=1
[FEE] 121691176000085 93890 1000000008
      ✓ should mint for amount=1
[FEE] 121691176000085 93890 1000000008
      ✓ should mint for amount=1
[FEE] 121691176000085 93890 1000000008
      ✓ should mint for amount=1
[FEE] 121691176000085 93890 1000000008
      ✓ should mint for amount=1
[FEE] 121691176000085 93890 1000000008
      ✓ should mint for amount=1
[FEE] 121691176000085 93890 1000000008
      ✓ should mint for amount=1
[FEE] 121691176000085 93890 1000000008
      ✓ should mint for amount=1
[FEE] 121691176000085 93890 1000000008
      ✓ should mint for amount=1
[FEE] 121691176000085 93890 1000000008
      ✓ should mint for amount=1
[FEE] 121691176000085 93890 1000000008
      ✓ should mint for amount=1
[FEE] 121691176000085 93890 1000000008
      ✓ should mint for amount=1
[FEE] 121691176000085 93890 1000000008
      ✓ should mint for amount=1
[FEE] 121691176000085 93890 1000000008
      ✓ should mint for amount=1
[FEE] 121691176000085 93890 1000000008
      ✓ should mint for amount=1
[FEE] 121691176000085 93890 1000000008
      ✓ should mint for amount=1
[FEE] 121691176000085 93890 1000000008
      ✓ should mint for amount=1
[FEE] 121691176000085 93890 1000000008
      ✓ should mint for amount=1
[FEE] 121689879896389 93889 1000000008
      ✓ should mint for amount=1
[FEE] 121688583792694 93888 1000000008
      ✓ should mint for amount=1
[FEE] 121689879896389 93889 1000000008
      ✓ should mint for amount=1
[FEE] 121691176000085 93890 1000000008
      ✓ should mint for amount=1
[FEE] 121691176000085 93890 1000000008
      ✓ should mint for amount=1
[FEE] 121691176000085 93890 1000000008
      ✓ should mint for amount=1
[FEE] 121691176000085 93890 1000000008
      ✓ should mint for amount=1
[FEE] 121691176000085 93890 1000000008
      ✓ should mint for amount=1
[FEE] 121691176000085 93890 1000000008
      ✓ should mint for amount=1
[FEE] 121689879896389 93889 1000000008
      ✓ should mint for amount=1
[FEE] 121691176000085 93890 1000000008
      ✓ should mint for amount=1
[FEE] 121691176000085 93890 1000000008
      ✓ should mint for amount=1
[FEE] 121691176000085 93890 1000000008
      ✓ should mint for amount=1
[FEE] 121691176000085 93890 1000000008
      ✓ should mint for amount=1
[FEE] 121691176000085 93890 1000000008
      ✓ should mint for amount=1
[FEE] 121691176000085 93890 1000000008
      ✓ should mint for amount=1
[FEE] 121691176000085 93890 1000000008
      ✓ should mint for amount=1
[FEE] 121689879896389 93889 1000000008
      ✓ should mint for amount=1
[FEE] 121691176000085 93890 1000000008
      ✓ should mint for amount=1
[FEE] 121691176000085 93890 1000000008
      ✓ should mint for amount=1
[FEE] 121691176000085 93890 1000000008
      ✓ should mint for amount=1
[FEE] 121691176000085 93890 1000000008
      ✓ should mint for amount=1
[FEE] 121691176000085 93890 1000000008
      ✓ should mint for amount=1
[FEE] 121691176000085 93890 1000000008
      ✓ should mint for amount=1
[FEE] 121689879896389 93889 1000000008
      ✓ should mint for amount=1
[FEE] 121691176000085 93890 1000000008
      ✓ should mint for amount=1
[FEE] 121691176000085 93890 1000000008
      ✓ should mint for amount=1
[FEE] 121691176000085 93890 1000000008
      ✓ should mint for amount=1
[FEE] 121691176000085 93890 1000000008
      ✓ should mint for amount=1
[FEE] 121691176000085 93890 1000000008
      ✓ should mint for amount=1
[FEE] 121691176000085 93890 1000000008
      ✓ should mint for amount=1
[FEE] 121691176000085 93890 1000000008
      ✓ should mint for amount=1
[FEE] 121691176000085 93890 1000000008
      ✓ should mint for amount=1
[FEE] 121691176000085 93890 1000000008
      ✓ should mint for amount=1
[FEE] 121691176000085 93890 1000000008
      ✓ should mint for amount=1
[FEE] 121691176000085 93890 1000000008
      ✓ should mint for amount=1
[FEE] 121691176000085 93890 1000000008
      ✓ should mint for amount=1
[FEE] 121689879896389 93889 1000000008
      ✓ should mint for amount=1
[FEE] 121691176000085 93890 1000000008
      ✓ should mint for amount=1
[FEE] 121691176000085 93890 1000000008
      ✓ should mint for amount=1
[FEE] 121691176000085 93890 1000000008
      ✓ should mint for amount=1
[FEE] 121691176000085 93890 1000000008
      ✓ should mint for amount=1
[FEE] 121691176000085 93890 1000000008
      ✓ should mint for amount=1
[FEE] 121691176000085 93890 1000000008
      ✓ should mint for amount=1
[FEE] 121689879896389 93889 1000000008
      ✓ should mint for amount=1
[FEE] 121688583792694 93888 1000000008
      ✓ should mint for amount=1
[FEE] 121689879896389 93889 1000000008
      ✓ should mint for amount=1
[FEE] 121688583792694 93888 1000000008
      ✓ should mint for amount=1
[FEE] 121689879896389 93889 1000000008
      ✓ should mint for amount=1
[FEE] 121689879896389 93889 1000000008
      ✓ should mint for amount=1
[FEE] 121689879896389 93889 1000000008
      ✓ should mint for amount=1
[FEE] 121691176000085 93890 1000000008
      ✓ should mint for amount=1
[FEE] 121691176000085 93890 1000000008
      ✓ should mint for amount=1
[FEE] 121691176000085 93890 1000000008
      ✓ should mint for amount=1
[FEE] 121689879896389 93889 1000000008
      ✓ should mint for amount=1
[FEE] 121689879896389 93889 1000000008
      ✓ should mint for amount=1
[FEE] 121689879896389 93889 1000000008
      ✓ should mint for amount=1
[FEE] 121689879896389 93889 1000000008
      ✓ should mint for amount=1
[FEE] 121691176000085 93890 1000000008
      ✓ should mint for amount=1
[FEE] 121691176000085 93890 1000000008
      ✓ should mint for amount=1
[FEE] 121689879896389 93889 1000000008
      ✓ should mint for amount=1
[FEE] 121691176000085 93890 1000000008
      ✓ should mint for amount=1
[FEE] 121691176000085 93890 1000000008
      ✓ should mint for amount=1
[FEE] 121691176000085 93890 1000000008
      ✓ should mint for amount=1
[FEE] 121691176000085 93890 1000000008
      ✓ should mint for amount=1

·----------------------------------------|---------------------------|-------------|----------------------------·
|          [90mSolc version: 0.8.17[39m          ·  [90mOptimizer enabled: true[39m  ·  [90mRuns: 200[39m  ·  [90mBlock limit: 8000000 gas[39m  │
·········································|···························|·············|·····························
|  [32m[1mMethods[22m[39m                                                                                                      │
···················|·····················|·············|·············|·············|··············|··············
|  [1mContract[22m        ·  [1mMethod[22m             ·  [32mMin[39m        ·  [32mMax[39m        ·  [32mAvg[39m        ·  [1m# calls[22m     ·  [1musd (avg)[22m  │
···················|·····················|·············|·············|·············|··············|··············
|  [90mXPowerThorTest[39m  ·  init               ·          -  ·          -  ·      67353  ·           [90m1[39m  ·          [32m[90m-[32m[39m  │
···················|·····················|·············|·············|·············|··············|··············
|  [90mXPowerThorTest[39m  ·  mint               ·     [36m121684[39m  ·     [31m229535[39m  ·     124989  ·         [90m498[39m  ·          [32m[90m-[32m[39m  │
···················|·····················|·············|·············|·············|··············|··············
|  [90mXPowerThorTest[39m  ·  transferOwnership  ·          -  ·          -  ·      28656  ·           [90m1[39m  ·          [32m[90m-[32m[39m  │
···················|·····················|·············|·············|·············|··············|··············
|  [32m[1mDeployments[22m[39m                           ·                                         ·  [1m% of limit[22m  ·             │
·········································|·············|·············|·············|··············|··············
|  XPowerThorTest                        ·          -  ·          -  ·    3331941  ·      [90m41.6 %[39m  ·          [32m[90m-[32m[39m  │
·----------------------------------------|-------------|-------------|-------------|--------------|-------------·

  498 passing (25s)

