
> xpower@6.0.0 test-gas
> REPORT_GAS=true npm test ./test/contracts/XPower.fees.1-thor.test.js


> xpower@6.0.0 test
> hardhat test ./test/contracts/XPower.fees.1-thor.test.js


  XPowerThor
    mint
[FEE] 348822982083776 162305 1658186771
      ✓ should mint for amount=1
[FEE] 338642451344703 158030 1653339774
      ✓ should mint for amount=1
[FEE] 328269851094044 154022 1644403885
      ✓ should mint for amount=1
[FEE] 317876967989927 150264 1632166166
      ✓ should mint for amount=1
[FEE] 307596825520860 146741 1617300159
      ✓ should mint for amount=1
[FEE] 297527623514941 143438 1600380779
      ✓ should mint for amount=1
[FEE] 287743613927867 140342 1581897308
      ✓ should mint for amount=1
[FEE] 278294337833266 137439 1562264766
      ✓ should mint for amount=1
[FEE] 269217287642190 134718 1541833836
      ✓ should mint for amount=1
[FEE] 260533339359396 132167 1520899539
      ✓ should mint for amount=1
[FEE] 252253801605775 129775 1499708790
      ✓ should mint for amount=1
[FEE] 244382751320031 127532 1478466995
      ✓ should mint for amount=1
[FEE] 236920798271378 125430 1457343806
      ✓ should mint for amount=1
[FEE] 229857140783799 123458 1436478127
      ✓ should mint for amount=1
[FEE] 223185980189699 121610 1415982468
      ✓ should mint for amount=1
[FEE] 216894273848055 119878 1395946751
      ✓ should mint for amount=1
[FEE] 210964655324129 118253 1376441593
      ✓ should mint for amount=1
[FEE] 205386815780378 116731 1357521168
      ✓ should mint for amount=1
[FEE] 200141843182085 115304 1339225703
      ✓ should mint for amount=1
[FEE] 195211718942575 113965 1321583614
      ✓ should mint for amount=1
[FEE] 190582940013561 112710 1304613376
      ✓ should mint for amount=1
[FEE] 186239802552589 111534 1288325133
      ✓ should mint for amount=1
[FEE] 182166394664871 110432 1272722084
      ✓ should mint for amount=1
[FEE] 178345148479518 109398 1257801684
      ✓ should mint for amount=1
[FEE] 174763518436086 108429 1243556671
      ✓ should mint for amount=1
[FEE] 171407436876390 107521 1229975952
      ✓ should mint for amount=1
[FEE] 168261491875852 106669 1217045363
      ✓ should mint for amount=1
[FEE] 165313752850617 105870 1204748312
      ✓ should mint for amount=1
[FEE] 162554109215120 105122 1193066337
      ✓ should mint for amount=1
[FEE] 159968106714719 104420 1181979571
      ✓ should mint for amount=1
[FEE] 157546293793094 103762 1171467141
      ✓ should mint for amount=1
[FEE] 155278005949642 103145 1161507503
      ✓ should mint for amount=1
[FEE] 153154426747614 102567 1152078722
      ✓ should mint for amount=1
[FEE] 151165567183226 102025 1143158708
      ✓ should mint for amount=1
[FEE] 149303263404649 101517 1134725409
      ✓ should mint for amount=1
[FEE] 147559656282631 101041 1126756971
      ✓ should mint for amount=1
[FEE] 145925735775615 100594 1119231871
      ✓ should mint for amount=1
[FEE] 144395703062809 100175 1112129019
      ✓ should mint for amount=1
[FEE] 142962570567988 99782 1105427841
      ✓ should mint for amount=1
[FEE] 141621046714911 99414 1099108347
      ✓ should mint for amount=1
[FEE] 140364651299885 99069 1093151176
      ✓ should mint for amount=1
[FEE] 139187153821859 98745 1087537634
      ✓ should mint for amount=1
[FEE] 138085365852416 98442 1082249717
      ✓ should mint for amount=1
[FEE] 137053478462024 98158 1077270125
      ✓ should mint for amount=1
[FEE] 136087288563860 97892 1072582271
      ✓ should mint for amount=1
[FEE] 135181388307739 97642 1068170280
      ✓ should mint for amount=1
[FEE] 134331940871939 97407 1064018983
      ✓ should mint for amount=1
[FEE] 133538017109794 97188 1060113909
      ✓ should mint for amount=1
[FEE] 132791954314597 96981 1056441271
      ✓ should mint for amount=1
[FEE] 132094477642188 96788 1052987948
      ✓ should mint for amount=1
[FEE] 131439591491913 96606 1049741471
      ✓ should mint for amount=1
[FEE] 130826887368105 96436 1046690000
      ✓ should mint for amount=1
[FEE] 130253339487142 96277 1043822303
      ✓ should mint for amount=1
[FEE] 129716035748659 96128 1041127734
      ✓ should mint for amount=1
[FEE] 129210824500801 95987 1038596211
      ✓ should mint for amount=1
[FEE] 128739038356370 95856 1036218193
      ✓ should mint for amount=1
[FEE] 128298046912383 95734 1033984657
      ✓ should mint for amount=1
[FEE] 127882634130962 95618 1031887074
      ✓ should mint for amount=1
[FEE] 127493027396392 95509 1029917388
      ✓ should mint for amount=1
[FEE] 127129510836151 95408 1028067993
      ✓ should mint for amount=1
[FEE] 126787102227859 95312 1026331711
      ✓ should mint for amount=1
[FEE] 126468874423866 95224 1024701772
      ✓ should mint for amount=1
[FEE] 126168648658888 95140 1023171793
      ✓ should mint for amount=1
[FEE] 125888275821982 95062 1021735758
      ✓ should mint for amount=1
[FEE] 125625673440242 94989 1020387998
      ✓ should mint for amount=1
[FEE] 125378812644677 94920 1019123175
      ✓ should mint for amount=1
[FEE] 125148352956606 94856 1017936263
      ✓ should mint for amount=1
[FEE] 124932352599467 94796 1016822530
      ✓ should mint for amount=1
[FEE] 124730230504708 94740 1015777524
      ✓ should mint for amount=1
[FEE] 124538810792722 94686 1014797056
      ✓ should mint for amount=1
[FEE] 124361531295109 94637 1013877186
      ✓ should mint for amount=1
[FEE] 124195282398043 94591 1013014209
      ✓ should mint for amount=1
[FEE] 124038305115982 94547 1012204642
      ✓ should mint for amount=1
[FEE] 123891493926785 94506 1011445211
      ✓ should mint for amount=1
[FEE] 123753145093150 94467 1010732838
      ✓ should mint for amount=1
[FEE] 123622891984175 94430 1010064631
      ✓ should mint for amount=1
[FEE] 123503007186073 94397 1009437872
      ✓ should mint for amount=1
[FEE] 123390548469280 94366 1008850010
      ✓ should mint for amount=1
[FEE] 123285213368922 94337 1008298647
      ✓ should mint for amount=1
[FEE] 123186718084926 94310 1007781530
      ✓ should mint for amount=1
[FEE] 123093491224581 94284 1007296546
      ✓ should mint for amount=1
[FEE] 123006589874172 94260 1006841708
      ✓ should mint for amount=1
[FEE] 122924475714047 94237 1006415153
      ✓ should mint for amount=1
[FEE] 122848234637333 94216 1006015130
      ✓ should mint for amount=1
[FEE] 122776357482773 94196 1005639997
      ✓ should mint for amount=1
[FEE] 122708652512680 94177 1005288211
      ✓ should mint for amount=1
[FEE] 122643637634593 94158 1004958326
      ✓ should mint for amount=1
[FEE] 122583749550099 94141 1004648982
      ✓ should mint for amount=1
[FEE] 122528829193506 94126 1004358906
      ✓ should mint for amount=1
[FEE] 122477425774166 94112 1004086901
      ✓ should mint for amount=1
[FEE] 122429400287323 94099 1003831844
      ✓ should mint for amount=1
[FEE] 122383321836648 94086 1003592683
      ✓ should mint for amount=1
[FEE] 122340369622927 94074 1003368430
      ✓ should mint for amount=1
[FEE] 122300428941101 94063 1003158157
      ✓ should mint for amount=1
[FEE] 122263392564298 94053 1002960996
      ✓ should mint for amount=1
[FEE] 122226560227623 94042 1002776130
      ✓ should mint for amount=1
[FEE] 122193737444861 94033 1002602795
      ✓ should mint for amount=1
[FEE] 122163535575302 94025 1002440272
      ✓ should mint for amount=1
[FEE] 122133273502820 94016 1002287888
      ✓ should mint for amount=1
[FEE] 122105472350804 94008 1002145012
      ✓ should mint for amount=1
[FEE] 122080059141602 94001 1002011052
      ✓ should mint for amount=1
[FEE] 122055666828272 93994 1001885452
      ✓ should mint for amount=1
[FEE] 122033530111464 93988 1001767691
      ✓ should mint for amount=1
[FEE] 122010992281091 93981 1001657280
      ✓ should mint for amount=1
[FEE] 121991892135145 93976 1001553761
      ✓ should mint for amount=1
[FEE] 121973580499492 93971 1001456705
      ✓ should mint for amount=1
[FEE] 121956008045450 93966 1001365708
      ✓ should mint for amount=1
[FEE] 121940426506164 93962 1001280393
      ✓ should mint for amount=1
[FEE] 121925494569879 93958 1001200405
      ✓ should mint for amount=1
[FEE] 121909874162398 93953 1001125412
      ✓ should mint for amount=1
[FEE] 121896122429924 93949 1001055102
      ✓ should mint for amount=1
[FEE] 121881608699678 93944 1000989183
      ✓ should mint for amount=1
[FEE] 121868894393512 93940 1000927381
      ✓ should mint for amount=1
[FEE] 121857947916801 93937 1000869439
      ✓ should mint for amount=1
[FEE] 121848739657592 93935 1000815116
      ✓ should mint for amount=1
[FEE] 121837350578974 93931 1000764186
      ✓ should mint for amount=1
[FEE] 121828943345139 93929 1000716437
      ✓ should mint for amount=1
[FEE] 121820899506683 93927 1000671671
      ✓ should mint for amount=1
[FEE] 121813196397411 93925 1000629702
      ✓ should mint for amount=1
[FEE] 121805812570397 93923 1000590354
      ✓ should mint for amount=1
[FEE] 121798728284779 93921 1000553465
      ✓ should mint for amount=1
[FEE] 121793221429685 93920 1000518880
      ✓ should mint for amount=1
[FEE] 121785384251732 93917 1000486456
      ✓ should mint for amount=1
[FEE] 121779090630054 93915 1000456058
      ✓ should mint for amount=1
[FEE] 121774324971969 93914 1000427559
      ✓ should mint for amount=1
[FEE] 121768479549617 93912 1000400841
      ✓ should mint for amount=1
[FEE] 121764134002369 93911 1000375792
      ✓ should mint for amount=1
[FEE] 121759979007310 93910 1000352308
      ✓ should mint for amount=1
[FEE] 121756002630206 93909 1000330291
      ✓ should mint for amount=1
[FEE] 121752193789334 93908 1000309650
      ✓ should mint for amount=1
[FEE] 121748542012007 93907 1000290299
      ✓ should mint for amount=1
[FEE] 121743740978115 93905 1000272157
      ✓ should mint for amount=1
[FEE] 121739078055178 93903 1000255149
      ✓ should mint for amount=1
[FEE] 121737137299021 93903 1000239203
      ✓ should mint for amount=1
[FEE] 121734021491423 93902 1000224254
      ✓ should mint for amount=1
[FEE] 121731019395449 93901 1000210239
      ✓ should mint for amount=1
[FEE] 121729420307776 93901 1000197100
      ✓ should mint for amount=1
[FEE] 121727921140262 93901 1000184782
      ✓ should mint for amount=1
[FEE] 121725219357717 93900 1000173234
      ✓ should mint for amount=1
[FEE] 121723901667036 93900 1000162407
      ✓ should mint for amount=1
[FEE] 121722666370055 93900 1000152257
      ✓ should mint for amount=1
[FEE] 121721508233496 93900 1000142741
      ✓ should mint for amount=1
[FEE] 121719126233768 93899 1000133820
      ✓ should mint for amount=1
[FEE] 121718108311215 93899 1000125456
      ✓ should mint for amount=1
[FEE] 121714561526993 93897 1000117615
      ✓ should mint for amount=1
[FEE] 121713666908472 93897 1000110264
      ✓ should mint for amount=1
[FEE] 121711532034397 93896 1000103373
      ✓ should mint for amount=1
[FEE] 121710745737471 93896 1000096912
      ✓ should mint for amount=1
[FEE] 121710008606920 93896 1000090855
      ✓ should mint for amount=1
[FEE] 121709317600273 93896 1000085177
      ✓ should mint for amount=1
[FEE] 121707373467871 93895 1000079853
      ✓ should mint for amount=1
[FEE] 121706766074872 93895 1000074862
      ✓ should mint for amount=1
[FEE] 121706196651542 93895 1000070183
      ✓ should mint for amount=1
[FEE] 121705662885625 93895 1000065797
      ✓ should mint for amount=1
[FEE] 121705162464865 93895 1000061685
      ✓ should mint for amount=1
[FEE] 121704693320403 93895 1000057830
      ✓ should mint for amount=1
[FEE] 121704253505076 93895 1000054216
      ✓ should mint for amount=1
[FEE] 121703841193419 93895 1000050828
      ✓ should mint for amount=1
[FEE] 121702158394521 93894 1000047651
      ✓ should mint for amount=1
[FEE] 121701795982763 93894 1000044673
      ✓ should mint for amount=1
[FEE] 121701456206527 93894 1000041881
      ✓ should mint for amount=1
[FEE] 121701137605458 93894 1000039263
      ✓ should mint for amount=1
[FEE] 121699542811198 93893 1000036809
      ✓ should mint for amount=1
[FEE] 121697966642446 93892 1000034508
      ✓ should mint for amount=1
[FEE] 121697704148990 93892 1000032351
      ✓ should mint for amount=1
[FEE] 121696161941198 93891 1000030329
      ✓ should mint for amount=1
[FEE] 121695931212273 93891 1000028433
      ✓ should mint for amount=1
[FEE] 121695714964752 93891 1000026656
      ✓ should mint for amount=1
[FEE] 121695512225095 93891 1000024990
      ✓ should mint for amount=1
[FEE] 121695322141455 93891 1000023428
      ✓ should mint for amount=1
[FEE] 121695143983677 93891 1000021964
      ✓ should mint for amount=1
[FEE] 121694976899914 93891 1000020591
      ✓ should mint for amount=1
[FEE] 121694820281704 93891 1000019304
      ✓ should mint for amount=1
[FEE] 121694673520584 93891 1000018098
      ✓ should mint for amount=1
[FEE] 121694535886399 93891 1000016967
      ✓ should mint for amount=1
[FEE] 121694406892379 93891 1000015907
      ✓ should mint for amount=1
[FEE] 121694285930063 93891 1000014913
      ✓ should mint for amount=1
[FEE] 121694172512680 93891 1000013981
      ✓ should mint for amount=1
[FEE] 121694066153460 93891 1000013107
      ✓ should mint for amount=1
[FEE] 121693966487326 93891 1000012288
      ✓ should mint for amount=1
[FEE] 121693873027509 93891 1000011520
      ✓ should mint for amount=1
[FEE] 121693785408929 93891 1000010800
      ✓ should mint for amount=1
[FEE] 121693703266511 93891 1000010125
      ✓ should mint for amount=1
[FEE] 121692330119189 93890 1000009492
      ✓ should mint for amount=1
[FEE] 121692257956322 93890 1000008899
      ✓ should mint for amount=1
[FEE] 121692190296029 93890 1000008343
      ✓ should mint for amount=1
[FEE] 121692126894927 93890 1000007822
      ✓ should mint for amount=1
[FEE] 121692067387942 93890 1000007333
      ✓ should mint for amount=1
[FEE] 121692011653384 93890 1000006875
      ✓ should mint for amount=1
[FEE] 121690663214140 93889 1000006445
      ✓ should mint for amount=1
[FEE] 121689318061602 93888 1000006042
      ✓ should mint for amount=1
[FEE] 121690568174345 93889 1000005664
      ✓ should mint for amount=1
[FEE] 121691821206695 93890 1000005310
      ✓ should mint for amount=1
[FEE] 121691780805225 93890 1000004978
      ✓ should mint for amount=1
[FEE] 121691742959270 93890 1000004667
      ✓ should mint for amount=1
[FEE] 121690411316091 93889 1000004375
      ✓ should mint for amount=1
[FEE] 121691674203756 93890 1000004102
      ✓ should mint for amount=1
[FEE] 121691643050815 93890 1000003846
      ✓ should mint for amount=1
[FEE] 121691613844933 93890 1000003606
      ✓ should mint for amount=1
[FEE] 121691586464419 93890 1000003381
      ✓ should mint for amount=1
[FEE] 121691560787581 93890 1000003170
      ✓ should mint for amount=1
[FEE] 121690240585190 93889 1000002972
      ✓ should mint for amount=1
[FEE] 121688921843577 93888 1000002786
      ✓ should mint for amount=1
[FEE] 121690196776834 93889 1000002612
      ✓ should mint for amount=1
[FEE] 121691473048243 93890 1000002449
      ✓ should mint for amount=1
[FEE] 121691454429494 93890 1000002296
      ✓ should mint for amount=1
[FEE] 121691437027656 93890 1000002153
      ✓ should mint for amount=1
[FEE] 121691420599347 93890 1000002018
      ✓ should mint for amount=1
[FEE] 121691405266259 93890 1000001892
      ✓ should mint for amount=1
[FEE] 121691390906700 93890 1000001774
      ✓ should mint for amount=1
[FEE] 121690081293139 93889 1000001663
      ✓ should mint for amount=1
[FEE] 121690068637392 93889 1000001559
      ✓ should mint for amount=1
[FEE] 121690056833473 93889 1000001462
      ✓ should mint for amount=1
[FEE] 121691341865157 93890 1000001371
      ✓ should mint for amount=1
[FEE] 121691331399716 93890 1000001285
      ✓ should mint for amount=1
[FEE] 121691321664422 93890 1000001205
      ✓ should mint for amount=1
[FEE] 121691312537584 93890 1000001130
      ✓ should mint for amount=1
[FEE] 121691303897510 93890 1000001059
      ✓ should mint for amount=1
[FEE] 121691295865893 93890 1000000993
      ✓ should mint for amount=1
[FEE] 121691288321040 93890 1000000931
      ✓ should mint for amount=1
[FEE] 121691281262952 93890 1000000873
      ✓ should mint for amount=1
[FEE] 121689978465191 93889 1000000818
      ✓ should mint for amount=1
[FEE] 121688676154328 93888 1000000767
      ✓ should mint for amount=1
[FEE] 121687374208659 93887 1000000719
      ✓ should mint for amount=1
[FEE] 121688664837290 93888 1000000674
      ✓ should mint for amount=1
[FEE] 121687363621865 93887 1000000632
      ✓ should mint for amount=1
[FEE] 121686062771606 93886 1000000593
      ✓ should mint for amount=1
[FEE] 121686058269225 93886 1000000556
      ✓ should mint for amount=1
[FEE] 121687350114576 93887 1000000521
      ✓ should mint for amount=1
[FEE] 121687346098895 93887 1000000488
      ✓ should mint for amount=1
[FEE] 121687342448277 93887 1000000458
      ✓ should mint for amount=1
[FEE] 121688635023587 93888 1000000429
      ✓ should mint for amount=1
[FEE] 121689927842202 93889 1000000402
      ✓ should mint for amount=1
[FEE] 121691220904129 93890 1000000377
      ✓ should mint for amount=1
[FEE] 121691217983541 93890 1000000353
      ✓ should mint for amount=1
[FEE] 121691215306335 93890 1000000331
      ✓ should mint for amount=1
[FEE] 121691212750820 93890 1000000310
      ✓ should mint for amount=1
[FEE] 121691210438688 93890 1000000291
      ✓ should mint for amount=1
[FEE] 121691208248247 93890 1000000273
      ✓ should mint for amount=1
[FEE] 121689910075479 93889 1000000256
      ✓ should mint for amount=1
[FEE] 121691204232438 93890 1000000240
      ✓ should mint for amount=1
[FEE] 121691202407070 93890 1000000225
      ✓ should mint for amount=1
[FEE] 121691200703394 93890 1000000211
      ✓ should mint for amount=1
[FEE] 121691199121408 93890 1000000198
      ✓ should mint for amount=1
[FEE] 121691197661114 93890 1000000186
      ✓ should mint for amount=1
[FEE] 121689900096909 93889 1000000174
      ✓ should mint for amount=1
[FEE] 121689898758321 93889 1000000163
      ✓ should mint for amount=1
[FEE] 121691193645306 93890 1000000153
      ✓ should mint for amount=1
[FEE] 121691192428394 93890 1000000143
      ✓ should mint for amount=1
[FEE] 121691191333173 93890 1000000134
      ✓ should mint for amount=1
[FEE] 121691190359644 93890 1000000126
      ✓ should mint for amount=1
[FEE] 121691189386114 93890 1000000118
      ✓ should mint for amount=1
[FEE] 121691188534276 93890 1000000111
      ✓ should mint for amount=1
[FEE] 121691187682438 93890 1000000104
      ✓ should mint for amount=1
[FEE] 121691186952291 93890 1000000098
      ✓ should mint for amount=1
[FEE] 121691186222144 93890 1000000092
      ✓ should mint for amount=1
[FEE] 121689889388200 93889 1000000086
      ✓ should mint for amount=1
[FEE] 121691184883541 93890 1000000081
      ✓ should mint for amount=1
[FEE] 121691184275085 93890 1000000076
      ✓ should mint for amount=1
[FEE] 121691183666629 93890 1000000071
      ✓ should mint for amount=1
[FEE] 121691183179864 93890 1000000067
      ✓ should mint for amount=1
[FEE] 121691182693100 93890 1000000063
      ✓ should mint for amount=1
[FEE] 121691182206335 93890 1000000059
      ✓ should mint for amount=1
[FEE] 121689885615814 93889 1000000055
      ✓ should mint for amount=1
[FEE] 121691181354497 93890 1000000052
      ✓ should mint for amount=1
[FEE] 121689884885674 93889 1000000049
      ✓ should mint for amount=1
[FEE] 121691180624350 93890 1000000046
      ✓ should mint for amount=1
[FEE] 121691180259276 93890 1000000043
      ✓ should mint for amount=1
[FEE] 121691179894203 93890 1000000040
      ✓ should mint for amount=1
[FEE] 121691179650820 93890 1000000038
      ✓ should mint for amount=1
[FEE] 121691179407438 93890 1000000036
      ✓ should mint for amount=1
[FEE] 121691179164056 93890 1000000034
      ✓ should mint for amount=1
[FEE] 121691178920673 93890 1000000032
      ✓ should mint for amount=1
[FEE] 121689882573567 93889 1000000030
      ✓ should mint for amount=1
[FEE] 121691178433909 93890 1000000028
      ✓ should mint for amount=1
[FEE] 121691178190526 93890 1000000026
      ✓ should mint for amount=1
[FEE] 121691177947144 93890 1000000024
      ✓ should mint for amount=1
[FEE] 121691177825453 93890 1000000023
      ✓ should mint for amount=1
[FEE] 121689881600048 93889 1000000022
      ✓ should mint for amount=1
[FEE] 121689881478358 93889 1000000021
      ✓ should mint for amount=1
[FEE] 121691177460379 93890 1000000020
      ✓ should mint for amount=1
[FEE] 121691177338688 93890 1000000019
      ✓ should mint for amount=1
[FEE] 121691177216997 93890 1000000018
      ✓ should mint for amount=1
[FEE] 121691177095306 93890 1000000017
      ✓ should mint for amount=1
[FEE] 121691176973615 93890 1000000016
      ✓ should mint for amount=1
[FEE] 121691176851923 93890 1000000015
      ✓ should mint for amount=1
[FEE] 121691176730232 93890 1000000014
      ✓ should mint for amount=1
[FEE] 121691176608541 93890 1000000013
      ✓ should mint for amount=1
[FEE] 121691176486850 93890 1000000012
      ✓ should mint for amount=1
[FEE] 121691176365159 93890 1000000011
      ✓ should mint for amount=1
[FEE] 121691176243468 93890 1000000010
      ✓ should mint for amount=1
[FEE] 121691176121776 93890 1000000009
      ✓ should mint for amount=1
[FEE] 121691176000085 93890 1000000008
      ✓ should mint for amount=1
[FEE] 121691176000085 93890 1000000008
      ✓ should mint for amount=1
[FEE] 121691176000085 93890 1000000008
      ✓ should mint for amount=1
[FEE] 121689879896389 93889 1000000008
      ✓ should mint for amount=1
[FEE] 121689879896389 93889 1000000008
      ✓ should mint for amount=1
[FEE] 121689879896389 93889 1000000008
      ✓ should mint for amount=1
[FEE] 121688583792694 93888 1000000008
      ✓ should mint for amount=1
[FEE] 121689879896389 93889 1000000008
      ✓ should mint for amount=1
[FEE] 121691176000085 93890 1000000008
      ✓ should mint for amount=1
[FEE] 121691176000085 93890 1000000008
      ✓ should mint for amount=1
[FEE] 121691176000085 93890 1000000008
      ✓ should mint for amount=1
[FEE] 121691176000085 93890 1000000008
      ✓ should mint for amount=1
[FEE] 121689879896389 93889 1000000008
      ✓ should mint for amount=1
[FEE] 121691176000085 93890 1000000008
      ✓ should mint for amount=1
[FEE] 121689879896389 93889 1000000008
      ✓ should mint for amount=1
[FEE] 121691176000085 93890 1000000008
      ✓ should mint for amount=1
[FEE] 121691176000085 93890 1000000008
      ✓ should mint for amount=1
[FEE] 121691176000085 93890 1000000008
      ✓ should mint for amount=1
[FEE] 121691176000085 93890 1000000008
      ✓ should mint for amount=1
[FEE] 121689879896389 93889 1000000008
      ✓ should mint for amount=1
[FEE] 121691176000085 93890 1000000008
      ✓ should mint for amount=1
[FEE] 121689879896389 93889 1000000008
      ✓ should mint for amount=1
[FEE] 121691176000085 93890 1000000008
      ✓ should mint for amount=1
[FEE] 121691176000085 93890 1000000008
      ✓ should mint for amount=1
[FEE] 121691176000085 93890 1000000008
      ✓ should mint for amount=1
[FEE] 121691176000085 93890 1000000008
      ✓ should mint for amount=1
[FEE] 121691176000085 93890 1000000008
      ✓ should mint for amount=1
[FEE] 121691176000085 93890 1000000008
      ✓ should mint for amount=1
[FEE] 121691176000085 93890 1000000008
      ✓ should mint for amount=1
[FEE] 121691176000085 93890 1000000008
      ✓ should mint for amount=1
[FEE] 121691176000085 93890 1000000008
      ✓ should mint for amount=1
[FEE] 121691176000085 93890 1000000008
      ✓ should mint for amount=1
[FEE] 121691176000085 93890 1000000008
      ✓ should mint for amount=1
[FEE] 121691176000085 93890 1000000008
      ✓ should mint for amount=1
[FEE] 121689879896389 93889 1000000008
      ✓ should mint for amount=1
[FEE] 121691176000085 93890 1000000008
      ✓ should mint for amount=1
[FEE] 121691176000085 93890 1000000008
      ✓ should mint for amount=1
[FEE] 121691176000085 93890 1000000008
      ✓ should mint for amount=1
[FEE] 121691176000085 93890 1000000008
      ✓ should mint for amount=1
[FEE] 121691176000085 93890 1000000008
      ✓ should mint for amount=1
[FEE] 121691176000085 93890 1000000008
      ✓ should mint for amount=1
[FEE] 121691176000085 93890 1000000008
      ✓ should mint for amount=1
[FEE] 121691176000085 93890 1000000008
      ✓ should mint for amount=1
[FEE] 121691176000085 93890 1000000008
      ✓ should mint for amount=1
[FEE] 121691176000085 93890 1000000008
      ✓ should mint for amount=1
[FEE] 121691176000085 93890 1000000008
      ✓ should mint for amount=1
[FEE] 121689879896389 93889 1000000008
      ✓ should mint for amount=1
[FEE] 121689879896389 93889 1000000008
      ✓ should mint for amount=1
[FEE] 121688583792694 93888 1000000008
      ✓ should mint for amount=1
[FEE] 121689879896389 93889 1000000008
      ✓ should mint for amount=1
[FEE] 121691176000085 93890 1000000008
      ✓ should mint for amount=1
[FEE] 121689879896389 93889 1000000008
      ✓ should mint for amount=1
[FEE] 121691176000085 93890 1000000008
      ✓ should mint for amount=1
[FEE] 121691176000085 93890 1000000008
      ✓ should mint for amount=1
[FEE] 121691176000085 93890 1000000008
      ✓ should mint for amount=1
[FEE] 121691176000085 93890 1000000008
      ✓ should mint for amount=1
[FEE] 121691176000085 93890 1000000008
      ✓ should mint for amount=1
[FEE] 121691176000085 93890 1000000008
      ✓ should mint for amount=1
[FEE] 121691176000085 93890 1000000008
      ✓ should mint for amount=1
[FEE] 121689879896389 93889 1000000008
      ✓ should mint for amount=1
[FEE] 121688583792694 93888 1000000008
      ✓ should mint for amount=1
[FEE] 121689879896389 93889 1000000008
      ✓ should mint for amount=1
[FEE] 121688583792694 93888 1000000008
      ✓ should mint for amount=1
[FEE] 121689879896389 93889 1000000008
      ✓ should mint for amount=1
[FEE] 121689879896389 93889 1000000008
      ✓ should mint for amount=1
[FEE] 121691176000085 93890 1000000008
      ✓ should mint for amount=1
[FEE] 121691176000085 93890 1000000008
      ✓ should mint for amount=1
[FEE] 121691176000085 93890 1000000008
      ✓ should mint for amount=1
[FEE] 121691176000085 93890 1000000008
      ✓ should mint for amount=1
[FEE] 121689879896389 93889 1000000008
      ✓ should mint for amount=1
[FEE] 121691176000085 93890 1000000008
      ✓ should mint for amount=1
[FEE] 121689879896389 93889 1000000008
      ✓ should mint for amount=1
[FEE] 121689879896389 93889 1000000008
      ✓ should mint for amount=1
[FEE] 121688583792694 93888 1000000008
      ✓ should mint for amount=1
[FEE] 121688583792694 93888 1000000008
      ✓ should mint for amount=1
[FEE] 121689879896389 93889 1000000008
      ✓ should mint for amount=1
[FEE] 121688583792694 93888 1000000008
      ✓ should mint for amount=1
[FEE] 121689879896389 93889 1000000008
      ✓ should mint for amount=1
[FEE] 121689879896389 93889 1000000008
      ✓ should mint for amount=1
[FEE] 121691176000085 93890 1000000008
      ✓ should mint for amount=1
[FEE] 121691176000085 93890 1000000008
      ✓ should mint for amount=1
[FEE] 121691176000085 93890 1000000008
      ✓ should mint for amount=1
[FEE] 121691176000085 93890 1000000008
      ✓ should mint for amount=1
[FEE] 121689879896389 93889 1000000008
      ✓ should mint for amount=1
[FEE] 121689879896389 93889 1000000008
      ✓ should mint for amount=1
[FEE] 121691176000085 93890 1000000008
      ✓ should mint for amount=1
[FEE] 121691176000085 93890 1000000008
      ✓ should mint for amount=1
[FEE] 121689879896389 93889 1000000008
      ✓ should mint for amount=1
[FEE] 121689879896389 93889 1000000008
      ✓ should mint for amount=1
[FEE] 121688583792694 93888 1000000008
      ✓ should mint for amount=1
[FEE] 121689879896389 93889 1000000008
      ✓ should mint for amount=1
[FEE] 121691176000085 93890 1000000008
      ✓ should mint for amount=1
[FEE] 121691176000085 93890 1000000008
      ✓ should mint for amount=1
[FEE] 121691176000085 93890 1000000008
      ✓ should mint for amount=1
[FEE] 121691176000085 93890 1000000008
      ✓ should mint for amount=1
[FEE] 121691176000085 93890 1000000008
      ✓ should mint for amount=1
[FEE] 121691176000085 93890 1000000008
      ✓ should mint for amount=1
[FEE] 121691176000085 93890 1000000008
      ✓ should mint for amount=1
[FEE] 121689879896389 93889 1000000008
      ✓ should mint for amount=1
[FEE] 121691176000085 93890 1000000008
      ✓ should mint for amount=1
[FEE] 121691176000085 93890 1000000008
      ✓ should mint for amount=1
[FEE] 121691176000085 93890 1000000008
      ✓ should mint for amount=1
[FEE] 121689879896389 93889 1000000008
      ✓ should mint for amount=1
[FEE] 121691176000085 93890 1000000008
      ✓ should mint for amount=1
[FEE] 121689879896389 93889 1000000008
      ✓ should mint for amount=1
[FEE] 121688583792694 93888 1000000008
      ✓ should mint for amount=1
[FEE] 121688583792694 93888 1000000008
      ✓ should mint for amount=1
[FEE] 121687287688998 93887 1000000008
      ✓ should mint for amount=1
[FEE] 121688583792694 93888 1000000008
      ✓ should mint for amount=1
[FEE] 121687287688998 93887 1000000008
      ✓ should mint for amount=1
[FEE] 121685991585302 93886 1000000008
      ✓ should mint for amount=1
[FEE] 121685991585302 93886 1000000008
      ✓ should mint for amount=1
[FEE] 121687287688998 93887 1000000008
      ✓ should mint for amount=1
[FEE] 121687287688998 93887 1000000008
      ✓ should mint for amount=1
[FEE] 121688583792694 93888 1000000008
      ✓ should mint for amount=1
[FEE] 121688583792694 93888 1000000008
      ✓ should mint for amount=1
[FEE] 121687287688998 93887 1000000008
      ✓ should mint for amount=1
[FEE] 121688583792694 93888 1000000008
      ✓ should mint for amount=1
[FEE] 121687287688998 93887 1000000008
      ✓ should mint for amount=1
[FEE] 121688583792694 93888 1000000008
      ✓ should mint for amount=1
[FEE] 121689879896389 93889 1000000008
      ✓ should mint for amount=1
[FEE] 121688583792694 93888 1000000008
      ✓ should mint for amount=1
[FEE] 121688583792694 93888 1000000008
      ✓ should mint for amount=1
[FEE] 121689879896389 93889 1000000008
      ✓ should mint for amount=1
[FEE] 121691176000085 93890 1000000008
      ✓ should mint for amount=1
[FEE] 121689879896389 93889 1000000008
      ✓ should mint for amount=1
[FEE] 121691176000085 93890 1000000008
      ✓ should mint for amount=1
[FEE] 121691176000085 93890 1000000008
      ✓ should mint for amount=1
[FEE] 121691176000085 93890 1000000008
      ✓ should mint for amount=1
[FEE] 121691176000085 93890 1000000008
      ✓ should mint for amount=1
[FEE] 121689879896389 93889 1000000008
      ✓ should mint for amount=1
[FEE] 121689879896389 93889 1000000008
      ✓ should mint for amount=1
[FEE] 121691176000085 93890 1000000008
      ✓ should mint for amount=1
[FEE] 121691176000085 93890 1000000008
      ✓ should mint for amount=1
[FEE] 121691176000085 93890 1000000008
      ✓ should mint for amount=1
[FEE] 121691176000085 93890 1000000008
      ✓ should mint for amount=1
[FEE] 121691176000085 93890 1000000008
      ✓ should mint for amount=1
[FEE] 121691176000085 93890 1000000008
      ✓ should mint for amount=1
[FEE] 121691176000085 93890 1000000008
      ✓ should mint for amount=1
[FEE] 121691176000085 93890 1000000008
      ✓ should mint for amount=1
[FEE] 121691176000085 93890 1000000008
      ✓ should mint for amount=1
[FEE] 121689879896389 93889 1000000008
      ✓ should mint for amount=1
[FEE] 121691176000085 93890 1000000008
      ✓ should mint for amount=1
[FEE] 121691176000085 93890 1000000008
      ✓ should mint for amount=1
[FEE] 121689879896389 93889 1000000008
      ✓ should mint for amount=1
[FEE] 121689879896389 93889 1000000008
      ✓ should mint for amount=1
[FEE] 121688583792694 93888 1000000008
      ✓ should mint for amount=1
[FEE] 121688583792694 93888 1000000008
      ✓ should mint for amount=1
[FEE] 121689879896389 93889 1000000008
      ✓ should mint for amount=1
[FEE] 121691176000085 93890 1000000008
      ✓ should mint for amount=1
[FEE] 121689879896389 93889 1000000008
      ✓ should mint for amount=1
[FEE] 121688583792694 93888 1000000008
      ✓ should mint for amount=1
[FEE] 121687287688998 93887 1000000008
      ✓ should mint for amount=1
[FEE] 121688583792694 93888 1000000008
      ✓ should mint for amount=1
[FEE] 121687287688998 93887 1000000008
      ✓ should mint for amount=1
[FEE] 121688583792694 93888 1000000008
      ✓ should mint for amount=1
[FEE] 121689879896389 93889 1000000008
      ✓ should mint for amount=1
[FEE] 121689879896389 93889 1000000008
      ✓ should mint for amount=1
[FEE] 121691176000085 93890 1000000008
      ✓ should mint for amount=1
[FEE] 121691176000085 93890 1000000008
      ✓ should mint for amount=1
[FEE] 121691176000085 93890 1000000008
      ✓ should mint for amount=1
[FEE] 121691176000085 93890 1000000008
      ✓ should mint for amount=1
[FEE] 121691176000085 93890 1000000008
      ✓ should mint for amount=1
[FEE] 121691176000085 93890 1000000008
      ✓ should mint for amount=1
[FEE] 121691176000085 93890 1000000008
      ✓ should mint for amount=1
[FEE] 121691176000085 93890 1000000008
      ✓ should mint for amount=1
[FEE] 121691176000085 93890 1000000008
      ✓ should mint for amount=1
[FEE] 121691176000085 93890 1000000008
      ✓ should mint for amount=1
[FEE] 121691176000085 93890 1000000008
      ✓ should mint for amount=1
[FEE] 121689879896389 93889 1000000008
      ✓ should mint for amount=1
[FEE] 121689879896389 93889 1000000008
      ✓ should mint for amount=1
[FEE] 121691176000085 93890 1000000008
      ✓ should mint for amount=1
[FEE] 121691176000085 93890 1000000008
      ✓ should mint for amount=1
[FEE] 121691176000085 93890 1000000008
      ✓ should mint for amount=1
[FEE] 121691176000085 93890 1000000008
      ✓ should mint for amount=1
[FEE] 121689879896389 93889 1000000008
      ✓ should mint for amount=1
[FEE] 121689879896389 93889 1000000008
      ✓ should mint for amount=1
[FEE] 121691176000085 93890 1000000008
      ✓ should mint for amount=1
[FEE] 121691176000085 93890 1000000008
      ✓ should mint for amount=1
[FEE] 121691176000085 93890 1000000008
      ✓ should mint for amount=1
[FEE] 121691176000085 93890 1000000008
      ✓ should mint for amount=1
[FEE] 121691176000085 93890 1000000008
      ✓ should mint for amount=1
[FEE] 121689879896389 93889 1000000008
      ✓ should mint for amount=1
[FEE] 121691176000085 93890 1000000008
      ✓ should mint for amount=1
[FEE] 121691176000085 93890 1000000008
      ✓ should mint for amount=1
[FEE] 121689879896389 93889 1000000008
      ✓ should mint for amount=1
[FEE] 121688583792694 93888 1000000008
      ✓ should mint for amount=1
[FEE] 121689879896389 93889 1000000008
      ✓ should mint for amount=1
[FEE] 121691176000085 93890 1000000008
      ✓ should mint for amount=1
[FEE] 121691176000085 93890 1000000008
      ✓ should mint for amount=1
[FEE] 121691176000085 93890 1000000008
      ✓ should mint for amount=1
[FEE] 121691176000085 93890 1000000008
      ✓ should mint for amount=1
[FEE] 121691176000085 93890 1000000008
      ✓ should mint for amount=1
[FEE] 121691176000085 93890 1000000008
      ✓ should mint for amount=1
[FEE] 121691176000085 93890 1000000008
      ✓ should mint for amount=1
[FEE] 121691176000085 93890 1000000008
      ✓ should mint for amount=1
[FEE] 121691176000085 93890 1000000008
      ✓ should mint for amount=1
[FEE] 121689879896389 93889 1000000008
      ✓ should mint for amount=1
[FEE] 121688583792694 93888 1000000008
      ✓ should mint for amount=1
[FEE] 121688583792694 93888 1000000008
      ✓ should mint for amount=1
[FEE] 121689879896389 93889 1000000008
      ✓ should mint for amount=1
[FEE] 121691176000085 93890 1000000008
      ✓ should mint for amount=1
[FEE] 121691176000085 93890 1000000008
      ✓ should mint for amount=1
[FEE] 121691176000085 93890 1000000008
      ✓ should mint for amount=1
[FEE] 121691176000085 93890 1000000008
      ✓ should mint for amount=1
[FEE] 121691176000085 93890 1000000008
      ✓ should mint for amount=1
[FEE] 121691176000085 93890 1000000008
      ✓ should mint for amount=1
[FEE] 121691176000085 93890 1000000008
      ✓ should mint for amount=1
[FEE] 121689879896389 93889 1000000008
      ✓ should mint for amount=1
[FEE] 121691176000085 93890 1000000008
      ✓ should mint for amount=1
[FEE] 121689879896389 93889 1000000008
      ✓ should mint for amount=1

·----------------------------------------|---------------------------|-------------|----------------------------·
|          [90mSolc version: 0.8.17[39m          ·  [90mOptimizer enabled: true[39m  ·  [90mRuns: 200[39m  ·  [90mBlock limit: 8000000 gas[39m  │
·········································|···························|·············|·····························
|  [32m[1mMethods[22m[39m                                                                                                      │
···················|·····················|·············|·············|·············|··············|··············
|  [1mContract[22m        ·  [1mMethod[22m             ·  [32mMin[39m        ·  [32mMax[39m        ·  [32mAvg[39m        ·  [1m# calls[22m     ·  [1musd (avg)[22m  │
···················|·····················|·············|·············|·············|··············|··············
|  [90mXPowerThorTest[39m  ·  init               ·          -  ·          -  ·      67353  ·           [90m1[39m  ·          [32m[90m-[32m[39m  │
···················|·····················|·············|·············|·············|··············|··············
|  [90mXPowerThorTest[39m  ·  mint               ·     [36m121696[39m  ·     [31m229547[39m  ·     125079  ·         [90m503[39m  ·          [32m[90m-[32m[39m  │
···················|·····················|·············|·············|·············|··············|··············
|  [90mXPowerThorTest[39m  ·  transferOwnership  ·          -  ·          -  ·      28656  ·           [90m1[39m  ·          [32m[90m-[32m[39m  │
···················|·····················|·············|·············|·············|··············|··············
|  [32m[1mDeployments[22m[39m                           ·                                         ·  [1m% of limit[22m  ·             │
·········································|·············|·············|·············|··············|··············
|  XPowerThorTest                        ·          -  ·          -  ·    3331941  ·      [90m41.6 %[39m  ·          [32m[90m-[32m[39m  │
·----------------------------------------|-------------|-------------|-------------|--------------|-------------·

  503 passing (25s)

