
> xpower@6.0.0 test-gas
> REPORT_GAS=true npm test ./test/contracts/XPower.fees.1-thor.test.js


> xpower@6.0.0 test
> hardhat test ./test/contracts/XPower.fees.1-thor.test.js


  XPowerThor
    mint
[FEE] 348822982083776 162305 1658186771
      ✓ should mint for amount=1
[FEE] 338638162268024 158028 1653339758
      ✓ should mint for amount=1
[FEE] 328265576081367 154020 1644403823
      ✓ should mint for amount=1
[FEE] 317872714290410 150262 1632166049
      ✓ should mint for amount=1
[FEE] 307592601191722 146739 1617299991
      ✓ should mint for amount=1
[FEE] 297523434654069 143436 1600380562
      ✓ should mint for amount=1
[FEE] 287739465301675 140340 1581897044
      ✓ should mint for amount=1
[FEE] 278290232719785 137437 1562264455
      ✓ should mint for amount=1
[FEE] 269213229078666 134716 1541833482
      ✓ should mint for amount=1
[FEE] 260529329722979 132165 1520899147
      ✓ should mint for amount=1
[FEE] 252249842228510 129773 1499708363
      ✓ should mint for amount=1
[FEE] 244376927042570 127529 1478466538
      ✓ should mint for amount=1
[FEE] 236915052332943 125427 1457343318
      ✓ should mint for amount=1
[FEE] 229853334888556 123456 1436477613
      ✓ should mint for amount=1
[FEE] 223180390558084 121607 1415981936
      ✓ should mint for amount=1
[FEE] 216888760674504 119875 1395946202
      ✓ should mint for amount=1
[FEE] 210959217156550 118250 1376441031
      ✓ should mint for amount=1
[FEE] 205381451079604 116728 1357520598
      ✓ should mint for amount=1
[FEE] 200134814152173 115300 1339225128
      ✓ should mint for amount=1
[FEE] 195206494840000 113962 1321583036
      ✓ should mint for amount=1
[FEE] 190579474042349 112708 1304612800
      ✓ should mint for amount=1
[FEE] 186236380549173 111532 1288324563
      ✓ should mint for amount=1
[FEE] 182161365631030 110429 1272721523
      ✓ should mint for amount=1
[FEE] 178340179488754 109395 1257801132
      ✓ should mint for amount=1
[FEE] 174756995295796 108425 1243556130
      ✓ should mint for amount=1
[FEE] 171400986453100 107517 1229975423
      ✓ should mint for amount=1
[FEE] 168256688149560 106666 1217044846
      ✓ should mint for amount=1
[FEE] 165310560873562 105868 1204747809
      ✓ should mint for amount=1
[FEE] 162550950051515 105120 1193065849
      ✓ should mint for amount=1
[FEE] 159966510867175 104419 1181979099
      ✓ should mint for amount=1
[FEE] 157544714259533 103761 1171466686
      ✓ should mint for amount=1
[FEE] 155276441961317 103144 1161507065
      ✓ should mint for amount=1
[FEE] 153152877568009 102566 1152078301
      ✓ should mint for amount=1
[FEE] 151164031976370 102024 1143158303
      ✓ should mint for amount=1
[FEE] 149301741500087 101516 1134725020
      ✓ should mint for amount=1
[FEE] 147556686647937 101039 1126756598
      ✓ should mint for amount=1
[FEE] 145924238589774 100593 1119231514
      ✓ should mint for amount=1
[FEE] 144395658658491 100175 1112128677
      ✓ should mint for amount=1
[FEE] 142962528407119 99782 1105427515
      ✓ should mint for amount=1
[FEE] 141621006642296 99414 1099108036
      ✓ should mint for amount=1
[FEE] 140364613292391 99069 1093150880
      ✓ should mint for amount=1
[FEE] 139188527291610 98746 1087537352
      ✓ should mint for amount=1
[FEE] 138086734365517 98443 1082249449
      ✓ should mint for amount=1
[FEE] 137054842400846 98159 1077269871
      ✓ should mint for amount=1
[FEE] 136088648163741 97893 1072582030
      ✓ should mint for amount=1
[FEE] 135182743912533 97643 1068170052
      ✓ should mint for amount=1
[FEE] 134334671759322 97409 1064018767
      ✓ should mint for amount=1
[FEE] 133539365430066 97189 1060113705
      ✓ should mint for amount=1
[FEE] 132793299186469 96982 1056441077
      ✓ should mint for amount=1
[FEE] 132095819466658 96789 1052987765
      ✓ should mint for amount=1
[FEE] 131442290977472 96608 1049741298
      ✓ should mint for amount=1
[FEE] 130829580231674 96438 1046689837
      ✓ should mint for amount=1
[FEE] 130256026073724 96279 1043822149
      ✓ should mint for amount=1
[FEE] 129717367092145 96129 1041127589
      ✓ should mint for amount=1
[FEE] 129214845841351 95990 1038596074
      ✓ should mint for amount=1
[FEE] 128743051467654 95859 1036218064
      ✓ should mint for amount=1
[FEE] 128300712076811 95736 1033984535
      ✓ should mint for amount=1
[FEE] 127886632176386 95621 1031886959
      ✓ should mint for amount=1
[FEE] 127498353545448 95513 1029917280
      ✓ should mint for amount=1
[FEE] 127134828153297 95412 1028067891
      ✓ should mint for amount=1
[FEE] 126793741529516 95317 1026331615
      ✓ should mint for amount=1
[FEE] 126474175794556 95228 1024701682
      ✓ should mint for amount=1
[FEE] 126175268860535 95145 1023171708
      ✓ should mint for amount=1
[FEE] 125894887342054 95067 1021735678
      ✓ should mint for amount=1
[FEE] 125632276849311 94994 1020387923
      ✓ should mint for amount=1
[FEE] 125385408478907 94925 1019123105
      ✓ should mint for amount=1
[FEE] 125153622245780 94860 1017936197
      ✓ should mint for amount=1
[FEE] 124937616611202 94800 1016822468
      ✓ should mint for amount=1
[FEE] 124735489594391 94744 1015777466
      ✓ should mint for amount=1
[FEE] 124544065171496 94690 1014797001
      ✓ should mint for amount=1
[FEE] 124365467186492 94640 1013877134
      ✓ should mint for amount=1
[FEE] 124199215427417 94594 1013014161
      ✓ should mint for amount=1
[FEE] 124042235367886 94550 1012204597
      ✓ should mint for amount=1
[FEE] 123894110535353 94508 1011445168
      ✓ should mint for amount=1
[FEE] 123757070116659 94470 1010732797
      ✓ should mint for amount=1
[FEE] 123628123804684 94434 1010064592
      ✓ should mint for amount=1
[FEE] 123506927789833 94400 1009437836
      ✓ should mint for amount=1
[FEE] 123394467033320 94369 1008849976
      ✓ should mint for amount=1
[FEE] 123289130034918 94340 1008298615
      ✓ should mint for amount=1
[FEE] 123188020607177 94311 1007781500
      ✓ should mint for amount=1
[FEE] 123094793363658 94285 1007296518
      ✓ should mint for amount=1
[FEE] 123007891668948 94261 1006841682
      ✓ should mint for amount=1
[FEE] 122925777201022 94238 1006415129
      ✓ should mint for amount=1
[FEE] 122849535850721 94217 1006015108
      ✓ should mint for amount=1
[FEE] 122777658332609 94197 1005639976
      ✓ should mint for amount=1
[FEE] 122709953151211 94178 1005288192
      ✓ should mint for amount=1
[FEE] 122646240498233 94160 1004958308
      ✓ should mint for amount=1
[FEE] 122587653863497 94144 1004648965
      ✓ should mint for amount=1
[FEE] 122530128994812 94127 1004358890
      ✓ should mint for amount=1
[FEE] 122478725345195 94113 1004086886
      ✓ should mint for amount=1
[FEE] 122430699649988 94100 1003831830
      ✓ should mint for amount=1
[FEE] 122384621011518 94087 1003592670
      ✓ should mint for amount=1
[FEE] 122340368037842 94074 1003368417
      ✓ should mint for amount=1
[FEE] 122300427478116 94063 1003158145
      ✓ should mint for amount=1
[FEE] 122263391101469 94053 1002960984
      ✓ should mint for amount=1
[FEE] 122227858588677 94043 1002776119
      ✓ should mint for amount=1
[FEE] 122195035581383 94034 1002602784
      ✓ should mint for amount=1
[FEE] 122163534356641 94025 1002440262
      ✓ should mint for amount=1
[FEE] 122134571475143 94017 1002287879
      ✓ should mint for amount=1
[FEE] 122108069143717 94010 1002145004
      ✓ should mint for amount=1
[FEE] 122082655587335 94003 1002011044
      ✓ should mint for amount=1
[FEE] 122058262948497 93996 1001885444
      ✓ should mint for amount=1
[FEE] 122036125926490 93990 1001767683
      ✓ should mint for amount=1
[FEE] 122014886183476 93984 1001657273
      ✓ should mint for amount=1
[FEE] 121994487639356 93978 1001553755
      ✓ should mint for amount=1
[FEE] 121974877760434 93972 1001456699
      ✓ should mint for amount=1
[FEE] 121956007436502 93966 1001365703
      ✓ should mint for amount=1
[FEE] 121939128134040 93961 1001280388
      ✓ should mint for amount=1
[FEE] 121924196301454 93957 1001200400
      ✓ should mint for amount=1
[FEE] 121909873553534 93953 1001125407
      ✓ should mint for amount=1
[FEE] 121896121821086 93949 1001055097
      ✓ should mint for amount=1
[FEE] 121884202862397 93946 1000989178
      ✓ should mint for amount=1
[FEE] 121872785701715 93943 1000927376
      ✓ should mint for amount=1
[FEE] 121861838999727 93940 1000869434
      ✓ should mint for amount=1
[FEE] 121851333369152 93937 1000815111
      ✓ should mint for amount=1
[FEE] 121841241252682 93934 1000764181
      ✓ should mint for amount=1
[FEE] 121831536922686 93931 1000716433
      ✓ should mint for amount=1
[FEE] 121823492968198 93929 1000671667
      ✓ should mint for amount=1
[FEE] 121815789750143 93927 1000629698
      ✓ should mint for amount=1
[FEE] 121808405942878 93925 1000590351
      ✓ should mint for amount=1
[FEE] 121801321561645 93923 1000553462
      ✓ should mint for amount=1
[FEE] 121793221064495 93920 1000518877
      ✓ should mint for amount=1
[FEE] 121786680620732 93918 1000486453
      ✓ should mint for amount=1
[FEE] 121781683654443 93917 1000456055
      ✓ should mint for amount=1
[FEE] 121775621264644 93915 1000427556
      ✓ should mint for amount=1
[FEE] 121771072430884 93914 1000400838
      ✓ should mint for amount=1
[FEE] 121765430227961 93912 1000375789
      ✓ should mint for amount=1
[FEE] 121759978642159 93910 1000352305
      ✓ should mint for amount=1
[FEE] 121756002386775 93909 1000330289
      ✓ should mint for amount=1
[FEE] 121750897040884 93907 1000309648
      ✓ should mint for amount=1
[FEE] 121747245288640 93906 1000290297
      ✓ should mint for amount=1
[FEE] 121743740734693 93905 1000272155
      ✓ should mint for amount=1
[FEE] 121741670680526 93905 1000255147
      ✓ should mint for amount=1
[FEE] 121738433591029 93904 1000239202
      ✓ should mint for amount=1
[FEE] 121735317764057 93903 1000224253
      ✓ should mint for amount=1
[FEE] 121733612026095 93903 1000210238
      ✓ should mint for amount=1
[FEE] 121732012904363 93903 1000197099
      ✓ should mint for amount=1
[FEE] 121729217361738 93902 1000184781
      ✓ should mint for amount=1
[FEE] 121726515564226 93901 1000173233
      ✓ should mint for amount=1
[FEE] 121723901545332 93900 1000162406
      ✓ should mint for amount=1
[FEE] 121722666248351 93900 1000152256
      ✓ should mint for amount=1
[FEE] 121721508111792 93900 1000142740
      ✓ should mint for amount=1
[FEE] 121720422389194 93900 1000133819
      ✓ should mint for amount=1
[FEE] 121719404577504 93900 1000125456
      ✓ should mint for amount=1
[FEE] 121718450295373 93900 1000117615
      ✓ should mint for amount=1
[FEE] 121717555648269 93900 1000110264
      ✓ should mint for amount=1
[FEE] 121716716985067 93900 1000103373
      ✓ should mint for amount=1
[FEE] 121715930654644 93900 1000096912
      ✓ should mint for amount=1
[FEE] 121715193492692 93900 1000090855
      ✓ should mint for amount=1
[FEE] 121713206242524 93899 1000085177
      ✓ should mint for amount=1
[FEE] 121712558296604 93899 1000079853
      ✓ should mint for amount=1
[FEE] 121711950877730 93899 1000074862
      ✓ should mint for amount=1
[FEE] 121711381430142 93899 1000070183
      ✓ should mint for amount=1
[FEE] 121708255263555 93897 1000065797
      ✓ should mint for amount=1
[FEE] 121707754832136 93897 1000061685
      ✓ should mint for amount=1
[FEE] 121707285677681 93897 1000057830
      ✓ should mint for amount=1
[FEE] 121705549679031 93896 1000054216
      ✓ should mint for amount=1
[FEE] 121705137362983 93896 1000050828
      ✓ should mint for amount=1
[FEE] 121704750725413 93896 1000047651
      ✓ should mint for amount=1
[FEE] 121704388305935 93896 1000044673
      ✓ should mint for amount=1
[FEE] 121704048522462 93896 1000041881
      ✓ should mint for amount=1
[FEE] 121702433760033 93895 1000039263
      ✓ should mint for amount=1
[FEE] 121702135113986 93895 1000036809
      ✓ should mint for amount=1
[FEE] 121700558939269 93894 1000034508
      ✓ should mint for amount=1
[FEE] 121700296440222 93894 1000032351
      ✓ should mint for amount=1
[FEE] 121700050370183 93894 1000030329
      ✓ should mint for amount=1
[FEE] 121699819633886 93894 1000028433
      ✓ should mint for amount=1
[FEE] 121699603379455 93894 1000026656
      ✓ should mint for amount=1
[FEE] 121699400633320 93894 1000024990
      ✓ should mint for amount=1
[FEE] 121699210543607 93894 1000023428
      ✓ should mint for amount=1
[FEE] 121697736247983 93893 1000021964
      ✓ should mint for amount=1
[FEE] 121697569160661 93893 1000020591
      ✓ should mint for amount=1
[FEE] 121696116410409 93892 1000019304
      ✓ should mint for amount=1
[FEE] 121695969647726 93892 1000018098
      ✓ should mint for amount=1
[FEE] 121695832012075 93892 1000016967
      ✓ should mint for amount=1
[FEE] 121695703016682 93892 1000015907
      ✓ should mint for amount=1
[FEE] 121695582053077 93892 1000014913
      ✓ should mint for amount=1
[FEE] 121695468634486 93892 1000013981
      ✓ should mint for amount=1
[FEE] 121695362274134 93892 1000013107
      ✓ should mint for amount=1
[FEE] 121695262606938 93892 1000012288
      ✓ should mint for amount=1
[FEE] 121695169146125 93892 1000011520
      ✓ should mint for amount=1
[FEE] 121695081526613 93892 1000010800
      ✓ should mint for amount=1
[FEE] 121694999383320 93892 1000010125
      ✓ should mint for amount=1
[FEE] 121694922351165 93892 1000009492
      ✓ should mint for amount=1
[FEE] 121694850186761 93892 1000008899
      ✓ should mint for amount=1
[FEE] 121694782525027 93892 1000008343
      ✓ should mint for amount=1
[FEE] 121694719122574 93892 1000007822
      ✓ should mint for amount=1
[FEE] 121694659614322 93892 1000007333
      ✓ should mint for amount=1
[FEE] 121694603878576 93892 1000006875
      ✓ should mint for amount=1
[FEE] 121694551550256 93892 1000006445
      ✓ should mint for amount=1
[FEE] 121694502507668 93892 1000006042
      ✓ should mint for amount=1
[FEE] 121694456507424 93892 1000005664
      ✓ should mint for amount=1
[FEE] 121694413427831 93892 1000005310
      ✓ should mint for amount=1
[FEE] 121694373025500 93892 1000004978
      ✓ should mint for amount=1
[FEE] 121694335178738 93892 1000004667
      ✓ should mint for amount=1
[FEE] 121694299644158 93892 1000004375
      ✓ should mint for amount=1
[FEE] 121694266421760 93892 1000004102
      ✓ should mint for amount=1
[FEE] 121694235268155 93892 1000003846
      ✓ should mint for amount=1
[FEE] 121694206061651 93892 1000003606
      ✓ should mint for amount=1
[FEE] 121692882572486 93891 1000003381
      ✓ should mint for amount=1
[FEE] 121692856895375 93891 1000003170
      ✓ should mint for amount=1
[FEE] 121691536692728 93890 1000002972
      ✓ should mint for amount=1
[FEE] 121691514058169 93890 1000002786
      ✓ should mint for amount=1
[FEE] 121691492883905 93890 1000002612
      ✓ should mint for amount=1
[FEE] 121691473048243 93890 1000002449
      ✓ should mint for amount=1
[FEE] 121691454429494 93890 1000002296
      ✓ should mint for amount=1
[FEE] 121691437027656 93890 1000002153
      ✓ should mint for amount=1
[FEE] 121691420599347 93890 1000002018
      ✓ should mint for amount=1
[FEE] 121691405266259 93890 1000001892
      ✓ should mint for amount=1
[FEE] 121691390906700 93890 1000001774
      ✓ should mint for amount=1
[FEE] 121691377398980 93890 1000001663
      ✓ should mint for amount=1
[FEE] 121691364743098 93890 1000001559
      ✓ should mint for amount=1
[FEE] 121690056833473 93889 1000001462
      ✓ should mint for amount=1
[FEE] 121691341865157 93890 1000001371
      ✓ should mint for amount=1
[FEE] 121691331399716 93890 1000001285
      ✓ should mint for amount=1
[FEE] 121691321664422 93890 1000001205
      ✓ should mint for amount=1
[FEE] 121691312537584 93890 1000001130
      ✓ should mint for amount=1
[FEE] 121691303897510 93890 1000001059
      ✓ should mint for amount=1
[FEE] 121691295865893 93890 1000000993
      ✓ should mint for amount=1
[FEE] 121691288321040 93890 1000000931
      ✓ should mint for amount=1
[FEE] 121689985158135 93889 1000000873
      ✓ should mint for amount=1
[FEE] 121688682360446 93888 1000000818
      ✓ should mint for amount=1
[FEE] 121688676154328 93888 1000000767
      ✓ should mint for amount=1
[FEE] 121688670313276 93888 1000000719
      ✓ should mint for amount=1
[FEE] 121688664837290 93888 1000000674
      ✓ should mint for amount=1
[FEE] 121688659726369 93888 1000000632
      ✓ should mint for amount=1
[FEE] 121689951084969 93889 1000000593
      ✓ should mint for amount=1
[FEE] 121691242686849 93890 1000000556
      ✓ should mint for amount=1
[FEE] 121691238427658 93890 1000000521
      ✓ should mint for amount=1
[FEE] 121691234411849 93890 1000000488
      ✓ should mint for amount=1
[FEE] 121689934656835 93889 1000000458
      ✓ should mint for amount=1
[FEE] 121691227232070 93890 1000000429
      ✓ should mint for amount=1
[FEE] 121691223946408 93890 1000000402
      ✓ should mint for amount=1
[FEE] 121691220904129 93890 1000000377
      ✓ should mint for amount=1
[FEE] 121691217983541 93890 1000000353
      ✓ should mint for amount=1
[FEE] 121691215306335 93890 1000000331
      ✓ should mint for amount=1
[FEE] 121689916646733 93889 1000000310
      ✓ should mint for amount=1
[FEE] 121688618230562 93888 1000000291
      ✓ should mint for amount=1
[FEE] 121689912144207 93889 1000000273
      ✓ should mint for amount=1
[FEE] 121691206179497 93890 1000000256
      ✓ should mint for amount=1
[FEE] 121689908128441 93889 1000000240
      ✓ should mint for amount=1
[FEE] 121689906303093 93889 1000000225
      ✓ should mint for amount=1
[FEE] 121688608495476 93888 1000000211
      ✓ should mint for amount=1
[FEE] 121687310809582 93887 1000000198
      ✓ should mint for amount=1
[FEE] 121688605453261 93888 1000000186
      ✓ should mint for amount=1
[FEE] 121689900096909 93889 1000000174
      ✓ should mint for amount=1
[FEE] 121691194862217 93890 1000000163
      ✓ should mint for amount=1
[FEE] 121691193645306 93890 1000000153
      ✓ should mint for amount=1
[FEE] 121691192428394 93890 1000000143
      ✓ should mint for amount=1
[FEE] 121691191333173 93890 1000000134
      ✓ should mint for amount=1
[FEE] 121689894255795 93889 1000000126
      ✓ should mint for amount=1
[FEE] 121689893282276 93889 1000000118
      ✓ should mint for amount=1
[FEE] 121691188534276 93890 1000000111
      ✓ should mint for amount=1
[FEE] 121691187682438 93890 1000000104
      ✓ should mint for amount=1
[FEE] 121691186952291 93890 1000000098
      ✓ should mint for amount=1
[FEE] 121689890118339 93889 1000000092
      ✓ should mint for amount=1
[FEE] 121689889388200 93889 1000000086
      ✓ should mint for amount=1
[FEE] 121691184883541 93890 1000000081
      ✓ should mint for amount=1
[FEE] 121689888171301 93889 1000000076
      ✓ should mint for amount=1
[FEE] 121691183666629 93890 1000000071
      ✓ should mint for amount=1
[FEE] 121689887076092 93889 1000000067
      ✓ should mint for amount=1
[FEE] 121691182693100 93890 1000000063
      ✓ should mint for amount=1
[FEE] 121691182206335 93890 1000000059
      ✓ should mint for amount=1
[FEE] 121691181719570 93890 1000000055
      ✓ should mint for amount=1
[FEE] 121689885250744 93889 1000000052
      ✓ should mint for amount=1
[FEE] 121691180989423 93890 1000000049
      ✓ should mint for amount=1
[FEE] 121691180624350 93890 1000000046
      ✓ should mint for amount=1
[FEE] 121691180259276 93890 1000000043
      ✓ should mint for amount=1
[FEE] 121691179894203 93890 1000000040
      ✓ should mint for amount=1
[FEE] 121691179650820 93890 1000000038
      ✓ should mint for amount=1
[FEE] 121689883303706 93889 1000000036
      ✓ should mint for amount=1
[FEE] 121691179164056 93890 1000000034
      ✓ should mint for amount=1
[FEE] 121691178920673 93890 1000000032
      ✓ should mint for amount=1
[FEE] 121691178677291 93890 1000000030
      ✓ should mint for amount=1
[FEE] 121691178433909 93890 1000000028
      ✓ should mint for amount=1
[FEE] 121691178190526 93890 1000000026
      ✓ should mint for amount=1
[FEE] 121689881843427 93889 1000000024
      ✓ should mint for amount=1
[FEE] 121691177825453 93890 1000000023
      ✓ should mint for amount=1
[FEE] 121691177703762 93890 1000000022
      ✓ should mint for amount=1
[FEE] 121691177582070 93890 1000000021
      ✓ should mint for amount=1
[FEE] 121691177460379 93890 1000000020
      ✓ should mint for amount=1
[FEE] 121691177338688 93890 1000000019
      ✓ should mint for amount=1
[FEE] 121691177216997 93890 1000000018
      ✓ should mint for amount=1
[FEE] 121691177095306 93890 1000000017
      ✓ should mint for amount=1
[FEE] 121691176973615 93890 1000000016
      ✓ should mint for amount=1
[FEE] 121691176851923 93890 1000000015
      ✓ should mint for amount=1
[FEE] 121689880626529 93889 1000000014
      ✓ should mint for amount=1
[FEE] 121691176608541 93890 1000000013
      ✓ should mint for amount=1
[FEE] 121691176486850 93890 1000000012
      ✓ should mint for amount=1
[FEE] 121691176365159 93890 1000000011
      ✓ should mint for amount=1
[FEE] 121689880139769 93889 1000000010
      ✓ should mint for amount=1
[FEE] 121691176121776 93890 1000000009
      ✓ should mint for amount=1
[FEE] 121691176000085 93890 1000000008
      ✓ should mint for amount=1
[FEE] 121691176000085 93890 1000000008
      ✓ should mint for amount=1
[FEE] 121691176000085 93890 1000000008
      ✓ should mint for amount=1
[FEE] 121691176000085 93890 1000000008
      ✓ should mint for amount=1
[FEE] 121691176000085 93890 1000000008
      ✓ should mint for amount=1
[FEE] 121689879896389 93889 1000000008
      ✓ should mint for amount=1
[FEE] 121691176000085 93890 1000000008
      ✓ should mint for amount=1
[FEE] 121691176000085 93890 1000000008
      ✓ should mint for amount=1
[FEE] 121691176000085 93890 1000000008
      ✓ should mint for amount=1
[FEE] 121691176000085 93890 1000000008
      ✓ should mint for amount=1
[FEE] 121691176000085 93890 1000000008
      ✓ should mint for amount=1
[FEE] 121691176000085 93890 1000000008
      ✓ should mint for amount=1
[FEE] 121691176000085 93890 1000000008
      ✓ should mint for amount=1
[FEE] 121691176000085 93890 1000000008
      ✓ should mint for amount=1
[FEE] 121691176000085 93890 1000000008
      ✓ should mint for amount=1
[FEE] 121691176000085 93890 1000000008
      ✓ should mint for amount=1
[FEE] 121691176000085 93890 1000000008
      ✓ should mint for amount=1
[FEE] 121691176000085 93890 1000000008
      ✓ should mint for amount=1
[FEE] 121689879896389 93889 1000000008
      ✓ should mint for amount=1
[FEE] 121689879896389 93889 1000000008
      ✓ should mint for amount=1
[FEE] 121688583792694 93888 1000000008
      ✓ should mint for amount=1
[FEE] 121689879896389 93889 1000000008
      ✓ should mint for amount=1
[FEE] 121689879896389 93889 1000000008
      ✓ should mint for amount=1
[FEE] 121691176000085 93890 1000000008
      ✓ should mint for amount=1
[FEE] 121691176000085 93890 1000000008
      ✓ should mint for amount=1
[FEE] 121691176000085 93890 1000000008
      ✓ should mint for amount=1
[FEE] 121691176000085 93890 1000000008
      ✓ should mint for amount=1
[FEE] 121689879896389 93889 1000000008
      ✓ should mint for amount=1
[FEE] 121688583792694 93888 1000000008
      ✓ should mint for amount=1
[FEE] 121689879896389 93889 1000000008
      ✓ should mint for amount=1
[FEE] 121689879896389 93889 1000000008
      ✓ should mint for amount=1
[FEE] 121688583792694 93888 1000000008
      ✓ should mint for amount=1
[FEE] 121689879896389 93889 1000000008
      ✓ should mint for amount=1
[FEE] 121691176000085 93890 1000000008
      ✓ should mint for amount=1
[FEE] 121691176000085 93890 1000000008
      ✓ should mint for amount=1
[FEE] 121691176000085 93890 1000000008
      ✓ should mint for amount=1
[FEE] 121691176000085 93890 1000000008
      ✓ should mint for amount=1
[FEE] 121691176000085 93890 1000000008
      ✓ should mint for amount=1
[FEE] 121691176000085 93890 1000000008
      ✓ should mint for amount=1
[FEE] 121689879896389 93889 1000000008
      ✓ should mint for amount=1
[FEE] 121691176000085 93890 1000000008
      ✓ should mint for amount=1
[FEE] 121691176000085 93890 1000000008
      ✓ should mint for amount=1
[FEE] 121691176000085 93890 1000000008
      ✓ should mint for amount=1
[FEE] 121691176000085 93890 1000000008
      ✓ should mint for amount=1
[FEE] 121691176000085 93890 1000000008
      ✓ should mint for amount=1
[FEE] 121691176000085 93890 1000000008
      ✓ should mint for amount=1
[FEE] 121691176000085 93890 1000000008
      ✓ should mint for amount=1
[FEE] 121689879896389 93889 1000000008
      ✓ should mint for amount=1
[FEE] 121688583792694 93888 1000000008
      ✓ should mint for amount=1
[FEE] 121689879896389 93889 1000000008
      ✓ should mint for amount=1
[FEE] 121688583792694 93888 1000000008
      ✓ should mint for amount=1
[FEE] 121689879896389 93889 1000000008
      ✓ should mint for amount=1
[FEE] 121691176000085 93890 1000000008
      ✓ should mint for amount=1
[FEE] 121691176000085 93890 1000000008
      ✓ should mint for amount=1
[FEE] 121689879896389 93889 1000000008
      ✓ should mint for amount=1
[FEE] 121688583792694 93888 1000000008
      ✓ should mint for amount=1
[FEE] 121687287688998 93887 1000000008
      ✓ should mint for amount=1
[FEE] 121688583792694 93888 1000000008
      ✓ should mint for amount=1
[FEE] 121689879896389 93889 1000000008
      ✓ should mint for amount=1
[FEE] 121691176000085 93890 1000000008
      ✓ should mint for amount=1
[FEE] 121691176000085 93890 1000000008
      ✓ should mint for amount=1
[FEE] 121691176000085 93890 1000000008
      ✓ should mint for amount=1
[FEE] 121691176000085 93890 1000000008
      ✓ should mint for amount=1
[FEE] 121691176000085 93890 1000000008
      ✓ should mint for amount=1
[FEE] 121691176000085 93890 1000000008
      ✓ should mint for amount=1
[FEE] 121691176000085 93890 1000000008
      ✓ should mint for amount=1
[FEE] 121691176000085 93890 1000000008
      ✓ should mint for amount=1
[FEE] 121691176000085 93890 1000000008
      ✓ should mint for amount=1
[FEE] 121691176000085 93890 1000000008
      ✓ should mint for amount=1
[FEE] 121691176000085 93890 1000000008
      ✓ should mint for amount=1
[FEE] 121691176000085 93890 1000000008
      ✓ should mint for amount=1
[FEE] 121689879896389 93889 1000000008
      ✓ should mint for amount=1
[FEE] 121689879896389 93889 1000000008
      ✓ should mint for amount=1
[FEE] 121691176000085 93890 1000000008
      ✓ should mint for amount=1
[FEE] 121691176000085 93890 1000000008
      ✓ should mint for amount=1
[FEE] 121691176000085 93890 1000000008
      ✓ should mint for amount=1
[FEE] 121691176000085 93890 1000000008
      ✓ should mint for amount=1
[FEE] 121691176000085 93890 1000000008
      ✓ should mint for amount=1
[FEE] 121691176000085 93890 1000000008
      ✓ should mint for amount=1
[FEE] 121691176000085 93890 1000000008
      ✓ should mint for amount=1
[FEE] 121691176000085 93890 1000000008
      ✓ should mint for amount=1
[FEE] 121691176000085 93890 1000000008
      ✓ should mint for amount=1
[FEE] 121691176000085 93890 1000000008
      ✓ should mint for amount=1
[FEE] 121689879896389 93889 1000000008
      ✓ should mint for amount=1
[FEE] 121689879896389 93889 1000000008
      ✓ should mint for amount=1
[FEE] 121688583792694 93888 1000000008
      ✓ should mint for amount=1
[FEE] 121688583792694 93888 1000000008
      ✓ should mint for amount=1
[FEE] 121689879896389 93889 1000000008
      ✓ should mint for amount=1
[FEE] 121691176000085 93890 1000000008
      ✓ should mint for amount=1
[FEE] 121691176000085 93890 1000000008
      ✓ should mint for amount=1
[FEE] 121691176000085 93890 1000000008
      ✓ should mint for amount=1
[FEE] 121691176000085 93890 1000000008
      ✓ should mint for amount=1
[FEE] 121691176000085 93890 1000000008
      ✓ should mint for amount=1
[FEE] 121689879896389 93889 1000000008
      ✓ should mint for amount=1
[FEE] 121691176000085 93890 1000000008
      ✓ should mint for amount=1
[FEE] 121691176000085 93890 1000000008
      ✓ should mint for amount=1
[FEE] 121691176000085 93890 1000000008
      ✓ should mint for amount=1
[FEE] 121691176000085 93890 1000000008
      ✓ should mint for amount=1
[FEE] 121691176000085 93890 1000000008
      ✓ should mint for amount=1
[FEE] 121691176000085 93890 1000000008
      ✓ should mint for amount=1
[FEE] 121691176000085 93890 1000000008
      ✓ should mint for amount=1
[FEE] 121691176000085 93890 1000000008
      ✓ should mint for amount=1
[FEE] 121691176000085 93890 1000000008
      ✓ should mint for amount=1
[FEE] 121691176000085 93890 1000000008
      ✓ should mint for amount=1
[FEE] 121691176000085 93890 1000000008
      ✓ should mint for amount=1
[FEE] 121691176000085 93890 1000000008
      ✓ should mint for amount=1
[FEE] 121691176000085 93890 1000000008
      ✓ should mint for amount=1
[FEE] 121689879896389 93889 1000000008
      ✓ should mint for amount=1
[FEE] 121691176000085 93890 1000000008
      ✓ should mint for amount=1
[FEE] 121689879896389 93889 1000000008
      ✓ should mint for amount=1
[FEE] 121691176000085 93890 1000000008
      ✓ should mint for amount=1
[FEE] 121691176000085 93890 1000000008
      ✓ should mint for amount=1
[FEE] 121691176000085 93890 1000000008
      ✓ should mint for amount=1
[FEE] 121691176000085 93890 1000000008
      ✓ should mint for amount=1
[FEE] 121691176000085 93890 1000000008
      ✓ should mint for amount=1
[FEE] 121691176000085 93890 1000000008
      ✓ should mint for amount=1
[FEE] 121691176000085 93890 1000000008
      ✓ should mint for amount=1
[FEE] 121691176000085 93890 1000000008
      ✓ should mint for amount=1
[FEE] 121691176000085 93890 1000000008
      ✓ should mint for amount=1
[FEE] 121691176000085 93890 1000000008
      ✓ should mint for amount=1
[FEE] 121691176000085 93890 1000000008
      ✓ should mint for amount=1
[FEE] 121691176000085 93890 1000000008
      ✓ should mint for amount=1
[FEE] 121691176000085 93890 1000000008
      ✓ should mint for amount=1
[FEE] 121689879896389 93889 1000000008
      ✓ should mint for amount=1
[FEE] 121691176000085 93890 1000000008
      ✓ should mint for amount=1
[FEE] 121689879896389 93889 1000000008
      ✓ should mint for amount=1
[FEE] 121691176000085 93890 1000000008
      ✓ should mint for amount=1
[FEE] 121689879896389 93889 1000000008
      ✓ should mint for amount=1
[FEE] 121691176000085 93890 1000000008
      ✓ should mint for amount=1
[FEE] 121691176000085 93890 1000000008
      ✓ should mint for amount=1
[FEE] 121689879896389 93889 1000000008
      ✓ should mint for amount=1
[FEE] 121689879896389 93889 1000000008
      ✓ should mint for amount=1
[FEE] 121688583792694 93888 1000000008
      ✓ should mint for amount=1
[FEE] 121688583792694 93888 1000000008
      ✓ should mint for amount=1
[FEE] 121688583792694 93888 1000000008
      ✓ should mint for amount=1
[FEE] 121687287688998 93887 1000000008
      ✓ should mint for amount=1
[FEE] 121688583792694 93888 1000000008
      ✓ should mint for amount=1
[FEE] 121689879896389 93889 1000000008
      ✓ should mint for amount=1
[FEE] 121689879896389 93889 1000000008
      ✓ should mint for amount=1
[FEE] 121689879896389 93889 1000000008
      ✓ should mint for amount=1
[FEE] 121691176000085 93890 1000000008
      ✓ should mint for amount=1
[FEE] 121691176000085 93890 1000000008
      ✓ should mint for amount=1
[FEE] 121691176000085 93890 1000000008
      ✓ should mint for amount=1
[FEE] 121689879896389 93889 1000000008
      ✓ should mint for amount=1
[FEE] 121688583792694 93888 1000000008
      ✓ should mint for amount=1
[FEE] 121689879896389 93889 1000000008
      ✓ should mint for amount=1
[FEE] 121688583792694 93888 1000000008
      ✓ should mint for amount=1
[FEE] 121689879896389 93889 1000000008
      ✓ should mint for amount=1
[FEE] 121689879896389 93889 1000000008
      ✓ should mint for amount=1
[FEE] 121691176000085 93890 1000000008
      ✓ should mint for amount=1
[FEE] 121691176000085 93890 1000000008
      ✓ should mint for amount=1
[FEE] 121691176000085 93890 1000000008
      ✓ should mint for amount=1
[FEE] 121691176000085 93890 1000000008
      ✓ should mint for amount=1
[FEE] 121689879896389 93889 1000000008
      ✓ should mint for amount=1
[FEE] 121691176000085 93890 1000000008
      ✓ should mint for amount=1
[FEE] 121691176000085 93890 1000000008
      ✓ should mint for amount=1
[FEE] 121691176000085 93890 1000000008
      ✓ should mint for amount=1
[FEE] 121691176000085 93890 1000000008
      ✓ should mint for amount=1
[FEE] 121691176000085 93890 1000000008
      ✓ should mint for amount=1
[FEE] 121691176000085 93890 1000000008
      ✓ should mint for amount=1
[FEE] 121689879896389 93889 1000000008
      ✓ should mint for amount=1
[FEE] 121691176000085 93890 1000000008
      ✓ should mint for amount=1
[FEE] 121691176000085 93890 1000000008
      ✓ should mint for amount=1
[FEE] 121691176000085 93890 1000000008
      ✓ should mint for amount=1
[FEE] 121691176000085 93890 1000000008
      ✓ should mint for amount=1
[FEE] 121691176000085 93890 1000000008
      ✓ should mint for amount=1
[FEE] 121691176000085 93890 1000000008
      ✓ should mint for amount=1
[FEE] 121691176000085 93890 1000000008
      ✓ should mint for amount=1
[FEE] 121691176000085 93890 1000000008
      ✓ should mint for amount=1
[FEE] 121691176000085 93890 1000000008
      ✓ should mint for amount=1
[FEE] 121691176000085 93890 1000000008
      ✓ should mint for amount=1
[FEE] 121691176000085 93890 1000000008
      ✓ should mint for amount=1
[FEE] 121689879896389 93889 1000000008
      ✓ should mint for amount=1
[FEE] 121689879896389 93889 1000000008
      ✓ should mint for amount=1
[FEE] 121691176000085 93890 1000000008
      ✓ should mint for amount=1
[FEE] 121691176000085 93890 1000000008
      ✓ should mint for amount=1
[FEE] 121691176000085 93890 1000000008
      ✓ should mint for amount=1
[FEE] 121691176000085 93890 1000000008
      ✓ should mint for amount=1
[FEE] 121691176000085 93890 1000000008
      ✓ should mint for amount=1
[FEE] 121689879896389 93889 1000000008
      ✓ should mint for amount=1
[FEE] 121689879896389 93889 1000000008
      ✓ should mint for amount=1
[FEE] 121689879896389 93889 1000000008
      ✓ should mint for amount=1
[FEE] 121688583792694 93888 1000000008
      ✓ should mint for amount=1
[FEE] 121688583792694 93888 1000000008
      ✓ should mint for amount=1
[FEE] 121689879896389 93889 1000000008
      ✓ should mint for amount=1
[FEE] 121691176000085 93890 1000000008
      ✓ should mint for amount=1
[FEE] 121689879896389 93889 1000000008
      ✓ should mint for amount=1
[FEE] 121691176000085 93890 1000000008
      ✓ should mint for amount=1
[FEE] 121691176000085 93890 1000000008
      ✓ should mint for amount=1
[FEE] 121691176000085 93890 1000000008
      ✓ should mint for amount=1
[FEE] 121691176000085 93890 1000000008
      ✓ should mint for amount=1
[FEE] 121691176000085 93890 1000000008
      ✓ should mint for amount=1
[FEE] 121691176000085 93890 1000000008
      ✓ should mint for amount=1
[FEE] 121691176000085 93890 1000000008
      ✓ should mint for amount=1
[FEE] 121691176000085 93890 1000000008
      ✓ should mint for amount=1
[FEE] 121691176000085 93890 1000000008
      ✓ should mint for amount=1
[FEE] 121689879896389 93889 1000000008
      ✓ should mint for amount=1
[FEE] 121689879896389 93889 1000000008
      ✓ should mint for amount=1
[FEE] 121691176000085 93890 1000000008
      ✓ should mint for amount=1
[FEE] 121691176000085 93890 1000000008
      ✓ should mint for amount=1
[FEE] 121689879896389 93889 1000000008
      ✓ should mint for amount=1
[FEE] 121691176000085 93890 1000000008
      ✓ should mint for amount=1
[FEE] 121691176000085 93890 1000000008
      ✓ should mint for amount=1
[FEE] 121691176000085 93890 1000000008
      ✓ should mint for amount=1
[FEE] 121691176000085 93890 1000000008
      ✓ should mint for amount=1
[FEE] 121691176000085 93890 1000000008
      ✓ should mint for amount=1
[FEE] 121689879896389 93889 1000000008
      ✓ should mint for amount=1
[FEE] 121691176000085 93890 1000000008
      ✓ should mint for amount=1
[FEE] 121691176000085 93890 1000000008
      ✓ should mint for amount=1
[FEE] 121689879896389 93889 1000000008
      ✓ should mint for amount=1
[FEE] 121688583792694 93888 1000000008
      ✓ should mint for amount=1
[FEE] 121688583792694 93888 1000000008
      ✓ should mint for amount=1
[FEE] 121687287688998 93887 1000000008
      ✓ should mint for amount=1

·----------------------------------------|---------------------------|-------------|----------------------------·
|          [90mSolc version: 0.8.17[39m          ·  [90mOptimizer enabled: true[39m  ·  [90mRuns: 200[39m  ·  [90mBlock limit: 8000000 gas[39m  │
·········································|···························|·············|·····························
|  [32m[1mMethods[22m[39m                                                                                                      │
···················|·····················|·············|·············|·············|··············|··············
|  [1mContract[22m        ·  [1mMethod[22m             ·  [32mMin[39m        ·  [32mMax[39m        ·  [32mAvg[39m        ·  [1m# calls[22m     ·  [1musd (avg)[22m  │
···················|·····················|·············|·············|·············|··············|··············
|  [90mXPowerThorTest[39m  ·  init               ·          -  ·          -  ·      67353  ·           [90m1[39m  ·          [32m[90m-[32m[39m  │
···················|·····················|·············|·············|·············|··············|··············
|  [90mXPowerThorTest[39m  ·  mint               ·     [36m121685[39m  ·     [31m229535[39m  ·     124960  ·         [90m505[39m  ·          [32m[90m-[32m[39m  │
···················|·····················|·············|·············|·············|··············|··············
|  [90mXPowerThorTest[39m  ·  transferOwnership  ·          -  ·          -  ·      28656  ·           [90m1[39m  ·          [32m[90m-[32m[39m  │
···················|·····················|·············|·············|·············|··············|··············
|  [32m[1mDeployments[22m[39m                           ·                                         ·  [1m% of limit[22m  ·             │
·········································|·············|·············|·············|··············|··············
|  XPowerThorTest                        ·          -  ·          -  ·    3331941  ·      [90m41.6 %[39m  ·          [32m[90m-[32m[39m  │
·----------------------------------------|-------------|-------------|-------------|--------------|-------------·

  505 passing (26s)

