255278511514908 101409 1653067385
246301794526982 98381 1644027743
237502685843927 95585 1631667185
228810233525136 92941 1616668223
220360202842172 90463 1599613188
212197999023836 88138 1580996438
204377289998833 85964 1561236943
196891705469648 83920 1540688157
189757293999392 81999 1519647014
183033365177095 80217 1498361644
176640777090302 78533 1477037689
170599070946458 76951 1455845178
164922112501265 75475 1434922898
159582571657392 74092 1414382714
154547366798701 72787 1394314002
149845511197165 71575 1374786249
145421993200963 70432 1355853825
141281990416144 69363 1337555264
137382830183485 68350 1319917353
133766624358995 67417 1302960180
130364243061870 66533 1286690752
127179247638874 65703 1271112092
124216352229680 64933 1256221152
121434206424806 64205 1242009699
118836036084922 63524 1228465936
116408024521827 62886 1215574963
114135045539847 62286 1203320661
112014921645362 61726 1191682450
110027821749395 61198 1180641608
108172150053648 60704 1170175366
106441288668329 60243 1160262702
104820020385795 59809 1150881204
103305835733008 59403 1142008340
101891198946292 59023 1133621806
100570601192010 58668 1125699729
99328499787385 58331 1118219993
98170252533585 58017 1111162148
97084223067549 57721 1104504810
96069239826609 57444 1098227917
95120949411678 57185 1092312364
94231817726278 56941 1086739061
93401179353041 56713 1081490073
92628467992043 56502 1076548150
91900148514136 56301 1071896624
91219256239530 56113 1067519550
90585613431439 55939 1063401650
89989492913104 55774 1059528909
89432564829626 55620 1055887139
88911763449639 55476 1052463112
88424198194338 55341 1049245044
87962183710931 55211 1046220409
87535743949530 55093 1043378309
87134229613193 54981 1040708160
86759809033958 54877 1038200000
86406764855537 54778 1035844041
86075824724512 54685 1033631592
85769287992133 54600 1031553984
85481658119729 54520 1029603213
85205961114002 54441 1027771769
84955614783870 54372 1026052487
84717472075131 54305 1024438682
84495629432223 54243 1022923941
84287977670775 54185 1021502314
84089342704115 54128 1020168186
83905464079351 54076 1018916237
83738981960232 54031 1017741467
83572435331643 53982 1016639280
83422466708926 53940 1015605125
83277876221452 53898 1014634884
83153770385678 53866 1013724675
83022032074833 53826 1012870799
82910141592301 53796 1012069811
82802389177142 53766 1011318470
82698518689065 53736 1010613729
82598286812230 53706 1009952691
82510691559504 53682 1009332687
82427824711826 53659 1008751196
82347947489550 53636 1008205809
82275480816674 53616 1007694335
82210240894401 53599 1007214646
82141327824328 53578 1006764793
82083920919186 53563 1006342927
82021014612922 53543 1005947313
81973921243010 53532 1005576324
81924131087911 53518 1005228440
81874590271224 53503 1004902216
81825189899259 53487 1004596315
81780414933202 53473 1004309471
81750867105134 53468 1004040490
81713517918824 53457 1003788288
81685098622163 53451 1003551817
81648715645701 53439 1003330082
81616520950930 53429 1003122175
81591496672257 53423 1002927237
81562883874031 53414 1002744456
81535203445712 53405 1002573078
81516028736358 53401 1002412382
81497672781435 53397 1002261731
81475504495843 53390 1002120476
81452529728135 53382 1001988033
81434807404381 53377 1001863861
81417716614326 53372 1001747436
81402743644864 53368 1001638280
81389851295223 53365 1001535943
81377478728689 53362 1001439991
81365594086698 53359 1001350033
81355691316707 53357 1001265691
81341643136613 53352 1001186616
81327997474539 53347 1001112481
81320826487684 53346 1001042974
81312483966371 53344 1000977807
81305996984240 53343 1000916714
81296771832744 53340 1000859436
81284789652735 53335 1000805735
81280700583421 53335 1000755389
81269247480790 53330 1000708188
81265653699124 53330 1000663936
81259236860556 53328 1000622448
81254554463565 53327 1000583552
81248545866445 53325 1000547086
81248816933676 53327 1000512899
81240119973056 53323 1000480848
81236156460287 53322 1000450799
81229298530183 53319 1000422627
81231724426352 53322 1000396217
81228190463397 53321 1000371456
81226305532353 53321 1000348242
81216921776651 53316 1000326478
81218311892389 53318 1000306076
81209142563061 53313 1000286948
81209209882131 53314 1000269015
81209368159332 53315 1000252203
81201995759015 53311 1000236441
81205365579009 53314 1000221664
81199671495427 53311 1000207811
81194047757590 53308 1000194823
81197628611428 53311 1000182647
81195178752626 53310 1000171231
81195833091422 53311 1000160530
81195018584381 53311 1000150497
81194254978957 53311 1000141091
81193539109019 53311 1000132273
81194390974837 53312 1000124006
81190715730687 53310 1000116255
81191648929868 53311 1000108990
81189572941836 53310 1000102178
81190577479263 53311 1000095792
81187045452753 53309 1000089804
81185066928564 53308 1000084192
81184639768705 53308 1000078930
81182716388607 53307 1000073997
81177772102649 53304 1000069371
81183511797167 53308 1000065035
81180136072747 53306 1000060971
81181349616348 53307 1000057160
81179536756343 53306 1000053588
81174696144375 53303 1000050238
81185101558225 53310 1000047099
81174202302334 53303 1000044154
81173978352598 53303 1000041395
81175291238500 53304 1000038808
81173571444288 53303 1000036382
81170341128034 53301 1000034108
81170168159936 53301 1000031977
81174574488494 53304 1000029978
81177468087884 53306 1000028104
81177325544256 53306 1000026348
81181760407151 53309 1000024701
81172497962861 53303 1000023157
81178471901995 53307 1000021710
81169224668072 53301 1000020353
81170644267170 53302 1000019081
81169024590005 53301 1000017888
81168933844659 53301 1000016770
81176462976722 53306 1000015722
81168768993319 53301 1000014739
81170217074221 53302 1000013818
81170146944122 53302 1000012954
81168558363468 53301 1000012144
81163928259686 53298 1000011385
81171484628863 53303 1000010673
81168384827197 53301 1000010006
81169856926944 53302 1000009381
81168286533267 53301 1000008795
81166719063352 53300 1000008245
81166677262836 53300 1000007730
81169683712094 53302 1000007247
81168124116954 53301 1000006794
81168089620735 53301 1000006369
81172625788902 53304 1000005971
81172595511694 53304 1000005598
81169521455072 53302 1000005248
81167972008923 53301 1000004920
81167947090478 53301 1000004613
81172492179558 53304 1000004325
81166378977603 53300 1000004055
81167881263576 53301 1000003802
81166339125073 53300 1000003564
81167843845325 53301 1000003341
81166304061339 53300 1000003132
81166288152793 53300 1000002936
81167796118793 53301 1000002753
81166259338846 53300 1000002581
81167769089991 53301 1000002420
81169279652337 53302 1000002269
81167745307892 53301 1000002127
81161643239682 53297 1000001994
81167724366658 53301 1000001869
81169237687915 53302 1000001752
81167706022787 53301 1000001643
81167697662527 53301 1000001540
81167689870440 53301 1000001444
81167682565359 53301 1000001354
81166152848988 53300 1000001269
81167669253877 53301 1000001190
81166140430583 53300 1000001116
81167657565746 53301 1000001046
81166129473166 53300 1000000981
81167647338632 53301 1000000920
81167642712080 53301 1000000863
81167638329031 53301 1000000809
81167634189485 53301 1000000758
81167630374609 53301 1000000711
81167626803236 53301 1000000667
81167623394198 53301 1000000625
81167620228663 53301 1000000586
81166094409432 53300 1000000549
81167614465765 53301 1000000515
81166089052473 53300 1000000483
81167609433376 53301 1000000453
81166084344842 53300 1000000425
81167604969159 53301 1000000398
81167602939970 53301 1000000373
81167601073116 53301 1000000350
81166076471735 53300 1000000328
81167597664078 53301 1000000308
81167596121894 53301 1000000289
81164549029664 53299 1000000271
81164547649867 53299 1000000254
81167591982347 53301 1000000238
81167590764834 53301 1000000223
81164543997463 53299 1000000209
81167588573309 53301 1000000196
81166064783824 53300 1000000184
81166063890998 53300 1000000173
81166062998171 53300 1000000162
81167585001936 53301 1000000152
81167584271428 53301 1000000143
81167583540920 53301 1000000134
81166060076193 53300 1000000126
81167582242239 53301 1000000118
81167581674066 53301 1000000111
81167581105893 53301 1000000104
81166057803544 53300 1000000098
81166057316548 53300 1000000092
