254491369161621 101106 1652908937
245584862733036 98104 1643870787
236734818344501 95285 1631512471
228052698660873 92642 1616516315
219611427707820 90164 1599464346
211424976116748 87825 1580850971
203647972311917 85665 1561095492
196179744008762 83624 1540550803
189051070341231 81701 1519513514
182330881833237 79916 1498232773
175944468085565 78230 1476913584
169933273033421 76657 1455725206
164244662023775 75171 1434807819
158911068264217 73786 1414272114
153913562023510 72494 1394208173
149198106400701 71271 1374685201
144790111099051 70131 1355756416
140663243618175 69064 1337462760
136788850692203 68059 1319829817
133156814730800 67114 1302875966
129774225680966 66236 1286610666
126604506399703 65410 1271035890
123637238357754 64634 1256148721
120852481206534 63901 1241940287
118257267889770 63218 1228400226
115844986482469 62585 1215513496
113579771613253 61986 1203261934
111465337741838 61426 1191627177
109487115598834 60900 1180588424
107638253335849 60407 1170124769
105910465175510 59945 1160215624
104290200605418 59509 1150836557
102780316503036 59103 1141966131
101369755199261 58723 1133582054
100042678633224 58362 1125661840
98812809690676 58030 1118184522
97657970841442 57716 1111128456
96573501914756 57419 1104473128
95561589011111 57142 1098198192
94617837185300 56884 1092284290
93739685713904 56645 1086712620
92913202555922 56418 1081465182
92137910855896 56204 1076524540
91410208274105 56002 1071874551
90736302258532 55817 1067498773
90101399969463 55641 1063382260
89500671648953 55472 1059510509
88950334998022 55321 1055869791
88429597712007 55176 1052447001
87941971424789 55040 1049229688
87486210615642 54913 1046206066
87061136936809 54795 1043364850
86657737147870 54681 1040695543
86284523082214 54577 1038188089
85932621383432 54478 1035832906
85602742934361 54385 1033621053
85294064290737 54298 1031544041
85007385693605 54218 1029593911
84740391501499 54144 1027762879
84487755398210 54073 1026044285
84247266037508 54004 1024430939
84027718204187 53943 1022916710
83817640566545 53883 1021495511
83624314886553 53829 1020161805
83442592076504 53778 1018910267
83272026244039 53730 1017735891
83110654280828 53684 1016634005
82958087964239 53640 1015600166
82820147375768 53602 1014630243
82688756099285 53565 1013720311
82566685984873 53531 1012866706
82450552561689 53498 1012065971
82341615401556 53467 1011314804
82235007630704 53435 1010610304
82142789235084 53410 1009949518
82053952803949 53385 1009329714
81972899250333 53363 1008748396
81891747762186 53339 1008203195
81817990228344 53318 1007691872
81746846170606 53297 1007212347
81684283868908 53280 1006762634
81619416644029 53260 1006340898
81564362744435 53245 1005945413
81509789346496 53229 1005574524
81458638535712 53214 1005226758
81419968420009 53206 1004900629
81373774891831 53192 1004594837
81333724717311 53181 1004308089
81293601839996 53169 1004039208
81257902566426 53159 1003787086
81218898377643 53146 1003550681
81190263495955 53139 1003329016
81164279330128 53133 1003121174
81134765888599 53124 1002926295
81109294438821 53117 1002743565
81083222632308 53109 1002572241
81058019344822 53101 1002411606
81035156920735 53094 1002260998
81017636072522 53090 1002119794
81003880506306 53088 1001987396
80981639894117 53080 1001863262
80969180858106 53078 1001746870
80952734443293 53073 1001637751
80932265211333 53065 1001535450
80922989163388 53064 1001439531
80909622738415 53060 1001349601
80899760554019 53058 1001265286
80885750482113 53053 1001186237
80870615927440 53047 1001112125
80866527358833 53048 1001042641
80858216269171 53046 1000977497
80847185833243 53042 1000916422
80833416020664 53036 1000859162
80833652490792 53039 1000805479
80823491546815 53035 1000755149
80816632496931 53033 1000707958
80811536437892 53032 1000663725
80800568188692 53027 1000622250
80797428373949 53027 1000583367
80792961053695 53026 1000546913
80791724898005 53027 1000512736
80786090482553 53025 1000480695
80783664915139 53025 1000450656
80776820534638 53022 1000422494
80770118429837 53019 1000396091
80774213441381 53023 1000371338
80763199376564 53017 1000348129
80761443146083 53017 1000326376
80759796150182 53017 1000305976
80756729323912 53016 1000286857
80756805237921 53017 1000268930
80752401682753 53015 1000252120
80754175938143 53017 1000236363
80749937256270 53015 1000221594
80742726671939 53011 1000207745
80743201718629 53012 1000194762
80743741954812 53013 1000182587
80741297680308 53012 1000171176
80740434057737 53012 1000160478
80738101559001 53011 1000150451
80732773402881 53008 1000141048
80738153910090 53012 1000132233
80734440770251 53010 1000123969
80732292325164 53009 1000116221
80733228854332 53010 1000108956
80731156230919 53009 1000102147
80732163856881 53010 1000095763
80727111865419 53007 1000089778
80731227534178 53010 1000084164
80727757295121 53008 1000078907
80725836249392 53007 1000073975
80725463081456 53007 1000069352
80726636155766 53008 1000065018
80730876747368 53011 1000060953
80726000555558 53008 1000057144
80722666505931 53006 1000053573
80723919152599 53007 1000050225
80726711546737 53009 1000047086
80723428214380 53007 1000044143
80726251264701 53009 1000041384
80722996766701 53007 1000038798
80728892503363 53011 1000036373
80716526076287 53003 1000034100
80719399802989 53005 1000031969
80719238530784 53005 1000029971
80725178699387 53009 1000028097
80717422673423 53004 1000026341
80715767043959 53003 1000024696
80718688203510 53005 1000023153
80714002861527 53002 1000021706
80718461873548 53005 1000020349
80719882045999 53006 1000019077
80713694460016 53002 1000017885
80719695586628 53006 1000016767
80716565315543 53004 1000015719
80714963215486 53003 1000014737
80713365961155 53002 1000013815
80714819222114 53003 1000012953
80713231010271 53002 1000012143
80716215414733 53004 1000011384
80722249351945 53008 1000010673
80713058528191 53002 1000010006
80719099400953 53006 1000009381
80708392299893 52999 1000008795
80712916393917 53002 1000008245
80714397654073 53003 1000007730
80712835843091 53002 1000007247
80712799280441 53002 1000006794
80712764977734 53002 1000006369
80711210029972 53001 1000005971
80709657101151 53000 1000005598
80712674499301 53002 1000005248
80712648025683 53002 1000004920
80712623247022 53002 1000004613
80712600001894 53002 1000004325
80712578209586 53002 1000004055
80712557789386 53002 1000003802
80711015759249 53001 1000003564
80712520581039 53002 1000003341
80712503712178 53002 1000003132
80712487892577 53002 1000002936
80712473122235 53002 1000002753
80712459239728 53002 1000002581
80712446245056 53002 1000002420
80710911238856 53001 1000002269
80710899777933 53001 1000002127
80707843406945 52999 1000001994
80712401772605 53002 1000001869
80713915147134 53003 1000001752
80712383531637 53002 1000001643
80710852400735 53001 1000001540
80709321835112 53000 1000001444
80710837388540 53001 1000001354
80715398979508 53004 1000001269
80710824151981 53001 1000001190
80710818179387 53001 1000001116
80712335346423 53002 1000001046
80712330100126 53002 1000000981
80710802360084 53001 1000000920
80712320576081 53002 1000000863
80712316217619 53002 1000000809
80712312101294 53002 1000000758
80712308307819 53002 1000000711
80712304756480 53002 1000000667
80712301366565 53002 1000000625
80712298218787 53002 1000000586
80712295232434 53002 1000000549
80709246856261 53000 1000000515
80710767089496 53001 1000000483
80704673404638 52997 1000000453
80710762408274 53001 1000000425
80712283044884 53002 1000000398
80712281027078 53002 1000000373
80712279170696 53002 1000000350
80712277395027 53002 1000000328
80710752965118 53001 1000000308
80712274247249 53002 1000000289
80712272794428 53002 1000000271
80712271422320 53002 1000000254
80710747315367 53001 1000000238
80712268920240 53002 1000000223
80712267790269 53002 1000000209
80712266741009 53002 1000000196
80712265772462 53002 1000000184
80712264884628 53002 1000000173
80710741181352 53001 1000000162
80712263189670 53002 1000000152
80709216832436 53000 1000000143
80712261736850 53002 1000000134
80712261091152 53002 1000000126
80712260445454 53002 1000000118
80710737065105 53001 1000000111
80712259315482 53002 1000000104
80712258831209 53002 1000000098
80712258346935 53002 1000000092
