86747 171880 129314 
86724 171857 115108 
86742 171880 108029 
86730 171868 103760 
86729 171880 100930 
86729 171875 98904 
86729 171880 97383 
86724 171880 96197 
86729 171862 95255 
86729 171880 94483 
86724 171880 93836 
86724 171875 93287 
86724 171880 92821 
86724 171880 92417 
86729 171862 92064 
86730 171863 91741 
86729 171880 91471 
86724 171880 91225 
86712 171850 90981 
86729 171880 90795 
86724 171880 90610 
86724 171862 90442 
86724 171880 90289 
86724 171862 90149 
86724 171862 90014 
86712 171863 89882 
86724 171880 89782 
86717 171863 89667 
86724 171880 89582 
86724 171880 89487 
86724 171880 89401 
86724 171880 89323 
86724 171880 89247 
86724 171880 89174 
86724 171880 89109 
86712 171868 89032 
86729 171862 88984 
86724 171880 88926 
86724 171880 88869 
86724 171880 88820 
86724 171880 88769 
86712 171857 88720 
86724 171880 88675 
86724 171862 88635 
86724 171875 88592 
86712 171863 88542 
86724 171880 88515 
86724 171880 88480 
86712 171868 88431 
86724 171880 88413 
86712 171857 88378 
86712 171863 88337 
86712 171868 88305 
86724 171880 88289 
86712 171863 88251 
86724 171880 88235 
86724 171880 88211 
86724 171880 88186 
86717 171880 88160 
86724 171880 88137 
86724 171880 88116 
86717 171880 88093 
86724 171880 88072 
86724 171875 88051 
86724 171880 88030 
86712 171868 88002 
86724 171875 87994 
86724 171880 87975 
86712 171857 87956 
86724 171880 87942 
86717 171857 87923 
86724 171880 87907 
86724 171862 87892 
86724 171880 87878 
86724 171875 87861 
86724 171862 87847 
86724 171880 87834 
86724 171880 87819 
86724 171880 87807 
86717 171857 87793 
86724 171862 87779 
86724 171880 87767 
86724 171880 87754 
86724 171868 87744 
86724 171875 87733 
86724 171875 87720 
86724 171880 87709 
86724 171875 87697 
86712 171868 87676 
86712 171868 87665 
86724 171880 87667 
86724 171880 87656 
86724 171880 87646 
86724 171880 87639 
86724 171880 87628 
86724 171880 87620 
86712 171868 87598 
86724 171880 87602 
86724 171875 87594 
86724 171880 87584 
86724 171880 87575 
86724 171862 87568 
86724 171880 87560 
86724 171880 87554 
86724 171875 87544 
86724 171880 87538 
86724 171880 87531 
86724 171857 87522 
86724 171880 87515 
86724 171880 87508 
86712 171850 87490 
86724 171875 87495 
86724 171880 87489 
86724 171880 87481 
86724 171862 87477 
86724 171875 87469 
86724 171880 87463 
86712 171880 87457 
86724 171880 87450 
86712 171880 87445 
86712 171875 87440 
86724 171875 87433 
86724 171880 87429 
86712 171868 87410 
86724 171880 87418 
86724 171880 87413 
86724 171862 87408 
83935 171863 87368 
86724 171880 87397 
83947 171880 87370 
86724 171875 87386 
83947 171862 87297 
86724 171862 87376 
83947 171880 87226 
83942 171875 87306 
83942 171880 87321 
83947 171880 87257 
83930 171850 87261 
83947 171875 87189 
83947 171875 87207 
83942 171875 87163 
83942 171875 87121 
83947 171862 87080 
83935 171868 87085 
83942 171875 87114 
83942 171880 87073 
83942 171880 87072 
83930 171850 87019 
83942 171862 87010 
83942 171862 86991 
83942 171880 87025 
83918 171856 87035 
83918 171856 86907 
83942 171880 86948 
83942 171880 86911 
83942 171875 86927 
83930 171850 86932 
83930 171880 86836 
83930 171863 86894 
83942 171857 86922 
83942 171875 86922 
83930 171850 86874 
83930 171868 86908 
83942 171880 86849 
83918 171868 86821 
83942 171875 86766 
83942 171857 86783 
83942 171880 86683 
83930 171863 86753 
83942 171880 86683 
83935 171875 86732 
83930 171868 86736 
83942 171880 86749 
83942 171862 86732 
83935 171880 86654 
83942 171880 86637 
83942 171862 86622 
83923 171857 86622 
83942 171880 86639 
83930 171863 86643 
83942 171875 86610 
83942 171880 86670 
83930 171857 86580 
83930 171863 86675 
83942 171880 86672 
83930 171863 86555 
83942 171880 86525 
83942 171875 86600 
83935 171880 86482 
83942 171862 86440 
83930 171875 86397 
83918 171863 86446 
83942 171875 86574 
83930 171863 86563 
83942 171880 86348 
83942 171880 86648 
83942 171875 86479 
83942 171880 86452 
83923 171845 86370 
83942 171880 86357 
83942 171880 86387 
83930 171850 86460 
83942 171862 86445 
83942 171880 86420 
83942 171880 86259 
83942 171880 86314 
83929 171875 86370 
83930 171862 86425 
83923 171868 86229 
83942 171857 86442 
83918 171868 86300 
83935 171857 86379 
83942 171880 86315 
83942 171880 86395 
83923 171856 86344 
83935 171880 86283 
83930 171880 86246 
83942 171880 86402 
83929 171880 86479 
83942 171880 86214 
83935 171875 86255 
83942 171880 86382 
83942 171875 86297 
83918 171868 86312 
83942 171875 86400 
83929 171862 86462 
83930 171863 86403 
83942 171863 86356 
83935 171880 86234 
83929 171880 86249 
83917 171875 86367 
83942 171875 86254 
83929 171875 86207 
83930 171868 86270 
83930 171868 86200 
83930 171863 86073 
83942 171880 86288 
83942 171875 86173 
83942 171880 86233 
83942 171880 86270 
83935 171880 86088 
83930 171880 86285 
83929 171857 86367 
83930 171862 86312 
83942 171880 86143 
83935 171862 86191 
83942 171880 86136 
83935 171880 86139 
83930 171875 86185 
83942 171875 86144 
83942 171875 86268 
83935 171880 86192 
83930 171845 86138 
83942 171875 86252 
83918 171868 86045 
