86436 171564 129000 
86412 171545 114790 
86443 171581 107730 
86443 171581 103473 
86430 171581 100631 
86430 171558 98597 
86430 171581 97085 
86425 171581 95904 
86413 171551 94941 
86425 171581 94180 
86430 171576 93535 
86413 171569 92978 
86425 171563 92522 
86425 171563 92116 
86430 171581 91765 
86430 171563 91451 
86413 171564 91159 
86430 171581 90927 
86425 171581 90700 
86430 171563 90496 
86430 171581 90315 
86425 171581 90145 
86425 171581 89992 
86413 171546 89833 
86413 171551 89702 
86425 171581 89595 
86425 171576 89483 
86425 171576 89380 
86413 171569 89269 
86401 171557 89164 
86425 171581 89105 
86425 171581 89021 
86425 171581 88946 
86425 171581 88875 
86413 171564 88795 
86413 171569 88732 
86413 171564 88672 
86425 171558 88624 
86425 171563 88569 
86425 171576 88519 
86425 171581 88470 
86425 171581 88421 
86413 171569 88366 
86425 171576 88334 
86425 171581 88294 
86425 171576 88255 
86425 171576 88215 
86425 171581 88179 
86425 171576 88144 
86425 171563 88112 
86425 171581 88080 
86425 171576 88048 
86425 171563 88018 
86425 171581 87991 
86425 171581 87963 
86425 171576 87936 
86425 171581 87908 
86425 171576 87886 
86401 171552 87839 
86425 171581 87839 
86425 171581 87814 
86425 171576 87796 
86425 171558 87773 
86425 171581 87751 
86425 171558 87733 
86425 171581 87713 
86425 171581 87695 
86425 171558 87677 
86425 171576 87658 
86425 171581 87641 
86425 171576 87625 
86425 171576 87609 
86401 171557 87568 
86413 171569 87565 
86425 171581 87563 
86425 171563 87550 
86418 171581 87535 
86425 171581 87521 
86425 171558 87507 
86425 171581 87494 
86425 171581 87481 
86425 171563 87468 
86425 171581 87455 
86413 171569 87431 
86425 171563 87431 
86413 171569 87409 
86425 171581 87408 
86425 171581 87399 
86425 171581 87390 
86425 171581 87379 
86425 171581 87367 
86425 171576 87358 
86418 171581 87349 
86425 171576 87340 
86413 171569 87318 
86413 171569 87308 
86413 171551 87298 
86413 171569 87290 
86425 171576 87294 
86425 171576 87287 
86425 171581 87276 
86413 171569 87258 
86413 171569 87250 
86425 171581 87253 
86425 171581 87246 
86425 171581 87240 
86425 171576 87233 
86425 171581 87223 
86425 171576 87216 
86425 171563 87209 
86413 171563 87203 
86425 171576 87196 
86425 171581 87189 
86425 171581 87184 
86425 171576 87176 
86413 171569 87159 
86425 171581 87164 
86418 171576 87156 
86418 171581 87151 
86425 171576 87145 
86425 171581 87140 
86425 171581 87135 
86418 171581 87130 
86425 171581 87123 
86425 171576 87118 
86425 171581 87113 
86413 171569 87096 
86425 171576 87103 
86413 171569 87086 
86425 171576 87092 
83648 171581 87066 
83636 171569 87050 
83636 171569 87004 
83648 171581 86949 
83648 171581 86965 
83648 171576 87003 
83636 171569 86966 
83631 171569 86902 
83619 171539 86887 
83643 171581 86888 
83648 171576 86924 
83643 171581 86804 
83648 171581 86820 
83643 171581 86837 
83631 171569 86803 
83643 171581 86793 
83648 171558 86734 
83643 171581 86749 
83631 171569 86736 
83643 171581 86747 
83643 171576 86708 
83643 171576 86725 
83643 171576 86666 
83631 171569 86653 
83636 171563 86593 
83643 171558 86663 
83643 171581 86609 
83643 171581 86574 
83631 171581 86553 
83643 171576 86537 
83643 171576 86536 
83643 171576 86450 
83631 171558 86551 
83643 171581 86534 
83643 171576 86551 
83631 171569 86405 
83631 171569 86454 
83643 171576 86514 
83643 171581 86434 
83643 171563 86466 
83643 171558 86384 
83631 171576 86401 
83643 171581 86384 
83643 171576 86337 
83643 171576 86402 
83643 171563 86354 
83619 171552 86314 
83643 171581 86355 
83643 171581 86372 
83643 171581 86263 
83636 171563 86249 
83643 171581 86312 
83643 171576 86221 
83630 171581 86508 
83643 171576 86253 
83643 171581 86209 
83643 171581 86285 
83643 171581 86227 
83619 171557 86145 
83643 171563 86316 
83643 171581 86361 
83636 171563 86260 
83631 171558 86216 
83643 171581 86133 
83643 171581 86120 
83643 171563 86121 
83643 171576 86194 
83643 171558 86181 
83624 171564 86016 
83619 171557 86145 
83643 171558 86032 
83624 171564 86079 
83619 171539 86082 
83643 171581 85998 
83643 171581 86026 
83619 171539 85965 
83618 171569 86099 
83631 171551 86142 
83643 171563 85942 
83643 171581 85997 
83643 171576 86051 
83643 171576 86197 
83643 171563 86069 
83643 171581 85836 
83643 171576 86085 
83643 171576 85958 
83618 171569 85961 
83643 171581 86064 
83630 171581 85964 
83631 171581 85966 
83619 171551 85993 
83631 171546 86009 
83643 171581 86010 
83643 171576 85950 
83630 171576 86137 
83643 171576 85881 
83643 171581 85882 
83643 171581 86032 
83643 171581 85960 
83630 171581 85914 
83631 171581 86121 
83643 171576 86051 
83643 171576 85968 
83619 171551 85947 
83643 171581 85902 
83630 171576 86092 
83636 171581 85895 
83624 171564 85862 
83630 171581 85946 
83631 171563 86052 
83630 171581 85996 
83619 171569 85928 
83636 171581 86023 
83618 171569 85875 
83631 171576 85957 
83643 171581 86084 
83630 171581 85871 
83630 171576 86086 
83643 171581 86032 
83630 171581 85934 
83643 171576 85869 
83643 171576 85849 
83643 171581 85830 
83643 171581 85866 
83619 171569 85920 
