127314 229547 178431
127297 229530 161376
127284 229535 152855
127291 229542 147753
127284 229535 144337
127296 229524 141911
127284 229512 140076
127296 229542 138669
127296 229524 137529
127296 229547 136604
127284 229517 135815
127291 229547 135175
127291 229547 134613
127291 229547 134124
127284 229535 133689
127279 229535 133308
127279 229535 132976
127279 229517 132676
127296 229547 132421
127291 229547 132176
127284 229529 131955
127291 229547 131751
127291 229542 131567
127291 229524 131397
127291 229529 131239
127296 229524 131095
127296 229529 130961
127291 229547 130833
127279 229530 130706
127279 229530 130597
127279 229517 130491
127291 229547 130408
127291 229547 130315
127291 229547 130230
127291 229529 130150
127291 229529 130071
127296 229542 130000
127291 229547 129931
127291 229542 129864
127291 229529 129802
127291 229529 129741
127291 229547 129688
127291 229542 129633
127291 229529 129581
127291 229547 129531
127279 229535 129473
127291 229529 129437
127291 229529 129394
127279 229542 129353
127291 229529 129312
127291 229547 129274
127291 229542 129237
127291 229542 129202
127291 229547 129168
127291 229547 129135
127291 229524 129102
127291 229547 129070
127284 229529 129039
127291 229547 129012
127291 229542 128985
127291 229542 128959
127291 229547 128930
127291 229547 128905
127291 229529 128879
127291 229524 128858
127291 229542 128836
127279 229512 128799
127291 229547 128790
127291 229547 128770
127291 229547 128749
127291 229542 128730
127291 229547 128710
127291 229547 128691
127291 229547 128672
127279 229547 128654
127291 229542 128636
127279 229530 128608
127291 229524 128601
127291 229547 128587
127291 229547 128571
127291 229542 128555
127279 229535 128529
127279 229517 128514
127291 229547 128511
127291 229542 128497
127291 229547 128483
127291 229547 128470
127291 229542 128459
127291 229542 128446
127291 229547 128432
127291 229547 128421
127291 229547 128408
127291 229547 128396
127291 229547 128385
127291 229547 128374
127291 229547 128363
127291 229542 128352
127279 229535 128329
127291 229529 128330
127291 229547 128320
127291 229547 128311
127291 229547 128302
127291 229542 128292
127279 229542 128281
127291 229547 128274
127291 229547 128265
127291 229547 128255
127279 229535 128235
127291 229547 128239
127291 229547 128230
127291 229542 128222
127267 229523 128189
127279 229530 128194
127279 229535 128186
127279 229535 128178
127291 229542 128183
127291 229529 128175
127291 229529 128168
127291 229542 128159
127291 229547 128154
127291 229542 128147
127291 229542 128140
127291 229542 128133
127291 229547 128125
127284 229524 128119
127291 229547 128114
127291 229547 128108
127291 229547 128102
127291 229542 128094
127279 229530 128076
127291 229547 128083
124502 229535 128021
124514 229542 128050
124502 229517 127970
124502 229517 128027
124514 229529 127952
124502 229517 127976
124514 229529 127963
124514 229529 127979
124514 229529 127954
124514 229529 127949
124509 229547 127964
124502 229535 127851
124514 229547 127841
124509 229524 127836
124514 229547 127814
124509 229542 127867
124509 229547 127770
124514 229547 127748
124497 229530 127788
124509 229542 127724
124509 229547 127722
124509 229547 127663
124509 229542 127662
124497 229535 127701
124509 229547 127692
124497 229529 127707
124497 229535 127587
124509 229547 127651
124497 229529 127665
124509 229542 127595
124509 229524 127575
124509 229542 127487
124509 229547 127572
124509 229524 127552
124509 229524 127535
124509 229547 127450
124502 229542 127467
124497 229530 127519
124497 229535 127404
124509 229542 127415
124490 229535 127337
124509 229542 127493
124509 229524 127413
124509 229524 127428
124509 229547 127349
124497 229517 127368
124509 229542 127364
124509 229542 127301
124509 229547 127362
124502 229542 127301
124509 229524 127377
124497 229524 127316
124497 229535 127425
124509 229547 127241
124485 229512 127109
124509 229529 127241
124502 229547 127271
124509 229547 127243
124490 229530 127318
124497 229529 127141
124509 229542 127214
124502 229529 127172
124497 229517 127261
124509 229529 127288
124509 229547 127174
124509 229547 127090
124509 229542 127104
124509 229542 127177
124490 229542 127232
124497 229542 127162
124497 229535 127056
124497 229529 126987
124485 229518 127006
124509 229542 127030
124509 229547 127113
124509 229547 127100
124509 229542 127195
124509 229542 127062
124497 229535 127090
124484 229517 127211
124502 229542 126948
124509 229547 126963
124485 229505 127135
124490 229535 127108
124509 229547 126864
124497 229535 127059
124509 229547 126920
124496 229547 127061
124509 229547 127011
124496 229542 127188
124509 229524 126889
124485 229518 126915
124496 229529 127052
124509 229547 126758
124509 229547 126859
124502 229547 127069
124497 229542 126862
124509 229542 126950
124509 229547 126879
124502 229542 126820
124509 229542 127038
124496 229529 126991
124497 229535 126945
124497 229535 126852
124509 229542 126936
124502 229547 126856
124509 229547 126847
124496 229529 126813
124497 229547 126942
124497 229535 126909
124509 229547 126934
124502 229547 126947
124497 229512 126937
124509 229547 126848
124484 229535 126984
124497 229547 126953
124497 229530 126786
124496 229542 126888
124497 229535 126645
124496 229547 126848
124502 229547 126838
124485 229518 126926
124496 229542 126918
124502 229529 126789
124502 229524 126693
124509 229542 126740
124497 229542 126709
124496 229542 126829
124509 229547 126917
124497 229535 126895
124496 229547 126930
124509 229542 126614
124509 229547 126817
124502 229529 126588
124496 229547 126653
124509 229529 126760
124509 229542 126772
124496 229542 126764
124502 229547 126602
124496 229547 126655
124502 229529 126750
124509 229529 126629
124509 229542 126724
124496 229547 126887
124496 229547 126808
124485 229523 126605
124509 229547 126742
124509 229547 126774
124509 229547 126666
124485 229518 126773
124502 229547 126769
124496 229547 126624
124484 229535 126732
124484 229530 126499
124497 229529 126631
124496 229529 126652
124497 229512 126633
124496 229529 126637
124497 229547 126641
124509 229542 126623
124502 229547 126588
121702 229530 126597
121709 229529 126469
121714 229542 126595
121709 229547 126569
121709 229542 126627
121709 229547 126545
121709 229547 126390
121709 229547 126550
121709 229542 126488
121709 229547 126417
121696 229547 126622
121709 229542 126478
121709 229542 126572
121697 229542 126584
121709 229529 126450
121697 229535 126468
121709 229547 126608
121690 229535 126482
121697 229530 126269
121696 229547 126365
121709 229547 126332
121709 229542 126433
121709 229547 126348
121709 229524 126385
121709 229542 126397
121709 229547 126322
121685 229535 126399
121709 229547 126327
121697 229547 126305
121696 229529 126411
121709 229542 126371
121709 229542 126391
121696 229524 126317
121709 229529 126217
121709 229547 126306
121709 229542 126071
121709 229547 126294
121709 229547 126078
121709 229547 126183
121709 229547 126236
121709 229547 126214
121709 229547 126235
121709 229542 126130
121709 229542 126108
121697 229535 126092
121685 229523 126075
121709 229542 125963
121709 229547 126171
121709 229535 126223
121709 229542 126088
121696 229524 126189
121696 229542 126095
121709 229547 126156
121685 229512 126082
121709 229547 126114
121709 229547 126141
121696 229524 126104
121709 229547 125941
121697 229535 125893
121696 229524 126162
121709 229547 125921
121709 229524 125948
121697 229535 125979
121696 229542 125933
121709 229529 126030
121709 229547 126041
121709 229547 125913
121709 229547 125893
121696 229529 126020
121696 229547 126092
121696 229547 125805
121709 229547 125917
121697 229535 126000
121696 229547 125810
121697 229535 125779
121684 229535 125942
121709 229547 125898
121684 229535 125776
121690 229535 125765
121697 229530 125762
121709 229547 125830
121709 229529 125745
121709 229547 125600
121709 229542 125701
121709 229529 125816
121696 229542 125724
121696 229529 125706
121702 229547 125820
121709 229542 125722
121709 229547 125829
121696 229529 125825
121697 229535 125592
121684 229530 125719
121696 229547 125641
121709 229547 125567
121709 229547 125757
121709 229542 125618
121696 229547 125665
121709 229547 125734
121696 229547 125730
121684 229535 125673
121685 229535 125656
121696 229524 125657
121684 229535 125670
121696 229524 125785
121696 229529 125600
121696 229542 125786
121696 229547 125602
121702 229547 125619
121702 229547 125520
121697 229530 125491
121709 229547 125763
121709 229524 125471
121709 229547 125653
121709 229529 125651
121697 229530 125527
121709 229547 125393
121696 229524 125493
121709 229547 125464
121709 229547 125563
121684 229535 125562
121696 229547 125477
121697 229530 125684
121709 229547 125506
121696 229542 125510
121709 229529 125355
121696 229542 125519
121709 229529 125549
121696 229547 125553
121709 229547 125499
121697 229512 125457
121709 229542 125422
121696 229542 125531
121696 229547 125345
121696 229547 125493
121709 229547 125491
121696 229524 125437
121709 229542 125473
121696 229529 125483
121709 229547 125475
121709 229547 125325
121684 229535 125362
121696 229547 125418
121702 229547 125357
121696 229542 125419
121696 229542 125335
121696 229547 125333
121696 229547 125458
121696 229547 125380
121702 229547 125416
121697 229542 125244
121709 229542 125393
121709 229542 125397
121709 229547 125370
121696 229542 125517
121702 229547 125111
121709 229547 125377
121696 229542 125362
121696 229542 125243
121709 229547 125315
121709 229542 125277
121702 229542 125281
121709 229547 125304
121697 229517 125308
121696 229547 125294
121697 229547 125213
121697 229547 125193
121697 229535 125265
121696 229547 125347
121709 229547 125141
121709 229547 125320
121709 229547 125319
121709 229547 125179
121684 229512 125183
121709 229547 125218
121697 229535 125026
121709 229529 125232
121709 229547 125231
121696 229524 125330
121709 229542 125222
121697 229542 125403
121696 229524 125260
121709 229547 125195
121697 229542 125146
121696 229547 125255
121696 229542 125196
121696 229542 125136
121673 229511 125139
121696 229529 125075
121685 229530 124952
121696 229547 125148
121696 229547 125032
121697 229547 125116
121690 229547 125126
121702 229547 125046
121697 229535 125004
121709 229547 125106
121685 229523 125115
121696 229547 125132
121696 229547 124961
121672 229523 125105
121672 229505 125059
121696 229529 125104
121709 229547 125030
121684 229535 124989
121709 229529 125178
121697 229517 125032
121696 229547 125132
121709 229547 124991
121696 229547 125079
121696 229547 124989
121685 229535 124960
121696 229529 124861
121684 229535 124975
121684 229517 124907
121696 229524 125078
121685 229535 125125
121697 229547 124917
121696 229542 125097
121697 229547 124992
